loss	
 4.6163e+00	
 4.6186e+00	
 4.6128e+00	
 4.6163e+00	
 4.6145e+00	
 4.6133e+00	
 4.6152e+00	
 4.6156e+00	
 4.6140e+00	
 4.6169e+00	
 4.6151e+00	
 4.6151e+00	
 4.6165e+00	
 4.6147e+00	
 4.6146e+00	
 4.6178e+00	
 4.6141e+00	
 4.6154e+00	
 4.6170e+00	
 4.6154e+00	
 4.6141e+00	
 4.6145e+00	
 4.6148e+00	
 4.6160e+00	
 4.6145e+00	
 4.6134e+00	
 4.6154e+00	
 4.6138e+00	
 4.6153e+00	
 4.6176e+00	
 4.6137e+00	
 4.6138e+00	
 4.6158e+00	
 4.6163e+00	
 4.6146e+00	
 4.6172e+00	
 4.6163e+00	
 4.6150e+00	
 4.6127e+00	
 4.6140e+00	
 4.6151e+00	
 4.6136e+00	
 4.6149e+00	
 4.6177e+00	
 4.6142e+00	
 4.6124e+00	
 4.6162e+00	
 4.6165e+00	
 4.6167e+00	
 4.6118e+00	
 4.6158e+00	
 4.6138e+00	
 4.6164e+00	
 4.6154e+00	
 4.6137e+00	
 4.6183e+00	
 4.6144e+00	
 4.6144e+00	
 4.6158e+00	
 4.6147e+00	
 4.6122e+00	
 4.6162e+00	
 4.6124e+00	
 4.6141e+00	
 4.6167e+00	
 4.6161e+00	
 4.6146e+00	
 4.6123e+00	
 4.6146e+00	
 4.6161e+00	
 4.6138e+00	
 4.6145e+00	
 4.6136e+00	
 4.6167e+00	
 4.6138e+00	
 4.6164e+00	
 4.6151e+00	
 4.6158e+00	
 4.6148e+00	
 4.6153e+00	
 4.6158e+00	
 4.6148e+00	
 4.6180e+00	
 4.6143e+00	
 4.6156e+00	
 4.6180e+00	
 4.6143e+00	
 4.6165e+00	
 4.6142e+00	
 4.6131e+00	
 4.6142e+00	
 4.6163e+00	
 4.6171e+00	
 4.6189e+00	
 4.6143e+00	
 4.6143e+00	
 4.6142e+00	
 4.6156e+00	
 4.6150e+00	
 4.6169e+00	
 4.6151e+00	
 4.6162e+00	
 4.6116e+00	
 4.6161e+00	
 4.6170e+00	
 4.6138e+00	
 4.6188e+00	
 4.6136e+00	
 4.6154e+00	
 4.6134e+00	
 4.6160e+00	
 4.6159e+00	
 4.6133e+00	
 4.6130e+00	
 4.6153e+00	
 4.6142e+00	
 4.6139e+00	
 4.6149e+00	
 4.6145e+00	
 4.6148e+00	
 4.6194e+00	
 4.6150e+00	
 4.6157e+00	
 4.6167e+00	
 4.6165e+00	
 4.6124e+00	
 4.6152e+00	
 4.6192e+00	
 4.6155e+00	
 4.6156e+00	
 4.6175e+00	
 4.6183e+00	
 4.6161e+00	
 4.6119e+00	
 4.6141e+00	
 4.6141e+00	
 4.6139e+00	
 4.6140e+00	
 4.6155e+00	
 4.6147e+00	
 4.6168e+00	
 4.6128e+00	
 4.6175e+00	
 4.6164e+00	
 4.6133e+00	
 4.6108e+00	
 4.6161e+00	
 4.6124e+00	
 4.6181e+00	
 4.6144e+00	
 4.6140e+00	
 4.6178e+00	
 4.6150e+00	
 4.6156e+00	
 4.6110e+00	
 4.6114e+00	
 4.6197e+00	
 4.6148e+00	
 4.6153e+00	
 4.6159e+00	
 4.6158e+00	
 4.6150e+00	
 4.6139e+00	
 4.6158e+00	
 4.6174e+00	
 4.6128e+00	
 4.6149e+00	
 4.6149e+00	
 4.6163e+00	
 4.6173e+00	
 4.6122e+00	
 4.6151e+00	
 4.6168e+00	
 4.6165e+00	
 4.6155e+00	
 4.6125e+00	
 4.6145e+00	
 4.6192e+00	
 4.6137e+00	
 4.6145e+00	
 4.6170e+00	
 4.6173e+00	
 4.6169e+00	
 4.6102e+00	
 4.6155e+00	
 4.6173e+00	
 4.6159e+00	
 4.6131e+00	
 4.6107e+00	
 4.6150e+00	
 4.6134e+00	
 4.6158e+00	
 4.6145e+00	
 4.6175e+00	
 4.6152e+00	
 4.6147e+00	
 4.6097e+00	
 4.6181e+00	
 4.6176e+00	
 4.6159e+00	
 4.6152e+00	
 4.6160e+00	
 4.6161e+00	
 4.6139e+00	
 4.6128e+00	
 4.6193e+00	
 4.6150e+00	
 4.6153e+00	
 4.6158e+00	
 4.6151e+00	
 4.6133e+00	
 4.6142e+00	
 4.6154e+00	
 4.6141e+00	
 4.6174e+00	
 4.6169e+00	
 4.6143e+00	
 4.6147e+00	
 4.6165e+00	
 4.6154e+00	
 4.6136e+00	
 4.6150e+00	
 4.6130e+00	
 4.6154e+00	
 4.6173e+00	
 4.6122e+00	
 4.6202e+00	
 4.6150e+00	
 4.6181e+00	
 4.6135e+00	
 4.6131e+00	
 4.6124e+00	
 4.6170e+00	
 4.6175e+00	
 4.6179e+00	
 4.6125e+00	
 4.6166e+00	
 4.6135e+00	
 4.6120e+00	
 4.6154e+00	
 4.6169e+00	
 4.6147e+00	
 4.6169e+00	
 4.6174e+00	
 4.6166e+00	
 4.6149e+00	
 4.6144e+00	
 4.6130e+00	
 4.6176e+00	
 4.6139e+00	
 4.6138e+00	
 4.6159e+00	
 4.6150e+00	
 4.6147e+00	
 4.6153e+00	
 4.6151e+00	
 4.6191e+00	
 4.6157e+00	
 4.6124e+00	
 4.6143e+00	
 4.6133e+00	
 4.6166e+00	
 4.6139e+00	
 4.6178e+00	
 4.6155e+00	
 4.6141e+00	
 4.6140e+00	
 4.6164e+00	
 4.6137e+00	
 4.6177e+00	
 4.6152e+00	
 4.6137e+00	
 4.6172e+00	
 4.6140e+00	
 4.6148e+00	
 4.6125e+00	
 4.6154e+00	
 4.6181e+00	
 4.6165e+00	
 4.6146e+00	
 4.6156e+00	
 4.6199e+00	
 4.6150e+00	
 4.6156e+00	
 4.6131e+00	
 4.6149e+00	
 4.6156e+00	
 4.6172e+00	
 4.6120e+00	
 4.6172e+00	
 4.6130e+00	
 4.6137e+00	
 4.6180e+00	
 4.6142e+00	
 4.6162e+00	
 4.6151e+00	
 4.6135e+00	
 4.6140e+00	
 4.6125e+00	
 4.6181e+00	
 4.6127e+00	
 4.6156e+00	
 4.6149e+00	
 4.6182e+00	
 4.6128e+00	
 4.6130e+00	
 4.6139e+00	
 4.6135e+00	
 4.6188e+00	
 4.6135e+00	
 4.6148e+00	
 4.6169e+00	
 4.6066e+00	
 4.6113e+00	
 4.6162e+00	
 4.6177e+00	
 4.6153e+00	
 4.6146e+00	
 4.6158e+00	
 4.6152e+00	
 4.6141e+00	
 4.6195e+00	
 4.6085e+00	
 4.6175e+00	
 4.6111e+00	
 4.6176e+00	
 4.6168e+00	
 4.6128e+00	
 4.6191e+00	
 4.6135e+00	
 4.6148e+00	
 4.6161e+00	
 4.6104e+00	
 4.6168e+00	
 4.6126e+00	
 4.6112e+00	
 4.6146e+00	
 4.6137e+00	
 4.6159e+00	
 4.6122e+00	
 4.6138e+00	
 4.6155e+00	
 4.6173e+00	
 4.6176e+00	
 4.6179e+00	
 4.6144e+00	
 4.6163e+00	
 4.6148e+00	
 4.6122e+00	
 4.6161e+00	
 4.6172e+00	
 4.6168e+00	
 4.6173e+00	
 4.6185e+00	
 4.6098e+00	
 4.6200e+00	
 4.6154e+00	
 4.6139e+00	
 4.6185e+00	
 4.6181e+00	
 4.6151e+00	
 4.6124e+00	
 4.6124e+00	
 4.6158e+00	
 4.6147e+00	
 4.6132e+00	
 4.6158e+00	
 4.6132e+00	
 4.6186e+00	
 4.6158e+00	
 4.6180e+00	
 4.6178e+00	
 4.6127e+00	
 4.6125e+00	
 4.6156e+00	
 4.6177e+00	
 4.6201e+00	
 4.6141e+00	
 4.6205e+00	
 4.6155e+00	
 4.6146e+00	
 4.6196e+00	
 4.6133e+00	
 4.6150e+00	
 4.6151e+00	
 4.6123e+00	
 4.6146e+00	
 4.6160e+00	
 4.6149e+00	
 4.6164e+00	
 4.6157e+00	
 4.6140e+00	
 4.6146e+00	
 4.6179e+00	
 4.6168e+00	
 4.6147e+00	
 4.6192e+00	
 4.6130e+00	
 4.6140e+00	
 4.6121e+00	
 4.6174e+00	
 4.6150e+00	
 4.6121e+00	
 4.6160e+00	
 4.6163e+00	
 4.6111e+00	
 4.6122e+00	
 4.6140e+00	
 4.6120e+00	
 4.6159e+00	
 4.6122e+00	
 4.6122e+00	
 4.6166e+00	
 4.6131e+00	
 4.6131e+00	
 4.6146e+00	
 4.6129e+00	
 4.6127e+00	
 4.6189e+00	
 4.6098e+00	
 4.6162e+00	
 4.6140e+00	
 4.6137e+00	
 4.6138e+00	
 4.6178e+00	
 4.6155e+00	
 4.6140e+00	
 4.6154e+00	
 4.6148e+00	
 4.6172e+00	
 4.6178e+00	
 4.6143e+00	
 4.6169e+00	
 4.6135e+00	
 4.6186e+00	
 4.6170e+00	
 4.6142e+00	
 4.6193e+00	
 4.6163e+00	
 4.6110e+00	
 4.6139e+00	
 4.6146e+00	
 4.6136e+00	
 4.6111e+00	
 4.6138e+00	
 4.6116e+00	
 4.6180e+00	
 4.6179e+00	
 4.6164e+00	
 4.6176e+00	
 4.6150e+00	
 4.6146e+00	
 4.6103e+00	
 4.6141e+00	
 4.6120e+00	
 4.6162e+00	
 4.6206e+00	
 4.6164e+00	
 4.6163e+00	
 4.6171e+00	
 4.6145e+00	
 4.6154e+00	
 4.6161e+00	
 4.6131e+00	
 4.6175e+00	
 4.6168e+00	
 4.6132e+00	
 4.6149e+00	
 4.6183e+00	
 4.6154e+00	
 4.6101e+00	
 4.6162e+00	
 4.6143e+00	
 4.6158e+00	
 4.6148e+00	
 4.6156e+00	
 4.6161e+00	
 4.6163e+00	
 4.6152e+00	
 4.6143e+00	
 4.6183e+00	
 4.6155e+00	
 4.6183e+00	
 4.6169e+00	
 4.6104e+00	
 4.6162e+00	
 4.6160e+00	
 4.6193e+00	
 4.6222e+00	
 4.6187e+00	
 4.6143e+00	
 4.6155e+00	
 4.6106e+00	
 4.6137e+00	
 4.6180e+00	
 4.6168e+00	
 4.6125e+00	
 4.6136e+00	
 4.6164e+00	
 4.6128e+00	
 4.6156e+00	
 4.6126e+00	
 4.6164e+00	
 4.6219e+00	
 4.6159e+00	
 4.6170e+00	
 4.6132e+00	
 4.6172e+00	
 4.6127e+00	
 4.6096e+00	
 4.6158e+00	
 4.6128e+00	
 4.6135e+00	
 4.6178e+00	
 4.6154e+00	
 4.6156e+00	
 4.6180e+00	
 4.6172e+00	
 4.6128e+00	
 4.6118e+00	
 4.6140e+00	
 4.6124e+00	
 4.6156e+00	
 4.6134e+00	
 4.6188e+00	
 4.6153e+00	
 4.6167e+00	
 4.6152e+00	
 4.6145e+00	
 4.6160e+00	
 4.6176e+00	
 4.6161e+00	
 4.6137e+00	
 4.6160e+00	
 4.6161e+00	
 4.6161e+00	
 4.6168e+00	
 4.6181e+00	
 4.6144e+00	
 4.6203e+00	
 4.6159e+00	
 4.6186e+00	
 4.6155e+00	
 4.6119e+00	
 4.6176e+00	
 4.6175e+00	
 4.6157e+00	
 4.6159e+00	
 4.6116e+00	
 4.6176e+00	
 4.6143e+00	
 4.6209e+00	
 4.6127e+00	
 4.6182e+00	
 4.6189e+00	
 4.6168e+00	
 4.6147e+00	
 4.6158e+00	
 4.6117e+00	
 4.6137e+00	
 4.6086e+00	
 4.6148e+00	
 4.6141e+00	
 4.6158e+00	
 4.6175e+00	
 4.6159e+00	
 4.6163e+00	
 4.6125e+00	
 4.6176e+00	
 4.6132e+00	
 4.6131e+00	
 4.6136e+00	
 4.6130e+00	
 4.6144e+00	
 4.6140e+00	
 4.6120e+00	
 4.6147e+00	
 4.6162e+00	
 4.6131e+00	
 4.6129e+00	
 4.6148e+00	
 4.6176e+00	
 4.6192e+00	
 4.6145e+00	
 4.6099e+00	
 4.6141e+00	
 4.6139e+00	
 4.6179e+00	
 4.6125e+00	
 4.6153e+00	
 4.6151e+00	
 4.6156e+00	
 4.6129e+00	
 4.6127e+00	
 4.6162e+00	
 4.6122e+00	
 4.6140e+00	
 4.6178e+00	
 4.6173e+00	
 4.6217e+00	
 4.6110e+00	
 4.6144e+00	
 4.6191e+00	
 4.6124e+00	
 4.6148e+00	
 4.6132e+00	
 4.6182e+00	
 4.6167e+00	
 4.6131e+00	
 4.6149e+00	
 4.6178e+00	
 4.6148e+00	
 4.6109e+00	
 4.6175e+00	
 4.6154e+00	
 4.6128e+00	
 4.6189e+00	
 4.6124e+00	
 4.6149e+00	
 4.6158e+00	
 4.6146e+00	
 4.6143e+00	
 4.6128e+00	
 4.6165e+00	
 4.6146e+00	
 4.6149e+00	
 4.6183e+00	
 4.6117e+00	
 4.6124e+00	
 4.6149e+00	
 4.6159e+00	
 4.6121e+00	
 4.6143e+00	
 4.6180e+00	
 4.6115e+00	
 4.6116e+00	
 4.6176e+00	
 4.6137e+00	
 4.6139e+00	
 4.6130e+00	
 4.6188e+00	
 4.6159e+00	
 4.6168e+00	
 4.6143e+00	
 4.6162e+00	
 4.6167e+00	
 4.6163e+00	
 4.6147e+00	
 4.6113e+00	
 4.6162e+00	
 4.6149e+00	
 4.6177e+00	
 4.6181e+00	
 4.6176e+00	
 4.6151e+00	
 4.6153e+00	
 4.6139e+00	
 4.6135e+00	
 4.6094e+00	
 4.6136e+00	
 4.6173e+00	
 4.6194e+00	
 4.6130e+00	
 4.6174e+00	
 4.6104e+00	
 4.6129e+00	
 4.6201e+00	
 4.6137e+00	
 4.6203e+00	
 4.6140e+00	
 4.6131e+00	
 4.6149e+00	
 4.6125e+00	
 4.6136e+00	
 4.6170e+00	
 4.6164e+00	
 4.6128e+00	
 4.6176e+00	
 4.6147e+00	
 4.6170e+00	
 4.6173e+00	
 4.6160e+00	
 4.6154e+00	
 4.6110e+00	
 4.6144e+00	
 4.6126e+00	
 4.6165e+00	
 4.6156e+00	
 4.6177e+00	
 4.6173e+00	
 4.6174e+00	
 4.6164e+00	
 4.6133e+00	
 4.6149e+00	
 4.6168e+00	
 4.6146e+00	
 4.6146e+00	
 4.6140e+00	
 4.6133e+00	
 4.6178e+00	
 4.6147e+00	
 4.6128e+00	
 4.6138e+00	
 4.6121e+00	
 4.6167e+00	
 4.6126e+00	
 4.6094e+00	
 4.6200e+00	
 4.6116e+00	
 4.6129e+00	
 4.6154e+00	
 4.6181e+00	
 4.6108e+00	
 4.6151e+00	
 4.6173e+00	
 4.6214e+00	
 4.6122e+00	
 4.6115e+00	
 4.6118e+00	
 4.6109e+00	
 4.6111e+00	
 4.6135e+00	
 4.6180e+00	
 4.6146e+00	
 4.6126e+00	
 4.6217e+00	
 4.6149e+00	
 4.6179e+00	
 4.6150e+00	
 4.6138e+00	
 4.6141e+00	
 4.6166e+00	
 4.6109e+00	
 4.6210e+00	
 4.6141e+00	
 4.6164e+00	
 4.6135e+00	
 4.6154e+00	
 4.6169e+00	
 4.6160e+00	
 4.6180e+00	
 4.6133e+00	
 4.6147e+00	
 4.6133e+00	
 4.6188e+00	
 4.6116e+00	
 4.6229e+00	
 4.6232e+00	
 4.6146e+00	
 4.6143e+00	
 4.6157e+00	
 4.6123e+00	
 4.6199e+00	
 4.6144e+00	
 4.6136e+00	
 4.6142e+00	
 4.6150e+00	
 4.6150e+00	
 4.6150e+00	
 4.6156e+00	
 4.6168e+00	
 4.6175e+00	
 4.6181e+00	
 4.6123e+00	
 4.6116e+00	
 4.6122e+00	
 4.6107e+00	
 4.6176e+00	
 4.6193e+00	
 4.6117e+00	
 4.6177e+00	
 4.6146e+00	
 4.6173e+00	
 4.6168e+00	
 4.6182e+00	
 4.6143e+00	
 4.6119e+00	
 4.6163e+00	
 4.6194e+00	
 4.6083e+00	
 4.6167e+00	
 4.6145e+00	
 4.6212e+00	
 4.6117e+00	
 4.6150e+00	
 4.6164e+00	
 4.6100e+00	
 4.6168e+00	
 4.6185e+00	
 4.6169e+00	
 4.6161e+00	
 4.6175e+00	
 4.6166e+00	
 4.6133e+00	
 4.6159e+00	
 4.6172e+00	
 4.6134e+00	
 4.6133e+00	
 4.6148e+00	
 4.6177e+00	
 4.6132e+00	
 4.6146e+00	
 4.6172e+00	
 4.6111e+00	
 4.6154e+00	
 4.6145e+00	
 4.6117e+00	
 4.6140e+00	
 4.6155e+00	
 4.6166e+00	
 4.6165e+00	
 4.6155e+00	
 4.6177e+00	
 4.6159e+00	
 4.6092e+00	
 4.6112e+00	
 4.6148e+00	
 4.6138e+00	
 4.6177e+00	
 4.6167e+00	
 4.6128e+00	
 4.6187e+00	
 4.6163e+00	
 4.6209e+00	
 4.6145e+00	
 4.6148e+00	
 4.6136e+00	
 4.6118e+00	
 4.6180e+00	
 4.6167e+00	
 4.6141e+00	
 4.6156e+00	
 4.6136e+00	
 4.6113e+00	
 4.6141e+00	
 4.6099e+00	
 4.6155e+00	
 4.6218e+00	
 4.6105e+00	
 4.6168e+00	
 4.6119e+00	
 4.6197e+00	
 4.6110e+00	
 4.6142e+00	
 4.6143e+00	
 4.6160e+00	
 4.6180e+00	
 4.6121e+00	
 4.6169e+00	
 4.6167e+00	
 4.6132e+00	
 4.6178e+00	
 4.6133e+00	
 4.6177e+00	
 4.6172e+00	
 4.6141e+00	
 4.6160e+00	
 4.6130e+00	
 4.6164e+00	
 4.6202e+00	
 4.6166e+00	
 4.6162e+00	
 4.6130e+00	
 4.6172e+00	
 4.6115e+00	
 4.6197e+00	
 4.6206e+00	
 4.6188e+00	
 4.6146e+00	
 4.6179e+00	
 4.6173e+00	
 4.6188e+00	
 4.6184e+00	
 4.6145e+00	
 4.6175e+00	
 4.6172e+00	
 4.6165e+00	
 4.6124e+00	
 4.6169e+00	
 4.6152e+00	
 4.6166e+00	
 4.6167e+00	
 4.6184e+00	
 4.6157e+00	
 4.6175e+00	
 4.6183e+00	
 4.6154e+00	
 4.6224e+00	
 4.6167e+00	
 4.6171e+00	
 4.6136e+00	
 4.6185e+00	
 4.6127e+00	
 4.6119e+00	
 4.6214e+00	
 4.6138e+00	
 4.6149e+00	
 4.6133e+00	
 4.6147e+00	
 4.6096e+00	
 4.6164e+00	
 4.6153e+00	
 4.6164e+00	
 4.6144e+00	
 4.6167e+00	
 4.6133e+00	
 4.6181e+00	
 4.6200e+00	
 4.6153e+00	
 4.6169e+00	
 4.6129e+00	
 4.6185e+00	
 4.6192e+00	
 4.6142e+00	
 4.6197e+00	
 4.6139e+00	
 4.6113e+00	
 4.6151e+00	
 4.6141e+00	
 4.6120e+00	
 4.6128e+00	
 4.6125e+00	
 4.6173e+00	
 4.6153e+00	
 4.6187e+00	
 4.6155e+00	
 4.6138e+00	
 4.6173e+00	
 4.6158e+00	
 4.6204e+00	
 4.6141e+00	
 4.6144e+00	
 4.6123e+00	
 4.6175e+00	
 4.6144e+00	
 4.6179e+00	
 4.6190e+00	
 4.6105e+00	
 4.6116e+00	
 4.6141e+00	
 4.6193e+00	
 4.6174e+00	
 4.6187e+00	
 4.6142e+00	
 4.6125e+00	
 4.6129e+00	
 4.6159e+00	
 4.6187e+00	
 4.6166e+00	
 4.6156e+00	
 4.6189e+00	
 4.6138e+00	
 4.6158e+00	
 4.6128e+00	
 4.6115e+00	
 4.6144e+00	
 4.6179e+00	
 4.6175e+00	
 4.6144e+00	
 4.6125e+00	
 4.6141e+00	
 4.6154e+00	
 4.6179e+00	
 4.6136e+00	
 4.6169e+00	
 4.6092e+00	
 4.6161e+00	
 4.6163e+00	
 4.6106e+00	
 4.6135e+00	
 4.6171e+00	
 4.6162e+00	
 4.6154e+00	
 4.6169e+00	
 4.6106e+00	
 4.6110e+00	
 4.6148e+00	
 4.6179e+00	
 4.6158e+00	
 4.6140e+00	
 4.6139e+00	
 4.6169e+00	
 4.6080e+00	
 4.6131e+00	
 4.6139e+00	
 4.6176e+00	
 4.6166e+00	
 4.6129e+00	
 4.6159e+00	
 4.6177e+00	
 4.6129e+00	
 4.6168e+00	
 4.6093e+00	
 4.6143e+00	
 4.6150e+00	
 4.6160e+00	
 4.6151e+00	
 4.6171e+00	
 4.6176e+00	
 4.6166e+00	
 4.6122e+00	
 4.6124e+00	
 4.6132e+00	
 4.6133e+00	
 4.6187e+00	
 4.6105e+00	
 4.6136e+00	
 4.6144e+00	
 4.6187e+00	
 4.6138e+00	
 4.6178e+00	
 4.6133e+00	
 4.6138e+00	
 4.6147e+00	
 4.6151e+00	
 4.6133e+00	
 4.6136e+00	
 4.6113e+00	
 4.6166e+00	
 4.6157e+00	
 4.6153e+00	
 4.6172e+00	
 4.6117e+00	
 4.6179e+00	
 4.6136e+00	
 4.6210e+00	
 4.6169e+00	
 4.6145e+00	
 4.6176e+00	
 4.6222e+00	
 4.6159e+00	
 4.6205e+00	
 4.6128e+00	
 4.6140e+00	
 4.6158e+00	
 4.6138e+00	
 4.6108e+00	
 4.6156e+00	
 4.6154e+00	
 4.6211e+00	
 4.6148e+00	
 4.6149e+00	
 4.6145e+00	
 4.6174e+00	
 4.6179e+00	
 4.6164e+00	
 4.6150e+00	
 4.6144e+00	
 4.6122e+00	
 4.6125e+00	
 4.6164e+00	
 4.6155e+00	
 4.6098e+00	
 4.6198e+00	
 4.6147e+00	
 4.6166e+00	
 4.6112e+00	
 4.6126e+00	
 4.6142e+00	
 4.6168e+00	
 4.6148e+00	
 4.6143e+00	
 4.6141e+00	
 4.6139e+00	
 4.6150e+00	
 4.6134e+00	
 4.6156e+00	
 4.6125e+00	
 4.6150e+00	
 4.6166e+00	
 4.6139e+00	
 4.6116e+00	
 4.6124e+00	
 4.6209e+00	
 4.6180e+00	
 4.6138e+00	
 4.6138e+00	
 4.6199e+00	
 4.6171e+00	
 4.6175e+00	
 4.6169e+00	
 4.6124e+00	
 4.6156e+00	
 4.6162e+00	
 4.6191e+00	
 4.6140e+00	
 4.6158e+00	
 4.6153e+00	
 4.6198e+00	
 4.6185e+00	
 4.6135e+00	
 4.6169e+00	
 4.6128e+00	
 4.6197e+00	
 4.6121e+00	
 4.6176e+00	
 4.6155e+00	
 4.6167e+00	
 4.6177e+00	
 4.6164e+00	
 4.6154e+00	
 4.6121e+00	
 4.6185e+00	
 4.6139e+00	
 4.6111e+00	
 4.6147e+00	
 4.6123e+00	
 4.6190e+00	
 4.6131e+00	
 4.6121e+00	
 4.6147e+00	
 4.6145e+00	
 4.6151e+00	
 4.6135e+00	
 4.6143e+00	
 4.6155e+00	
 4.6099e+00	
 4.6133e+00	
 4.6117e+00	
 4.6116e+00	
 4.6180e+00	
 4.6131e+00	
 4.6145e+00	
 4.6147e+00	
 4.6129e+00	
 4.6159e+00	
 4.6148e+00	
 4.6082e+00	
 4.6159e+00	
 4.6170e+00	
 4.6150e+00	
 4.6136e+00	
 4.6155e+00	
 4.6197e+00	
 4.6140e+00	
 4.6156e+00	
 4.6184e+00	
 4.6154e+00	
 4.6120e+00	
 4.6164e+00	
 4.6103e+00	
 4.6153e+00	
 4.6139e+00	
 4.6128e+00	
 4.6159e+00	
 4.6161e+00	
 4.6186e+00	
 4.6178e+00	
 4.6133e+00	
 4.6185e+00	
 4.6191e+00	
 4.6179e+00	
 4.6140e+00	
 4.6161e+00	
 4.6151e+00	
 4.6123e+00	
 4.6126e+00	
 4.6138e+00	
 4.6230e+00	
 4.6173e+00	
 4.6135e+00	
 4.6106e+00	
 4.6146e+00	
 4.6156e+00	
 4.6170e+00	
 4.6155e+00	
 4.6119e+00	
 4.6143e+00	
 4.6124e+00	
 4.6168e+00	
 4.6179e+00	
 4.6149e+00	
 4.6145e+00	
 4.6166e+00	
 4.6198e+00	
 4.6138e+00	
 4.6157e+00	
 4.6128e+00	
 4.6158e+00	
 4.6167e+00	
 4.6154e+00	
 4.6174e+00	
 4.6111e+00	
 4.6141e+00	
 4.6153e+00	
 4.6122e+00	
 4.6150e+00	
 4.6151e+00	
 4.6166e+00	
 4.6175e+00	
 4.6148e+00	
 4.6146e+00	
 4.6168e+00	
 4.6135e+00	
 4.6148e+00	
 4.6137e+00	
 4.6189e+00	
 4.6174e+00	
 4.6161e+00	
 4.6183e+00	
 4.6164e+00	
 4.6127e+00	
 4.6207e+00	
 4.6195e+00	
 4.6127e+00	
 4.6262e+00	
 4.6176e+00	
 4.6166e+00	
 4.6123e+00	
 4.6143e+00	
 4.6169e+00	
 4.6135e+00	
 4.6168e+00	
 4.6156e+00	
 4.6122e+00	
 4.6122e+00	
 4.6111e+00	
 4.6186e+00	
 4.6175e+00	
 4.6105e+00	
 4.6156e+00	
 4.6120e+00	
 4.6147e+00	
 4.6154e+00	
 4.6220e+00	
 4.6146e+00	
 4.6141e+00	
 4.6157e+00	
 4.6151e+00	
 4.6101e+00	
 4.6111e+00	
 4.6150e+00	
 4.6096e+00	
 4.6127e+00	
 4.6129e+00	
 4.6172e+00	
 4.6140e+00	
 4.6154e+00	
 4.6104e+00	
 4.6116e+00	
 4.6150e+00	
 4.6183e+00	
 4.6126e+00	
 4.6182e+00	
 4.6159e+00	
 4.6110e+00	
 4.6154e+00	
 4.6121e+00	
 4.6144e+00	
 4.6092e+00	
 4.6141e+00	
 4.6145e+00	
 4.6135e+00	
 4.6134e+00	
 4.6166e+00	
 4.6139e+00	
 4.6128e+00	
 4.6131e+00	
 4.6133e+00	
 4.6154e+00	
 4.6141e+00	
 4.6177e+00	
 4.6120e+00	
 4.6180e+00	
 4.6133e+00	
 4.6148e+00	
 4.6185e+00	
 4.6207e+00	
 4.6117e+00	
 4.6130e+00	
 4.6133e+00	
 4.6158e+00	
 4.6192e+00	
 4.6131e+00	
 4.6092e+00	
 4.6084e+00	
 4.6135e+00	
 4.6210e+00	
 4.6157e+00	
 4.6156e+00	
 4.6120e+00	
 4.6148e+00	
 4.6167e+00	
 4.6163e+00	
 4.6085e+00	
 4.6145e+00	
 4.6150e+00	
 4.6132e+00	
 4.6111e+00	
 4.6153e+00	
 4.6141e+00	
 4.6151e+00	
 4.6166e+00	
 4.6147e+00	
 4.6137e+00	
 4.6170e+00	
 4.6123e+00	
 4.6157e+00	
 4.6128e+00	
 4.6148e+00	
 4.6162e+00	
 4.6094e+00	
 4.6144e+00	
 4.6219e+00	
 4.6160e+00	
 4.6155e+00	
 4.6166e+00	
 4.6153e+00	
 4.6165e+00	
 4.6141e+00	
 4.6219e+00	
 4.6135e+00	
 4.6094e+00	
 4.6135e+00	
 4.6171e+00	
 4.6159e+00	
 4.6154e+00	
 4.6167e+00	
 4.6162e+00	
 4.6147e+00	
 4.6114e+00	
 4.6149e+00	
 4.6124e+00	
 4.6190e+00	
 4.6141e+00	
 4.6131e+00	
 4.6173e+00	
 4.6127e+00	
 4.6173e+00	
 4.6175e+00	
 4.6185e+00	
 4.6164e+00	
 4.6200e+00	
 4.6138e+00	
 4.6121e+00	
 4.6149e+00	
 4.6099e+00	
 4.6176e+00	
 4.6162e+00	
 4.6106e+00	
 4.6098e+00	
 4.6115e+00	
 4.6147e+00	
 4.6178e+00	
 4.6049e+00	
 4.6128e+00	
 4.6126e+00	
 4.6102e+00	
 4.6121e+00	
 4.6202e+00	
 4.6150e+00	
 4.6123e+00	
 4.6143e+00	
 4.6148e+00	
 4.6123e+00	
 4.6160e+00	
 4.6101e+00	
 4.6127e+00	
 4.6127e+00	
 4.6179e+00	
 4.6164e+00	
 4.6156e+00	
 4.6183e+00	
 4.6124e+00	
 4.6104e+00	
 4.6135e+00	
 4.6185e+00	
 4.6205e+00	
 4.6220e+00	
 4.6158e+00	
 4.6165e+00	
 4.6129e+00	
 4.6119e+00	
 4.6209e+00	
 4.6142e+00	
 4.6148e+00	
 4.6094e+00	
 4.6164e+00	
 4.6125e+00	
 4.6144e+00	
 4.6149e+00	
 4.6105e+00	
 4.6151e+00	
 4.6180e+00	
 4.6175e+00	
 4.6107e+00	
 4.6170e+00	
 4.6123e+00	
 4.6196e+00	
 4.6158e+00	
 4.6181e+00	
 4.6219e+00	
 4.6160e+00	
 4.6159e+00	
 4.6095e+00	
 4.6149e+00	
 4.6107e+00	
 4.6181e+00	
 4.6089e+00	
 4.6165e+00	
 4.6173e+00	
 4.6239e+00	
 4.6154e+00	
 4.6148e+00	
 4.6116e+00	
 4.6153e+00	
 4.6149e+00	
 4.6126e+00	
 4.6164e+00	
 4.6143e+00	
 4.6159e+00	
 4.6106e+00	
 4.6142e+00	
 4.6132e+00	
 4.6122e+00	
 4.6142e+00	
 4.6129e+00	
 4.6160e+00	
 4.6094e+00	
 4.6188e+00	
 4.6122e+00	
 4.6204e+00	
 4.6171e+00	
 4.6146e+00	
 4.6114e+00	
 4.6183e+00	
 4.6085e+00	
 4.6138e+00	
 4.6167e+00	
 4.6160e+00	
 4.6127e+00	
 4.6134e+00	
 4.6160e+00	
 4.6110e+00	
 4.6137e+00	
 4.6116e+00	
 4.6146e+00	
 4.6146e+00	
 4.6126e+00	
 4.6129e+00	
 4.6192e+00	
 4.6136e+00	
 4.6169e+00	
 4.6097e+00	
 4.6190e+00	
 4.6161e+00	
 4.6130e+00	
 4.6192e+00	
 4.6200e+00	
 4.6204e+00	
 4.6194e+00	
 4.6188e+00	
 4.6130e+00	
 4.6174e+00	
 4.6112e+00	
 4.6143e+00	
 4.6181e+00	
 4.6150e+00	
 4.6081e+00	
 4.6150e+00	
 4.6135e+00	
 4.6155e+00	
 4.6117e+00	
 4.6147e+00	
 4.6177e+00	
 4.6227e+00	
 4.6140e+00	
 4.6144e+00	
 4.6165e+00	
 4.6171e+00	
 4.6139e+00	
 4.6156e+00	
 4.6161e+00	
 4.6104e+00	
 4.6145e+00	
 4.6142e+00	
 4.6179e+00	
 4.6160e+00	
 4.6101e+00	
 4.6199e+00	
 4.6173e+00	
 4.6134e+00	
 4.6115e+00	
 4.6158e+00	
 4.6081e+00	
 4.6138e+00	
 4.6198e+00	
 4.6130e+00	
 4.6211e+00	
 4.6110e+00	
 4.6096e+00	
 4.6163e+00	
 4.6134e+00	
 4.6168e+00	
 4.6149e+00	
 4.6121e+00	
 4.6095e+00	
 4.6171e+00	
 4.6144e+00	
 4.6194e+00	
 4.6208e+00	
 4.6185e+00	
 4.6161e+00	
 4.6091e+00	
 4.6113e+00	
 4.6202e+00	
 4.6118e+00	
 4.6091e+00	
 4.6150e+00	
 4.6104e+00	
 4.6151e+00	
 4.6125e+00	
 4.6142e+00	
 4.6126e+00	
 4.6164e+00	
 4.6147e+00	
 4.6137e+00	
 4.6119e+00	
 4.6134e+00	
 4.6161e+00	
 4.6141e+00	
 4.6206e+00	
 4.6085e+00	
 4.6130e+00	
 4.6101e+00	
 4.6138e+00	
 4.6112e+00	
 4.6157e+00	
 4.6135e+00	
 4.6145e+00	
 4.6172e+00	
 4.6112e+00	
 4.6118e+00	
 4.6115e+00	
 4.6168e+00	
 4.6135e+00	
 4.6206e+00	
 4.6149e+00	
 4.6165e+00	
 4.6106e+00	
 4.6205e+00	
 4.6135e+00	
 4.6106e+00	
 4.6125e+00	
 4.6170e+00	
 4.6175e+00	
 4.6124e+00	
 4.6124e+00	
 4.6165e+00	
 4.6157e+00	
 4.6172e+00	
 4.6178e+00	
 4.6130e+00	
 4.6121e+00	
 4.6126e+00	
 4.6100e+00	
 4.6129e+00	
 4.6171e+00	
 4.6145e+00	
 4.6192e+00	
 4.6140e+00	
 4.6191e+00	
 4.6082e+00	
 4.6180e+00	
 4.6136e+00	
 4.6093e+00	
 4.6142e+00	
 4.6195e+00	
 4.6170e+00	
 4.6200e+00	
 4.6174e+00	
 4.6098e+00	
 4.6173e+00	
 4.6099e+00	
 4.6168e+00	
 4.6181e+00	
 4.6180e+00	
 4.6175e+00	
 4.6186e+00	
 4.6135e+00	
 4.6166e+00	
 4.6169e+00	
 4.6180e+00	
 4.6078e+00	
 4.6190e+00	
 4.6143e+00	
 4.6072e+00	
 4.6153e+00	
 4.6170e+00	
 4.6108e+00	
 4.6115e+00	
 4.6224e+00	
 4.6227e+00	
 4.6157e+00	
 4.6130e+00	
 4.6164e+00	
 4.6143e+00	
 4.6184e+00	
 4.6162e+00	
 4.6115e+00	
 4.6152e+00	
 4.6193e+00	
 4.6158e+00	
 4.6157e+00	
 4.6136e+00	
 4.6167e+00	
 4.6121e+00	
 4.6121e+00	
 4.6171e+00	
 4.6235e+00	
 4.6178e+00	
 4.6177e+00	
 4.6173e+00	
 4.6161e+00	
 4.6093e+00	
 4.6123e+00	
 4.6138e+00	
 4.6140e+00	
 4.6141e+00	
 4.6186e+00	
 4.6099e+00	
 4.6240e+00	
 4.6180e+00	
 4.6127e+00	
 4.6133e+00	
 4.6135e+00	
 4.6124e+00	
 4.6169e+00	
 4.6156e+00	
 4.6190e+00	
 4.6119e+00	
 4.6133e+00	
 4.6192e+00	
 4.6116e+00	
 4.6121e+00	
 4.6147e+00	
 4.6125e+00	
 4.6173e+00	
 4.6168e+00	
 4.6166e+00	
 4.6142e+00	
 4.6156e+00	
 4.6125e+00	
 4.6169e+00	
 4.6065e+00	
 4.6157e+00	
 4.6138e+00	
 4.6160e+00	
 4.6084e+00	
 4.6134e+00	
 4.6139e+00	
 4.6138e+00	
 4.6129e+00	
 4.6148e+00	
 4.6203e+00	
 4.6156e+00	
 4.6156e+00	
 4.6130e+00	
 4.6142e+00	
 4.6159e+00	
 4.6183e+00	
 4.6123e+00	
 4.6117e+00	
 4.6130e+00	
 4.6150e+00	
 4.6106e+00	
 4.6115e+00	
 4.6106e+00	
 4.6161e+00	
 4.6143e+00	
 4.6110e+00	
 4.6116e+00	
 4.6119e+00	
 4.6111e+00	
 4.6145e+00	
 4.6109e+00	
 4.6151e+00	
 4.6149e+00	
 4.6182e+00	
 4.6122e+00	
 4.6131e+00	
 4.6183e+00	
 4.6124e+00	
 4.6161e+00	
 4.6191e+00	
 4.6135e+00	
 4.6130e+00	
 4.6143e+00	
 4.6141e+00	
 4.6142e+00	
 4.6125e+00	
 4.6127e+00	
 4.6119e+00	
 4.6167e+00	
 4.6120e+00	
 4.6126e+00	
 4.6213e+00	
 4.6185e+00	
 4.6150e+00	
 4.6139e+00	
 4.6127e+00	
 4.6186e+00	
 4.6181e+00	
 4.6070e+00	
 4.6120e+00	
 4.6166e+00	
 4.6187e+00	
 4.6178e+00	
 4.6144e+00	
 4.6151e+00	
 4.6136e+00	
 4.6135e+00	
 4.6165e+00	
 4.6118e+00	
 4.6176e+00	
 4.6153e+00	
 4.6203e+00	
 4.6203e+00	
 4.6161e+00	
 4.6204e+00	
 4.6102e+00	
 4.6161e+00	
 4.6142e+00	
 4.6137e+00	
 4.6124e+00	
 4.6060e+00	
 4.6147e+00	
 4.6154e+00	
 4.6157e+00	
 4.6189e+00	
 4.6166e+00	
 4.6103e+00	
 4.6112e+00	
 4.6163e+00	
 4.6150e+00	
 4.6139e+00	
 4.6112e+00	
 4.6167e+00	
 4.6131e+00	
 4.6092e+00	
 4.6167e+00	
 4.6161e+00	
 4.6101e+00	
 4.6172e+00	
 4.6122e+00	
 4.6182e+00	
 4.6157e+00	
 4.6202e+00	
 4.6142e+00	
 4.6144e+00	
 4.6104e+00	
 4.6147e+00	
 4.6109e+00	
 4.6118e+00	
 4.6235e+00	
 4.6150e+00	
 4.6191e+00	
 4.6175e+00	
 4.6189e+00	
 4.6126e+00	
 4.6135e+00	
 4.6138e+00	
 4.6137e+00	
 4.6139e+00	
 4.6147e+00	
 4.6203e+00	
 4.6176e+00	
 4.6150e+00	
 4.6155e+00	
 4.6128e+00	
 4.6183e+00	
 4.6131e+00	
 4.6097e+00	
 4.6103e+00	
 4.6164e+00	
 4.6137e+00	
 4.6215e+00	
 4.6121e+00	
 4.6148e+00	
 4.6117e+00	
 4.6077e+00	
 4.6095e+00	
 4.6179e+00	
 4.6140e+00	
 4.6124e+00	
 4.6117e+00	
 4.6142e+00	
 4.6125e+00	
 4.6190e+00	
 4.6108e+00	
 4.6122e+00	
 4.6151e+00	
 4.6084e+00	
 4.6175e+00	
 4.6173e+00	
 4.6149e+00	
 4.6181e+00	
 4.6171e+00	
 4.6110e+00	
 4.6201e+00	
 4.6172e+00	
 4.6136e+00	
 4.6159e+00	
 4.6229e+00	
 4.6152e+00	
 4.6178e+00	
 4.6145e+00	
 4.6148e+00	
 4.6135e+00	
 4.6140e+00	
 4.6133e+00	
 4.6143e+00	
 4.6224e+00	
 4.6132e+00	
 4.6154e+00	
 4.6100e+00	
 4.6118e+00	
 4.6135e+00	
 4.6175e+00	
 4.6094e+00	
 4.6141e+00	
 4.6162e+00	
 4.6140e+00	
 4.6097e+00	
 4.6132e+00	
 4.6128e+00	
 4.6146e+00	
 4.6155e+00	
 4.6160e+00	
 4.6154e+00	
 4.6182e+00	
 4.6146e+00	
 4.6178e+00	
 4.6133e+00	
 4.6120e+00	
 4.6150e+00	
 4.6203e+00	
 4.6156e+00	
 4.6157e+00	
 4.6151e+00	
 4.6146e+00	
 4.6096e+00	
 4.6134e+00	
 4.6100e+00	
 4.6127e+00	
 4.6132e+00	
 4.6115e+00	
 4.6107e+00	
 4.6191e+00	
 4.6125e+00	
 4.6170e+00	
 4.6136e+00	
 4.6212e+00	
 4.6135e+00	
 4.6122e+00	
 4.6223e+00	
 4.6113e+00	
 4.6161e+00	
 4.6136e+00	
 4.6150e+00	
 4.6163e+00	
 4.6080e+00	
 4.6157e+00	
 4.6224e+00	
 4.6091e+00	
 4.6116e+00	
 4.6129e+00	
 4.6158e+00	
 4.6168e+00	
 4.6186e+00	
 4.6166e+00	
 4.6159e+00	
 4.6102e+00	
 4.6163e+00	
 4.6078e+00	
 4.6084e+00	
 4.6128e+00	
 4.6188e+00	
 4.6140e+00	
 4.6156e+00	
 4.6137e+00	
 4.6177e+00	
 4.6095e+00	
 4.6133e+00	
 4.6074e+00	
 4.6111e+00	
 4.6181e+00	
 4.6181e+00	
 4.6176e+00	
 4.6176e+00	
 4.6199e+00	
 4.6183e+00	
 4.6084e+00	
 4.6209e+00	
 4.6140e+00	
 4.6169e+00	
 4.6149e+00	
 4.6109e+00	
 4.6165e+00	
 4.6217e+00	
 4.6204e+00	
 4.6123e+00	
 4.6073e+00	
 4.6207e+00	
 4.6184e+00	
 4.6183e+00	
 4.6162e+00	
 4.6156e+00	
 4.6144e+00	
 4.6123e+00	
 4.6089e+00	
 4.6107e+00	
 4.6112e+00	
 4.6091e+00	
 4.6220e+00	
 4.6163e+00	
 4.6096e+00	
 4.6185e+00	
 4.6061e+00	
 4.6124e+00	
 4.6095e+00	
 4.6134e+00	
 4.6218e+00	
 4.6155e+00	
 4.6106e+00	
 4.6239e+00	
 4.6195e+00	
 4.6139e+00	
 4.6205e+00	
 4.6138e+00	
 4.6100e+00	
 4.6197e+00	
 4.6121e+00	
 4.6164e+00	
 4.6202e+00	
 4.6173e+00	
 4.6129e+00	
 4.6141e+00	
 4.6076e+00	
 4.6197e+00	
 4.6146e+00	
 4.6172e+00	
 4.6169e+00	
 4.6200e+00	
 4.6140e+00	
 4.6109e+00	
 4.6161e+00	
 4.6154e+00	
 4.6174e+00	
 4.6180e+00	
 4.6186e+00	
 4.6080e+00	
 4.6102e+00	
 4.6121e+00	
 4.6132e+00	
 4.6199e+00	
 4.6131e+00	
 4.6122e+00	
 4.6132e+00	
 4.6153e+00	
 4.6185e+00	
 4.6140e+00	
 4.6124e+00	
 4.6134e+00	
 4.6166e+00	
 4.6159e+00	
 4.6171e+00	
 4.6111e+00	
 4.6113e+00	
 4.6228e+00	
 4.6089e+00	
 4.6176e+00	
 4.6124e+00	
 4.6126e+00	
 4.6142e+00	
 4.6164e+00	
 4.6177e+00	
 4.6135e+00	
 4.6138e+00	
 4.6193e+00	
 4.6137e+00	
 4.6182e+00	
 4.6098e+00	
 4.6068e+00	
 4.6065e+00	
 4.6136e+00	
 4.6116e+00	
 4.6118e+00	
 4.6163e+00	
 4.6201e+00	
 4.6138e+00	
 4.6174e+00	
 4.6130e+00	
 4.6176e+00	
 4.6160e+00	
 4.6116e+00	
 4.6155e+00	
 4.6179e+00	
 4.6207e+00	
 4.6129e+00	
 4.6119e+00	
 4.6124e+00	
 4.6129e+00	
 4.6185e+00	
 4.6205e+00	
 4.6198e+00	
 4.6195e+00	
 4.6182e+00	
 4.6085e+00	
 4.6167e+00	
 4.6127e+00	
 4.6133e+00	
 4.6164e+00	
 4.6197e+00	
 4.6163e+00	
 4.6147e+00	
 4.6112e+00	
 4.6149e+00	
 4.6146e+00	
 4.6134e+00	
 4.6145e+00	
 4.6146e+00	
 4.6107e+00	
 4.6106e+00	
 4.6094e+00	
 4.6217e+00	
 4.6153e+00	
 4.6106e+00	
 4.6085e+00	
 4.6157e+00	
 4.6163e+00	
 4.6103e+00	
 4.6116e+00	
 4.6106e+00	
 4.6152e+00	
 4.6152e+00	
 4.6117e+00	
 4.6158e+00	
 4.6181e+00	
 4.6067e+00	
 4.6174e+00	
 4.6223e+00	
 4.6158e+00	
 4.6157e+00	
 4.6120e+00	
 4.6149e+00	
 4.6184e+00	
 4.6162e+00	
 4.6147e+00	
 4.6118e+00	
 4.6160e+00	
 4.6181e+00	
 4.6153e+00	
 4.6172e+00	
 4.6171e+00	
 4.6115e+00	
 4.6217e+00	
 4.6123e+00	
 4.6089e+00	
 4.6128e+00	
 4.6174e+00	
 4.6187e+00	
 4.6113e+00	
 4.6190e+00	
 4.6167e+00	
 4.6077e+00	
 4.6123e+00	
 4.6137e+00	
 4.6131e+00	
 4.6108e+00	
 4.6167e+00	
 4.6081e+00	
 4.6163e+00	
 4.6172e+00	
 4.6151e+00	
 4.6113e+00	
 4.6092e+00	
 4.6133e+00	
 4.6217e+00	
 4.6128e+00	
 4.6146e+00	
 4.6106e+00	
 4.6165e+00	
 4.6247e+00	
 4.6077e+00	
 4.6111e+00	
 4.6202e+00	
 4.6125e+00	
 4.6164e+00	
 4.6087e+00	
 4.6136e+00	
 4.6242e+00	
 4.6119e+00	
 4.6149e+00	
 4.6088e+00	
 4.6176e+00	
 4.6140e+00	
 4.6129e+00	
 4.6141e+00	
 4.6176e+00	
 4.6203e+00	
 4.6145e+00	
 4.6112e+00	
 4.6129e+00	
 4.6104e+00	
 4.6142e+00	
 4.6097e+00	
 4.6163e+00	
 4.6206e+00	
 4.6167e+00	
 4.6230e+00	
 4.6162e+00	
 4.6145e+00	
 4.6155e+00	
 4.6137e+00	
 4.6221e+00	
 4.6213e+00	
 4.6172e+00	
 4.6177e+00	
 4.6105e+00	
 4.6164e+00	
 4.6170e+00	
 4.6165e+00	
 4.6179e+00	
 4.6182e+00	
 4.6163e+00	
 4.6138e+00	
 4.6176e+00	
 4.6115e+00	
 4.6123e+00	
 4.6106e+00	
 4.6136e+00	
 4.6152e+00	
 4.6122e+00	
 4.6164e+00	
 4.6167e+00	
 4.6200e+00	
 4.6230e+00	
 4.6089e+00	
 4.6165e+00	
 4.6114e+00	
 4.6194e+00	
 4.6130e+00	
 4.6093e+00	
 4.6130e+00	
 4.6121e+00	
 4.6180e+00	
 4.6145e+00	
 4.6125e+00	
 4.6105e+00	
 4.6128e+00	
 4.6061e+00	
 4.6174e+00	
 4.6174e+00	
 4.6136e+00	
 4.6128e+00	
 4.6133e+00	
 4.6317e+00	
 4.6187e+00	
 4.6135e+00	
 4.6185e+00	
 4.6149e+00	
 4.6103e+00	
 4.6174e+00	
 4.6170e+00	
 4.6185e+00	
 4.6118e+00	
 4.6118e+00	
 4.6099e+00	
 4.6186e+00	
 4.6156e+00	
 4.6213e+00	
 4.6191e+00	
 4.6120e+00	
 4.6081e+00	
 4.6132e+00	
 4.6159e+00	
 4.6161e+00	
 4.6131e+00	
 4.6172e+00	
 4.6145e+00	
 4.6133e+00	
 4.6148e+00	
 4.6168e+00	
 4.6229e+00	
 4.6178e+00	
 4.6138e+00	
 4.6186e+00	
 4.6082e+00	
 4.6201e+00	
 4.6126e+00	
 4.6115e+00	
 4.6123e+00	
 4.6148e+00	
 4.6101e+00	
 4.6187e+00	
 4.6143e+00	
 4.6133e+00	
 4.6100e+00	
 4.6166e+00	
 4.6157e+00	
 4.6197e+00	
 4.6137e+00	
 4.6130e+00	
 4.6136e+00	
 4.6106e+00	
 4.6156e+00	
 4.6171e+00	
 4.6130e+00	
 4.6133e+00	
 4.6131e+00	
 4.6216e+00	
 4.6085e+00	
 4.6166e+00	
 4.6104e+00	
 4.6129e+00	
 4.6086e+00	
 4.6144e+00	
 4.6140e+00	
 4.6102e+00	
 4.6126e+00	
 4.6182e+00	
 4.6118e+00	
 4.6140e+00	
 4.6144e+00	
 4.6101e+00	
 4.6082e+00	
 4.6156e+00	
 4.6106e+00	
 4.6167e+00	
 4.6088e+00	
 4.6127e+00	
 4.6192e+00	
 4.6195e+00	
 4.6130e+00	
 4.6090e+00	
 4.6089e+00	
 4.6154e+00	
 4.6138e+00	
 4.6134e+00	
 4.6145e+00	
 4.6132e+00	
 4.6182e+00	
 4.6150e+00	
 4.6149e+00	
 4.6095e+00	
 4.6121e+00	
 4.6129e+00	
 4.6120e+00	
 4.6158e+00	
 4.6190e+00	
 4.6125e+00	
 4.6157e+00	
 4.6207e+00	
 4.6113e+00	
 4.6068e+00	
 4.6172e+00	
 4.6068e+00	
 4.6158e+00	
 4.6180e+00	
 4.6094e+00	
 4.6081e+00	
 4.6121e+00	
 4.6150e+00	
 4.6182e+00	
 4.6170e+00	
 4.6154e+00	
 4.6114e+00	
 4.6140e+00	
 4.6158e+00	
 4.6177e+00	
 4.6157e+00	
 4.6145e+00	
 4.6220e+00	
 4.6182e+00	
 4.6094e+00	
 4.6184e+00	
 4.6116e+00	
 4.6232e+00	
 4.6134e+00	
 4.6124e+00	
 4.6162e+00	
 4.6178e+00	
 4.6155e+00	
 4.6145e+00	
 4.6122e+00	
 4.6146e+00	
 4.6162e+00	
 4.6084e+00	
 4.6223e+00	
 4.6168e+00	
 4.6176e+00	
 4.6159e+00	
 4.6184e+00	
 4.6138e+00	
 4.6117e+00	
 4.6097e+00	
 4.6187e+00	
 4.6139e+00	
 4.6132e+00	
 4.6119e+00	
 4.6190e+00	
 4.6142e+00	
 4.6241e+00	
 4.6098e+00	
 4.6110e+00	
 4.6171e+00	
 4.6106e+00	
 4.6173e+00	
 4.6164e+00	
 4.6156e+00	
 4.6090e+00	
 4.6132e+00	
 4.6087e+00	
 4.6136e+00	
 4.6136e+00	
 4.6135e+00	
 4.6102e+00	
 4.6090e+00	
 4.6114e+00	
 4.6087e+00	
 4.6160e+00	
 4.6088e+00	
 4.6134e+00	
 4.6128e+00	
 4.6111e+00	
 4.6088e+00	
 4.6110e+00	
 4.6227e+00	
 4.6190e+00	
 4.6151e+00	
 4.6114e+00	
 4.6211e+00	
 4.6179e+00	
 4.6082e+00	
 4.6154e+00	
 4.6203e+00	
 4.6137e+00	
 4.6036e+00	
 4.6118e+00	
 4.6114e+00	
 4.6163e+00	
 4.6171e+00	
 4.6148e+00	
 4.6074e+00	
 4.6131e+00	
 4.6133e+00	
 4.6133e+00	
 4.6173e+00	
 4.6131e+00	
 4.6094e+00	
 4.6143e+00	
 4.6137e+00	
 4.6183e+00	
 4.6098e+00	
 4.6187e+00	
 4.6193e+00	
 4.6203e+00	
 4.6127e+00	
 4.6154e+00	
 4.6160e+00	
 4.6113e+00	
 4.6115e+00	
 4.6095e+00	
 4.6054e+00	
 4.6167e+00	
 4.6144e+00	
 4.6156e+00	
 4.6157e+00	
 4.6132e+00	
 4.6212e+00	
 4.6135e+00	
 4.6102e+00	
 4.6236e+00	
 4.6062e+00	
 4.6140e+00	
 4.6119e+00	
 4.6107e+00	
 4.6069e+00	
 4.6124e+00	
 4.6134e+00	
 4.6081e+00	
 4.6101e+00	
 4.6142e+00	
 4.6140e+00	
 4.6220e+00	
 4.6153e+00	
 4.6083e+00	
 4.6101e+00	
 4.6173e+00	
 4.6228e+00	
 4.6090e+00	
 4.6093e+00	
 4.6184e+00	
 4.6072e+00	
 4.6132e+00	
 4.6137e+00	
 4.6017e+00	
 4.6131e+00	
 4.6182e+00	
 4.6113e+00	
 4.6146e+00	
 4.6156e+00	
 4.6102e+00	
 4.6108e+00	
 4.6164e+00	
 4.6107e+00	
 4.6148e+00	
 4.6153e+00	
 4.6163e+00	
 4.6124e+00	
 4.6188e+00	
 4.6069e+00	
 4.6126e+00	
 4.6178e+00	
 4.6152e+00	
 4.6123e+00	
 4.6147e+00	
 4.6158e+00	
 4.6059e+00	
 4.6101e+00	
 4.6081e+00	
 4.6149e+00	
 4.6042e+00	
 4.6136e+00	
 4.6131e+00	
 4.6190e+00	
 4.6171e+00	
 4.6097e+00	
 4.6052e+00	
 4.6189e+00	
 4.6068e+00	
 4.6079e+00	
 4.6088e+00	
 4.6092e+00	
 4.6087e+00	
 4.6153e+00	
 4.6181e+00	
 4.6166e+00	
 4.6146e+00	
 4.6168e+00	
 4.6200e+00	
 4.6142e+00	
 4.6106e+00	
 4.6163e+00	
 4.6263e+00	
 4.6142e+00	
 4.6078e+00	
 4.6086e+00	
 4.6094e+00	
 4.6062e+00	
 4.6151e+00	
 4.6161e+00	
 4.6077e+00	
 4.6196e+00	
 4.6237e+00	
 4.6145e+00	
 4.6125e+00	
 4.6224e+00	
 4.6112e+00	
 4.6085e+00	
 4.6142e+00	
 4.6099e+00	
 4.6055e+00	
 4.6187e+00	
 4.6168e+00	
 4.6136e+00	
 4.6057e+00	
 4.6174e+00	
 4.6158e+00	
 4.6053e+00	
 4.6128e+00	
 4.6044e+00	
 4.6161e+00	
 4.6175e+00	
 4.6055e+00	
 4.6028e+00	
 4.6183e+00	
 4.6133e+00	
 4.6067e+00	
 4.6155e+00	
 4.6045e+00	
 4.6146e+00	
 4.6241e+00	
 4.6057e+00	
 4.6071e+00	
 4.6137e+00	
 4.6112e+00	
 4.6166e+00	
 4.6201e+00	
 4.6029e+00	
 4.6069e+00	
 4.6153e+00	
 4.6147e+00	
 4.6163e+00	
 4.6106e+00	
 4.6157e+00	
 4.6129e+00	
 4.6026e+00	
 4.6058e+00	
 4.6244e+00	
 4.6009e+00	
 4.6159e+00	
 4.6226e+00	
 4.6061e+00	
 4.6146e+00	
 4.6152e+00	
 4.6134e+00	
 4.6069e+00	
 4.6081e+00	
 4.6088e+00	
 4.6160e+00	
 4.6036e+00	
 4.6095e+00	
 4.6094e+00	
 4.6103e+00	
 4.6109e+00	
 4.6165e+00	
 4.6065e+00	
 4.6172e+00	
 4.6098e+00	
 4.6248e+00	
 4.6072e+00	
 4.6091e+00	
 4.6133e+00	
 4.6167e+00	
 4.6142e+00	
 4.6176e+00	
 4.6223e+00	
 4.5999e+00	
 4.6179e+00	
 4.6100e+00	
 4.6115e+00	
 4.6101e+00	
 4.6148e+00	
 4.6097e+00	
 4.6189e+00	
 4.6008e+00	
 4.6113e+00	
 4.6075e+00	
 4.6171e+00	
 4.6072e+00	
 4.6012e+00	
 4.6053e+00	
 4.6082e+00	
 4.6231e+00	
 4.6376e+00	
 4.6267e+00	
 4.6133e+00	
 4.6152e+00	
 4.5930e+00	
 4.6016e+00	
 4.6124e+00	
 4.6072e+00	
 4.6118e+00	
 4.6038e+00	
 4.6245e+00	
 4.6081e+00	
 4.6179e+00	
 4.6091e+00	
 4.6094e+00	
 4.6051e+00	
 4.6333e+00	
 4.6181e+00	
 4.6234e+00	
 4.6082e+00	
 4.6285e+00	
 4.6009e+00	
 4.6100e+00	
 4.6107e+00	
 4.6046e+00	
 4.5973e+00	
 4.6147e+00	
 4.6091e+00	
 4.6308e+00	
 4.6034e+00	
 4.6125e+00	
 4.6148e+00	
 4.6153e+00	
 4.6122e+00	
 4.6002e+00	
 4.6330e+00	
 4.6050e+00	
 4.6124e+00	
 4.6287e+00	
 4.6182e+00	
 4.6109e+00	
 4.6063e+00	
 4.6087e+00	
 4.6127e+00	
 4.6242e+00	
 4.6091e+00	
 4.6121e+00	
 4.5957e+00	
 4.6094e+00	
 4.6209e+00	
 4.6328e+00	
 4.6190e+00	
 4.6038e+00	
 4.6163e+00	
 4.6117e+00	
 4.6188e+00	
 4.6153e+00	
 4.5944e+00	
 4.6135e+00	
 4.5977e+00	
 4.6115e+00	
 4.6133e+00	
 4.6057e+00	
 4.6247e+00	
 4.5977e+00	
 4.6286e+00	
 4.6156e+00	
 4.6199e+00	
 4.6041e+00	
 4.6017e+00	
 4.6152e+00	
 4.6176e+00	
 4.6166e+00	
 4.6250e+00	
 4.6004e+00	
 4.6071e+00	
 4.6166e+00	
 4.6018e+00	
 4.6246e+00	
 4.6182e+00	
 4.6026e+00	
 4.6095e+00	
 4.6083e+00	
 4.6203e+00	
 4.6142e+00	
 4.6091e+00	
 4.6250e+00	
 4.6218e+00	
 4.6151e+00	
 4.6153e+00	
 4.6174e+00	
 4.6228e+00	
 4.6190e+00	
 4.6222e+00	
 4.6115e+00	
 4.6007e+00	
 4.6016e+00	
 4.5978e+00	
 4.6002e+00	
 4.6082e+00	
 4.6056e+00	
 4.5891e+00	
 4.6045e+00	
 4.6126e+00	
 4.6107e+00	
 4.6058e+00	
 4.5934e+00	
 4.6058e+00	
 4.5972e+00	
 4.6080e+00	
 4.5964e+00	
 4.6141e+00	
 4.6111e+00	
 4.6039e+00	
 4.6172e+00	
 4.6162e+00	
 4.5948e+00	
 4.5931e+00	
 4.5858e+00	
 4.5994e+00	
 4.6016e+00	
 4.6123e+00	
 4.6145e+00	
 4.6113e+00	
 4.6076e+00	
 4.6155e+00	
 4.5867e+00	
 4.6214e+00	
 4.6128e+00	
 4.6194e+00	
 4.6215e+00	
 4.5995e+00	
 4.5819e+00	
 4.6333e+00	
 4.5992e+00	
 4.6182e+00	
 4.6114e+00	
 4.6305e+00	
 4.6090e+00	
 4.6057e+00	
 4.6050e+00	
 4.6077e+00	
 4.6042e+00	
 4.6198e+00	
 4.5989e+00	
 4.5889e+00	
 4.6054e+00	
 4.6238e+00	
 4.5947e+00	
 4.6166e+00	
 4.6160e+00	
 4.6425e+00	
 4.6300e+00	
 4.6065e+00	
 4.6160e+00	
 4.6089e+00	
 4.5725e+00	
 4.6033e+00	
 4.6246e+00	
 4.6237e+00	
 4.6325e+00	
 4.5988e+00	
 4.5966e+00	
 4.5959e+00	
 4.5956e+00	
 4.6101e+00	
 4.6021e+00	
 4.5889e+00	
 4.6052e+00	
 4.5792e+00	
 4.6288e+00	
 4.5984e+00	
 4.6214e+00	
 4.6355e+00	
 4.5916e+00	
 4.5972e+00	
 4.5791e+00	
 4.6094e+00	
 4.6103e+00	
 4.6004e+00	
 4.6031e+00	
 4.5937e+00	
 4.6087e+00	
 4.6279e+00	
 4.5891e+00	
 4.5906e+00	
 4.5841e+00	
 4.6144e+00	
 4.6293e+00	
 4.5993e+00	
 4.6051e+00	
 4.6193e+00	
 4.6124e+00	
 4.6051e+00	
 4.5957e+00	
 4.6342e+00	
 4.6260e+00	
 4.5950e+00	
 4.5984e+00	
 4.5897e+00	
 4.6319e+00	
 4.6021e+00	
 4.6303e+00	
 4.6258e+00	
 4.6115e+00	
 4.5983e+00	
 4.6154e+00	
 4.6230e+00	
 4.6041e+00	
 4.6188e+00	
 4.6081e+00	
 4.6226e+00	
 4.5937e+00	
 4.6288e+00	
 4.5976e+00	
 4.5999e+00	
 4.6233e+00	
 4.6081e+00	
 4.5988e+00	
 4.6253e+00	
 4.5986e+00	
 4.6195e+00	
 4.6133e+00	
 4.6068e+00	
 4.6181e+00	
 4.6150e+00	
 4.6013e+00	
 4.6142e+00	
 4.5991e+00	
 4.6128e+00	
 4.5923e+00	
 4.6150e+00	
 4.6045e+00	
 4.6084e+00	
 4.6088e+00	
 4.5873e+00	
 4.6324e+00	
 4.6080e+00	
 4.5999e+00	
 4.6066e+00	
 4.6112e+00	
 4.5790e+00	
 4.6123e+00	
 4.6028e+00	
 4.5952e+00	
 4.6178e+00	
 4.5945e+00	
 4.5985e+00	
 4.6154e+00	
 4.6170e+00	
 4.5878e+00	
 4.5873e+00	
 4.5675e+00	
 4.5838e+00	
 4.5846e+00	
 4.6009e+00	
 4.5910e+00	
 4.6122e+00	
 4.5935e+00	
 4.5785e+00	
 4.6145e+00	
 4.6070e+00	
 4.6311e+00	
 4.6241e+00	
 4.6170e+00	
 4.6252e+00	
 4.5947e+00	
 4.6141e+00	
 4.5846e+00	
 4.6125e+00	
 4.6090e+00	
 4.6243e+00	
 4.5882e+00	
 4.5905e+00	
 4.6025e+00	
 4.5677e+00	
 4.6075e+00	
 4.6184e+00	
 4.5911e+00	
 4.6298e+00	
 4.6025e+00	
 4.6115e+00	
 4.5907e+00	
 4.6035e+00	
 4.5959e+00	
 4.5831e+00	
 4.6277e+00	
 4.6085e+00	
 4.6370e+00	
 4.5586e+00	
 4.6027e+00	
 4.6067e+00	
 4.5915e+00	
 4.5918e+00	
 4.6064e+00	
 4.5904e+00	
 4.6141e+00	
 4.6225e+00	
 4.6043e+00	
 4.5933e+00	
 4.5901e+00	
 4.6020e+00	
 4.6045e+00	
 4.6233e+00	
 4.5937e+00	
 4.5859e+00	
 4.5871e+00	
 4.6151e+00	
 4.6083e+00	
 4.6000e+00	
 4.6001e+00	
 4.6171e+00	
 4.5926e+00	
 4.6124e+00	
 4.5893e+00	
 4.5905e+00	
 4.5758e+00	
 4.5922e+00	
 4.6416e+00	
 4.5853e+00	
 4.5897e+00	
 4.6063e+00	
 4.6228e+00	
 4.5990e+00	
 4.5682e+00	
 4.6186e+00	
 4.5923e+00	
 4.6062e+00	
 4.5943e+00	
 4.5970e+00	
 4.5658e+00	
 4.6000e+00	
 4.6032e+00	
 4.5688e+00	
 4.5951e+00	
 4.6185e+00	
 4.5872e+00	
 4.5874e+00	
 4.6206e+00	
 4.6019e+00	
 4.6238e+00	
 4.6035e+00	
 4.6148e+00	
 4.5973e+00	
 4.6161e+00	
 4.5857e+00	
 4.6066e+00	
 4.5850e+00	
 4.5618e+00	
 4.6058e+00	
 4.5846e+00	
 4.5828e+00	
 4.6341e+00	
 4.6016e+00	
 4.5873e+00	
 4.6086e+00	
 4.5824e+00	
 4.6003e+00	
 4.6283e+00	
 4.5902e+00	
 4.5852e+00	
 4.5652e+00	
 4.5894e+00	
 4.5765e+00	
 4.5480e+00	
 4.6022e+00	
 4.5738e+00	
 4.6078e+00	
 4.5846e+00	
 4.6140e+00	
 4.5984e+00	
 4.6247e+00	
 4.6126e+00	
 4.6229e+00	
 4.6093e+00	
 4.6137e+00	
 4.6070e+00	
 4.5893e+00	
 4.5903e+00	
 4.5844e+00	
 4.6062e+00	
 4.5997e+00	
 4.6258e+00	
 4.5427e+00	
 4.5916e+00	
 4.5853e+00	
 4.5729e+00	
 4.5482e+00	
 4.5715e+00	
 4.6260e+00	
 4.5296e+00	
 4.6013e+00	
 4.5942e+00	
 4.6174e+00	
 4.5708e+00	
 4.5535e+00	
 4.5661e+00	
 4.5977e+00	
 4.6599e+00	
 4.5826e+00	
 4.5747e+00	
 4.5816e+00	
 4.5680e+00	
 4.5792e+00	
 4.6189e+00	
 4.6207e+00	
 4.5659e+00	
 4.6166e+00	
 4.6000e+00	
 4.5629e+00	
 4.6147e+00	
 4.5537e+00	
 4.5361e+00	
 4.6295e+00	
 4.6134e+00	
 4.5919e+00	
 4.5910e+00	
 4.5483e+00	
 4.5793e+00	
 4.5852e+00	
 4.6561e+00	
 4.5347e+00	
 4.5825e+00	
 4.6346e+00	
 4.5876e+00	
 4.6118e+00	
 4.5835e+00	
 4.5779e+00	
 4.5880e+00	
 4.5432e+00	
 4.5857e+00	
 4.5969e+00	
 4.5600e+00	
 4.6210e+00	
 4.5639e+00	
 4.5432e+00	
 4.5984e+00	
 4.5952e+00	
 4.5532e+00	
 4.6021e+00	
 4.5658e+00	
 4.6144e+00	
 4.5894e+00	
 4.5985e+00	
 4.5720e+00	
 4.6255e+00	
 4.5765e+00	
 4.5483e+00	
 4.5910e+00	
 4.5866e+00	
 4.6051e+00	
 4.5763e+00	
 4.5937e+00	
 4.5685e+00	
 4.5819e+00	
 4.6334e+00	
 4.6444e+00	
 4.5580e+00	
 4.5810e+00	
 4.5851e+00	
 4.5484e+00	
 4.5384e+00	
 4.5546e+00	
 4.5999e+00	
 4.5830e+00	
 4.5250e+00	
 4.5326e+00	
 4.6066e+00	
 4.5910e+00	
 4.5443e+00	
 4.5887e+00	
 4.5461e+00	
 4.5840e+00	
 4.5533e+00	
 4.5165e+00	
 4.5141e+00	
 4.6512e+00	
 4.6278e+00	
 4.5850e+00	
 4.5986e+00	
 4.5815e+00	
 4.5992e+00	
 4.5994e+00	
 4.5314e+00	
 4.5636e+00	
 4.6122e+00	
 4.5709e+00	
 4.6115e+00	
 4.6563e+00	
 4.5748e+00	
 4.5735e+00	
 4.6316e+00	
 4.5483e+00	
 4.5602e+00	
 4.5312e+00	
 4.5676e+00	
 4.5703e+00	
 4.6020e+00	
 4.5951e+00	
 4.5826e+00	
 4.5785e+00	
 4.5828e+00	
 4.5917e+00	
 4.5389e+00	
 4.5777e+00	
 4.6341e+00	
 4.5876e+00	
 4.5855e+00	
 4.5730e+00	
 4.5998e+00	
 4.5836e+00	
 4.5566e+00	
 4.6965e+00	
 4.5844e+00	
 4.5850e+00	
 4.5758e+00	
 4.5872e+00	
 4.6099e+00	
 4.5456e+00	
 4.5597e+00	
 4.6049e+00	
 4.5605e+00	
 4.5588e+00	
 4.6186e+00	
 4.5457e+00	
 4.5482e+00	
 4.5830e+00	
 4.5786e+00	
 4.6333e+00	
 4.5666e+00	
 4.5891e+00	
 4.5949e+00	
 4.5367e+00	
 4.6224e+00	
 4.6204e+00	
 4.5988e+00	
 4.6041e+00	
 4.6028e+00	
 4.6087e+00	
 4.5645e+00	
 4.5461e+00	
 4.5310e+00	
 4.6477e+00	
 4.5597e+00	
 4.5778e+00	
 4.5610e+00	
 4.5836e+00	
 4.6164e+00	
 4.6019e+00	
 4.6007e+00	
 4.5427e+00	
 4.5863e+00	
 4.5707e+00	
 4.5734e+00	
 4.5836e+00	
 4.6030e+00	
 4.5914e+00	
 4.5846e+00	
 4.5585e+00	
 4.5811e+00	
 4.5741e+00	
 4.6042e+00	
 4.6162e+00	
 4.5399e+00	
 4.5751e+00	
 4.5724e+00	
 4.5717e+00	
 4.5883e+00	
 4.5791e+00	
 4.5594e+00	
 4.5564e+00	
 4.5706e+00	
 4.5770e+00	
 4.5175e+00	
 4.5703e+00	
 4.6329e+00	
 4.5589e+00	
 4.5503e+00	
 4.5818e+00	
 4.5642e+00	
 4.5861e+00	
 4.5656e+00	
 4.5637e+00	
 4.6017e+00	
 4.6155e+00	
 4.5595e+00	
 4.4808e+00	
 4.6224e+00	
 4.5846e+00	
 4.5250e+00	
 4.6072e+00	
 4.5710e+00	
 4.5552e+00	
 4.5361e+00	
 4.5250e+00	
 4.6513e+00	
 4.5839e+00	
 4.6278e+00	
 4.5809e+00	
 4.5869e+00	
 4.5830e+00	
 4.5828e+00	
 4.5429e+00	
 4.5820e+00	
 4.5454e+00	
 4.5725e+00	
 4.5231e+00	
 4.6003e+00	
 4.5351e+00	
 4.5495e+00	
 4.5771e+00	
 4.6309e+00	
 4.5758e+00	
 4.5683e+00	
 4.5432e+00	
 4.5410e+00	
 4.5828e+00	
 4.5284e+00	
 4.5759e+00	
 4.5077e+00	
 4.6166e+00	
 4.6029e+00	
 4.6029e+00	
 4.6038e+00	
 4.5876e+00	
 4.5563e+00	
 4.5895e+00	
 4.5264e+00	
 4.5364e+00	
 4.6403e+00	
 4.6557e+00	
 4.5424e+00	
 4.5666e+00	
 4.5202e+00	
 4.5884e+00	
 4.6188e+00	
 4.5623e+00	
 4.5829e+00	
 4.5707e+00	
 4.5763e+00	
 4.5128e+00	
 4.5868e+00	
 4.5712e+00	
 4.5462e+00	
 4.5488e+00	
 4.6419e+00	
 4.6284e+00	
 4.5629e+00	
 4.5956e+00	
 4.4806e+00	
 4.5796e+00	
 4.5714e+00	
 4.5400e+00	
 4.5739e+00	
 4.5091e+00	
 4.5573e+00	
 4.6428e+00	
 4.6262e+00	
 4.5890e+00	
 4.5797e+00	
 4.6007e+00	
 4.6001e+00	
 4.6020e+00	
 4.5290e+00	
 4.6306e+00	
 4.6112e+00	
 4.5883e+00	
 4.5974e+00	
 4.5690e+00	
 4.5494e+00	
 4.5704e+00	
 4.5510e+00	
 4.5601e+00	
 4.4634e+00	
 4.5658e+00	
 4.6101e+00	
 4.5564e+00	
 4.5472e+00	
 4.5521e+00	
 4.5333e+00	
 4.5830e+00	
 4.5316e+00	
 4.5602e+00	
 4.5871e+00	
 4.5749e+00	
 4.5480e+00	
 4.5404e+00	
 4.5705e+00	
 4.5566e+00	
 4.5355e+00	
 4.6211e+00	
 4.5959e+00	
 4.5310e+00	
 4.5864e+00	
 4.5884e+00	
 4.5192e+00	
 4.5312e+00	
 4.5295e+00	
 4.6043e+00	
 4.5061e+00	
 4.5628e+00	
 4.4942e+00	
 4.5656e+00	
 4.5712e+00	
 4.5212e+00	
 4.5923e+00	
 4.5648e+00	
 4.4996e+00	
 4.5313e+00	
 4.5190e+00	
 4.5401e+00	
 4.5663e+00	
 4.5899e+00	
 4.5389e+00	
 4.5893e+00	
 4.5708e+00	
 4.5823e+00	
 4.5682e+00	
 4.5250e+00	
 4.6083e+00	
 4.4854e+00	
 4.6139e+00	
 4.4757e+00	
 4.6784e+00	
 4.5562e+00	
 4.5527e+00	
 4.5529e+00	
 4.5049e+00	
 4.5668e+00	
 4.5356e+00	
 4.6520e+00	
 4.5917e+00	
 4.5456e+00	
 4.5866e+00	
 4.5797e+00	
 4.5929e+00	
 4.5852e+00	
 4.5715e+00	
 4.5592e+00	
 4.5219e+00	
 4.6277e+00	
 4.5605e+00	
 4.4714e+00	
 4.6078e+00	
 4.5383e+00	
 4.5719e+00	
 4.5565e+00	
 4.5587e+00	
 4.6171e+00	
 4.5786e+00	
 4.5658e+00	
 4.5918e+00	
 4.6278e+00	
 4.5827e+00	
 4.5672e+00	
 4.5695e+00	
 4.6197e+00	
 4.5636e+00	
 4.5728e+00	
 4.5329e+00	
 4.5889e+00	
 4.5160e+00	
 4.5072e+00	
 4.6046e+00	
 4.5990e+00	
 4.5648e+00	
 4.5240e+00	
 4.5615e+00	
 4.5594e+00	
 4.5533e+00	
 4.5759e+00	
 4.5259e+00	
 4.5778e+00	
 4.5269e+00	
 4.5751e+00	
 4.5344e+00	
 4.5689e+00	
 4.5874e+00	
 4.5265e+00	
 4.5323e+00	
 4.5715e+00	
 4.5818e+00	
 4.6398e+00	
 4.5975e+00	
 4.4810e+00	
 4.6158e+00	
 4.5559e+00	
 4.5518e+00	
 4.5759e+00	
 4.5309e+00	
 4.5544e+00	
 4.6133e+00	
 4.5735e+00	
 4.5113e+00	
 4.5235e+00	
 4.5531e+00	
 4.6077e+00	
 4.5878e+00	
 4.5848e+00	
 4.5536e+00	
 4.5950e+00	
 4.5749e+00	
 4.5581e+00	
 4.5312e+00	
 4.5012e+00	
 4.5858e+00	
 4.5550e+00	
 4.5798e+00	
 4.5527e+00	
 4.5427e+00	
 4.5839e+00	
 4.5106e+00	
 4.5400e+00	
 4.5849e+00	
 4.5326e+00	
 4.5997e+00	
 4.5894e+00	
 4.5282e+00	
 4.5948e+00	
 4.5970e+00	
 4.5683e+00	
 4.6243e+00	
 4.5933e+00	
 4.5690e+00	
 4.5664e+00	
 4.5988e+00	
 4.5377e+00	
 4.5633e+00	
 4.5775e+00	
 4.5360e+00	
 4.5528e+00	
 4.5281e+00	
 4.4840e+00	
 4.5808e+00	
 4.6129e+00	
 4.5772e+00	
 4.5168e+00	
 4.5455e+00	
 4.5356e+00	
 4.6523e+00	
 4.4631e+00	
 4.4728e+00	
 4.6590e+00	
 4.6849e+00	
 4.5294e+00	
 4.6010e+00	
 4.6125e+00	
 4.5747e+00	
 4.5603e+00	
 4.5781e+00	
 4.4835e+00	
 4.5864e+00	
 4.6387e+00	
 4.5411e+00	
 4.5180e+00	
 4.6289e+00	
 4.5122e+00	
 4.5673e+00	
 4.5703e+00	
 4.5470e+00	
 4.5772e+00	
 4.5397e+00	
 4.5771e+00	
 4.6475e+00	
 4.5923e+00	
 4.5047e+00	
 4.5525e+00	
 4.5330e+00	
 4.6022e+00	
 4.5671e+00	
 4.5659e+00	
 4.5667e+00	
 4.6161e+00	
 4.5521e+00	
 4.5713e+00	
 4.5864e+00	
 4.5026e+00	
 4.5289e+00	
 4.4875e+00	
 4.6620e+00	
 4.5356e+00	
 4.5342e+00	
 4.5833e+00	
 4.5657e+00	
 4.4984e+00	
 4.6369e+00	
 4.5915e+00	
 4.5793e+00	
 4.5199e+00	
 4.5544e+00	
 4.5284e+00	
 4.5910e+00	
 4.5377e+00	
 4.5846e+00	
 4.5753e+00	
 4.5694e+00	
 4.4940e+00	
 4.5796e+00	
 4.5558e+00	
 4.5404e+00	
 4.4689e+00	
 4.5065e+00	
 4.5585e+00	
 4.5715e+00	
 4.5361e+00	
 4.4565e+00	
 4.5685e+00	
 4.4323e+00	
 4.5732e+00	
 4.5224e+00	
 4.5530e+00	
 4.5916e+00	
 4.5507e+00	
 4.5744e+00	
 4.5762e+00	
 4.5311e+00	
 4.5285e+00	
 4.5222e+00	
 4.5458e+00	
 4.6570e+00	
 4.5445e+00	
 4.5062e+00	
 4.5856e+00	
 4.5417e+00	
 4.5006e+00	
 4.5917e+00	
 4.5494e+00	
 4.5331e+00	
 4.6477e+00	
 4.5753e+00	
 4.5758e+00	
 4.5567e+00	
 4.5747e+00	
 4.4995e+00	
 4.5376e+00	
 4.5204e+00	
 4.5684e+00	
 4.4634e+00	
 4.5519e+00	
 4.5171e+00	
 4.5554e+00	
 4.5281e+00	
 4.5084e+00	
 4.5043e+00	
 4.4959e+00	
 4.4790e+00	
 4.6945e+00	
 4.5459e+00	
 4.5651e+00	
 4.5760e+00	
 4.5841e+00	
 4.5863e+00	
 4.5307e+00	
 4.5500e+00	
 4.5974e+00	
 4.5908e+00	
 4.5343e+00	
 4.5881e+00	
 4.5314e+00	
 4.5209e+00	
 4.5353e+00	
 4.5230e+00	
 4.6237e+00	
 4.5912e+00	
 4.5332e+00	
 4.5513e+00	
 4.6171e+00	
 4.5660e+00	
 4.5361e+00	
 4.5866e+00	
 4.5275e+00	
 4.5360e+00	
 4.5934e+00	
 4.5333e+00	
 4.5516e+00	
 4.5813e+00	
 4.6298e+00	
 4.5529e+00	
 4.5402e+00	
 4.5634e+00	
 4.5897e+00	
 4.5718e+00	
 4.5806e+00	
 4.5707e+00	
 4.5432e+00	
 4.5845e+00	
 4.5138e+00	
 4.4565e+00	
 4.5211e+00	
 4.5451e+00	
 4.5759e+00	
 4.5641e+00	
 4.4928e+00	
 4.5682e+00	
 4.5620e+00	
 4.5401e+00	
 4.5596e+00	
 4.4841e+00	
 4.5174e+00	
 4.5049e+00	
 4.7443e+00	
 4.5059e+00	
 4.6130e+00	
 4.5303e+00	
 4.6028e+00	
 4.5785e+00	
 4.5868e+00	
 4.5588e+00	
 4.5649e+00	
 4.5597e+00	
 4.4614e+00	
 4.5120e+00	
 4.5669e+00	
 4.5119e+00	
 4.5912e+00	
 4.6192e+00	
 4.4952e+00	
 4.5747e+00	
 4.5378e+00	
 4.5722e+00	
 4.5630e+00	
 4.5397e+00	
 4.5514e+00	
 4.5149e+00	
 4.5595e+00	
 4.4784e+00	
 4.5980e+00	
 4.5593e+00	
 4.5519e+00	
 4.5450e+00	
 4.6186e+00	
 4.5608e+00	
 4.6172e+00	
 4.5102e+00	
 4.5570e+00	
 4.5398e+00	
 4.4947e+00	
 4.5346e+00	
 4.5500e+00	
 4.5370e+00	
 4.6122e+00	
 4.5125e+00	
 4.5295e+00	
 4.5258e+00	
 4.5715e+00	
 4.6117e+00	
 4.5036e+00	
 4.5742e+00	
 4.5101e+00	
 4.4776e+00	
 4.5361e+00	
 4.5145e+00	
 4.6040e+00	
 4.6275e+00	
 4.5723e+00	
 4.6104e+00	
 4.5815e+00	
 4.5114e+00	
 4.4889e+00	
 4.6042e+00	
 4.4455e+00	
 4.5084e+00	
 4.4264e+00	
 4.6553e+00	
 4.5653e+00	
 4.6579e+00	
 4.5966e+00	
 4.5662e+00	
 4.5573e+00	
 4.5872e+00	
 4.5088e+00	
 4.4537e+00	
 4.5831e+00	
 4.6246e+00	
 4.5597e+00	
 4.5796e+00	
 4.5458e+00	
 4.5831e+00	
 4.5651e+00	
 4.5879e+00	
 4.5452e+00	
 4.4626e+00	
 4.5240e+00	
 4.6601e+00	
 4.4457e+00	
 4.5543e+00	
 4.6121e+00	
 4.5369e+00	
 4.4678e+00	
 4.5619e+00	
 4.5542e+00	
 4.5522e+00	
 4.5798e+00	
 4.5678e+00	
 4.6310e+00	
 4.4948e+00	
 4.5255e+00	
 4.5601e+00	
 4.5475e+00	
 4.5149e+00	
 4.4799e+00	
 4.5548e+00	
 4.5010e+00	
 4.5228e+00	
 4.5737e+00	
 4.5911e+00	
 4.5778e+00	
 4.5563e+00	
 4.5078e+00	
 4.5387e+00	
 4.5836e+00	
 4.5595e+00	
 4.5301e+00	
 4.6134e+00	
 4.5320e+00	
 4.5736e+00	
 4.5578e+00	
 4.5656e+00	
 4.5347e+00	
 4.6119e+00	
 4.5661e+00	
 4.5475e+00	
 4.5501e+00	
 4.5217e+00	
 4.5012e+00	
 4.6111e+00	
 4.5297e+00	
 4.5932e+00	
 4.5164e+00	
 4.5241e+00	
 4.5436e+00	
 4.4827e+00	
 4.4901e+00	
 4.6052e+00	
 4.6629e+00	
 4.5759e+00	
 4.5626e+00	
 4.5655e+00	
 4.5480e+00	
 4.5361e+00	
 4.5601e+00	
 4.5391e+00	
 4.5981e+00	
 4.5545e+00	
 4.4744e+00	
 4.5170e+00	
 4.5248e+00	
 4.5307e+00	
 4.5624e+00	
 4.4232e+00	
 4.6287e+00	
 4.5388e+00	
 4.6359e+00	
 4.5033e+00	
 4.5551e+00	
 4.4764e+00	
 4.5794e+00	
 4.5975e+00	
 4.5996e+00	
 4.6286e+00	
 4.5245e+00	
 4.5269e+00	
 4.5379e+00	
 4.5190e+00	
 4.4543e+00	
 4.5658e+00	
 4.5645e+00	
 4.5544e+00	
 4.5122e+00	
 4.5760e+00	
 4.4846e+00	
 4.5698e+00	
 4.5913e+00	
 4.5695e+00	
 4.5976e+00	
 4.5311e+00	
 4.5113e+00	
 4.5601e+00	
 4.5335e+00	
 4.6430e+00	
 4.5232e+00	
 4.5342e+00	
 4.5538e+00	
 4.5725e+00	
 4.5873e+00	
 4.5783e+00	
 4.6004e+00	
 4.5411e+00	
 4.4915e+00	
 4.5982e+00	
 4.4377e+00	
 4.4836e+00	
 4.5494e+00	
 4.5584e+00	
 4.5456e+00	
 4.4709e+00	
 4.5825e+00	
 4.5687e+00	
 4.4397e+00	
 4.6314e+00	
 4.5649e+00	
 4.5368e+00	
 4.5460e+00	
 4.5434e+00	
 4.5788e+00	
 4.5138e+00	
 4.5425e+00	
 4.5231e+00	
 4.4365e+00	
 4.5619e+00	
 4.4261e+00	
 4.5087e+00	
 4.4801e+00	
 4.4888e+00	
 4.4850e+00	
 4.5059e+00	
 4.5538e+00	
 4.6650e+00	
 4.5682e+00	
 4.5568e+00	
 4.4910e+00	
 4.4003e+00	
 4.5030e+00	
 4.6096e+00	
 4.4830e+00	
 4.5362e+00	
 4.5405e+00	
 4.5686e+00	
 4.5192e+00	
 4.5413e+00	
 4.5348e+00	
 4.5207e+00	
 4.4810e+00	
 4.5656e+00	
 4.5489e+00	
 4.4923e+00	
 4.6030e+00	
 4.5770e+00	
 4.5655e+00	
 4.5452e+00	
 4.5458e+00	
 4.4901e+00	
 4.5284e+00	
 4.5786e+00	
 4.5315e+00	
 4.7150e+00	
 4.5364e+00	
 4.5259e+00	
 4.5252e+00	
 4.5605e+00	
 4.5491e+00	
 4.5982e+00	
 4.5503e+00	
 4.5161e+00	
 4.5272e+00	
 4.5295e+00	
 4.4759e+00	
 4.5523e+00	
 4.3877e+00	
 4.6462e+00	
 4.5647e+00	
 4.5357e+00	
 4.5825e+00	
 4.5493e+00	
 4.5379e+00	
 4.5965e+00	
 4.6171e+00	
 4.5384e+00	
 4.4931e+00	
 4.5482e+00	
 4.5432e+00	
 4.5466e+00	
 4.5151e+00	
 4.5189e+00	
 4.5372e+00	
 4.5637e+00	
 4.5394e+00	
 4.5068e+00	
 4.5922e+00	
 4.5600e+00	
 4.5994e+00	
 4.5639e+00	
 4.5256e+00	
 4.4198e+00	
 4.5954e+00	
 4.4726e+00	
 4.5620e+00	
 4.5793e+00	
 4.5150e+00	
 4.6246e+00	
 4.5581e+00	
 4.5346e+00	
 4.5417e+00	
 4.5505e+00	
 4.6175e+00	
 4.5309e+00	
 4.5839e+00	
 4.6032e+00	
 4.5723e+00	
 4.6116e+00	
 4.5183e+00	
 4.5552e+00	
 4.6036e+00	
 4.6096e+00	
 4.5501e+00	
 4.5682e+00	
 4.6073e+00	
 4.5681e+00	
 4.5019e+00	
 4.5783e+00	
 4.5080e+00	
 4.6151e+00	
 4.5888e+00	
 4.5689e+00	
 4.5450e+00	
 4.5226e+00	
 4.4723e+00	
 4.5111e+00	
 4.5698e+00	
 4.6277e+00	
 4.5438e+00	
 4.5452e+00	
 4.5118e+00	
 4.5735e+00	
 4.5586e+00	
 4.4639e+00	
 4.6049e+00	
 4.5244e+00	
 4.5478e+00	
 4.5044e+00	
 4.5667e+00	
 4.5411e+00	
 4.5345e+00	
 4.5874e+00	
 4.6131e+00	
 4.5457e+00	
 4.5205e+00	
 4.5507e+00	
 4.5680e+00	
 4.4938e+00	
 4.5193e+00	
 4.4989e+00	
 4.5050e+00	
 4.5167e+00	
 4.5017e+00	
 4.4597e+00	
 4.5435e+00	
 4.5135e+00	
 4.5764e+00	
 4.4832e+00	
 4.5605e+00	
 4.4598e+00	
 4.4902e+00	
 4.4857e+00	
 4.5794e+00	
 4.5249e+00	
 4.5515e+00	
 4.5531e+00	
 4.5466e+00	
 4.6289e+00	
 4.5671e+00	
 4.5584e+00	
 4.5363e+00	
 4.5293e+00	
 4.6145e+00	
 4.5196e+00	
 4.6055e+00	
 4.5201e+00	
 4.5067e+00	
 4.5137e+00	
 4.5974e+00	
 4.6778e+00	
 4.5192e+00	
 4.5319e+00	
 4.6059e+00	
 4.5708e+00	
 4.5306e+00	
 4.5109e+00	
 4.5569e+00	
 4.5345e+00	
 4.4835e+00	
 4.5849e+00	
 4.5414e+00	
 4.5000e+00	
 4.5728e+00	
 4.5658e+00	
 4.5470e+00	
 4.5295e+00	
 4.5514e+00	
 4.5774e+00	
 4.4943e+00	
 4.5144e+00	
 4.4866e+00	
 4.4967e+00	
 4.5306e+00	
 4.5196e+00	
 4.5774e+00	
 4.4957e+00	
 4.5292e+00	
 4.5534e+00	
 4.5252e+00	
 4.5954e+00	
 4.5480e+00	
 4.4588e+00	
 4.5500e+00	
 4.5479e+00	
 4.4735e+00	
 4.4936e+00	
 4.5223e+00	
 4.5360e+00	
 4.4845e+00	
 4.7240e+00	
 4.5701e+00	
 4.5534e+00	
 4.5089e+00	
 4.5867e+00	
 4.5306e+00	
 4.5144e+00	
 4.4559e+00	
 4.4862e+00	
 4.5982e+00	
 4.5566e+00	
 4.5573e+00	
 4.5366e+00	
 4.6189e+00	
 4.5724e+00	
 4.5848e+00	
 4.5439e+00	
 4.4878e+00	
 4.5432e+00	
 4.6053e+00	
 4.5084e+00	
 4.5536e+00	
 4.5581e+00	
 4.5241e+00	
 4.4616e+00	
 4.5393e+00	
 4.4882e+00	
 4.5595e+00	
 4.4903e+00	
 4.5781e+00	
 4.5393e+00	
 4.5317e+00	
 4.5412e+00	
 4.4456e+00	
 4.6408e+00	
 4.4951e+00	
 4.6343e+00	
 4.5522e+00	
 4.5624e+00	
 4.5597e+00	
 4.4323e+00	
 4.4979e+00	
 4.6121e+00	
 4.5357e+00	
 4.5292e+00	
 4.4702e+00	
 4.6089e+00	
 4.5059e+00	
 4.5491e+00	
 4.6201e+00	
 4.5162e+00	
 4.5153e+00	
 4.4730e+00	
 4.6070e+00	
 4.5564e+00	
 4.5086e+00	
 4.5573e+00	
 4.5509e+00	
 4.5220e+00	
 4.4863e+00	
 4.5838e+00	
 4.4570e+00	
 4.5102e+00	
 4.5417e+00	
 4.5683e+00	
 4.5252e+00	
 4.4998e+00	
 4.5125e+00	
 4.5314e+00	
 4.5173e+00	
 4.5906e+00	
 4.4237e+00	
 4.5737e+00	
 4.5634e+00	
 4.5601e+00	
 4.4894e+00	
 4.5804e+00	
 4.4908e+00	
 4.6206e+00	
 4.5434e+00	
 4.5389e+00	
 4.4865e+00	
 4.4540e+00	
 4.5125e+00	
 4.4615e+00	
 4.5247e+00	
 4.4672e+00	
 4.5820e+00	
 4.5589e+00	
 4.5314e+00	
 4.6176e+00	
 4.5236e+00	
 4.5560e+00	
 4.5491e+00	
 4.4676e+00	
 4.5245e+00	
 4.6226e+00	
 4.5051e+00	
 4.5319e+00	
 4.4964e+00	
 4.5362e+00	
 4.5613e+00	
 4.5678e+00	
 4.5975e+00	
 4.5610e+00	
 4.5053e+00	
 4.5280e+00	
 4.4926e+00	
 4.5367e+00	
 4.6196e+00	
 4.5483e+00	
 4.5528e+00	
 4.4955e+00	
 4.5698e+00	
 4.6058e+00	
 4.5595e+00	
 4.5342e+00	
 4.5016e+00	
 4.5612e+00	
 4.4630e+00	
 4.5036e+00	
 4.6139e+00	
 4.4601e+00	
 4.5550e+00	
 4.5572e+00	
 4.5870e+00	
 4.5062e+00	
 4.5765e+00	
 4.4524e+00	
 4.4971e+00	
 4.5052e+00	
 4.5865e+00	
 4.5202e+00	
 4.4766e+00	
 4.5184e+00	
 4.4773e+00	
 4.5702e+00	
 4.4374e+00	
 4.5039e+00	
 4.4075e+00	
 4.4552e+00	
 4.5611e+00	
 4.4807e+00	
 4.5800e+00	
 4.4885e+00	
 4.5054e+00	
 4.5251e+00	
 4.6110e+00	
 4.4128e+00	
 4.4823e+00	
 4.6326e+00	
 4.5408e+00	
 4.5640e+00	
 4.5244e+00	
 4.5520e+00	
 4.6027e+00	
 4.5337e+00	
 4.5476e+00	
 4.4948e+00	
 4.4914e+00	
 4.5634e+00	
 4.5207e+00	
 4.5506e+00	
 4.5152e+00	
 4.4771e+00	
 4.4890e+00	
 4.4370e+00	
 4.5188e+00	
 4.6613e+00	
 4.5854e+00	
 4.5629e+00	
 4.5061e+00	
 4.5515e+00	
 4.4723e+00	
 4.4985e+00	
 4.5536e+00	
 4.5732e+00	
 4.4540e+00	
 4.5395e+00	
 4.4658e+00	
 4.5383e+00	
 4.5758e+00	
 4.5698e+00	
 4.4549e+00	
 4.5829e+00	
 4.5234e+00	
 4.5123e+00	
 4.5277e+00	
 4.5065e+00	
 4.5320e+00	
 4.4944e+00	
 4.5417e+00	
 4.5816e+00	
 4.5614e+00	
 4.5347e+00	
 4.4855e+00	
 4.5714e+00	
 4.5451e+00	
 4.5251e+00	
 4.5285e+00	
 4.5408e+00	
 4.5171e+00	
 4.4660e+00	
 4.5671e+00	
 4.4965e+00	
 4.5710e+00	
 4.5257e+00	
 4.5638e+00	
 4.5345e+00	
 4.5151e+00	
 4.5405e+00	
 4.5592e+00	
 4.5438e+00	
 4.5618e+00	
 4.5467e+00	
 4.5338e+00	
 4.5688e+00	
 4.5553e+00	
 4.4856e+00	
 4.4511e+00	
 4.5555e+00	
 4.5694e+00	
 4.5407e+00	
 4.4168e+00	
 4.6143e+00	
 4.3938e+00	
 4.5517e+00	
 4.4825e+00	
 4.5264e+00	
 4.4484e+00	
 4.4706e+00	
 4.5058e+00	
 4.5979e+00	
 4.5867e+00	
 4.6240e+00	
 4.5757e+00	
 4.5645e+00	
 4.5086e+00	
 4.4398e+00	
 4.4877e+00	
 4.5187e+00	
 4.5378e+00	
 4.5545e+00	
 4.5936e+00	
 4.4762e+00	
 4.5312e+00	
 4.5255e+00	
 4.4449e+00	
 4.5334e+00	
 4.5236e+00	
 4.4934e+00	
 4.5417e+00	
 4.5458e+00	
 4.4050e+00	
 4.5337e+00	
 4.4911e+00	
 4.4794e+00	
 4.5334e+00	
 4.5864e+00	
 4.5262e+00	
 4.5265e+00	
 4.5527e+00	
 4.5167e+00	
 4.5463e+00	
 4.6101e+00	
 4.5782e+00	
 4.5040e+00	
 4.5577e+00	
 4.5507e+00	
 4.4313e+00	
 4.5568e+00	
 4.5373e+00	
 4.5088e+00	
 4.5489e+00	
 4.5535e+00	
 4.5476e+00	
 4.5353e+00	
 4.5428e+00	
 4.4663e+00	
 4.5433e+00	
 4.4837e+00	
 4.5148e+00	
 4.4996e+00	
 4.5887e+00	
 4.4905e+00	
 4.3930e+00	
 4.5245e+00	
 4.5670e+00	
 4.4937e+00	
 4.5235e+00	
 4.5728e+00	
 4.4932e+00	
 4.5457e+00	
 4.5741e+00	
 4.5716e+00	
 4.5327e+00	
 4.4782e+00	
 4.5127e+00	
 4.5365e+00	
 4.4822e+00	
 4.5218e+00	
 4.5077e+00	
 4.3480e+00	
 4.5194e+00	
 4.5505e+00	
 4.4459e+00	
 4.5722e+00	
 4.5486e+00	
 4.5162e+00	
 4.4603e+00	
 4.4515e+00	
 4.6276e+00	
 4.6049e+00	
 4.4881e+00	
 4.5431e+00	
 4.5834e+00	
 4.5425e+00	
 4.4935e+00	
 4.5472e+00	
 4.4786e+00	
 4.4798e+00	
 4.5669e+00	
 4.5889e+00	
 4.4985e+00	
 4.5393e+00	
 4.5056e+00	
 4.5393e+00	
 4.5128e+00	
 4.5202e+00	
 4.4853e+00	
 4.4833e+00	
 4.5579e+00	
 4.5386e+00	
 4.5907e+00	
 4.5694e+00	
 4.5042e+00	
 4.5428e+00	
 4.5167e+00	
 4.5191e+00	
 4.4723e+00	
 4.4352e+00	
 4.5802e+00	
 4.5065e+00	
 4.5204e+00	
 4.5902e+00	
 4.5368e+00	
 4.5041e+00	
 4.4264e+00	
 4.4123e+00	
 4.4732e+00	
 4.4260e+00	
 4.4469e+00	
 4.5186e+00	
 4.4643e+00	
 4.5699e+00	
 4.4579e+00	
 4.3837e+00	
 4.4906e+00	
 4.5139e+00	
 4.4997e+00	
 4.5295e+00	
 4.5256e+00	
 4.4085e+00	
 4.4327e+00	
 4.5155e+00	
 4.5682e+00	
 4.5025e+00	
 4.5676e+00	
 4.5428e+00	
 4.5285e+00	
 4.5505e+00	
 4.4583e+00	
 4.5581e+00	
 4.4411e+00	
 4.5043e+00	
 4.4862e+00	
 4.5922e+00	
 4.4775e+00	
 4.4611e+00	
 4.5267e+00	
 4.4973e+00	
 4.4334e+00	
 4.5307e+00	
 4.4906e+00	
 4.4504e+00	
 4.5404e+00	
 4.5564e+00	
 4.5653e+00	
 4.4613e+00	
 4.4734e+00	
 4.3517e+00	
 4.5431e+00	
 4.5458e+00	
 4.4536e+00	
 4.4657e+00	
 4.5110e+00	
 4.6056e+00	
 4.5962e+00	
 4.5606e+00	
 4.5351e+00	
 4.4363e+00	
 4.4932e+00	
 4.4241e+00	
 4.5068e+00	
 4.5157e+00	
 4.4017e+00	
 4.4877e+00	
 4.5049e+00	
 4.5885e+00	
 4.4758e+00	
 4.5526e+00	
 4.5359e+00	
 4.5374e+00	
 4.5374e+00	
 4.4571e+00	
 4.5774e+00	
 4.4591e+00	
 4.3868e+00	
 4.5799e+00	
 4.5121e+00	
 4.4473e+00	
 4.4942e+00	
 4.4940e+00	
 4.4403e+00	
 4.5111e+00	
 4.5446e+00	
 4.5108e+00	
 4.4784e+00	
 4.5058e+00	
 4.4890e+00	
 4.4100e+00	
 4.5970e+00	
 4.5110e+00	
 4.4817e+00	
 4.4319e+00	
 4.4995e+00	
 4.5614e+00	
 4.5054e+00	
 4.4823e+00	
 4.5302e+00	
 4.4594e+00	
 4.5095e+00	
 4.4150e+00	
 4.4256e+00	
 4.4314e+00	
 4.3788e+00	
 4.4743e+00	
 4.4456e+00	
 4.4829e+00	
 4.4053e+00	
 4.4870e+00	
 4.5068e+00	
 4.4210e+00	
 4.5480e+00	
 4.6156e+00	
 4.5858e+00	
 4.5810e+00	
 4.4732e+00	
 4.5159e+00	
 4.5572e+00	
 4.5192e+00	
 4.5251e+00	
 4.4840e+00	
 4.4688e+00	
 4.5341e+00	
 4.4671e+00	
 4.4726e+00	
 4.5431e+00	
 4.3901e+00	
 4.3927e+00	
 4.5165e+00	
 4.4264e+00	
 4.5287e+00	
 4.5567e+00	
 4.4941e+00	
 4.4242e+00	
 4.5814e+00	
 4.5755e+00	
 4.4573e+00	
 4.4460e+00	
 4.5272e+00	
 4.5304e+00	
 4.5165e+00	
 4.4733e+00	
 4.5249e+00	
 4.5407e+00	
 4.5225e+00	
 4.5597e+00	
 4.4712e+00	
 4.4683e+00	
 4.4642e+00	
 4.5585e+00	
 4.5103e+00	
 4.4950e+00	
 4.4169e+00	
 4.4299e+00	
 4.4589e+00	
 4.5677e+00	
 4.5210e+00	
 4.4821e+00	
 4.4554e+00	
 4.5292e+00	
 4.5328e+00	
 4.4866e+00	
 4.3927e+00	
 4.4343e+00	
 4.4609e+00	
 4.5939e+00	
 4.3635e+00	
 4.5397e+00	
 4.4437e+00	
 4.4349e+00	
 4.5112e+00	
 4.4769e+00	
 4.6587e+00	
 4.4593e+00	
 4.5012e+00	
 4.5559e+00	
 4.4924e+00	
 4.5147e+00	
 4.4384e+00	
 4.4056e+00	
 4.4538e+00	
 4.5304e+00	
 4.4551e+00	
 4.5279e+00	
 4.4161e+00	
 4.4741e+00	
 4.4269e+00	
 4.5767e+00	
 4.5960e+00	
 4.6559e+00	
 4.5878e+00	
 4.5323e+00	
 4.5536e+00	
 4.4948e+00	
 4.4864e+00	
 4.4355e+00	
 4.5374e+00	
 4.5626e+00	
 4.4961e+00	
 4.5492e+00	
 4.4185e+00	
 4.5380e+00	
 4.4861e+00	
 4.4599e+00	
 4.5002e+00	
 4.5966e+00	
 4.4187e+00	
 4.5373e+00	
 4.3407e+00	
 4.5358e+00	
 4.6096e+00	
 4.3179e+00	
 4.4519e+00	
 4.3944e+00	
 4.4159e+00	
 4.5652e+00	
 4.5235e+00	
 4.4938e+00	
 4.5029e+00	
 4.4613e+00	
 4.5473e+00	
 4.5608e+00	
 4.4574e+00	
 4.4867e+00	
 4.5590e+00	
 4.4389e+00	
 4.4116e+00	
 4.4697e+00	
 4.5905e+00	
 4.4728e+00	
 4.4333e+00	
 4.5235e+00	
 4.5035e+00	
 4.4941e+00	
 4.4385e+00	
 4.4907e+00	
 4.4171e+00	
 4.5082e+00	
 4.3894e+00	
 4.4967e+00	
 4.4730e+00	
 4.4113e+00	
 4.4632e+00	
 4.5084e+00	
 4.3704e+00	
 4.5237e+00	
 4.4585e+00	
 4.4906e+00	
 4.4893e+00	
 4.4520e+00	
 4.3709e+00	
 4.4411e+00	
 4.3019e+00	
 4.4622e+00	
 4.5022e+00	
 4.4126e+00	
 4.3633e+00	
 4.3449e+00	
 4.5440e+00	
 4.4874e+00	
 4.5345e+00	
 4.4680e+00	
 4.5532e+00	
 4.3392e+00	
 4.4159e+00	
 4.5000e+00	
 4.4895e+00	
 4.4875e+00	
 4.5012e+00	
 4.5721e+00	
 4.5181e+00	
 4.5361e+00	
 4.4001e+00	
 4.4794e+00	
 4.5965e+00	
 4.3991e+00	
 4.4795e+00	
 4.4470e+00	
 4.4612e+00	
 4.4716e+00	
 4.4086e+00	
 4.5417e+00	
 4.4716e+00	
 4.4433e+00	
 4.4786e+00	
 4.4384e+00	
 4.5792e+00	
 4.4749e+00	
 4.5281e+00	
 4.4706e+00	
 4.4558e+00	
 4.4939e+00	
 4.4964e+00	
 4.4444e+00	
 4.4726e+00	
 4.4302e+00	
 4.3987e+00	
 4.5518e+00	
 4.5177e+00	
 4.4828e+00	
 4.5428e+00	
 4.4264e+00	
 4.4928e+00	
 4.4287e+00	
 4.3700e+00	
 4.4685e+00	
 4.3331e+00	
 4.5435e+00	
 4.5334e+00	
 4.5055e+00	
 4.5741e+00	
 4.4581e+00	
 4.4525e+00	
 4.5501e+00	
 4.5236e+00	
 4.4712e+00	
 4.4502e+00	
 4.5275e+00	
 4.4875e+00	
 4.4627e+00	
 4.4754e+00	
 4.4926e+00	
 4.4535e+00	
 4.5553e+00	
 4.4249e+00	
 4.4192e+00	
 4.4092e+00	
 4.5351e+00	
 4.5314e+00	
 4.5446e+00	
 4.4909e+00	
 4.5419e+00	
 4.4604e+00	
 4.3917e+00	
 4.4090e+00	
 4.5677e+00	
 4.3777e+00	
 4.4379e+00	
 4.4045e+00	
 4.4678e+00	
 4.4961e+00	
 4.3629e+00	
 4.4181e+00	
 4.4549e+00	
 4.5234e+00	
 4.4247e+00	
 4.3053e+00	
 4.5138e+00	
 4.5292e+00	
 4.4711e+00	
 4.4603e+00	
 4.4607e+00	
 4.4731e+00	
 4.3741e+00	
 4.5273e+00	
 4.4188e+00	
 4.5733e+00	
 4.4117e+00	
 4.3957e+00	
 4.4169e+00	
 4.5433e+00	
 4.4301e+00	
 4.4494e+00	
 4.3604e+00	
 4.4887e+00	
 4.3892e+00	
 4.4466e+00	
 4.5174e+00	
 4.4678e+00	
 4.4577e+00	
 4.5079e+00	
 4.5089e+00	
 4.4482e+00	
 4.5352e+00	
 4.4464e+00	
 4.3807e+00	
 4.4720e+00	
 4.4114e+00	
 4.4925e+00	
 4.4978e+00	
 4.5310e+00	
 4.3865e+00	
 4.4178e+00	
 4.5500e+00	
 4.3353e+00	
 4.4180e+00	
 4.2729e+00	
 4.5887e+00	
 4.5943e+00	
 4.5867e+00	
 4.4798e+00	
 4.6895e+00	
 4.4601e+00	
 4.5174e+00	
 4.5130e+00	
 4.4767e+00	
 4.4685e+00	
 4.4486e+00	
 4.5125e+00	
 4.4098e+00	
 4.6443e+00	
 4.5209e+00	
 4.5272e+00	
 4.4559e+00	
 4.4662e+00	
 4.4235e+00	
 4.3886e+00	
 4.3997e+00	
 4.4339e+00	
 4.3673e+00	
 4.3678e+00	
 4.4977e+00	
 4.3637e+00	
 4.4887e+00	
 4.4862e+00	
 4.4540e+00	
 4.5047e+00	
 4.4955e+00	
 4.5239e+00	
 4.4922e+00	
 4.3789e+00	
 4.4563e+00	
 4.2336e+00	
 4.4781e+00	
 4.4684e+00	
 4.4358e+00	
 4.5977e+00	
 4.4910e+00	
 4.4398e+00	
 4.5119e+00	
 4.4099e+00	
 4.4113e+00	
 4.4806e+00	
 4.4224e+00	
 4.3705e+00	
 4.4334e+00	
 4.4452e+00	
 4.2966e+00	
 4.4585e+00	
 4.4396e+00	
 4.5389e+00	
 4.4943e+00	
 4.4757e+00	
 4.5479e+00	
 4.4494e+00	
 4.5055e+00	
 4.4965e+00	
 4.5827e+00	
 4.4937e+00	
 4.4913e+00	
 4.3506e+00	
 4.4535e+00	
 4.4923e+00	
 4.4283e+00	
 4.5146e+00	
 4.4496e+00	
 4.4651e+00	
 4.2919e+00	
 4.5424e+00	
 4.3897e+00	
 4.4532e+00	
 4.2391e+00	
 4.4953e+00	
 4.4317e+00	
 4.4749e+00	
 4.5508e+00	
 4.4641e+00	
 4.3074e+00	
 4.3862e+00	
 4.5037e+00	
 4.4631e+00	
 4.4169e+00	
 4.3492e+00	
 4.2421e+00	
 4.5557e+00	
 4.5132e+00	
 4.5053e+00	
 4.4554e+00	
 4.4268e+00	
 4.3254e+00	
 4.3251e+00	
 4.4775e+00	
 4.4782e+00	
 4.4587e+00	
 4.4270e+00	
 4.5682e+00	
 4.5351e+00	
 4.4093e+00	
 4.3764e+00	
 4.4045e+00	
 4.4970e+00	
 4.4223e+00	
 4.4165e+00	
 4.2486e+00	
 4.4639e+00	
 4.4461e+00	
 4.4221e+00	
 4.3886e+00	
 4.5189e+00	
 4.4819e+00	
 4.4250e+00	
 4.4918e+00	
 4.4514e+00	
 4.4602e+00	
 4.5188e+00	
 4.5494e+00	
 4.4067e+00	
 4.5003e+00	
 4.5059e+00	
 4.4007e+00	
 4.5369e+00	
 4.4930e+00	
 4.3287e+00	
 4.5089e+00	
 4.5140e+00	
 4.4144e+00	
 4.3030e+00	
 4.4058e+00	
 4.4334e+00	
 4.3359e+00	
 4.4336e+00	
 4.4430e+00	
 4.4828e+00	
 4.5023e+00	
 4.4640e+00	
 4.4214e+00	
 4.3433e+00	
 4.4713e+00	
 4.4904e+00	
 4.3569e+00	
 4.4701e+00	
 4.3516e+00	
 4.3714e+00	
 4.4348e+00	
 4.3306e+00	
 4.5154e+00	
 4.5077e+00	
 4.3128e+00	
 4.4201e+00	
 4.3737e+00	
 4.4104e+00	
 4.5095e+00	
 4.5796e+00	
 4.5212e+00	
 4.4805e+00	
 4.4635e+00	
 4.4835e+00	
 4.5183e+00	
 4.4292e+00	
 4.4531e+00	
 4.4062e+00	
 4.4445e+00	
 4.3686e+00	
 4.4373e+00	
 4.4156e+00	
 4.5507e+00	
 4.5016e+00	
 4.4499e+00	
 4.4731e+00	
 4.3646e+00	
 4.5142e+00	
 4.4520e+00	
 4.4412e+00	
 4.4390e+00	
 4.4518e+00	
 4.2831e+00	
 4.4633e+00	
 4.4522e+00	
 4.3083e+00	
 4.4611e+00	
 4.4886e+00	
 4.5323e+00	
 4.4440e+00	
 4.3744e+00	
 4.4429e+00	
 4.3882e+00	
 4.4167e+00	
 4.4193e+00	
 4.5072e+00	
 4.3002e+00	
 4.3769e+00	
 4.4607e+00	
 4.3713e+00	
 4.4057e+00	
 4.4615e+00	
 4.4212e+00	
 4.4044e+00	
 4.5918e+00	
 4.4511e+00	
 4.3824e+00	
 4.4621e+00	
 4.4194e+00	
 4.4417e+00	
 4.3314e+00	
 4.4846e+00	
 4.6064e+00	
 4.3764e+00	
 4.3550e+00	
 4.4465e+00	
 4.4434e+00	
 4.6095e+00	
 4.5365e+00	
 4.4004e+00	
 4.4720e+00	
 4.3284e+00	
 4.4661e+00	
 4.3617e+00	
 4.5288e+00	
 4.4698e+00	
 4.5229e+00	
 4.4154e+00	
 4.4045e+00	
 4.3938e+00	
 4.4356e+00	
 4.3611e+00	
 4.5362e+00	
 4.4794e+00	
 4.3281e+00	
 4.4678e+00	
 4.4565e+00	
 4.2883e+00	
 4.5437e+00	
 4.4521e+00	
 4.3715e+00	
 4.4992e+00	
 4.5335e+00	
 4.3390e+00	
 4.5279e+00	
 4.4636e+00	
 4.3918e+00	
 4.4947e+00	
 4.5037e+00	
 4.3327e+00	
 4.3895e+00	
 4.4872e+00	
 4.4244e+00	
 4.4253e+00	
 4.4061e+00	
 4.4526e+00	
 4.3966e+00	
 4.5323e+00	
 4.4151e+00	
 4.3896e+00	
 4.4354e+00	
 4.4767e+00	
 4.4628e+00	
 4.2429e+00	
 4.3574e+00	
 4.4795e+00	
 4.3914e+00	
 4.5434e+00	
 4.5096e+00	
 4.5057e+00	
 4.4978e+00	
 4.4237e+00	
 4.3247e+00	
 4.4709e+00	
 4.3700e+00	
 4.5086e+00	
 4.4393e+00	
 4.4046e+00	
 4.5151e+00	
 4.4252e+00	
 4.5576e+00	
 4.4037e+00	
 4.3312e+00	
 4.5230e+00	
 4.4609e+00	
 4.4697e+00	
 4.4492e+00	
 4.3386e+00	
 4.3942e+00	
 4.4770e+00	
 4.3019e+00	
 4.3644e+00	
 4.3870e+00	
 4.4354e+00	
 4.2861e+00	
 4.3783e+00	
 4.4733e+00	
 4.5717e+00	
 4.5638e+00	
 4.3944e+00	
 4.4734e+00	
 4.4521e+00	
 4.4335e+00	
 4.4250e+00	
 4.5604e+00	
 4.5412e+00	
 4.2680e+00	
 4.3583e+00	
 4.3542e+00	
 4.5063e+00	
 4.5173e+00	
 4.4173e+00	
 4.3885e+00	
 4.4723e+00	
 4.4370e+00	
 4.4092e+00	
 4.3658e+00	
 4.5291e+00	
 4.2832e+00	
 4.3122e+00	
 4.6456e+00	
 4.5506e+00	
 4.3433e+00	
 4.3621e+00	
 4.4161e+00	
 4.3960e+00	
 4.3909e+00	
 4.4179e+00	
 4.4302e+00	
 4.6154e+00	
 4.4545e+00	
 4.3891e+00	
 4.3200e+00	
 4.5127e+00	
 4.5184e+00	
 4.4124e+00	
 4.4747e+00	
 4.3080e+00	
 4.4646e+00	
 4.4351e+00	
 4.4478e+00	
 4.4116e+00	
 4.3096e+00	
 4.4569e+00	
 4.5170e+00	
 4.4810e+00	
 4.4322e+00	
 4.4699e+00	
 4.3680e+00	
 4.3090e+00	
 4.4653e+00	
 4.2533e+00	
 4.4488e+00	
 4.4394e+00	
 4.4706e+00	
 4.3467e+00	
 4.5249e+00	
 4.3859e+00	
 4.4947e+00	
 4.3934e+00	
 4.3981e+00	
 4.5404e+00	
 4.4477e+00	
 4.5235e+00	
 4.4378e+00	
 4.4330e+00	
 4.5017e+00	
 4.4190e+00	
 4.4239e+00	
 4.4054e+00	
 4.3556e+00	
 4.5152e+00	
 4.5967e+00	
 4.3880e+00	
 4.3317e+00	
 4.3342e+00	
 4.4959e+00	
 4.3878e+00	
 4.3892e+00	
 4.4566e+00	
 4.5840e+00	
 4.6229e+00	
 4.5448e+00	
 4.5557e+00	
 4.4820e+00	
 4.4992e+00	
 4.4360e+00	
 4.4998e+00	
 4.4438e+00	
 4.4754e+00	
 4.5631e+00	
 4.4111e+00	
 4.3953e+00	
 4.4178e+00	
 4.4252e+00	
 4.5174e+00	
 4.3893e+00	
 4.5491e+00	
 4.4633e+00	
 4.6402e+00	
 4.3797e+00	
 4.4244e+00	
 4.5321e+00	
 4.4945e+00	
 4.4867e+00	
 4.4780e+00	
 4.4017e+00	
 4.4182e+00	
 4.4970e+00	
 4.3550e+00	
 4.3083e+00	
 4.5621e+00	
 4.3628e+00	
 4.4240e+00	
 4.5366e+00	
 4.4801e+00	
 4.4421e+00	
 4.4185e+00	
 4.4583e+00	
 4.4895e+00	
 4.3672e+00	
 4.4485e+00	
 4.4183e+00	
 4.5114e+00	
 4.2800e+00	
 4.4742e+00	
 4.3911e+00	
 4.3808e+00	
 4.4032e+00	
 4.3776e+00	
 4.4134e+00	
 4.4093e+00	
 4.3852e+00	
 4.3120e+00	
 4.3462e+00	
 4.3402e+00	
 4.3564e+00	
 4.2920e+00	
 4.3823e+00	
 4.3973e+00	
 4.3891e+00	
 4.3934e+00	
 4.5443e+00	
 4.4741e+00	
 4.3949e+00	
 4.4541e+00	
 4.4396e+00	
 4.3615e+00	
 4.4351e+00	
 4.3566e+00	
 4.6068e+00	
 4.2751e+00	
 4.2956e+00	
 4.4573e+00	
 4.4701e+00	
 4.3400e+00	
 4.4263e+00	
 4.4313e+00	
 4.4554e+00	
 4.4102e+00	
 4.4097e+00	
 4.4323e+00	
 4.4035e+00	
 4.4422e+00	
 4.5016e+00	
 4.3070e+00	
 4.4713e+00	
 4.3887e+00	
 4.5362e+00	
 4.3453e+00	
 4.3211e+00	
 4.3841e+00	
 4.5035e+00	
 4.4443e+00	
 4.5601e+00	
 4.4333e+00	
 4.3542e+00	
 4.4609e+00	
 4.3320e+00	
 4.3719e+00	
 4.4199e+00	
 4.4025e+00	
 4.5942e+00	
 4.4845e+00	
 4.3939e+00	
 4.4235e+00	
 4.3345e+00	
 4.3580e+00	
 4.5295e+00	
 4.2704e+00	
 4.2703e+00	
 4.4632e+00	
 4.4100e+00	
 4.3676e+00	
 4.4493e+00	
 4.4855e+00	
 4.4101e+00	
 4.5347e+00	
 4.3288e+00	
 4.3200e+00	
 4.5017e+00	
 4.3431e+00	
 4.4320e+00	
 4.4542e+00	
 4.4118e+00	
 4.4193e+00	
 4.4058e+00	
 4.4257e+00	
 4.3995e+00	
 4.5105e+00	
 4.5514e+00	
 4.5362e+00	
 4.4292e+00	
 4.3822e+00	
