loss	
 4.6309e+00	
 4.6502e+00	
 4.6028e+00	
 4.6178e+00	
 4.6149e+00	
 4.6135e+00	
 4.6279e+00	
 4.6266e+00	
 4.5972e+00	
 4.6058e+00	
 4.6081e+00	
 4.6129e+00	
 4.6397e+00	
 4.6248e+00	
 4.6195e+00	
 4.6129e+00	
 4.6155e+00	
 4.6185e+00	
 4.6214e+00	
 4.6239e+00	
 4.6037e+00	
 4.6380e+00	
 4.5940e+00	
 4.6405e+00	
 4.6122e+00	
 4.6124e+00	
 4.6175e+00	
 4.5959e+00	
 4.6070e+00	
 4.6301e+00	
 4.6083e+00	
 4.6012e+00	
 4.6247e+00	
 4.6291e+00	
 4.6101e+00	
 4.6117e+00	
 4.6136e+00	
 4.6078e+00	
 4.6245e+00	
 4.6031e+00	
 4.6137e+00	
 4.6219e+00	
 4.6251e+00	
 4.6276e+00	
 4.6222e+00	
 4.6192e+00	
 4.6100e+00	
 4.6250e+00	
 4.6154e+00	
 4.6102e+00	
 4.6053e+00	
 4.6309e+00	
 4.6167e+00	
 4.6212e+00	
 4.6044e+00	
 4.6257e+00	
 4.6186e+00	
 4.6119e+00	
 4.6202e+00	
 4.6180e+00	
 4.6146e+00	
 4.6031e+00	
 4.6180e+00	
 4.6347e+00	
 4.6223e+00	
 4.6296e+00	
 4.5942e+00	
 4.5914e+00	
 4.6156e+00	
 4.6306e+00	
 4.6194e+00	
 4.6257e+00	
 4.6313e+00	
 4.6293e+00	
 4.6009e+00	
 4.6281e+00	
 4.5892e+00	
 4.5934e+00	
 4.6192e+00	
 4.6251e+00	
 4.6102e+00	
 4.6223e+00	
 4.6248e+00	
 4.6248e+00	
 4.6343e+00	
 4.6457e+00	
 4.6182e+00	
 4.6355e+00	
 4.6380e+00	
 4.6163e+00	
 4.6236e+00	
 4.6237e+00	
 4.6189e+00	
 4.6157e+00	
 4.6357e+00	
 4.6011e+00	
 4.6228e+00	
 4.6000e+00	
 4.6203e+00	
 4.5938e+00	
 4.5945e+00	
 4.6114e+00	
 4.6153e+00	
 4.6300e+00	
 4.6177e+00	
 4.6225e+00	
 4.6163e+00	
 4.6023e+00	
 4.6088e+00	
 4.6205e+00	
 4.6079e+00	
 4.6528e+00	
 4.6130e+00	
 4.6047e+00	
 4.5837e+00	
 4.6063e+00	
 4.6054e+00	
 4.5913e+00	
 4.6203e+00	
 4.6230e+00	
 4.6449e+00	
 4.6324e+00	
 4.6047e+00	
 4.5977e+00	
 4.6297e+00	
 4.6024e+00	
 4.6073e+00	
 4.6318e+00	
 4.6275e+00	
 4.6313e+00	
 4.6323e+00	
 4.6355e+00	
 4.6006e+00	
 4.5996e+00	
 4.6148e+00	
 4.6312e+00	
 4.6169e+00	
 4.6391e+00	
 4.6203e+00	
 4.6068e+00	
 4.6392e+00	
 4.6115e+00	
 4.6291e+00	
 4.6291e+00	
 4.6078e+00	
 4.5986e+00	
 4.6167e+00	
 4.6053e+00	
 4.6308e+00	
 4.6148e+00	
 4.6056e+00	
 4.6203e+00	
 4.6146e+00	
 4.6099e+00	
 4.5993e+00	
 4.6047e+00	
 4.6204e+00	
 4.6045e+00	
 4.6235e+00	
 4.6118e+00	
 4.6138e+00	
 4.6206e+00	
 4.6073e+00	
 4.6003e+00	
 4.6210e+00	
 4.5920e+00	
 4.6098e+00	
 4.6262e+00	
 4.6168e+00	
 4.6006e+00	
 4.6152e+00	
 4.6151e+00	
 4.6308e+00	
 4.6245e+00	
 4.6154e+00	
 4.6036e+00	
 4.6302e+00	
 4.6153e+00	
 4.6082e+00	
 4.6173e+00	
 4.6083e+00	
 4.6294e+00	
 4.6114e+00	
 4.6135e+00	
 4.6025e+00	
 4.6146e+00	
 4.6111e+00	
 4.6126e+00	
 4.6019e+00	
 4.6121e+00	
 4.6076e+00	
 4.5969e+00	
 4.6163e+00	
 4.6150e+00	
 4.6159e+00	
 4.6016e+00	
 4.5849e+00	
 4.6034e+00	
 4.6209e+00	
 4.6307e+00	
 4.6144e+00	
 4.6071e+00	
 4.6199e+00	
 4.6074e+00	
 4.6145e+00	
 4.6156e+00	
 4.6163e+00	
 4.6263e+00	
 4.6220e+00	
 4.6162e+00	
 4.6096e+00	
 4.5939e+00	
 4.6267e+00	
 4.6135e+00	
 4.6038e+00	
 4.6157e+00	
 4.6299e+00	
 4.6177e+00	
 4.6172e+00	
 4.6249e+00	
 4.6028e+00	
 4.6033e+00	
 4.5977e+00	
 4.6322e+00	
 4.6233e+00	
 4.6056e+00	
 4.6308e+00	
 4.6105e+00	
 4.6006e+00	
 4.6148e+00	
 4.5994e+00	
 4.6114e+00	
 4.5916e+00	
 4.6333e+00	
 4.6173e+00	
 4.6021e+00	
 4.6386e+00	
 4.5833e+00	
 4.5979e+00	
 4.6220e+00	
 4.6246e+00	
 4.6174e+00	
 4.6204e+00	
 4.6286e+00	
 4.6173e+00	
 4.6133e+00	
 4.6192e+00	
 4.6163e+00	
 4.6320e+00	
 4.5982e+00	
 4.6082e+00	
 4.6161e+00	
 4.6296e+00	
 4.6268e+00	
 4.6113e+00	
 4.6169e+00	
 4.6236e+00	
 4.6107e+00	
 4.6146e+00	
 4.6069e+00	
 4.6324e+00	
 4.5959e+00	
 4.6163e+00	
 4.6091e+00	
 4.6041e+00	
 4.6236e+00	
 4.6218e+00	
 4.6149e+00	
 4.5970e+00	
 4.6283e+00	
 4.6139e+00	
 4.6255e+00	
 4.6254e+00	
 4.6086e+00	
 4.6153e+00	
 4.6195e+00	
 4.6159e+00	
 4.6185e+00	
 4.6203e+00	
 4.6262e+00	
 4.6161e+00	
 4.6438e+00	
 4.6153e+00	
 4.6122e+00	
 4.6148e+00	
 4.6074e+00	
 4.6261e+00	
 4.6179e+00	
 4.5875e+00	
 4.6107e+00	
 4.6008e+00	
 4.6112e+00	
 4.6328e+00	
 4.6129e+00	
 4.6043e+00	
 4.6246e+00	
 4.6097e+00	
 4.6018e+00	
 4.6094e+00	
 4.6162e+00	
 4.6042e+00	
 4.6218e+00	
 4.6143e+00	
 4.5997e+00	
 4.6155e+00	
 4.6008e+00	
 4.5984e+00	
 4.6140e+00	
 4.6136e+00	
 4.6301e+00	
 4.5977e+00	
 4.6247e+00	
 4.5998e+00	
 4.5996e+00	
 4.6046e+00	
 4.6118e+00	
 4.6112e+00	
 4.6039e+00	
 4.5956e+00	
 4.6018e+00	
 4.6107e+00	
 4.6169e+00	
 4.5938e+00	
 4.6077e+00	
 4.6090e+00	
 4.6117e+00	
 4.6083e+00	
 4.6136e+00	
 4.6155e+00	
 4.6119e+00	
 4.5980e+00	
 4.6061e+00	
 4.6026e+00	
 4.6034e+00	
 4.6012e+00	
 4.5937e+00	
 4.6136e+00	
 4.6166e+00	
 4.6070e+00	
 4.6017e+00	
 4.6003e+00	
 4.6055e+00	
 4.5880e+00	
 4.6059e+00	
 4.6249e+00	
 4.6131e+00	
 4.6075e+00	
 4.5998e+00	
 4.5884e+00	
 4.6180e+00	
 4.6266e+00	
 4.6115e+00	
 4.6170e+00	
 4.6003e+00	
 4.6037e+00	
 4.6026e+00	
 4.6184e+00	
 4.6109e+00	
 4.6088e+00	
 4.6183e+00	
 4.6094e+00	
 4.6204e+00	
 4.6081e+00	
 4.5937e+00	
 4.5999e+00	
 4.5926e+00	
 4.6118e+00	
 4.6026e+00	
 4.6254e+00	
 4.6364e+00	
 4.6118e+00	
 4.6089e+00	
 4.5960e+00	
 4.6095e+00	
 4.6031e+00	
 4.6022e+00	
 4.6011e+00	
 4.6112e+00	
 4.6125e+00	
 4.6138e+00	
 4.6014e+00	
 4.6121e+00	
 4.6049e+00	
 4.6069e+00	
 4.5866e+00	
 4.6045e+00	
 4.6153e+00	
 4.6229e+00	
 4.6334e+00	
 4.6357e+00	
 4.6173e+00	
 4.5957e+00	
 4.6088e+00	
 4.5967e+00	
 4.6139e+00	
 4.6084e+00	
 4.6205e+00	
 4.6123e+00	
 4.5996e+00	
 4.5960e+00	
 4.6052e+00	
 4.6041e+00	
 4.6148e+00	
 4.6122e+00	
 4.5898e+00	
 4.6125e+00	
 4.5969e+00	
 4.5797e+00	
 4.5939e+00	
 4.6111e+00	
 4.6088e+00	
 4.6092e+00	
 4.6094e+00	
 4.5949e+00	
 4.6002e+00	
 4.6081e+00	
 4.6042e+00	
 4.5991e+00	
 4.6165e+00	
 4.5707e+00	
 4.6180e+00	
 4.6244e+00	
 4.5850e+00	
 4.6202e+00	
 4.6154e+00	
 4.6176e+00	
 4.6247e+00	
 4.6146e+00	
 4.5913e+00	
 4.5953e+00	
 4.6143e+00	
 4.5984e+00	
 4.6111e+00	
 4.6073e+00	
 4.6048e+00	
 4.6035e+00	
 4.5960e+00	
 4.6239e+00	
 4.6131e+00	
 4.6046e+00	
 4.6208e+00	
 4.6125e+00	
 4.6132e+00	
 4.6092e+00	
 4.5895e+00	
 4.6027e+00	
 4.6179e+00	
 4.6085e+00	
 4.6131e+00	
 4.6199e+00	
 4.6206e+00	
 4.5929e+00	
 4.5892e+00	
 4.6106e+00	
 4.5900e+00	
 4.5989e+00	
 4.6115e+00	
 4.6032e+00	
 4.6074e+00	
 4.6031e+00	
 4.6047e+00	
 4.6159e+00	
 4.6179e+00	
 4.6031e+00	
 4.6015e+00	
 4.6128e+00	
 4.5991e+00	
 4.6081e+00	
 4.6070e+00	
 4.6179e+00	
 4.6021e+00	
 4.6162e+00	
 4.6135e+00	
 4.5941e+00	
 4.6027e+00	
 4.5855e+00	
 4.6281e+00	
 4.6171e+00	
 4.5936e+00	
 4.6106e+00	
 4.6012e+00	
 4.5930e+00	
 4.6164e+00	
 4.6067e+00	
 4.6071e+00	
 4.6023e+00	
 4.6171e+00	
 4.6267e+00	
 4.6003e+00	
 4.6081e+00	
 4.6016e+00	
 4.5832e+00	
 4.6055e+00	
 4.5901e+00	
 4.6121e+00	
 4.5874e+00	
 4.5896e+00	
 4.6020e+00	
 4.6166e+00	
 4.6303e+00	
 4.6079e+00	
 4.5940e+00	
 4.6135e+00	
 4.6067e+00	
 4.6145e+00	
 4.6134e+00	
 4.6175e+00	
 4.6095e+00	
 4.6049e+00	
 4.5828e+00	
 4.6245e+00	
 4.6086e+00	
 4.5954e+00	
 4.6193e+00	
 4.6190e+00	
 4.6027e+00	
 4.6289e+00	
 4.6032e+00	
 4.6006e+00	
 4.5939e+00	
 4.6054e+00	
 4.6034e+00	
 4.5979e+00	
 4.6107e+00	
 4.6003e+00	
 4.6133e+00	
 4.6129e+00	
 4.6060e+00	
 4.6033e+00	
 4.5992e+00	
 4.6026e+00	
 4.6084e+00	
 4.6102e+00	
 4.6086e+00	
 4.6005e+00	
 4.5969e+00	
 4.6179e+00	
 4.6094e+00	
 4.6133e+00	
 4.6246e+00	
 4.6186e+00	
 4.6190e+00	
 4.6159e+00	
 4.6053e+00	
 4.6130e+00	
 4.6095e+00	
 4.5897e+00	
 4.6174e+00	
 4.6231e+00	
 4.6302e+00	
 4.6181e+00	
 4.6349e+00	
 4.6021e+00	
 4.6036e+00	
 4.6075e+00	
 4.6143e+00	
 4.5997e+00	
 4.6163e+00	
 4.5881e+00	
 4.6007e+00	
 4.6001e+00	
 4.6034e+00	
 4.6001e+00	
 4.5894e+00	
 4.6067e+00	
 4.6124e+00	
 4.6003e+00	
 4.6072e+00	
 4.6330e+00	
 4.6079e+00	
 4.6139e+00	
 4.6028e+00	
 4.5936e+00	
 4.5906e+00	
 4.6048e+00	
 4.6020e+00	
 4.6128e+00	
 4.5863e+00	
 4.5915e+00	
 4.6014e+00	
 4.6042e+00	
 4.6201e+00	
 4.6229e+00	
 4.5958e+00	
 4.6020e+00	
 4.6051e+00	
 4.5912e+00	
 4.6024e+00	
 4.5961e+00	
 4.6052e+00	
 4.5931e+00	
 4.6061e+00	
 4.6122e+00	
 4.6045e+00	
 4.6030e+00	
 4.6122e+00	
 4.5950e+00	
 4.6081e+00	
 4.6171e+00	
 4.6153e+00	
 4.5850e+00	
 4.5935e+00	
 4.6162e+00	
 4.5968e+00	
 4.5953e+00	
 4.6001e+00	
 4.5880e+00	
 4.5992e+00	
 4.5996e+00	
 4.6090e+00	
 4.6060e+00	
 4.5881e+00	
 4.5949e+00	
 4.6001e+00	
 4.6020e+00	
 4.6024e+00	
 4.6106e+00	
 4.6012e+00	
 4.5968e+00	
 4.6230e+00	
 4.5955e+00	
 4.5971e+00	
 4.6106e+00	
 4.5822e+00	
 4.6026e+00	
 4.5974e+00	
 4.5988e+00	
 4.6014e+00	
 4.6022e+00	
 4.5866e+00	
 4.5906e+00	
 4.6015e+00	
 4.6060e+00	
 4.6028e+00	
 4.6202e+00	
 4.5878e+00	
 4.6185e+00	
 4.5876e+00	
 4.5914e+00	
 4.5997e+00	
 4.6075e+00	
 4.6006e+00	
 4.6242e+00	
 4.5771e+00	
 4.5918e+00	
 4.6061e+00	
 4.5790e+00	
 4.6278e+00	
 4.5910e+00	
 4.6015e+00	
 4.6116e+00	
 4.6091e+00	
 4.6174e+00	
 4.6223e+00	
 4.6073e+00	
 4.5999e+00	
 4.6062e+00	
 4.5785e+00	
 4.5793e+00	
 4.5985e+00	
 4.6113e+00	
 4.6092e+00	
 4.5957e+00	
 4.6089e+00	
 4.5926e+00	
 4.6063e+00	
 4.6246e+00	
 4.6152e+00	
 4.6010e+00	
 4.6013e+00	
 4.5961e+00	
 4.6183e+00	
 4.5940e+00	
 4.5807e+00	
 4.5932e+00	
 4.5927e+00	
 4.6056e+00	
 4.6174e+00	
 4.6081e+00	
 4.6065e+00	
 4.6101e+00	
 4.6004e+00	
 4.5985e+00	
 4.5970e+00	
 4.6086e+00	
 4.6039e+00	
 4.5997e+00	
 4.5958e+00	
 4.6014e+00	
 4.6027e+00	
 4.5962e+00	
 4.5787e+00	
 4.5891e+00	
 4.6325e+00	
 4.6349e+00	
 4.6002e+00	
 4.6293e+00	
 4.5827e+00	
 4.6057e+00	
 4.6035e+00	
 4.5982e+00	
 4.5878e+00	
 4.5969e+00	
 4.5709e+00	
 4.6106e+00	
 4.5879e+00	
 4.5850e+00	
 4.5994e+00	
 4.6064e+00	
 4.5874e+00	
 4.6069e+00	
 4.6202e+00	
 4.5890e+00	
 4.5793e+00	
 4.5926e+00	
 4.6117e+00	
 4.6030e+00	
 4.5896e+00	
 4.6109e+00	
 4.5770e+00	
 4.5773e+00	
 4.6091e+00	
 4.6124e+00	
 4.6056e+00	
 4.6000e+00	
 4.6480e+00	
 4.5902e+00	
 4.6091e+00	
 4.5924e+00	
 4.6123e+00	
 4.6092e+00	
 4.5774e+00	
 4.6029e+00	
 4.6000e+00	
 4.6107e+00	
 4.6101e+00	
 4.5756e+00	
 4.6072e+00	
 4.5998e+00	
 4.5972e+00	
 4.5972e+00	
 4.5910e+00	
 4.6137e+00	
 4.6038e+00	
 4.6050e+00	
 4.6022e+00	
 4.6186e+00	
 4.6009e+00	
 4.6106e+00	
 4.5860e+00	
 4.5836e+00	
 4.5981e+00	
 4.5763e+00	
 4.5695e+00	
 4.5987e+00	
 4.6011e+00	
 4.5893e+00	
 4.5792e+00	
 4.5899e+00	
 4.6159e+00	
 4.6050e+00	
 4.5896e+00	
 4.5989e+00	
 4.5912e+00	
 4.6086e+00	
 4.5742e+00	
 4.5960e+00	
 4.6035e+00	
 4.5920e+00	
 4.6064e+00	
 4.5916e+00	
 4.6055e+00	
 4.5924e+00	
 4.6061e+00	
 4.6108e+00	
 4.5952e+00	
 4.5997e+00	
 4.5956e+00	
 4.6114e+00	
 4.5868e+00	
 4.5910e+00	
 4.5693e+00	
 4.6204e+00	
 4.5932e+00	
 4.5939e+00	
 4.5946e+00	
 4.5918e+00	
 4.6045e+00	
 4.5895e+00	
 4.6126e+00	
 4.5887e+00	
 4.5923e+00	
 4.5865e+00	
 4.5858e+00	
 4.6050e+00	
 4.6097e+00	
 4.6036e+00	
 4.5891e+00	
 4.5906e+00	
 4.6169e+00	
 4.5965e+00	
 4.5918e+00	
 4.6152e+00	
 4.5782e+00	
 4.6114e+00	
 4.5908e+00	
 4.5868e+00	
 4.6076e+00	
 4.5923e+00	
 4.5909e+00	
 4.5845e+00	
 4.5917e+00	
 4.6083e+00	
 4.6011e+00	
 4.5903e+00	
 4.5832e+00	
 4.5871e+00	
 4.5801e+00	
 4.6193e+00	
 4.6071e+00	
 4.5982e+00	
 4.6038e+00	
 4.6088e+00	
 4.6212e+00	
 4.5919e+00	
 4.5841e+00	
 4.6005e+00	
 4.5927e+00	
 4.6032e+00	
 4.6062e+00	
 4.5864e+00	
 4.6050e+00	
 4.6048e+00	
 4.5928e+00	
 4.6116e+00	
 4.5855e+00	
 4.5894e+00	
 4.5983e+00	
 4.6084e+00	
 4.5952e+00	
 4.5793e+00	
 4.5952e+00	
 4.5920e+00	
 4.5951e+00	
 4.5755e+00	
 4.6157e+00	
 4.6203e+00	
 4.5876e+00	
 4.6067e+00	
 4.6063e+00	
 4.6061e+00	
 4.5905e+00	
 4.5887e+00	
 4.5996e+00	
 4.5959e+00	
 4.6004e+00	
 4.6173e+00	
 4.5892e+00	
 4.6100e+00	
 4.5960e+00	
 4.5945e+00	
 4.5988e+00	
 4.5742e+00	
 4.5968e+00	
 4.6206e+00	
 4.5939e+00	
 4.5830e+00	
 4.5999e+00	
 4.6072e+00	
 4.6224e+00	
 4.6047e+00	
 4.5866e+00	
 4.5908e+00	
 4.6034e+00	
 4.5958e+00	
 4.6027e+00	
 4.5907e+00	
 4.6161e+00	
 4.6084e+00	
 4.5901e+00	
 4.5850e+00	
 4.6038e+00	
 4.6009e+00	
 4.5715e+00	
 4.5930e+00	
 4.6012e+00	
 4.6013e+00	
 4.6053e+00	
 4.5977e+00	
 4.5956e+00	
 4.5702e+00	
 4.5906e+00	
 4.5949e+00	
 4.5739e+00	
 4.6008e+00	
 4.6130e+00	
 4.6047e+00	
 4.5632e+00	
 4.6033e+00	
 4.5695e+00	
 4.5782e+00	
 4.5944e+00	
 4.6041e+00	
 4.5879e+00	
 4.6106e+00	
 4.5766e+00	
 4.5717e+00	
 4.6029e+00	
 4.6039e+00	
 4.5970e+00	
 4.5928e+00	
 4.5957e+00	
 4.6100e+00	
 4.5851e+00	
 4.6069e+00	
 4.5968e+00	
 4.5974e+00	
 4.5731e+00	
 4.6023e+00	
 4.5790e+00	
 4.5708e+00	
 4.5821e+00	
 4.6096e+00	
 4.6143e+00	
 4.6120e+00	
 4.5999e+00	
 4.6151e+00	
 4.5868e+00	
 4.5955e+00	
 4.6161e+00	
 4.5831e+00	
 4.5970e+00	
 4.5800e+00	
 4.6101e+00	
 4.5981e+00	
 4.6037e+00	
 4.5883e+00	
 4.5690e+00	
 4.5761e+00	
 4.5954e+00	
 4.5986e+00	
 4.5888e+00	
 4.5846e+00	
 4.5751e+00	
 4.5776e+00	
 4.5909e+00	
 4.5749e+00	
 4.5899e+00	
 4.5999e+00	
 4.5848e+00	
 4.5812e+00	
 4.5805e+00	
 4.5833e+00	
 4.5931e+00	
 4.5917e+00	
 4.5995e+00	
 4.5861e+00	
 4.5873e+00	
 4.6199e+00	
 4.5916e+00	
 4.6076e+00	
 4.5897e+00	
 4.5935e+00	
 4.6046e+00	
 4.5847e+00	
 4.5835e+00	
 4.6006e+00	
 4.5781e+00	
 4.5747e+00	
 4.6041e+00	
 4.5969e+00	
 4.6022e+00	
 4.6147e+00	
 4.6090e+00	
 4.6085e+00	
 4.5995e+00	
 4.5840e+00	
 4.5847e+00	
 4.6076e+00	
 4.5889e+00	
 4.5910e+00	
 4.5848e+00	
 4.5629e+00	
 4.5745e+00	
 4.5759e+00	
 4.5929e+00	
 4.5798e+00	
 4.5973e+00	
 4.5879e+00	
 4.6022e+00	
 4.5929e+00	
 4.5742e+00	
 4.5803e+00	
 4.5823e+00	
 4.5841e+00	
 4.5972e+00	
 4.5907e+00	
 4.5791e+00	
 4.5927e+00	
 4.5964e+00	
 4.6062e+00	
 4.5899e+00	
 4.5802e+00	
 4.5719e+00	
 4.5959e+00	
 4.5656e+00	
 4.6025e+00	
 4.5869e+00	
 4.6288e+00	
 4.5890e+00	
 4.6172e+00	
 4.5733e+00	
 4.5893e+00	
 4.6006e+00	
 4.5970e+00	
 4.5834e+00	
 4.5935e+00	
 4.6010e+00	
 4.6008e+00	
 4.5976e+00	
 4.6024e+00	
 4.5721e+00	
 4.5946e+00	
 4.5859e+00	
 4.6094e+00	
 4.6112e+00	
 4.6108e+00	
 4.5808e+00	
 4.6046e+00	
 4.5987e+00	
 4.5779e+00	
 4.5977e+00	
 4.5976e+00	
 4.5901e+00	
 4.5900e+00	
 4.5682e+00	
 4.5967e+00	
 4.5869e+00	
 4.5923e+00	
 4.6005e+00	
 4.5878e+00	
 4.6180e+00	
 4.6002e+00	
 4.6140e+00	
 4.5838e+00	
 4.6055e+00	
 4.5928e+00	
 4.5804e+00	
 4.5901e+00	
 4.5717e+00	
 4.5878e+00	
 4.5981e+00	
 4.5748e+00	
 4.6101e+00	
 4.5992e+00	
 4.5947e+00	
 4.5813e+00	
 4.5585e+00	
 4.5751e+00	
 4.5969e+00	
 4.5913e+00	
 4.5907e+00	
 4.5871e+00	
 4.5857e+00	
 4.5927e+00	
 4.6009e+00	
 4.5973e+00	
 4.5857e+00	
 4.5967e+00	
 4.5901e+00	
 4.5796e+00	
 4.5688e+00	
 4.5695e+00	
 4.5825e+00	
 4.5933e+00	
 4.6016e+00	
 4.6047e+00	
 4.5956e+00	
 4.5898e+00	
 4.5849e+00	
 4.6061e+00	
 4.5885e+00	
 4.5870e+00	
 4.5835e+00	
 4.5918e+00	
 4.5854e+00	
 4.5777e+00	
 4.6151e+00	
 4.6198e+00	
 4.5952e+00	
 4.5976e+00	
 4.5969e+00	
 4.5833e+00	
 4.5994e+00	
 4.5807e+00	
 4.5823e+00	
 4.5931e+00	
 4.6011e+00	
 4.6130e+00	
 4.5830e+00	
 4.5695e+00	
 4.6033e+00	
 4.6058e+00	
 4.5827e+00	
 4.5806e+00	
 4.5905e+00	
 4.5556e+00	
 4.5939e+00	
 4.5800e+00	
 4.5755e+00	
 4.5901e+00	
 4.5766e+00	
 4.5969e+00	
 4.5978e+00	
 4.5931e+00	
 4.5883e+00	
 4.5840e+00	
 4.5941e+00	
 4.5652e+00	
 4.5939e+00	
 4.5968e+00	
 4.5956e+00	
 4.5636e+00	
 4.5863e+00	
 4.5789e+00	
 4.5643e+00	
 4.5771e+00	
 4.5618e+00	
 4.6030e+00	
 4.5747e+00	
 4.5779e+00	
 4.5956e+00	
 4.5779e+00	
 4.5963e+00	
 4.5797e+00	
 4.5933e+00	
 4.6013e+00	
 4.5756e+00	
 4.5937e+00	
 4.5889e+00	
 4.5846e+00	
 4.5870e+00	
 4.5726e+00	
 4.5547e+00	
 4.5786e+00	
 4.5844e+00	
 4.5958e+00	
 4.5797e+00	
 4.5866e+00	
 4.5974e+00	
 4.5862e+00	
 4.5944e+00	
 4.6022e+00	
 4.5807e+00	
 4.5819e+00	
 4.5749e+00	
 4.5976e+00	
 4.5961e+00	
 4.5851e+00	
 4.6111e+00	
 4.5899e+00	
 4.6074e+00	
 4.5778e+00	
 4.5588e+00	
 4.5809e+00	
 4.5882e+00	
 4.5844e+00	
 4.5641e+00	
 4.5799e+00	
 4.5713e+00	
 4.5692e+00	
 4.5964e+00	
 4.5895e+00	
 4.6056e+00	
 4.5975e+00	
 4.5873e+00	
 4.5705e+00	
 4.5619e+00	
 4.5854e+00	
 4.5712e+00	
 4.5803e+00	
 4.5810e+00	
 4.6004e+00	
 4.5788e+00	
 4.5933e+00	
 4.5791e+00	
 4.5755e+00	
 4.5778e+00	
 4.6033e+00	
 4.5766e+00	
 4.5468e+00	
 4.5889e+00	
 4.5749e+00	
 4.5672e+00	
 4.5611e+00	
 4.5703e+00	
 4.5948e+00	
 4.5930e+00	
 4.5917e+00	
 4.5895e+00	
 4.5787e+00	
 4.5975e+00	
 4.5998e+00	
 4.6090e+00	
 4.5805e+00	
 4.5985e+00	
 4.6009e+00	
 4.5820e+00	
 4.5810e+00	
 4.5837e+00	
 4.6010e+00	
 4.5495e+00	
 4.5657e+00	
 4.6083e+00	
 4.5626e+00	
 4.5988e+00	
 4.5590e+00	
 4.5737e+00	
 4.5836e+00	
 4.5572e+00	
 4.5854e+00	
 4.5867e+00	
 4.5792e+00	
 4.5717e+00	
 4.6007e+00	
 4.5747e+00	
 4.5814e+00	
 4.5682e+00	
 4.5662e+00	
 4.5717e+00	
 4.5819e+00	
 4.5658e+00	
 4.5789e+00	
 4.5757e+00	
 4.5583e+00	
 4.5990e+00	
 4.5642e+00	
 4.5806e+00	
 4.5722e+00	
 4.5378e+00	
 4.5933e+00	
 4.5671e+00	
 4.5602e+00	
 4.5970e+00	
 4.5652e+00	
 4.5675e+00	
 4.5694e+00	
 4.5745e+00	
 4.5737e+00	
 4.5739e+00	
 4.5747e+00	
 4.5907e+00	
 4.5737e+00	
 4.5775e+00	
 4.5587e+00	
 4.5394e+00	
 4.5534e+00	
 4.5578e+00	
 4.5676e+00	
 4.5690e+00	
 4.5749e+00	
 4.5821e+00	
 4.5746e+00	
 4.5911e+00	
 4.5695e+00	
 4.5849e+00	
 4.5754e+00	
 4.5735e+00	
 4.5653e+00	
 4.5631e+00	
 4.5694e+00	
 4.5579e+00	
 4.6063e+00	
 4.5852e+00	
 4.5616e+00	
 4.5606e+00	
 4.5539e+00	
 4.5460e+00	
 4.6045e+00	
 4.5798e+00	
 4.5795e+00	
 4.5804e+00	
 4.5557e+00	
 4.5628e+00	
 4.5201e+00	
 4.5806e+00	
 4.5487e+00	
 4.5825e+00	
 4.5861e+00	
 4.5803e+00	
 4.5677e+00	
 4.5629e+00	
 4.5942e+00	
 4.5591e+00	
 4.5892e+00	
 4.5756e+00	
 4.5701e+00	
 4.5866e+00	
 4.5735e+00	
 4.5726e+00	
 4.5828e+00	
 4.5646e+00	
 4.5740e+00	
 4.6003e+00	
 4.5660e+00	
 4.5811e+00	
 4.5874e+00	
 4.5899e+00	
 4.5679e+00	
 4.5685e+00	
 4.5777e+00	
 4.5591e+00	
 4.5519e+00	
 4.5513e+00	
 4.5641e+00	
 4.5739e+00	
 4.5890e+00	
 4.5797e+00	
 4.5779e+00	
 4.5803e+00	
 4.5900e+00	
 4.5782e+00	
 4.5629e+00	
 4.5772e+00	
 4.5767e+00	
 4.5878e+00	
 4.5590e+00	
 4.5661e+00	
 4.5608e+00	
 4.5595e+00	
 4.5838e+00	
 4.5970e+00	
 4.5758e+00	
 4.5567e+00	
 4.5718e+00	
 4.5814e+00	
 4.5571e+00	
 4.5775e+00	
 4.5796e+00	
 4.5597e+00	
 4.5564e+00	
 4.5803e+00	
 4.5808e+00	
 4.5716e+00	
 4.5624e+00	
 4.5614e+00	
 4.5751e+00	
 4.5780e+00	
 4.5681e+00	
 4.5818e+00	
 4.5500e+00	
 4.5602e+00	
 4.5460e+00	
 4.5707e+00	
 4.5683e+00	
 4.5439e+00	
 4.5890e+00	
 4.5537e+00	
 4.5426e+00	
 4.5713e+00	
 4.5574e+00	
 4.5624e+00	
 4.6057e+00	
 4.5711e+00	
 4.5715e+00	
 4.5535e+00	
 4.5914e+00	
 4.6146e+00	
 4.5793e+00	
 4.5880e+00	
 4.5770e+00	
 4.5453e+00	
 4.5285e+00	
 4.5915e+00	
 4.5740e+00	
 4.5691e+00	
 4.5397e+00	
 4.5862e+00	
 4.5452e+00	
 4.5720e+00	
 4.5842e+00	
 4.5581e+00	
 4.5518e+00	
 4.5562e+00	
 4.5891e+00	
 4.5604e+00	
 4.5537e+00	
 4.5618e+00	
 4.5674e+00	
 4.5686e+00	
 4.5608e+00	
 4.5733e+00	
 4.5772e+00	
 4.5876e+00	
 4.5693e+00	
 4.5637e+00	
 4.5485e+00	
 4.5597e+00	
 4.5368e+00	
 4.5714e+00	
 4.5773e+00	
 4.5962e+00	
 4.5562e+00	
 4.5556e+00	
 4.5773e+00	
 4.5814e+00	
 4.5437e+00	
 4.5679e+00	
 4.5810e+00	
 4.5453e+00	
 4.5578e+00	
 4.5635e+00	
 4.5584e+00	
 4.5712e+00	
 4.5570e+00	
 4.5716e+00	
 4.5565e+00	
 4.5497e+00	
 4.5180e+00	
 4.5539e+00	
 4.5690e+00	
 4.5673e+00	
 4.5504e+00	
 4.5479e+00	
 4.5765e+00	
 4.5674e+00	
 4.5606e+00	
 4.5520e+00	
 4.5857e+00	
 4.5701e+00	
 4.5428e+00	
 4.5851e+00	
 4.5839e+00	
 4.5808e+00	
 4.5635e+00	
 4.5534e+00	
 4.5504e+00	
 4.5868e+00	
 4.5552e+00	
 4.5436e+00	
 4.5924e+00	
 4.5439e+00	
 4.5592e+00	
 4.5323e+00	
 4.5663e+00	
 4.5527e+00	
 4.5665e+00	
 4.6032e+00	
 4.5799e+00	
 4.5910e+00	
 4.5621e+00	
 4.5601e+00	
 4.5664e+00	
 4.5601e+00	
 4.5385e+00	
 4.5686e+00	
 4.6107e+00	
 4.5831e+00	
 4.5366e+00	
 4.5848e+00	
 4.5431e+00	
 4.5535e+00	
 4.5731e+00	
 4.5487e+00	
 4.5705e+00	
 4.5741e+00	
 4.5380e+00	
 4.5630e+00	
 4.5664e+00	
 4.5725e+00	
 4.5687e+00	
 4.5542e+00	
 4.5876e+00	
 4.5541e+00	
 4.5373e+00	
 4.5732e+00	
 4.5484e+00	
 4.5548e+00	
 4.5299e+00	
 4.5547e+00	
 4.5730e+00	
 4.5351e+00	
 4.5649e+00	
 4.5454e+00	
 4.5262e+00	
 4.5616e+00	
 4.5736e+00	
 4.5401e+00	
 4.5750e+00	
 4.5436e+00	
 4.5568e+00	
 4.6096e+00	
 4.5884e+00	
 4.5441e+00	
 4.5808e+00	
 4.5345e+00	
 4.5294e+00	
 4.5861e+00	
 4.5803e+00	
 4.5727e+00	
 4.5934e+00	
 4.5624e+00	
 4.5665e+00	
 4.5558e+00	
 4.5369e+00	
 4.5761e+00	
 4.5664e+00	
 4.5264e+00	
 4.5734e+00	
 4.5487e+00	
 4.5633e+00	
 4.5758e+00	
 4.5960e+00	
 4.5614e+00	
 4.5800e+00	
 4.5560e+00	
 4.5797e+00	
 4.5637e+00	
 4.5434e+00	
 4.5431e+00	
 4.5468e+00	
 4.5726e+00	
 4.5671e+00	
 4.5330e+00	
 4.5421e+00	
 4.5506e+00	
 4.5290e+00	
 4.5620e+00	
 4.5538e+00	
 4.5446e+00	
 4.5891e+00	
 4.5419e+00	
 4.5722e+00	
 4.5388e+00	
 4.5655e+00	
 4.5523e+00	
 4.5672e+00	
 4.5814e+00	
 4.5687e+00	
 4.5423e+00	
 4.5676e+00	
 4.5282e+00	
 4.5562e+00	
 4.5354e+00	
 4.5410e+00	
 4.5625e+00	
 4.5579e+00	
 4.5455e+00	
 4.5604e+00	
 4.5424e+00	
 4.5685e+00	
 4.5561e+00	
 4.5610e+00	
 4.5609e+00	
 4.5545e+00	
 4.5486e+00	
 4.5706e+00	
 4.5733e+00	
 4.5660e+00	
 4.5855e+00	
 4.5576e+00	
 4.5633e+00	
 4.5167e+00	
 4.5588e+00	
 4.5688e+00	
 4.5447e+00	
 4.5929e+00	
 4.5633e+00	
 4.5711e+00	
 4.5629e+00	
 4.5624e+00	
 4.5439e+00	
 4.5900e+00	
 4.5449e+00	
 4.5542e+00	
 4.6069e+00	
 4.5673e+00	
 4.5539e+00	
 4.5951e+00	
 4.5538e+00	
 4.5684e+00	
 4.5704e+00	
 4.5505e+00	
 4.5519e+00	
 4.5630e+00	
 4.5385e+00	
 4.5173e+00	
 4.5334e+00	
 4.5794e+00	
 4.5329e+00	
 4.5641e+00	
 4.5619e+00	
 4.5769e+00	
 4.5232e+00	
 4.5674e+00	
 4.5496e+00	
 4.5385e+00	
 4.5356e+00	
 4.5534e+00	
 4.5633e+00	
 4.5517e+00	
 4.5766e+00	
 4.5604e+00	
 4.5434e+00	
 4.5561e+00	
 4.5383e+00	
 4.5329e+00	
 4.5516e+00	
 4.5801e+00	
 4.5822e+00	
 4.5483e+00	
 4.5464e+00	
 4.5581e+00	
 4.5558e+00	
 4.5539e+00	
 4.5235e+00	
 4.5622e+00	
 4.5442e+00	
 4.5535e+00	
 4.5350e+00	
 4.5642e+00	
 4.5734e+00	
 4.5953e+00	
 4.5111e+00	
 4.5444e+00	
 4.5722e+00	
 4.5303e+00	
 4.5684e+00	
 4.5363e+00	
 4.5681e+00	
 4.5150e+00	
 4.5243e+00	
 4.5654e+00	
 4.5735e+00	
 4.5184e+00	
 4.5593e+00	
 4.5585e+00	
 4.5777e+00	
 4.5885e+00	
 4.5378e+00	
 4.5131e+00	
 4.5408e+00	
 4.5399e+00	
 4.5569e+00	
 4.5469e+00	
 4.5142e+00	
 4.4989e+00	
 4.5439e+00	
 4.5287e+00	
 4.5352e+00	
 4.5380e+00	
 4.5750e+00	
 4.5187e+00	
 4.5501e+00	
 4.5718e+00	
 4.5603e+00	
 4.5762e+00	
 4.5808e+00	
 4.5085e+00	
 4.5493e+00	
 4.5550e+00	
 4.5374e+00	
 4.5481e+00	
 4.5172e+00	
 4.5746e+00	
 4.5102e+00	
 4.5449e+00	
 4.5189e+00	
 4.5307e+00	
 4.5485e+00	
 4.5071e+00	
 4.5257e+00	
 4.5261e+00	
 4.5465e+00	
 4.5320e+00	
 4.5381e+00	
 4.5332e+00	
 4.5445e+00	
 4.5596e+00	
 4.5340e+00	
 4.5762e+00	
 4.5578e+00	
 4.5086e+00	
 4.5599e+00	
 4.5388e+00	
 4.5557e+00	
 4.5486e+00	
 4.5414e+00	
 4.5774e+00	
 4.5501e+00	
 4.5585e+00	
 4.5546e+00	
 4.5498e+00	
 4.5355e+00	
 4.5326e+00	
 4.5403e+00	
 4.5946e+00	
 4.5597e+00	
 4.5555e+00	
 4.5645e+00	
 4.5220e+00	
 4.5527e+00	
 4.5502e+00	
 4.5409e+00	
 4.5354e+00	
 4.5744e+00	
 4.5582e+00	
 4.5242e+00	
 4.5359e+00	
 4.5688e+00	
 4.4856e+00	
 4.4949e+00	
 4.5371e+00	
 4.5540e+00	
 4.5600e+00	
 4.5278e+00	
 4.5675e+00	
 4.5877e+00	
 4.5313e+00	
 4.5418e+00	
 4.5199e+00	
 4.5291e+00	
 4.5018e+00	
 4.5553e+00	
 4.5054e+00	
 4.5469e+00	
 4.5058e+00	
 4.5481e+00	
 4.5363e+00	
 4.5277e+00	
 4.5893e+00	
 4.5326e+00	
 4.5512e+00	
 4.5581e+00	
 4.5809e+00	
 4.5284e+00	
 4.5438e+00	
 4.5384e+00	
 4.5265e+00	
 4.4941e+00	
 4.5663e+00	
 4.5636e+00	
 4.5377e+00	
 4.5475e+00	
 4.5418e+00	
 4.5286e+00	
 4.5722e+00	
 4.5554e+00	
 4.5533e+00	
 4.5394e+00	
 4.5116e+00	
 4.5279e+00	
 4.5105e+00	
 4.5359e+00	
 4.5878e+00	
 4.5312e+00	
 4.5465e+00	
 4.5661e+00	
 4.5509e+00	
 4.4973e+00	
 4.5300e+00	
 4.5876e+00	
 4.5148e+00	
 4.5258e+00	
 4.5195e+00	
 4.5653e+00	
 4.5121e+00	
 4.5281e+00	
 4.5610e+00	
 4.5270e+00	
 4.5442e+00	
 4.5156e+00	
 4.5099e+00	
 4.5293e+00	
 4.5247e+00	
 4.5002e+00	
 4.5576e+00	
 4.4858e+00	
 4.5764e+00	
 4.4917e+00	
 4.5216e+00	
 4.4918e+00	
 4.5329e+00	
 4.5256e+00	
 4.5037e+00	
 4.5093e+00	
 4.5628e+00	
 4.5466e+00	
 4.5352e+00	
 4.5385e+00	
 4.5300e+00	
 4.5550e+00	
 4.5131e+00	
 4.5030e+00	
 4.5265e+00	
 4.5463e+00	
 4.5944e+00	
 4.5281e+00	
 4.5542e+00	
 4.5333e+00	
 4.5773e+00	
 4.5128e+00	
 4.5185e+00	
 4.5467e+00	
 4.5217e+00	
 4.6157e+00	
 4.5061e+00	
 4.5448e+00	
 4.4793e+00	
 4.5686e+00	
 4.5207e+00	
 4.5362e+00	
 4.5690e+00	
 4.5858e+00	
 4.5456e+00	
 4.5076e+00	
 4.5105e+00	
 4.4903e+00	
 4.5385e+00	
 4.5228e+00	
 4.5500e+00	
 4.5269e+00	
 4.5438e+00	
 4.5134e+00	
 4.4871e+00	
 4.4500e+00	
 4.4998e+00	
 4.5456e+00	
 4.5643e+00	
 4.5288e+00	
 4.5405e+00	
 4.5771e+00	
 4.5788e+00	
 4.4997e+00	
 4.5521e+00	
 4.5289e+00	
 4.5689e+00	
 4.5344e+00	
 4.4978e+00	
 4.5393e+00	
 4.4811e+00	
 4.4813e+00	
 4.5085e+00	
 4.5085e+00	
 4.5392e+00	
 4.5465e+00	
 4.5162e+00	
 4.5159e+00	
 4.5217e+00	
 4.4989e+00	
 4.5001e+00	
 4.5001e+00	
 4.5658e+00	
 4.4938e+00	
 4.4910e+00	
 4.5872e+00	
 4.5078e+00	
 4.5450e+00	
 4.5235e+00	
 4.4594e+00	
 4.5433e+00	
 4.5154e+00	
 4.5551e+00	
 4.5686e+00	
 4.5135e+00	
 4.4875e+00	
 4.5220e+00	
 4.5352e+00	
 4.5101e+00	
 4.5069e+00	
 4.5426e+00	
 4.5322e+00	
 4.5083e+00	
 4.5340e+00	
 4.4929e+00	
 4.4716e+00	
 4.5080e+00	
 4.5655e+00	
 4.5239e+00	
 4.5708e+00	
 4.5182e+00	
 4.5148e+00	
 4.5166e+00	
 4.5546e+00	
 4.4982e+00	
 4.4922e+00	
 4.5081e+00	
 4.5282e+00	
 4.5711e+00	
 4.5119e+00	
 4.5247e+00	
 4.5445e+00	
 4.4812e+00	
 4.5018e+00	
 4.5377e+00	
 4.5444e+00	
 4.4981e+00	
 4.5281e+00	
 4.5112e+00	
 4.5489e+00	
 4.5124e+00	
 4.4994e+00	
 4.5301e+00	
 4.5122e+00	
 4.5181e+00	
 4.5317e+00	
 4.5137e+00	
 4.5391e+00	
 4.4485e+00	
 4.4931e+00	
 4.5136e+00	
 4.5080e+00	
 4.5229e+00	
 4.4715e+00	
 4.5155e+00	
 4.5231e+00	
 4.4934e+00	
 4.5007e+00	
 4.4875e+00	
 4.4913e+00	
 4.5345e+00	
 4.4958e+00	
 4.5511e+00	
 4.5433e+00	
 4.4862e+00	
 4.5440e+00	
 4.5491e+00	
 4.4932e+00	
 4.5177e+00	
 4.5228e+00	
 4.4898e+00	
 4.5303e+00	
 4.5339e+00	
 4.5343e+00	
 4.5463e+00	
 4.5094e+00	
 4.4571e+00	
 4.4848e+00	
 4.4895e+00	
 4.5168e+00	
 4.5323e+00	
 4.5147e+00	
 4.5498e+00	
 4.5285e+00	
 4.4842e+00	
 4.4795e+00	
 4.5206e+00	
 4.4631e+00	
 4.4731e+00	
 4.5344e+00	
 4.5093e+00	
 4.4526e+00	
 4.5489e+00	
 4.5352e+00	
 4.5003e+00	
 4.5709e+00	
 4.5117e+00	
 4.4599e+00	
 4.5185e+00	
 4.5035e+00	
 4.5017e+00	
 4.4672e+00	
 4.4948e+00	
 4.4851e+00	
 4.5110e+00	
 4.5435e+00	
 4.4954e+00	
 4.4614e+00	
 4.4766e+00	
 4.4790e+00	
 4.4545e+00	
 4.5398e+00	
 4.4734e+00	
 4.5100e+00	
 4.4975e+00	
 4.4919e+00	
 4.5419e+00	
 4.4891e+00	
 4.4951e+00	
 4.5094e+00	
 4.4769e+00	
 4.5377e+00	
 4.5063e+00	
 4.4891e+00	
 4.4774e+00	
 4.5550e+00	
 4.5074e+00	
 4.5215e+00	
 4.5630e+00	
 4.5540e+00	
 4.5158e+00	
 4.4900e+00	
 4.4782e+00	
 4.5209e+00	
 4.5275e+00	
 4.4582e+00	
 4.5869e+00	
 4.4901e+00	
 4.4852e+00	
 4.4477e+00	
 4.4601e+00	
 4.5038e+00	
 4.4941e+00	
 4.5009e+00	
 4.4800e+00	
 4.5321e+00	
 4.5293e+00	
 4.5568e+00	
 4.4672e+00	
 4.5206e+00	
 4.4820e+00	
 4.5206e+00	
 4.4929e+00	
 4.5283e+00	
 4.4983e+00	
 4.5384e+00	
 4.5143e+00	
 4.4426e+00	
 4.5316e+00	
 4.4418e+00	
 4.5132e+00	
 4.4868e+00	
 4.5071e+00	
 4.4765e+00	
 4.4542e+00	
 4.5179e+00	
 4.4744e+00	
 4.4746e+00	
 4.4803e+00	
 4.5152e+00	
 4.5162e+00	
 4.5348e+00	
 4.4932e+00	
 4.4952e+00	
 4.4677e+00	
 4.5117e+00	
 4.4478e+00	
 4.5367e+00	
 4.4751e+00	
 4.4854e+00	
 4.5370e+00	
 4.5208e+00	
 4.5153e+00	
 4.5116e+00	
 4.5254e+00	
 4.4249e+00	
 4.4891e+00	
 4.4700e+00	
 4.5326e+00	
 4.4599e+00	
 4.5278e+00	
 4.5207e+00	
 4.4617e+00	
 4.4893e+00	
 4.4913e+00	
 4.4801e+00	
 4.5229e+00	
 4.4317e+00	
 4.4771e+00	
 4.4894e+00	
 4.5491e+00	
 4.4891e+00	
 4.4554e+00	
 4.4480e+00	
 4.4873e+00	
 4.4845e+00	
 4.4800e+00	
 4.4264e+00	
 4.5489e+00	
 4.4698e+00	
 4.4867e+00	
 4.4553e+00	
 4.4291e+00	
 4.5048e+00	
 4.4747e+00	
 4.4954e+00	
 4.4525e+00	
 4.5133e+00	
 4.5478e+00	
 4.4958e+00	
 4.5353e+00	
 4.4646e+00	
 4.4696e+00	
 4.4969e+00	
 4.5013e+00	
 4.5286e+00	
 4.4543e+00	
 4.5070e+00	
 4.4719e+00	
 4.4136e+00	
 4.4707e+00	
 4.4239e+00	
 4.4800e+00	
 4.4642e+00	
 4.4394e+00	
 4.5498e+00	
 4.4078e+00	
 4.4557e+00	
 4.4248e+00	
 4.4388e+00	
 4.4708e+00	
 4.4494e+00	
 4.4815e+00	
 4.4522e+00	
 4.4552e+00	
 4.4782e+00	
 4.4580e+00	
 4.4951e+00	
 4.5110e+00	
 4.5228e+00	
 4.4983e+00	
 4.4775e+00	
 4.4825e+00	
 4.5378e+00	
 4.5029e+00	
 4.5313e+00	
 4.4944e+00	
 4.5054e+00	
 4.4808e+00	
 4.5180e+00	
 4.4869e+00	
 4.4984e+00	
 4.4413e+00	
 4.5175e+00	
 4.4728e+00	
 4.4636e+00	
 4.4224e+00	
 4.4874e+00	
 4.4279e+00	
 4.5040e+00	
 4.4310e+00	
 4.4761e+00	
 4.5101e+00	
 4.4320e+00	
 4.4961e+00	
 4.5275e+00	
 4.4546e+00	
 4.5298e+00	
 4.5169e+00	
 4.4814e+00	
 4.4508e+00	
 4.4638e+00	
 4.4698e+00	
 4.4771e+00	
 4.4840e+00	
 4.4490e+00	
 4.4509e+00	
 4.4609e+00	
 4.4465e+00	
 4.4422e+00	
 4.5094e+00	
 4.4784e+00	
 4.4952e+00	
 4.4685e+00	
 4.5249e+00	
 4.4766e+00	
 4.4955e+00	
 4.5166e+00	
 4.4609e+00	
 4.4944e+00	
 4.4501e+00	
 4.4861e+00	
 4.4897e+00	
 4.5301e+00	
 4.4873e+00	
 4.4180e+00	
 4.5166e+00	
 4.4327e+00	
 4.4601e+00	
 4.4905e+00	
 4.4686e+00	
 4.4879e+00	
 4.4705e+00	
 4.4488e+00	
 4.4121e+00	
 4.4847e+00	
 4.4702e+00	
 4.4644e+00	
 4.4025e+00	
 4.5509e+00	
 4.4938e+00	
 4.4334e+00	
 4.4387e+00	
 4.4894e+00	
 4.4786e+00	
 4.4440e+00	
 4.5076e+00	
 4.4472e+00	
 4.4666e+00	
 4.4549e+00	
 4.5307e+00	
 4.4296e+00	
 4.3945e+00	
 4.5101e+00	
 4.4588e+00	
 4.4465e+00	
 4.4792e+00	
 4.4034e+00	
 4.4225e+00	
 4.5013e+00	
 4.4163e+00	
 4.5083e+00	
 4.4264e+00	
 4.4482e+00	
 4.4343e+00	
 4.4289e+00	
 4.4440e+00	
 4.4566e+00	
 4.4280e+00	
 4.3608e+00	
 4.4210e+00	
 4.4749e+00	
 4.4649e+00	
 4.4670e+00	
 4.4411e+00	
 4.4254e+00	
 4.4454e+00	
 4.4835e+00	
 4.4691e+00	
 4.4045e+00	
 4.4117e+00	
 4.4994e+00	
 4.4058e+00	
 4.4914e+00	
 4.3861e+00	
 4.3922e+00	
 4.4394e+00	
 4.4406e+00	
 4.3932e+00	
 4.4625e+00	
 4.4907e+00	
 4.3918e+00	
 4.5472e+00	
 4.3805e+00	
 4.4628e+00	
 4.3628e+00	
 4.4546e+00	
 4.4686e+00	
 4.4032e+00	
 4.4287e+00	
 4.4296e+00	
 4.4082e+00	
 4.4369e+00	
 4.4435e+00	
 4.4194e+00	
 4.4405e+00	
 4.4996e+00	
 4.3571e+00	
 4.5086e+00	
 4.4256e+00	
 4.3724e+00	
 4.4240e+00	
 4.4282e+00	
 4.4413e+00	
 4.4257e+00	
 4.4092e+00	
 4.4234e+00	
 4.4048e+00	
 4.5137e+00	
 4.4485e+00	
 4.3976e+00	
 4.4329e+00	
 4.3758e+00	
 4.4452e+00	
 4.4229e+00	
 4.4554e+00	
 4.4288e+00	
 4.4165e+00	
 4.4258e+00	
 4.4635e+00	
 4.3965e+00	
 4.4758e+00	
 4.4156e+00	
 4.4343e+00	
 4.4260e+00	
 4.4190e+00	
 4.4938e+00	
 4.4461e+00	
 4.4100e+00	
 4.4664e+00	
 4.3942e+00	
 4.5411e+00	
 4.4148e+00	
 4.3800e+00	
 4.3939e+00	
 4.3852e+00	
 4.4123e+00	
 4.4127e+00	
 4.3867e+00	
 4.4100e+00	
 4.4585e+00	
 4.4450e+00	
 4.3763e+00	
 4.4697e+00	
 4.4661e+00	
 4.4510e+00	
 4.4735e+00	
 4.4187e+00	
 4.4439e+00	
 4.3855e+00	
 4.4947e+00	
 4.4812e+00	
 4.4248e+00	
 4.5148e+00	
 4.4020e+00	
 4.3591e+00	
 4.4728e+00	
 4.3565e+00	
 4.2891e+00	
 4.3858e+00	
 4.4736e+00	
 4.3610e+00	
 4.3681e+00	
 4.3880e+00	
 4.3610e+00	
 4.4989e+00	
 4.3692e+00	
 4.3973e+00	
 4.3672e+00	
 4.3512e+00	
 4.3806e+00	
 4.4093e+00	
 4.3969e+00	
 4.4223e+00	
 4.4606e+00	
 4.3941e+00	
 4.4314e+00	
 4.3928e+00	
 4.4630e+00	
 4.4105e+00	
 4.3744e+00	
 4.4351e+00	
 4.4834e+00	
 4.4014e+00	
 4.3583e+00	
 4.3064e+00	
 4.4133e+00	
 4.4430e+00	
 4.3254e+00	
 4.3188e+00	
 4.4798e+00	
 4.3932e+00	
 4.3496e+00	
 4.4601e+00	
 4.2789e+00	
 4.4073e+00	
 4.3820e+00	
 4.3206e+00	
 4.3943e+00	
 4.4420e+00	
 4.2182e+00	
 4.4063e+00	
 4.3633e+00	
 4.4250e+00	
 4.4395e+00	
 4.4025e+00	
 4.4085e+00	
 4.3408e+00	
 4.2922e+00	
 4.3970e+00	
 4.4043e+00	
 4.3814e+00	
 4.3811e+00	
 4.3679e+00	
 4.3611e+00	
 4.3622e+00	
 4.3870e+00	
 4.4256e+00	
 4.4595e+00	
 4.2913e+00	
 4.4022e+00	
 4.3518e+00	
 4.2609e+00	
 4.3795e+00	
 4.3768e+00	
 4.4062e+00	
 4.4652e+00	
 4.3664e+00	
 4.3752e+00	
 4.3949e+00	
 4.3685e+00	
 4.3006e+00	
 4.3654e+00	
 4.4740e+00	
 4.3896e+00	
 4.4175e+00	
 4.3578e+00	
 4.3749e+00	
 4.4281e+00	
 4.2799e+00	
 4.4341e+00	
 4.3978e+00	
 4.4711e+00	
 4.3959e+00	
 4.3215e+00	
 4.3255e+00	
 4.4319e+00	
 4.2942e+00	
 4.3358e+00	
 4.3291e+00	
 4.4209e+00	
 4.4372e+00	
 4.3277e+00	
 4.4127e+00	
 4.2786e+00	
 4.4083e+00	
 4.2905e+00	
 4.3790e+00	
 4.4364e+00	
 4.4947e+00	
 4.3823e+00	
 4.5025e+00	
 4.2680e+00	
 4.4980e+00	
 4.4137e+00	
 4.3720e+00	
 4.3119e+00	
 4.3759e+00	
 4.2992e+00	
 4.3164e+00	
 4.3568e+00	
 4.3115e+00	
 4.3318e+00	
 4.3474e+00	
 4.4015e+00	
 4.3577e+00	
 4.4530e+00	
 4.3126e+00	
 4.3418e+00	
 4.4144e+00	
 4.3881e+00	
 4.2920e+00	
 4.4055e+00	
 4.3668e+00	
 4.3612e+00	
 4.4168e+00	
 4.4001e+00	
 4.3104e+00	
 4.4560e+00	
 4.4522e+00	
 4.3351e+00	
 4.4071e+00	
 4.3243e+00	
 4.3867e+00	
 4.4333e+00	
 4.3840e+00	
 4.3475e+00	
 4.3316e+00	
 4.2617e+00	
 4.3942e+00	
 4.3729e+00	
 4.3331e+00	
 4.3290e+00	
 4.4072e+00	
 4.3217e+00	
 4.4330e+00	
 4.2957e+00	
 4.2825e+00	
 4.3301e+00	
 4.3145e+00	
 4.2856e+00	
 4.4307e+00	
 4.3580e+00	
 4.1941e+00	
 4.3011e+00	
 4.3495e+00	
 4.3982e+00	
 4.2979e+00	
 4.3383e+00	
 4.3475e+00	
 4.2548e+00	
 4.3364e+00	
 4.3600e+00	
 4.3675e+00	
 4.3652e+00	
 4.3146e+00	
 4.2602e+00	
 4.4059e+00	
 4.3728e+00	
 4.3407e+00	
 4.3460e+00	
 4.3638e+00	
 4.4089e+00	
 4.3681e+00	
 4.3136e+00	
 4.2275e+00	
 4.2512e+00	
 4.2702e+00	
 4.3692e+00	
 4.3007e+00	
 4.3143e+00	
 4.3343e+00	
 4.2942e+00	
 4.4216e+00	
 4.4705e+00	
 4.3169e+00	
 4.2923e+00	
 4.3036e+00	
 4.1775e+00	
 4.3030e+00	
 4.3989e+00	
 4.3666e+00	
 4.3361e+00	
 4.3426e+00	
 4.2610e+00	
 4.3267e+00	
 4.3311e+00	
 4.2882e+00	
 4.3215e+00	
 4.2608e+00	
 4.2285e+00	
 4.4272e+00	
 4.3673e+00	
 4.2989e+00	
 4.2383e+00	
 4.3677e+00	
 4.2756e+00	
 4.3044e+00	
 4.2762e+00	
 4.3549e+00	
 4.2858e+00	
 4.3493e+00	
 4.3389e+00	
 4.3220e+00	
 4.3667e+00	
 4.3468e+00	
 4.2396e+00	
 4.3002e+00	
 4.3941e+00	
 4.2884e+00	
 4.2861e+00	
 4.3498e+00	
 4.3369e+00	
 4.3047e+00	
 4.2295e+00	
 4.2556e+00	
 4.2937e+00	
 4.2801e+00	
 4.2619e+00	
 4.3083e+00	
 4.2809e+00	
 4.3207e+00	
 4.3162e+00	
 4.3130e+00	
 4.2448e+00	
 4.3509e+00	
 4.3588e+00	
 4.3727e+00	
 4.3417e+00	
 4.3299e+00	
 4.3065e+00	
 4.2723e+00	
 4.2473e+00	
 4.2418e+00	
 4.4164e+00	
 4.1825e+00	
 4.3540e+00	
 4.3084e+00	
 4.3475e+00	
 4.3029e+00	
 4.3951e+00	
 4.2935e+00	
 4.3299e+00	
 4.2991e+00	
 4.2588e+00	
 4.2989e+00	
 4.2979e+00	
 4.2850e+00	
 4.2906e+00	
 4.2717e+00	
 4.1150e+00	
 4.2810e+00	
 4.3667e+00	
 4.2736e+00	
 4.4881e+00	
 4.3315e+00	
 4.2475e+00	
 4.3635e+00	
 4.2808e+00	
 4.3267e+00	
 4.2528e+00	
 4.3388e+00	
 4.2747e+00	
 4.2647e+00	
 4.2106e+00	
 4.2537e+00	
 4.2879e+00	
 4.2629e+00	
 4.2234e+00	
 4.3297e+00	
 4.2977e+00	
 4.2492e+00	
 4.2788e+00	
 4.3540e+00	
 4.4149e+00	
 4.2952e+00	
 4.2734e+00	
 4.2925e+00	
 4.2067e+00	
 4.3109e+00	
 4.2614e+00	
 4.2595e+00	
 4.3168e+00	
 4.2969e+00	
 4.2016e+00	
 4.0454e+00	
 4.2919e+00	
 4.2276e+00	
 4.3022e+00	
 4.2759e+00	
 4.2951e+00	
 4.2570e+00	
 4.2611e+00	
 4.2665e+00	
 4.1622e+00	
 4.2648e+00	
 4.2825e+00	
 4.3041e+00	
 4.1713e+00	
 4.3648e+00	
 4.3003e+00	
 4.3592e+00	
 4.3238e+00	
 4.1958e+00	
 4.3093e+00	
 4.3904e+00	
 4.2621e+00	
 4.3633e+00	
 4.3133e+00	
 4.3334e+00	
 4.2615e+00	
 4.2569e+00	
 4.3141e+00	
 4.4532e+00	
 4.2246e+00	
 4.2233e+00	
 4.3060e+00	
 4.2133e+00	
 4.2259e+00	
 4.2948e+00	
 4.3042e+00	
 4.2966e+00	
 4.3431e+00	
 4.2021e+00	
 4.2561e+00	
 4.3905e+00	
 4.1989e+00	
 4.1962e+00	
 4.2242e+00	
 4.1960e+00	
 4.2127e+00	
 4.3190e+00	
 4.1677e+00	
 4.2477e+00	
 4.2721e+00	
 4.2621e+00	
 4.2539e+00	
 4.2794e+00	
 4.2354e+00	
 4.2112e+00	
 4.2127e+00	
 4.2417e+00	
 4.2309e+00	
 4.1887e+00	
 4.4017e+00	
 4.2282e+00	
 4.2765e+00	
 4.3386e+00	
 4.3350e+00	
 4.2084e+00	
 4.3115e+00	
 4.0948e+00	
 4.2221e+00	
 4.2048e+00	
 4.3788e+00	
 4.3293e+00	
 4.2248e+00	
 4.1811e+00	
 4.2411e+00	
 4.3941e+00	
 4.0956e+00	
 4.2543e+00	
 3.9812e+00	
 4.2570e+00	
 4.1443e+00	
 4.1726e+00	
 4.1549e+00	
 4.2101e+00	
 4.2025e+00	
 4.2239e+00	
 4.1835e+00	
 4.0183e+00	
 4.1640e+00	
 4.1733e+00	
 4.1011e+00	
 4.3829e+00	
 4.1839e+00	
 4.3148e+00	
 4.3239e+00	
 4.1428e+00	
 4.2465e+00	
 4.2133e+00	
 4.1028e+00	
 4.1278e+00	
 4.1012e+00	
 4.1561e+00	
 4.2559e+00	
 4.2721e+00	
 3.9616e+00	
 4.1476e+00	
 4.1276e+00	
 4.2795e+00	
 4.1967e+00	
 4.2191e+00	
 4.2498e+00	
 4.1834e+00	
 4.0592e+00	
 4.1223e+00	
 4.3288e+00	
 4.1714e+00	
 4.2445e+00	
 4.2187e+00	
 4.1694e+00	
 4.1331e+00	
 4.1784e+00	
 4.2534e+00	
 4.3002e+00	
 4.2266e+00	
 4.1786e+00	
 4.0584e+00	
 4.2463e+00	
 4.0811e+00	
 4.1019e+00	
 4.1901e+00	
 4.2720e+00	
 4.2110e+00	
 4.2208e+00	
 4.1781e+00	
 4.2037e+00	
 4.1756e+00	
 4.3687e+00	
 4.2916e+00	
 4.2443e+00	
 4.1968e+00	
 4.1941e+00	
 4.2460e+00	
 4.2134e+00	
 4.0524e+00	
 4.3556e+00	
 4.2811e+00	
 4.0814e+00	
 4.1748e+00	
 4.3504e+00	
 4.1811e+00	
 4.2186e+00	
 4.1479e+00	
 4.2134e+00	
 4.2344e+00	
 4.2515e+00	
 4.2971e+00	
 4.1236e+00	
 4.2639e+00	
 4.1398e+00	
 4.2422e+00	
 4.0488e+00	
 4.3417e+00	
 4.1647e+00	
 4.1806e+00	
 4.2096e+00	
 4.3167e+00	
 4.2324e+00	
 4.1198e+00	
 4.2207e+00	
 4.2187e+00	
 4.2721e+00	
 4.2384e+00	
 4.1724e+00	
 4.2584e+00	
 4.0799e+00	
 4.2673e+00	
 4.2503e+00	
 4.1980e+00	
 4.3368e+00	
 4.3065e+00	
 4.1859e+00	
 4.2087e+00	
 4.2287e+00	
 4.0996e+00	
 4.0498e+00	
 4.1830e+00	
 4.0466e+00	
 4.1588e+00	
 3.9785e+00	
 4.0529e+00	
 4.0163e+00	
 4.0728e+00	
 4.0228e+00	
 4.1729e+00	
 4.1126e+00	
 4.0352e+00	
 4.2896e+00	
 4.1006e+00	
 4.1145e+00	
 4.1723e+00	
 4.1873e+00	
 4.0763e+00	
 4.0696e+00	
 4.0227e+00	
 4.1877e+00	
 4.2977e+00	
 4.1646e+00	
 4.0256e+00	
 4.2260e+00	
 4.3278e+00	
 3.9556e+00	
 4.2023e+00	
 4.0833e+00	
 4.0921e+00	
 4.3049e+00	
 4.1367e+00	
 4.1716e+00	
 4.1202e+00	
 4.1046e+00	
 4.2848e+00	
 4.1251e+00	
 4.2116e+00	
 3.9810e+00	
 4.2158e+00	
 4.1321e+00	
 4.0595e+00	
 4.2003e+00	
 4.1109e+00	
 4.1731e+00	
 4.1990e+00	
 4.1667e+00	
 4.0554e+00	
 4.2499e+00	
 4.1863e+00	
 4.5507e+00	
 4.0247e+00	
 4.0794e+00	
 4.2230e+00	
 4.2495e+00	
 4.1445e+00	
 3.9478e+00	
 4.1882e+00	
 4.0481e+00	
 4.1302e+00	
 4.0251e+00	
 3.9909e+00	
 4.1141e+00	
 3.9961e+00	
 4.1856e+00	
 3.9874e+00	
 4.0237e+00	
 4.0904e+00	
 4.1259e+00	
 4.0701e+00	
 4.0253e+00	
 4.1731e+00	
 3.9737e+00	
 3.9732e+00	
 4.0388e+00	
 4.0683e+00	
 4.0720e+00	
 4.2030e+00	
 4.3346e+00	
 4.2013e+00	
 4.0501e+00	
 4.1960e+00	
 3.9620e+00	
 4.0376e+00	
 3.9264e+00	
 4.1481e+00	
 4.2457e+00	
 4.1582e+00	
 4.0723e+00	
 4.0059e+00	
 3.9694e+00	
 4.0919e+00	
 4.1184e+00	
 4.2277e+00	
 3.9520e+00	
 4.1882e+00	
 4.1871e+00	
 4.0317e+00	
 4.2015e+00	
 4.2611e+00	
 4.1176e+00	
 4.1922e+00	
 4.2340e+00	
 4.1414e+00	
 4.2425e+00	
 4.1035e+00	
 4.0669e+00	
 3.9640e+00	
 4.0958e+00	
 4.0230e+00	
 4.3799e+00	
 4.0481e+00	
 4.1684e+00	
 4.1463e+00	
 4.0489e+00	
 3.9759e+00	
 4.1402e+00	
 4.3165e+00	
 4.0561e+00	
 4.0171e+00	
 4.2450e+00	
 4.2041e+00	
 4.0678e+00	
 4.1652e+00	
 4.2378e+00	
 4.3326e+00	
 4.0469e+00	
 4.0277e+00	
 4.0542e+00	
 4.1461e+00	
 4.1497e+00	
 3.9193e+00	
 4.1476e+00	
 4.0372e+00	
 4.2277e+00	
 4.2261e+00	
 3.9065e+00	
 3.8987e+00	
 3.9714e+00	
 4.1358e+00	
 4.1614e+00	
 4.0187e+00	
 4.0421e+00	
 4.0226e+00	
 4.0890e+00	
 4.1466e+00	
 4.0075e+00	
 4.1914e+00	
 3.9554e+00	
 4.0538e+00	
 4.0500e+00	
 4.1046e+00	
 4.0574e+00	
 4.1257e+00	
 4.2693e+00	
 4.2066e+00	
 4.2113e+00	
 4.1705e+00	
 3.9839e+00	
 4.0996e+00	
 4.1118e+00	
 4.1517e+00	
 4.1168e+00	
 3.9159e+00	
 4.1242e+00	
 4.1328e+00	
 4.0651e+00	
 3.9670e+00	
 4.2189e+00	
 4.0224e+00	
 3.9518e+00	
 4.1207e+00	
 4.1489e+00	
 4.1309e+00	
 3.9884e+00	
 4.1937e+00	
 4.1014e+00	
 4.1032e+00	
 4.1580e+00	
 4.0112e+00	
 4.1655e+00	
 4.0462e+00	
 3.9548e+00	
 4.2771e+00	
 3.9749e+00	
 3.8822e+00	
 4.0604e+00	
 4.0182e+00	
 4.2149e+00	
 4.0030e+00	
 3.9487e+00	
 4.0509e+00	
 4.0896e+00	
 4.1388e+00	
 4.2421e+00	
 4.1124e+00	
 4.1764e+00	
 3.9639e+00	
 4.1678e+00	
 4.1139e+00	
 4.1655e+00	
 4.1518e+00	
 4.0291e+00	
 4.1415e+00	
 3.9454e+00	
 4.2048e+00	
 4.3038e+00	
 4.0334e+00	
 3.9980e+00	
 3.9333e+00	
 4.3526e+00	
 4.1374e+00	
 3.9026e+00	
 4.0529e+00	
 4.3585e+00	
 3.9403e+00	
 4.0642e+00	
 4.3415e+00	
 4.0177e+00	
 4.1588e+00	
 3.9095e+00	
 4.1262e+00	
 4.1164e+00	
 3.7152e+00	
 3.9658e+00	
 4.1234e+00	
 4.0638e+00	
 4.2021e+00	
 4.0864e+00	
 4.0125e+00	
 4.1359e+00	
 4.1197e+00	
 3.9487e+00	
 4.1735e+00	
 4.1241e+00	
 4.1025e+00	
 4.1838e+00	
 4.2264e+00	
 3.9136e+00	
 4.0750e+00	
 4.0441e+00	
 4.1762e+00	
 4.0367e+00	
 3.9772e+00	
 4.1448e+00	
 4.1798e+00	
 4.0533e+00	
 4.0716e+00	
 4.2124e+00	
 4.0137e+00	
 3.8237e+00	
 4.0344e+00	
 4.0428e+00	
 3.9655e+00	
 4.0027e+00	
 3.8498e+00	
 3.8611e+00	
 3.9110e+00	
 4.1007e+00	
 4.0375e+00	
 4.0789e+00	
 4.0857e+00	
 4.1176e+00	
 4.0951e+00	
 4.1988e+00	
 4.1590e+00	
 4.1724e+00	
 4.0318e+00	
 4.2544e+00	
 4.0290e+00	
 4.2586e+00	
 4.0609e+00	
 4.0624e+00	
 4.1176e+00	
 4.1094e+00	
 3.9814e+00	
 4.1148e+00	
 3.9791e+00	
 4.1929e+00	
 3.9080e+00	
 3.9310e+00	
 4.0043e+00	
 3.9783e+00	
 4.0615e+00	
 4.0218e+00	
 3.8555e+00	
 4.1331e+00	
 3.9896e+00	
 4.2300e+00	
 4.0587e+00	
 3.9881e+00	
 3.9954e+00	
 4.0507e+00	
 3.9212e+00	
 4.1913e+00	
 3.9564e+00	
 4.0873e+00	
 4.0754e+00	
 3.9573e+00	
 3.9057e+00	
 3.9395e+00	
 3.8562e+00	
 3.8006e+00	
 4.0417e+00	
 4.1187e+00	
 3.9590e+00	
 4.0483e+00	
 4.0190e+00	
 4.0705e+00	
 4.0234e+00	
 4.1505e+00	
 4.0706e+00	
 4.0612e+00	
 3.9640e+00	
 4.0964e+00	
 3.9871e+00	
 3.8545e+00	
 3.8494e+00	
 4.3012e+00	
 4.1740e+00	
 4.2088e+00	
 3.8797e+00	
 3.9535e+00	
 3.9708e+00	
 3.9633e+00	
 4.2030e+00	
 4.1493e+00	
 4.1030e+00	
 3.6450e+00	
 4.1396e+00	
 4.0487e+00	
 3.9115e+00	
 3.8920e+00	
 4.0066e+00	
 4.0906e+00	
 3.8865e+00	
 3.8943e+00	
 4.0075e+00	
 3.9960e+00	
 4.0269e+00	
 4.0571e+00	
 4.1224e+00	
 4.2152e+00	
 3.9980e+00	
 3.7977e+00	
 3.9717e+00	
 3.9931e+00	
 3.9793e+00	
 3.9199e+00	
 4.0460e+00	
 4.0973e+00	
 3.8936e+00	
 3.8258e+00	
 4.1993e+00	
 4.1014e+00	
 3.9920e+00	
 3.8369e+00	
 4.0836e+00	
 3.9727e+00	
 4.1207e+00	
 4.0706e+00	
 4.0543e+00	
 3.9482e+00	
 3.8735e+00	
 3.8527e+00	
 4.2292e+00	
 4.0499e+00	
 3.8104e+00	
 3.9359e+00	
 4.1225e+00	
 4.0754e+00	
 4.0876e+00	
 3.8096e+00	
 4.0822e+00	
 3.9837e+00	
 3.9943e+00	
 4.1383e+00	
 3.7653e+00	
 4.0201e+00	
 3.9967e+00	
 4.1306e+00	
 3.8822e+00	
 3.9030e+00	
 4.2799e+00	
 4.2121e+00	
 4.1108e+00	
 4.0317e+00	
 4.1580e+00	
 3.9618e+00	
 4.0858e+00	
 3.9856e+00	
 3.8633e+00	
 4.0943e+00	
 4.1299e+00	
 3.9196e+00	
 3.9605e+00	
 4.0958e+00	
 4.1438e+00	
 4.1088e+00	
 3.8581e+00	
 3.9595e+00	
 3.9335e+00	
 3.8486e+00	
 4.1525e+00	
 3.9284e+00	
 3.9295e+00	
 3.9212e+00	
 4.0071e+00	
 3.9990e+00	
 3.9670e+00	
 3.9193e+00	
 3.8327e+00	
 3.8534e+00	
 4.0533e+00	
 4.1201e+00	
 4.0560e+00	
 4.0786e+00	
 3.8651e+00	
 4.0368e+00	
 3.9831e+00	
 3.9233e+00	
 3.7185e+00	
 4.0246e+00	
 3.9860e+00	
 4.0485e+00	
 4.2105e+00	
 3.8742e+00	
 4.3024e+00	
 3.8128e+00	
 4.0701e+00	
 4.0442e+00	
 3.9130e+00	
 4.0289e+00	
 4.0789e+00	
 3.8830e+00	
 3.8613e+00	
 4.1036e+00	
 3.9889e+00	
 3.9931e+00	
 3.8748e+00	
 3.9546e+00	
 3.9761e+00	
 3.9395e+00	
 3.7339e+00	
 4.0043e+00	
 4.1136e+00	
 4.0462e+00	
 3.7805e+00	
 3.9144e+00	
 3.9142e+00	
 3.9427e+00	
 4.0331e+00	
 3.9258e+00	
 3.7705e+00	
 4.0703e+00	
 4.1803e+00	
 3.9936e+00	
 4.0420e+00	
 4.0475e+00	
 3.9508e+00	
 4.0718e+00	
 4.0838e+00	
 3.9833e+00	
 3.8838e+00	
 3.9260e+00	
 3.7236e+00	
 3.8225e+00	
 3.9133e+00	
 3.8491e+00	
 3.9845e+00	
 4.1481e+00	
 3.9466e+00	
 4.1851e+00	
 3.7871e+00	
 4.0093e+00	
 3.7695e+00	
 3.8708e+00	
 3.9525e+00	
 3.8622e+00	
 3.9859e+00	
 3.9750e+00	
 4.1084e+00	
 3.9939e+00	
 4.1007e+00	
 3.8527e+00	
 4.0644e+00	
 3.9239e+00	
 3.8058e+00	
 3.9035e+00	
 4.1899e+00	
 4.1475e+00	
 4.2178e+00	
 4.1363e+00	
 4.0114e+00	
 3.7462e+00	
 4.0929e+00	
 3.8382e+00	
 3.7721e+00	
 3.9437e+00	
 3.8496e+00	
 3.9729e+00	
 3.9089e+00	
 3.9950e+00	
 4.2207e+00	
 4.0297e+00	
 3.8127e+00	
 3.9415e+00	
 4.0227e+00	
 3.9399e+00	
 3.9149e+00	
 4.0996e+00	
 3.9880e+00	
 3.8579e+00	
 3.8979e+00	
 4.0411e+00	
 3.7938e+00	
 4.1879e+00	
 4.0090e+00	
 3.9093e+00	
 3.8013e+00	
 3.9533e+00	
 4.2674e+00	
 3.8928e+00	
 4.0918e+00	
 3.7688e+00	
 3.7845e+00	
 3.9443e+00	
 4.0128e+00	
 3.7883e+00	
 3.8962e+00	
 4.0162e+00	
 3.9376e+00	
 3.7123e+00	
 3.8950e+00	
 3.8930e+00	
 4.0427e+00	
 3.8622e+00	
 3.9936e+00	
 4.0932e+00	
 3.8597e+00	
 3.7748e+00	
 3.7973e+00	
 3.9440e+00	
 4.0068e+00	
 3.8854e+00	
 4.0817e+00	
 4.1144e+00	
 3.7467e+00	
 3.9658e+00	
 3.8146e+00	
 4.0195e+00	
 3.9615e+00	
 3.8044e+00	
 3.7113e+00	
 4.1170e+00	
 3.8087e+00	
 4.0408e+00	
 3.9332e+00	
 3.8007e+00	
 4.0770e+00	
 3.9144e+00	
 4.0186e+00	
 3.8668e+00	
 3.9693e+00	
 4.0867e+00	
 3.9819e+00	
 3.8983e+00	
 4.0905e+00	
 4.1190e+00	
 3.7905e+00	
 4.0567e+00	
 4.0923e+00	
 3.9284e+00	
 3.9573e+00	
 3.9957e+00	
 4.0155e+00	
 3.8308e+00	
 3.8652e+00	
 3.7872e+00	
 3.8374e+00	
 3.9483e+00	
 4.1274e+00	
 3.7930e+00	
 3.9298e+00	
 3.9380e+00	
 3.8943e+00	
 3.8012e+00	
 4.0807e+00	
 3.7003e+00	
 4.0190e+00	
 3.9794e+00	
 4.1882e+00	
 4.2068e+00	
 3.7809e+00	
 4.0659e+00	
 4.0279e+00	
 3.8602e+00	
 4.0395e+00	
 3.8810e+00	
 3.8744e+00	
 4.1049e+00	
 3.9922e+00	
 3.9142e+00	
 4.0784e+00	
 4.2309e+00	
 4.1005e+00	
 3.9104e+00	
 3.8752e+00	
 3.7564e+00	
 4.0566e+00	
 3.8888e+00	
 3.7694e+00	
 3.9527e+00	
 3.9726e+00	
 3.9308e+00	
 3.9101e+00	
 3.9169e+00	
 4.0083e+00	
 4.0670e+00	
 4.0561e+00	
 3.7685e+00	
 4.0195e+00	
 4.0147e+00	
 3.8249e+00	
 3.9746e+00	
 3.8920e+00	
 4.1274e+00	
 4.1618e+00	
 3.8057e+00	
 3.6931e+00	
 4.0055e+00	
 4.1246e+00	
 3.9025e+00	
 3.8689e+00	
 3.7850e+00	
 4.0070e+00	
 3.7369e+00	
 4.0097e+00	
 3.8801e+00	
 3.8726e+00	
 4.1044e+00	
 3.9181e+00	
 3.8101e+00	
 4.1590e+00	
 4.0767e+00	
 3.8540e+00	
 4.0290e+00	
 3.9940e+00	
 3.8562e+00	
 3.8286e+00	
 3.5935e+00	
 3.9010e+00	
 3.8871e+00	
 3.7770e+00	
 3.7508e+00	
 3.9589e+00	
 3.8564e+00	
 3.8269e+00	
 4.0210e+00	
 3.6618e+00	
 4.0554e+00	
 3.8713e+00	
 3.7524e+00	
 3.9983e+00	
 3.9926e+00	
 3.8766e+00	
 3.9144e+00	
 3.6035e+00	
 3.8362e+00	
 3.8929e+00	
 4.0343e+00	
 4.0576e+00	
 4.2759e+00	
 4.0334e+00	
 3.8612e+00	
 3.9760e+00	
 3.7211e+00	
 4.2090e+00	
 3.9240e+00	
 3.8727e+00	
 3.8168e+00	
 3.6965e+00	
 3.9730e+00	
 3.9300e+00	
 4.0277e+00	
 3.6961e+00	
 3.9456e+00	
 4.0122e+00	
 3.9883e+00	
 3.9600e+00	
 3.7509e+00	
 3.8146e+00	
 3.9324e+00	
 3.9565e+00	
 3.8586e+00	
 3.5989e+00	
 3.8744e+00	
 3.8430e+00	
 3.8310e+00	
 3.7798e+00	
 3.8680e+00	
 3.8602e+00	
 4.0753e+00	
 3.7408e+00	
 3.9535e+00	
 3.7661e+00	
 3.7698e+00	
 3.9719e+00	
 3.8338e+00	
 4.1181e+00	
 3.9157e+00	
 4.0111e+00	
 3.7692e+00	
 3.7477e+00	
 4.0611e+00	
 3.9961e+00	
 4.0215e+00	
 3.9182e+00	
 3.9766e+00	
 3.8653e+00	
 3.6642e+00	
 3.7884e+00	
 3.9955e+00	
 3.7775e+00	
 3.8096e+00	
 4.1181e+00	
 3.8397e+00	
 4.1283e+00	
 3.8780e+00	
 3.7480e+00	
 3.8617e+00	
 3.8167e+00	
 3.9802e+00	
 4.0307e+00	
 3.8568e+00	
 4.0042e+00	
 3.6142e+00	
 3.9220e+00	
 4.0725e+00	
 3.7511e+00	
 3.7931e+00	
 3.9182e+00	
 3.9812e+00	
 3.6667e+00	
 3.9810e+00	
 3.5377e+00	
 3.7698e+00	
 3.8534e+00	
 3.9309e+00	
 3.8057e+00	
 3.9161e+00	
 3.8699e+00	
 3.6548e+00	
 3.7035e+00	
