loss	
 4.6309e+00	
 4.6610e+00	
 4.5955e+00	
 4.6201e+00	
 4.6177e+00	
 4.5890e+00	
 4.6023e+00	
 4.6283e+00	
 4.5893e+00	
 4.6074e+00	
 4.5933e+00	
 4.6136e+00	
 4.6665e+00	
 4.6554e+00	
 4.6319e+00	
 4.5746e+00	
 4.6159e+00	
 4.6406e+00	
 4.6236e+00	
 4.6017e+00	
 4.5644e+00	
 4.5970e+00	
 4.5608e+00	
 4.6173e+00	
 4.6387e+00	
 4.5529e+00	
 4.6497e+00	
 4.5517e+00	
 4.6556e+00	
 4.6043e+00	
 4.5936e+00	
 4.5944e+00	
 4.6102e+00	
 4.6734e+00	
 4.5779e+00	
 4.6449e+00	
 4.6331e+00	
 4.5876e+00	
 4.5776e+00	
 4.6472e+00	
 4.5883e+00	
 4.5909e+00	
 4.6168e+00	
 4.5634e+00	
 4.6378e+00	
 4.5899e+00	
 4.6115e+00	
 4.5894e+00	
 4.6371e+00	
 4.5813e+00	
 4.6235e+00	
 4.5486e+00	
 4.5750e+00	
 4.6580e+00	
 4.5564e+00	
 4.5938e+00	
 4.5817e+00	
 4.5675e+00	
 4.5838e+00	
 4.6250e+00	
 4.5985e+00	
 4.5988e+00	
 4.5474e+00	
 4.5581e+00	
 4.6407e+00	
 4.5810e+00	
 4.5478e+00	
 4.4993e+00	
 4.5913e+00	
 4.6165e+00	
 4.5474e+00	
 4.5506e+00	
 4.5333e+00	
 4.6090e+00	
 4.5384e+00	
 4.5811e+00	
 4.5688e+00	
 4.5548e+00	
 4.6020e+00	
 4.5605e+00	
 4.5011e+00	
 4.5734e+00	
 4.5572e+00	
 4.5570e+00	
 4.5655e+00	
 4.5866e+00	
 4.4745e+00	
 4.5658e+00	
 4.5889e+00	
 4.4897e+00	
 4.5494e+00	
 4.5122e+00	
 4.6188e+00	
 4.5210e+00	
 4.5290e+00	
 4.5515e+00	
 4.5123e+00	
 4.5304e+00	
 4.5077e+00	
 4.5336e+00	
 4.4588e+00	
 4.4588e+00	
 4.4787e+00	
 4.4623e+00	
 4.5358e+00	
 4.5639e+00	
 4.5595e+00	
 4.4194e+00	
 4.5319e+00	
 4.4598e+00	
 4.3406e+00	
 4.4778e+00	
 4.3661e+00	
 4.3075e+00	
 4.4748e+00	
 4.3348e+00	
 4.3708e+00	
 4.3633e+00	
 4.3318e+00	
 4.3529e+00	
 4.5026e+00	
 4.3837e+00	
 4.3423e+00	
 4.3161e+00	
 4.3582e+00	
 4.4085e+00	
 4.3737e+00	
 4.4310e+00	
 4.3380e+00	
 4.3100e+00	
 4.3263e+00	
 4.3612e+00	
 4.3560e+00	
 4.2351e+00	
 4.3820e+00	
 4.2739e+00	
 4.5359e+00	
 4.1938e+00	
 4.1860e+00	
 4.3099e+00	
 4.4678e+00	
 4.4393e+00	
 4.3266e+00	
 4.3871e+00	
 4.2579e+00	
 4.2145e+00	
 4.4054e+00	
 4.3248e+00	
 4.3392e+00	
 4.1804e+00	
 4.3766e+00	
 4.1406e+00	
 4.2352e+00	
 4.3037e+00	
 4.1537e+00	
 4.2560e+00	
 4.3565e+00	
 4.1728e+00	
 4.3756e+00	
 4.3045e+00	
 4.0829e+00	
 4.3687e+00	
 4.1229e+00	
 4.3773e+00	
 4.1963e+00	
 3.9781e+00	
 4.2531e+00	
 4.2457e+00	
 4.1146e+00	
 4.0750e+00	
 4.1978e+00	
 4.2568e+00	
 4.1748e+00	
 4.2260e+00	
 4.1702e+00	
 4.1459e+00	
 4.2477e+00	
 4.3242e+00	
 4.1941e+00	
 4.0952e+00	
 4.3090e+00	
 4.3720e+00	
 4.1854e+00	
 4.1338e+00	
 4.0209e+00	
 4.0843e+00	
 4.0263e+00	
 3.9934e+00	
 4.0199e+00	
 4.3973e+00	
 4.3605e+00	
 4.0393e+00	
 3.9237e+00	
 4.1971e+00	
 4.1538e+00	
 4.1391e+00	
 4.1823e+00	
 3.9731e+00	
 4.1575e+00	
 4.2075e+00	
 4.2373e+00	
 4.2506e+00	
 4.0964e+00	
 4.1302e+00	
 3.9848e+00	
 4.0725e+00	
 4.0092e+00	
 4.1253e+00	
 4.0704e+00	
 4.0940e+00	
 3.9844e+00	
 3.9254e+00	
 4.2137e+00	
 4.1490e+00	
 4.2374e+00	
 4.1461e+00	
 3.9913e+00	
 3.9682e+00	
 3.9919e+00	
 4.0193e+00	
 4.1035e+00	
 4.1887e+00	
 3.8968e+00	
 4.1978e+00	
 3.8740e+00	
 4.0843e+00	
 4.1570e+00	
 3.8523e+00	
 3.9861e+00	
 4.1790e+00	
 4.0295e+00	
 3.9754e+00	
 3.9236e+00	
 4.0714e+00	
 3.7977e+00	
 4.0124e+00	
 4.0696e+00	
 3.7880e+00	
 3.7920e+00	
 4.0654e+00	
 3.8691e+00	
 3.9528e+00	
 3.9419e+00	
 4.0312e+00	
 4.1561e+00	
 4.0673e+00	
 3.9395e+00	
 3.7872e+00	
 3.7844e+00	
 3.7610e+00	
 3.9167e+00	
 4.0506e+00	
 3.9230e+00	
 3.9612e+00	
 3.8725e+00	
 4.0635e+00	
 4.0649e+00	
 3.8832e+00	
 3.9447e+00	
 3.9064e+00	
 4.0212e+00	
 3.8232e+00	
 3.7233e+00	
 4.2713e+00	
 3.9713e+00	
 3.7273e+00	
 3.8177e+00	
 3.6503e+00	
 3.9091e+00	
 4.2861e+00	
 3.8249e+00	
 3.9538e+00	
 4.3061e+00	
 3.9306e+00	
 3.9382e+00	
 3.8452e+00	
 4.0301e+00	
 3.8600e+00	
 3.7020e+00	
 3.9908e+00	
 3.9481e+00	
 3.9021e+00	
 3.9523e+00	
 3.9575e+00	
 4.0205e+00	
 3.9660e+00	
 3.7090e+00	
 3.8808e+00	
 3.6820e+00	
 4.1416e+00	
 3.7579e+00	
 4.0937e+00	
 3.9531e+00	
 3.9667e+00	
 3.8216e+00	
 4.0901e+00	
 3.8975e+00	
 3.8777e+00	
 3.7961e+00	
 4.3211e+00	
 3.7445e+00	
 3.9349e+00	
 3.8919e+00	
 3.8565e+00	
 3.8990e+00	
 3.6554e+00	
 3.9446e+00	
 3.9085e+00	
 3.8749e+00	
 4.2333e+00	
 3.6390e+00	
 3.8027e+00	
 3.9409e+00	
 3.8873e+00	
 3.7642e+00	
 3.8680e+00	
 3.8632e+00	
 3.7144e+00	
 3.7042e+00	
 3.7341e+00	
 4.0544e+00	
 4.1502e+00	
 3.7847e+00	
 3.5270e+00	
 3.6821e+00	
 3.6587e+00	
 3.7272e+00	
 3.7978e+00	
 4.0759e+00	
 3.6529e+00	
 3.7016e+00	
 3.9856e+00	
 3.7585e+00	
 3.7559e+00	
 3.7714e+00	
 3.7287e+00	
 3.5866e+00	
 4.0195e+00	
 4.0209e+00	
 3.9289e+00	
 3.6387e+00	
 3.8075e+00	
 3.7748e+00	
 4.0222e+00	
 3.7735e+00	
 3.8112e+00	
 4.1095e+00	
 3.9003e+00	
 3.8711e+00	
 3.7447e+00	
 4.0787e+00	
 3.7900e+00	
 4.0439e+00	
 3.8912e+00	
 3.7208e+00	
 3.9087e+00	
 3.5706e+00	
 3.9246e+00	
 3.8005e+00	
 3.4712e+00	
 3.7922e+00	
 3.5920e+00	
 3.9208e+00	
 3.7874e+00	
 3.8877e+00	
 3.5880e+00	
 3.7095e+00	
 3.6410e+00	
 3.7776e+00	
 3.3138e+00	
 3.6761e+00	
 3.8988e+00	
 3.6220e+00	
 4.0530e+00	
 3.7495e+00	
 3.8272e+00	
 3.7704e+00	
 3.8189e+00	
 3.7782e+00	
 3.6454e+00	
 3.7277e+00	
 3.6123e+00	
 3.6041e+00	
 3.9894e+00	
 3.4514e+00	
 3.6274e+00	
 3.8124e+00	
 3.5840e+00	
 3.9028e+00	
 3.6312e+00	
 3.6698e+00	
 3.6784e+00	
 3.3738e+00	
 3.6120e+00	
 3.5214e+00	
 3.7674e+00	
 3.8822e+00	
 3.6578e+00	
 3.5761e+00	
 3.8717e+00	
 3.5093e+00	
 3.7402e+00	
 3.7128e+00	
 3.8359e+00	
 3.5503e+00	
 3.7693e+00	
 4.0804e+00	
 3.5470e+00	
 3.4985e+00	
 3.5488e+00	
 3.6106e+00	
 3.9157e+00	
 3.8535e+00	
 3.4189e+00	
 3.7234e+00	
 3.3715e+00	
 3.6093e+00	
 3.9454e+00	
 3.8221e+00	
 3.1741e+00	
 3.7720e+00	
 3.7047e+00	
 3.4865e+00	
 3.5567e+00	
 3.5080e+00	
 3.7288e+00	
 3.9194e+00	
 3.7343e+00	
 3.7337e+00	
 3.6342e+00	
 3.6985e+00	
 3.7652e+00	
 3.9539e+00	
 3.3958e+00	
 3.6025e+00	
 3.5325e+00	
 3.6184e+00	
 3.4583e+00	
 3.4717e+00	
 3.5043e+00	
 3.7972e+00	
 3.7436e+00	
 3.8945e+00	
 3.7945e+00	
 3.5083e+00	
 3.4629e+00	
 3.6908e+00	
 3.6080e+00	
 3.6993e+00	
 4.0570e+00	
 3.5305e+00	
 3.6533e+00	
 3.7674e+00	
 3.8372e+00	
 3.5630e+00	
 3.7766e+00	
 3.4988e+00	
 3.8472e+00	
 3.6946e+00	
 3.5302e+00	
 3.5500e+00	
 3.8142e+00	
 3.7465e+00	
 3.7149e+00	
 3.6888e+00	
 3.6618e+00	
 3.7311e+00	
 3.6191e+00	
 3.5719e+00	
 3.3534e+00	
 3.4250e+00	
 3.3906e+00	
 3.5063e+00	
 3.5321e+00	
 3.6442e+00	
 3.2426e+00	
 3.5356e+00	
 3.6813e+00	
 3.7439e+00	
 3.5001e+00	
 3.9199e+00	
 3.3704e+00	
 3.5055e+00	
 3.5545e+00	
 3.3412e+00	
 3.5291e+00	
 3.4118e+00	
 3.9253e+00	
 3.6480e+00	
 3.3816e+00	
 3.5533e+00	
 3.5541e+00	
 3.5705e+00	
 3.4680e+00	
 3.3355e+00	
 3.7748e+00	
 3.4468e+00	
 3.3940e+00	
 3.6937e+00	
 3.4470e+00	
 3.9737e+00	
 3.5616e+00	
 3.3885e+00	
 3.9925e+00	
 3.4028e+00	
 3.4292e+00	
 3.3993e+00	
 3.4085e+00	
 3.7772e+00	
 3.5070e+00	
 3.6041e+00	
 3.7468e+00	
 3.5778e+00	
 3.5063e+00	
 3.4948e+00	
 3.9312e+00	
 3.5174e+00	
 3.6333e+00	
 3.3982e+00	
 3.5092e+00	
 3.4963e+00	
 3.3841e+00	
 3.5734e+00	
 3.3372e+00	
 3.5422e+00	
 3.6347e+00	
 3.4920e+00	
 3.6125e+00	
 3.1118e+00	
 3.7091e+00	
 4.0273e+00	
 3.6785e+00	
 3.8191e+00	
 3.8399e+00	
 3.6714e+00	
 3.3204e+00	
 3.2809e+00	
 3.2207e+00	
 3.7321e+00	
 3.6768e+00	
 3.4712e+00	
 3.8644e+00	
 3.7049e+00	
 3.4693e+00	
 3.7978e+00	
 3.3444e+00	
 3.4504e+00	
 3.6632e+00	
 3.5353e+00	
 3.2894e+00	
 3.7130e+00	
 3.5115e+00	
 3.6851e+00	
 3.5387e+00	
 3.6866e+00	
 3.5859e+00	
 3.3622e+00	
 3.4456e+00	
 3.3289e+00	
 3.4338e+00	
 3.6556e+00	
 3.5535e+00	
 3.3462e+00	
 3.4964e+00	
 3.6085e+00	
 3.3047e+00	
 3.2039e+00	
 3.4520e+00	
 3.4506e+00	
 3.2475e+00	
 3.7428e+00	
 3.5783e+00	
 3.0903e+00	
 3.7904e+00	
 3.4423e+00	
 3.3031e+00	
 3.2222e+00	
 3.6020e+00	
 3.2266e+00	
 3.4101e+00	
 3.4008e+00	
 3.1520e+00	
 3.3483e+00	
 3.1937e+00	
 3.6705e+00	
 3.8447e+00	
 3.4973e+00	
 3.3646e+00	
 3.4537e+00	
 3.5294e+00	
 3.1120e+00	
 3.7448e+00	
 3.6390e+00	
 3.4241e+00	
 3.4302e+00	
 3.3931e+00	
 3.7637e+00	
 3.3969e+00	
 3.3313e+00	
 3.9730e+00	
 3.5521e+00	
 2.9956e+00	
 3.3898e+00	
 3.4046e+00	
 3.2422e+00	
 3.5743e+00	
 3.5151e+00	
 3.7903e+00	
 3.3678e+00	
 3.6276e+00	
 3.5965e+00	
 3.4349e+00	
 3.2781e+00	
 3.6294e+00	
 3.3953e+00	
 2.9733e+00	
 3.7931e+00	
 3.3382e+00	
 3.2645e+00	
 3.2291e+00	
 3.9958e+00	
 3.6878e+00	
 3.4954e+00	
 3.4774e+00	
 3.3561e+00	
 3.4489e+00	
 3.2745e+00	
 3.4793e+00	
 3.6014e+00	
 3.4471e+00	
 3.1002e+00	
 3.5214e+00	
 3.3571e+00	
 2.9690e+00	
 3.2582e+00	
 3.2628e+00	
 3.7556e+00	
 3.0906e+00	
 3.3379e+00	
 3.2609e+00	
 3.4905e+00	
 3.3913e+00	
 3.6880e+00	
 3.2826e+00	
 3.4799e+00	
 3.2904e+00	
 3.5091e+00	
 3.4235e+00	
 3.6549e+00	
 3.3179e+00	
 3.6852e+00	
 3.7795e+00	
 3.5255e+00	
 3.1871e+00	
 3.5347e+00	
 3.3914e+00	
 3.1879e+00	
 3.6341e+00	
 3.0747e+00	
 3.6091e+00	
 3.5049e+00	
 3.5802e+00	
 3.3824e+00	
 3.3084e+00	
 3.4579e+00	
 3.1293e+00	
 3.4433e+00	
 3.2063e+00	
 3.3065e+00	
 3.5199e+00	
 3.5196e+00	
 3.5577e+00	
 3.3119e+00	
 3.3843e+00	
 3.1814e+00	
 3.3567e+00	
 3.2057e+00	
 3.3570e+00	
 3.3236e+00	
 3.4088e+00	
 3.3282e+00	
 3.2245e+00	
 3.5114e+00	
 3.3733e+00	
 3.4393e+00	
 3.3659e+00	
 3.4160e+00	
 3.4657e+00	
 3.6249e+00	
 3.3241e+00	
 3.6962e+00	
 2.9659e+00	
 3.4006e+00	
 3.0234e+00	
 3.7904e+00	
 3.6613e+00	
 3.4484e+00	
 3.1025e+00	
 3.4564e+00	
 3.2303e+00	
 3.3400e+00	
 3.4718e+00	
 3.6763e+00	
 3.2274e+00	
 3.2450e+00	
 3.6373e+00	
 3.5756e+00	
 3.3379e+00	
 3.5112e+00	
 3.5267e+00	
 3.4214e+00	
 3.1240e+00	
 3.6546e+00	
 3.6137e+00	
 3.1815e+00	
 3.5497e+00	
 3.2276e+00	
 3.7236e+00	
 3.0836e+00	
 3.3775e+00	
 3.0400e+00	
 2.9923e+00	
 3.4788e+00	
 3.2735e+00	
 3.2623e+00	
 3.2129e+00	
 3.3219e+00	
 3.5123e+00	
 3.3396e+00	
 3.6204e+00	
 3.6771e+00	
 3.1954e+00	
 2.9997e+00	
 3.8094e+00	
 3.6308e+00	
 3.5522e+00	
 3.6554e+00	
 3.5946e+00	
 3.3218e+00	
 3.5632e+00	
 3.2860e+00	
 3.3406e+00	
 3.2207e+00	
 3.0921e+00	
 2.7940e+00	
 3.4538e+00	
 3.5710e+00	
 3.3353e+00	
 3.4264e+00	
 3.3975e+00	
 3.2908e+00	
 3.7982e+00	
 3.5026e+00	
 3.3240e+00	
 3.3380e+00	
 3.2997e+00	
 3.3066e+00	
 3.5278e+00	
 3.4178e+00	
 3.1565e+00	
 3.6415e+00	
 3.2150e+00	
 3.4110e+00	
 3.1736e+00	
 3.4843e+00	
 3.0658e+00	
 3.1836e+00	
 2.9281e+00	
 3.4438e+00	
 2.7860e+00	
 3.0131e+00	
 3.6005e+00	
 3.3067e+00	
 3.2067e+00	
 3.2450e+00	
 3.2293e+00	
 3.5309e+00	
 3.8938e+00	
 3.3012e+00	
 3.1849e+00	
 3.2022e+00	
 2.9644e+00	
 3.3925e+00	
 3.4022e+00	
 3.3566e+00	
 3.2225e+00	
 3.1852e+00	
 2.9888e+00	
 3.0632e+00	
 3.7815e+00	
 3.3190e+00	
 3.1268e+00	
 3.1625e+00	
 3.0344e+00	
 3.1759e+00	
 3.6357e+00	
 3.2300e+00	
 2.7548e+00	
 3.4366e+00	
 3.0741e+00	
 3.1216e+00	
 3.0004e+00	
 3.1596e+00	
 3.2272e+00	
 3.2410e+00	
 3.4734e+00	
 3.2327e+00	
 3.4560e+00	
 3.5672e+00	
 3.1976e+00	
 3.2927e+00	
 3.3737e+00	
 3.4119e+00	
 3.1166e+00	
 3.4381e+00	
 3.1549e+00	
 2.9787e+00	
 3.0100e+00	
 3.0375e+00	
 3.3836e+00	
 3.0600e+00	
 3.5780e+00	
 3.3380e+00	
 3.1413e+00	
 2.9978e+00	
 3.4773e+00	
 3.2806e+00	
 3.3982e+00	
 3.3772e+00	
 3.3561e+00	
 3.6221e+00	
 3.1762e+00	
 3.4502e+00	
 3.6036e+00	
 3.4356e+00	
 3.2586e+00	
 3.2017e+00	
 3.4175e+00	
 3.4608e+00	
 3.1448e+00	
 3.1851e+00	
 2.9675e+00	
 2.8404e+00	
 2.9108e+00	
 3.1910e+00	
 2.8984e+00	
 3.3181e+00	
 3.0093e+00	
 3.4226e+00	
 3.4178e+00	
 3.3971e+00	
 3.2734e+00	
 3.3695e+00	
 3.3457e+00	
 3.0001e+00	
 3.2483e+00	
 3.3811e+00	
 3.2178e+00	
 3.4594e+00	
 3.3448e+00	
 3.2253e+00	
 3.2999e+00	
 3.4976e+00	
 3.1877e+00	
 3.4451e+00	
 3.2091e+00	
 3.0797e+00	
 3.2599e+00	
 3.1932e+00	
 3.1635e+00	
 3.3642e+00	
 3.6686e+00	
 3.1012e+00	
 3.3136e+00	
 3.0053e+00	
 3.3130e+00	
 3.4198e+00	
 3.1265e+00	
 3.6696e+00	
 3.1881e+00	
 3.6060e+00	
 3.1606e+00	
 3.1972e+00	
 3.2636e+00	
 3.2274e+00	
 3.0641e+00	
 3.6065e+00	
 3.5321e+00	
 3.6140e+00	
 3.2023e+00	
 2.9263e+00	
 3.3403e+00	
 2.9130e+00	
 2.9133e+00	
 3.0945e+00	
 3.4540e+00	
 3.0895e+00	
 3.5082e+00	
 3.1673e+00	
 2.9088e+00	
 2.9635e+00	
 3.3712e+00	
 3.2839e+00	
 2.9781e+00	
 3.1018e+00	
 3.0483e+00	
 3.0210e+00	
 3.3657e+00	
 3.1213e+00	
 3.5308e+00	
 3.4083e+00	
 2.8659e+00	
 3.0073e+00	
 3.0944e+00	
 3.4273e+00	
 3.1991e+00	
 3.3782e+00	
 3.3415e+00	
 3.1214e+00	
 3.3348e+00	
 3.2921e+00	
 3.2381e+00	
 3.2971e+00	
 3.5125e+00	
 3.5053e+00	
 3.2568e+00	
 3.1319e+00	
 2.9646e+00	
 3.1085e+00	
 3.4198e+00	
 3.2161e+00	
 3.2602e+00	
 3.1986e+00	
 3.2609e+00	
 3.2237e+00	
 2.9458e+00	
 3.3923e+00	
 2.6355e+00	
 3.3359e+00	
 3.1412e+00	
 3.2519e+00	
 3.1859e+00	
 3.5125e+00	
 2.9591e+00	
 3.2443e+00	
 3.3443e+00	
 3.1709e+00	
 3.1243e+00	
 3.2607e+00	
 3.2251e+00	
 3.2948e+00	
 3.3889e+00	
 2.8692e+00	
 3.4713e+00	
 3.4508e+00	
 3.0513e+00	
 3.1763e+00	
 3.3232e+00	
 3.4581e+00	
 3.0637e+00	
 3.2471e+00	
 3.2143e+00	
 3.0594e+00	
 3.0558e+00	
 3.0876e+00	
 3.1526e+00	
 3.2086e+00	
 3.2226e+00	
 3.0546e+00	
 2.9940e+00	
 3.1960e+00	
 3.2127e+00	
 3.4901e+00	
 3.2038e+00	
 3.4205e+00	
 3.2422e+00	
 3.1548e+00	
 3.0726e+00	
 3.2253e+00	
 2.9746e+00	
 2.9511e+00	
 3.2310e+00	
 3.2941e+00	
 3.0407e+00	
 3.1709e+00	
 3.5738e+00	
 3.0060e+00	
 3.5147e+00	
 3.1331e+00	
 3.3420e+00	
 3.3986e+00	
 3.1214e+00	
 3.1485e+00	
 3.0520e+00	
 3.1569e+00	
 3.1012e+00	
 2.9767e+00	
 3.2763e+00	
 3.0564e+00	
 2.9094e+00	
 3.3970e+00	
 3.1624e+00	
 2.8642e+00	
 3.0893e+00	
 3.1717e+00	
 3.0294e+00	
 3.4252e+00	
 3.1841e+00	
 3.4238e+00	
 3.1501e+00	
 3.3543e+00	
 3.3934e+00	
 3.2803e+00	
 3.2379e+00	
 3.3269e+00	
 3.3165e+00	
 3.0538e+00	
 3.1788e+00	
 3.4379e+00	
 3.0630e+00	
 3.0045e+00	
 2.8858e+00	
 3.4094e+00	
 2.9689e+00	
 2.9321e+00	
 3.3789e+00	
 3.0243e+00	
 2.9732e+00	
 3.2003e+00	
 3.3587e+00	
 3.2512e+00	
 3.4984e+00	
 3.4373e+00	
 3.3081e+00	
 3.3276e+00	
 3.1941e+00	
 3.3855e+00	
 3.1428e+00	
 2.7792e+00	
 3.0370e+00	
 2.9658e+00	
 2.8723e+00	
 3.3885e+00	
 3.2934e+00	
 3.3181e+00	
 3.6934e+00	
 3.1900e+00	
 3.1010e+00	
 2.9372e+00	
 3.2366e+00	
 3.4343e+00	
 2.9160e+00	
 3.2735e+00	
 3.0456e+00	
 3.5338e+00	
 3.2149e+00	
 2.9521e+00	
 2.9136e+00	
 2.6734e+00	
 3.1710e+00	
 3.2982e+00	
 3.5528e+00	
 3.2371e+00	
 3.0643e+00	
 3.2319e+00	
 3.1485e+00	
 3.4937e+00	
 3.3843e+00	
 3.5281e+00	
 3.0836e+00	
 3.3016e+00	
 3.2478e+00	
 3.2284e+00	
 3.6412e+00	
 3.1818e+00	
 2.8918e+00	
 3.3151e+00	
 3.4448e+00	
 2.9568e+00	
 3.0149e+00	
 3.3047e+00	
 3.4683e+00	
 3.0797e+00	
 2.9417e+00	
 3.0697e+00	
 3.2865e+00	
 3.1600e+00	
 3.2090e+00	
 3.3466e+00	
 3.0688e+00	
 3.4029e+00	
 3.1539e+00	
 2.9835e+00	
 3.3540e+00	
 3.3575e+00	
 3.3516e+00	
 3.1001e+00	
 3.4438e+00	
 2.9678e+00	
 3.1240e+00	
 3.6087e+00	
 3.2027e+00	
 3.2059e+00	
 3.5839e+00	
 3.1622e+00	
 3.2129e+00	
 3.2760e+00	
 3.1599e+00	
 2.8236e+00	
 3.2397e+00	
 3.0074e+00	
 3.1550e+00	
 3.4452e+00	
 3.2640e+00	
 3.3071e+00	
 3.3653e+00	
 3.2700e+00	
 3.2955e+00	
 2.9557e+00	
 3.3728e+00	
 3.0899e+00	
 3.0902e+00	
 2.7200e+00	
 3.1907e+00	
 3.3498e+00	
 3.1894e+00	
 2.8272e+00	
 3.2345e+00	
 3.1311e+00	
 3.2611e+00	
 3.2365e+00	
 3.0366e+00	
 3.1205e+00	
 2.9587e+00	
 3.0839e+00	
 2.9074e+00	
 3.1563e+00	
 3.3543e+00	
 3.3248e+00	
 2.9927e+00	
 3.0069e+00	
 3.0380e+00	
 3.0251e+00	
 3.2167e+00	
 3.5391e+00	
 3.2797e+00	
 2.9351e+00	
 3.0633e+00	
 3.3645e+00	
 2.7189e+00	
 2.8497e+00	
 3.1982e+00	
 3.4984e+00	
 3.0594e+00	
 2.9517e+00	
 3.3011e+00	
 3.1030e+00	
 3.0793e+00	
 3.3841e+00	
 3.3996e+00	
 3.0856e+00	
 3.1488e+00	
 3.0315e+00	
 3.1082e+00	
 3.3861e+00	
 2.8056e+00	
 2.8720e+00	
 3.2970e+00	
 2.9835e+00	
 3.0538e+00	
 3.1562e+00	
 3.0191e+00	
 2.8431e+00	
 3.1537e+00	
 3.2834e+00	
 3.2965e+00	
 2.9601e+00	
 3.2577e+00	
 3.0519e+00	
 2.9110e+00	
 2.9560e+00	
 3.2428e+00	
 2.7793e+00	
 2.7737e+00	
 3.2096e+00	
 2.8805e+00	
 2.9314e+00	
 3.1141e+00	
 3.2997e+00	
 3.1540e+00	
 3.0213e+00	
 3.2092e+00	
 2.7980e+00	
 3.2495e+00	
 3.3667e+00	
 2.9269e+00	
 3.4657e+00	
 3.0263e+00	
 3.5598e+00	
 3.3667e+00	
 3.1669e+00	
 3.6501e+00	
 3.5277e+00	
 3.3081e+00	
 3.3532e+00	
 2.7487e+00	
 3.1568e+00	
 2.5454e+00	
 2.6651e+00	
 2.9960e+00	
 2.9542e+00	
 2.6328e+00	
 2.5367e+00	
 2.9048e+00	
 2.2808e+00	
 2.9397e+00	
 2.9325e+00	
 2.4950e+00	
 2.7372e+00	
 2.8298e+00	
 2.4300e+00	
 2.9260e+00	
 2.8142e+00	
 3.1830e+00	
 3.0242e+00	
 2.4883e+00	
 2.8976e+00	
 2.6733e+00	
 3.0046e+00	
 2.5926e+00	
 2.4528e+00	
 2.7883e+00	
 3.0325e+00	
 2.9080e+00	
 2.4700e+00	
 2.8333e+00	
 2.8494e+00	
 2.5752e+00	
 2.8196e+00	
 2.6144e+00	
 2.7698e+00	
 2.6104e+00	
 2.7255e+00	
 3.0116e+00	
 2.7345e+00	
 2.7440e+00	
 2.6328e+00	
 2.6615e+00	
 2.4630e+00	
 2.9988e+00	
 2.5875e+00	
 2.4970e+00	
 2.3933e+00	
 2.7838e+00	
 2.6301e+00	
 2.6063e+00	
 2.9929e+00	
 2.6628e+00	
 2.7026e+00	
 2.7759e+00	
 2.5754e+00	
 2.4743e+00	
 2.8740e+00	
 2.8361e+00	
 2.9262e+00	
 2.8198e+00	
 2.3795e+00	
 2.4492e+00	
 2.8741e+00	
 2.7952e+00	
 2.4566e+00	
 3.1126e+00	
 3.2640e+00	
 2.5321e+00	
 2.3248e+00	
 2.7206e+00	
 2.6976e+00	
 2.5822e+00	
 2.7268e+00	
 3.0079e+00	
 3.2615e+00	
 2.6611e+00	
 2.7440e+00	
 2.9773e+00	
 2.7507e+00	
 2.6601e+00	
 2.5088e+00	
 3.2837e+00	
 2.8117e+00	
 2.5704e+00	
 2.6220e+00	
 2.7035e+00	
 2.7555e+00	
 2.6399e+00	
 2.6936e+00	
 3.0777e+00	
 2.6280e+00	
 2.8722e+00	
 2.9955e+00	
 2.5654e+00	
 2.4809e+00	
 2.4628e+00	
 2.6075e+00	
 2.7314e+00	
 2.9909e+00	
 2.8655e+00	
 2.9442e+00	
 3.0038e+00	
 2.8552e+00	
 2.5816e+00	
 2.8143e+00	
 2.6262e+00	
 2.5438e+00	
 2.6350e+00	
 2.5251e+00	
 2.5399e+00	
 2.7976e+00	
 2.1369e+00	
 2.9945e+00	
 2.4917e+00	
 2.7004e+00	
 2.6764e+00	
 2.7171e+00	
 2.7241e+00	
 2.7750e+00	
 2.8877e+00	
 2.9155e+00	
 2.7582e+00	
 2.4067e+00	
 2.7137e+00	
 2.6378e+00	
 2.7264e+00	
 2.8787e+00	
 2.7839e+00	
 2.6300e+00	
 2.7412e+00	
 2.3955e+00	
 2.3935e+00	
 2.7896e+00	
 2.6645e+00	
 2.4128e+00	
 3.0302e+00	
 2.9650e+00	
 2.8131e+00	
 2.7018e+00	
 2.4936e+00	
 2.7321e+00	
 2.6142e+00	
 2.5158e+00	
 2.4140e+00	
 2.4251e+00	
 2.3458e+00	
 2.7647e+00	
 2.8355e+00	
 2.6354e+00	
 2.5896e+00	
 2.9689e+00	
 2.5127e+00	
 2.9939e+00	
 2.7471e+00	
 2.4875e+00	
 3.0650e+00	
 2.8817e+00	
 2.6895e+00	
 2.5478e+00	
 2.4953e+00	
 2.4845e+00	
 2.8043e+00	
 2.7961e+00	
 2.9592e+00	
 2.4125e+00	
 2.5371e+00	
 2.5096e+00	
 2.8251e+00	
 2.6781e+00	
 2.7716e+00	
 2.5257e+00	
 2.8534e+00	
 2.4783e+00	
 2.6490e+00	
 2.9468e+00	
 2.8428e+00	
 2.4737e+00	
 2.9089e+00	
 2.4521e+00	
 2.4910e+00	
 2.3710e+00	
 2.6001e+00	
 3.0116e+00	
 2.6494e+00	
 2.9791e+00	
 2.5480e+00	
 2.6688e+00	
 2.5282e+00	
 2.5741e+00	
 3.0673e+00	
 2.9446e+00	
 2.4953e+00	
 2.7037e+00	
 2.7394e+00	
 2.6161e+00	
 3.0876e+00	
 2.4545e+00	
 2.6644e+00	
 2.6475e+00	
 2.8614e+00	
 2.4112e+00	
 2.6633e+00	
 2.5972e+00	
 2.3703e+00	
 2.8099e+00	
 2.6140e+00	
 3.0965e+00	
 2.9418e+00	
 2.8365e+00	
 2.8504e+00	
 2.5586e+00	
 2.4628e+00	
 2.8692e+00	
 2.7267e+00	
 2.8931e+00	
 2.8972e+00	
 2.6790e+00	
 2.8505e+00	
 2.9100e+00	
 2.7015e+00	
 2.5308e+00	
 2.5610e+00	
 2.4005e+00	
 2.4049e+00	
 2.9123e+00	
 2.8037e+00	
 2.5403e+00	
 2.5948e+00	
 2.5380e+00	
 2.6674e+00	
 2.4987e+00	
 2.5546e+00	
 2.5712e+00	
 2.4666e+00	
 2.4569e+00	
 2.7692e+00	
 3.1321e+00	
 2.6011e+00	
 2.8612e+00	
 2.4768e+00	
 2.6754e+00	
 2.4996e+00	
 2.6824e+00	
 2.9501e+00	
 2.8653e+00	
 2.6174e+00	
 2.8160e+00	
 3.0032e+00	
 2.7563e+00	
 2.3587e+00	
 2.9155e+00	
 2.7510e+00	
 2.8029e+00	
 2.7186e+00	
 2.5564e+00	
 3.0695e+00	
 2.8569e+00	
 2.8770e+00	
 2.3136e+00	
 2.8516e+00	
 2.7046e+00	
 2.7234e+00	
 2.8078e+00	
 2.8188e+00	
 2.3042e+00	
 2.5957e+00	
 2.8524e+00	
 2.7041e+00	
 2.5729e+00	
 2.6020e+00	
 2.5327e+00	
 2.6427e+00	
 2.4282e+00	
 2.5283e+00	
 2.8567e+00	
 2.4572e+00	
 2.2115e+00	
 2.8479e+00	
 2.6807e+00	
 2.7837e+00	
 2.9710e+00	
 2.9455e+00	
 2.6000e+00	
 2.3955e+00	
 2.4412e+00	
 3.2188e+00	
 3.0183e+00	
 2.5305e+00	
 2.8829e+00	
 2.6099e+00	
 2.5664e+00	
 2.6346e+00	
 2.5681e+00	
 2.8821e+00	
 2.7203e+00	
 2.9090e+00	
 2.8593e+00	
 2.9682e+00	
 2.6818e+00	
 3.0989e+00	
 2.7640e+00	
 2.2034e+00	
 2.5061e+00	
 2.7054e+00	
 2.3555e+00	
 3.0258e+00	
 2.9416e+00	
 2.4885e+00	
 2.5400e+00	
 2.6517e+00	
 2.4851e+00	
 2.5372e+00	
 2.8476e+00	
 2.4620e+00	
 2.4440e+00	
 2.7904e+00	
 3.0371e+00	
 2.5806e+00	
 2.6487e+00	
 2.3395e+00	
 2.6506e+00	
 2.5821e+00	
 2.3573e+00	
 2.6200e+00	
 2.8317e+00	
 2.5756e+00	
 2.6610e+00	
 2.5676e+00	
 2.5397e+00	
 2.6520e+00	
 2.7518e+00	
 2.3288e+00	
 2.7262e+00	
 2.5009e+00	
 2.8339e+00	
 2.4939e+00	
 2.7479e+00	
 2.6528e+00	
 2.5505e+00	
 2.6803e+00	
 2.3853e+00	
 2.5521e+00	
 2.8315e+00	
 2.3767e+00	
 2.6724e+00	
 2.9496e+00	
 2.8601e+00	
 2.7958e+00	
 2.1066e+00	
 2.7355e+00	
 2.8317e+00	
 2.4872e+00	
 2.8390e+00	
 2.6480e+00	
 2.2616e+00	
 2.6346e+00	
 2.4421e+00	
 2.3891e+00	
 2.8666e+00	
 2.9542e+00	
 2.5645e+00	
 2.4013e+00	
 2.7791e+00	
 3.0925e+00	
 2.4420e+00	
 2.4856e+00	
 2.7700e+00	
 2.9893e+00	
 2.8525e+00	
 2.9056e+00	
 2.5673e+00	
 2.4415e+00	
 2.9425e+00	
 2.6270e+00	
 2.6799e+00	
 2.5238e+00	
 2.6087e+00	
 3.0259e+00	
 2.7202e+00	
 2.7352e+00	
 2.6252e+00	
 2.5754e+00	
 2.6955e+00	
 2.6033e+00	
 2.5879e+00	
 2.9259e+00	
 2.7900e+00	
 2.2666e+00	
 2.8168e+00	
 2.9086e+00	
 2.4732e+00	
 2.7003e+00	
 2.5983e+00	
 2.4442e+00	
 2.3450e+00	
 2.6832e+00	
 2.6631e+00	
 2.4800e+00	
 2.4246e+00	
 2.9347e+00	
 2.6122e+00	
 2.5818e+00	
 3.1551e+00	
 2.5762e+00	
 2.5038e+00	
 2.8696e+00	
 2.6225e+00	
 2.6582e+00	
 2.4056e+00	
 2.3198e+00	
 2.5606e+00	
 2.8070e+00	
 2.5538e+00	
 2.6001e+00	
 2.7015e+00	
 2.5694e+00	
 2.8454e+00	
 2.5143e+00	
 2.7174e+00	
 2.7532e+00	
 2.4919e+00	
 2.6352e+00	
 2.4422e+00	
 2.9366e+00	
 2.4215e+00	
 2.7542e+00	
 2.5141e+00	
 2.1911e+00	
 2.4450e+00	
 3.0528e+00	
 2.4211e+00	
 2.7139e+00	
 2.7855e+00	
 2.5285e+00	
 2.6789e+00	
 3.3629e+00	
 2.8557e+00	
 2.8463e+00	
 2.4561e+00	
 2.4669e+00	
 2.2627e+00	
 2.7859e+00	
 3.0872e+00	
 2.7610e+00	
 2.3363e+00	
 2.7712e+00	
 2.5855e+00	
 2.8309e+00	
 2.6570e+00	
 2.6233e+00	
 2.8370e+00	
 2.4676e+00	
 2.4123e+00	
 2.4749e+00	
 2.8062e+00	
 2.8135e+00	
 2.9038e+00	
 2.3001e+00	
 3.1635e+00	
 2.4947e+00	
 2.8877e+00	
 2.4871e+00	
 2.5616e+00	
 2.6185e+00	
 2.3307e+00	
 2.5203e+00	
 2.3498e+00	
 2.5462e+00	
 2.9693e+00	
 2.8964e+00	
 2.6703e+00	
 2.5401e+00	
 2.4693e+00	
 2.8500e+00	
 2.2384e+00	
 2.4507e+00	
 2.6033e+00	
 2.8064e+00	
 2.4855e+00	
 2.9807e+00	
 2.6098e+00	
 2.5353e+00	
 2.8729e+00	
 2.3170e+00	
 2.5050e+00	
 2.5118e+00	
 2.7454e+00	
 2.7221e+00	
 2.6597e+00	
 2.5678e+00	
 2.8707e+00	
 2.9943e+00	
 2.6075e+00	
 2.5230e+00	
 2.9777e+00	
 2.4534e+00	
 2.5927e+00	
 2.7751e+00	
 2.0505e+00	
 2.7644e+00	
 2.5347e+00	
 2.4484e+00	
 2.7081e+00	
 2.8130e+00	
 2.1732e+00	
 2.8387e+00	
 2.3405e+00	
 2.4652e+00	
 3.0539e+00	
 2.2633e+00	
 2.6528e+00	
 2.7303e+00	
 2.4844e+00	
 2.4118e+00	
 2.4457e+00	
 2.4785e+00	
 2.5872e+00	
 2.7070e+00	
 2.4252e+00	
 2.9017e+00	
 2.5373e+00	
 2.4968e+00	
 2.5199e+00	
 2.5710e+00	
 2.6242e+00	
 2.4706e+00	
 2.8136e+00	
 2.4258e+00	
 3.4310e+00	
 2.6549e+00	
 3.0101e+00	
 2.7437e+00	
 2.6549e+00	
 2.6538e+00	
 2.7838e+00	
 2.3563e+00	
 2.3251e+00	
 2.8983e+00	
 2.5065e+00	
 2.8755e+00	
 2.4381e+00	
 2.6109e+00	
 2.6675e+00	
 2.8039e+00	
 2.3847e+00	
 2.6554e+00	
 2.3659e+00	
 2.0389e+00	
 2.9373e+00	
 2.2710e+00	
 2.8636e+00	
 2.1996e+00	
 2.2365e+00	
 2.5538e+00	
 2.8050e+00	
 2.7829e+00	
 2.7675e+00	
 2.2640e+00	
 2.4345e+00	
 2.7448e+00	
 2.0228e+00	
 2.2568e+00	
 2.9679e+00	
 2.5375e+00	
 2.4643e+00	
 2.6167e+00	
 2.7716e+00	
 2.5070e+00	
 2.4450e+00	
 2.2910e+00	
 2.4030e+00	
 2.5025e+00	
 2.7306e+00	
 2.6950e+00	
 3.0408e+00	
 2.3089e+00	
 2.6840e+00	
 2.6096e+00	
 2.4982e+00	
 2.4894e+00	
 2.7051e+00	
 2.4980e+00	
 2.5367e+00	
 2.9507e+00	
 2.8203e+00	
 2.4403e+00	
 2.3146e+00	
 2.6346e+00	
 2.4258e+00	
 2.5398e+00	
 3.1091e+00	
 2.6159e+00	
 2.5139e+00	
 2.8573e+00	
 3.0853e+00	
 2.6754e+00	
 2.3166e+00	
 2.8249e+00	
 2.5490e+00	
 2.8820e+00	
 2.3065e+00	
 2.2162e+00	
 2.4013e+00	
 2.9476e+00	
 2.3202e+00	
 2.9325e+00	
 2.4838e+00	
 2.4815e+00	
 2.6362e+00	
 2.4723e+00	
 2.9936e+00	
 2.7101e+00	
 2.3403e+00	
 2.6455e+00	
 2.2515e+00	
 2.3461e+00	
 2.7164e+00	
 2.4598e+00	
 2.5289e+00	
 2.2096e+00	
 2.5276e+00	
 2.9960e+00	
 2.7828e+00	
 2.2932e+00	
 2.7022e+00	
 2.5940e+00	
 2.6441e+00	
 2.5353e+00	
 2.4592e+00	
 2.2943e+00	
 2.6213e+00	
 2.7532e+00	
 2.5884e+00	
 2.3284e+00	
 2.4746e+00	
 2.2929e+00	
 2.9743e+00	
 2.7008e+00	
 2.8874e+00	
 3.1135e+00	
 2.4155e+00	
 2.1302e+00	
 2.5403e+00	
 2.6137e+00	
 2.4107e+00	
 2.5750e+00	
 2.2936e+00	
 2.6189e+00	
 2.5502e+00	
 2.5756e+00	
 2.7627e+00	
 2.4737e+00	
 2.3825e+00	
 2.2873e+00	
 2.4611e+00	
 2.3395e+00	
 2.2429e+00	
 2.6330e+00	
 2.4111e+00	
 2.3004e+00	
 2.7669e+00	
 2.4891e+00	
 2.7222e+00	
 2.3547e+00	
 2.8183e+00	
 2.9326e+00	
 2.5738e+00	
 2.7634e+00	
 2.3034e+00	
 2.4152e+00	
 2.3750e+00	
 3.2838e+00	
 2.2751e+00	
 3.0420e+00	
 2.6501e+00	
 2.2910e+00	
 2.6054e+00	
 2.8157e+00	
 2.8444e+00	
 2.3363e+00	
 2.6808e+00	
 2.3422e+00	
 2.3905e+00	
 2.8322e+00	
 2.7883e+00	
 2.5119e+00	
 2.4559e+00	
 2.7230e+00	
 2.9277e+00	
 2.8058e+00	
 2.4518e+00	
 3.1826e+00	
 3.1717e+00	
 2.4940e+00	
 2.4398e+00	
 2.6491e+00	
 2.4961e+00	
 2.7393e+00	
 2.7442e+00	
 2.3475e+00	
 2.4261e+00	
 2.8523e+00	
 2.2262e+00	
 2.8701e+00	
 2.5810e+00	
 2.5938e+00	
 2.3018e+00	
 2.5499e+00	
 3.0176e+00	
 2.8102e+00	
 2.2467e+00	
 2.7138e+00	
 2.1935e+00	
 2.2218e+00	
 2.8441e+00	
 2.7577e+00	
 2.6017e+00	
 2.8639e+00	
 2.8883e+00	
 2.5847e+00	
 2.9276e+00	
 2.3075e+00	
 2.8845e+00	
 2.6478e+00	
 2.4537e+00	
 2.6413e+00	
 2.7991e+00	
 2.1322e+00	
 2.7076e+00	
 2.5485e+00	
 2.5406e+00	
 2.6200e+00	
 2.5785e+00	
 2.7107e+00	
 2.5941e+00	
 2.3728e+00	
 3.0893e+00	
 3.0043e+00	
 2.6265e+00	
 2.8421e+00	
 2.8825e+00	
 2.3333e+00	
 2.4178e+00	
 2.4964e+00	
 2.8992e+00	
 2.2238e+00	
 2.5885e+00	
 2.9192e+00	
 2.6966e+00	
 2.6248e+00	
 2.8175e+00	
 2.4438e+00	
 2.3334e+00	
 2.7352e+00	
 2.5082e+00	
 2.7640e+00	
 2.5264e+00	
 2.3695e+00	
 2.6644e+00	
 2.4873e+00	
 2.6534e+00	
 2.1464e+00	
 2.0804e+00	
 2.3002e+00	
 2.9568e+00	
 2.4287e+00	
 2.4896e+00	
 2.2695e+00	
 2.6007e+00	
 2.3925e+00	
 2.7698e+00	
 2.7105e+00	
 2.3688e+00	
 2.7833e+00	
 2.6525e+00	
 2.9373e+00	
 2.5872e+00	
 2.6931e+00	
 2.4582e+00	
 2.8247e+00	
 2.3038e+00	
 2.5216e+00	
 2.9165e+00	
 2.3297e+00	
 2.6472e+00	
 2.2773e+00	
 2.3941e+00	
 2.5483e+00	
 2.0585e+00	
 2.9832e+00	
 2.7277e+00	
 2.1809e+00	
 2.6574e+00	
 2.6547e+00	
 2.6898e+00	
 2.8041e+00	
 2.4817e+00	
 2.5129e+00	
 2.6041e+00	
 2.4099e+00	
 3.0496e+00	
 2.7277e+00	
 2.5480e+00	
 2.6083e+00	
 2.7651e+00	
 2.5145e+00	
 2.7654e+00	
 2.6945e+00	
 2.5598e+00	
 2.2818e+00	
 2.6738e+00	
 2.5897e+00	
 2.3973e+00	
 2.6825e+00	
 2.2821e+00	
 2.5116e+00	
 2.2172e+00	
 2.3337e+00	
 2.7893e+00	
 2.8641e+00	
 2.3751e+00	
 2.2597e+00	
 2.5479e+00	
 2.5229e+00	
 2.8322e+00	
 2.5555e+00	
 2.6233e+00	
 2.7036e+00	
 2.7802e+00	
 2.9125e+00	
 2.6801e+00	
 2.7163e+00	
 2.5561e+00	
 2.6147e+00	
 2.7523e+00	
 2.2954e+00	
 2.8532e+00	
 2.8618e+00	
 2.7966e+00	
 2.4888e+00	
 2.1210e+00	
 2.6613e+00	
 3.0082e+00	
 2.3093e+00	
 2.6712e+00	
 2.7398e+00	
 2.4349e+00	
 2.3827e+00	
 2.4059e+00	
 2.2646e+00	
 2.4771e+00	
 2.4376e+00	
 2.6472e+00	
 2.5153e+00	
 2.3581e+00	
 2.8662e+00	
 2.6721e+00	
 2.1101e+00	
 2.8637e+00	
 2.3444e+00	
 2.6717e+00	
 2.4665e+00	
 2.8223e+00	
 2.6495e+00	
 2.6152e+00	
 2.7459e+00	
 2.3608e+00	
 2.6569e+00	
 2.0888e+00	
 2.6933e+00	
 2.5794e+00	
 2.7403e+00	
 2.9151e+00	
 2.6915e+00	
 2.8332e+00	
 2.6552e+00	
 2.1986e+00	
 2.3972e+00	
 2.9832e+00	
 2.7945e+00	
 2.6068e+00	
 3.2795e+00	
 2.3290e+00	
 2.6556e+00	
 2.4915e+00	
 2.4976e+00	
 2.7479e+00	
 2.7960e+00	
 1.8809e+00	
 2.7234e+00	
 2.4944e+00	
 2.6808e+00	
 2.2795e+00	
 2.3115e+00	
 2.8310e+00	
 2.2358e+00	
 2.1993e+00	
 2.1361e+00	
 2.4106e+00	
 2.7984e+00	
 2.6258e+00	
 2.8735e+00	
 2.5292e+00	
 2.4521e+00	
 2.4511e+00	
 2.9347e+00	
 2.6098e+00	
 2.6162e+00	
 2.7366e+00	
 3.1579e+00	
 3.1029e+00	
 2.6798e+00	
 2.3747e+00	
 2.3145e+00	
 2.6955e+00	
 2.5835e+00	
 2.5685e+00	
 2.7233e+00	
 2.9204e+00	
 2.1770e+00	
 2.2069e+00	
 2.5177e+00	
 2.6795e+00	
 2.6167e+00	
 2.8530e+00	
 2.2891e+00	
 2.3005e+00	
 2.4586e+00	
 2.4745e+00	
 2.7319e+00	
 2.6830e+00	
 2.7836e+00	
 2.5459e+00	
 2.7749e+00	
 2.4332e+00	
 2.5447e+00	
 2.2847e+00	
 2.5412e+00	
 2.7313e+00	
 2.4715e+00	
 2.5438e+00	
 2.7887e+00	
 2.5507e+00	
 2.2450e+00	
 2.7365e+00	
 2.5062e+00	
 3.0300e+00	
 2.0166e+00	
 2.8442e+00	
 2.5103e+00	
 2.7280e+00	
 2.6791e+00	
 2.3153e+00	
 3.0119e+00	
 2.2463e+00	
 2.6303e+00	
 2.8609e+00	
 2.7423e+00	
 2.6106e+00	
 2.5474e+00	
 2.9193e+00	
 2.5018e+00	
 2.8051e+00	
 2.6926e+00	
 2.5194e+00	
 2.4688e+00	
 2.7308e+00	
 2.7678e+00	
 2.8632e+00	
 2.9155e+00	
 2.3224e+00	
 2.5629e+00	
 2.5405e+00	
 2.8556e+00	
 2.7239e+00	
 2.3738e+00	
 2.7762e+00	
 2.3551e+00	
 2.6004e+00	
 2.0632e+00	
 2.7624e+00	
 2.2639e+00	
 2.9960e+00	
 2.0299e+00	
 2.8989e+00	
 2.0899e+00	
 2.2210e+00	
 2.4504e+00	
 2.3873e+00	
 1.9800e+00	
 2.6114e+00	
 2.8711e+00	
 2.4443e+00	
 2.9574e+00	
 2.3099e+00	
 2.5389e+00	
 2.5015e+00	
 2.2100e+00	
 2.6764e+00	
 2.1255e+00	
 2.6472e+00	
 2.6257e+00	
 2.5085e+00	
 2.1564e+00	
 2.0410e+00	
 2.5754e+00	
 2.6405e+00	
 2.5948e+00	
 2.5040e+00	
 2.7393e+00	
 2.7192e+00	
 2.6367e+00	
 2.7906e+00	
 2.2950e+00	
 2.5594e+00	
 2.4570e+00	
 2.3665e+00	
 3.0171e+00	
 2.3976e+00	
 2.2552e+00	
 2.6835e+00	
 2.2925e+00	
 2.4517e+00	
 2.7024e+00	
 2.5895e+00	
 2.2131e+00	
 3.1557e+00	
 2.3222e+00	
 2.5330e+00	
 2.2502e+00	
 2.4607e+00	
 2.5986e+00	
 2.3130e+00	
 2.2992e+00	
 2.1675e+00	
 2.8076e+00	
 2.2635e+00	
 2.5026e+00	
 2.7843e+00	
 2.0737e+00	
 2.5597e+00	
 2.6472e+00	
 3.0793e+00	
 2.6428e+00	
 2.3699e+00	
 2.3089e+00	
 2.2730e+00	
 2.3153e+00	
 2.1786e+00	
 2.3007e+00	
 2.4172e+00	
 2.5249e+00	
 2.9968e+00	
 2.3649e+00	
 2.6547e+00	
 2.3259e+00	
 2.4434e+00	
 2.4482e+00	
 2.7442e+00	
 2.6330e+00	
 2.7280e+00	
 2.4381e+00	
 2.3766e+00	
 2.7690e+00	
 2.4526e+00	
 2.4619e+00	
 2.6125e+00	
 3.0788e+00	
 2.6030e+00	
 2.1823e+00	
 2.0675e+00	
 2.5960e+00	
 2.1699e+00	
 2.3731e+00	
 2.4376e+00	
 2.8095e+00	
 2.7974e+00	
 2.4063e+00	
 2.6322e+00	
 2.5733e+00	
 2.3649e+00	
 2.5242e+00	
 2.3173e+00	
 2.7432e+00	
 2.3696e+00	
 3.0045e+00	
 2.4525e+00	
 2.7019e+00	
 2.6872e+00	
 2.3888e+00	
 2.8814e+00	
 2.5407e+00	
 2.9070e+00	
 2.2567e+00	
 2.8437e+00	
 2.7097e+00	
 2.0243e+00	
 2.6064e+00	
 2.5260e+00	
 2.8272e+00	
 2.8255e+00	
 2.5442e+00	
 2.4034e+00	
 2.4219e+00	
 2.5353e+00	
 2.2292e+00	
 2.7780e+00	
 2.6815e+00	
 2.5101e+00	
 2.6217e+00	
 2.7392e+00	
 2.5184e+00	
 2.0916e+00	
 2.4911e+00	
 2.5869e+00	
 2.9311e+00	
 2.2730e+00	
 2.7689e+00	
 2.5489e+00	
 2.1243e+00	
 2.5092e+00	
 2.2752e+00	
 2.7594e+00	
 2.8785e+00	
 2.4855e+00	
 2.9615e+00	
 3.1438e+00	
 2.3282e+00	
 2.3837e+00	
 2.2365e+00	
 2.3651e+00	
 2.5131e+00	
 2.3920e+00	
 2.4342e+00	
 2.5600e+00	
 2.3125e+00	
 2.0488e+00	
 2.4737e+00	
 2.4707e+00	
 2.7811e+00	
 2.2672e+00	
 2.4452e+00	
 2.5184e+00	
 2.4373e+00	
 2.2140e+00	
 2.9480e+00	
 2.1778e+00	
 2.3579e+00	
 2.7886e+00	
 2.3300e+00	
 2.0939e+00	
 2.4190e+00	
 2.3787e+00	
 2.2138e+00	
 2.2422e+00	
 2.3501e+00	
 2.8427e+00	
 2.5262e+00	
 2.4288e+00	
 2.4014e+00	
 2.3969e+00	
 2.6260e+00	
 2.9926e+00	
 1.9484e+00	
 2.1067e+00	
 2.1448e+00	
 2.0383e+00	
 2.5591e+00	
 2.1374e+00	
 2.6489e+00	
 2.4958e+00	
 2.5685e+00	
 2.2961e+00	
 2.6228e+00	
 2.1387e+00	
 2.4120e+00	
 3.0448e+00	
 2.5857e+00	
 2.4381e+00	
 2.7604e+00	
 2.5237e+00	
 2.6020e+00	
 2.5096e+00	
 2.4391e+00	
 2.6677e+00	
 2.9493e+00	
 2.3715e+00	
 2.3692e+00	
 2.8417e+00	
 2.6555e+00	
 2.6673e+00	
 2.1294e+00	
 2.3421e+00	
 2.3892e+00	
 2.7142e+00	
 2.7040e+00	
 2.4315e+00	
 3.1556e+00	
 2.1009e+00	
 2.4914e+00	
 2.1577e+00	
 2.5383e+00	
 2.6366e+00	
 2.8571e+00	
 2.4676e+00	
 2.9063e+00	
 1.9587e+00	
 1.8072e+00	
 1.6721e+00	
 2.1801e+00	
 1.6438e+00	
 1.4945e+00	
 1.3883e+00	
 1.8963e+00	
 1.7438e+00	
 1.5677e+00	
 1.6840e+00	
 1.9272e+00	
 1.6481e+00	
 1.9509e+00	
 1.7729e+00	
 1.5882e+00	
 1.3919e+00	
 1.6314e+00	
 1.5407e+00	
 1.8690e+00	
 1.3291e+00	
 1.9233e+00	
 1.8326e+00	
 1.8320e+00	
 1.7468e+00	
 2.0479e+00	
 2.0260e+00	
 1.9733e+00	
 1.7510e+00	
 2.0125e+00	
 1.7388e+00	
 1.9867e+00	
 1.6286e+00	
 2.0875e+00	
 1.5527e+00	
 1.7256e+00	
 1.8382e+00	
 1.9779e+00	
 1.7687e+00	
 1.5729e+00	
 1.9826e+00	
 1.9458e+00	
 1.5271e+00	
 1.9976e+00	
 1.7995e+00	
 1.9766e+00	
 1.5736e+00	
 1.6125e+00	
 1.7358e+00	
 1.4999e+00	
 1.6338e+00	
 1.3897e+00	
 1.4574e+00	
 1.5809e+00	
 2.0374e+00	
 1.6288e+00	
 1.8283e+00	
 1.8547e+00	
 1.4583e+00	
 1.2155e+00	
 1.6541e+00	
 1.8218e+00	
 1.4804e+00	
 1.6436e+00	
 1.8202e+00	
 1.5413e+00	
 1.7499e+00	
 1.3704e+00	
 2.0049e+00	
 1.4685e+00	
 1.7257e+00	
 1.6536e+00	
 1.5767e+00	
 1.7609e+00	
 1.7795e+00	
 1.4779e+00	
 1.6404e+00	
 1.4837e+00	
 1.5838e+00	
 1.9296e+00	
 1.7663e+00	
 1.8819e+00	
 1.8182e+00	
 2.0483e+00	
 2.0614e+00	
 1.6206e+00	
 1.4538e+00	
 1.7732e+00	
 1.8509e+00	
 1.7382e+00	
 1.5278e+00	
 1.5240e+00	
 1.9520e+00	
 1.7093e+00	
 1.8270e+00	
 1.5860e+00	
 1.6691e+00	
 1.7840e+00	
 1.6425e+00	
 1.7450e+00	
 1.8200e+00	
 1.1443e+00	
 1.7742e+00	
 1.6301e+00	
 1.5555e+00	
 1.8111e+00	
 1.4237e+00	
 1.5547e+00	
 1.3382e+00	
 1.5045e+00	
 1.9046e+00	
 1.7699e+00	
 2.0189e+00	
 2.1071e+00	
 1.5231e+00	
 1.9172e+00	
 1.6066e+00	
 1.3533e+00	
 1.5825e+00	
 1.9756e+00	
 1.8487e+00	
 1.5809e+00	
 1.8293e+00	
 1.6808e+00	
 1.8440e+00	
 1.6857e+00	
 1.6594e+00	
 1.8690e+00	
 1.8780e+00	
 1.8603e+00	
 1.9283e+00	
 1.5619e+00	
 1.3037e+00	
 1.8303e+00	
 2.0997e+00	
 1.7773e+00	
 1.3929e+00	
 1.6972e+00	
 1.3032e+00	
 1.6332e+00	
 1.5602e+00	
 1.7659e+00	
 2.0142e+00	
 1.3930e+00	
 1.4656e+00	
 1.6956e+00	
 1.7911e+00	
 1.9649e+00	
 2.1351e+00	
 1.4890e+00	
 1.7811e+00	
 1.6008e+00	
 1.6483e+00	
 1.7403e+00	
 1.7145e+00	
 1.4297e+00	
 1.8401e+00	
 1.8982e+00	
 1.8189e+00	
 2.0897e+00	
 1.9462e+00	
 1.4105e+00	
 2.0969e+00	
 1.5088e+00	
 1.9427e+00	
 1.9737e+00	
 1.7895e+00	
 1.7545e+00	
 1.6921e+00	
 2.1034e+00	
 2.0970e+00	
 1.3775e+00	
 1.3813e+00	
 1.4943e+00	
 1.6877e+00	
 1.5513e+00	
 1.5273e+00	
 1.5902e+00	
 1.4413e+00	
 1.6244e+00	
 1.9262e+00	
 1.3405e+00	
 1.7411e+00	
 2.0016e+00	
 1.5132e+00	
 1.6345e+00	
 1.6822e+00	
 1.6544e+00	
 1.7308e+00	
 2.0902e+00	
 1.8062e+00	
 2.0850e+00	
 1.5112e+00	
 1.8467e+00	
 1.7136e+00	
 1.8019e+00	
 1.7932e+00	
 1.5984e+00	
 1.7887e+00	
 2.0080e+00	
 1.6011e+00	
 1.6940e+00	
 1.3891e+00	
 1.7240e+00	
 1.9074e+00	
 1.7925e+00	
 1.6728e+00	
 1.9341e+00	
 1.7151e+00	
 2.0410e+00	
 1.9375e+00	
 2.0261e+00	
 1.5260e+00	
 2.3739e+00	
 1.9694e+00	
 1.6759e+00	
 1.9607e+00	
 1.5718e+00	
 1.8282e+00	
 1.4641e+00	
 1.7758e+00	
 1.9595e+00	
 1.7790e+00	
 1.5725e+00	
 1.6738e+00	
 1.5688e+00	
 1.5916e+00	
 1.7712e+00	
 1.7308e+00	
 1.8061e+00	
 1.8204e+00	
 1.6912e+00	
 1.9074e+00	
 1.7058e+00	
 1.6242e+00	
 1.6978e+00	
 1.6632e+00	
 1.3583e+00	
 1.4727e+00	
 1.6639e+00	
 1.5254e+00	
 1.6967e+00	
 1.6792e+00	
 1.5240e+00	
 1.6172e+00	
 1.8184e+00	
 1.9262e+00	
 1.5157e+00	
 1.5261e+00	
 2.0059e+00	
 1.9536e+00	
 1.1928e+00	
 1.7436e+00	
 1.8130e+00	
 1.8311e+00	
 1.3765e+00	
 1.7723e+00	
 1.5804e+00	
 2.1191e+00	
 1.3475e+00	
 1.8703e+00	
 1.7120e+00	
 2.1091e+00	
 1.7873e+00	
 1.2153e+00	
 1.4027e+00	
 1.9301e+00	
 1.7675e+00	
 1.7140e+00	
 1.8220e+00	
 1.4309e+00	
 1.9710e+00	
 1.4554e+00	
 1.4893e+00	
 1.3199e+00	
 1.6841e+00	
 2.0484e+00	
 1.7204e+00	
 1.2921e+00	
 1.3959e+00	
 1.4993e+00	
 1.5619e+00	
 1.9201e+00	
 2.1683e+00	
 1.7965e+00	
 1.7913e+00	
 1.8217e+00	
 1.6685e+00	
 1.7180e+00	
 1.8982e+00	
 1.5965e+00	
 1.5448e+00	
 1.7271e+00	
 1.5180e+00	
 1.9719e+00	
 1.9169e+00	
 1.4847e+00	
 1.4989e+00	
 1.5060e+00	
 1.4712e+00	
 1.7397e+00	
 1.8627e+00	
 1.5554e+00	
 1.7100e+00	
 1.2486e+00	
 1.5435e+00	
 1.7338e+00	
 1.9969e+00	
 1.8079e+00	
 1.8485e+00	
 1.3731e+00	
 1.6782e+00	
 1.6912e+00	
 1.7158e+00	
 2.0352e+00	
 2.0200e+00	
 2.0563e+00	
 1.4595e+00	
 1.7868e+00	
 1.6719e+00	
 1.5580e+00	
 1.5621e+00	
 1.5892e+00	
 1.6586e+00	
 1.4347e+00	
 1.3972e+00	
 1.6816e+00	
 1.4387e+00	
 1.8880e+00	
 1.8844e+00	
 2.0259e+00	
 1.8423e+00	
 1.9363e+00	
 1.8163e+00	
 1.7249e+00	
 1.5201e+00	
 1.6830e+00	
 1.6115e+00	
 1.8806e+00	
 1.7199e+00	
 2.0229e+00	
 1.8057e+00	
 1.4537e+00	
 1.7096e+00	
 1.5596e+00	
 2.0260e+00	
 1.8911e+00	
 1.6492e+00	
 1.7935e+00	
 1.8033e+00	
 1.4939e+00	
 1.9151e+00	
 1.2977e+00	
 1.6747e+00	
 1.6832e+00	
 1.5214e+00	
 1.6046e+00	
 1.9492e+00	
 1.7033e+00	
 1.5751e+00	
 2.0141e+00	
 1.9448e+00	
 1.6775e+00	
 1.4333e+00	
 1.5722e+00	
 2.1889e+00	
 1.3511e+00	
 1.9580e+00	
 1.6114e+00	
 1.8174e+00	
 1.5597e+00	
 1.4609e+00	
 1.9329e+00	
 1.7775e+00	
 2.0188e+00	
 1.7496e+00	
 1.8400e+00	
 1.6917e+00	
 1.9614e+00	
 1.2605e+00	
 1.6201e+00	
 1.7041e+00	
 1.6237e+00	
 1.4903e+00	
 1.5136e+00	
 1.4735e+00	
 1.7878e+00	
 1.3620e+00	
 1.7026e+00	
 1.8658e+00	
 1.5822e+00	
 1.7737e+00	
 1.3939e+00	
 1.4025e+00	
 1.5097e+00	
 2.2012e+00	
 1.4922e+00	
 1.6161e+00	
 1.4494e+00	
 1.8784e+00	
 1.5043e+00	
 2.0245e+00	
 1.3458e+00	
 1.4210e+00	
 2.0491e+00	
 1.5698e+00	
 1.9342e+00	
 1.8701e+00	
 1.9571e+00	
 1.7529e+00	
 1.5467e+00	
 1.9273e+00	
 1.7738e+00	
 1.7434e+00	
 1.1895e+00	
 1.9080e+00	
 1.5685e+00	
 1.5731e+00	
 1.6165e+00	
 1.8260e+00	
 2.2368e+00	
 1.7496e+00	
 1.4637e+00	
 1.6514e+00	
 1.9669e+00	
 1.5267e+00	
 1.9836e+00	
 1.4969e+00	
 1.8332e+00	
 1.6051e+00	
 1.8540e+00	
 1.8085e+00	
 1.8071e+00	
 1.9879e+00	
 1.5939e+00	
 2.0060e+00	
 1.8175e+00	
 1.4842e+00	
 1.8726e+00	
 1.8362e+00	
 1.7789e+00	
 1.4797e+00	
 1.6396e+00	
 1.8203e+00	
 1.7990e+00	
 1.6485e+00	
 1.7212e+00	
 1.4908e+00	
 1.7963e+00	
 1.5304e+00	
 2.0571e+00	
 1.6886e+00	
 1.8572e+00	
 1.7561e+00	
 1.9329e+00	
 1.8438e+00	
 1.8053e+00	
 1.6447e+00	
 1.4327e+00	
 1.5813e+00	
 1.6156e+00	
 1.9373e+00	
 2.1521e+00	
 1.6355e+00	
 1.9423e+00	
 1.7119e+00	
 1.6720e+00	
 1.5144e+00	
 1.7269e+00	
 1.7942e+00	
 1.8804e+00	
 1.6828e+00	
 1.8879e+00	
 1.6267e+00	
 1.8605e+00	
 1.7575e+00	
 2.1048e+00	
 1.8237e+00	
 1.9353e+00	
 1.3674e+00	
 1.7435e+00	
 1.5245e+00	
 1.8432e+00	
 1.5166e+00	
 1.6415e+00	
 1.7176e+00	
 1.9796e+00	
 1.4974e+00	
 1.5925e+00	
 1.5695e+00	
 1.8407e+00	
 1.8901e+00	
 1.8528e+00	
 1.5751e+00	
 2.0079e+00	
 1.7394e+00	
 2.0418e+00	
 1.6560e+00	
 1.4953e+00	
 1.3895e+00	
 1.7100e+00	
 2.1767e+00	
 1.5869e+00	
 1.6823e+00	
 1.2176e+00	
 1.8491e+00	
 1.7047e+00	
 1.6885e+00	
 1.5444e+00	
 2.1042e+00	
 1.4424e+00	
 1.7462e+00	
 1.1829e+00	
 1.5709e+00	
 1.8575e+00	
 1.9056e+00	
 1.8021e+00	
 1.5668e+00	
 1.3487e+00	
 1.8916e+00	
 1.9819e+00	
 1.7086e+00	
 1.6508e+00	
 1.4887e+00	
 1.6169e+00	
 1.9411e+00	
 1.4293e+00	
 1.7061e+00	
 1.5473e+00	
 1.6304e+00	
 2.0100e+00	
 2.1299e+00	
 1.9654e+00	
 1.8135e+00	
 1.3172e+00	
 1.5076e+00	
 1.5684e+00	
 1.7744e+00	
 1.9177e+00	
 1.4902e+00	
 1.6474e+00	
 1.8812e+00	
 1.6954e+00	
 1.5443e+00	
 1.8135e+00	
 1.9331e+00	
 1.4063e+00	
 1.9502e+00	
 1.7766e+00	
 1.6545e+00	
 1.4998e+00	
 1.7018e+00	
 1.5973e+00	
 1.6819e+00	
 2.0898e+00	
 1.6796e+00	
 2.0811e+00	
 1.3718e+00	
 1.7562e+00	
 2.0610e+00	
 1.2778e+00	
 1.5498e+00	
 1.5146e+00	
 1.6377e+00	
 2.2448e+00	
 1.7439e+00	
 1.2517e+00	
 1.8206e+00	
 1.7252e+00	
 1.9314e+00	
 1.8065e+00	
 1.6355e+00	
 1.4995e+00	
 1.5821e+00	
 1.9578e+00	
 1.7769e+00	
 1.7831e+00	
 1.5432e+00	
 1.6852e+00	
 1.9480e+00	
 1.7955e+00	
 1.7131e+00	
 2.2383e+00	
 1.9916e+00	
 1.6389e+00	
 1.6792e+00	
 2.0416e+00	
 1.8745e+00	
 1.5632e+00	
 1.9181e+00	
 1.9263e+00	
 1.6997e+00	
 1.9194e+00	
 1.9129e+00	
 1.5130e+00	
 1.7299e+00	
 1.4655e+00	
 1.2479e+00	
 1.8887e+00	
 1.4728e+00	
 1.7136e+00	
 1.7719e+00	
 1.8064e+00	
 1.8181e+00	
 1.7794e+00	
 1.8242e+00	
 1.7462e+00	
 1.6526e+00	
 1.4522e+00	
 1.4338e+00	
 2.0844e+00	
 1.6063e+00	
 1.7644e+00	
 1.3850e+00	
 1.4085e+00	
 1.8076e+00	
 1.6495e+00	
 1.7858e+00	
 1.6918e+00	
 1.8686e+00	
 1.6858e+00	
 1.8995e+00	
 2.1927e+00	
 1.7837e+00	
 1.9291e+00	
 1.8545e+00	
 1.5367e+00	
 1.8670e+00	
 1.9578e+00	
 2.0155e+00	
 1.7349e+00	
 1.4838e+00	
 1.4704e+00	
 1.3903e+00	
 1.8177e+00	
 1.8119e+00	
 1.6874e+00	
 1.7960e+00	
 1.7427e+00	
 2.0997e+00	
 2.1514e+00	
 1.6081e+00	
 1.4285e+00	
 1.7197e+00	
 2.0090e+00	
 2.1567e+00	
 1.5483e+00	
 1.9020e+00	
 1.6127e+00	
 1.5154e+00	
 1.5798e+00	
 1.7017e+00	
 1.8300e+00	
 1.9969e+00	
 1.9075e+00	
 1.1428e+00	
 1.7059e+00	
 2.2246e+00	
 1.6913e+00	
 1.7206e+00	
 1.3339e+00	
 1.4102e+00	
 1.6851e+00	
 2.0563e+00	
 1.6966e+00	
 1.7658e+00	
 1.4910e+00	
 1.3657e+00	
 1.7587e+00	
 1.5080e+00	
 1.8488e+00	
 1.6211e+00	
 1.4823e+00	
 1.8062e+00	
 2.0084e+00	
 1.4447e+00	
 1.6216e+00	
 1.7902e+00	
 1.6282e+00	
 1.5810e+00	
 1.8247e+00	
 1.6167e+00	
 1.6739e+00	
 1.5400e+00	
 1.6155e+00	
 2.1104e+00	
 1.7772e+00	
 1.5545e+00	
 1.5545e+00	
 1.5296e+00	
 1.6984e+00	
 1.5453e+00	
 1.5586e+00	
 1.4058e+00	
 1.4457e+00	
 1.7468e+00	
 1.5382e+00	
 1.8459e+00	
 1.5267e+00	
 1.3862e+00	
 1.4709e+00	
 1.9756e+00	
 1.4735e+00	
 1.8036e+00	
 1.3454e+00	
 1.7453e+00	
 1.8081e+00	
 1.7517e+00	
 1.5440e+00	
 1.8092e+00	
 1.5625e+00	
 1.5941e+00	
 1.4912e+00	
 1.6833e+00	
 1.6742e+00	
 1.7474e+00	
 1.7219e+00	
 1.8892e+00	
 1.8723e+00	
 1.4893e+00	
 1.5696e+00	
 1.6652e+00	
 1.6383e+00	
 1.9606e+00	
 2.0296e+00	
 1.4632e+00	
 1.4507e+00	
 1.7982e+00	
 1.7772e+00	
 1.5712e+00	
 1.9421e+00	
 1.6727e+00	
 1.7110e+00	
 1.5273e+00	
 1.6073e+00	
 2.1519e+00	
 1.9792e+00	
 2.1128e+00	
 1.6510e+00	
 1.3252e+00	
 1.5279e+00	
 2.2732e+00	
 1.7581e+00	
 1.6777e+00	
 1.6737e+00	
 1.7080e+00	
 1.6183e+00	
 1.7039e+00	
 1.6035e+00	
 1.7043e+00	
 1.9313e+00	
 1.7163e+00	
 1.8948e+00	
 1.4098e+00	
 1.7293e+00	
 1.8281e+00	
 1.9890e+00	
 1.8991e+00	
 1.6548e+00	
 1.9877e+00	
 2.0944e+00	
 2.0213e+00	
 1.7715e+00	
 1.8953e+00	
 1.4490e+00	
 2.0957e+00	
 1.5893e+00	
 1.6807e+00	
 2.0327e+00	
 1.8344e+00	
 1.8158e+00	
 1.7039e+00	
 2.2327e+00	
 1.8689e+00	
 1.7960e+00	
 1.8545e+00	
 1.4975e+00	
 1.7094e+00	
 1.5478e+00	
 1.9092e+00	
 1.5476e+00	
 1.3606e+00	
 1.6976e+00	
 1.7082e+00	
 1.4293e+00	
 1.5637e+00	
 1.9242e+00	
 1.6922e+00	
 1.7192e+00	
 1.4375e+00	
 1.5973e+00	
 1.8378e+00	
 1.4802e+00	
 1.6893e+00	
 2.0018e+00	
 1.6335e+00	
 1.7200e+00	
 2.1037e+00	
 1.5927e+00	
 1.7194e+00	
 1.4928e+00	
 2.1663e+00	
 1.8804e+00	
 1.7030e+00	
 1.7114e+00	
 1.9137e+00	
 1.5935e+00	
 1.1698e+00	
 1.5924e+00	
 1.6973e+00	
 1.6046e+00	
 1.4506e+00	
 2.1072e+00	
 1.5920e+00	
 2.0746e+00	
 1.6661e+00	
 2.0077e+00	
 1.7214e+00	
 1.5560e+00	
 1.6567e+00	
 1.5624e+00	
 2.0354e+00	
 1.9221e+00	
 2.0167e+00	
 1.7006e+00	
 1.6232e+00	
 2.0052e+00	
 1.9111e+00	
 1.2966e+00	
 1.6592e+00	
 1.7707e+00	
 2.1305e+00	
 1.5901e+00	
 1.5334e+00	
 1.5162e+00	
 1.6378e+00	
 1.7788e+00	
 1.9150e+00	
 1.7428e+00	
 1.2638e+00	
 1.9556e+00	
 1.6464e+00	
 1.8407e+00	
 1.6392e+00	
 1.7905e+00	
 1.8143e+00	
 2.1613e+00	
 1.7002e+00	
 2.0361e+00	
 1.7497e+00	
 1.6720e+00	
 1.8136e+00	
 2.3440e+00	
 1.6536e+00	
 1.6622e+00	
 1.7978e+00	
 1.8841e+00	
 1.7379e+00	
 1.9278e+00	
 1.7480e+00	
 1.6993e+00	
 1.6453e+00	
 1.3664e+00	
 1.5149e+00	
 1.4329e+00	
 1.6301e+00	
 1.7244e+00	
 2.1051e+00	
 1.8557e+00	
 1.7242e+00	
 1.3697e+00	
 1.7539e+00	
 1.8480e+00	
 1.8039e+00	
 1.5110e+00	
 1.7125e+00	
 1.6452e+00	
 1.6324e+00	
 1.6041e+00	
 1.8490e+00	
 1.7550e+00	
 1.6078e+00	
 1.6124e+00	
 1.8335e+00	
 1.9031e+00	
 1.5631e+00	
 2.1639e+00	
 1.5959e+00	
 1.7985e+00	
 1.8643e+00	
 1.5503e+00	
 1.7622e+00	
 1.8399e+00	
 1.8140e+00	
 1.6200e+00	
 1.6439e+00	
 1.6886e+00	
 1.9317e+00	
 2.0130e+00	
 1.9062e+00	
 1.4444e+00	
 1.9223e+00	
 1.5012e+00	
 1.6022e+00	
 1.6327e+00	
 1.4323e+00	
 1.6669e+00	
 1.7550e+00	
 1.6400e+00	
 1.4622e+00	
 1.2721e+00	
 1.7205e+00	
 1.7166e+00	
 1.6465e+00	
 1.7273e+00	
 1.7704e+00	
 1.9752e+00	
 1.5105e+00	
 1.6506e+00	
 1.6469e+00	
 1.8737e+00	
 1.9024e+00	
 1.9154e+00	
 1.1841e+00	
 1.6951e+00	
 1.6838e+00	
 1.7989e+00	
 1.6859e+00	
 1.4545e+00	
 1.6003e+00	
 1.8717e+00	
 1.9713e+00	
 1.7579e+00	
 1.7291e+00	
 1.6556e+00	
 1.8021e+00	
 1.7874e+00	
 2.0445e+00	
 1.8734e+00	
 2.1344e+00	
 2.0006e+00	
 1.7359e+00	
 1.9382e+00	
 1.8463e+00	
 2.0883e+00	
 1.6570e+00	
 2.1281e+00	
 1.8069e+00	
 1.8342e+00	
 1.8537e+00	
 1.7165e+00	
 1.8635e+00	
 1.5876e+00	
 1.8365e+00	
 1.4435e+00	
 1.8523e+00	
 1.7873e+00	
 2.1002e+00	
 1.5473e+00	
 1.6300e+00	
 1.6632e+00	
 1.5695e+00	
 1.6777e+00	
 1.9677e+00	
 1.5345e+00	
 1.7293e+00	
 1.7327e+00	
 2.0924e+00	
 1.9078e+00	
 1.7730e+00	
 1.7913e+00	
 2.0715e+00	
 1.7549e+00	
 2.0141e+00	
 1.6349e+00	
 1.5618e+00	
 1.7015e+00	
 1.6546e+00	
 1.5049e+00	
 1.7272e+00	
 1.8597e+00	
 2.3065e+00	
 1.9112e+00	
 1.5707e+00	
 1.5605e+00	
 1.7819e+00	
 1.7976e+00	
 1.8117e+00	
 1.7194e+00	
 1.8236e+00	
 1.7504e+00	
 1.9034e+00	
 1.9612e+00	
 2.1910e+00	
 2.1935e+00	
 1.9529e+00	
 1.9763e+00	
 2.1408e+00	
 1.6655e+00	
 1.7486e+00	
 1.8019e+00	
 2.0147e+00	
 1.5573e+00	
 1.9641e+00	
 1.3278e+00	
 1.4287e+00	
 2.1921e+00	
 2.2669e+00	
 1.6772e+00	
 1.2142e+00	
 1.9252e+00	
 1.7241e+00	
 1.6165e+00	
 1.9825e+00	
 1.6155e+00	
 1.5993e+00	
 1.6965e+00	
 1.8328e+00	
 1.3913e+00	
 1.8214e+00	
 1.8816e+00	
 1.5865e+00	
 2.4731e+00	
 1.8501e+00	
 1.7185e+00	
 1.7120e+00	
 1.6037e+00	
 1.7826e+00	
 1.3790e+00	
 1.7405e+00	
 1.7814e+00	
 1.5875e+00	
 1.7230e+00	
 1.6472e+00	
 2.0381e+00	
 1.6814e+00	
 1.8288e+00	
 1.6660e+00	
 1.5113e+00	
 1.5342e+00	
 1.6391e+00	
 1.3420e+00	
 1.6916e+00	
 1.8685e+00	
 1.4017e+00	
 1.8758e+00	
 1.6612e+00	
 1.5069e+00	
 2.2430e+00	
 2.0159e+00	
 1.6887e+00	
 1.6851e+00	
 1.6045e+00	
 2.0742e+00	
 2.2247e+00	
 2.2483e+00	
 2.0536e+00	
 1.8176e+00	
 1.8011e+00	
 1.6824e+00	
 1.9859e+00	
 1.5159e+00	
 1.7966e+00	
 2.3655e+00	
 1.6390e+00	
 1.8841e+00	
 1.8143e+00	
 2.0804e+00	
 1.7195e+00	
 1.7215e+00	
 1.8669e+00	
 1.4268e+00	
 1.9375e+00	
 1.7930e+00	
 1.8827e+00	
 1.2763e+00	
 1.8402e+00	
 1.7474e+00	
 2.0299e+00	
 1.5749e+00	
 1.8014e+00	
 1.8370e+00	
 1.6925e+00	
 1.5514e+00	
 1.7484e+00	
 1.9611e+00	
 1.9528e+00	
 1.9195e+00	
 1.5770e+00	
 1.8595e+00	
 2.1080e+00	
 1.8776e+00	
 2.0057e+00	
 1.7779e+00	
 2.1945e+00	
 2.0099e+00	
 1.6688e+00	
 1.7784e+00	
 1.7073e+00	
 1.7733e+00	
 1.6968e+00	
 1.7876e+00	
 1.7283e+00	
 1.7841e+00	
 1.5112e+00	
 1.2570e+00	
 1.9466e+00	
 1.4175e+00	
 2.0738e+00	
 2.2865e+00	
 2.0240e+00	
 1.7925e+00	
 1.3601e+00	
 1.7063e+00	
 1.9751e+00	
 1.9312e+00	
 1.3857e+00	
 1.7356e+00	
 1.9111e+00	
 1.6778e+00	
 2.2517e+00	
 1.1456e+00	
 1.8168e+00	
 1.5717e+00	
 1.5684e+00	
 1.3889e+00	
 1.7827e+00	
 1.8232e+00	
 1.4179e+00	
 1.5044e+00	
 1.8523e+00	
 1.9658e+00	
 1.7921e+00	
 1.8810e+00	
 1.5545e+00	
 1.6212e+00	
 1.5489e+00	
 2.0368e+00	
 1.6041e+00	
 1.7451e+00	
 1.4637e+00	
 1.9119e+00	
 1.7279e+00	
 1.7007e+00	
 1.7270e+00	
 1.6978e+00	
 1.4366e+00	
 1.9329e+00	
 1.7021e+00	
 1.4551e+00	
 1.5595e+00	
 1.7608e+00	
 1.7460e+00	
 1.4118e+00	
 1.6406e+00	
 1.8477e+00	
 1.9988e+00	
 1.6148e+00	
 1.4838e+00	
 1.3865e+00	
 1.5286e+00	
 1.7010e+00	
 1.8852e+00	
 1.3838e+00	
 1.6672e+00	
 1.8483e+00	
 2.1007e+00	
 1.8015e+00	
 1.7599e+00	
 1.2648e+00	
 1.6125e+00	
 2.0059e+00	
 1.7744e+00	
 1.6218e+00	
 2.0130e+00	
 1.8846e+00	
 1.7101e+00	
 1.6621e+00	
 2.0017e+00	
 2.2303e+00	
 1.6249e+00	
 1.8213e+00	
 1.4132e+00	
 1.8418e+00	
 1.6413e+00	
 1.8206e+00	
 1.6942e+00	
 1.9097e+00	
 1.6144e+00	
 1.9652e+00	
 1.7223e+00	
 1.7289e+00	
 1.9015e+00	
 2.0552e+00	
 1.5748e+00	
 1.6427e+00	
 1.5878e+00	
 1.4181e+00	
 1.2891e+00	
 2.1158e+00	
 1.9110e+00	
 1.8118e+00	
 1.7386e+00	
 1.2242e+00	
 1.6048e+00	
 1.5129e+00	
 8.3020e-01	
 8.8661e-01	
 7.8385e-01	
 8.7464e-01	
 8.4222e-01	
 9.6568e-01	
 8.9375e-01	
 7.0364e-01	
 6.6716e-01	
 8.6195e-01	
