loss	
 4.6309e+00	
 4.6610e+00	
 4.5955e+00	
 4.6201e+00	
 4.6177e+00	
 4.5890e+00	
 4.6023e+00	
 4.6283e+00	
 4.5897e+00	
 4.6074e+00	
 4.5937e+00	
 4.6136e+00	
 4.6661e+00	
 4.6551e+00	
 4.6321e+00	
 4.5742e+00	
 4.6156e+00	
 4.6386e+00	
 4.6236e+00	
 4.6014e+00	
 4.5689e+00	
 4.5973e+00	
 4.5594e+00	
 4.6173e+00	
 4.6372e+00	
 4.5544e+00	
 4.6504e+00	
 4.5498e+00	
 4.6552e+00	
 4.6014e+00	
 4.5935e+00	
 4.5914e+00	
 4.6103e+00	
 4.6696e+00	
 4.5766e+00	
 4.6448e+00	
 4.6374e+00	
 4.5839e+00	
 4.5738e+00	
 4.6447e+00	
 4.5876e+00	
 4.5969e+00	
 4.6149e+00	
 4.5613e+00	
 4.6373e+00	
 4.5907e+00	
 4.6140e+00	
 4.5841e+00	
 4.6439e+00	
 4.5788e+00	
 4.6274e+00	
 4.5403e+00	
 4.5791e+00	
 4.6556e+00	
 4.5598e+00	
 4.5934e+00	
 4.5743e+00	
 4.5804e+00	
 4.5847e+00	
 4.6195e+00	
 4.6041e+00	
 4.6048e+00	
 4.5372e+00	
 4.5590e+00	
 4.6399e+00	
 4.5765e+00	
 4.5450e+00	
 4.4984e+00	
 4.5913e+00	
 4.6034e+00	
 4.5533e+00	
 4.5431e+00	
 4.5300e+00	
 4.6118e+00	
 4.5298e+00	
 4.5753e+00	
 4.5768e+00	
 4.5345e+00	
 4.5955e+00	
 4.5682e+00	
 4.5127e+00	
 4.5471e+00	
 4.5671e+00	
 4.5502e+00	
 4.5553e+00	
 4.5802e+00	
 4.4631e+00	
 4.5559e+00	
 4.5828e+00	
 4.4759e+00	
 4.5591e+00	
 4.5066e+00	
 4.6188e+00	
 4.4968e+00	
 4.5332e+00	
 4.5371e+00	
 4.5115e+00	
 4.5219e+00	
 4.5075e+00	
 4.5278e+00	
 4.4381e+00	
 4.4390e+00	
 4.4806e+00	
 4.4381e+00	
 4.5513e+00	
 4.5825e+00	
 4.5524e+00	
 4.3992e+00	
 4.5419e+00	
 4.4424e+00	
 4.3116e+00	
 4.4660e+00	
 4.3501e+00	
 4.2893e+00	
 4.4872e+00	
 4.3340e+00	
 4.3333e+00	
 4.3433e+00	
 4.3075e+00	
 4.3400e+00	
 4.4877e+00	
 4.3855e+00	
 4.3224e+00	
 4.3089e+00	
 4.3513e+00	
 4.4283e+00	
 4.3448e+00	
 4.4279e+00	
 4.3015e+00	
 4.3160e+00	
 4.3169e+00	
 4.3551e+00	
 4.3736e+00	
 4.2098e+00	
 4.3792e+00	
 4.3109e+00	
 4.5243e+00	
 4.1751e+00	
 4.2001e+00	
 4.3045e+00	
 4.4143e+00	
 4.4176e+00	
 4.3252e+00	
 4.3920e+00	
 4.2351e+00	
 4.2059e+00	
 4.3768e+00	
 4.3046e+00	
 4.3469e+00	
 4.1610e+00	
 4.3544e+00	
 4.0957e+00	
 4.2394e+00	
 4.2906e+00	
 4.1346e+00	
 4.2639e+00	
 4.3500e+00	
 4.1756e+00	
 4.3179e+00	
 4.2977e+00	
 4.0883e+00	
 4.3826e+00	
 4.1105e+00	
 4.3707e+00	
 4.1803e+00	
 3.9919e+00	
 4.2763e+00	
 4.2290e+00	
 4.1135e+00	
 4.0221e+00	
 4.1998e+00	
 4.2565e+00	
 4.1956e+00	
 4.1973e+00	
 4.1673e+00	
 4.1574e+00	
 4.2599e+00	
 4.3405e+00	
 4.2034e+00	
 4.0709e+00	
 4.2868e+00	
 4.3158e+00	
 4.1971e+00	
 4.1418e+00	
 4.0064e+00	
 4.1122e+00	
 4.0451e+00	
 4.0032e+00	
 4.0076e+00	
 4.3785e+00	
 4.3626e+00	
 4.0494e+00	
 3.9163e+00	
 4.1447e+00	
 4.1489e+00	
 4.1309e+00	
 4.1336e+00	
 3.9708e+00	
 4.1688e+00	
 4.1644e+00	
 4.2469e+00	
 4.2076e+00	
 4.1258e+00	
 4.1025e+00	
 3.9957e+00	
 4.0904e+00	
 4.0068e+00	
 4.1457e+00	
 4.0212e+00	
 4.0499e+00	
 3.9751e+00	
 3.9370e+00	
 4.1590e+00	
 4.1310e+00	
 4.2732e+00	
 4.1823e+00	
 3.9266e+00	
 3.9693e+00	
 3.9748e+00	
 4.0022e+00	
 4.1326e+00	
 4.1676e+00	
 3.9260e+00	
 4.2315e+00	
 3.8956e+00	
 4.1023e+00	
 4.1695e+00	
 3.8688e+00	
 3.9770e+00	
 4.1565e+00	
 4.0278e+00	
 3.9834e+00	
 3.9499e+00	
 4.0720e+00	
 3.8440e+00	
 4.0738e+00	
 4.0824e+00	
 3.8022e+00	
 3.8113e+00	
 4.0355e+00	
 3.8470e+00	
 3.9443e+00	
 3.9709e+00	
 4.0034e+00	
 4.1670e+00	
 4.0497e+00	
 3.9232e+00	
 3.7763e+00	
 3.7655e+00	
 3.7160e+00	
 3.9194e+00	
 3.9861e+00	
 3.9957e+00	
 3.9914e+00	
 3.8276e+00	
 4.0560e+00	
 4.0110e+00	
 3.8435e+00	
 3.8914e+00	
 3.9252e+00	
 3.9988e+00	
 3.8094e+00	
 3.7161e+00	
 4.3216e+00	
 3.9498e+00	
 3.7350e+00	
 3.7702e+00	
 3.6818e+00	
 3.8689e+00	
 4.3102e+00	
 3.8286e+00	
 3.9847e+00	
 4.3127e+00	
 3.9256e+00	
 3.9518e+00	
 3.8069e+00	
 3.9837e+00	
 3.8765e+00	
 3.6690e+00	
 3.9757e+00	
 4.0008e+00	
 3.9012e+00	
 3.9887e+00	
 3.9262e+00	
 4.0743e+00	
 3.9753e+00	
 3.7243e+00	
 3.8358e+00	
 3.7011e+00	
 4.1055e+00	
 3.7533e+00	
 4.0896e+00	
 3.9404e+00	
 3.9595e+00	
 3.8437e+00	
 4.1410e+00	
 3.9921e+00	
 3.8689e+00	
 3.7857e+00	
 4.2804e+00	
 3.7320e+00	
 3.9457e+00	
 3.8418e+00	
 3.8605e+00	
 3.8998e+00	
 3.6538e+00	
 3.9898e+00	
 3.9459e+00	
 3.8600e+00	
 4.2192e+00	
 3.6325e+00	
 3.7807e+00	
 3.9741e+00	
 3.8659e+00	
 3.7596e+00	
 3.8378e+00	
 3.8821e+00	
 3.7424e+00	
 3.7342e+00	
 3.6882e+00	
 4.0836e+00	
 4.1008e+00	
 3.7568e+00	
 3.5188e+00	
 3.6681e+00	
 3.7299e+00	
 3.7418e+00	
 3.8187e+00	
 4.0504e+00	
 3.7007e+00	
 3.7653e+00	
 4.0481e+00	
 3.6886e+00	
 3.7975e+00	
 3.7251e+00	
 3.7321e+00	
 3.5661e+00	
 4.0714e+00	
 4.0511e+00	
 3.9153e+00	
 3.6072e+00	
 3.9043e+00	
 3.7720e+00	
 4.0501e+00	
 3.7635e+00	
 3.8341e+00	
 4.1055e+00	
 3.9202e+00	
 3.8508e+00	
 3.7713e+00	
 4.0932e+00	
 3.7691e+00	
 4.0480e+00	
 3.8771e+00	
 3.7111e+00	
 3.9539e+00	
 3.5738e+00	
 3.9233e+00	
 3.8225e+00	
 3.4450e+00	
 3.7498e+00	
 3.5913e+00	
 3.8908e+00	
 3.8147e+00	
 3.8865e+00	
 3.5069e+00	
 3.7033e+00	
 3.6881e+00	
 3.8146e+00	
 3.3395e+00	
 3.6514e+00	
 3.9362e+00	
 3.6190e+00	
 4.0105e+00	
 3.7200e+00	
 3.8617e+00	
 3.7757e+00	
 3.8301e+00	
 3.7353e+00	
 3.6328e+00	
 3.7362e+00	
 3.6317e+00	
 3.6010e+00	
 3.9285e+00	
 3.4645e+00	
 3.6408e+00	
 3.8151e+00	
 3.6021e+00	
 3.9078e+00	
 3.6869e+00	
 3.7101e+00	
 3.6621e+00	
 3.3360e+00	
 3.6578e+00	
 3.5085e+00	
 3.7839e+00	
 3.9027e+00	
 3.5983e+00	
 3.5613e+00	
 3.9157e+00	
 3.5300e+00	
 3.7156e+00	
 3.7565e+00	
 3.7803e+00	
 3.4995e+00	
 3.7963e+00	
 4.0016e+00	
 3.5869e+00	
 3.5253e+00	
 3.4998e+00	
 3.6079e+00	
 3.9699e+00	
 3.8207e+00	
 3.4706e+00	
 3.6399e+00	
 3.4534e+00	
 3.6060e+00	
 3.9422e+00	
 3.8263e+00	
 3.1781e+00	
 3.7569e+00	
 3.7011e+00	
 3.5177e+00	
 3.5409e+00	
 3.5161e+00	
 3.7676e+00	
 3.9370e+00	
 3.7675e+00	
 3.7415e+00	
 3.6207e+00	
 3.7863e+00	
 3.7156e+00	
 3.9806e+00	
 3.3702e+00	
 3.5922e+00	
 3.5331e+00	
 3.6318e+00	
 3.4642e+00	
 3.4096e+00	
 3.5558e+00	
 3.7928e+00	
 3.7613e+00	
 3.9663e+00	
 3.7792e+00	
 3.5185e+00	
 3.4928e+00	
 3.6206e+00	
 3.6511e+00	
 3.6586e+00	
 4.0406e+00	
 3.4674e+00	
 3.6638e+00	
 3.7577e+00	
 3.8997e+00	
 3.5514e+00	
 3.7828e+00	
 3.5803e+00	
 3.8709e+00	
 3.7078e+00	
 3.5485e+00	
 3.5355e+00	
 3.8379e+00	
 3.7746e+00	
 3.6844e+00	
 3.6044e+00	
 3.6417e+00	
 3.7521e+00	
 3.6091e+00	
 3.6241e+00	
 3.3485e+00	
 3.4893e+00	
 3.4071e+00	
 3.5186e+00	
 3.5943e+00	
 3.6287e+00	
 3.2627e+00	
 3.4804e+00	
 3.6564e+00	
 3.7199e+00	
 3.4294e+00	
 3.8714e+00	
 3.3875e+00	
 3.5399e+00	
 3.5603e+00	
 3.3636e+00	
 3.5019e+00	
 3.4512e+00	
 3.9647e+00	
 3.7588e+00	
 3.4302e+00	
 3.5505e+00	
 3.5395e+00	
 3.5595e+00	
 3.5034e+00	
 3.2872e+00	
 3.7968e+00	
 3.4959e+00	
 3.4959e+00	
 3.7172e+00	
 3.3689e+00	
 4.0114e+00	
 3.6170e+00	
 3.4748e+00	
 3.9939e+00	
 3.4012e+00	
 3.4404e+00	
 3.4547e+00	
 3.3610e+00	
 3.7805e+00	
 3.5120e+00	
 3.6649e+00	
 3.7707e+00	
 3.6172e+00	
 3.5351e+00	
 3.4695e+00	
 3.9378e+00	
 3.5922e+00	
 3.6850e+00	
 3.5215e+00	
 3.5322e+00	
 3.4824e+00	
 3.3538e+00	
 3.6249e+00	
 3.3558e+00	
 3.5281e+00	
 3.5351e+00	
 3.5584e+00	
 3.5825e+00	
 3.1401e+00	
 3.7562e+00	
 3.9945e+00	
 3.6813e+00	
 3.8818e+00	
 3.7877e+00	
 3.6237e+00	
 3.3303e+00	
 3.2719e+00	
 3.2598e+00	
 3.7248e+00	
 3.7487e+00	
 3.5192e+00	
 3.8049e+00	
 3.7449e+00	
 3.4696e+00	
 3.8441e+00	
 3.3505e+00	
 3.5020e+00	
 3.6609e+00	
 3.4780e+00	
 3.2953e+00	
 3.7199e+00	
 3.5538e+00	
 3.7657e+00	
 3.3943e+00	
 3.6952e+00	
 3.6620e+00	
 3.3348e+00	
 3.4610e+00	
 3.3136e+00	
 3.4568e+00	
 3.5893e+00	
 3.5313e+00	
 3.3386e+00	
 3.5037e+00	
 3.7155e+00	
 3.2246e+00	
 3.2861e+00	
 3.4337e+00	
 3.5156e+00	
 3.3019e+00	
 3.6963e+00	
 3.5836e+00	
 3.0632e+00	
 3.7585e+00	
 3.4782e+00	
 3.2519e+00	
 3.1917e+00	
 3.6517e+00	
 3.2590e+00	
 3.4147e+00	
 3.3241e+00	
 3.1790e+00	
 3.4339e+00	
 3.1488e+00	
 3.5659e+00	
 3.9317e+00	
 3.5077e+00	
 3.3051e+00	
 3.5703e+00	
 3.5459e+00	
 3.1461e+00	
 3.8262e+00	
 3.6920e+00	
 3.5046e+00	
 3.4009e+00	
 3.5005e+00	
 3.7055e+00	
 3.4615e+00	
 3.3388e+00	
 4.0007e+00	
 3.5245e+00	
 2.9606e+00	
 3.4133e+00	
 3.5081e+00	
 3.2542e+00	
 3.5689e+00	
 3.6691e+00	
 3.7328e+00	
 3.3743e+00	
 3.6584e+00	
 3.6013e+00	
 3.4150e+00	
 3.3965e+00	
 3.6155e+00	
 3.3674e+00	
 2.9411e+00	
 3.8450e+00	
 3.2819e+00	
 3.3185e+00	
 3.2502e+00	
 3.9694e+00	
 3.6191e+00	
 3.4987e+00	
 3.5322e+00	
 3.2814e+00	
 3.4832e+00	
 3.2961e+00	
 3.4991e+00	
 3.6410e+00	
 3.4443e+00	
 3.0361e+00	
 3.5418e+00	
 3.4359e+00	
 2.8961e+00	
 3.2620e+00	
 3.3327e+00	
 3.7604e+00	
 3.1935e+00	
 3.4005e+00	
 3.2217e+00	
 3.3969e+00	
 3.4119e+00	
 3.7874e+00	
 3.3068e+00	
 3.5138e+00	
 3.3552e+00	
 3.4269e+00	
 3.4504e+00	
 3.6446e+00	
 3.2597e+00	
 3.6944e+00	
 3.7592e+00	
 3.4622e+00	
 3.1785e+00	
 3.6449e+00	
 3.3819e+00	
 3.3080e+00	
 3.6782e+00	
 3.0888e+00	
 3.5316e+00	
 3.4782e+00	
 3.6967e+00	
 3.3380e+00	
 3.2807e+00	
 3.5429e+00	
 3.1719e+00	
 3.4838e+00	
 3.1909e+00	
 3.3321e+00	
 3.5978e+00	
 3.4327e+00	
 3.4994e+00	
 3.3697e+00	
 3.2605e+00	
 3.1672e+00	
 3.4116e+00	
 3.1916e+00	
 3.3500e+00	
 3.3854e+00	
 3.5288e+00	
 3.2958e+00	
 3.2339e+00	
 3.4768e+00	
 3.3760e+00	
 3.4556e+00	
 3.3360e+00	
 3.3700e+00	
 3.4807e+00	
 3.5981e+00	
 3.2930e+00	
 3.7005e+00	
 2.9484e+00	
 3.4178e+00	
 3.0468e+00	
 3.8129e+00	
 3.5910e+00	
 3.4220e+00	
 3.1366e+00	
 3.3936e+00	
 3.2665e+00	
 3.3043e+00	
 3.3737e+00	
 3.6785e+00	
 3.2555e+00	
 3.2868e+00	
 3.6622e+00	
 3.5175e+00	
 3.3816e+00	
 3.5019e+00	
 3.5693e+00	
 3.4267e+00	
 3.1811e+00	
 3.5417e+00	
 3.6409e+00	
 3.2053e+00	
 3.6469e+00	
 3.2274e+00	
 3.6711e+00	
 3.0445e+00	
 3.3214e+00	
 2.9124e+00	
 2.9586e+00	
 3.4280e+00	
 3.2190e+00	
 3.2764e+00	
 3.4027e+00	
 3.4050e+00	
 3.4271e+00	
 3.2796e+00	
 3.6565e+00	
 3.7508e+00	
 3.1951e+00	
 2.9325e+00	
 3.8920e+00	
 3.6335e+00	
 3.5510e+00	
 3.5585e+00	
 3.5501e+00	
 3.3434e+00	
 3.5659e+00	
 3.2605e+00	
 3.3609e+00	
 3.1309e+00	
 3.1883e+00	
 2.7640e+00	
 3.5688e+00	
 3.5594e+00	
 3.3323e+00	
 3.4073e+00	
 3.4036e+00	
 3.2859e+00	
 3.7737e+00	
 3.5522e+00	
 3.3006e+00	
 3.3928e+00	
 3.2555e+00	
 3.2901e+00	
 3.5327e+00	
 3.4117e+00	
 3.0937e+00	
 3.6470e+00	
 3.2826e+00	
 3.4606e+00	
 3.2119e+00	
 3.4937e+00	
 3.1590e+00	
 3.1914e+00	
 2.9491e+00	
 3.4188e+00	
 2.8177e+00	
 3.0585e+00	
 3.5421e+00	
 3.3457e+00	
 3.2550e+00	
 3.2474e+00	
 3.3109e+00	
 3.5182e+00	
 3.8851e+00	
 3.2233e+00	
 3.1814e+00	
 3.1472e+00	
 2.9351e+00	
 3.4067e+00	
 3.4408e+00	
 3.3977e+00	
 3.2831e+00	
 3.1424e+00	
 3.0391e+00	
 3.1689e+00	
 3.7143e+00	
 3.3452e+00	
 3.1900e+00	
 3.1839e+00	
 3.1044e+00	
 3.1774e+00	
 3.5878e+00	
 3.2066e+00	
 2.8033e+00	
 3.4108e+00	
 3.0965e+00	
 3.0783e+00	
 3.0239e+00	
 3.1948e+00	
 3.3138e+00	
 3.2622e+00	
 3.4156e+00	
 3.1741e+00	
 3.4766e+00	
 3.5477e+00	
 3.2693e+00	
 3.2795e+00	
 3.4431e+00	
 3.4353e+00	
 3.1720e+00	
 3.4438e+00	
 3.1992e+00	
 2.9928e+00	
 3.0958e+00	
 3.1088e+00	
 3.4679e+00	
 3.1344e+00	
 3.6558e+00	
 3.3768e+00	
 3.0849e+00	
 3.0542e+00	
 3.5511e+00	
 3.1928e+00	
 3.4905e+00	
 3.3595e+00	
 3.2297e+00	
 3.7096e+00	
 3.3004e+00	
 3.5161e+00	
 3.5541e+00	
 3.4066e+00	
 3.2792e+00	
 3.2882e+00	
 3.4610e+00	
 3.4826e+00	
 3.0774e+00	
 3.0902e+00	
 2.9869e+00	
 2.8267e+00	
 2.9669e+00	
 3.1443e+00	
 3.0171e+00	
 3.5238e+00	
 3.0136e+00	
 3.3515e+00	
 3.2978e+00	
 3.4176e+00	
 3.2979e+00	
 3.3985e+00	
 3.3296e+00	
 3.0902e+00	
 3.2439e+00	
 3.3967e+00	
 3.2223e+00	
 3.3670e+00	
 3.3912e+00	
 3.2714e+00	
 3.3474e+00	
 3.4598e+00	
 3.1591e+00	
 3.5464e+00	
 3.1800e+00	
 3.1101e+00	
 3.3460e+00	
 3.1816e+00	
 3.1654e+00	
 3.3960e+00	
 3.5500e+00	
 3.1488e+00	
 3.2313e+00	
 3.0567e+00	
 3.3716e+00	
 3.4541e+00	
 3.1535e+00	
 3.7927e+00	
 3.2363e+00	
 3.6171e+00	
 3.0383e+00	
 3.2558e+00	
 3.2339e+00	
 3.2026e+00	
 3.2025e+00	
 3.6686e+00	
 3.5028e+00	
 3.5869e+00	
 3.2239e+00	
 2.9023e+00	
 3.3623e+00	
 2.9415e+00	
 2.9612e+00	
 3.1010e+00	
 3.4909e+00	
 3.1347e+00	
 3.5586e+00	
 3.1174e+00	
 2.9122e+00	
 2.9433e+00	
 3.3552e+00	
 3.3270e+00	
 2.9620e+00	
 3.1465e+00	
 3.0448e+00	
 3.0049e+00	
 3.2999e+00	
 3.1249e+00	
 3.5293e+00	
 3.4439e+00	
 2.9737e+00	
 2.9434e+00	
 3.1776e+00	
 3.4238e+00	
 3.3332e+00	
 3.3820e+00	
 3.3258e+00	
 3.0544e+00	
 3.4174e+00	
 3.2715e+00	
 3.1290e+00	
 3.2559e+00	
 3.4987e+00	
 3.5282e+00	
 3.1615e+00	
 3.1913e+00	
 3.0723e+00	
 3.0870e+00	
 3.6180e+00	
 3.2068e+00	
 3.3006e+00	
 3.3491e+00	
 3.3705e+00	
 3.2999e+00	
 3.0336e+00	
 3.4652e+00	
 2.6495e+00	
 3.3031e+00	
 3.1569e+00	
 3.3120e+00	
 3.1764e+00	
 3.5945e+00	
 2.8771e+00	
 3.1971e+00	
 3.3371e+00	
 3.1358e+00	
 3.0862e+00	
 3.2682e+00	
 3.2440e+00	
 3.3432e+00	
 3.3503e+00	
 2.8538e+00	
 3.3941e+00	
 3.4613e+00	
 3.0597e+00	
 3.2966e+00	
 3.2763e+00	
 3.5498e+00	
 3.1684e+00	
 3.2396e+00	
 3.2840e+00	
 2.9972e+00	
 3.1959e+00	
 3.1070e+00	
 3.1165e+00	
 3.2903e+00	
 3.2797e+00	
 3.0809e+00	
 3.1465e+00	
 3.1650e+00	
 3.1931e+00	
 3.5263e+00	
 3.2102e+00	
 3.3765e+00	
 3.1215e+00	
 3.2893e+00	
 3.0951e+00	
 3.1631e+00	
 3.0675e+00	
 2.9921e+00	
 3.2398e+00	
 3.3128e+00	
 2.9773e+00	
 3.2200e+00	
 3.6020e+00	
 3.0060e+00	
 3.4569e+00	
 3.1010e+00	
 3.4232e+00	
 3.4091e+00	
 3.1470e+00	
 3.1738e+00	
 3.0608e+00	
 3.2281e+00	
 3.0602e+00	
 2.9650e+00	
 3.3874e+00	
 3.1969e+00	
 2.9268e+00	
 3.4114e+00	
 3.2092e+00	
 2.7831e+00	
 3.0520e+00	
 3.1468e+00	
 3.0974e+00	
 3.4532e+00	
 3.2443e+00	
 3.3616e+00	
 3.2004e+00	
 3.3495e+00	
 3.4491e+00	
 3.2295e+00	
 3.2542e+00	
 3.3337e+00	
 3.4547e+00	
 3.0847e+00	
 3.1314e+00	
 3.5040e+00	
 3.1721e+00	
 2.9634e+00	
 2.9422e+00	
 3.5610e+00	
 2.9523e+00	
 2.9558e+00	
 3.3834e+00	
 3.0275e+00	
 2.9911e+00	
 3.1409e+00	
 3.3052e+00	
 3.2941e+00	
 3.4203e+00	
 3.3442e+00	
 3.2030e+00	
 3.4117e+00	
 3.2184e+00	
 3.3859e+00	
 3.0767e+00	
 2.6808e+00	
 3.1582e+00	
 2.9327e+00	
 2.8117e+00	
 3.4208e+00	
 3.2470e+00	
 3.2793e+00	
 3.6493e+00	
 3.1390e+00	
 3.1188e+00	
 3.0073e+00	
 3.2764e+00	
 3.3918e+00	
 2.9077e+00	
 3.3073e+00	
 3.0343e+00	
 3.5389e+00	
 3.2420e+00	
 2.9804e+00	
 2.9087e+00	
 2.7180e+00	
 3.2397e+00	
 3.3847e+00	
 3.6068e+00	
 3.2822e+00	
 3.0004e+00	
 3.1691e+00	
 3.2547e+00	
 3.4957e+00	
 3.4041e+00	
 3.5512e+00	
 3.2178e+00	
 3.4405e+00	
 3.1535e+00	
 3.2579e+00	
 3.6570e+00	
 3.1597e+00	
 2.9731e+00	
 3.5199e+00	
 3.3924e+00	
 2.9493e+00	
 3.2241e+00	
 3.3331e+00	
 3.3873e+00	
 3.1280e+00	
 3.0209e+00	
 3.0459e+00	
 3.4505e+00	
 3.1663e+00	
 3.0587e+00	
 3.2298e+00	
 3.0980e+00	
 3.4012e+00	
 3.0694e+00	
 3.0927e+00	
 3.3607e+00	
 3.3334e+00	
 3.4296e+00	
 3.0606e+00	
 3.3866e+00	
 3.0083e+00	
 3.1892e+00	
 3.6245e+00	
 3.1509e+00	
 3.2618e+00	
 3.6252e+00	
 3.1778e+00	
 3.2620e+00	
 3.2580e+00	
 3.2932e+00	
 2.8594e+00	
 3.2758e+00	
 2.9229e+00	
 3.1967e+00	
 3.4436e+00	
 3.3164e+00	
 3.3731e+00	
 3.4097e+00	
 3.3137e+00	
 3.2788e+00	
 2.9718e+00	
 3.2924e+00	
 3.0529e+00	
 3.1579e+00	
 2.7190e+00	
 3.1613e+00	
 3.3788e+00	
 3.1113e+00	
 2.8697e+00	
 3.3068e+00	
 3.2488e+00	
 3.2521e+00	
 3.2919e+00	
 3.0557e+00	
 3.1859e+00	
 3.1147e+00	
 3.1431e+00	
 2.8876e+00	
 3.0707e+00	
 3.3508e+00	
 3.3729e+00	
 2.9557e+00	
 3.0447e+00	
 3.1078e+00	
 3.0093e+00	
 3.2570e+00	
 3.4962e+00	
 3.3369e+00	
 3.0931e+00	
 3.1605e+00	
 3.2674e+00	
 2.6861e+00	
 2.8346e+00	
 3.1694e+00	
 3.5367e+00	
 3.1277e+00	
 2.9414e+00	
 3.3368e+00	
 3.0693e+00	
 3.0161e+00	
 3.3411e+00	
 3.5340e+00	
 3.0653e+00	
 3.2102e+00	
 3.1070e+00	
 3.0385e+00	
 3.4242e+00	
 2.7356e+00	
 2.8473e+00	
 3.4114e+00	
 3.0196e+00	
 2.9999e+00	
 3.2146e+00	
 3.0008e+00	
 2.8645e+00	
 3.2030e+00	
 3.3182e+00	
 3.2075e+00	
 3.0437e+00	
 3.3061e+00	
 2.9026e+00	
 2.9733e+00	
 2.9824e+00	
 3.2278e+00	
 2.9687e+00	
 2.7423e+00	
 3.2552e+00	
 2.9053e+00	
 2.9527e+00	
 3.1894e+00	
 3.3197e+00	
 3.2543e+00	
 3.0127e+00	
 3.1141e+00	
 2.8618e+00	
 3.2616e+00	
 3.3907e+00	
 2.8861e+00	
 3.4485e+00	
 3.1447e+00	
 3.5301e+00	
 3.3626e+00	
 3.2577e+00	
 3.5115e+00	
 3.6155e+00	
 3.4605e+00	
 3.3112e+00	
 2.6960e+00	
 3.1637e+00	
 2.5740e+00	
 2.6200e+00	
 3.0430e+00	
 2.9110e+00	
 2.6664e+00	
 2.5294e+00	
 3.0028e+00	
 2.3988e+00	
 2.9348e+00	
 2.9604e+00	
 2.4148e+00	
 2.7955e+00	
 2.7353e+00	
 2.5460e+00	
 2.9133e+00	
 2.6568e+00	
 3.0661e+00	
 2.9892e+00	
 2.6498e+00	
 2.9742e+00	
 2.6680e+00	
 3.0699e+00	
 2.5427e+00	
 2.5567e+00	
 2.7009e+00	
 2.9200e+00	
 3.0309e+00	
 2.5168e+00	
 2.7942e+00	
 2.7301e+00	
 2.5724e+00	
 2.8417e+00	
 2.6277e+00	
 2.7352e+00	
 2.6883e+00	
 2.6586e+00	
 2.9088e+00	
 2.6578e+00	
 2.7187e+00	
 2.6422e+00	
 2.5626e+00	
 2.4149e+00	
 3.0257e+00	
 2.5431e+00	
 2.4062e+00	
 2.4043e+00	
 2.8217e+00	
 2.6375e+00	
 2.6353e+00	
 3.1443e+00	
 2.6526e+00	
 2.6868e+00	
 2.7183e+00	
 2.7480e+00	
 2.5396e+00	
 2.7918e+00	
 2.8522e+00	
 2.8546e+00	
 2.8360e+00	
 2.3882e+00	
 2.4676e+00	
 2.9227e+00	
 2.8428e+00	
 2.3928e+00	
 3.1937e+00	
 3.2408e+00	
 2.5568e+00	
 2.2452e+00	
 2.7422e+00	
 2.6640e+00	
 2.6579e+00	
 2.7290e+00	
 2.9608e+00	
 3.3419e+00	
 2.7248e+00	
 2.7824e+00	
 3.0477e+00	
 2.6941e+00	
 2.6715e+00	
 2.4679e+00	
 3.1864e+00	
 2.8083e+00	
 2.5930e+00	
 2.7194e+00	
 2.6823e+00	
 2.7428e+00	
 2.6225e+00	
 2.6872e+00	
 2.9972e+00	
 2.7879e+00	
 2.8275e+00	
 2.8988e+00	
 2.5594e+00	
 2.5074e+00	
 2.4900e+00	
 2.5629e+00	
 2.5885e+00	
 2.9946e+00	
 2.9244e+00	
 2.8989e+00	
 2.9521e+00	
 2.8857e+00	
 2.5926e+00	
 2.6814e+00	
 2.5623e+00	
 2.5545e+00	
 2.6023e+00	
 2.5960e+00	
 2.6307e+00	
 2.8473e+00	
 2.1261e+00	
 3.0182e+00	
 2.5219e+00	
 2.6365e+00	
 2.7764e+00	
 2.8657e+00	
 2.8259e+00	
 2.6760e+00	
 2.8269e+00	
 2.9298e+00	
 2.8341e+00	
 2.4693e+00	
 2.8565e+00	
 2.6874e+00	
 2.7547e+00	
 2.9825e+00	
 2.7403e+00	
 2.4858e+00	
 2.8335e+00	
 2.3661e+00	
 2.4135e+00	
 2.7773e+00	
 2.6377e+00	
 2.3447e+00	
 3.0840e+00	
 2.9917e+00	
 2.9176e+00	
 2.6842e+00	
 2.5549e+00	
 2.8219e+00	
 2.6373e+00	
 2.4528e+00	
 2.5527e+00	
 2.4138e+00	
 2.3973e+00	
 2.6552e+00	
 2.8034e+00	
 2.6997e+00	
 2.5607e+00	
 2.8795e+00	
 2.4817e+00	
 2.9910e+00	
 2.7075e+00	
 2.4496e+00	
 2.9647e+00	
 2.8492e+00	
 2.6621e+00	
 2.6657e+00	
 2.5063e+00	
 2.5640e+00	
 2.7830e+00	
 2.7238e+00	
 2.8778e+00	
 2.4414e+00	
 2.4930e+00	
 2.5292e+00	
 2.8127e+00	
 2.7330e+00	
 2.8344e+00	
 2.4461e+00	
 2.8397e+00	
 2.4418e+00	
 2.6722e+00	
 3.0184e+00	
 2.9361e+00	
 2.4574e+00	
 2.9536e+00	
 2.5510e+00	
 2.5024e+00	
 2.3541e+00	
 2.6404e+00	
 2.9638e+00	
 2.7032e+00	
 3.0353e+00	
 2.5330e+00	
 2.6778e+00	
 2.6165e+00	
 2.6073e+00	
 3.2475e+00	
 2.9136e+00	
 2.4820e+00	
 2.7019e+00	
 2.8301e+00	
 2.6692e+00	
 3.0237e+00	
 2.3867e+00	
 2.6617e+00	
 2.6608e+00	
 2.8027e+00	
 2.4861e+00	
 2.6698e+00	
 2.5485e+00	
 2.4308e+00	
 2.8890e+00	
 2.6012e+00	
 3.0806e+00	
 2.9880e+00	
 2.9061e+00	
 2.9564e+00	
 2.6392e+00	
 2.6427e+00	
 2.9533e+00	
 2.8372e+00	
 2.8714e+00	
 2.7987e+00	
 2.8790e+00	
 2.7393e+00	
 3.0543e+00	
 2.8497e+00	
 2.5220e+00	
 2.6247e+00	
 2.5399e+00	
 2.4510e+00	
 2.9463e+00	
 2.7607e+00	
 2.6317e+00	
 2.6700e+00	
 2.4383e+00	
 2.6501e+00	
 2.6281e+00	
 2.6955e+00	
 2.5866e+00	
 2.4386e+00	
 2.4180e+00	
 2.6893e+00	
 3.0828e+00	
 2.5574e+00	
 2.9205e+00	
 2.4473e+00	
 2.6443e+00	
 2.7335e+00	
 2.7060e+00	
 2.9677e+00	
 2.9351e+00	
 2.5973e+00	
 2.8881e+00	
 3.0796e+00	
 2.7531e+00	
 2.4570e+00	
 2.9544e+00	
 2.8510e+00	
 2.9236e+00	
 2.7814e+00	
 2.5535e+00	
 3.1217e+00	
 2.9237e+00	
 2.9195e+00	
 2.4007e+00	
 2.9410e+00	
 2.6069e+00	
 2.6876e+00	
 2.9396e+00	
 2.8109e+00	
 2.3593e+00	
 2.8003e+00	
 2.8581e+00	
 2.7989e+00	
 2.7113e+00	
 2.8417e+00	
 2.5268e+00	
 2.6715e+00	
 2.3035e+00	
 2.5461e+00	
 2.7775e+00	
 2.5527e+00	
 2.2632e+00	
 2.9018e+00	
 2.6744e+00	
 2.7729e+00	
 2.9099e+00	
 3.0090e+00	
 2.7344e+00	
 2.3500e+00	
 2.6761e+00	
 3.2981e+00	
 3.0814e+00	
 2.5687e+00	
 2.9301e+00	
 2.7772e+00	
 2.5093e+00	
 2.7361e+00	
 2.6320e+00	
 2.8780e+00	
 2.7033e+00	
 2.9227e+00	
 2.7071e+00	
 2.9223e+00	
 2.6680e+00	
 3.1523e+00	
 2.8255e+00	
 2.2560e+00	
 2.5863e+00	
 2.7485e+00	
 2.4376e+00	
 3.0750e+00	
 3.0711e+00	
 2.4213e+00	
 2.5703e+00	
 2.7334e+00	
 2.5747e+00	
 2.6058e+00	
 3.0041e+00	
 2.6045e+00	
 2.6066e+00	
 2.8823e+00	
 3.0774e+00	
 2.6648e+00	
 2.6253e+00	
 2.2740e+00	
 2.7253e+00	
 2.6652e+00	
 2.3332e+00	
 2.5888e+00	
 2.8884e+00	
 2.5594e+00	
 2.6902e+00	
 2.5290e+00	
 2.5081e+00	
 2.7831e+00	
 2.8398e+00	
 2.3302e+00	
 2.8843e+00	
 2.4473e+00	
 2.7374e+00	
 2.5770e+00	
 2.7203e+00	
 2.8169e+00	
 2.6604e+00	
 2.6472e+00	
 2.4755e+00	
 2.6217e+00	
 2.8444e+00	
 2.3410e+00	
 2.8402e+00	
 2.9566e+00	
 2.7568e+00	
 2.8379e+00	
 2.3065e+00	
 2.6878e+00	
 2.7798e+00	
 2.4022e+00	
 2.8981e+00	
 2.6455e+00	
 2.1921e+00	
 2.5970e+00	
 2.5305e+00	
 2.5428e+00	
 2.8347e+00	
 2.9218e+00	
 2.6348e+00	
 2.3630e+00	
 2.8559e+00	
 3.0350e+00	
 2.6369e+00	
 2.4618e+00	
 2.7179e+00	
 3.0629e+00	
 2.8597e+00	
 2.8552e+00	
 2.6730e+00	
 2.4393e+00	
 3.1032e+00	
 2.7913e+00	
 2.6237e+00	
 2.5220e+00	
 2.5829e+00	
 3.1194e+00	
 2.7338e+00	
 2.7153e+00	
 2.7975e+00	
 2.7399e+00	
 2.6058e+00	
 2.7107e+00	
 2.5098e+00	
 2.8620e+00	
 2.8416e+00	
 2.2313e+00	
 2.9200e+00	
 3.0200e+00	
 2.5571e+00	
 2.7545e+00	
 2.5351e+00	
 2.5133e+00	
 2.4280e+00	
 2.9064e+00	
 2.6752e+00	
 2.4926e+00	
 2.5173e+00	
 2.9040e+00	
 2.6748e+00	
 2.6560e+00	
 3.3157e+00	
 2.7940e+00	
 2.5745e+00	
 2.9960e+00	
 2.7026e+00	
 2.7185e+00	
 2.3782e+00	
 2.4921e+00	
 2.4674e+00	
 2.8256e+00	
 2.4512e+00	
 2.6673e+00	
 2.7679e+00	
 2.6780e+00	
 2.8384e+00	
 2.7264e+00	
 2.8669e+00	
 2.7979e+00	
 2.4655e+00	
 2.6872e+00	
 2.5823e+00	
 3.0510e+00	
 2.5343e+00	
 2.7875e+00	
 2.6285e+00	
 2.2798e+00	
 2.5357e+00	
 3.0332e+00	
 2.5533e+00	
 2.8012e+00	
 2.6990e+00	
 2.5217e+00	
 2.7448e+00	
 3.3676e+00	
 2.7840e+00	
 2.9524e+00	
 2.5270e+00	
 2.5735e+00	
 2.2061e+00	
 2.8058e+00	
 3.0036e+00	
 2.7241e+00	
 2.3050e+00	
 2.7429e+00	
 2.5741e+00	
 2.7852e+00	
 2.7953e+00	
 2.8742e+00	
 2.9800e+00	
 2.5419e+00	
 2.4651e+00	
 2.5028e+00	
 3.0444e+00	
 3.0175e+00	
 2.9768e+00	
 2.4713e+00	
 3.2202e+00	
 2.6111e+00	
 2.8469e+00	
 2.5759e+00	
 2.5070e+00	
 2.7295e+00	
 2.5048e+00	
 2.5435e+00	
 2.5567e+00	
 2.7098e+00	
 3.0289e+00	
 2.9724e+00	
 2.7174e+00	
 2.5136e+00	
 2.4729e+00	
 2.9341e+00	
 2.2462e+00	
 2.6448e+00	
 2.6871e+00	
 2.8687e+00	
 2.5178e+00	
 2.9341e+00	
 2.6540e+00	
 2.5499e+00	
 2.8335e+00	
 2.5052e+00	
 2.4513e+00	
 2.5934e+00	
 2.7517e+00	
 2.8110e+00	
 2.6835e+00	
 2.7523e+00	
 2.8945e+00	
 2.9685e+00	
 2.5832e+00	
 2.4585e+00	
 2.9101e+00	
 2.4793e+00	
 2.6262e+00	
 2.8206e+00	
 2.0858e+00	
 2.8756e+00	
 2.6041e+00	
 2.5584e+00	
 2.7904e+00	
 2.9950e+00	
 2.1998e+00	
 2.7071e+00	
 2.3579e+00	
 2.4592e+00	
 3.1132e+00	
 2.3532e+00	
 2.7013e+00	
 2.8218e+00	
 2.6754e+00	
 2.3363e+00	
 2.4578e+00	
 2.4509e+00	
 2.7011e+00	
 2.6793e+00	
 2.5354e+00	
 3.0674e+00	
 2.6384e+00	
 2.5386e+00	
 2.8052e+00	
 2.4969e+00	
 2.8518e+00	
 2.5304e+00	
 2.9448e+00	
 2.4987e+00	
 3.3497e+00	
 2.6318e+00	
 2.9647e+00	
 2.8314e+00	
 2.7491e+00	
 2.6554e+00	
 2.7023e+00	
 2.3177e+00	
 2.3401e+00	
 2.9562e+00	
 2.5545e+00	
 3.0024e+00	
 2.3950e+00	
 2.6782e+00	
 2.7259e+00	
 2.8169e+00	
 2.4819e+00	
 2.6955e+00	
 2.4865e+00	
 2.1357e+00	
 3.0899e+00	
 2.1876e+00	
 2.8573e+00	
 2.4093e+00	
 2.4985e+00	
 2.6653e+00	
 2.8136e+00	
 2.8686e+00	
 2.8656e+00	
 2.2604e+00	
 2.5894e+00	
 2.9018e+00	
 1.9891e+00	
 2.2440e+00	
 2.9003e+00	
 2.5679e+00	
 2.6502e+00	
 2.8093e+00	
 2.8182e+00	
 2.5850e+00	
 2.5296e+00	
 2.3309e+00	
 2.4071e+00	
 2.5747e+00	
 2.7414e+00	
 2.8216e+00	
 3.0179e+00	
 2.4829e+00	
 2.7090e+00	
 2.6631e+00	
 2.6008e+00	
 2.6219e+00	
 2.8033e+00	
 2.5162e+00	
 2.5233e+00	
 2.9308e+00	
 2.9171e+00	
 2.4012e+00	
 2.3808e+00	
 2.7233e+00	
 2.5734e+00	
 2.4469e+00	
 3.1046e+00	
 2.7044e+00	
 2.6631e+00	
 2.8962e+00	
 3.1062e+00	
 2.7220e+00	
 2.3213e+00	
 2.9364e+00	
 2.5698e+00	
 2.9838e+00	
 2.5022e+00	
 2.2684e+00	
 2.5367e+00	
 3.0550e+00	
 2.4526e+00	
 2.8563e+00	
 2.5208e+00	
 2.6067e+00	
 2.6107e+00	
 2.5299e+00	
 3.0797e+00	
 2.7256e+00	
 2.3549e+00	
 2.7314e+00	
 2.3554e+00	
 2.5883e+00	
 2.7288e+00	
 2.4389e+00	
 2.6283e+00	
 2.2235e+00	
 2.6487e+00	
 2.9738e+00	
 2.8588e+00	
 2.4290e+00	
 2.9059e+00	
 2.6020e+00	
 2.8287e+00	
 2.5654e+00	
 2.5480e+00	
 2.4868e+00	
 2.5750e+00	
 2.8396e+00	
 2.5916e+00	
 2.4427e+00	
 2.5684e+00	
 2.3787e+00	
 3.0141e+00	
 2.7454e+00	
 2.9992e+00	
 3.1227e+00	
 2.5691e+00	
 2.2298e+00	
 2.6839e+00	
 2.6317e+00	
 2.4798e+00	
 2.7816e+00	
 2.4242e+00	
 2.6240e+00	
 2.6883e+00	
 2.8246e+00	
 2.8177e+00	
 2.6057e+00	
 2.4744e+00	
 2.4141e+00	
 2.5553e+00	
 2.4443e+00	
 2.3397e+00	
 2.7175e+00	
 2.6160e+00	
 2.3401e+00	
 2.7304e+00	
 2.4831e+00	
 2.6184e+00	
 2.3540e+00	
 2.6290e+00	
 2.9408e+00	
 2.5654e+00	
 2.9163e+00	
 2.3163e+00	
 2.5410e+00	
 2.6330e+00	
 3.4209e+00	
 2.3771e+00	
 3.0470e+00	
 2.6373e+00	
 2.3638e+00	
 2.6912e+00	
 2.8481e+00	
 2.8511e+00	
 2.3154e+00	
 2.7098e+00	
 2.4394e+00	
 2.4867e+00	
 3.0401e+00	
 2.9196e+00	
 2.6884e+00	
 2.5320e+00	
 2.7355e+00	
 3.1476e+00	
 2.7775e+00	
 2.4939e+00	
 3.2908e+00	
 3.2127e+00	
 2.4865e+00	
 2.5333e+00	
 2.8549e+00	
 2.6724e+00	
 2.8510e+00	
 2.8152e+00	
 2.4638e+00	
 2.5463e+00	
 2.9066e+00	
 2.2916e+00	
 2.8323e+00	
 2.8700e+00	
 2.7607e+00	
 2.3898e+00	
 2.6514e+00	
 3.1243e+00	
 2.9669e+00	
 2.3387e+00	
 2.6427e+00	
 2.1955e+00	
 2.3408e+00	
 2.7698e+00	
 2.9207e+00	
 2.7809e+00	
 2.8814e+00	
 2.8598e+00	
 2.6003e+00	
 2.9182e+00	
 2.3429e+00	
 2.9914e+00	
 2.6500e+00	
 2.7667e+00	
 2.6815e+00	
 2.8581e+00	
 2.1983e+00	
 2.9170e+00	
 2.8305e+00	
 2.5499e+00	
 2.5676e+00	
 2.6010e+00	
 2.7962e+00	
 2.5727e+00	
 2.3766e+00	
 3.1383e+00	
 3.0784e+00	
 2.7049e+00	
 3.0006e+00	
 2.9537e+00	
 2.3152e+00	
 2.6297e+00	
 2.6663e+00	
 3.0142e+00	
 2.2825e+00	
 2.6843e+00	
 2.8545e+00	
 2.7130e+00	
 2.6756e+00	
 2.8969e+00	
 2.4842e+00	
 2.4010e+00	
 2.6837e+00	
 2.4177e+00	
 2.8297e+00	
 2.6099e+00	
 2.5985e+00	
 2.8016e+00	
 2.6171e+00	
 2.7170e+00	
 2.2252e+00	
 2.1233e+00	
 2.2390e+00	
 3.2044e+00	
 2.5055e+00	
 2.5460e+00	
 2.2926e+00	
 2.7962e+00	
 2.4956e+00	
 3.0047e+00	
 2.7892e+00	
 2.5601e+00	
 2.8367e+00	
 2.6768e+00	
 2.9565e+00	
 2.7872e+00	
 2.7375e+00	
 2.5649e+00	
 2.8601e+00	
 2.4534e+00	
 2.5333e+00	
 3.0052e+00	
 2.3703e+00	
 2.6099e+00	
 2.2493e+00	
 2.4841e+00	
 2.7630e+00	
 2.0677e+00	
 2.9293e+00	
 2.9041e+00	
 2.4248e+00	
 2.7332e+00	
 2.5220e+00	
 2.7850e+00	
 3.0242e+00	
 2.5680e+00	
 2.4819e+00	
 2.7257e+00	
 2.3630e+00	
 2.9597e+00	
 2.6644e+00	
 2.5638e+00	
 2.6791e+00	
 2.7997e+00	
 2.5919e+00	
 2.8781e+00	
 2.8244e+00	
 2.6574e+00	
 2.3064e+00	
 2.7477e+00	
 2.7618e+00	
 2.5668e+00	
 2.8018e+00	
 2.4132e+00	
 2.5553e+00	
 2.2541e+00	
 2.4539e+00	
 2.7636e+00	
 2.9881e+00	
 2.4793e+00	
 2.2945e+00	
 2.5953e+00	
 2.7058e+00	
 2.8614e+00	
 2.6503e+00	
 2.8492e+00	
 2.8156e+00	
 2.8898e+00	
 3.1251e+00	
 2.7841e+00	
 2.7334e+00	
 2.6345e+00	
 2.7469e+00	
 2.9158e+00	
 2.3002e+00	
 2.8272e+00	
 2.9260e+00	
 2.7778e+00	
 2.6046e+00	
 2.2340e+00	
 2.7063e+00	
 3.0655e+00	
 2.2939e+00	
 2.6408e+00	
 3.0045e+00	
 2.4172e+00	
 2.4747e+00	
 2.4588e+00	
 2.4042e+00	
 2.4603e+00	
 2.4571e+00	
 2.8268e+00	
 2.6904e+00	
 2.4920e+00	
 2.9491e+00	
 2.8340e+00	
 2.3205e+00	
 2.9994e+00	
 2.3648e+00	
 2.7588e+00	
 2.6318e+00	
 2.8784e+00	
 2.6828e+00	
 2.6860e+00	
 2.8582e+00	
 2.4400e+00	
 2.7717e+00	
 2.2008e+00	
 2.8808e+00	
 2.7038e+00	
 2.6044e+00	
 2.8764e+00	
 2.7765e+00	
 2.8864e+00	
 2.6530e+00	
 2.4794e+00	
 2.5063e+00	
 2.9462e+00	
 2.6876e+00	
 2.6188e+00	
 3.3201e+00	
 2.3545e+00	
 2.7392e+00	
 2.4879e+00	
 2.5436e+00	
 3.0159e+00	
 2.8313e+00	
 1.9653e+00	
 2.7755e+00	
 2.6461e+00	
 2.7953e+00	
 2.3040e+00	
 2.5033e+00	
 2.9436e+00	
 2.3816e+00	
 2.2021e+00	
 2.1188e+00	
 2.4288e+00	
 2.8019e+00	
 2.5869e+00	
 3.0305e+00	
 2.5785e+00	
 2.4682e+00	
 2.7119e+00	
 2.9012e+00	
 2.7119e+00	
 2.6553e+00	
 2.6477e+00	
 3.1620e+00	
 3.0960e+00	
 2.6721e+00	
 2.5868e+00	
 2.3829e+00	
 2.7853e+00	
 2.6118e+00	
 2.5476e+00	
 2.8878e+00	
 3.0549e+00	
 2.3772e+00	
 2.2979e+00	
 2.6791e+00	
 2.7870e+00	
 2.5768e+00	
 2.8154e+00	
 2.4668e+00	
 2.4867e+00	
 2.6640e+00	
 2.5366e+00	
 2.6574e+00	
 2.8048e+00	
 3.0111e+00	
 2.6972e+00	
 2.8731e+00	
 2.4976e+00	
 2.5624e+00	
 2.4272e+00	
 2.7179e+00	
 2.7513e+00	
 2.5091e+00	
 2.7767e+00	
 2.7482e+00	
 2.6203e+00	
 2.3176e+00	
 2.7684e+00	
 2.6363e+00	
 3.0281e+00	
 2.1499e+00	
 2.9692e+00	
 2.5592e+00	
 2.9531e+00	
 2.8021e+00	
 2.5235e+00	
 3.2721e+00	
 2.4646e+00	
 2.6255e+00	
 2.9205e+00	
 2.8030e+00	
 2.5690e+00	
 2.4977e+00	
 3.1736e+00	
 2.5263e+00	
 2.8677e+00	
 2.6866e+00	
 2.5925e+00	
 2.5482e+00	
 2.8570e+00	
 2.9810e+00	
 2.8785e+00	
 2.9800e+00	
 2.5746e+00	
 2.7692e+00	
 2.6601e+00	
 2.9607e+00	
 2.8018e+00	
 2.4513e+00	
 2.9094e+00	
 2.4457e+00	
 2.6975e+00	
 2.0478e+00	
 2.7823e+00	
 2.3466e+00	
 3.0411e+00	
 2.1124e+00	
 2.9561e+00	
 2.2901e+00	
 2.3654e+00	
 2.6018e+00	
 2.5811e+00	
 1.9886e+00	
 2.6928e+00	
 2.9202e+00	
 2.5412e+00	
 3.1585e+00	
 2.4689e+00	
 2.6848e+00	
 2.8513e+00	
 2.2765e+00	
 2.9442e+00	
 2.3063e+00	
 2.6427e+00	
 2.6144e+00	
 2.7342e+00	
 2.3384e+00	
 2.1551e+00	
 2.5414e+00	
 2.6046e+00	
 2.6849e+00	
 2.5008e+00	
 2.7095e+00	
 2.8657e+00	
 2.7514e+00	
 2.9250e+00	
 2.5080e+00	
 2.5829e+00	
 2.6007e+00	
 2.3562e+00	
 3.1469e+00	
 2.6433e+00	
 2.4457e+00	
 2.7979e+00	
 2.3082e+00	
 2.3907e+00	
 2.8147e+00	
 2.6484e+00	
 2.4203e+00	
 3.1581e+00	
 2.2720e+00	
 2.6962e+00	
 2.3669e+00	
 2.4560e+00	
 2.5675e+00	
 2.4213e+00	
 2.5618e+00	
 2.1302e+00	
 2.7925e+00	
 2.3678e+00	
 2.5838e+00	
 2.8490e+00	
 2.1517e+00	
 2.7305e+00	
 2.6105e+00	
 3.2831e+00	
 2.6874e+00	
 2.5366e+00	
 2.4347e+00	
 2.4442e+00	
 2.2653e+00	
 2.4230e+00	
 2.3067e+00	
 2.6304e+00	
 2.5598e+00	
 3.1340e+00	
 2.4608e+00	
 2.5992e+00	
 2.3647e+00	
 2.6122e+00	
 2.6352e+00	
 2.8037e+00	
 2.8744e+00	
 2.8130e+00	
 2.4764e+00	
 2.5125e+00	
 3.0417e+00	
 2.5207e+00	
 2.5148e+00	
 2.6739e+00	
 3.1476e+00	
 2.5758e+00	
 2.4072e+00	
 2.1280e+00	
 2.6859e+00	
 2.2925e+00	
 2.4114e+00	
 2.5952e+00	
 2.9131e+00	
 2.8662e+00	
 2.3547e+00	
 2.7755e+00	
 2.7327e+00	
 2.4712e+00	
 2.5948e+00	
 2.3885e+00	
 2.7607e+00	
 2.5662e+00	
 3.0361e+00	
 2.4422e+00	
 2.7483e+00	
 2.7785e+00	
 2.6784e+00	
 2.8916e+00	
 2.5697e+00	
 3.0047e+00	
 2.2653e+00	
 3.1259e+00	
 2.7370e+00	
 2.0436e+00	
 2.9228e+00	
 2.4999e+00	
 2.7749e+00	
 2.7503e+00	
 2.5753e+00	
 2.5371e+00	
 2.5803e+00	
 2.3979e+00	
 2.2575e+00	
 2.8498e+00	
 2.6774e+00	
 2.5918e+00	
 2.5647e+00	
 2.7973e+00	
 2.8645e+00	
 2.3103e+00	
 2.6935e+00	
 2.7872e+00	
 3.0558e+00	
 2.3588e+00	
 2.8895e+00	
 2.6846e+00	
 2.2005e+00	
 2.7789e+00	
 2.3921e+00	
 2.8546e+00	
 2.7755e+00	
 2.4162e+00	
 3.0518e+00	
 3.3286e+00	
 2.5338e+00	
 2.5496e+00	
 2.3510e+00	
 2.6020e+00	
 2.7894e+00	
 2.5936e+00	
 2.5680e+00	
 2.6460e+00	
 2.4876e+00	
 2.2422e+00	
 2.6356e+00	
 2.6822e+00	
 2.8088e+00	
 2.3762e+00	
 2.5185e+00	
 2.6516e+00	
 2.4074e+00	
 2.2955e+00	
 3.1372e+00	
 2.2653e+00	
 2.5649e+00	
 2.8680e+00	
 2.3260e+00	
 2.0799e+00	
 2.5110e+00	
 2.3575e+00	
 2.4303e+00	
 2.4331e+00	
 2.4365e+00	
 2.8515e+00	
 2.6052e+00	
 2.5516e+00	
 2.3442e+00	
 2.4729e+00	
 2.6273e+00	
 2.9005e+00	
 2.1141e+00	
 2.3675e+00	
 2.3446e+00	
 2.0947e+00	
 2.6065e+00	
 2.2378e+00	
 3.1380e+00	
 2.6450e+00	
 2.7942e+00	
 2.4582e+00	
 2.8162e+00	
 2.4236e+00	
 2.7181e+00	
 3.1822e+00	
 2.7321e+00	
 2.4825e+00	
 2.7778e+00	
 2.5670e+00	
 2.5696e+00	
 2.5013e+00	
 2.5064e+00	
 2.8134e+00	
 2.9611e+00	
 2.4975e+00	
 2.6469e+00	
 3.0233e+00	
 2.7580e+00	
 2.7211e+00	
 2.2798e+00	
 2.5094e+00	
 2.4786e+00	
 2.8488e+00	
 2.8213e+00	
 2.8160e+00	
 3.2959e+00	
 2.1285e+00	
 2.6185e+00	
 2.2481e+00	
 2.6556e+00	
 2.8277e+00	
 2.7905e+00	
 2.7900e+00	
 2.9079e+00	
 1.8697e+00	
 1.8233e+00	
 1.6743e+00	
 1.9055e+00	
 1.7062e+00	
 1.5699e+00	
 1.3049e+00	
 1.9248e+00	
 1.7451e+00	
 1.4243e+00	
 1.5216e+00	
 1.8015e+00	
 1.5449e+00	
 1.8607e+00	
 1.7311e+00	
 1.6284e+00	
 1.4031e+00	
 1.4633e+00	
 1.4184e+00	
 1.8269e+00	
 1.2898e+00	
 1.9960e+00	
 1.8248e+00	
 1.6348e+00	
 1.8240e+00	
 1.9023e+00	
 1.9274e+00	
 2.0303e+00	
 1.5030e+00	
 1.8634e+00	
 1.6047e+00	
 1.8757e+00	
 1.6856e+00	
 1.9429e+00	
 1.5354e+00	
 1.5728e+00	
 1.8884e+00	
 1.7366e+00	
 1.7167e+00	
 1.5002e+00	
 1.8809e+00	
 1.8189e+00	
 1.4980e+00	
 1.8856e+00	
 1.7363e+00	
 1.8913e+00	
 1.6074e+00	
 1.7084e+00	
 1.5999e+00	
 1.4891e+00	
 1.3306e+00	
 1.3095e+00	
 1.5465e+00	
 1.4489e+00	
 1.9181e+00	
 1.4449e+00	
 1.6900e+00	
 1.6557e+00	
 1.4993e+00	
 1.1634e+00	
 1.5288e+00	
 1.7654e+00	
 1.5684e+00	
 1.5871e+00	
 1.8485e+00	
 1.4653e+00	
 1.8444e+00	
 1.4478e+00	
 1.6887e+00	
 1.3540e+00	
 1.8397e+00	
 1.6284e+00	
 1.6064e+00	
 1.7665e+00	
 1.5442e+00	
 1.5133e+00	
 1.4805e+00	
 1.4282e+00	
 1.5231e+00	
 1.8590e+00	
 1.6627e+00	
 1.8536e+00	
 1.7632e+00	
 2.0634e+00	
 1.9292e+00	
 1.5358e+00	
 1.4281e+00	
 1.6738e+00	
 1.6683e+00	
 1.6865e+00	
 1.5876e+00	
 1.4566e+00	
 1.9316e+00	
 1.6740e+00	
 1.7357e+00	
 1.5945e+00	
 1.6183e+00	
 1.8361e+00	
 1.7256e+00	
 1.6779e+00	
 1.9081e+00	
 1.1506e+00	
 1.8529e+00	
 1.7374e+00	
 1.6377e+00	
 1.8689e+00	
 1.3726e+00	
 1.5363e+00	
 1.4394e+00	
 1.3742e+00	
 1.8462e+00	
 1.7513e+00	
 1.9753e+00	
 1.8649e+00	
 1.4819e+00	
 1.8728e+00	
 1.5234e+00	
 1.4188e+00	
 1.6631e+00	
 2.0279e+00	
 1.7908e+00	
 1.4934e+00	
 1.6719e+00	
 1.7151e+00	
 1.8231e+00	
 1.6468e+00	
 1.6641e+00	
 1.6774e+00	
 1.9154e+00	
 2.0638e+00	
 1.9805e+00	
 1.4688e+00	
 1.2752e+00	
 1.9053e+00	
 1.8551e+00	
 1.8002e+00	
 1.5283e+00	
 1.5946e+00	
 1.2545e+00	
 1.6936e+00	
 1.6052e+00	
 1.7313e+00	
 1.7960e+00	
 1.3928e+00	
 1.4639e+00	
 1.6433e+00	
 1.6373e+00	
 2.0417e+00	
 2.0870e+00	
 1.4877e+00	
 1.7959e+00	
 1.4558e+00	
 1.5581e+00	
 1.8562e+00	
 1.6541e+00	
 1.3467e+00	
 1.6518e+00	
 2.0002e+00	
 1.8347e+00	
 2.1041e+00	
 1.8927e+00	
 1.4287e+00	
 2.0455e+00	
 1.5211e+00	
 1.8285e+00	
 1.8936e+00	
 1.8617e+00	
 1.6524e+00	
 1.5905e+00	
 1.9172e+00	
 1.9847e+00	
 1.2057e+00	
 1.3876e+00	
 1.5034e+00	
 1.7856e+00	
 1.5950e+00	
 1.4407e+00	
 1.4615e+00	
 1.5073e+00	
 1.4549e+00	
 1.9210e+00	
 1.2985e+00	
 1.6499e+00	
 2.0079e+00	
 1.5662e+00	
 1.5206e+00	
 1.6519e+00	
 1.5869e+00	
 1.9420e+00	
 2.0680e+00	
 1.8180e+00	
 1.9193e+00	
 1.2624e+00	
 1.7890e+00	
 1.6116e+00	
 1.6696e+00	
 1.6428e+00	
 1.7205e+00	
 1.7474e+00	
 1.9931e+00	
 1.5654e+00	
 1.7315e+00	
 1.1921e+00	
 1.7590e+00	
 1.8297e+00	
 1.7041e+00	
 1.5360e+00	
 1.8608e+00	
 1.8285e+00	
 1.9897e+00	
 2.0690e+00	
 2.0231e+00	
 1.6992e+00	
 2.3817e+00	
 1.9131e+00	
 1.8279e+00	
 1.7928e+00	
 1.4796e+00	
 1.7743e+00	
 1.5110e+00	
 1.8148e+00	
 1.8412e+00	
 1.9156e+00	
 1.6523e+00	
 1.7267e+00	
 1.5300e+00	
 1.6139e+00	
 1.7089e+00	
 1.6106e+00	
 1.8894e+00	
 1.6921e+00	
 1.7391e+00	
 1.9369e+00	
 1.7679e+00	
 1.6802e+00	
 1.6970e+00	
 1.5888e+00	
 1.3598e+00	
 1.3114e+00	
 1.6468e+00	
 1.6111e+00	
 1.5225e+00	
 1.8665e+00	
 1.5239e+00	
 1.6834e+00	
 1.9531e+00	
 1.8533e+00	
 1.3698e+00	
 1.6411e+00	
 1.7785e+00	
 1.7627e+00	
 1.0734e+00	
 1.7168e+00	
 1.7603e+00	
 1.9047e+00	
 1.2710e+00	
 1.6776e+00	
 1.4932e+00	
 1.8442e+00	
 1.3717e+00	
 1.8141e+00	
 1.6851e+00	
 2.1252e+00	
 1.9023e+00	
 1.2230e+00	
 1.3663e+00	
 1.9774e+00	
 1.9230e+00	
 1.5418e+00	
 1.9253e+00	
 1.4272e+00	
 1.9743e+00	
 1.3856e+00	
 1.5909e+00	
 1.2426e+00	
 1.6429e+00	
 2.1857e+00	
 1.7612e+00	
 1.4588e+00	
 1.5391e+00	
 1.3806e+00	
 1.5495e+00	
 1.7415e+00	
 2.0817e+00	
 1.7903e+00	
 1.7103e+00	
 2.0710e+00	
 1.6030e+00	
 1.6054e+00	
 1.7988e+00	
 1.4841e+00	
 1.3612e+00	
 1.7779e+00	
 1.4943e+00	
 2.0664e+00	
 2.0369e+00	
 1.6022e+00	
 1.5210e+00	
 1.5058e+00	
 1.5918e+00	
 1.8434e+00	
 1.8678e+00	
 1.5590e+00	
 1.8296e+00	
 1.3642e+00	
 1.5391e+00	
 1.7553e+00	
 1.9456e+00	
 1.9606e+00	
 2.0256e+00	
 1.4530e+00	
 1.4941e+00	
 1.6218e+00	
 1.8525e+00	
 1.7450e+00	
 2.2203e+00	
 1.9715e+00	
 1.6258e+00	
 1.7431e+00	
 1.4754e+00	
 1.6090e+00	
 1.4360e+00	
 1.6699e+00	
 1.7741e+00	
 1.3907e+00	
 1.4269e+00	
 1.7891e+00	
 1.5377e+00	
 1.7389e+00	
 1.7296e+00	
 2.1092e+00	
 1.7292e+00	
 1.8646e+00	
 1.7360e+00	
 1.5085e+00	
 1.6294e+00	
 1.7618e+00	
 1.6887e+00	
 1.7173e+00	
 1.7527e+00	
 2.0302e+00	
 1.7356e+00	
 1.5017e+00	
 1.6738e+00	
 1.6320e+00	
 1.9690e+00	
 1.9931e+00	
 1.8771e+00	
 1.7014e+00	
 1.8018e+00	
 1.4799e+00	
 1.9413e+00	
 1.4632e+00	
 1.7580e+00	
 1.7893e+00	
 1.5797e+00	
 1.5453e+00	
 2.0591e+00	
 1.8900e+00	
 1.5804e+00	
 1.9032e+00	
 1.9751e+00	
 1.7555e+00	
 1.5882e+00	
 1.6871e+00	
 2.5245e+00	
 1.5200e+00	
 1.9013e+00	
 1.7439e+00	
 1.7084e+00	
 1.6564e+00	
 1.4602e+00	
 1.8699e+00	
 1.9251e+00	
 2.1607e+00	
 1.8602e+00	
 1.8357e+00	
 1.8139e+00	
 1.8741e+00	
 1.3199e+00	
 1.8187e+00	
 1.6701e+00	
 1.5534e+00	
 1.6952e+00	
 1.4197e+00	
 1.6168e+00	
 1.7917e+00	
 1.5945e+00	
 1.6294e+00	
 2.0203e+00	
 1.6399e+00	
 1.7911e+00	
 1.5128e+00	
 1.4233e+00	
 1.7233e+00	
 2.2244e+00	
 1.5366e+00	
 1.7483e+00	
 1.5490e+00	
 2.1200e+00	
 1.5426e+00	
 2.1828e+00	
 1.3557e+00	
 1.4586e+00	
 1.9125e+00	
 1.6911e+00	
 2.0456e+00	
 1.6422e+00	
 1.9274e+00	
 1.9819e+00	
 1.5811e+00	
 2.0142e+00	
 1.6339e+00	
 1.7524e+00	
 1.4613e+00	
 1.8607e+00	
 1.8087e+00	
 1.4352e+00	
 1.7851e+00	
 1.9682e+00	
 2.2317e+00	
 1.8180e+00	
 1.4515e+00	
 1.6581e+00	
 2.0230e+00	
 1.7958e+00	
 2.0311e+00	
 1.5344e+00	
 2.0666e+00	
 1.6756e+00	
 1.7960e+00	
 1.9297e+00	
 1.7819e+00	
 2.0825e+00	
 1.4484e+00	
 2.1417e+00	
 1.9861e+00	
 1.5634e+00	
 1.9813e+00	
 1.7028e+00	
 1.7317e+00	
 1.5631e+00	
 1.8263e+00	
 1.8677e+00	
 1.6846e+00	
 1.5697e+00	
 1.9951e+00	
 1.6885e+00	
 1.6990e+00	
 1.5493e+00	
 1.8355e+00	
 1.5384e+00	
 2.0921e+00	
 1.6084e+00	
 1.8255e+00	
 1.9025e+00	
 1.9836e+00	
 1.8264e+00	
 1.4424e+00	
 1.5162e+00	
 1.7090e+00	
 1.9722e+00	
 2.2233e+00	
 1.6850e+00	
 2.2556e+00	
 1.5345e+00	
 1.7935e+00	
 1.6412e+00	
 1.8189e+00	
 1.8839e+00	
 1.9070e+00	
 1.6878e+00	
 2.0589e+00	
 1.8529e+00	
 1.8435e+00	
 1.6836e+00	
 1.9797e+00	
 1.8497e+00	
 1.9726e+00	
 1.4618e+00	
 1.8229e+00	
 1.5809e+00	
 1.8959e+00	
 1.6190e+00	
 1.6548e+00	
 1.7591e+00	
 2.1263e+00	
 1.6707e+00	
 1.4651e+00	
 1.5213e+00	
 1.9676e+00	
 1.9635e+00	
 1.8638e+00	
 1.5369e+00	
 1.9234e+00	
 1.8743e+00	
 2.0048e+00	
 1.6726e+00	
 1.5592e+00	
 1.3131e+00	
 1.9814e+00	
 2.1523e+00	
 1.4984e+00	
 1.5210e+00	
 1.1974e+00	
 1.7483e+00	
 1.9250e+00	
 1.7609e+00	
 1.8418e+00	
 2.1934e+00	
 1.7486e+00	
 1.6003e+00	
 1.2532e+00	
 1.5499e+00	
 1.8443e+00	
 1.8846e+00	
 1.8241e+00	
 1.6514e+00	
 1.6173e+00	
 1.9450e+00	
 2.0070e+00	
 1.6606e+00	
 1.3623e+00	
 1.5228e+00	
 1.5259e+00	
 1.9765e+00	
 1.4711e+00	
 1.9899e+00	
 1.4082e+00	
 1.9344e+00	
 2.1465e+00	
 2.1378e+00	
 2.0454e+00	
 1.9495e+00	
 1.5274e+00	
 1.8526e+00	
 1.6085e+00	
 1.8118e+00	
 1.7244e+00	
 1.7408e+00	
 1.7280e+00	
 1.6692e+00	
 2.0001e+00	
 1.6929e+00	
 2.0359e+00	
 2.1165e+00	
 1.3689e+00	
 1.8304e+00	
 1.9825e+00	
 1.5831e+00	
 1.6835e+00	
 1.6955e+00	
 1.7136e+00	
 1.7535e+00	
 2.1848e+00	
 1.7892e+00	
 2.0733e+00	
 1.6368e+00	
 1.8078e+00	
 2.0735e+00	
 1.4290e+00	
 1.6736e+00	
 1.6088e+00	
 1.8092e+00	
 2.0189e+00	
 1.7999e+00	
 1.3810e+00	
 1.9446e+00	
 1.7950e+00	
 1.9433e+00	
 1.6957e+00	
 1.9381e+00	
 1.5249e+00	
 1.6958e+00	
 1.7840e+00	
 1.9268e+00	
 1.8511e+00	
 1.5928e+00	
 1.7222e+00	
 2.1778e+00	
 1.9141e+00	
 2.0079e+00	
 2.3077e+00	
 2.1365e+00	
 1.7676e+00	
 1.6680e+00	
 2.0515e+00	
 1.8968e+00	
 1.6265e+00	
 2.0403e+00	
 1.9132e+00	
 1.9181e+00	
 2.2087e+00	
 1.9155e+00	
 1.5654e+00	
 1.6686e+00	
 1.6003e+00	
 1.3673e+00	
 1.7920e+00	
 1.8808e+00	
 1.8935e+00	
 1.8870e+00	
 2.0649e+00	
 1.8987e+00	
 1.8284e+00	
 1.8193e+00	
 1.8884e+00	
 1.6338e+00	
 1.5723e+00	
 1.5437e+00	
 2.2822e+00	
 1.6267e+00	
 1.9221e+00	
 1.2919e+00	
 1.5470e+00	
 1.9075e+00	
 1.7540e+00	
 1.7710e+00	
 1.8298e+00	
 2.0340e+00	
 2.0249e+00	
 1.8845e+00	
 2.1104e+00	
 1.9116e+00	
 2.0536e+00	
 2.0152e+00	
 1.6056e+00	
 2.0697e+00	
 2.0896e+00	
 1.8857e+00	
 1.9403e+00	
 1.3775e+00	
 1.7058e+00	
 1.6294e+00	
 2.0100e+00	
 2.0855e+00	
 1.8652e+00	
 1.7491e+00	
 1.6829e+00	
 2.1946e+00	
 2.1268e+00	
 1.7789e+00	
 1.5560e+00	
 1.8430e+00	
 2.2478e+00	
 2.3131e+00	
 1.7782e+00	
 1.9235e+00	
 1.8214e+00	
 1.7615e+00	
 1.7383e+00	
 1.9822e+00	
 1.9748e+00	
 1.8339e+00	
 2.1042e+00	
 1.2572e+00	
 1.7938e+00	
 2.3873e+00	
 1.6673e+00	
 2.0436e+00	
 1.3496e+00	
 1.6229e+00	
 1.7636e+00	
 2.1871e+00	
 1.8013e+00	
 1.9748e+00	
 1.7437e+00	
 1.6746e+00	
 1.6610e+00	
 1.4346e+00	
 1.9375e+00	
 1.8064e+00	
 1.6108e+00	
 1.9790e+00	
 2.1198e+00	
 1.7161e+00	
 1.7516e+00	
 2.0437e+00	
 1.5647e+00	
 1.6043e+00	
 1.7645e+00	
 1.7297e+00	
 1.7295e+00	
 1.6805e+00	
 1.6377e+00	
 2.2414e+00	
 1.8299e+00	
 1.6264e+00	
 1.5077e+00	
 1.5455e+00	
 1.8985e+00	
 1.6926e+00	
 1.6004e+00	
 1.5766e+00	
 1.6189e+00	
 1.9865e+00	
 1.6738e+00	
 1.8833e+00	
 1.5254e+00	
 1.3970e+00	
 1.6840e+00	
 2.3594e+00	
 1.9214e+00	
 1.8581e+00	
 1.3094e+00	
 1.8071e+00	
 1.8990e+00	
 1.7356e+00	
 1.7403e+00	
 1.8293e+00	
 1.6907e+00	
 1.6868e+00	
 1.7503e+00	
 1.7569e+00	
 1.7594e+00	
 1.9186e+00	
 1.8953e+00	
 2.0727e+00	
 2.0241e+00	
 1.7836e+00	
 1.6450e+00	
 1.6993e+00	
 1.6772e+00	
 1.9576e+00	
 2.1317e+00	
 1.5079e+00	
 1.5793e+00	
 1.8064e+00	
 1.8645e+00	
 1.6323e+00	
 2.0166e+00	
 1.8313e+00	
 1.9504e+00	
 1.6807e+00	
 1.7536e+00	
 2.3361e+00	
 2.0558e+00	
 2.1501e+00	
 1.6337e+00	
 1.4647e+00	
 1.9058e+00	
 2.4445e+00	
 1.8040e+00	
 1.6740e+00	
 1.7415e+00	
 1.9517e+00	
 1.6563e+00	
 1.8255e+00	
 1.8896e+00	
 1.6853e+00	
 1.9336e+00	
 1.7242e+00	
 2.0483e+00	
 1.6724e+00	
 1.7959e+00	
 1.9906e+00	
 2.1397e+00	
 1.7663e+00	
 1.8357e+00	
 1.9237e+00	
 2.2044e+00	
 1.9240e+00	
 1.7144e+00	
 2.0216e+00	
 1.4471e+00	
 2.1655e+00	
 1.6584e+00	
 1.7205e+00	
 2.2012e+00	
 1.9882e+00	
 1.8768e+00	
 1.9473e+00	
 2.3514e+00	
 2.1710e+00	
 1.8477e+00	
 1.8712e+00	
 1.6410e+00	
 2.0182e+00	
 1.6110e+00	
 2.0722e+00	
 1.5493e+00	
 1.3524e+00	
 1.8748e+00	
 1.9212e+00	
 1.4339e+00	
 1.7841e+00	
 1.9165e+00	
 1.9468e+00	
 1.9209e+00	
 1.5183e+00	
 1.7733e+00	
 1.8374e+00	
 1.6995e+00	
 1.8281e+00	
 2.1103e+00	
 1.5511e+00	
 1.8465e+00	
 1.9584e+00	
 1.6968e+00	
 1.9183e+00	
 1.6517e+00	
 2.0928e+00	
 2.0603e+00	
 1.5467e+00	
 1.9985e+00	
 2.1568e+00	
 1.6883e+00	
 1.3276e+00	
 1.6261e+00	
 1.6393e+00	
 1.6238e+00	
 1.5290e+00	
 2.1876e+00	
 1.8806e+00	
 2.3040e+00	
 1.9970e+00	
 2.1810e+00	
 1.7086e+00	
 1.6003e+00	
 1.7736e+00	
 1.6983e+00	
 2.3058e+00	
 2.2905e+00	
 1.9724e+00	
 1.9515e+00	
 1.8322e+00	
 2.4255e+00	
 2.3284e+00	
 1.6163e+00	
 1.7600e+00	
 1.9312e+00	
 2.2277e+00	
 1.8004e+00	
 1.7235e+00	
 1.6281e+00	
 1.7031e+00	
 1.9275e+00	
 2.0033e+00	
 2.0472e+00	
 1.3776e+00	
 2.0407e+00	
 1.8391e+00	
 2.0559e+00	
 1.9557e+00	
 1.7995e+00	
 1.7696e+00	
 2.3590e+00	
 1.9529e+00	
 2.0075e+00	
 1.8640e+00	
 1.8704e+00	
 1.8694e+00	
 2.6384e+00	
 1.7614e+00	
 1.6485e+00	
 1.8568e+00	
 2.1328e+00	
 1.9068e+00	
 2.1910e+00	
 1.8317e+00	
 1.7247e+00	
 1.8018e+00	
 1.4758e+00	
 1.4656e+00	
 1.7083e+00	
 1.8127e+00	
 2.0015e+00	
 2.1464e+00	
 1.9594e+00	
 2.0288e+00	
 1.4997e+00	
 1.8592e+00	
 2.0392e+00	
 2.0610e+00	
 1.5700e+00	
 1.7729e+00	
 1.9060e+00	
 1.7566e+00	
 1.8721e+00	
 1.9397e+00	
 1.8339e+00	
 1.5687e+00	
 1.6886e+00	
 2.3051e+00	
 1.8572e+00	
 1.5143e+00	
 2.3150e+00	
 1.7781e+00	
 1.8090e+00	
 2.0229e+00	
 1.6216e+00	
 1.9570e+00	
 1.8661e+00	
 1.9240e+00	
 1.9019e+00	
 1.7256e+00	
 1.6686e+00	
 2.1065e+00	
 2.2527e+00	
 2.2054e+00	
 1.7198e+00	
 2.2287e+00	
 1.7391e+00	
 1.6960e+00	
 1.7250e+00	
 1.6319e+00	
 1.8272e+00	
 1.8565e+00	
 1.9471e+00	
 1.7776e+00	
 1.3721e+00	
 2.1356e+00	
 1.9465e+00	
 1.9454e+00	
 1.9770e+00	
 2.0265e+00	
 2.1990e+00	
 1.6728e+00	
 1.9123e+00	
 2.0121e+00	
 2.0924e+00	
 2.0285e+00	
 2.0395e+00	
 1.4568e+00	
 1.8273e+00	
 1.9313e+00	
 1.9182e+00	
 1.6932e+00	
 1.6608e+00	
 1.7152e+00	
 1.9266e+00	
 2.1983e+00	
 1.9199e+00	
 1.7389e+00	
 1.7064e+00	
 2.0270e+00	
 1.8743e+00	
 2.4320e+00	
 1.9398e+00	
 2.4029e+00	
 2.1045e+00	
 1.9028e+00	
 1.9384e+00	
 1.9996e+00	
 2.3306e+00	
 1.7994e+00	
 2.1716e+00	
 2.1250e+00	
 2.0221e+00	
 2.0139e+00	
 1.8418e+00	
 1.9486e+00	
 1.7986e+00	
 1.8116e+00	
 1.6721e+00	
 2.2037e+00	
 2.0473e+00	
 2.2046e+00	
 1.6667e+00	
 1.9617e+00	
 1.8194e+00	
 1.9196e+00	
 1.8919e+00	
 1.9605e+00	
 1.8201e+00	
 2.0769e+00	
 1.9504e+00	
 2.1713e+00	
 2.2345e+00	
 1.9606e+00	
 2.0025e+00	
 2.2422e+00	
 1.9547e+00	
 2.1296e+00	
 1.6318e+00	
 1.8799e+00	
 1.8486e+00	
 1.9182e+00	
 1.4994e+00	
 1.7965e+00	
 2.1558e+00	
 2.2791e+00	
 2.0776e+00	
 1.7799e+00	
 1.8718e+00	
 1.9041e+00	
 1.9617e+00	
 2.0023e+00	
 1.9559e+00	
 2.1322e+00	
 1.9798e+00	
 2.1713e+00	
 2.1391e+00	
 2.6137e+00	
 2.1201e+00	
 2.1880e+00	
 2.1026e+00	
 2.4833e+00	
 1.6388e+00	
 1.8685e+00	
 2.2349e+00	
 2.0828e+00	
 1.7153e+00	
 2.3326e+00	
 1.4206e+00	
 1.7618e+00	
 2.3884e+00	
 2.4345e+00	
 1.7817e+00	
 1.3163e+00	
 1.9487e+00	
 1.8640e+00	
 1.7380e+00	
 2.0710e+00	
 1.9187e+00	
 1.5554e+00	
 2.0445e+00	
 1.9871e+00	
 1.5684e+00	
 1.9496e+00	
 2.2157e+00	
 1.9353e+00	
 2.6802e+00	
 1.8347e+00	
 1.9466e+00	
 2.0245e+00	
 1.6846e+00	
 1.9703e+00	
 1.5828e+00	
 1.9538e+00	
 1.7774e+00	
 1.8089e+00	
 2.0331e+00	
 1.8390e+00	
 2.2977e+00	
 1.9416e+00	
 2.0959e+00	
 2.0122e+00	
 1.6911e+00	
 1.6486e+00	
 1.8899e+00	
 1.7176e+00	
 1.7534e+00	
 2.0827e+00	
 1.5028e+00	
 1.9365e+00	
 1.6587e+00	
 1.8922e+00	
 2.3262e+00	
 2.2724e+00	
 2.1374e+00	
 1.8498e+00	
 1.8780e+00	
 2.1548e+00	
 2.4435e+00	
 2.3904e+00	
 2.1920e+00	
 1.6728e+00	
 2.1451e+00	
 1.9252e+00	
 2.1841e+00	
 1.7404e+00	
 1.9436e+00	
 2.6010e+00	
 1.8573e+00	
 2.1392e+00	
 1.8002e+00	
 2.1776e+00	
 1.9971e+00	
 1.7014e+00	
 2.1216e+00	
 1.5623e+00	
 2.0932e+00	
 2.0630e+00	
 1.9275e+00	
 1.4485e+00	
 1.9387e+00	
 1.9091e+00	
 2.2015e+00	
 1.7607e+00	
 2.1144e+00	
 2.1483e+00	
 1.6968e+00	
 1.9434e+00	
 2.0369e+00	
 2.0602e+00	
 1.9825e+00	
 2.2052e+00	
 1.6887e+00	
 2.0082e+00	
 2.2713e+00	
 2.1675e+00	
 2.1281e+00	
 1.8529e+00	
 2.1734e+00	
 2.1814e+00	
 1.5859e+00	
 1.9822e+00	
 2.1281e+00	
 1.8866e+00	
 1.8447e+00	
 2.0520e+00	
 1.7719e+00	
 1.9309e+00	
 1.7759e+00	
 1.5352e+00	
 2.3378e+00	
 1.6068e+00	
 2.5780e+00	
 2.4228e+00	
 2.2493e+00	
 1.9102e+00	
 1.6256e+00	
 2.2301e+00	
 1.9640e+00	
 1.9968e+00	
 1.4480e+00	
 1.9650e+00	
 2.0998e+00	
 1.8536e+00	
 2.2781e+00	
 1.3315e+00	
 2.0937e+00	
 1.7928e+00	
 1.6986e+00	
 1.4903e+00	
 1.9830e+00	
 2.2368e+00	
 1.4592e+00	
 1.8749e+00	
 2.2299e+00	
 2.2019e+00	
 2.1157e+00	
 2.0610e+00	
 1.7407e+00	
 1.8085e+00	
 1.8554e+00	
 2.2863e+00	
 1.7033e+00	
 2.1582e+00	
 1.7944e+00	
 2.1584e+00	
 1.6555e+00	
 1.8538e+00	
 1.9908e+00	
 1.9313e+00	
 1.4528e+00	
 1.9283e+00	
 1.9383e+00	
 1.7009e+00	
 1.9293e+00	
 2.1324e+00	
 2.0030e+00	
 1.5682e+00	
 1.6932e+00	
 2.1751e+00	
 2.2614e+00	
 1.9113e+00	
 1.7541e+00	
 1.6090e+00	
 1.7835e+00	
 1.8258e+00	
 2.2423e+00	
 1.6314e+00	
 1.9357e+00	
 1.9687e+00	
 2.2503e+00	
 2.1488e+00	
 2.1362e+00	
 1.5005e+00	
 1.7385e+00	
 2.2197e+00	
 1.8560e+00	
 1.7583e+00	
 2.3565e+00	
 2.1370e+00	
 1.5933e+00	
 1.6530e+00	
 2.2914e+00	
 2.1638e+00	
 1.7219e+00	
 1.9646e+00	
 1.7138e+00	
 2.1218e+00	
 1.9127e+00	
 2.0157e+00	
 1.7346e+00	
 2.0928e+00	
 1.8345e+00	
 2.4217e+00	
 2.2146e+00	
 1.9428e+00	
 2.1136e+00	
 2.1582e+00	
 1.9357e+00	
 1.8601e+00	
 1.6828e+00	
 1.5965e+00	
 1.3747e+00	
 2.2403e+00	
 2.1408e+00	
 2.1197e+00	
 2.0242e+00	
 1.3674e+00	
 1.8971e+00	
 1.7567e+00	
 9.1066e-01	
 8.2347e-01	
 8.1014e-01	
 9.1972e-01	
 8.2666e-01	
 8.5619e-01	
 1.0880e+00	
 6.6721e-01	
 5.4943e-01	
 8.3862e-01	
 6.2497e-01	
 4.6094e-01	
 9.1707e-01	
 7.4840e-01	
 8.6989e-01	
 6.7502e-01	
 9.1465e-01	
 5.0907e-01	
 1.0392e+00	
 5.7241e-01	
 6.9189e-01	
 8.4972e-01	
 8.8934e-01	
 6.7768e-01	
 6.5227e-01	
 8.2999e-01	
 6.5470e-01	
 4.8275e-01	
 7.4524e-01	
 7.9270e-01	
 7.3364e-01	
 7.3652e-01	
 6.0708e-01	
 9.5110e-01	
 4.0944e-01	
 1.0352e+00	
 7.5290e-01	
 6.7709e-01	
 8.5745e-01	
 7.7940e-01	
 8.4027e-01	
 6.9815e-01	
 6.9713e-01	
 7.9526e-01	
 9.3268e-01	
 8.6306e-01	
 1.0417e+00	
 7.0974e-01	
 6.5857e-01	
 9.2067e-01	
 8.6195e-01	
 4.9935e-01	
 9.1614e-01	
 8.1387e-01	
 1.0256e+00	
 8.6436e-01	
 5.8075e-01	
 8.7671e-01	
 7.7909e-01	
 7.9646e-01	
 5.6912e-01	
 8.2367e-01	
 8.6829e-01	
 5.1488e-01	
 5.9638e-01	
 7.5125e-01	
 8.5648e-01	
 8.7061e-01	
 6.8612e-01	
 9.7614e-01	
 1.0439e+00	
 6.8991e-01	
 1.0634e+00	
 6.7454e-01	
 6.8601e-01	
 8.5614e-01	
 6.9914e-01	
 6.9924e-01	
 9.7618e-01	
 5.3790e-01	
 5.8431e-01	
 6.5449e-01	
 6.7816e-01	
 6.8778e-01	
 9.4193e-01	
 5.9765e-01	
 4.3421e-01	
 7.9481e-01	
 8.0359e-01	
 8.4513e-01	
 1.0907e+00	
 5.2972e-01	
 4.8727e-01	
 1.0294e+00	
 8.3218e-01	
 4.5380e-01	
 6.7595e-01	
 1.0402e+00	
 6.3817e-01	
 8.2477e-01	
 6.6818e-01	
 8.2929e-01	
 9.1764e-01	
 7.9312e-01	
 5.3186e-01	
 7.1779e-01	
 7.3826e-01	
 6.5702e-01	
 6.2296e-01	
 6.7410e-01	
 6.9171e-01	
 8.4123e-01	
 8.6130e-01	
 7.3150e-01	
 1.0621e+00	
 8.5067e-01	
 5.2895e-01	
 7.3049e-01	
 9.1632e-01	
 7.2387e-01	
 6.8575e-01	
 1.1789e+00	
 8.2341e-01	
 9.6253e-01	
 8.6413e-01	
 8.9185e-01	
 8.6351e-01	
 7.3899e-01	
 4.7593e-01	
 9.5718e-01	
 7.6240e-01	
 6.8663e-01	
 6.5191e-01	
 8.1789e-01	
 6.2701e-01	
 7.3502e-01	
 6.4968e-01	
 7.4293e-01	
 7.1079e-01	
 6.0644e-01	
 6.8673e-01	
 7.0528e-01	
 1.1477e+00	
 5.8880e-01	
 5.7347e-01	
 5.8582e-01	
 5.6373e-01	
 1.0913e+00	
 6.7548e-01	
 6.0598e-01	
 9.0729e-01	
 7.5263e-01	
 5.1695e-01	
 8.3742e-01	
 1.0356e+00	
 8.5325e-01	
 7.3026e-01	
 7.6206e-01	
 8.5202e-01	
 6.4003e-01	
 7.9326e-01	
 8.0683e-01	
 8.0431e-01	
 9.7909e-01	
 9.1584e-01	
 8.3082e-01	
 7.2803e-01	
 6.9306e-01	
 8.6249e-01	
 6.0742e-01	
 7.7645e-01	
 8.4841e-01	
 5.8129e-01	
 6.7370e-01	
 1.0939e+00	
 6.0227e-01	
 9.7864e-01	
 6.4448e-01	
 8.7180e-01	
 8.8152e-01	
 4.8974e-01	
 6.1732e-01	
 5.5799e-01	
 9.4380e-01	
 5.2972e-01	
 6.8875e-01	
 7.6544e-01	
 7.1212e-01	
 8.0520e-01	
 6.6265e-01	
 6.8313e-01	
 5.8265e-01	
 5.9905e-01	
 7.4510e-01	
 6.1574e-01	
 7.5553e-01	
 5.5053e-01	
 7.7821e-01	
 7.4100e-01	
 6.7632e-01	
 7.1428e-01	
 7.8119e-01	
 8.0069e-01	
 6.7807e-01	
 6.9802e-01	
 6.0676e-01	
 6.8000e-01	
 8.2968e-01	
 7.5045e-01	
 9.1184e-01	
 9.7565e-01	
 6.2911e-01	
 5.2106e-01	
 9.8237e-01	
 9.4201e-01	
 5.3614e-01	
 7.9680e-01	
 8.1794e-01	
 7.8140e-01	
 6.8455e-01	
 8.1857e-01	
 7.2824e-01	
 1.0081e+00	
 8.5836e-01	
 7.4164e-01	
 6.3833e-01	
 8.4359e-01	
 5.9505e-01	
 6.8149e-01	
 7.6622e-01	
 6.9585e-01	
 8.2378e-01	
 6.5006e-01	
 1.2359e+00	
 7.9647e-01	
 7.3420e-01	
 5.3251e-01	
 7.5685e-01	
 8.1095e-01	
 9.7070e-01	
 6.5513e-01	
 8.1160e-01	
 7.1231e-01	
 5.5257e-01	
 7.1746e-01	
 6.2148e-01	
 5.5687e-01	
 8.0721e-01	
 9.5671e-01	
 8.8941e-01	
 1.0604e+00	
 1.1143e+00	
 7.1532e-01	
 9.2345e-01	
 7.3982e-01	
 8.0219e-01	
 9.9063e-01	
 9.2194e-01	
 1.3544e+00	
 8.4089e-01	
 8.3676e-01	
 9.8052e-01	
 9.0238e-01	
 7.5579e-01	
 6.6409e-01	
 1.0556e+00	
 6.2123e-01	
 7.3420e-01	
 8.3414e-01	
 6.6111e-01	
 7.1431e-01	
 6.4385e-01	
 9.3465e-01	
 9.8669e-01	
 6.8849e-01	
 1.1327e+00	
 8.3347e-01	
 8.2243e-01	
 5.9546e-01	
 6.9721e-01	
 8.1241e-01	
 5.5369e-01	
 6.2523e-01	
 8.7134e-01	
 8.9455e-01	
 5.7448e-01	
 9.0760e-01	
 5.1869e-01	
 5.6691e-01	
 6.8047e-01	
 1.0475e+00	
 7.0354e-01	
 8.2827e-01	
 8.2445e-01	
 7.7673e-01	
 6.0297e-01	
 5.8924e-01	
 7.8026e-01	
 6.6464e-01	
 6.8070e-01	
 8.5376e-01	
 8.4123e-01	
 8.9163e-01	
 8.4054e-01	
 6.7834e-01	
 8.1210e-01	
 9.2853e-01	
 7.1484e-01	
 1.0219e+00	
 9.2374e-01	
 5.9695e-01	
 4.5397e-01	
 6.5373e-01	
 1.2387e+00	
 5.7898e-01	
 7.9282e-01	
 6.9968e-01	
 7.5692e-01	
 7.2893e-01	
 8.4025e-01	
 6.4545e-01	
 8.8978e-01	
 6.8183e-01	
 9.8988e-01	
 7.9254e-01	
 6.5968e-01	
 7.0189e-01	
 9.0954e-01	
 8.8220e-01	
 6.5066e-01	
 8.7720e-01	
 7.1981e-01	
 1.0055e+00	
 5.6992e-01	
 9.5878e-01	
 8.9665e-01	
 6.0422e-01	
 9.1435e-01	
 5.0408e-01	
 9.0170e-01	
 1.0055e+00	
 8.2865e-01	
 9.3150e-01	
 8.9497e-01	
 7.7175e-01	
 5.9274e-01	
 8.3227e-01	
 4.5157e-01	
 6.9930e-01	
 6.3307e-01	
 7.1366e-01	
 1.0092e+00	
 6.3763e-01	
 6.6196e-01	
 7.3042e-01	
 5.0556e-01	
 5.4173e-01	
 1.1561e+00	
 7.8103e-01	
 7.2836e-01	
 6.4888e-01	
 1.0596e+00	
 9.8416e-01	
 6.4660e-01	
 8.3303e-01	
 7.9059e-01	
 8.2343e-01	
 6.0696e-01	
 7.3017e-01	
 6.8025e-01	
 7.4179e-01	
 7.7569e-01	
 1.1534e+00	
 7.7987e-01	
 7.5474e-01	
 5.5702e-01	
 7.0788e-01	
 7.8897e-01	
 1.1634e+00	
 9.4134e-01	
 1.0142e+00	
 1.1749e+00	
 7.3940e-01	
 6.7888e-01	
 8.1866e-01	
 7.9812e-01	
 6.1742e-01	
 8.5603e-01	
 5.9357e-01	
 4.1320e-01	
 7.2731e-01	
 9.5216e-01	
 6.7519e-01	
 9.2078e-01	
 8.1411e-01	
 7.6053e-01	
 9.8768e-01	
 8.9674e-01	
 9.7019e-01	
 1.0027e+00	
 8.5516e-01	
 7.2303e-01	
 7.2462e-01	
 8.2212e-01	
 6.4008e-01	
 7.6032e-01	
 5.9924e-01	
 7.8358e-01	
 8.0606e-01	
 8.1428e-01	
 8.8103e-01	
 6.0226e-01	
 8.2036e-01	
 7.4683e-01	
 6.0742e-01	
 6.6216e-01	
 1.0294e+00	
 7.2868e-01	
 9.3161e-01	
 1.1575e+00	
 1.0556e+00	
 8.2217e-01	
 1.0171e+00	
 8.9783e-01	
 9.6090e-01	
 1.2180e+00	
 6.9447e-01	
 6.8844e-01	
 5.6585e-01	
 9.3816e-01	
 9.8671e-01	
 5.0104e-01	
 1.1446e+00	
 7.9495e-01	
 8.8983e-01	
 5.2761e-01	
 1.0378e+00	
 1.0043e+00	
 7.5131e-01	
 8.4144e-01	
 7.8193e-01	
 9.6398e-01	
 8.9296e-01	
 1.0191e+00	
 9.7392e-01	
 6.7857e-01	
 9.2327e-01	
 8.8467e-01	
 1.3663e+00	
 6.9467e-01	
 8.9276e-01	
 7.1498e-01	
 7.3296e-01	
 8.8147e-01	
 9.6248e-01	
 5.5659e-01	
 7.5846e-01	
 8.4499e-01	
 8.1359e-01	
 9.3090e-01	
 6.5129e-01	
 7.5318e-01	
 5.9529e-01	
 6.2225e-01	
 7.3716e-01	
 6.8331e-01	
 1.0384e+00	
 7.5981e-01	
 1.2395e+00	
 1.0280e+00	
 5.7601e-01	
 9.8008e-01	
 8.1733e-01	
 9.0130e-01	
 1.0453e+00	
 7.4697e-01	
 9.2298e-01	
 6.0846e-01	
 1.3686e+00	
 8.5850e-01	
 8.6527e-01	
 8.4140e-01	
 8.9366e-01	
 8.1787e-01	
 7.5021e-01	
 9.2767e-01	
 9.9873e-01	
 8.7239e-01	
 1.1736e+00	
 8.6486e-01	
 6.6703e-01	
 1.0863e+00	
 9.5078e-01	
 1.0707e+00	
 8.4666e-01	
 8.9124e-01	
 7.8480e-01	
 1.0490e+00	
 7.7447e-01	
 1.0373e+00	
 1.0250e+00	
 9.5888e-01	
 8.7544e-01	
 6.7309e-01	
 6.2390e-01	
 1.1672e+00	
 8.4195e-01	
 9.7048e-01	
 9.0709e-01	
 5.7200e-01	
 7.2309e-01	
 6.8401e-01	
 1.0281e+00	
 1.1050e+00	
 7.4099e-01	
 8.9353e-01	
 8.1352e-01	
 9.2183e-01	
 9.5513e-01	
 9.6502e-01	
 1.1042e+00	
 6.9547e-01	
 7.7712e-01	
 8.2073e-01	
 9.6349e-01	
 7.2018e-01	
 6.9755e-01	
 7.0527e-01	
 8.6255e-01	
 8.6021e-01	
 1.2911e+00	
 4.8998e-01	
 8.9804e-01	
 9.2232e-01	
 9.1132e-01	
 1.1515e+00	
 9.8756e-01	
 8.6833e-01	
 9.8317e-01	
 9.4308e-01	
 5.7513e-01	
 8.6465e-01	
 1.2138e+00	
 6.7678e-01	
 1.3644e+00	
 1.1092e+00	
 9.7409e-01	
 8.2863e-01	
 7.3678e-01	
 9.0468e-01	
 1.0416e+00	
 7.5023e-01	
 8.9007e-01	
 8.0026e-01	
 1.1613e+00	
 7.9792e-01	
 7.2568e-01	
 8.9827e-01	
 7.0027e-01	
 7.1202e-01	
 9.7369e-01	
 7.0854e-01	
 8.5855e-01	
 7.6340e-01	
 8.4058e-01	
 7.2075e-01	
 1.1156e+00	
 1.2285e+00	
 1.3012e+00	
 9.2086e-01	
 9.2576e-01	
 8.5438e-01	
 8.8622e-01	
 7.2671e-01	
 7.1032e-01	
 1.0701e+00	
 8.0081e-01	
 8.4708e-01	
 6.5526e-01	
 6.0338e-01	
 1.1328e+00	
 9.6621e-01	
 1.0675e+00	
 8.6985e-01	
 8.1289e-01	
 1.0457e+00	
 1.2431e+00	
 7.8172e-01	
 8.6673e-01	
 7.3879e-01	
 6.2740e-01	
 8.9048e-01	
 8.1606e-01	
 8.5161e-01	
 5.6973e-01	
 8.3917e-01	
 5.3243e-01	
 8.1249e-01	
 7.7966e-01	
 9.8339e-01	
 5.6054e-01	
 8.8606e-01	
 9.2296e-01	
 1.2214e+00	
 8.7448e-01	
 1.3241e+00	
 9.4132e-01	
 8.7608e-01	
 7.5337e-01	
 7.6855e-01	
 9.2260e-01	
 6.8091e-01	
 8.9850e-01	
 1.0034e+00	
 9.3739e-01	
 8.6825e-01	
 7.2268e-01	
 9.2271e-01	
 6.1393e-01	
 7.8213e-01	
 9.4939e-01	
 8.2067e-01	
 7.0161e-01	
 1.3203e+00	
 7.6331e-01	
 6.9233e-01	
 1.1813e+00	
 7.7445e-01	
 7.3916e-01	
 9.1989e-01	
 1.1203e+00	
 1.2099e+00	
 8.2845e-01	
 1.2185e+00	
 8.4971e-01	
 8.3333e-01	
 9.0304e-01	
 1.0041e+00	
 5.6878e-01	
 9.4784e-01	
 8.1925e-01	
 9.9845e-01	
 1.1368e+00	
 8.1151e-01	
 9.1046e-01	
 8.4363e-01	
 9.0395e-01	
 6.9681e-01	
 9.3636e-01	
 8.3057e-01	
 7.5432e-01	
 8.9072e-01	
 1.0805e+00	
 8.7227e-01	
 9.8602e-01	
 1.0514e+00	
 6.5358e-01	
 9.5262e-01	
 1.1102e+00	
 8.4904e-01	
 7.9100e-01	
 9.5905e-01	
 8.3744e-01	
 9.0512e-01	
 9.5974e-01	
 9.9328e-01	
 8.4199e-01	
 1.1187e+00	
 8.5828e-01	
 7.6059e-01	
 9.6755e-01	
 8.3596e-01	
 9.3983e-01	
 8.6689e-01	
 1.1335e+00	
 1.1407e+00	
 1.0475e+00	
 9.3081e-01	
 6.0456e-01	
 7.8947e-01	
 1.5351e+00	
 9.8760e-01	
 1.0542e+00	
 7.0399e-01	
 6.0124e-01	
 8.3371e-01	
 8.1124e-01	
 8.4471e-01	
 9.9147e-01	
 9.4682e-01	
 1.0086e+00	
 9.5510e-01	
 1.0596e+00	
 1.0131e+00	
 1.0878e+00	
 9.8063e-01	
 1.1992e+00	
 9.1414e-01	
 8.2457e-01	
 8.5124e-01	
 1.7191e+00	
 8.6426e-01	
 6.6882e-01	
 9.6666e-01	
 1.2256e+00	
 6.5845e-01	
 1.0696e+00	
 1.3787e+00	
 1.0241e+00	
 1.0772e+00	
 1.4306e+00	
 9.3776e-01	
 1.2288e+00	
 1.0249e+00	
 1.3143e+00	
 1.1218e+00	
 8.8224e-01	
 9.4331e-01	
 7.2586e-01	
 9.8739e-01	
 9.7122e-01	
 1.3072e+00	
 8.5172e-01	
 9.6313e-01	
 1.1758e+00	
 1.1909e+00	
 8.1334e-01	
 8.5434e-01	
 9.0106e-01	
 8.8492e-01	
 7.0634e-01	
 1.1580e+00	
 7.8703e-01	
 9.8413e-01	
 1.5513e+00	
 1.0122e+00	
 1.5498e+00	
 1.5296e+00	
 7.0289e-01	
 9.7355e-01	
 1.0637e+00	
 8.2235e-01	
 8.1511e-01	
 1.0521e+00	
 1.0174e+00	
 1.0456e+00	
 7.1154e-01	
 8.6322e-01	
 1.1093e+00	
 9.3700e-01	
 8.5577e-01	
 8.4185e-01	
 1.1058e+00	
 1.0738e+00	
 1.4912e+00	
 9.5357e-01	
 7.1532e-01	
 9.6780e-01	
 1.1057e+00	
 8.5452e-01	
 6.4703e-01	
 1.2831e+00	
 8.8666e-01	
 1.1085e+00	
 1.3237e+00	
 8.6678e-01	
 1.2657e+00	
 1.1233e+00	
 8.4077e-01	
 1.0398e+00	
 1.3945e+00	
 1.0619e+00	
 1.2263e+00	
 1.0548e+00	
 1.0633e+00	
 9.5321e-01	
 1.2617e+00	
 8.2605e-01	
 1.1693e+00	
 7.0394e-01	
 1.0319e+00	
 7.5180e-01	
 9.9661e-01	
 1.0906e+00	
 9.3088e-01	
 9.6362e-01	
 9.5322e-01	
 1.2262e+00	
 8.4340e-01	
 1.2060e+00	
 1.1160e+00	
 1.0135e+00	
 1.3456e+00	
 1.5076e+00	
 7.7419e-01	
 1.1811e+00	
 1.4467e+00	
 1.1263e+00	
 8.9226e-01	
 8.2914e-01	
 1.1898e+00	
 9.6553e-01	
 8.6245e-01	
 1.4429e+00	
 9.9566e-01	
 9.2242e-01	
 1.0930e+00	
 1.0079e+00	
 9.9978e-01	
 9.8419e-01	
 9.9411e-01	
 1.0924e+00	
 9.6446e-01	
 1.3701e+00	
 1.0058e+00	
 1.2040e+00	
 1.0945e+00	
 1.1164e+00	
 1.1754e+00	
 1.1531e+00	
 1.1139e+00	
 1.0710e+00	
 1.0057e+00	
 6.6769e-01	
 1.3691e+00	
 6.8569e-01	
 1.2556e+00	
 8.7719e-01	
 1.0209e+00	
 8.5439e-01	
 6.5218e-01	
 8.7467e-01	
 8.1499e-01	
 7.6314e-01	
 1.0123e+00	
 1.1173e+00	
 1.1118e+00	
 9.2766e-01	
 9.0439e-01	
 8.5598e-01	
 1.4136e+00	
 9.8280e-01	
 1.1884e+00	
 1.1895e+00	
 7.2680e-01	
 8.5721e-01	
 1.0683e+00	
 1.0622e+00	
 1.0869e+00	
 7.1319e-01	
 8.8578e-01	
 1.0964e+00	
 9.0713e-01	
 1.2360e+00	
 1.0595e+00	
 1.5219e+00	
 9.1865e-01	
 1.4465e+00	
 1.0830e+00	
 1.2159e+00	
 1.0940e+00	
 1.3333e+00	
 1.2044e+00	
 9.0494e-01	
 1.0065e+00	
 6.4413e-01	
 1.3102e+00	
 1.1068e+00	
 1.0489e+00	
 9.5432e-01	
 8.7938e-01	
 9.9312e-01	
 8.4280e-01	
 9.4503e-01	
 7.9370e-01	
 1.0370e+00	
 9.9719e-01	
 9.8002e-01	
 6.7510e-01	
 8.0591e-01	
 7.0213e-01	
 7.2064e-01	
 1.2508e+00	
 1.3183e+00	
 7.6278e-01	
 9.7001e-01	
 1.0401e+00	
 1.3197e+00	
 8.0833e-01	
 9.1809e-01	
 1.2003e+00	
 9.0859e-01	
 1.0391e+00	
 1.2008e+00	
 8.2427e-01	
 9.4263e-01	
 1.1871e+00	
 1.1633e+00	
 1.1591e+00	
 1.0421e+00	
 8.4038e-01	
 7.6171e-01	
 9.6458e-01	
 7.6694e-01	
 8.7211e-01	
 1.3428e+00	
 9.1942e-01	
 1.0712e+00	
 1.1553e+00	
 7.2048e-01	
 1.0743e+00	
 7.2332e-01	
 8.9767e-01	
 8.1719e-01	
 9.1687e-01	
 1.4135e+00	
 1.5344e+00	
 1.0124e+00	
 9.8309e-01	
 8.3730e-01	
 1.1604e+00	
 1.3410e+00	
 7.8307e-01	
 9.6013e-01	
 9.5556e-01	
 9.5926e-01	
 1.1328e+00	
 1.1139e+00	
 1.2729e+00	
 1.2365e+00	
 8.8890e-01	
 1.3474e+00	
 1.5922e+00	
 9.7612e-01	
 8.5160e-01	
 1.2378e+00	
 1.1853e+00	
 1.2221e+00	
 8.6532e-01	
 1.5525e+00	
 1.2623e+00	
 1.3380e+00	
 9.1000e-01	
 9.5313e-01	
 1.2919e+00	
 8.0360e-01	
 1.4233e+00	
 1.3756e+00	
 1.1735e+00	
 1.2810e+00	
 9.8420e-01	
 1.2428e+00	
 8.6081e-01	
 1.0069e+00	
 7.6308e-01	
 1.3822e+00	
 1.2298e+00	
 8.8329e-01	
 1.2008e+00	
 1.1730e+00	
 9.2673e-01	
 1.0836e+00	
 9.6165e-01	
 7.6271e-01	
 9.9012e-01	
 5.5849e-01	
 1.1566e+00	
 1.0501e+00	
 1.2704e+00	
 8.8141e-01	
 1.2163e+00	
 8.9624e-01	
 1.1836e+00	
 1.1051e+00	
 1.3802e+00	
 9.5579e-01	
 7.5039e-01	
 1.0452e+00	
 1.0961e+00	
 1.2944e+00	
 9.3871e-01	
 1.1084e+00	
 8.4122e-01	
 9.3133e-01	
 1.2217e+00	
 7.5762e-01	
 9.1536e-01	
 7.5163e-01	
 1.1530e+00	
 1.0272e+00	
 1.0537e+00	
 1.2642e+00	
 9.8633e-01	
 9.8579e-01	
 1.1890e+00	
 1.0396e+00	
 1.0349e+00	
 7.7510e-01	
 8.1207e-01	
 1.0976e+00	
 1.2413e+00	
 9.7648e-01	
 8.4711e-01	
 1.5224e+00	
 9.3144e-01	
 8.5412e-01	
 1.1836e+00	
 7.7632e-01	
 1.2044e+00	
 9.8837e-01	
 1.3954e+00	
 9.9687e-01	
 1.1948e+00	
 1.4595e+00	
 8.7648e-01	
 1.1251e+00	
 1.0356e+00	
 7.5465e-01	
 1.2022e+00	
 7.9977e-01	
 1.0587e+00	
 9.6946e-01	
 7.9239e-01	
 8.6339e-01	
 7.4595e-01	
 1.2001e+00	
 1.0599e+00	
 1.3203e+00	
 1.1652e+00	
 1.1026e+00	
 8.1164e-01	
 1.3258e+00	
 1.4665e+00	
 1.0252e+00	
 9.2708e-01	
 8.4127e-01	
 9.4113e-01	
 9.0455e-01	
 1.0552e+00	
 1.0492e+00	
 1.1085e+00	
 1.1955e+00	
 9.0650e-01	
 9.0838e-01	
 1.1910e+00	
 1.1969e+00	
 1.1591e+00	
 1.1074e+00	
 8.3069e-01	
 9.1449e-01	
 1.1159e+00	
 1.3624e+00	
 1.1611e+00	
 9.2990e-01	
 1.0561e+00	
 1.2363e+00	
 1.1002e+00	
 1.2518e+00	
 8.2316e-01	
 9.7412e-01	
 1.2826e+00	
 1.2173e+00	
 5.6968e-01	
 1.0395e+00	
 1.1826e+00	
 1.3119e+00	
 1.3611e+00	
 7.7159e-01	
 7.9573e-01	
 1.0319e+00	
 1.1285e+00	
 9.7529e-01	
 1.3806e+00	
 8.0471e-01	
 1.3976e+00	
 1.5734e+00	
 1.1815e+00	
 1.3103e+00	
 1.2806e+00	
 1.1868e+00	
 9.2075e-01	
 1.4750e+00	
 9.8765e-01	
 1.1917e+00	
 1.2154e+00	
 9.8330e-01	
 5.6557e-01	
 1.1890e+00	
 1.1979e+00	
 1.1999e+00	
 9.4056e-01	
 1.2525e+00	
 9.0572e-01	
 1.0321e+00	
 1.1336e+00	
 1.0926e+00	
 8.8679e-01	
 1.2242e+00	
 1.4732e+00	
 1.2404e+00	
 1.1303e+00	
 1.3695e+00	
 1.1250e+00	
 7.7935e-01	
 1.5340e+00	
 1.2171e+00	
 1.1409e+00	
 1.0430e+00	
 9.6389e-01	
 1.4006e+00	
 1.3480e+00	
 8.9118e-01	
 8.6534e-01	
 1.2010e+00	
 1.0701e+00	
 1.3308e+00	
 1.2193e+00	
 1.4297e+00	
 1.0236e+00	
 1.1384e+00	
 7.9093e-01	
 1.1018e+00	
 7.7961e-01	
 1.0876e+00	
 1.4411e+00	
 1.1921e+00	
 7.3311e-01	
 7.3944e-01	
 9.6881e-01	
 9.9125e-01	
 1.1444e+00	
 1.1021e+00	
 1.2405e+00	
 1.0896e+00	
 8.9852e-01	
 1.4750e+00	
 1.1146e+00	
 9.4038e-01	
 9.6014e-01	
 9.5988e-01	
 9.6650e-01	
 1.0710e+00	
 1.0307e+00	
 8.3547e-01	
 7.1948e-01	
 1.8343e+00	
 9.9004e-01	
 1.3992e+00	
 1.2429e+00	
 1.1991e+00	
 1.3010e+00	
 1.1074e+00	
 1.2241e+00	
 9.1800e-01	
 1.3733e+00	
 1.2308e+00	
 1.0446e+00	
 1.4174e+00	
 9.8349e-01	
 9.3205e-01	
 7.5869e-01	
 8.0931e-01	
 1.5013e+00	
 1.5016e+00	
 1.2686e+00	
 1.1427e+00	
 1.2525e+00	
 1.1673e+00	
 1.2327e+00	
 1.4161e+00	
 1.4575e+00	
 1.3634e+00	
 1.0715e+00	
 1.0133e+00	
 1.0875e+00	
 1.4488e+00	
 1.0803e+00	
 1.0460e+00	
 1.3728e+00	
 9.1424e-01	
 1.0205e+00	
 8.7126e-01	
 1.0258e+00	
 1.0507e+00	
 1.0112e+00	
 1.6466e+00	
 1.4042e+00	
 9.6371e-01	
 7.7820e-01	
 1.5872e+00	
 1.4975e+00	
 1.2669e+00	
 1.2237e+00	
 9.3984e-01	
 7.8976e-01	
 8.9655e-01	
 1.3342e+00	
 1.0667e+00	
 1.1088e+00	
 7.8520e-01	
 9.3589e-01	
 1.5352e+00	
 8.6115e-01	
 1.0691e+00	
 1.0408e+00	
 9.2727e-01	
 7.7585e-01	
 4.1680e-01	
 3.5006e-01	
 5.5595e-01	
 4.7064e-01	
 3.0396e-01	
 4.6142e-01	
 3.4965e-01	
 3.3792e-01	
 4.1022e-01	
 4.5030e-01	
 4.2498e-01	
 2.2406e-01	
 4.9027e-01	
 2.4061e-01	
 1.9922e-01	
 3.1752e-01	
 4.0264e-01	
 4.0886e-01	
 3.5203e-01	
 4.8301e-01	
 2.5835e-01	
 3.4447e-01	
 3.5272e-01	
 4.8269e-01	
 4.4797e-01	
 4.0798e-01	
 2.9689e-01	
 7.4523e-01	
 5.0646e-01	
 3.8285e-01	
 2.9145e-01	
 4.7559e-01	
 7.0468e-01	
 3.0160e-01	
 3.1046e-01	
 2.9934e-01	
 3.7456e-01	
 4.4274e-01	
 2.2452e-01	
 5.1292e-01	
 2.3143e-01	
 4.3894e-01	
 3.9612e-01	
 2.3084e-01	
 3.4511e-01	
 4.8628e-01	
 3.0814e-01	
 3.6805e-01	
 2.4443e-01	
 3.1664e-01	
 4.9005e-01	
 6.6335e-01	
 2.8412e-01	
 2.2783e-01	
 4.3749e-01	
 3.8030e-01	
 5.8409e-01	
 2.7816e-01	
 3.7594e-01	
 2.4181e-01	
 3.3666e-01	
 3.5654e-01	
 5.7675e-01	
 3.6324e-01	
 1.2743e-01	
 1.9808e-01	
 2.2646e-01	
 2.8209e-01	
 2.4807e-01	
 2.8683e-01	
 3.1121e-01	
 2.0688e-01	
 2.2368e-01	
 2.3278e-01	
 3.3545e-01	
 3.6804e-01	
 3.5323e-01	
 4.2007e-01	
 2.6963e-01	
 2.9176e-01	
 2.3896e-01	
 2.7580e-01	
 3.4264e-01	
 2.5165e-01	
 1.5204e-01	
 1.4751e-01	
 2.8300e-01	
 3.6872e-01	
 4.0954e-01	
 2.0066e-01	
 2.9524e-01	
 3.2328e-01	
 6.1169e-01	
 3.0580e-01	
 4.0304e-01	
 2.9015e-01	
 3.3030e-01	
 7.2311e-01	
 4.0878e-01	
 2.7075e-01	
 4.0964e-01	
 4.4607e-01	
 3.7479e-01	
 3.2809e-01	
 3.1692e-01	
 3.2703e-01	
 2.6956e-01	
 2.1511e-01	
 5.7788e-01	
 4.6342e-01	
 2.6285e-01	
 3.7821e-01	
 8.1474e-01	
 6.4518e-01	
 3.2503e-01	
 3.2774e-01	
 2.8786e-01	
 5.5790e-01	
 2.6239e-01	
 4.4687e-01	
 1.8742e-01	
 1.9037e-01	
 2.2921e-01	
 3.4219e-01	
 3.1045e-01	
 3.7422e-01	
 2.9125e-01	
 2.8645e-01	
 3.0785e-01	
 3.1145e-01	
 2.3434e-01	
 4.0107e-01	
 2.5113e-01	
 3.0441e-01	
 3.3939e-01	
 2.1629e-01	
 2.5747e-01	
 7.5656e-01	
 3.1334e-01	
 1.1338e+00	
 2.3786e-01	
 2.7989e-01	
 5.7716e-01	
 3.5485e-01	
 4.0359e-01	
 3.1015e-01	
 3.3117e-01	
 3.6155e-01	
 3.2191e-01	
 6.3747e-01	
 4.0966e-01	
 3.1417e-01	
 4.3456e-01	
 2.4598e-01	
 4.8876e-01	
 2.0411e-01	
 2.4576e-01	
 4.2967e-01	
 3.1581e-01	
 3.1211e-01	
 2.5332e-01	
 3.9310e-01	
 2.0665e-01	
 3.0696e-01	
 6.3814e-01	
 1.7099e-01	
 2.1275e-01	
 3.4810e-01	
 6.1130e-01	
 3.5134e-01	
 4.7800e-01	
 4.8276e-01	
 3.7574e-01	
 2.9284e-01	
 3.9459e-01	
 3.1862e-01	
 6.8264e-01	
 3.9803e-01	
 3.1782e-01	
 5.4023e-01	
 4.4426e-01	
 2.8242e-01	
 3.8076e-01	
 3.3759e-01	
 3.6958e-01	
 2.2828e-01	
 2.5312e-01	
 1.5021e-01	
 1.6962e-01	
 5.7969e-01	
 2.8119e-01	
 2.9360e-01	
 5.5174e-01	
 3.2670e-01	
 3.7792e-01	
 3.5027e-01	
 1.5923e-01	
 1.4063e-01	
 1.9360e-01	
 5.1570e-01	
 1.7887e-01	
 6.9847e-01	
 4.7539e-01	
 5.5917e-01	
 3.1213e-01	
 4.8541e-01	
 2.2049e-01	
 4.5723e-01	
 4.2947e-01	
 4.7609e-01	
 5.8599e-01	
 1.1554e-01	
 5.3874e-01	
 4.8287e-01	
 2.7925e-01	
 3.6953e-01	
 4.9713e-01	
 4.1787e-01	
 4.4473e-01	
 4.2821e-01	
 6.1336e-01	
 5.6902e-01	
 3.6924e-01	
 3.1810e-01	
 5.1066e-01	
 5.0470e-01	
 4.6173e-01	
 6.3884e-01	
 4.9313e-01	
 6.1803e-01	
 3.8921e-01	
 4.0037e-01	
 3.5070e-01	
 6.5584e-01	
 3.5604e-01	
 3.6541e-01	
 2.7957e-01	
 4.6072e-01	
 3.2832e-01	
 5.6556e-01	
 3.5210e-01	
 3.7918e-01	
 4.1803e-01	
 2.8605e-01	
 4.3922e-01	
 3.3292e-01	
 2.7272e-01	
 2.7808e-01	
 5.5142e-01	
 4.7182e-01	
 2.4609e-01	
 3.6420e-01	
 3.7128e-01	
 4.0661e-01	
 5.0050e-01	
 3.2573e-01	
 4.4344e-01	
 2.0079e-01	
 7.7764e-01	
 3.3232e-01	
 2.3673e-01	
 3.9858e-01	
 3.9318e-01	
 3.1011e-01	
 3.8271e-01	
 2.0908e-01	
 3.8872e-01	
 2.9328e-01	
 2.7689e-01	
 3.6498e-01	
 2.4635e-01	
 2.6790e-01	
 3.1683e-01	
 2.8705e-01	
 1.8929e-01	
 3.0018e-01	
 3.5771e-01	
 2.8319e-01	
 4.4471e-01	
 3.2165e-01	
 4.6765e-02	
 3.2622e-01	
 2.6512e-01	
 6.5130e-01	
 4.4911e-01	
 3.1789e-01	
 4.3064e-01	
 5.0407e-01	
 3.8930e-01	
 2.3752e-01	
 3.1921e-01	
 3.8954e-01	
 3.6334e-01	
 2.7272e-01	
 6.2578e-01	
 2.0727e-01	
 3.5675e-01	
 5.2699e-01	
 3.1205e-01	
 4.2474e-01	
 4.7717e-01	
 3.7135e-01	
 4.3442e-01	
 2.8144e-01	
 3.7108e-01	
 2.2649e-01	
 3.3769e-01	
 7.2580e-01	
 2.8632e-01	
 4.1761e-01	
 2.7133e-01	
 6.6280e-01	
 5.0577e-01	
 2.7346e-01	
 3.2984e-01	
 5.0175e-01	
 2.6051e-01	
 4.0933e-01	
 4.0623e-01	
 4.4375e-01	
 1.9506e-01	
 3.4178e-01	
 4.6269e-01	
 3.2472e-01	
 3.1432e-01	
 4.7973e-01	
 2.8079e-01	
 5.6256e-01	
 4.5612e-01	
 4.9505e-01	
 5.5591e-01	
 3.3505e-01	
 6.5963e-01	
 7.0897e-01	
 4.0755e-01	
 4.3226e-01	
 3.1314e-01	
 5.5228e-01	
 2.6649e-01	
 3.1453e-01	
 6.5587e-01	
 3.1046e-01	
 2.7068e-01	
 1.8601e-01	
 3.4852e-01	
 3.4030e-01	
 2.9532e-01	
 3.8725e-01	
 4.5868e-01	
 4.3999e-01	
 3.5133e-01	
 6.8826e-01	
 2.3277e-01	
 5.1716e-01	
 3.1678e-01	
 3.3781e-01	
 5.4532e-01	
 5.6321e-01	
 3.5863e-01	
 2.3347e-01	
 4.2824e-01	
 4.4367e-01	
 2.5417e-01	
 3.9285e-01	
 2.8113e-01	
 2.4708e-01	
 5.1862e-01	
 3.1560e-01	
 3.0164e-01	
 4.7659e-01	
 3.0010e-01	
 3.0569e-01	
 3.4027e-01	
 1.8467e-01	
 5.2797e-01	
 3.6585e-01	
 5.0636e-01	
 4.1923e-01	
 6.4817e-01	
 5.4059e-01	
 1.8956e-01	
 3.9807e-01	
 6.2554e-01	
 1.8187e-01	
 5.0996e-01	
 3.6006e-01	
 4.5179e-01	
 4.3571e-01	
 2.8597e-01	
 4.6561e-01	
 3.4163e-01	
 3.3256e-01	
 2.4128e-01	
 3.7071e-01	
 4.9549e-01	
 5.4569e-01	
 3.5454e-01	
 2.5013e-01	
 4.4955e-01	
 6.9613e-01	
 5.9664e-01	
 3.0038e-01	
 4.1390e-01	
 6.4496e-01	
 2.2622e-01	
 3.0860e-01	
 3.4836e-01	
 4.5963e-01	
 1.8667e-01	
 3.3717e-01	
 3.7063e-01	
 9.2355e-01	
 3.0442e-01	
 6.2229e-01	
 3.6320e-01	
 3.4900e-01	
 8.4791e-01	
 2.9184e-01	
 2.7943e-01	
 3.6809e-01	
 2.8187e-01	
 4.4884e-01	
 5.1750e-01	
 4.7633e-01	
 3.3939e-01	
 2.1861e-01	
 3.4358e-01	
 3.7169e-01	
 5.3305e-01	
 2.3540e-01	
 2.6671e-01	
 4.2415e-01	
 7.4146e-01	
 3.9678e-01	
 4.4091e-01	
 4.5990e-01	
 4.4455e-01	
 4.0205e-01	
 4.5987e-01	
 3.6938e-01	
 5.3448e-01	
 2.1739e-01	
 2.5200e-01	
 2.7709e-01	
 4.5167e-01	
 2.6009e-01	
 5.1167e-01	
 3.9184e-01	
 3.4999e-01	
 3.3844e-01	
 3.3867e-01	
 4.2166e-01	
 4.3516e-01	
 4.2091e-01	
 4.3436e-01	
 5.2612e-01	
 3.6944e-01	
 2.5447e-01	
 7.7914e-01	
 1.8984e-01	
 3.7954e-01	
 4.5013e-01	
 3.5354e-01	
 2.8005e-01	
 5.9414e-01	
 2.8153e-01	
 5.0092e-01	
 6.3858e-01	
 2.5220e-01	
 8.6929e-01	
 5.7714e-01	
 3.1546e-01	
 6.5609e-01	
 2.0889e-01	
 3.3675e-01	
 3.8652e-01	
 4.5901e-01	
 6.6251e-01	
 3.4412e-01	
 4.9409e-01	
 3.7861e-01	
 5.0404e-01	
 2.2344e-01	
 1.7828e-01	
 2.8951e-01	
 3.0421e-01	
 1.0207e+00	
 7.0230e-01	
 2.1441e-01	
 3.2240e-01	
 2.7396e-01	
 2.5930e-01	
 4.5373e-01	
 3.3495e-01	
 2.3302e-01	
 4.9017e-01	
 3.4455e-01	
 2.5551e-01	
 2.3180e-01	
 3.3998e-01	
 6.2491e-01	
 3.7864e-01	
 2.7753e-01	
 3.0885e-01	
 5.8927e-01	
 1.9585e-01	
 9.7002e-01	
 3.6703e-01	
 2.8313e-01	
 3.3333e-01	
 5.2307e-01	
 5.0015e-01	
 3.5552e-01	
 3.9380e-01	
 3.5611e-01	
 7.7962e-01	
 3.0974e-01	
 3.1771e-01	
 4.8663e-01	
 3.1704e-01	
 4.8998e-01	
 4.7961e-01	
 4.7173e-01	
 3.2379e-01	
 2.9135e-01	
 2.7976e-01	
 4.7441e-01	
 3.5844e-01	
 4.9655e-01	
 3.3217e-01	
 2.9455e-01	
 2.9896e-01	
 3.9291e-01	
 5.0862e-01	
 3.6459e-01	
 4.2397e-01	
 3.4491e-01	
 5.6513e-01	
 3.6644e-01	
 6.8719e-01	
 3.6026e-01	
 5.0215e-01	
 4.2748e-01	
 3.3572e-01	
 4.7292e-01	
 4.5393e-01	
 2.2077e-01	
 7.0460e-01	
 8.4991e-01	
 8.8205e-01	
 3.0337e-01	
 3.7268e-01	
 6.6768e-01	
 3.3653e-01	
 3.5766e-01	
 3.5434e-01	
 2.4185e-01	
 5.4042e-01	
 6.5496e-01	
 4.4346e-01	
 7.2133e-01	
 6.6586e-01	
 3.7084e-01	
 4.3824e-01	
 2.3519e-01	
 6.1602e-01	
 3.6670e-01	
 7.6712e-01	
 5.7627e-01	
 6.6397e-01	
 6.0470e-01	
 5.2707e-01	
 4.6692e-01	
 5.2739e-01	
 6.2677e-01	
 4.3656e-01	
 3.3163e-01	
 6.7082e-01	
 3.8071e-01	
 3.3225e-01	
 4.2266e-01	
 2.5905e-01	
 5.1352e-01	
 2.7765e-01	
 3.8905e-01	
 2.1895e-01	
 4.3627e-01	
 3.7303e-01	
 3.4839e-01	
 3.7514e-01	
 6.8912e-01	
 4.2246e-01	
 4.1118e-01	
 5.9408e-01	
 3.0748e-01	
 3.0324e-01	
 5.5559e-01	
 3.8004e-01	
 3.4159e-01	
 5.4149e-01	
 3.9108e-01	
 4.8505e-01	
 5.4450e-01	
 3.6675e-01	
 5.2543e-01	
 4.3587e-01	
 4.2570e-01	
 4.0570e-01	
 2.3417e-01	
 4.2830e-01	
 4.4802e-01	
 2.7976e-01	
 3.2083e-01	
 6.5945e-01	
 3.1660e-01	
 4.3488e-01	
 4.4455e-01	
 3.7659e-01	
 4.1607e-01	
 3.8146e-01	
 4.4050e-01	
 3.6704e-01	
 3.5253e-01	
 5.2521e-01	
 3.0565e-01	
 3.6914e-01	
 2.1519e-01	
 6.0577e-01	
 3.7173e-01	
 6.6905e-01	
 3.7507e-01	
 3.8490e-01	
 2.2952e-01	
 4.0209e-01	
 4.1346e-01	
 4.1118e-01	
 6.1096e-01	
 6.7428e-01	
 5.6586e-01	
 5.0623e-01	
 2.4357e-01	
 6.1088e-01	
 5.5565e-01	
 3.7313e-01	
 7.6262e-01	
 3.3915e-01	
 4.8684e-01	
 6.3219e-01	
 7.5354e-01	
 4.8300e-01	
 3.6676e-01	
 2.2041e-01	
 5.0848e-01	
 3.0635e-01	
 2.7472e-01	
 3.9128e-01	
 5.0889e-01	
 2.7032e-01	
 3.0048e-01	
 2.9544e-01	
 3.6995e-01	
 2.6840e-01	
 4.6456e-01	
 4.6455e-01	
 3.4772e-01	
 4.8512e-01	
 6.8245e-01	
 7.5292e-01	
 6.5600e-01	
 8.7717e-01	
 3.1014e-01	
 4.4653e-01	
 3.1047e-01	
 8.5925e-01	
 4.7840e-01	
 3.7455e-01	
 2.9421e-01	
 5.7704e-01	
 5.0589e-01	
 3.5763e-01	
 3.7402e-01	
 5.4711e-01	
 4.7912e-01	
 3.4287e-01	
 3.8482e-01	
 5.0097e-01	
 7.7821e-01	
 4.0588e-01	
 4.2407e-01	
 3.2888e-01	
 2.9503e-01	
 4.0128e-01	
 5.4302e-01	
 3.8236e-01	
 6.5866e-01	
 4.5638e-01	
 3.8652e-01	
 4.6484e-01	
 3.3881e-01	
 6.0688e-01	
 5.6217e-01	
 4.1971e-01	
 4.4465e-01	
 4.0095e-01	
 5.5374e-01	
 3.5718e-01	
 3.1086e-01	
 4.5491e-01	
 7.0016e-01	
 3.3351e-01	
 3.0320e-01	
 3.2838e-01	
 5.5636e-01	
 3.4551e-01	
 5.9683e-01	
 5.1066e-01	
 6.8252e-01	
 2.3422e-01	
 2.8390e-01	
 6.0257e-01	
 1.5787e-01	
 3.0947e-01	
 4.8119e-01	
 3.8416e-01	
 2.6084e-01	
 3.1877e-01	
 2.3736e-01	
 4.9015e-01	
 3.5048e-01	
 4.6416e-01	
 4.7901e-01	
 7.6913e-01	
 4.4154e-01	
 5.9744e-01	
 6.8139e-01	
 5.6457e-01	
 6.4035e-01	
 3.9059e-01	
 2.5806e-01	
 6.8662e-01	
 4.6775e-01	
 4.2720e-01	
 4.5684e-01	
 5.7563e-01	
 4.2760e-01	
 5.1792e-01	
 2.7968e-01	
 5.8230e-01	
 4.5846e-01	
 4.1087e-01	
 4.6318e-01	
 4.1156e-01	
 5.6474e-01	
 4.7079e-01	
 3.3816e-01	
 5.3755e-01	
 2.8265e-01	
 6.1785e-01	
 4.0163e-01	
 2.6085e-01	
 4.8712e-01	
 3.7978e-01	
 1.0053e+00	
 6.4419e-01	
 3.6318e-01	
 4.4764e-01	
 3.7397e-01	
 5.0445e-01	
 6.4521e-01	
 4.6580e-01	
 4.8420e-01	
 7.4948e-01	
 7.1269e-01	
 3.7905e-01	
 9.3655e-01	
 4.1559e-01	
 3.8604e-01	
 3.8258e-01	
 3.2026e-01	
 4.3963e-01	
 7.7240e-01	
 6.1227e-01	
 2.6245e-01	
 4.7218e-01	
 5.4567e-01	
 3.5341e-01	
 4.9034e-01	
 2.5893e-01	
 5.4450e-01	
 4.7337e-01	
 2.5451e-01	
 2.8026e-01	
 3.7550e-01	
 6.4323e-01	
 3.5058e-01	
 2.3566e-01	
 6.7130e-01	
 4.8194e-01	
 2.8531e-01	
 4.5394e-01	
 4.3280e-01	
 4.2423e-01	
 6.3695e-01	
 4.2109e-01	
 1.9933e-01	
 3.4984e-01	
 5.3267e-01	
 4.1988e-01	
 4.5969e-01	
 3.7727e-01	
 4.1572e-01	
 6.7269e-01	
 5.5537e-01	
 5.6397e-01	
 3.2759e-01	
 5.7079e-01	
 3.0469e-01	
 4.5216e-01	
 5.4753e-01	
 3.9904e-01	
 4.5004e-01	
 4.7403e-01	
 5.6142e-01	
 5.0774e-01	
 4.3833e-01	
 3.0455e-01	
 4.4264e-01	
 5.2752e-01	
 4.5528e-01	
 3.9069e-01	
 4.3395e-01	
 7.3669e-01	
 8.2839e-01	
 5.6161e-01	
 3.9492e-01	
 5.9931e-01	
 4.1853e-01	
 6.7059e-01	
 4.2267e-01	
 7.0942e-01	
 4.5017e-01	
 8.8710e-01	
 3.8228e-01	
 4.1305e-01	
 4.6841e-01	
 5.1356e-01	
 2.7471e-01	
 4.7767e-01	
 8.5289e-01	
 7.9238e-01	
 5.5378e-01	
 3.8606e-01	
 4.7709e-01	
 3.5862e-01	
 3.9235e-01	
 7.1828e-01	
 9.9715e-01	
 3.5519e-01	
 5.9067e-01	
 7.2304e-01	
 1.0165e+00	
 5.4262e-01	
 3.6062e-01	
 4.8548e-01	
 4.6982e-01	
 5.3553e-01	
 6.7793e-01	
 6.4576e-01	
 5.5685e-01	
 5.9127e-01	
 5.4594e-01	
 2.9290e-01	
 5.8616e-01	
 4.6508e-01	
 4.4150e-01	
 4.0687e-01	
 5.1692e-01	
 7.0299e-01	
 5.0325e-01	
 1.4218e+00	
 5.6573e-01	
 2.9654e-01	
 6.0842e-01	
 5.3915e-01	
 7.0286e-01	
 5.5278e-01	
 4.9409e-01	
 4.8646e-01	
 6.1006e-01	
 3.8068e-01	
 1.9827e-01	
 5.2051e-01	
 6.3254e-01	
 4.2094e-01	
 3.9415e-01	
 6.9443e-01	
 3.4466e-01	
 4.3363e-01	
 4.5079e-01	
 3.2255e-01	
 6.4254e-01	
 5.1088e-01	
 4.5827e-01	
 6.0353e-01	
 2.8059e-01	
 4.5838e-01	
 5.7780e-01	
 3.4387e-01	
 5.5214e-01	
 4.2596e-01	
 5.7221e-01	
 4.2298e-01	
 3.4128e-01	
 6.3724e-01	
 6.6216e-01	
 2.3808e-01	
 5.3666e-01	
 5.4642e-01	
 5.2168e-01	
 6.6792e-01	
 5.1864e-01	
 3.9841e-01	
 2.4761e-01	
 1.0697e+00	
 6.4029e-01	
 4.6639e-01	
 3.7938e-01	
 5.9065e-01	
 7.9569e-01	
 5.5286e-01	
 8.2034e-01	
 5.0667e-01	
 5.4963e-01	
 3.1780e-01	
 8.0592e-01	
 6.1972e-01	
 4.1487e-01	
 4.8021e-01	
 7.8873e-01	
 4.0054e-01	
 5.5601e-01	
 4.9079e-01	
 5.8122e-01	
 4.8244e-01	
 8.7037e-01	
 6.2708e-01	
 4.4680e-01	
 8.5262e-01	
 7.2820e-01	
 5.7260e-01	
 5.9800e-01	
 3.9814e-01	
 2.6251e-01	
 6.1573e-01	
 5.5444e-01	
 3.9744e-01	
 2.4602e-01	
 4.5979e-01	
 3.9327e-01	
 9.0765e-01	
 7.1942e-01	
 3.9695e-01	
 4.0468e-01	
 5.1435e-01	
 4.8690e-01	
 5.2764e-01	
 9.8649e-01	
 7.8417e-01	
 7.2457e-01	
 3.3490e-01	
 5.9896e-01	
 2.8029e-01	
 4.3049e-01	
 8.9811e-01	
 7.1886e-01	
 5.9718e-01	
 5.2521e-01	
 4.3791e-01	
 6.7434e-01	
 3.1206e-01	
 4.7563e-01	
 5.7147e-01	
 3.7750e-01	
 8.4625e-01	
 8.7265e-01	
 4.9374e-01	
 4.4962e-01	
 4.2098e-01	
 4.6716e-01	
 3.8416e-01	
 5.4840e-01	
 4.7008e-01	
 5.0896e-01	
 3.9714e-01	
 6.0730e-01	
 6.4408e-01	
 7.0512e-01	
 7.0899e-01	
 7.7359e-01	
 5.7878e-01	
 4.0333e-01	
 3.9703e-01	
 3.8023e-01	
 8.3358e-01	
 5.0566e-01	
 6.3321e-01	
 4.0072e-01	
 4.9911e-01	
 7.9041e-01	
 6.0597e-01	
 3.3410e-01	
 5.0036e-01	
 4.8041e-01	
 4.8255e-01	
 3.4303e-01	
 2.0566e-01	
 3.4736e-01	
 1.1229e+00	
 3.7797e-01	
 3.7891e-01	
 7.8749e-01	
 5.2464e-01	
 6.6808e-01	
 4.7729e-01	
 3.6810e-01	
 5.2643e-01	
 6.2347e-01	
 5.7499e-01	
 5.0117e-01	
 2.6944e-01	
 5.9582e-01	
 5.7325e-01	
 5.6861e-01	
 7.9308e-01	
 7.9539e-01	
 4.9420e-01	
 6.1432e-01	
 7.9529e-01	
 3.7328e-01	
 6.6346e-01	
 3.8322e-01	
 3.8409e-01	
 6.7220e-01	
 2.9114e-01	
 5.4246e-01	
 6.6067e-01	
 5.9794e-01	
 3.6372e-01	
 4.0079e-01	
 6.6211e-01	
 5.7002e-01	
 6.9468e-01	
 6.3686e-01	
 6.1538e-01	
 3.5701e-01	
 2.4159e-01	
 5.8955e-01	
 5.1992e-01	
 4.2374e-01	
 8.1632e-01	
 1.5825e+00	
 9.2365e-01	
 5.4765e-01	
 5.2779e-01	
 6.3991e-01	
 9.4920e-01	
 8.2993e-01	
 6.9215e-01	
 1.0531e+00	
 3.4983e-01	
 2.8842e-01	
 4.6296e-01	
 6.0344e-01	
 6.2998e-01	
 7.7990e-01	
 3.9042e-01	
 3.4300e-01	
 6.3030e-01	
 7.5367e-01	
 4.6706e-01	
 1.8158e-01	
 1.1477e+00	
 5.9017e-01	
 3.5894e-01	
 5.6360e-01	
 6.7152e-01	
 5.1543e-01	
 5.8590e-01	
 6.1649e-01	
 6.0546e-01	
 3.1573e-01	
 5.6325e-01	
 7.1490e-01	
 4.5680e-01	
 3.2215e-01	
 5.2318e-01	
 4.3807e-01	
 7.9041e-01	
 2.6728e-01	
 4.2447e-01	
 5.1173e-01	
 5.1815e-01	
 4.5259e-01	
 3.7787e-01	
 9.8179e-01	
 6.8101e-01	
 5.9433e-01	
 5.2080e-01	
 3.3211e-01	
 1.1343e+00	
 5.1403e-01	
 8.1476e-01	
 7.6452e-01	
 4.7017e-01	
 4.2712e-01	
 8.5743e-01	
 6.3665e-01	
 6.0360e-01	
 4.3937e-01	
 4.1091e-01	
 7.7972e-01	
 5.3796e-01	
 5.5447e-01	
 5.0781e-01	
 5.7415e-01	
 5.4913e-01	
 5.5517e-01	
 7.1778e-01	
 4.4378e-01	
 5.6419e-01	
 5.0995e-01	
 3.8173e-01	
 8.5884e-01	
 6.6970e-01	
 8.7623e-01	
 4.6034e-01	
 9.3895e-01	
 4.2875e-01	
 7.6941e-01	
 6.2711e-01	
 6.4014e-01	
 5.4948e-01	
 4.8300e-01	
 5.9551e-01	
 6.7656e-01	
 7.3718e-01	
 3.1426e-01	
 5.5816e-01	
 5.1450e-01	
 5.4927e-01	
 5.0312e-01	
 7.1476e-01	
 4.6212e-01	
 6.0113e-01	
 6.7168e-01	
 6.0663e-01	
 8.0714e-01	
 5.5857e-01	
 5.6038e-01	
 6.3339e-01	
 4.0998e-01	
 8.7529e-01	
 7.3302e-01	
 6.3007e-01	
 3.8632e-01	
 6.6094e-01	
 5.4718e-01	
 6.1609e-01	
 7.1237e-01	
 3.5792e-01	
 5.5402e-01	
 7.9892e-01	
 5.1058e-01	
 6.2036e-01	
 5.1446e-01	
 5.4004e-01	
 6.3006e-01	
 8.1925e-01	
 5.0534e-01	
 5.7391e-01	
 6.6983e-01	
 8.0086e-01	
 3.5810e-01	
 6.3008e-01	
 5.3034e-01	
 3.5245e-01	
 3.8571e-01	
 4.6456e-01	
 4.2360e-01	
 7.6625e-01	
 4.9484e-01	
 5.4461e-01	
 8.1150e-01	
 7.6863e-01	
 9.2765e-01	
 3.8312e-01	
 5.0442e-01	
 9.7017e-01	
 1.1049e+00	
 1.0952e+00	
 7.0167e-01	
 3.7297e-01	
 5.8790e-01	
 5.6892e-01	
 1.2851e+00	
 3.5068e-01	
 2.6623e-01	
 2.7498e-01	
 2.4888e-01	
 9.2128e-01	
 3.4419e-01	
 2.1257e-01	
 2.9692e-01	
 2.5035e-01	
 1.4009e-01	
 1.1848e-01	
 2.3612e-01	
 1.3659e-01	
 5.9104e-01	
 1.5853e-01	
 2.5288e-01	
 1.9496e-01	
 4.8153e-01	
 1.1659e-01	
 1.7437e-01	
 3.8180e-01	
 1.5574e-01	
 3.2949e-01	
 2.0806e-01	
 3.3287e-01	
 2.6774e-01	
 2.1733e-01	
 1.0502e-01	
 4.7186e-01	
 1.7347e-01	
 2.4615e-01	
 1.9011e-01	
 2.0684e-01	
 7.5817e-02	
 1.5652e-01	
 1.4762e-01	
 3.1967e-01	
 2.4676e-01	
 2.1686e-01	
 1.4308e-01	
 2.4150e-01	
 1.5865e-01	
 1.4747e-01	
 1.6065e-01	
 1.3213e-01	
 4.6916e-01	
 1.2009e-01	
 3.5371e-01	
 1.3921e-01	
 2.6962e-01	
 2.9012e-01	
 1.3233e-01	
 2.0348e-01	
 1.9619e-01	
 2.9792e-01	
 4.2813e-01	
 2.4646e-01	
 2.3914e-01	
 2.2355e-01	
 1.7103e-01	
 1.4037e-01	
 2.8206e-01	
 2.1058e-01	
 3.2599e-01	
 3.7471e-01	
 1.9578e-01	
 2.0374e-01	
 1.3238e-01	
 1.5709e-01	
 1.1375e-01	
 1.6982e-01	
 1.4633e-01	
 9.7173e-02	
 1.9047e-01	
 1.4226e-01	
 2.4830e-01	
 1.4783e-01	
 2.2024e-01	
 1.0709e-01	
 8.3458e-02	
 1.6544e-01	
 1.4679e-01	
 1.6414e-01	
 1.9702e-01	
 1.3862e-01	
 2.3972e-01	
 1.9506e-01	
 1.5789e-01	
 3.3862e-01	
 2.3645e-01	
 3.1382e-01	
 4.4363e-01	
 2.7174e-01	
 7.0891e-02	
 1.6480e-01	
 2.3638e-01	
 3.8995e-01	
 1.9276e-01	
 6.7251e-02	
 1.0199e-01	
 3.4766e-01	
 1.9440e-01	
 2.0265e-01	
 1.9044e-01	
 1.2412e-01	
 2.0396e-01	
 1.6500e-01	
 1.2632e-01	
 4.5621e-01	
 7.3821e-02	
 1.3411e-01	
 2.7878e-01	
 1.9539e-01	
 2.2060e-01	
 2.6542e-01	
 3.2413e-01	
 1.6485e-01	
 1.9253e-01	
 5.9953e-02	
 1.8854e-01	
 9.8277e-02	
 2.6928e-01	
 4.6564e-01	
 1.5010e-01	
 3.1477e-01	
 2.0552e-01	
 2.3428e-01	
 2.6955e-01	
 1.9718e-01	
 2.7165e-01	
 3.7557e-02	
 1.9977e-01	
 1.9692e-01	
 2.0187e-01	
 1.4183e-01	
 3.0769e-01	
 3.6300e-01	
 1.6007e-01	
 2.1918e-01	
 1.7678e-01	
 2.2143e-01	
 1.1900e-01	
 6.6126e-01	
 4.7839e-01	
 1.0582e-01	
 1.1582e-01	
 1.2181e-01	
 1.2679e-01	
 2.0253e-01	
 3.2966e-01	
 1.7939e-01	
 2.6564e-01	
 2.7005e-01	
 3.3697e-01	
 1.6068e-01	
 7.3628e-02	
 6.5809e-02	
 1.1720e-01	
 2.0090e-01	
 7.7467e-02	
 4.8177e-01	
 9.2886e-02	
 3.6581e-01	
 2.8278e-01	
 1.9359e-01	
 3.6137e-01	
 5.8928e-02	
 2.3574e-01	
 2.9615e-01	
 2.1063e-01	
 1.1934e-01	
 2.8374e-01	
 7.1201e-02	
 1.0664e-01	
 7.6590e-02	
 3.8902e-01	
 1.8610e-01	
 1.3099e-01	
 1.0809e-01	
 2.0371e-01	
 1.6631e-01	
 2.7774e-01	
 3.3746e-01	
 1.2403e-01	
 4.2879e-01	
 3.0759e-01	
 3.1710e-01	
 1.9347e-01	
 9.4082e-02	
 2.1810e-01	
 4.4426e-01	
 2.4540e-01	
 4.2885e-01	
 3.6451e-01	
 1.8885e-01	
 1.3292e-01	
 1.8533e-01	
 2.1912e-01	
 7.8892e-01	
 1.1706e-01	
 2.7122e-01	
 2.4622e-01	
 4.5117e-01	
 3.4929e-01	
 5.1359e-01	
 1.2332e-01	
 5.3303e-01	
 3.6145e-01	
 2.5251e-01	
 1.6758e-01	
 1.3224e-01	
 2.6209e-01	
 1.6481e-01	
 1.9812e-01	
 3.4429e-01	
 4.5130e-01	
 2.0605e-01	
 1.2285e-01	
 4.4196e-01	
 2.4141e-01	
 2.2347e-01	
 1.8307e-01	
 2.8770e-01	
 2.8068e-01	
 1.4543e-01	
 1.6102e-01	
 9.9677e-02	
 3.1335e-01	
 3.9677e-01	
 9.3960e-02	
 1.8743e-01	
 2.4618e-01	
 2.8767e-01	
 1.2093e-01	
 2.6742e-01	
 2.1579e-01	
 1.6562e-01	
 2.0724e-01	
 9.3808e-01	
 1.2883e-01	
 4.2553e-01	
 5.9709e-01	
 2.2858e-01	
 2.6169e-01	
 3.1129e-01	
 2.9703e-01	
 1.6511e-01	
 1.0975e-01	
 3.5650e-01	
 3.9732e-01	
 2.6895e-01	
 5.0270e-01	
 4.6924e-01	
 2.5978e-01	
 2.3982e-01	
 2.9622e-01	
 1.5419e-01	
 1.7684e-01	
 1.7044e-01	
 2.6012e-01	
 2.0695e-01	
 1.1031e-01	
 3.0550e-01	
 2.3796e-01	
 4.0873e-01	
 4.0929e-01	
 3.8984e-01	
 1.6625e-01	
 3.4421e-01	
 1.1724e-01	
 1.5774e-01	
 3.0206e-01	
 2.3439e-01	
 2.7872e-01	
 2.7227e-01	
 1.7100e-01	
 1.9134e-01	
 1.5614e-01	
 2.4436e-01	
 3.8569e-01	
 5.1675e-01	
 4.6440e-01	
 1.7762e-01	
 4.9024e-01	
 1.8037e-01	
 1.0522e-01	
 2.4011e-01	
 1.6204e-01	
 2.7770e-01	
 2.5835e-01	
 2.7609e-01	
 2.7495e-01	
 2.4506e-01	
 4.3926e-01	
 9.3225e-02	
 5.6883e-01	
 1.7715e-01	
 1.2836e-01	
 1.5900e-01	
 3.6357e-01	
 1.4658e-01	
 3.3998e-01	
 1.9423e-01	
 6.9319e-02	
 5.0230e-01	
 2.2486e-01	
 2.9200e-01	
 2.8152e-01	
 1.0522e-01	
 1.8563e-01	
 1.3652e-01	
 2.1011e-01	
 5.2032e-01	
 1.5570e-01	
 2.0460e-01	
 8.1671e-01	
 2.7441e-01	
 1.4082e-01	
 1.8952e-01	
 3.8372e-01	
 1.8319e-01	
 1.8518e-01	
 2.4003e-01	
 2.4965e-01	
 2.5114e-01	
 4.0404e-01	
 4.3584e-01	
 2.0535e-01	
 3.9020e-01	
 1.6972e-01	
 4.7477e-01	
 3.5162e-01	
 3.6145e-01	
 1.1761e-01	
 3.4575e-01	
 2.4020e-01	
 1.5578e-01	
 1.3431e-01	
 3.1995e-01	
 1.2376e-01	
 6.9190e-01	
 3.3155e-01	
 2.3560e-01	
 3.6366e-01	
 1.9586e-01	
 3.9769e-01	
 2.2387e-01	
 1.8208e-01	
 2.3977e-01	
 3.1265e-01	
 2.7268e-01	
 1.2915e-01	
 3.1984e-01	
 4.6013e-01	
 2.8650e-01	
 9.4449e-02	
 1.1676e-01	
 3.4245e-01	
 8.5642e-02	
 3.3441e-01	
 6.1953e-01	
 2.6277e-01	
 3.5649e-01	
 2.2656e-01	
 3.3997e-01	
 1.1999e-01	
 1.7971e-01	
 3.7978e-01	
 1.6182e-01	
 2.5950e-01	
 3.4140e-01	
 7.6610e-02	
 2.5695e-01	
 5.6060e-01	
 2.5839e-01	
 9.9588e-02	
 2.6443e-01	
 1.6645e-01	
 3.7628e-01	
 2.5571e-01	
 6.0098e-01	
 1.1070e-01	
 2.9613e-01	
 4.4457e-01	
 2.3461e-01	
 6.2585e-01	
 3.0705e-01	
 2.6755e-01	
 3.6292e-01	
 1.9712e-01	
 1.2645e-01	
 3.2309e-01	
 2.1073e-01	
 1.9849e-01	
 1.2660e-01	
 3.5461e-01	
 4.7581e-01	
 1.0193e-01	
 2.5461e-01	
 4.5454e-01	
 4.2933e-01	
 2.4765e-01	
 4.2127e-01	
 4.4567e-01	
 3.1444e-01	
 2.8064e-01	
 1.5511e-01	
 2.9008e-01	
 1.7239e-01	
 1.4911e-01	
 3.6487e-01	
 2.0649e-01	
 1.9188e-01	
 3.2585e-01	
 1.8414e-01	
 7.8774e-01	
 3.1663e-01	
 9.0432e-02	
 1.6172e-01	
 2.0216e-01	
 1.2556e-01	
 2.4014e-01	
 1.7483e-01	
 6.3526e-01	
 2.1815e-01	
 3.0456e-01	
 4.3775e-01	
 4.8058e-01	
 2.5141e-01	
 1.3622e-01	
 3.3272e-01	
 1.6123e-01	
 2.4862e-01	
 2.9881e-01	
 3.0704e-01	
 3.5223e-01	
 1.7753e-01	
 3.5789e-01	
 1.2806e-01	
 1.8472e-01	
 2.7523e-01	
 4.2220e-01	
 1.6809e-01	
 5.2855e-01	
 1.3062e-01	
 1.7225e-01	
 3.4446e-01	
 2.1696e-01	
 1.0977e-01	
 1.7927e-01	
 3.6659e-01	
 2.4412e-01	
 2.4879e-01	
 6.4842e-01	
 1.9052e-01	
 2.2204e-01	
 2.8391e-01	
 7.6077e-02	
 3.3440e-01	
 3.7305e-01	
 2.7047e-01	
 1.9389e-01	
 1.6654e-01	
 4.1957e-01	
 2.5682e-01	
 3.2217e-01	
 9.3728e-01	
 4.0909e-01	
 2.9951e-01	
 3.7228e-01	
 1.7757e-01	
 1.8594e-01	
 1.7043e-01	
 2.0184e-01	
 2.3310e-01	
 1.8197e-01	
 2.2364e-01	
 3.6658e-01	
 2.2796e-01	
 9.7872e-02	
 2.6353e-01	
 7.7293e-02	
 1.1526e-01	
 1.5564e-01	
 2.1788e-01	
 3.1539e-01	
 1.8071e-01	
 3.0289e-01	
 3.0281e-01	
 3.9699e-01	
 1.0559e-01	
 2.4523e-01	
 2.2289e-01	
 3.0692e-01	
 1.6820e-01	
 5.0266e-01	
 5.2944e-01	
 1.2948e-01	
 1.4307e-01	
 2.7774e-01	
 1.0777e-01	
 2.8180e-01	
 6.9861e-01	
 2.0220e-01	
 3.3767e-01	
 4.6995e-01	
 2.4005e-01	
 3.6980e-01	
 1.9707e-01	
 7.1159e-01	
 1.0541e-01	
 4.0179e-01	
 2.0699e-01	
 1.2129e-01	
 2.4268e-01	
 2.3465e-01	
 3.0322e-01	
 4.1363e-01	
 3.2378e-01	
 3.9927e-01	
 4.1047e-01	
 1.7629e-01	
 1.3642e-01	
 1.6644e-01	
 1.3589e-01	
 2.7774e-01	
 3.1337e-01	
 3.3167e-01	
 3.1755e-01	
 1.3006e-01	
 2.3644e-01	
 1.6104e-01	
 9.1008e-02	
 1.1395e-01	
 2.8532e-01	
 3.5927e-01	
 3.6510e-01	
 2.3499e-01	
 4.6064e-01	
 1.8899e-01	
 2.5952e-01	
 1.9822e-01	
 3.4046e-01	
 3.6967e-01	
 3.5319e-01	
 4.2905e-01	
 1.9716e-01	
 3.6984e-01	
 1.0539e-01	
 2.5971e-01	
 1.6827e-01	
 5.3019e-01	
 6.9089e-01	
 1.5213e-01	
 3.5974e-01	
 2.2144e-01	
 1.0376e-01	
 2.9534e-01	
 1.2342e-01	
 4.7432e-01	
 3.2572e-01	
 3.1775e-01	
 2.0891e-01	
 4.0202e-01	
 1.6470e-01	
 3.3840e-01	
 2.4582e-01	
 2.5601e-01	
 2.7674e-01	
 4.2910e-01	
 1.9282e-01	
 5.9096e-01	
 3.1406e-01	
 1.6366e-01	
 3.4392e-01	
 2.2909e-01	
 1.2669e-01	
 1.9850e-01	
 2.1171e-01	
 3.0762e-01	
 4.3726e-01	
 2.3866e-01	
 3.3290e-01	
 3.5938e-01	
 3.5393e-01	
 2.2254e-01	
 2.6084e-01	
 1.4864e-01	
 1.9120e-01	
 1.9610e-01	
 1.7583e-01	
 2.4304e-01	
 2.9051e-01	
 2.6213e-01	
 2.0735e-01	
 1.2816e-01	
 3.2309e-01	
 4.0158e-01	
 2.2858e-01	
 4.1304e-01	
 3.7188e-01	
 3.2293e-01	
 3.0879e-01	
 4.6146e-01	
 3.3207e-01	
 4.3763e-01	
 1.9710e-01	
 1.5918e-01	
 2.4079e-01	
 4.5006e-01	
 2.4443e-01	
 2.8295e-01	
 5.4455e-01	
 2.6746e-01	
 5.2917e-01	
 3.1579e-01	
 1.3752e-01	
 4.1047e-01	
 3.5142e-01	
 2.2889e-01	
 2.9529e-01	
 2.0546e-01	
 3.5977e-01	
 3.3602e-01	
 4.2483e-02	
 2.9658e-01	
 1.6817e-01	
 2.2183e-01	
 1.0164e+00	
 1.7618e-01	
 5.6946e-01	
 2.7139e-01	
 1.6074e-01	
 2.8555e-01	
 2.7967e-01	
 2.6310e-01	
 1.4448e-01	
 2.9257e-01	
 6.1265e-01	
 2.0416e-01	
 1.9812e-01	
 2.8657e-01	
 4.3751e-01	
 1.7915e-01	
 1.6338e-01	
 1.6485e-01	
 2.4658e-01	
 5.2300e-01	
 1.4492e-01	
 1.5058e-01	
 6.6094e-01	
 4.1661e-01	
 2.2142e-01	
 3.1355e-01	
 2.0627e-01	
 2.2978e-01	
 2.5342e-01	
 2.1695e-01	
 2.4467e-01	
 4.5781e-01	
 2.6777e-01	
 5.3650e-01	
 5.5981e-01	
 1.8324e-01	
 2.6507e-01	
 1.9858e-01	
 2.0867e-01	
 4.8508e-01	
 2.7106e-01	
 2.5444e-01	
 1.4414e-01	
 3.0693e-01	
 1.7843e-01	
 2.6345e-01	
 2.6920e-01	
 7.4413e-01	
 3.6848e-01	
 6.4297e-01	
 4.6889e-01	
 7.3440e-01	
 3.1129e-01	
 5.7473e-01	
 1.5333e-01	
 5.1177e-01	
 1.9100e-01	
 4.4526e-01	
 3.6077e-01	
 5.7327e-01	
 2.9418e-01	
 4.5753e-01	
 3.4512e-01	
 3.7118e-01	
 3.4227e-01	
 1.8889e-01	
 4.8013e-01	
 3.9598e-01	
 3.0549e-01	
 3.1806e-01	
 2.0825e-01	
 1.3968e-01	
 4.4626e-01	
 3.4907e-01	
 1.4566e-01	
 3.0331e-01	
 4.8234e-01	
 1.2290e-01	
 3.3896e-01	
 6.2121e-01	
 4.1257e-01	
 2.3217e-01	
 4.9685e-01	
 1.9567e-01	
 1.9091e-01	
 1.6098e-01	
 1.7025e-01	
 3.7776e-01	
 1.7926e-01	
 1.4302e-01	
 3.0677e-01	
 2.4345e-01	
 1.9448e-01	
 2.2051e-01	
 2.7030e-01	
 1.1459e-01	
 1.8618e-01	
 2.1498e-01	
 4.2547e-01	
 4.6467e-01	
 2.8586e-01	
 2.3002e-01	
 3.0614e-01	
 3.6033e-01	
 2.2955e-01	
 2.1847e-01	
 2.0073e-01	
 1.4875e-01	
 1.7861e-01	
 5.4963e-01	
 1.9153e-01	
 2.0669e-01	
 5.3271e-01	
 1.6526e-01	
 2.8896e-01	
 1.7818e-01	
 1.0698e-01	
 1.7979e-01	
 4.0504e-01	
 2.5301e-01	
 2.6438e-01	
 5.1253e-01	
 1.8459e-01	
 6.0891e-01	
 2.1791e-01	
 2.3462e-01	
 2.7247e-01	
 5.6164e-01	
 4.8215e-01	
 1.3807e-01	
 1.3845e-01	
 2.4590e-01	
 2.4170e-01	
 3.6225e-01	
 4.3327e-01	
 3.8171e-01	
 1.4638e-01	
 2.2715e-01	
 3.5607e-01	
 3.9904e-01	
 3.1353e-01	
 1.9074e-01	
 6.9321e-01	
 2.6079e-01	
 4.7672e-01	
 3.0752e-01	
 3.8376e-01	
 1.5535e-01	
 7.5985e-01	
 2.2447e-01	
 1.1916e-01	
 2.8681e-01	
 1.9088e-01	
 1.9298e-01	
 1.7152e-01	
 3.9275e-01	
 5.1842e-01	
 2.6111e-01	
 2.6182e-01	
 2.7732e-01	
 1.4558e-01	
 5.4371e-01	
 3.7481e-01	
 3.1580e-01	
 3.5801e-01	
 5.6539e-01	
 2.8265e-01	
 4.6819e-01	
 1.4205e-01	
 4.0842e-01	
 4.8777e-01	
 2.9460e-01	
 7.0235e-01	
 2.4765e-01	
 3.7815e-01	
 1.0761e-01	
 2.0589e-01	
 5.6321e-01	
 1.7541e-01	
 1.6369e-01	
 4.0986e-01	
 4.5737e-01	
 3.5543e-01	
 4.1720e-01	
 2.0805e-01	
 2.7046e-01	
 2.0257e-01	
 3.4376e-01	
 1.3837e-01	
 3.7324e-01	
 2.7244e-01	
 2.7633e-01	
 1.9163e-01	
 2.8773e-01	
 4.0808e-01	
 2.9498e-01	
 3.1746e-01	
 2.7462e-01	
 3.9556e-01	
 1.8825e-01	
 2.5609e-01	
 2.4531e-01	
 6.6219e-01	
 2.1496e-01	
 3.4710e-01	
 2.0615e-01	
 3.4394e-01	
 3.3666e-01	
 8.7151e-02	
 2.6757e-01	
 3.2300e-01	
 4.4181e-01	
 2.7263e-01	
 3.3957e-01	
 2.6739e-01	
 1.8170e-01	
 3.0939e-01	
 2.0543e-01	
 2.2854e-01	
 6.6170e-01	
 2.2728e-01	
 4.5810e-01	
 2.7454e-01	
 1.8143e-01	
 2.1696e-01	
 4.7262e-01	
 5.0942e-01	
 2.7243e-01	
 6.7435e-01	
 7.1597e-01	
 2.8717e-01	
 1.8704e-01	
 1.3283e-01	
 7.5595e-01	
 2.6732e-01	
 2.3771e-01	
 1.6270e-01	
 1.2857e-01	
 2.5301e-01	
 1.8891e-01	
 2.7095e-01	
 1.1813e-01	
 2.2257e-01	
 2.1314e-01	
 4.4730e-01	
 3.6263e-01	
 2.3924e-01	
 2.4156e-01	
 4.5514e-01	
 4.1022e-01	
 3.0478e-01	
 3.2807e-01	
 2.0775e-01	
 1.5236e-01	
 4.6406e-01	
 2.3439e-01	
 3.5725e-01	
 1.7451e-01	
 2.4903e-01	
 4.0333e-01	
 1.6787e-01	
 2.6416e-01	
 3.8408e-01	
 3.6811e-01	
 1.6649e-01	
 1.0284e+00	
 3.5823e-01	
 5.9056e-01	
 5.5300e-01	
 2.3573e-01	
 4.6387e-01	
 2.7868e-01	
 8.2309e-01	
 4.0176e-01	
 2.9902e-01	
 3.3456e-01	
 3.8396e-01	
 2.2849e-01	
 5.5896e-01	
 3.1448e-01	
 3.5862e-01	
 2.3298e-01	
 2.2259e-01	
 2.9090e-01	
 6.2920e-01	
 2.2276e-01	
 3.1699e-01	
 2.2145e-01	
 8.3752e-02	
 5.2483e-01	
 2.8718e-01	
 4.1007e-01	
 2.4010e-01	
 2.6610e-01	
 2.2966e-01	
 3.4110e-01	
 2.3891e-01	
 1.4852e-01	
 3.6603e-01	
 2.3374e-01	
 2.9478e-01	
 2.5153e-01	
 3.7482e-01	
 4.0310e-01	
 5.2800e-01	
 2.3272e-01	
 2.3508e-01	
 3.4525e-01	
 2.8379e-01	
 3.9235e-01	
 4.0932e-01	
 2.8597e-01	
 3.0071e-01	
 2.8914e-01	
 7.0371e-01	
 2.2926e-01	
 3.3088e-01	
 1.9352e-01	
 1.0941e-01	
 7.5652e-01	
 2.8595e-01	
 3.2249e-01	
 4.1392e-01	
 3.8724e-01	
 2.8171e-01	
 3.5876e-01	
 1.3939e-01	
 4.5992e-01	
 2.6808e-01	
 5.1463e-01	
 3.8707e-01	
 3.1338e-01	
 5.2907e-01	
 3.4799e-01	
 2.5732e-01	
 3.4709e-01	
 1.9611e-01	
 2.8082e-01	
 7.8105e-01	
 6.1724e-01	
 3.5591e-01	
 3.5776e-01	
 4.1215e-01	
 2.6992e-01	
 1.9532e-01	
 4.0660e-01	
 2.9182e-01	
 3.3365e-01	
 1.9953e-01	
 3.4698e-01	
 3.9007e-01	
 3.5078e-01	
 2.1744e-01	
 3.0479e-01	
 3.8943e-01	
 3.0898e-01	
 4.0508e-01	
 3.1238e-01	
 3.5146e-01	
 6.2715e-01	
 2.5596e-01	
 1.6476e-01	
 1.6720e-01	
 3.8817e-01	
 3.6577e-01	
 1.4757e-01	
 7.6193e-01	
 1.1617e-01	
 5.4687e-01	
 1.6020e-01	
 2.7089e-01	
 2.0436e-01	
 5.1673e-01	
 2.9608e-01	
 3.2763e-01	
 2.7862e-01	
 3.7936e-01	
 2.5641e-01	
 4.7633e-01	
 1.9038e-01	
 3.9530e-01	
 2.9921e-01	
 1.3894e-01	
 5.0023e-01	
 2.5928e-01	
 5.9325e-01	
 2.9335e-01	
 1.9247e-01	
 2.8950e-01	
 2.2931e-01	
 2.9919e-01	
 2.3036e-01	
 2.1140e-01	
 4.8210e-01	
 2.9356e-01	
 4.0314e-01	
 4.3223e-01	
 7.5015e-02	
 2.8679e-01	
 7.8598e-01	
 2.4854e-01	
 3.5432e-01	
 3.6832e-01	
 2.3973e-01	
 2.1681e-01	
 7.4737e-01	
 2.3960e-01	
 4.9395e-01	
 4.4381e-01	
 4.7538e-01	
 7.7154e-01	
 2.1676e-01	
 2.0635e-01	
 7.6757e-01	
 5.1393e-01	
 1.4227e-01	
 4.7403e-01	
 4.9076e-01	
 3.8033e-01	
 1.7369e-01	
 1.4647e-01	
 3.2242e-01	
 2.2630e-01	
 3.9588e-01	
 2.3973e-01	
 1.5942e-01	
 2.3233e-01	
 3.1841e-01	
 3.8085e-01	
 2.2561e-01	
 8.4550e-01	
 4.1782e-01	
 2.9449e-01	
 3.0246e-01	
 7.0232e-01	
 5.3481e-01	
 5.2972e-01	
 4.9383e-01	
 6.4832e-01	
 3.5054e-01	
 5.3643e-01	
 3.7929e-01	
 5.2332e-01	
 2.7199e-01	
 3.8625e-01	
 4.9496e-01	
 3.4955e-01	
 3.8749e-01	
 7.3046e-01	
 8.1539e-01	
 2.1200e-01	
 3.9454e-01	
 5.2505e-01	
 3.9966e-01	
 3.2248e-01	
 2.9431e-01	
 2.8033e-01	
 2.3929e-01	
 3.2035e-01	
 2.4052e-01	
 3.9862e-01	
 3.8482e-01	
 4.4925e-01	
 1.9816e-01	
 2.9534e-01	
 2.8824e-01	
 4.5530e-01	
 3.6989e-01	
 3.0085e-01	
 1.5338e-01	
 2.7563e-01	
 2.9091e-01	
 2.4477e-01	
 3.3036e-01	
 3.7046e-01	
 1.9874e-01	
 1.9684e-01	
 2.4354e-01	
 3.5850e-01	
 2.8676e-01	
 5.9346e-01	
 1.9903e-01	
 3.2619e-01	
 4.4859e-01	
 3.4663e-01	
 4.0469e-01	
 3.3514e-01	
 2.4122e-01	
 2.5191e-01	
 2.7598e-01	
 5.0103e-01	
 3.8993e-01	
 2.8755e-01	
 3.2726e-01	
 6.6305e-01	
 4.3420e-01	
 1.0000e+00	
 5.4615e-01	
 4.4207e-01	
 2.4386e-01	
 4.7887e-01	
 2.6991e-01	
 3.2944e-01	
 2.6881e-01	
 2.0693e-01	
