loss	
 4.6163e+00	
 4.6188e+00	
 4.6128e+00	
 4.6164e+00	
 4.6145e+00	
 4.6129e+00	
 4.6145e+00	
 4.6154e+00	
 4.6137e+00	
 4.6167e+00	
 4.6148e+00	
 4.6154e+00	
 4.6168e+00	
 4.6151e+00	
 4.6148e+00	
 4.6171e+00	
 4.6139e+00	
 4.6160e+00	
 4.6172e+00	
 4.6156e+00	
 4.6135e+00	
 4.6143e+00	
 4.6151e+00	
 4.6157e+00	
 4.6151e+00	
 4.6125e+00	
 4.6162e+00	
 4.6134e+00	
 4.6158e+00	
 4.6174e+00	
 4.6142e+00	
 4.6132e+00	
 4.6161e+00	
 4.6173e+00	
 4.6149e+00	
 4.6177e+00	
 4.6160e+00	
 4.6140e+00	
 4.6122e+00	
 4.6150e+00	
 4.6153e+00	
 4.6130e+00	
 4.6150e+00	
 4.6182e+00	
 4.6150e+00	
 4.6107e+00	
 4.6167e+00	
 4.6172e+00	
 4.6178e+00	
 4.6115e+00	
 4.6162e+00	
 4.6135e+00	
 4.6158e+00	
 4.6176e+00	
 4.6126e+00	
 4.6183e+00	
 4.6137e+00	
 4.6145e+00	
 4.6162e+00	
 4.6156e+00	
 4.6127e+00	
 4.6175e+00	
 4.6126e+00	
 4.6131e+00	
 4.6176e+00	
 4.6170e+00	
 4.6124e+00	
 4.6117e+00	
 4.6142e+00	
 4.6159e+00	
 4.6141e+00	
 4.6134e+00	
 4.6125e+00	
 4.6170e+00	
 4.6129e+00	
 4.6176e+00	
 4.6154e+00	
 4.6164e+00	
 4.6155e+00	
 4.6157e+00	
 4.6148e+00	
 4.6148e+00	
 4.6180e+00	
 4.6149e+00	
 4.6168e+00	
 4.6190e+00	
 4.6143e+00	
 4.6183e+00	
 4.6141e+00	
 4.6124e+00	
 4.6145e+00	
 4.6153e+00	
 4.6168e+00	
 4.6204e+00	
 4.6134e+00	
 4.6157e+00	
 4.6133e+00	
 4.6155e+00	
 4.6154e+00	
 4.6175e+00	
 4.6153e+00	
 4.6164e+00	
 4.6107e+00	
 4.6147e+00	
 4.6171e+00	
 4.6126e+00	
 4.6212e+00	
 4.6119e+00	
 4.6156e+00	
 4.6129e+00	
 4.6158e+00	
 4.6168e+00	
 4.6124e+00	
 4.6126e+00	
 4.6153e+00	
 4.6135e+00	
 4.6136e+00	
 4.6143e+00	
 4.6142e+00	
 4.6150e+00	
 4.6221e+00	
 4.6160e+00	
 4.6162e+00	
 4.6180e+00	
 4.6174e+00	
 4.6118e+00	
 4.6155e+00	
 4.6205e+00	
 4.6159e+00	
 4.6152e+00	
 4.6190e+00	
 4.6200e+00	
 4.6169e+00	
 4.6105e+00	
 4.6155e+00	
 4.6136e+00	
 4.6140e+00	
 4.6120e+00	
 4.6169e+00	
 4.6152e+00	
 4.6186e+00	
 4.6129e+00	
 4.6187e+00	
 4.6167e+00	
 4.6119e+00	
 4.6087e+00	
 4.6165e+00	
 4.6098e+00	
 4.6188e+00	
 4.6144e+00	
 4.6125e+00	
 4.6186e+00	
 4.6141e+00	
 4.6169e+00	
 4.6098e+00	
 4.6089e+00	
 4.6224e+00	
 4.6139e+00	
 4.6164e+00	
 4.6166e+00	
 4.6168e+00	
 4.6143e+00	
 4.6129e+00	
 4.6171e+00	
 4.6154e+00	
 4.6141e+00	
 4.6135e+00	
 4.6159e+00	
 4.6174e+00	
 4.6194e+00	
 4.6122e+00	
 4.6150e+00	
 4.6183e+00	
 4.6178e+00	
 4.6146e+00	
 4.6125e+00	
 4.6144e+00	
 4.6211e+00	
 4.6135e+00	
 4.6140e+00	
 4.6176e+00	
 4.6170e+00	
 4.6180e+00	
 4.6075e+00	
 4.6157e+00	
 4.6176e+00	
 4.6163e+00	
 4.6124e+00	
 4.6077e+00	
 4.6149e+00	
 4.6137e+00	
 4.6150e+00	
 4.6142e+00	
 4.6197e+00	
 4.6160e+00	
 4.6135e+00	
 4.6059e+00	
 4.6197e+00	
 4.6186e+00	
 4.6151e+00	
 4.6150e+00	
 4.6164e+00	
 4.6171e+00	
 4.6131e+00	
 4.6122e+00	
 4.6215e+00	
 4.6165e+00	
 4.6146e+00	
 4.6173e+00	
 4.6155e+00	
 4.6126e+00	
 4.6121e+00	
 4.6177e+00	
 4.6142e+00	
 4.6198e+00	
 4.6181e+00	
 4.6148e+00	
 4.6151e+00	
 4.6180e+00	
 4.6169e+00	
 4.6127e+00	
 4.6143e+00	
 4.6116e+00	
 4.6160e+00	
 4.6183e+00	
 4.6105e+00	
 4.6209e+00	
 4.6146e+00	
 4.6185e+00	
 4.6116e+00	
 4.6121e+00	
 4.6122e+00	
 4.6187e+00	
 4.6185e+00	
 4.6197e+00	
 4.6115e+00	
 4.6188e+00	
 4.6134e+00	
 4.6112e+00	
 4.6156e+00	
 4.6170e+00	
 4.6154e+00	
 4.6186e+00	
 4.6194e+00	
 4.6172e+00	
 4.6143e+00	
 4.6143e+00	
 4.6116e+00	
 4.6194e+00	
 4.6149e+00	
 4.6145e+00	
 4.6160e+00	
 4.6143e+00	
 4.6141e+00	
 4.6157e+00	
 4.6142e+00	
 4.6218e+00	
 4.6164e+00	
 4.6130e+00	
 4.6141e+00	
 4.6117e+00	
 4.6174e+00	
 4.6137e+00	
 4.6192e+00	
 4.6160e+00	
 4.6139e+00	
 4.6140e+00	
 4.6171e+00	
 4.6141e+00	
 4.6189e+00	
 4.6144e+00	
 4.6127e+00	
 4.6189e+00	
 4.6134e+00	
 4.6163e+00	
 4.6107e+00	
 4.6165e+00	
 4.6197e+00	
 4.6170e+00	
 4.6138e+00	
 4.6152e+00	
 4.6218e+00	
 4.6138e+00	
 4.6159e+00	
 4.6129e+00	
 4.6135e+00	
 4.6158e+00	
 4.6181e+00	
 4.6107e+00	
 4.6199e+00	
 4.6102e+00	
 4.6122e+00	
 4.6200e+00	
 4.6153e+00	
 4.6175e+00	
 4.6135e+00	
 4.6136e+00	
 4.6136e+00	
 4.6116e+00	
 4.6206e+00	
 4.6132e+00	
 4.6154e+00	
 4.6153e+00	
 4.6198e+00	
 4.6124e+00	
 4.6116e+00	
 4.6148e+00	
 4.6127e+00	
 4.6214e+00	
 4.6132e+00	
 4.6144e+00	
 4.6190e+00	
 4.6024e+00	
 4.6084e+00	
 4.6171e+00	
 4.6194e+00	
 4.6171e+00	
 4.6148e+00	
 4.6167e+00	
 4.6162e+00	
 4.6149e+00	
 4.6214e+00	
 4.6046e+00	
 4.6205e+00	
 4.6105e+00	
 4.6179e+00	
 4.6187e+00	
 4.6124e+00	
 4.6210e+00	
 4.6140e+00	
 4.6141e+00	
 4.6171e+00	
 4.6079e+00	
 4.6188e+00	
 4.6115e+00	
 4.6100e+00	
 4.6136e+00	
 4.6126e+00	
 4.6165e+00	
 4.6117e+00	
 4.6140e+00	
 4.6148e+00	
 4.6181e+00	
 4.6192e+00	
 4.6203e+00	
 4.6142e+00	
 4.6177e+00	
 4.6153e+00	
 4.6111e+00	
 4.6172e+00	
 4.6187e+00	
 4.6167e+00	
 4.6203e+00	
 4.6196e+00	
 4.6079e+00	
 4.6216e+00	
 4.6157e+00	
 4.6134e+00	
 4.6202e+00	
 4.6202e+00	
 4.6162e+00	
 4.6102e+00	
 4.6106e+00	
 4.6181e+00	
 4.6163e+00	
 4.6108e+00	
 4.6160e+00	
 4.6130e+00	
 4.6207e+00	
 4.6152e+00	
 4.6199e+00	
 4.6196e+00	
 4.6129e+00	
 4.6120e+00	
 4.6155e+00	
 4.6197e+00	
 4.6220e+00	
 4.6142e+00	
 4.6233e+00	
 4.6158e+00	
 4.6133e+00	
 4.6216e+00	
 4.6130e+00	
 4.6148e+00	
 4.6160e+00	
 4.6109e+00	
 4.6148e+00	
 4.6171e+00	
 4.6155e+00	
 4.6173e+00	
 4.6180e+00	
 4.6139e+00	
 4.6146e+00	
 4.6191e+00	
 4.6164e+00	
 4.6149e+00	
 4.6200e+00	
 4.6133e+00	
 4.6137e+00	
 4.6106e+00	
 4.6191e+00	
 4.6135e+00	
 4.6107e+00	
 4.6176e+00	
 4.6160e+00	
 4.6100e+00	
 4.6112e+00	
 4.6162e+00	
 4.6112e+00	
 4.6159e+00	
 4.6120e+00	
 4.6110e+00	
 4.6156e+00	
 4.6121e+00	
 4.6118e+00	
 4.6156e+00	
 4.6102e+00	
 4.6113e+00	
 4.6214e+00	
 4.6069e+00	
 4.6180e+00	
 4.6129e+00	
 4.6138e+00	
 4.6121e+00	
 4.6194e+00	
 4.6165e+00	
 4.6139e+00	
 4.6163e+00	
 4.6148e+00	
 4.6180e+00	
 4.6188e+00	
 4.6136e+00	
 4.6169e+00	
 4.6123e+00	
 4.6204e+00	
 4.6194e+00	
 4.6139e+00	
 4.6206e+00	
 4.6168e+00	
 4.6105e+00	
 4.6145e+00	
 4.6152e+00	
 4.6134e+00	
 4.6099e+00	
 4.6139e+00	
 4.6121e+00	
 4.6193e+00	
 4.6194e+00	
 4.6176e+00	
 4.6188e+00	
 4.6158e+00	
 4.6147e+00	
 4.6068e+00	
 4.6132e+00	
 4.6114e+00	
 4.6159e+00	
 4.6223e+00	
 4.6160e+00	
 4.6174e+00	
 4.6179e+00	
 4.6151e+00	
 4.6147e+00	
 4.6164e+00	
 4.6112e+00	
 4.6197e+00	
 4.6177e+00	
 4.6123e+00	
 4.6149e+00	
 4.6196e+00	
 4.6141e+00	
 4.6068e+00	
 4.6163e+00	
 4.6135e+00	
 4.6165e+00	
 4.6146e+00	
 4.6168e+00	
 4.6179e+00	
 4.6168e+00	
 4.6171e+00	
 4.6142e+00	
 4.6197e+00	
 4.6156e+00	
 4.6206e+00	
 4.6174e+00	
 4.6078e+00	
 4.6172e+00	
 4.6166e+00	
 4.6218e+00	
 4.6250e+00	
 4.6208e+00	
 4.6149e+00	
 4.6164e+00	
 4.6083e+00	
 4.6138e+00	
 4.6203e+00	
 4.6192e+00	
 4.6129e+00	
 4.6121e+00	
 4.6181e+00	
 4.6114e+00	
 4.6163e+00	
 4.6108e+00	
 4.6158e+00	
 4.6241e+00	
 4.6152e+00	
 4.6184e+00	
 4.6122e+00	
 4.6173e+00	
 4.6112e+00	
 4.6087e+00	
 4.6156e+00	
 4.6121e+00	
 4.6112e+00	
 4.6203e+00	
 4.6144e+00	
 4.6157e+00	
 4.6183e+00	
 4.6189e+00	
 4.6122e+00	
 4.6105e+00	
 4.6139e+00	
 4.6106e+00	
 4.6144e+00	
 4.6114e+00	
 4.6213e+00	
 4.6166e+00	
 4.6172e+00	
 4.6158e+00	
 4.6149e+00	
 4.6160e+00	
 4.6178e+00	
 4.6173e+00	
 4.6133e+00	
 4.6167e+00	
 4.6152e+00	
 4.6166e+00	
 4.6170e+00	
 4.6184e+00	
 4.6131e+00	
 4.6239e+00	
 4.6164e+00	
 4.6216e+00	
 4.6158e+00	
 4.6097e+00	
 4.6174e+00	
 4.6184e+00	
 4.6156e+00	
 4.6173e+00	
 4.6109e+00	
 4.6169e+00	
 4.6142e+00	
 4.6220e+00	
 4.6124e+00	
 4.6190e+00	
 4.6218e+00	
 4.6164e+00	
 4.6143e+00	
 4.6175e+00	
 4.6108e+00	
 4.6123e+00	
 4.6060e+00	
 4.6142e+00	
 4.6132e+00	
 4.6174e+00	
 4.6190e+00	
 4.6160e+00	
 4.6165e+00	
 4.6120e+00	
 4.6188e+00	
 4.6117e+00	
 4.6127e+00	
 4.6136e+00	
 4.6131e+00	
 4.6139e+00	
 4.6163e+00	
 4.6108e+00	
 4.6149e+00	
 4.6174e+00	
 4.6139e+00	
 4.6109e+00	
 4.6147e+00	
 4.6188e+00	
 4.6201e+00	
 4.6144e+00	
 4.6067e+00	
 4.6137e+00	
 4.6149e+00	
 4.6197e+00	
 4.6106e+00	
 4.6145e+00	
 4.6147e+00	
 4.6158e+00	
 4.6120e+00	
 4.6097e+00	
 4.6166e+00	
 4.6104e+00	
 4.6150e+00	
 4.6185e+00	
 4.6182e+00	
 4.6255e+00	
 4.6097e+00	
 4.6151e+00	
 4.6216e+00	
 4.6130e+00	
 4.6150e+00	
 4.6122e+00	
 4.6213e+00	
 4.6170e+00	
 4.6109e+00	
 4.6133e+00	
 4.6211e+00	
 4.6141e+00	
 4.6085e+00	
 4.6184e+00	
 4.6170e+00	
 4.6111e+00	
 4.6217e+00	
 4.6127e+00	
 4.6151e+00	
 4.6165e+00	
 4.6146e+00	
 4.6134e+00	
 4.6111e+00	
 4.6182e+00	
 4.6131e+00	
 4.6162e+00	
 4.6214e+00	
 4.6086e+00	
 4.6111e+00	
 4.6164e+00	
 4.6156e+00	
 4.6111e+00	
 4.6152e+00	
 4.6198e+00	
 4.6114e+00	
 4.6103e+00	
 4.6187e+00	
 4.6135e+00	
 4.6121e+00	
 4.6114e+00	
 4.6226e+00	
 4.6146e+00	
 4.6173e+00	
 4.6122e+00	
 4.6170e+00	
 4.6167e+00	
 4.6173e+00	
 4.6136e+00	
 4.6090e+00	
 4.6165e+00	
 4.6141e+00	
 4.6214e+00	
 4.6190e+00	
 4.6187e+00	
 4.6156e+00	
 4.6155e+00	
 4.6135e+00	
 4.6125e+00	
 4.6072e+00	
 4.6128e+00	
 4.6209e+00	
 4.6209e+00	
 4.6136e+00	
 4.6196e+00	
 4.6095e+00	
 4.6128e+00	
 4.6217e+00	
 4.6134e+00	
 4.6236e+00	
 4.6141e+00	
 4.6118e+00	
 4.6150e+00	
 4.6106e+00	
 4.6152e+00	
 4.6175e+00	
 4.6167e+00	
 4.6108e+00	
 4.6197e+00	
 4.6141e+00	
 4.6186e+00	
 4.6187e+00	
 4.6162e+00	
 4.6174e+00	
 4.6090e+00	
 4.6144e+00	
 4.6105e+00	
 4.6185e+00	
 4.6168e+00	
 4.6208e+00	
 4.6182e+00	
 4.6184e+00	
 4.6186e+00	
 4.6118e+00	
 4.6154e+00	
 4.6166e+00	
 4.6138e+00	
 4.6162e+00	
 4.6129e+00	
 4.6134e+00	
 4.6192e+00	
 4.6134e+00	
 4.6124e+00	
 4.6118e+00	
 4.6124e+00	
 4.6169e+00	
 4.6106e+00	
 4.6071e+00	
 4.6207e+00	
 4.6109e+00	
 4.6122e+00	
 4.6169e+00	
 4.6205e+00	
 4.6096e+00	
 4.6152e+00	
 4.6178e+00	
 4.6241e+00	
 4.6101e+00	
 4.6102e+00	
 4.6106e+00	
 4.6100e+00	
 4.6096e+00	
 4.6138e+00	
 4.6181e+00	
 4.6149e+00	
 4.6115e+00	
 4.6245e+00	
 4.6163e+00	
 4.6191e+00	
 4.6143e+00	
 4.6121e+00	
 4.6141e+00	
 4.6169e+00	
 4.6073e+00	
 4.6251e+00	
 4.6146e+00	
 4.6196e+00	
 4.6130e+00	
 4.6162e+00	
 4.6195e+00	
 4.6167e+00	
 4.6191e+00	
 4.6129e+00	
 4.6165e+00	
 4.6132e+00	
 4.6206e+00	
 4.6108e+00	
 4.6274e+00	
 4.6269e+00	
 4.6141e+00	
 4.6151e+00	
 4.6156e+00	
 4.6108e+00	
 4.6218e+00	
 4.6126e+00	
 4.6122e+00	
 4.6126e+00	
 4.6167e+00	
 4.6173e+00	
 4.6167e+00	
 4.6134e+00	
 4.6175e+00	
 4.6178e+00	
 4.6185e+00	
 4.6114e+00	
 4.6093e+00	
 4.6123e+00	
 4.6105e+00	
 4.6178e+00	
 4.6228e+00	
 4.6112e+00	
 4.6178e+00	
 4.6143e+00	
 4.6173e+00	
 4.6173e+00	
 4.6191e+00	
 4.6151e+00	
 4.6112e+00	
 4.6170e+00	
 4.6210e+00	
 4.6064e+00	
 4.6165e+00	
 4.6161e+00	
 4.6249e+00	
 4.6110e+00	
 4.6147e+00	
 4.6161e+00	
 4.6092e+00	
 4.6183e+00	
 4.6195e+00	
 4.6180e+00	
 4.6146e+00	
 4.6199e+00	
 4.6184e+00	
 4.6128e+00	
 4.6163e+00	
 4.6185e+00	
 4.6126e+00	
 4.6125e+00	
 4.6146e+00	
 4.6192e+00	
 4.6130e+00	
 4.6143e+00	
 4.6193e+00	
 4.6099e+00	
 4.6156e+00	
 4.6119e+00	
 4.6105e+00	
 4.6143e+00	
 4.6149e+00	
 4.6172e+00	
 4.6168e+00	
 4.6150e+00	
 4.6196e+00	
 4.6153e+00	
 4.6080e+00	
 4.6101e+00	
 4.6155e+00	
 4.6153e+00	
 4.6210e+00	
 4.6170e+00	
 4.6112e+00	
 4.6201e+00	
 4.6156e+00	
 4.6243e+00	
 4.6133e+00	
 4.6171e+00	
 4.6132e+00	
 4.6100e+00	
 4.6194e+00	
 4.6186e+00	
 4.6123e+00	
 4.6157e+00	
 4.6120e+00	
 4.6103e+00	
 4.6137e+00	
 4.6088e+00	
 4.6160e+00	
 4.6246e+00	
 4.6081e+00	
 4.6161e+00	
 4.6110e+00	
 4.6216e+00	
 4.6094e+00	
 4.6142e+00	
 4.6139e+00	
 4.6178e+00	
 4.6180e+00	
 4.6120e+00	
 4.6209e+00	
 4.6179e+00	
 4.6121e+00	
 4.6178e+00	
 4.6107e+00	
 4.6192e+00	
 4.6185e+00	
 4.6140e+00	
 4.6162e+00	
 4.6115e+00	
 4.6186e+00	
 4.6214e+00	
 4.6170e+00	
 4.6168e+00	
 4.6104e+00	
 4.6182e+00	
 4.6099e+00	
 4.6228e+00	
 4.6227e+00	
 4.6212e+00	
 4.6145e+00	
 4.6196e+00	
 4.6176e+00	
 4.6210e+00	
 4.6214e+00	
 4.6135e+00	
 4.6194e+00	
 4.6175e+00	
 4.6181e+00	
 4.6113e+00	
 4.6171e+00	
 4.6146e+00	
 4.6161e+00	
 4.6176e+00	
 4.6185e+00	
 4.6162e+00	
 4.6184e+00	
 4.6194e+00	
 4.6133e+00	
 4.6248e+00	
 4.6167e+00	
 4.6158e+00	
 4.6125e+00	
 4.6200e+00	
 4.6119e+00	
 4.6101e+00	
 4.6241e+00	
 4.6115e+00	
 4.6139e+00	
 4.6117e+00	
 4.6149e+00	
 4.6069e+00	
 4.6194e+00	
 4.6163e+00	
 4.6165e+00	
 4.6139e+00	
 4.6181e+00	
 4.6110e+00	
 4.6190e+00	
 4.6214e+00	
 4.6158e+00	
 4.6175e+00	
 4.6118e+00	
 4.6206e+00	
 4.6215e+00	
 4.6135e+00	
 4.6217e+00	
 4.6128e+00	
 4.6094e+00	
 4.6147e+00	
 4.6148e+00	
 4.6121e+00	
 4.6115e+00	
 4.6131e+00	
 4.6178e+00	
 4.6160e+00	
 4.6187e+00	
 4.6164e+00	
 4.6143e+00	
 4.6168e+00	
 4.6158e+00	
 4.6214e+00	
 4.6141e+00	
 4.6132e+00	
 4.6125e+00	
 4.6190e+00	
 4.6156e+00	
 4.6178e+00	
 4.6204e+00	
 4.6096e+00	
 4.6122e+00	
 4.6122e+00	
 4.6200e+00	
 4.6186e+00	
 4.6216e+00	
 4.6141e+00	
 4.6124e+00	
 4.6122e+00	
 4.6159e+00	
 4.6188e+00	
 4.6171e+00	
 4.6172e+00	
 4.6214e+00	
 4.6146e+00	
 4.6163e+00	
 4.6121e+00	
 4.6110e+00	
 4.6125e+00	
 4.6177e+00	
 4.6207e+00	
 4.6138e+00	
 4.6115e+00	
 4.6136e+00	
 4.6148e+00	
 4.6206e+00	
 4.6134e+00	
 4.6175e+00	
 4.6085e+00	
 4.6158e+00	
 4.6172e+00	
 4.6095e+00	
 4.6117e+00	
 4.6194e+00	
 4.6161e+00	
 4.6150e+00	
 4.6184e+00	
 4.6087e+00	
 4.6085e+00	
 4.6160e+00	
 4.6194e+00	
 4.6150e+00	
 4.6131e+00	
 4.6134e+00	
 4.6172e+00	
 4.6053e+00	
 4.6084e+00	
 4.6143e+00	
 4.6197e+00	
 4.6165e+00	
 4.6135e+00	
 4.6167e+00	
 4.6191e+00	
 4.6117e+00	
 4.6176e+00	
 4.6058e+00	
 4.6143e+00	
 4.6155e+00	
 4.6161e+00	
 4.6150e+00	
 4.6180e+00	
 4.6205e+00	
 4.6176e+00	
 4.6094e+00	
 4.6118e+00	
 4.6126e+00	
 4.6133e+00	
 4.6197e+00	
 4.6081e+00	
 4.6134e+00	
 4.6149e+00	
 4.6223e+00	
 4.6135e+00	
 4.6201e+00	
 4.6117e+00	
 4.6130e+00	
 4.6167e+00	
 4.6159e+00	
 4.6127e+00	
 4.6134e+00	
 4.6107e+00	
 4.6182e+00	
 4.6148e+00	
 4.6179e+00	
 4.6169e+00	
 4.6110e+00	
 4.6209e+00	
 4.6115e+00	
 4.6256e+00	
 4.6160e+00	
 4.6131e+00	
 4.6180e+00	
 4.6263e+00	
 4.6152e+00	
 4.6228e+00	
 4.6116e+00	
 4.6153e+00	
 4.6160e+00	
 4.6125e+00	
 4.6088e+00	
 4.6161e+00	
 4.6178e+00	
 4.6219e+00	
 4.6148e+00	
 4.6151e+00	
 4.6144e+00	
 4.6185e+00	
 4.6175e+00	
 4.6174e+00	
 4.6148e+00	
 4.6158e+00	
 4.6119e+00	
 4.6105e+00	
 4.6171e+00	
 4.6144e+00	
 4.6085e+00	
 4.6230e+00	
 4.6146e+00	
 4.6175e+00	
 4.6098e+00	
 4.6116e+00	
 4.6147e+00	
 4.6188e+00	
 4.6146e+00	
 4.6151e+00	
 4.6141e+00	
 4.6137e+00	
 4.6142e+00	
 4.6095e+00	
 4.6170e+00	
 4.6105e+00	
 4.6171e+00	
 4.6187e+00	
 4.6145e+00	
 4.6098e+00	
 4.6114e+00	
 4.6247e+00	
 4.6193e+00	
 4.6133e+00	
 4.6131e+00	
 4.6243e+00	
 4.6186e+00	
 4.6182e+00	
 4.6182e+00	
 4.6121e+00	
 4.6159e+00	
 4.6165e+00	
 4.6205e+00	
 4.6127e+00	
 4.6160e+00	
 4.6161e+00	
 4.6214e+00	
 4.6200e+00	
 4.6133e+00	
 4.6188e+00	
 4.6109e+00	
 4.6212e+00	
 4.6123e+00	
 4.6178e+00	
 4.6150e+00	
 4.6172e+00	
 4.6176e+00	
 4.6189e+00	
 4.6166e+00	
 4.6122e+00	
 4.6195e+00	
 4.6119e+00	
 4.6097e+00	
 4.6142e+00	
 4.6122e+00	
 4.6196e+00	
 4.6116e+00	
 4.6104e+00	
 4.6150e+00	
 4.6147e+00	
 4.6144e+00	
 4.6122e+00	
 4.6125e+00	
 4.6168e+00	
 4.6079e+00	
 4.6133e+00	
 4.6105e+00	
 4.6093e+00	
 4.6192e+00	
 4.6118e+00	
 4.6126e+00	
 4.6131e+00	
 4.6135e+00	
 4.6162e+00	
 4.6143e+00	
 4.6052e+00	
 4.6171e+00	
 4.6172e+00	
 4.6159e+00	
 4.6121e+00	
 4.6143e+00	
 4.6217e+00	
 4.6129e+00	
 4.6166e+00	
 4.6180e+00	
 4.6155e+00	
 4.6100e+00	
 4.6167e+00	
 4.6057e+00	
 4.6164e+00	
 4.6115e+00	
 4.6115e+00	
 4.6127e+00	
 4.6175e+00	
 4.6206e+00	
 4.6189e+00	
 4.6144e+00	
 4.6194e+00	
 4.6206e+00	
 4.6210e+00	
 4.6137e+00	
 4.6184e+00	
 4.6158e+00	
 4.6104e+00	
 4.6109e+00	
 4.6131e+00	
 4.6289e+00	
 4.6172e+00	
 4.6127e+00	
 4.6103e+00	
 4.6154e+00	
 4.6166e+00	
 4.6152e+00	
 4.6169e+00	
 4.6091e+00	
 4.6120e+00	
 4.6114e+00	
 4.6162e+00	
 4.6190e+00	
 4.6166e+00	
 4.6122e+00	
 4.6171e+00	
 4.6208e+00	
 4.6143e+00	
 4.6154e+00	
 4.6124e+00	
 4.6150e+00	
 4.6164e+00	
 4.6164e+00	
 4.6169e+00	
 4.6090e+00	
 4.6137e+00	
 4.6152e+00	
 4.6082e+00	
 4.6152e+00	
 4.6150e+00	
 4.6172e+00	
 4.6190e+00	
 4.6155e+00	
 4.6127e+00	
 4.6178e+00	
 4.6144e+00	
 4.6150e+00	
 4.6153e+00	
 4.6193e+00	
 4.6191e+00	
 4.6164e+00	
 4.6180e+00	
 4.6171e+00	
 4.6120e+00	
 4.6218e+00	
 4.6207e+00	
 4.6127e+00	
 4.6308e+00	
 4.6189e+00	
 4.6157e+00	
 4.6100e+00	
 4.6144e+00	
 4.6168e+00	
 4.6140e+00	
 4.6204e+00	
 4.6156e+00	
 4.6098e+00	
 4.6093e+00	
 4.6079e+00	
 4.6210e+00	
 4.6179e+00	
 4.6081e+00	
 4.6149e+00	
 4.6118e+00	
 4.6148e+00	
 4.6157e+00	
 4.6246e+00	
 4.6149e+00	
 4.6129e+00	
 4.6153e+00	
 4.6163e+00	
 4.6066e+00	
 4.6098e+00	
 4.6134e+00	
 4.6062e+00	
 4.6110e+00	
 4.6119e+00	
 4.6177e+00	
 4.6161e+00	
 4.6158e+00	
 4.6086e+00	
 4.6101e+00	
 4.6127e+00	
 4.6186e+00	
 4.6100e+00	
 4.6189e+00	
 4.6155e+00	
 4.6107e+00	
 4.6161e+00	
 4.6096e+00	
 4.6160e+00	
 4.6049e+00	
 4.6117e+00	
 4.6137e+00	
 4.6133e+00	
 4.6128e+00	
 4.6180e+00	
 4.6103e+00	
 4.6134e+00	
 4.6109e+00	
 4.6132e+00	
 4.6131e+00	
 4.6152e+00	
 4.6207e+00	
 4.6088e+00	
 4.6202e+00	
 4.6136e+00	
 4.6121e+00	
 4.6194e+00	
 4.6232e+00	
 4.6094e+00	
 4.6126e+00	
 4.6120e+00	
 4.6162e+00	
 4.6187e+00	
 4.6111e+00	
 4.6079e+00	
 4.6064e+00	
 4.6123e+00	
 4.6229e+00	
 4.6158e+00	
 4.6141e+00	
 4.6081e+00	
 4.6146e+00	
 4.6181e+00	
 4.6187e+00	
 4.6052e+00	
 4.6171e+00	
 4.6157e+00	
 4.6104e+00	
 4.6071e+00	
 4.6157e+00	
 4.6130e+00	
 4.6154e+00	
 4.6175e+00	
 4.6137e+00	
 4.6150e+00	
 4.6175e+00	
 4.6117e+00	
 4.6162e+00	
 4.6114e+00	
 4.6164e+00	
 4.6145e+00	
 4.6063e+00	
 4.6127e+00	
 4.6273e+00	
 4.6181e+00	
 4.6168e+00	
 4.6174e+00	
 4.6151e+00	
 4.6173e+00	
 4.6124e+00	
 4.6237e+00	
 4.6123e+00	
 4.6057e+00	
 4.6124e+00	
 4.6180e+00	
 4.6165e+00	
 4.6138e+00	
 4.6170e+00	
 4.6165e+00	
 4.6141e+00	
 4.6105e+00	
 4.6129e+00	
 4.6111e+00	
 4.6245e+00	
 4.6134e+00	
 4.6120e+00	
 4.6182e+00	
 4.6100e+00	
 4.6152e+00	
 4.6183e+00	
 4.6223e+00	
 4.6162e+00	
 4.6208e+00	
 4.6142e+00	
 4.6101e+00	
 4.6162e+00	
 4.6054e+00	
 4.6189e+00	
 4.6150e+00	
 4.6068e+00	
 4.6078e+00	
 4.6099e+00	
 4.6155e+00	
 4.6210e+00	
 4.5946e+00	
 4.6121e+00	
 4.6110e+00	
 4.6062e+00	
 4.6084e+00	
 4.6253e+00	
 4.6149e+00	
 4.6127e+00	
 4.6120e+00	
 4.6156e+00	
 4.6084e+00	
 4.6160e+00	
 4.6056e+00	
 4.6110e+00	
 4.6095e+00	
 4.6209e+00	
 4.6152e+00	
 4.6163e+00	
 4.6224e+00	
 4.6101e+00	
 4.6055e+00	
 4.6148e+00	
 4.6222e+00	
 4.6254e+00	
 4.6281e+00	
 4.6172e+00	
 4.6176e+00	
 4.6115e+00	
 4.6115e+00	
 4.6246e+00	
 4.6151e+00	
 4.6151e+00	
 4.6029e+00	
 4.6152e+00	
 4.6078e+00	
 4.6129e+00	
 4.6134e+00	
 4.6079e+00	
 4.6143e+00	
 4.6160e+00	
 4.6184e+00	
 4.6066e+00	
 4.6185e+00	
 4.6123e+00	
 4.6224e+00	
 4.6162e+00	
 4.6145e+00	
 4.6221e+00	
 4.6153e+00	
 4.6179e+00	
 4.6047e+00	
 4.6118e+00	
 4.6115e+00	
 4.6193e+00	
 4.6028e+00	
 4.6197e+00	
 4.6227e+00	
 4.6289e+00	
 4.6174e+00	
 4.6159e+00	
 4.6092e+00	
 4.6167e+00	
 4.6155e+00	
 4.6114e+00	
 4.6170e+00	
 4.6126e+00	
 4.6164e+00	
 4.6079e+00	
 4.6148e+00	
 4.6156e+00	
 4.6108e+00	
 4.6113e+00	
 4.6103e+00	
 4.6154e+00	
 4.6052e+00	
 4.6205e+00	
 4.6109e+00	
 4.6248e+00	
 4.6126e+00	
 4.6115e+00	
 4.6079e+00	
 4.6169e+00	
 4.6006e+00	
 4.6119e+00	
 4.6148e+00	
 4.6138e+00	
 4.6053e+00	
 4.6123e+00	
 4.6140e+00	
 4.6072e+00	
 4.6107e+00	
 4.6094e+00	
 4.6235e+00	
 4.6128e+00	
 4.6147e+00	
 4.6085e+00	
 4.6268e+00	
 4.6049e+00	
 4.6229e+00	
 4.5992e+00	
 4.6207e+00	
 4.6146e+00	
 4.6122e+00	
 4.6257e+00	
 4.6236e+00	
 4.6226e+00	
 4.6199e+00	
 4.6185e+00	
 4.6111e+00	
 4.6202e+00	
 4.6084e+00	
 4.6141e+00	
 4.6201e+00	
 4.6146e+00	
 4.6026e+00	
 4.6137e+00	
 4.6125e+00	
 4.6191e+00	
 4.6030e+00	
 4.6118e+00	
 4.6243e+00	
 4.6308e+00	
 4.6091e+00	
 4.6088e+00	
 4.6127e+00	
 4.6201e+00	
 4.6089e+00	
 4.6089e+00	
 4.6190e+00	
 4.6022e+00	
 4.6060e+00	
 4.6163e+00	
 4.6239e+00	
 4.6238e+00	
 4.6069e+00	
 4.6264e+00	
 4.6171e+00	
 4.6121e+00	
 4.6056e+00	
 4.6210e+00	
 4.6001e+00	
 4.6100e+00	
 4.6155e+00	
 4.6067e+00	
 4.6220e+00	
 4.6050e+00	
 4.5960e+00	
 4.6195e+00	
 4.6070e+00	
 4.6140e+00	
 4.6094e+00	
 4.6063e+00	
 4.5971e+00	
 4.6256e+00	
 4.6220e+00	
 4.6288e+00	
 4.6251e+00	
 4.6081e+00	
 4.6147e+00	
 4.5981e+00	
 4.5977e+00	
 4.6250e+00	
 4.5976e+00	
 4.5878e+00	
 4.6188e+00	
 4.6032e+00	
 4.6089e+00	
 4.6154e+00	
 4.6093e+00	
 4.6173e+00	
 4.6278e+00	
 4.6086e+00	
 4.6080e+00	
 4.5990e+00	
 4.6006e+00	
 4.6257e+00	
 4.6193e+00	
 4.6406e+00	
 4.5936e+00	
 4.6099e+00	
 4.6030e+00	
 4.6204e+00	
 4.5971e+00	
 4.6161e+00	
 4.6089e+00	
 4.6074e+00	
 4.6247e+00	
 4.6100e+00	
 4.6101e+00	
 4.6116e+00	
 4.6154e+00	
 4.6130e+00	
 4.6197e+00	
 4.6180e+00	
 4.6175e+00	
 4.6010e+00	
 4.6108e+00	
 4.6131e+00	
 4.6021e+00	
 4.6002e+00	
 4.6138e+00	
 4.6203e+00	
 4.6067e+00	
 4.5992e+00	
 4.6206e+00	
 4.6197e+00	
 4.6038e+00	
 4.6233e+00	
 4.6064e+00	
 4.5937e+00	
 4.6020e+00	
 4.6029e+00	
 4.6056e+00	
 4.6242e+00	
 4.6227e+00	
 4.6264e+00	
 4.6000e+00	
 4.6187e+00	
 4.5868e+00	
 4.6225e+00	
 4.6157e+00	
 4.6043e+00	
 4.6214e+00	
 4.6192e+00	
 4.6146e+00	
 4.6367e+00	
 4.6202e+00	
 4.5970e+00	
 4.6135e+00	
 4.5971e+00	
 4.6177e+00	
 4.6206e+00	
 4.6164e+00	
 4.6184e+00	
 4.6084e+00	
 4.6044e+00	
 4.6125e+00	
 4.6151e+00	
 4.6139e+00	
 4.6020e+00	
 4.6217e+00	
 4.6145e+00	
 4.5954e+00	
 4.6147e+00	
 4.6089e+00	
 4.6001e+00	
 4.6053e+00	
 4.6283e+00	
 4.6163e+00	
 4.6026e+00	
 4.6097e+00	
 4.6008e+00	
 4.6025e+00	
 4.6141e+00	
 4.6256e+00	
 4.5957e+00	
 4.5912e+00	
 4.6237e+00	
 4.6179e+00	
 4.6190e+00	
 4.5939e+00	
 4.6059e+00	
 4.5900e+00	
 4.6006e+00	
 4.6128e+00	
 4.6150e+00	
 4.6116e+00	
 4.6008e+00	
 4.6303e+00	
 4.6137e+00	
 4.5903e+00	
 4.5876e+00	
 4.5844e+00	
 4.6110e+00	
 4.6078e+00	
 4.6188e+00	
 4.5814e+00	
 4.6066e+00	
 4.6252e+00	
 4.5809e+00	
 4.6281e+00	
 4.5680e+00	
 4.6095e+00	
 4.6287e+00	
 4.5935e+00	
 4.5960e+00	
 4.5840e+00	
 4.5747e+00	
 4.6494e+00	
 4.5562e+00	
 4.5826e+00	
 4.5736e+00	
 4.5744e+00	
 4.6165e+00	
 4.6180e+00	
 4.5770e+00	
 4.6136e+00	
 4.6001e+00	
 4.5817e+00	
 4.5850e+00	
 4.5048e+00	
 4.6290e+00	
 4.6327e+00	
 4.5869e+00	
 4.5919e+00	
 4.5557e+00	
 4.6067e+00	
 4.6142e+00	
 4.5817e+00	
 4.6047e+00	
 4.6082e+00	
 4.6150e+00	
 4.5772e+00	
 4.5443e+00	
 4.5502e+00	
 4.6113e+00	
 4.6199e+00	
 4.5450e+00	
 4.6030e+00	
 4.5892e+00	
 4.5821e+00	
 4.5785e+00	
 4.5604e+00	
 4.5232e+00	
 4.6034e+00	
 4.5715e+00	
 4.5407e+00	
 4.6107e+00	
 4.5892e+00	
 4.5539e+00	
 4.6173e+00	
 4.5799e+00	
 4.5759e+00	
 4.5622e+00	
 4.6257e+00	
 4.6015e+00	
 4.5939e+00	
 4.5815e+00	
 4.6224e+00	
 4.5720e+00	
 4.5883e+00	
 4.6148e+00	
 4.5397e+00	
 4.5785e+00	
 4.5546e+00	
 4.6607e+00	
 4.5739e+00	
 4.6130e+00	
 4.6067e+00	
 4.6033e+00	
 4.5828e+00	
 4.5638e+00	
 4.6333e+00	
 4.5497e+00	
 4.5655e+00	
 4.5491e+00	
 4.5921e+00	
 4.6111e+00	
 4.5294e+00	
 4.4913e+00	
 4.6622e+00	
 4.5995e+00	
 4.6030e+00	
 4.6059e+00	
 4.5989e+00	
 4.5754e+00	
 4.5886e+00	
 4.5979e+00	
 4.5671e+00	
 4.6257e+00	
 4.5892e+00	
 4.5725e+00	
 4.5868e+00	
 4.5640e+00	
 4.5475e+00	
 4.6060e+00	
 4.5364e+00	
 4.5631e+00	
 4.5924e+00	
 4.5331e+00	
 4.5814e+00	
 4.5790e+00	
 4.5288e+00	
 4.5847e+00	
 4.6219e+00	
 4.5736e+00	
 4.5163e+00	
 4.5784e+00	
 4.5703e+00	
 4.6011e+00	
 4.5792e+00	
 4.5820e+00	
 4.5980e+00	
 4.6302e+00	
 4.6045e+00	
 4.5929e+00	
 4.6098e+00	
 4.5655e+00	
 4.5612e+00	
 4.6092e+00	
 4.5444e+00	
 4.6284e+00	
 4.5594e+00	
 4.5970e+00	
 4.5842e+00	
 4.5518e+00	
 4.5975e+00	
 4.4650e+00	
 4.5722e+00	
 4.5548e+00	
 4.5633e+00	
 4.5914e+00	
 4.5492e+00	
 4.6162e+00	
 4.5755e+00	
 4.6151e+00	
 4.6117e+00	
 4.6049e+00	
 4.6056e+00	
 4.5754e+00	
 4.5367e+00	
 4.6666e+00	
 4.5832e+00	
 4.5525e+00	
 4.6385e+00	
 4.5492e+00	
 4.6232e+00	
 4.6040e+00	
 4.5650e+00	
 4.5542e+00	
 4.6399e+00	
 4.5726e+00	
 4.6038e+00	
 4.5605e+00	
 4.5929e+00	
 4.5925e+00	
 4.5887e+00	
 4.5642e+00	
 4.5698e+00	
 4.5761e+00	
 4.5679e+00	
 4.5383e+00	
 4.6490e+00	
 4.5424e+00	
 4.5998e+00	
 4.5980e+00	
 4.5607e+00	
 4.5480e+00	
 4.5048e+00	
 4.5861e+00	
 4.5585e+00	
 4.6164e+00	
 4.6125e+00	
 4.5835e+00	
 4.5801e+00	
 4.6068e+00	
 4.5642e+00	
 4.5184e+00	
 4.5295e+00	
 4.6667e+00	
 4.5368e+00	
 4.5523e+00	
 4.5771e+00	
 4.5607e+00	
 4.5923e+00	
 4.5438e+00	
 4.5775e+00	
 4.6107e+00	
 4.5945e+00	
 4.5953e+00	
 4.5630e+00	
 4.6107e+00	
 4.5781e+00	
 4.5441e+00	
 4.5896e+00	
 4.5784e+00	
 4.4923e+00	
 4.7245e+00	
 4.5640e+00	
 4.5549e+00	
 4.6004e+00	
 4.5546e+00	
 4.5248e+00	
 4.6168e+00	
 4.6274e+00	
 4.5707e+00	
 4.5642e+00	
 4.5533e+00	
 4.6494e+00	
 4.5652e+00	
 4.5700e+00	
 4.5615e+00	
 4.5468e+00	
 4.5491e+00	
 4.5552e+00	
 4.5560e+00	
 4.6184e+00	
 4.5841e+00	
 4.5970e+00	
 4.5766e+00	
 4.5514e+00	
 4.5045e+00	
 4.5541e+00	
 4.5356e+00	
 4.6619e+00	
 4.5821e+00	
 4.5483e+00	
 4.6472e+00	
 4.5504e+00	
 4.5832e+00	
 4.5594e+00	
 4.5928e+00	
 4.5954e+00	
 4.5889e+00	
 4.5671e+00	
 4.5396e+00	
 4.5554e+00	
 4.5646e+00	
 4.6452e+00	
 4.5961e+00	
 4.5763e+00	
 4.5974e+00	
 4.6146e+00	
 4.5856e+00	
 4.5878e+00	
 4.6153e+00	
 4.5563e+00	
 4.5622e+00	
 4.5439e+00	
 4.5993e+00	
 4.5408e+00	
 4.5869e+00	
 4.5658e+00	
 4.5487e+00	
 4.5528e+00	
 4.5356e+00	
 4.5345e+00	
 4.5070e+00	
 4.4620e+00	
 4.6393e+00	
 4.4670e+00	
 4.5777e+00	
 4.5731e+00	
 4.5298e+00	
 4.5490e+00	
 4.5873e+00	
 4.5351e+00	
 4.5743e+00	
 4.4693e+00	
 4.6055e+00	
 4.6092e+00	
 4.5661e+00	
 4.5661e+00	
 4.5341e+00	
 4.6001e+00	
 4.6229e+00	
 4.5420e+00	
 4.5229e+00	
 4.5311e+00	
 4.5749e+00	
 4.6368e+00	
 4.6110e+00	
 4.5916e+00	
 4.5877e+00	
 4.5818e+00	
 4.5731e+00	
 4.5518e+00	
 4.5238e+00	
 4.6537e+00	
 4.5337e+00	
 4.5662e+00	
 4.5867e+00	
 4.5646e+00	
 4.5389e+00	
 4.5479e+00	
 4.5764e+00	
 4.4619e+00	
 4.6875e+00	
 4.6311e+00	
 4.6079e+00	
 4.5869e+00	
 4.6012e+00	
 4.5947e+00	
 4.5766e+00	
 4.5799e+00	
 4.5408e+00	
 4.5994e+00	
 4.5483e+00	
 4.5775e+00	
 4.6028e+00	
 4.6114e+00	
 4.5848e+00	
 4.5923e+00	
 4.5687e+00	
 4.6022e+00	
 4.5710e+00	
 4.5786e+00	
 4.5561e+00	
 4.5921e+00	
 4.5551e+00	
 4.5634e+00	
 4.5540e+00	
 4.6273e+00	
 4.5681e+00	
 4.5800e+00	
 4.5731e+00	
 4.6019e+00	
 4.5153e+00	
 4.5660e+00	
 4.5646e+00	
 4.5704e+00	
 4.5752e+00	
 4.5403e+00	
 4.5609e+00	
 4.5678e+00	
 4.5782e+00	
 4.5408e+00	
 4.5924e+00	
 4.5244e+00	
 4.5249e+00	
 4.6005e+00	
 4.5939e+00	
 4.5781e+00	
 4.5928e+00	
 4.5675e+00	
 4.6161e+00	
 4.5873e+00	
 4.5437e+00	
 4.5098e+00	
 4.5722e+00	
 4.4819e+00	
 4.4699e+00	
 4.5660e+00	
 4.5809e+00	
 4.5812e+00	
 4.5820e+00	
 4.4764e+00	
 4.6248e+00	
 4.6043e+00	
 4.5494e+00	
 4.5079e+00	
 4.6496e+00	
 4.4856e+00	
 4.5001e+00	
 4.5549e+00	
 4.7156e+00	
 4.5298e+00	
 4.6074e+00	
 4.5861e+00	
 4.5670e+00	
 4.5049e+00	
 4.5039e+00	
 4.5822e+00	
 4.6061e+00	
 4.5595e+00	
 4.5425e+00	
 4.5293e+00	
 4.5485e+00	
 4.6046e+00	
 4.5597e+00	
 4.5802e+00	
 4.5414e+00	
 4.5674e+00	
 4.4904e+00	
 4.4545e+00	
 4.5782e+00	
 4.4765e+00	
 4.6254e+00	
 4.6020e+00	
 4.5744e+00	
 4.5565e+00	
 4.5572e+00	
 4.5581e+00	
 4.6651e+00	
 4.5642e+00	
 4.6205e+00	
 4.5804e+00	
 4.5984e+00	
 4.5731e+00	
 4.5508e+00	
 4.5796e+00	
 4.6019e+00	
 4.5941e+00	
 4.4561e+00	
 4.4803e+00	
 4.6129e+00	
 4.5917e+00	
 4.5180e+00	
 4.5969e+00	
 4.5959e+00	
 4.5309e+00	
 4.5558e+00	
 4.5121e+00	
 4.6292e+00	
 4.5643e+00	
 4.5469e+00	
 4.5685e+00	
 4.5757e+00	
 4.5676e+00	
 4.4761e+00	
 4.5772e+00	
 4.5947e+00	
 4.5551e+00	
 4.6023e+00	
 4.5768e+00	
 4.5401e+00	
 4.6167e+00	
 4.6081e+00	
 4.5296e+00	
 4.5382e+00	
 4.6023e+00	
 4.5975e+00	
 4.5668e+00	
 4.5654e+00	
 4.5349e+00	
 4.5172e+00	
 4.5244e+00	
 4.5925e+00	
 4.5438e+00	
 4.5674e+00	
 4.5803e+00	
 4.5437e+00	
 4.5358e+00	
 4.5569e+00	
 4.5662e+00	
 4.5275e+00	
 4.5835e+00	
 4.6154e+00	
 4.5876e+00	
 4.6042e+00	
 4.6049e+00	
 4.5732e+00	
 4.5699e+00	
 4.5521e+00	
 4.5430e+00	
 4.5788e+00	
 4.5135e+00	
 4.5761e+00	
 4.5244e+00	
 4.5645e+00	
 4.5826e+00	
 4.5517e+00	
 4.5705e+00	
 4.5216e+00	
 4.5524e+00	
 4.5252e+00	
 4.5395e+00	
 4.6115e+00	
 4.5130e+00	
 4.5615e+00	
 4.5391e+00	
 4.5900e+00	
 4.5882e+00	
 4.5522e+00	
 4.5982e+00	
 4.5908e+00	
 4.6152e+00	
 4.5457e+00	
 4.5201e+00	
 4.5646e+00	
 4.4773e+00	
 4.6160e+00	
 4.4685e+00	
 4.5858e+00	
 4.5634e+00	
 4.5165e+00	
 4.5473e+00	
 4.5632e+00	
 4.4632e+00	
 4.5434e+00	
 4.6547e+00	
 4.5796e+00	
 4.5967e+00	
 4.6059e+00	
 4.5798e+00	
 4.5775e+00	
 4.5880e+00	
 4.5528e+00	
 4.5489e+00	
 4.6757e+00	
 4.6015e+00	
 4.5508e+00	
 4.5808e+00	
 4.5920e+00	
 4.5886e+00	
 4.5784e+00	
 4.6052e+00	
 4.5090e+00	
 4.5113e+00	
 4.5954e+00	
 4.5399e+00	
 4.6397e+00	
 4.5733e+00	
 4.6014e+00	
 4.5702e+00	
 4.5258e+00	
 4.5618e+00	
 4.5628e+00	
 4.4771e+00	
 4.5374e+00	
 4.5481e+00	
 4.5600e+00	
 4.5221e+00	
 4.4723e+00	
 4.5575e+00	
 4.5752e+00	
 4.5525e+00	
 4.5313e+00	
 4.5490e+00	
 4.5499e+00	
 4.5305e+00	
 4.6408e+00	
 4.5485e+00	
 4.5843e+00	
 4.5484e+00	
 4.5342e+00	
 4.5051e+00	
 4.5222e+00	
 4.5665e+00	
 4.5878e+00	
 4.5864e+00	
 4.5264e+00	
 4.6205e+00	
 4.5679e+00	
 4.5523e+00	
 4.5208e+00	
 4.5317e+00	
 4.5826e+00	
 4.5204e+00	
 4.5712e+00	
 4.5451e+00	
 4.5511e+00	
 4.5441e+00	
 4.5639e+00	
 4.6049e+00	
 4.5762e+00	
 4.5890e+00	
 4.5725e+00	
 4.5459e+00	
 4.6041e+00	
 4.5031e+00	
 4.5350e+00	
 4.5738e+00	
 4.5347e+00	
 4.5076e+00	
 4.5173e+00	
 4.6860e+00	
 4.5242e+00	
 4.5218e+00	
 4.5628e+00	
 4.5240e+00	
 4.5238e+00	
 4.6178e+00	
 4.5632e+00	
 4.5791e+00	
 4.5456e+00	
 4.5226e+00	
 4.5732e+00	
 4.5400e+00	
 4.5233e+00	
 4.5994e+00	
 4.5318e+00	
 4.5413e+00	
 4.3918e+00	
 4.6252e+00	
 4.5085e+00	
 4.4842e+00	
 4.5730e+00	
 4.5257e+00	
 4.5753e+00	
 4.5237e+00	
 4.5725e+00	
 4.5045e+00	
 4.4549e+00	
 4.6450e+00	
 4.5576e+00	
 4.5367e+00	
 4.5944e+00	
 4.5175e+00	
 4.6007e+00	
 4.5812e+00	
 4.5150e+00	
 4.5036e+00	
 4.5801e+00	
 4.5648e+00	
 4.5919e+00	
 4.5373e+00	
 4.5762e+00	
 4.5906e+00	
 4.5421e+00	
 4.5615e+00	
 4.4140e+00	
 4.5291e+00	
 4.6983e+00	
 4.5599e+00	
 4.5076e+00	
 4.5313e+00	
 4.5417e+00	
 4.4828e+00	
 4.5925e+00	
 4.5832e+00	
 4.5754e+00	
 4.5411e+00	
 4.5703e+00	
 4.5955e+00	
 4.5476e+00	
 4.5352e+00	
 4.5392e+00	
 4.5460e+00	
 4.5535e+00	
 4.5207e+00	
 4.5176e+00	
 4.4546e+00	
 4.5469e+00	
 4.5517e+00	
 4.5737e+00	
 4.5045e+00	
 4.3960e+00	
 4.8237e+00	
 4.5702e+00	
 4.6078e+00	
 4.5971e+00	
 4.6086e+00	
 4.5962e+00	
 4.5955e+00	
 4.5941e+00	
 4.5826e+00	
 4.5621e+00	
 4.6136e+00	
 4.5276e+00	
 4.5039e+00	
 4.5549e+00	
 4.5182e+00	
 4.4380e+00	
 4.5530e+00	
 4.4995e+00	
 4.5656e+00	
 4.5662e+00	
 4.6062e+00	
 4.5405e+00	
 4.5305e+00	
 4.5745e+00	
 4.5212e+00	
 4.4935e+00	
 4.4676e+00	
 4.5776e+00	
 4.5459e+00	
 4.5481e+00	
 4.4788e+00	
 4.5661e+00	
 4.5446e+00	
 4.5889e+00	
 4.5642e+00	
 4.5636e+00	
 4.5704e+00	
 4.5374e+00	
 4.4927e+00	
 4.6336e+00	
 4.4795e+00	
 4.6093e+00	
 4.5376e+00	
 4.6501e+00	
 4.5446e+00	
 4.5472e+00	
 4.5628e+00	
 4.5854e+00	
 4.5450e+00	
 4.5145e+00	
 4.5090e+00	
 4.5486e+00	
 4.5424e+00	
 4.5062e+00	
 4.5079e+00	
 4.5446e+00	
 4.5217e+00	
 4.5787e+00	
 4.5487e+00	
 4.5378e+00	
 4.5337e+00	
 4.6374e+00	
 4.5514e+00	
 4.5240e+00	
 4.5086e+00	
 4.5296e+00	
 4.5718e+00	
 4.5402e+00	
 4.5611e+00	
 4.5757e+00	
 4.5214e+00	
 4.5640e+00	
 4.5763e+00	
 4.5321e+00	
 4.5700e+00	
 4.5457e+00	
 4.4891e+00	
 4.5237e+00	
 4.6535e+00	
 4.5443e+00	
 4.5223e+00	
 4.5669e+00	
 4.5285e+00	
 4.6382e+00	
 4.5431e+00	
 4.5152e+00	
 4.6133e+00	
 4.5555e+00	
 4.5232e+00	
 4.5765e+00	
 4.5874e+00	
 4.5915e+00	
 4.5130e+00	
 4.5570e+00	
 4.5373e+00	
 4.5659e+00	
 4.5305e+00	
 4.5238e+00	
 4.6177e+00	
 4.5756e+00	
 4.5085e+00	
 4.5575e+00	
 4.4998e+00	
 4.5399e+00	
 4.5112e+00	
 4.4834e+00	
 4.6103e+00	
 4.5073e+00	
 4.5640e+00	
 4.5553e+00	
 4.5679e+00	
 4.6237e+00	
 4.4903e+00	
 4.5111e+00	
 4.4919e+00	
 4.4633e+00	
 4.6603e+00	
 4.5101e+00	
 4.5676e+00	
 4.5541e+00	
 4.5613e+00	
 4.5498e+00	
 4.5812e+00	
 4.5464e+00	
 4.5313e+00	
 4.5656e+00	
 4.4911e+00	
 4.5347e+00	
 4.5581e+00	
 4.5693e+00	
 4.5586e+00	
 4.5460e+00	
 4.5091e+00	
 4.4543e+00	
 4.6972e+00	
 4.5114e+00	
 4.5834e+00	
 4.5590e+00	
 4.4628e+00	
 4.5949e+00	
 4.5281e+00	
 4.5990e+00	
 4.5185e+00	
 4.5295e+00	
 4.5350e+00	
 4.5640e+00	
 4.5489e+00	
 4.5869e+00	
 4.5520e+00	
 4.6889e+00	
 4.5619e+00	
 4.5898e+00	
 4.5682e+00	
 4.5631e+00	
 4.5542e+00	
 4.5374e+00	
 4.5991e+00	
 4.5322e+00	
 4.5674e+00	
 4.5334e+00	
 4.5199e+00	
 4.5214e+00	
 4.4603e+00	
 4.4979e+00	
 4.5199e+00	
 4.5532e+00	
 4.4913e+00	
 4.5703e+00	
 4.5448e+00	
 4.4442e+00	
 4.5328e+00	
 4.5832e+00	
 4.5862e+00	
 4.4966e+00	
 4.5029e+00	
 4.6203e+00	
 4.6239e+00	
 4.5772e+00	
 4.5368e+00	
 4.5615e+00	
 4.4756e+00	
 4.5912e+00	
 4.5107e+00	
 4.6099e+00	
 4.5712e+00	
 4.5687e+00	
 4.5517e+00	
 4.5218e+00	
 4.4972e+00	
 4.6174e+00	
 4.5670e+00	
 4.4897e+00	
 4.5718e+00	
 4.6243e+00	
 4.5057e+00	
 4.5393e+00	
 4.5443e+00	
 4.5197e+00	
 4.5102e+00	
 4.5349e+00	
 4.4864e+00	
 4.4452e+00	
 4.5261e+00	
 4.4708e+00	
 4.5311e+00	
 4.6343e+00	
 4.4767e+00	
 4.5881e+00	
 4.5474e+00	
 4.4827e+00	
 4.4387e+00	
 4.5803e+00	
 4.5631e+00	
 4.5023e+00	
 4.4943e+00	
 4.4775e+00	
 4.5861e+00	
 4.5792e+00	
 4.5745e+00	
 4.5403e+00	
 4.4634e+00	
 4.5505e+00	
 4.4850e+00	
 4.5454e+00	
 4.5516e+00	
 4.4762e+00	
 4.5575e+00	
 4.5311e+00	
 4.5167e+00	
 4.6221e+00	
 4.5033e+00	
 4.5344e+00	
 4.5472e+00	
 4.4573e+00	
 4.5134e+00	
 4.5738e+00	
 4.4731e+00	
 4.5981e+00	
 4.5752e+00	
 4.5564e+00	
 4.5110e+00	
 4.5047e+00	
 4.4334e+00	
 4.5057e+00	
 4.5474e+00	
 4.5012e+00	
 4.5446e+00	
 4.5442e+00	
 4.5090e+00	
 4.4892e+00	
 4.4642e+00	
 4.4286e+00	
 4.5134e+00	
 4.4680e+00	
 4.5527e+00	
 4.4886e+00	
 4.3737e+00	
 4.4591e+00	
 4.7048e+00	
 4.6217e+00	
 4.6078e+00	
 4.6221e+00	
 4.6233e+00	
 4.5778e+00	
 4.5511e+00	
 4.5485e+00	
 4.5375e+00	
 4.4946e+00	
 4.5672e+00	
 4.5071e+00	
 4.5067e+00	
 4.4685e+00	
 4.4718e+00	
 4.6035e+00	
 4.6000e+00	
 4.5019e+00	
 4.4855e+00	
 4.4746e+00	
 4.5029e+00	
 4.4752e+00	
 4.4752e+00	
 4.4990e+00	
 4.4226e+00	
 4.5993e+00	
 4.5881e+00	
 4.6053e+00	
 4.4174e+00	
 4.4903e+00	
 4.2627e+00	
 4.5724e+00	
 4.4456e+00	
 4.5507e+00	
 4.6254e+00	
 4.3828e+00	
 4.5512e+00	
 4.4718e+00	
 4.5600e+00	
 4.5029e+00	
 4.5463e+00	
 4.4950e+00	
 4.5890e+00	
 4.4703e+00	
 4.5050e+00	
 4.5234e+00	
 4.5265e+00	
 4.4948e+00	
 4.6424e+00	
 4.5767e+00	
 4.4668e+00	
 4.4228e+00	
 4.3893e+00	
 4.7592e+00	
 4.6024e+00	
 4.5961e+00	
 4.5349e+00	
 4.5548e+00	
 4.4866e+00	
 4.5284e+00	
 4.5705e+00	
 4.5071e+00	
 4.4938e+00	
 4.4146e+00	
 4.3988e+00	
 4.4783e+00	
 4.3425e+00	
 4.8582e+00	
 4.4903e+00	
 4.5794e+00	
 4.6419e+00	
 4.5325e+00	
 4.5312e+00	
 4.5853e+00	
 4.5517e+00	
 4.5461e+00	
 4.5820e+00	
 4.5233e+00	
 4.5383e+00	
 4.5574e+00	
 4.6285e+00	
 4.5455e+00	
 4.5188e+00	
 4.5395e+00	
 4.4814e+00	
 4.4564e+00	
 4.5379e+00	
 4.4377e+00	
 4.5353e+00	
 4.4873e+00	
 4.6252e+00	
 4.4287e+00	
 4.5557e+00	
 4.5919e+00	
 4.4764e+00	
 4.4961e+00	
 4.4746e+00	
 4.4682e+00	
 4.5740e+00	
 4.5454e+00	
 4.4397e+00	
 4.5469e+00	
 4.4664e+00	
 4.4992e+00	
 4.5223e+00	
 4.5546e+00	
 4.5731e+00	
 4.4260e+00	
 4.4367e+00	
 4.5802e+00	
 4.5491e+00	
 4.5621e+00	
 4.5104e+00	
 4.5457e+00	
 4.5280e+00	
 4.5148e+00	
 4.5402e+00	
 4.4870e+00	
 4.5998e+00	
 4.5349e+00	
 4.5129e+00	
 4.5589e+00	
 4.4791e+00	
 4.4659e+00	
 4.4271e+00	
 4.6764e+00	
 4.4054e+00	
 4.4315e+00	
 4.5196e+00	
 4.4486e+00	
 4.4841e+00	
 4.4768e+00	
 4.4201e+00	
 4.4478e+00	
 4.4454e+00	
 4.4688e+00	
 4.4950e+00	
 4.8043e+00	
 4.4862e+00	
 4.5827e+00	
 4.5302e+00	
 4.5494e+00	
 4.4727e+00	
 4.4727e+00	
 4.5712e+00	
 4.4814e+00	
 4.5251e+00	
 4.5443e+00	
 4.4505e+00	
 4.4520e+00	
 4.5014e+00	
 4.4113e+00	
 4.4318e+00	
 4.4117e+00	
 4.5324e+00	
 4.5766e+00	
 4.5240e+00	
 4.5420e+00	
 4.4990e+00	
 4.5761e+00	
 4.4878e+00	
 4.5520e+00	
 4.5118e+00	
 4.5053e+00	
 4.4846e+00	
 4.4291e+00	
 4.4642e+00	
 4.5011e+00	
 4.5054e+00	
 4.4932e+00	
 4.3549e+00	
 4.3365e+00	
 4.3882e+00	
 4.6665e+00	
 4.7922e+00	
 4.5212e+00	
 4.5788e+00	
 4.6253e+00	
 4.5944e+00	
 4.5850e+00	
 4.5746e+00	
 4.5990e+00	
 4.5345e+00	
 4.5661e+00	
 4.6067e+00	
 4.5455e+00	
 4.5886e+00	
 4.5896e+00	
 4.5202e+00	
 4.5825e+00	
 4.5367e+00	
 4.5749e+00	
 4.5228e+00	
 4.4609e+00	
 4.6189e+00	
 4.4417e+00	
 4.5490e+00	
 4.5199e+00	
 4.5975e+00	
 4.5979e+00	
 4.5423e+00	
 4.5866e+00	
 4.5237e+00	
 4.4955e+00	
 4.5243e+00	
 4.4390e+00	
 4.4600e+00	
 4.4892e+00	
 4.5412e+00	
 4.4802e+00	
 4.5306e+00	
 4.5094e+00	
 4.5255e+00	
 4.5856e+00	
 4.6162e+00	
 4.4546e+00	
 4.5505e+00	
 4.5003e+00	
 4.5186e+00	
 4.5467e+00	
 4.5622e+00	
 4.5596e+00	
 4.6454e+00	
 4.5145e+00	
 4.5386e+00	
 4.5327e+00	
 4.5082e+00	
 4.4111e+00	
 4.5661e+00	
 4.6085e+00	
 4.5122e+00	
 4.4711e+00	
 4.5557e+00	
 4.4521e+00	
 4.5188e+00	
 4.5228e+00	
 4.5695e+00	
 4.5341e+00	
 4.4667e+00	
 4.5295e+00	
 4.4656e+00	
 4.4009e+00	
 4.6515e+00	
 4.5110e+00	
 4.3284e+00	
 4.5823e+00	
 4.4768e+00	
 4.4341e+00	
 4.4796e+00	
 4.4321e+00	
 4.5133e+00	
 4.5693e+00	
 4.5989e+00	
 4.4790e+00	
 4.5034e+00	
 4.5635e+00	
 4.4136e+00	
 4.5379e+00	
 4.4225e+00	
 4.4845e+00	
 4.5015e+00	
 4.5680e+00	
 4.5481e+00	
 4.5640e+00	
 4.4979e+00	
 4.4798e+00	
 4.5092e+00	
 4.4488e+00	
 4.4302e+00	
 4.4207e+00	
 4.4096e+00	
 4.5266e+00	
 4.5550e+00	
 4.4942e+00	
 4.4272e+00	
 4.4786e+00	
 4.5243e+00	
 4.4695e+00	
 4.4519e+00	
 4.5562e+00	
 4.5485e+00	
 4.4619e+00	
 4.4235e+00	
 4.4596e+00	
 4.4844e+00	
 4.3836e+00	
 4.5481e+00	
 4.4878e+00	
 4.6935e+00	
 4.4838e+00	
 4.4661e+00	
 4.5235e+00	
 4.4363e+00	
 4.4584e+00	
 4.4114e+00	
 4.4899e+00	
 4.3852e+00	
 4.4845e+00	
 4.7384e+00	
 4.4702e+00	
 4.5523e+00	
 4.4830e+00	
 4.5507e+00	
 4.5484e+00	
 4.4854e+00	
 4.5409e+00	
 4.4396e+00	
 4.5596e+00	
 4.5091e+00	
 4.5802e+00	
 4.4863e+00	
 4.4494e+00	
 4.4512e+00	
 4.3939e+00	
 4.5063e+00	
 4.5324e+00	
 4.4645e+00	
 4.4841e+00	
 4.4491e+00	
 4.4566e+00	
 4.4024e+00	
 4.2873e+00	
 4.4972e+00	
 4.4751e+00	
 4.5033e+00	
 4.4602e+00	
 4.3746e+00	
 4.3746e+00	
 4.5865e+00	
 4.4878e+00	
 4.4644e+00	
 4.4247e+00	
 4.5269e+00	
 4.4495e+00	
 4.4361e+00	
 4.5387e+00	
 4.4506e+00	
 4.4855e+00	
 4.4948e+00	
 4.5253e+00	
 4.3968e+00	
 4.3270e+00	
 4.4311e+00	
 4.3948e+00	
 4.5189e+00	
 4.4237e+00	
 4.4307e+00	
 4.5247e+00	
 4.4087e+00	
 4.5656e+00	
 4.5002e+00	
 4.5331e+00	
 4.4356e+00	
 4.5373e+00	
 4.5219e+00	
 4.4702e+00	
 4.4447e+00	
 4.3724e+00	
 4.4184e+00	
 4.5025e+00	
 4.4651e+00	
 4.5266e+00	
 4.4190e+00	
 4.5218e+00	
 4.4878e+00	
 4.4770e+00	
 4.4800e+00	
 4.4905e+00	
 4.5290e+00	
 4.4413e+00	
 4.4915e+00	
 4.4500e+00	
 4.4717e+00	
 4.4331e+00	
 4.3969e+00	
 4.4774e+00	
 4.3856e+00	
 4.4107e+00	
 4.5076e+00	
 4.4696e+00	
 4.4133e+00	
 4.5000e+00	
 4.4985e+00	
 4.5103e+00	
 4.5310e+00	
 4.5452e+00	
 4.3912e+00	
 4.4353e+00	
 4.3703e+00	
 4.3324e+00	
 4.3593e+00	
 4.3386e+00	
 4.4422e+00	
 4.4592e+00	
 4.5058e+00	
 4.4842e+00	
 4.4840e+00	
 4.5971e+00	
 4.5192e+00	
 4.5331e+00	
 4.4428e+00	
 4.5506e+00	
 4.5365e+00	
 4.4698e+00	
 4.4938e+00	
 4.4338e+00	
 4.3923e+00	
 4.4755e+00	
 4.5902e+00	
 4.4124e+00	
 4.5014e+00	
 4.4903e+00	
 4.4965e+00	
 4.4560e+00	
 4.5629e+00	
 4.5441e+00	
 4.4012e+00	
 4.4108e+00	
 4.4344e+00	
 4.5496e+00	
 4.4041e+00	
 4.3975e+00	
 4.5021e+00	
 4.4455e+00	
 4.5431e+00	
 4.4445e+00	
 4.3605e+00	
 4.5533e+00	
 4.3686e+00	
 4.4623e+00	
 4.4263e+00	
 4.3153e+00	
 4.3638e+00	
 4.5200e+00	
 4.4622e+00	
 4.3545e+00	
 4.4547e+00	
 4.4661e+00	
 4.3871e+00	
 4.5698e+00	
 4.4877e+00	
 4.5192e+00	
 4.5447e+00	
 4.4841e+00	
 4.4292e+00	
 4.5184e+00	
 4.5865e+00	
 4.4695e+00	
 4.4385e+00	
 4.4534e+00	
 4.3382e+00	
 4.4768e+00	
 4.4740e+00	
 4.3782e+00	
 4.4171e+00	
 4.3343e+00	
 4.4561e+00	
 4.3447e+00	
 4.3424e+00	
 4.4942e+00	
 4.6086e+00	
 4.4311e+00	
 4.5579e+00	
 4.4702e+00	
 4.4304e+00	
 4.4738e+00	
 4.4923e+00	
 4.5899e+00	
 4.4952e+00	
 4.4867e+00	
 4.5884e+00	
 4.5810e+00	
 4.5002e+00	
 4.4154e+00	
 4.4738e+00	
 4.3792e+00	
 4.5128e+00	
 4.3540e+00	
 4.5170e+00	
 4.4239e+00	
 4.3965e+00	
 4.5289e+00	
 4.5645e+00	
 4.4672e+00	
 4.4099e+00	
 4.4879e+00	
 4.3723e+00	
 4.3735e+00	
 4.5300e+00	
 4.5173e+00	
 4.4267e+00	
 4.3075e+00	
 4.2915e+00	
 4.5599e+00	
 4.5398e+00	
 4.4439e+00	
 4.5389e+00	
 4.3703e+00	
 4.5288e+00	
 4.5084e+00	
 4.4569e+00	
 4.4597e+00	
 4.5380e+00	
 4.5874e+00	
 4.5025e+00	
 4.5100e+00	
 4.4243e+00	
 4.5150e+00	
 4.3844e+00	
 4.4062e+00	
 4.4158e+00	
 4.5061e+00	
 4.3442e+00	
 4.4082e+00	
 4.5311e+00	
 4.4329e+00	
 4.5074e+00	
 4.5326e+00	
 4.3684e+00	
 4.4590e+00	
 4.3840e+00	
 4.5474e+00	
 4.3584e+00	
 4.3715e+00	
 4.4093e+00	
 4.4702e+00	
 4.4489e+00	
 4.5190e+00	
 4.4827e+00	
 4.3915e+00	
 4.4271e+00	
 4.5989e+00	
 4.5092e+00	
 4.4555e+00	
 4.4076e+00	
 4.4164e+00	
 4.5389e+00	
 4.3606e+00	
 4.7054e+00	
 4.4591e+00	
 4.5164e+00	
 4.6060e+00	
 4.5099e+00	
 4.4751e+00	
 4.4396e+00	
 4.4353e+00	
 4.4773e+00	
 4.3881e+00	
 4.3895e+00	
 4.3908e+00	
 4.4464e+00	
 4.4635e+00	
 4.5496e+00	
 4.4732e+00	
 4.5350e+00	
 4.5117e+00	
 4.5419e+00	
 4.4564e+00	
 4.3975e+00	
 4.5013e+00	
 4.5247e+00	
 4.4649e+00	
 4.4392e+00	
 4.4674e+00	
 4.3806e+00	
 4.3711e+00	
 4.3761e+00	
 4.3652e+00	
 4.4930e+00	
 4.4014e+00	
 4.5549e+00	
 4.4391e+00	
 4.4344e+00	
 4.4563e+00	
 4.5056e+00	
 4.4767e+00	
 4.3772e+00	
 4.4757e+00	
 4.4497e+00	
 4.4422e+00	
 4.4443e+00	
 4.4036e+00	
 4.4580e+00	
 4.4164e+00	
 4.4797e+00	
 4.4582e+00	
 4.4426e+00	
 4.4912e+00	
 4.6481e+00	
 4.4748e+00	
 4.4428e+00	
 4.4118e+00	
 4.4056e+00	
 4.4232e+00	
 4.5374e+00	
 4.3995e+00	
 4.2663e+00	
 4.4919e+00	
 4.4278e+00	
 4.4378e+00	
 4.3569e+00	
 4.5138e+00	
 4.4844e+00	
 4.4853e+00	
 4.3795e+00	
 4.3577e+00	
 4.5173e+00	
 4.5154e+00	
 4.4625e+00	
 4.5692e+00	
 4.4026e+00	
 4.4005e+00	
 4.2409e+00	
 4.4812e+00	
 4.4176e+00	
 4.3935e+00	
 4.5865e+00	
 4.3489e+00	
 4.3855e+00	
 4.3815e+00	
 4.5897e+00	
 4.5616e+00	
 4.4682e+00	
 4.5149e+00	
 4.5095e+00	
 4.4517e+00	
 4.4728e+00	
 4.4498e+00	
 4.4183e+00	
 4.4222e+00	
 4.3969e+00	
 4.4407e+00	
 4.3766e+00	
 4.5440e+00	
 4.4341e+00	
 4.4396e+00	
 4.4315e+00	
 4.5203e+00	
 4.4907e+00	
 4.3547e+00	
 4.4525e+00	
 4.4950e+00	
 4.3752e+00	
 4.4327e+00	
 4.5337e+00	
 4.3621e+00	
 4.3807e+00	
 4.4882e+00	
 4.4865e+00	
 4.4755e+00	
 4.3451e+00	
 4.4707e+00	
 4.4429e+00	
 4.4467e+00	
 4.4311e+00	
 4.5463e+00	
 4.5627e+00	
 4.4383e+00	
 4.4421e+00	
 4.4247e+00	
 4.4086e+00	
 4.4962e+00	
 4.3900e+00	
 4.3828e+00	
 4.4707e+00	
 4.5800e+00	
 4.4914e+00	
 4.3745e+00	
 4.4634e+00	
 4.4720e+00	
 4.4688e+00	
 4.4232e+00	
 4.4392e+00	
 4.5183e+00	
 4.4150e+00	
 4.3514e+00	
 4.3787e+00	
 4.5020e+00	
 4.3839e+00	
 4.4394e+00	
 4.3606e+00	
 4.4165e+00	
 4.5673e+00	
 4.5221e+00	
 4.3655e+00	
 4.4191e+00	
 4.3924e+00	
 4.4462e+00	
 4.4633e+00	
 4.2370e+00	
 4.3977e+00	
 4.4131e+00	
 4.4534e+00	
 4.4800e+00	
 4.4659e+00	
 4.3829e+00	
 4.5481e+00	
 4.4556e+00	
 4.2865e+00	
 4.3465e+00	
 4.5732e+00	
 4.3424e+00	
 4.5880e+00	
 4.3871e+00	
 4.4791e+00	
 4.4228e+00	
 4.4653e+00	
 4.3102e+00	
 4.2661e+00	
 4.3350e+00	
 4.3491e+00	
 4.4403e+00	
 4.4167e+00	
 4.4902e+00	
 4.4290e+00	
 4.4102e+00	
 4.5792e+00	
 4.5078e+00	
 4.4059e+00	
 4.4470e+00	
 4.5074e+00	
 4.3466e+00	
 4.3653e+00	
 4.3663e+00	
 4.4344e+00	
 4.4142e+00	
 4.4409e+00	
 4.3577e+00	
 4.4446e+00	
 4.5881e+00	
 4.3469e+00	
 4.4680e+00	
 4.3982e+00	
 4.2870e+00	
 4.3450e+00	
 4.4750e+00	
 4.4212e+00	
 4.4422e+00	
 4.5451e+00	
 4.4398e+00	
 4.4608e+00	
 4.5522e+00	
 4.4192e+00	
 4.4514e+00	
 4.4092e+00	
 4.4508e+00	
 4.4325e+00	
 4.3761e+00	
 4.4655e+00	
 4.5286e+00	
 4.4944e+00	
 4.3700e+00	
 4.4458e+00	
 4.3469e+00	
 4.4625e+00	
 4.3462e+00	
 4.3955e+00	
 4.4271e+00	
 4.5313e+00	
 4.4505e+00	
 4.5436e+00	
 4.4553e+00	
 4.3361e+00	
 4.4528e+00	
 4.4393e+00	
 4.3613e+00	
 4.5066e+00	
 4.4575e+00	
 4.3002e+00	
 4.3490e+00	
 4.5402e+00	
 4.3941e+00	
 4.4637e+00	
 4.4446e+00	
 4.5790e+00	
 4.3422e+00	
 4.4247e+00	
 4.5093e+00	
 4.5360e+00	
 4.5565e+00	
 4.4521e+00	
 4.5320e+00	
 4.4399e+00	
 4.4225e+00	
 4.4633e+00	
 4.3603e+00	
 4.4384e+00	
 4.4594e+00	
 4.3120e+00	
 4.4515e+00	
 4.4480e+00	
 4.4574e+00	
 4.3641e+00	
 4.4266e+00	
 4.3556e+00	
 4.2910e+00	
 4.4038e+00	
 4.3573e+00	
 4.5963e+00	
 4.3905e+00	
 4.4841e+00	
 4.3150e+00	
 4.3427e+00	
 4.3543e+00	
 4.3654e+00	
 4.4876e+00	
 4.4831e+00	
 4.4164e+00	
 4.4387e+00	
 4.4136e+00	
 4.4706e+00	
 4.4747e+00	
 4.4807e+00	
 4.4610e+00	
 4.5075e+00	
 4.4359e+00	
 4.5101e+00	
 4.4613e+00	
 4.4865e+00	
 4.3539e+00	
 4.3630e+00	
 4.3787e+00	
 4.4190e+00	
 4.5155e+00	
 4.5171e+00	
 4.3697e+00	
 4.4366e+00	
 4.4466e+00	
 4.4615e+00	
 4.3123e+00	
 4.3105e+00	
 4.4396e+00	
 4.5708e+00	
 4.4394e+00	
 4.4320e+00	
 4.5001e+00	
 4.4053e+00	
 4.2926e+00	
 4.4069e+00	
 4.5010e+00	
 4.5735e+00	
 4.4443e+00	
 4.4223e+00	
 4.4486e+00	
 4.3879e+00	
 4.4792e+00	
 4.4781e+00	
 4.4744e+00	
 4.4363e+00	
 4.4510e+00	
 4.4333e+00	
 4.4447e+00	
 4.4198e+00	
 4.4489e+00	
 4.3939e+00	
 4.4278e+00	
 4.2687e+00	
 4.4891e+00	
 4.3618e+00	
 4.3596e+00	
 4.5131e+00	
 4.1992e+00	
 4.3466e+00	
 4.3866e+00	
 4.4401e+00	
 4.4663e+00	
 4.5004e+00	
 4.2963e+00	
 4.6984e+00	
 4.5100e+00	
 4.5428e+00	
 4.6012e+00	
 4.5706e+00	
 4.5187e+00	
 4.5076e+00	
 4.5216e+00	
 4.5004e+00	
 4.4696e+00	
 4.4884e+00	
 4.3549e+00	
 4.4917e+00	
 4.4338e+00	
 4.3353e+00	
 4.3625e+00	
 4.4782e+00	
 4.4272e+00	
 4.4308e+00	
 4.4631e+00	
 4.4054e+00	
 4.5163e+00	
 4.5293e+00	
 4.3335e+00	
 4.3990e+00	
 4.4370e+00	
 4.3878e+00	
 4.4144e+00	
 4.3858e+00	
 4.4730e+00	
 4.5597e+00	
 4.4720e+00	
 4.4537e+00	
 4.4998e+00	
 4.4874e+00	
 4.4741e+00	
 4.3177e+00	
 4.4924e+00	
 4.2436e+00	
 4.6404e+00	
 4.4159e+00	
 4.4588e+00	
 4.3906e+00	
 4.5894e+00	
 4.4474e+00	
 4.4640e+00	
 4.5845e+00	
 4.4388e+00	
 4.4614e+00	
 4.4152e+00	
 4.3423e+00	
 4.4688e+00	
 4.4427e+00	
 4.4687e+00	
 4.3439e+00	
 4.4870e+00	
 4.3379e+00	
 4.4102e+00	
 4.3603e+00	
 4.2735e+00	
 4.3746e+00	
 4.3507e+00	
 4.3116e+00	
 4.2773e+00	
 4.4518e+00	
 4.2757e+00	
 4.4611e+00	
 4.2950e+00	
 4.3739e+00	
 4.4604e+00	
 4.4012e+00	
 4.5039e+00	
 4.6196e+00	
 4.3851e+00	
 4.3955e+00	
 4.4005e+00	
 4.4169e+00	
 4.5410e+00	
 4.4871e+00	
 4.3460e+00	
 4.4256e+00	
 4.2606e+00	
 4.3959e+00	
 4.4356e+00	
 4.5194e+00	
 4.3505e+00	
 4.4361e+00	
 4.4684e+00	
 4.4323e+00	
 4.5098e+00	
 4.4872e+00	
 4.3293e+00	
 4.3373e+00	
 4.3829e+00	
 4.3821e+00	
 4.2842e+00	
 4.4260e+00	
 4.2727e+00	
 4.4682e+00	
 4.2573e+00	
 4.3286e+00	
 4.5512e+00	
 4.3312e+00	
 4.3027e+00	
 4.5080e+00	
 4.3437e+00	
 4.4169e+00	
 4.4567e+00	
 4.5560e+00	
 4.3947e+00	
 4.3325e+00	
 4.6051e+00	
 4.4353e+00	
 4.4594e+00	
 4.3974e+00	
 4.3802e+00	
 4.3837e+00	
 4.4294e+00	
 4.3609e+00	
 4.4144e+00	
 4.4679e+00	
 4.3093e+00	
 4.5419e+00	
 4.4577e+00	
 4.4010e+00	
 4.4300e+00	
 4.3548e+00	
 4.4252e+00	
 4.4150e+00	
 4.3988e+00	
 4.4691e+00	
 4.4935e+00	
 4.4636e+00	
 4.4927e+00	
 4.4386e+00	
 4.4627e+00	
 4.3885e+00	
 4.4929e+00	
 4.4604e+00	
 4.3846e+00	
 4.4314e+00	
 4.3430e+00	
 4.3241e+00	
 4.4391e+00	
 4.4599e+00	
 4.3300e+00	
 4.3977e+00	
 4.3788e+00	
 4.4060e+00	
 4.3459e+00	
 4.2541e+00	
 4.4258e+00	
 4.4880e+00	
 4.4413e+00	
 4.4003e+00	
 4.4378e+00	
 4.3987e+00	
 4.4044e+00	
 4.3990e+00	
 4.4063e+00	
 4.4530e+00	
 4.4131e+00	
 4.4959e+00	
 4.3490e+00	
 4.4227e+00	
 4.3849e+00	
 4.4210e+00	
 4.5404e+00	
 4.3529e+00	
 4.3644e+00	
 4.3738e+00	
 4.3113e+00	
 4.3645e+00	
 4.4406e+00	
 4.3416e+00	
 4.4450e+00	
 4.3952e+00	
 4.3170e+00	
 4.4120e+00	
 4.4278e+00	
 4.2771e+00	
 4.3263e+00	
 4.3155e+00	
 4.3486e+00	
 4.5167e+00	
 4.3491e+00	
 4.4202e+00	
 4.2567e+00	
 4.4488e+00	
 4.3731e+00	
 4.4417e+00	
 4.3001e+00	
 4.4419e+00	
 4.4698e+00	
 4.3917e+00	
 4.3835e+00	
 4.2847e+00	
 4.3018e+00	
 4.3945e+00	
 4.4773e+00	
 4.3049e+00	
 4.3269e+00	
 4.4539e+00	
 4.4378e+00	
 4.4193e+00	
 4.4271e+00	
 4.3419e+00	
 4.3347e+00	
 4.4656e+00	
 4.3553e+00	
 4.4437e+00	
 4.4111e+00	
 4.4726e+00	
 4.5643e+00	
 4.3315e+00	
 4.3366e+00	
 4.4176e+00	
 4.5994e+00	
 4.2925e+00	
 4.4176e+00	
 4.2693e+00	
 4.4252e+00	
 4.3893e+00	
 4.4305e+00	
 4.4899e+00	
 4.3468e+00	
 4.4189e+00	
 4.3922e+00	
 4.3264e+00	
 4.3746e+00	
 4.3444e+00	
 4.3841e+00	
 4.4036e+00	
 4.4755e+00	
 4.4372e+00	
 4.5149e+00	
 4.4858e+00	
 4.4656e+00	
 4.4116e+00	
 4.3905e+00	
 4.3823e+00	
 4.3942e+00	
 4.2740e+00	
 4.4025e+00	
 4.5684e+00	
 4.3329e+00	
 4.3183e+00	
 4.3246e+00	
 4.4660e+00	
 4.3458e+00	
 4.4188e+00	
 4.4707e+00	
 4.4926e+00	
 4.4142e+00	
 4.4141e+00	
 4.5013e+00	
 4.3965e+00	
 4.3787e+00	
 4.3341e+00	
 4.3544e+00	
 4.3922e+00	
 4.2979e+00	
 4.6040e+00	
 4.4893e+00	
 4.4896e+00	
 4.4467e+00	
 4.4361e+00	
 4.4797e+00	
 4.5141e+00	
 4.3495e+00	
 4.4779e+00	
 4.4378e+00	
 4.5685e+00	
 4.3608e+00	
 4.4302e+00	
 4.3202e+00	
 4.3768e+00	
 4.4302e+00	
 4.4258e+00	
 4.3142e+00	
 4.4908e+00	
 4.4113e+00	
 4.3195e+00	
 4.5762e+00	
 4.3169e+00	
 4.3965e+00	
 4.3028e+00	
 4.4083e+00	
 4.3101e+00	
 4.3098e+00	
 4.3164e+00	
 4.4378e+00	
 4.5095e+00	
 4.4121e+00	
 4.5242e+00	
 4.4166e+00	
 4.4019e+00	
 4.4387e+00	
 4.2887e+00	
 4.3225e+00	
 4.4870e+00	
 4.4812e+00	
 4.4916e+00	
 4.3740e+00	
 4.4605e+00	
 4.3852e+00	
 4.3921e+00	
 4.4028e+00	
 4.4668e+00	
 4.4098e+00	
 4.6263e+00	
 4.4443e+00	
 4.3716e+00	
 4.3303e+00	
 4.3683e+00	
 4.3561e+00	
 4.4907e+00	
 4.4807e+00	
 4.4193e+00	
 4.4135e+00	
 4.4227e+00	
 4.4091e+00	
 4.1239e+00	
 4.5321e+00	
 4.6773e+00	
 4.4330e+00	
 4.4305e+00	
 4.4022e+00	
 4.4830e+00	
 4.4125e+00	
 4.6115e+00	
 4.4666e+00	
 4.5626e+00	
 4.4970e+00	
 4.4699e+00	
 4.3954e+00	
 4.3554e+00	
 4.5987e+00	
 4.3714e+00	
 4.4091e+00	
 4.4787e+00	
 4.4692e+00	
 4.5201e+00	
 4.3648e+00	
 4.4416e+00	
 4.3781e+00	
 4.3787e+00	
 4.4372e+00	
 4.2616e+00	
 4.3154e+00	
 4.7269e+00	
 4.5530e+00	
 4.4034e+00	
 4.4645e+00	
 4.4870e+00	
 4.4097e+00	
 4.3544e+00	
 4.4195e+00	
 4.4219e+00	
 4.3285e+00	
 4.4432e+00	
 4.2910e+00	
 4.3604e+00	
 4.2353e+00	
 4.3883e+00	
 4.3778e+00	
 4.2714e+00	
 4.3718e+00	
 4.4361e+00	
 4.4340e+00	
 4.2516e+00	
 4.4806e+00	
 4.3284e+00	
 4.4154e+00	
 4.3748e+00	
 4.5599e+00	
 4.4826e+00	
 4.4682e+00	
 4.3442e+00	
 4.2531e+00	
 4.4770e+00	
 4.3941e+00	
 4.3420e+00	
 4.5025e+00	
 4.3800e+00	
 4.4647e+00	
 4.3655e+00	
 4.5006e+00	
 4.4123e+00	
 4.3957e+00	
 4.3862e+00	
 4.3065e+00	
 4.3272e+00	
 4.3502e+00	
 4.3718e+00	
 4.4742e+00	
 4.4606e+00	
 4.3608e+00	
 4.3101e+00	
 4.2109e+00	
 4.3880e+00	
 4.5211e+00	
 4.2851e+00	
 4.5164e+00	
 4.3678e+00	
 4.4419e+00	
 4.3838e+00	
 4.3948e+00	
 4.3137e+00	
 4.5539e+00	
 4.2029e+00	
 4.2878e+00	
 4.3976e+00	
 4.2772e+00	
 4.3325e+00	
 4.4829e+00	
 4.3031e+00	
 4.3800e+00	
 4.4374e+00	
 4.4848e+00	
 4.4005e+00	
 4.3640e+00	
 4.1924e+00	
 4.3696e+00	
 4.4673e+00	
 4.3636e+00	
 4.2517e+00	
 4.3724e+00	
 4.3584e+00	
 4.5303e+00	
 4.3752e+00	
 4.3440e+00	
 4.5319e+00	
 4.3954e+00	
 4.4458e+00	
 4.3961e+00	
 4.4675e+00	
 4.3795e+00	
 4.4259e+00	
 4.4627e+00	
 4.4750e+00	
 4.2944e+00	
 4.3119e+00	
 4.2220e+00	
 4.4515e+00	
 4.4629e+00	
 4.4527e+00	
 4.4324e+00	
 4.4407e+00	
 4.4053e+00	
 4.4268e+00	
 4.3172e+00	
 4.4698e+00	
 4.3660e+00	
 4.5212e+00	
 4.4978e+00	
 4.4573e+00	
 4.5018e+00	
 4.3718e+00	
 4.5059e+00	
 4.4573e+00	
 4.5088e+00	
 4.2924e+00	
 4.4506e+00	
 4.4657e+00	
 4.3962e+00	
 4.3642e+00	
 4.3416e+00	
 4.4188e+00	
 4.4333e+00	
 4.4542e+00	
 4.4615e+00	
 4.4084e+00	
 4.3734e+00	
 4.2775e+00	
 4.3145e+00	
 4.6627e+00	
 4.5291e+00	
 4.5408e+00	
 4.4366e+00	
 4.4055e+00	
 4.4158e+00	
 4.4048e+00	
 4.2521e+00	
 4.3489e+00	
 4.2771e+00	
 4.3600e+00	
 4.5012e+00	
 4.4293e+00	
 4.4353e+00	
 4.3979e+00	
 4.4987e+00	
 4.4856e+00	
 4.3895e+00	
 4.4535e+00	
 4.4194e+00	
 4.3986e+00	
 4.3141e+00	
 4.3734e+00	
 4.2762e+00	
 4.3654e+00	
 4.4400e+00	
 4.3937e+00	
 4.3174e+00	
 4.4051e+00	
 4.4875e+00	
 4.3887e+00	
 4.3665e+00	
 4.5308e+00	
 4.3571e+00	
 4.4309e+00	
 4.4174e+00	
 4.3544e+00	
 4.3467e+00	
 4.4307e+00	
 4.4606e+00	
 4.3773e+00	
 4.4386e+00	
 4.4090e+00	
 4.4367e+00	
 4.2683e+00	
 4.2706e+00	
 4.3654e+00	
 4.4763e+00	
 4.3773e+00	
 4.3927e+00	
 4.2894e+00	
 4.3638e+00	
 4.5135e+00	
 4.5610e+00	
 4.2624e+00	
 4.3928e+00	
 4.5065e+00	
 4.4183e+00	
 4.3248e+00	
 4.4037e+00	
 4.4427e+00	
 4.4010e+00	
 4.3959e+00	
 4.4031e+00	
 4.3781e+00	
 4.4131e+00	
 4.5114e+00	
 4.2840e+00	
 4.4148e+00	
 4.4214e+00	
 4.4720e+00	
 4.4214e+00	
 4.3489e+00	
 4.3937e+00	
 4.3047e+00	
 4.4612e+00	
 4.2584e+00	
 4.2928e+00	
 4.3998e+00	
 4.3627e+00	
 4.4079e+00	
 4.5167e+00	
 4.4049e+00	
 4.5189e+00	
 4.4684e+00	
 4.2963e+00	
 4.4230e+00	
 4.4257e+00	
 4.2166e+00	
 4.3636e+00	
 4.4064e+00	
 4.3678e+00	
 4.4678e+00	
 4.3699e+00	
 4.3971e+00	
 4.3304e+00	
 4.3246e+00	
 4.2714e+00	
 4.3632e+00	
 4.4047e+00	
 4.3805e+00	
 4.3294e+00	
 4.3322e+00	
 4.5018e+00	
 4.4012e+00	
 4.3840e+00	
 4.4863e+00	
 4.3728e+00	
 4.4049e+00	
 4.2540e+00	
 4.3281e+00	
 4.4285e+00	
 4.5794e+00	
 4.4081e+00	
 4.4277e+00	
 4.5054e+00	
 4.3970e+00	
 4.3536e+00	
 4.3302e+00	
 4.3171e+00	
 4.5613e+00	
 4.3079e+00	
 4.2919e+00	
 4.3620e+00	
 4.3182e+00	
 4.3952e+00	
 4.3098e+00	
 4.4515e+00	
 4.3783e+00	
 4.3869e+00	
 4.3879e+00	
 4.4248e+00	
 4.3721e+00	
 4.1815e+00	
 4.3894e+00	
 4.5064e+00	
 4.2752e+00	
 4.3928e+00	
 4.2914e+00	
 4.5340e+00	
 4.2674e+00	
 4.4505e+00	
 4.4087e+00	
 4.3365e+00	
 4.2825e+00	
 4.4442e+00	
 4.3878e+00	
 4.3916e+00	
 4.2805e+00	
 4.3523e+00	
 4.2953e+00	
 4.2506e+00	
 4.2800e+00	
 4.5192e+00	
 4.3901e+00	
 4.4330e+00	
 4.4099e+00	
 4.2859e+00	
 4.3751e+00	
 4.4980e+00	
 4.3908e+00	
 4.4152e+00	
 4.3897e+00	
 4.4976e+00	
 4.1867e+00	
 4.4424e+00	
 4.3792e+00	
 4.3607e+00	
 4.2937e+00	
 4.5603e+00	
 4.4808e+00	
 4.4217e+00	
 4.4028e+00	
 4.4828e+00	
 4.3089e+00	
 4.2582e+00	
 4.3028e+00	
 4.3137e+00	
 4.4817e+00	
 4.2159e+00	
 4.5022e+00	
 4.2279e+00	
 4.3344e+00	
 4.5113e+00	
 4.3819e+00	
 4.2880e+00	
 4.3429e+00	
 4.3123e+00	
 4.3178e+00	
 4.4723e+00	
 4.4377e+00	
 4.3686e+00	
 4.3200e+00	
 4.2452e+00	
 4.3649e+00	
 4.5543e+00	
 4.3867e+00	
 4.4840e+00	
 4.2380e+00	
 4.3490e+00	
 4.3684e+00	
 4.4481e+00	
 4.5511e+00	
 4.4011e+00	
 4.4016e+00	
 4.2501e+00	
 4.3361e+00	
 4.4346e+00	
 4.4345e+00	
 4.3806e+00	
 4.3513e+00	
 4.3792e+00	
 4.1946e+00	
 4.3833e+00	
 4.4617e+00	
 4.3206e+00	
 4.4189e+00	
 4.4391e+00	
 4.3508e+00	
 4.2883e+00	
 4.3684e+00	
 4.2633e+00	
 4.5177e+00	
 4.2838e+00	
 4.4473e+00	
 4.3496e+00	
 4.3054e+00	
 4.2990e+00	
 4.3413e+00	
 4.2982e+00	
 4.3272e+00	
 4.2834e+00	
 4.2854e+00	
 4.2761e+00	
 4.5075e+00	
 4.3164e+00	
 4.3568e+00	
 4.3175e+00	
 4.2889e+00	
 4.4077e+00	
 4.2931e+00	
 4.4673e+00	
 4.3144e+00	
 4.5886e+00	
 4.5300e+00	
 4.4677e+00	
 4.4719e+00	
 4.5055e+00	
 4.4341e+00	
 4.3639e+00	
 4.3590e+00	
 4.3245e+00	
 4.2973e+00	
 4.6125e+00	
 4.3710e+00	
 4.4122e+00	
 4.3057e+00	
 4.2912e+00	
 4.2942e+00	
 4.3365e+00	
 4.3968e+00	
 4.4706e+00	
 4.5065e+00	
 4.3946e+00	
 4.3409e+00	
 4.3729e+00	
 4.3076e+00	
 4.3553e+00	
 4.2464e+00	
 4.4215e+00	
 4.1659e+00	
 4.3589e+00	
 4.2746e+00	
 4.5005e+00	
 4.4755e+00	
 4.4487e+00	
 4.3208e+00	
 4.4369e+00	
 4.4374e+00	
 4.3509e+00	
 4.4315e+00	
 4.2579e+00	
 4.3617e+00	
 4.2154e+00	
 4.4241e+00	
 4.4923e+00	
 4.4349e+00	
 4.3527e+00	
 4.2735e+00	
 4.4783e+00	
 4.3042e+00	
 4.3626e+00	
 4.3051e+00	
 4.4370e+00	
 4.2605e+00	
 4.4029e+00	
 4.5524e+00	
 4.2069e+00	
 4.3122e+00	
 4.3400e+00	
 4.4035e+00	
 4.4002e+00	
 4.3950e+00	
 4.3641e+00	
 4.3806e+00	
 4.3339e+00	
 4.2579e+00	
 4.2002e+00	
 4.4211e+00	
 4.4317e+00	
 4.3589e+00	
 4.1976e+00	
 4.3816e+00	
 4.4342e+00	
 4.3407e+00	
 4.3629e+00	
 4.2767e+00	
 4.4208e+00	
 4.3058e+00	
 4.5098e+00	
 4.3216e+00	
 4.3772e+00	
 4.3056e+00	
 4.4349e+00	
 4.3162e+00	
 4.3070e+00	
 4.3164e+00	
 4.6079e+00	
 4.3326e+00	
 4.3946e+00	
 4.3879e+00	
 4.3627e+00	
 4.2735e+00	
 4.3763e+00	
 4.3873e+00	
 4.4010e+00	
 4.4761e+00	
 4.2972e+00	
 4.3766e+00	
 4.3978e+00	
 4.2880e+00	
 4.4017e+00	
 4.2971e+00	
 4.3768e+00	
 4.3083e+00	
 4.3352e+00	
 4.4064e+00	
 4.2529e+00	
 4.4589e+00	
 4.1327e+00	
 4.3750e+00	
 4.4490e+00	
 4.2441e+00	
 4.4175e+00	
 4.4259e+00	
 4.3732e+00	
 4.4366e+00	
 4.4120e+00	
 4.4424e+00	
 4.3058e+00	
 4.3703e+00	
 4.4203e+00	
 4.2776e+00	
 4.4217e+00	
 4.4124e+00	
 4.3140e+00	
 4.4496e+00	
 4.3986e+00	
 4.4261e+00	
 4.3701e+00	
 4.3983e+00	
 4.3001e+00	
 4.3486e+00	
 4.2577e+00	
 4.4038e+00	
 4.3616e+00	
 4.3713e+00	
 4.4269e+00	
 4.2749e+00	
 4.3594e+00	
 4.5356e+00	
 4.3649e+00	
 4.5025e+00	
 4.4739e+00	
 4.3612e+00	
 4.4016e+00	
 4.4347e+00	
 4.3096e+00	
 4.4217e+00	
 4.1983e+00	
 4.3666e+00	
 4.1856e+00	
 4.2446e+00	
 4.3963e+00	
 4.4649e+00	
 4.1180e+00	
 4.3102e+00	
 4.4341e+00	
 4.2429e+00	
 4.4190e+00	
 4.4355e+00	
 4.1930e+00	
 4.3255e+00	
 4.3340e+00	
 4.4904e+00	
 4.4436e+00	
 4.3512e+00	
 4.3709e+00	
 4.4796e+00	
 4.4244e+00	
 4.3701e+00	
 4.4717e+00	
 4.3553e+00	
 4.4608e+00	
 4.4769e+00	
 4.4912e+00	
 4.3644e+00	
 4.3012e+00	
 4.2837e+00	
 4.4969e+00	
 4.5986e+00	
 4.4490e+00	
 4.3768e+00	
 4.3847e+00	
 4.3977e+00	
 4.4006e+00	
 4.3806e+00	
 4.3682e+00	
 4.4259e+00	
 4.3679e+00	
 4.3826e+00	
 4.3349e+00	
 4.4208e+00	
 4.2533e+00	
 4.4743e+00	
 4.2598e+00	
 4.3500e+00	
 4.3500e+00	
 4.3785e+00	
 4.4842e+00	
 4.3542e+00	
 4.2574e+00	
 4.2853e+00	
 4.1731e+00	
 4.2009e+00	
 4.3574e+00	
 4.3639e+00	
 4.4141e+00	
 4.3789e+00	
 4.2856e+00	
 4.2372e+00	
 4.4323e+00	
 4.3388e+00	
 4.4531e+00	
 4.3743e+00	
 4.2096e+00	
 4.2320e+00	
 4.4275e+00	
 4.4035e+00	
 4.2653e+00	
 4.5791e+00	
 4.3832e+00	
 4.4550e+00	
 4.4054e+00	
 4.2961e+00	
 4.3632e+00	
 4.2946e+00	
 4.3619e+00	
 4.4122e+00	
 4.3925e+00	
 4.2828e+00	
 4.3416e+00	
 4.4171e+00	
 4.3351e+00	
 4.3411e+00	
 4.2919e+00	
 4.2756e+00	
 4.3435e+00	
 4.4604e+00	
 4.4051e+00	
 4.4135e+00	
 4.2622e+00	
 4.3756e+00	
 4.2541e+00	
 4.3766e+00	
 4.3221e+00	
 4.2555e+00	
 4.3910e+00	
 4.2724e+00	
 4.4457e+00	
 4.5398e+00	
 4.4020e+00	
 4.3491e+00	
 4.1668e+00	
 4.3567e+00	
 4.2846e+00	
 4.3219e+00	
 4.3471e+00	
 4.1792e+00	
 4.4556e+00	
 4.3028e+00	
 4.4829e+00	
 4.2281e+00	
 4.4190e+00	
 4.3753e+00	
 4.3032e+00	
 4.3797e+00	
 4.3116e+00	
 4.4270e+00	
 4.3870e+00	
 4.2389e+00	
 4.3919e+00	
 4.4537e+00	
 4.2994e+00	
 4.4044e+00	
 4.4278e+00	
 4.3394e+00	
 4.3181e+00	
 4.3021e+00	
 4.3650e+00	
 4.3239e+00	
 4.4077e+00	
 4.3635e+00	
 4.3574e+00	
 4.4725e+00	
 4.3558e+00	
 4.3287e+00	
 4.3210e+00	
 4.3033e+00	
 4.3227e+00	
 4.3225e+00	
 4.2051e+00	
 4.5685e+00	
 4.2865e+00	
 4.3341e+00	
 4.3762e+00	
 4.2489e+00	
 4.3676e+00	
 4.2919e+00	
 4.3502e+00	
 4.3581e+00	
 4.4388e+00	
 4.4005e+00	
 4.2720e+00	
 4.2766e+00	
 4.2652e+00	
 4.4396e+00	
 4.5115e+00	
 4.3848e+00	
 4.4419e+00	
 4.3968e+00	
 4.4166e+00	
 4.3331e+00	
 4.3492e+00	
 4.3435e+00	
 4.2844e+00	
 4.3599e+00	
 4.2818e+00	
 4.2851e+00	
 4.3348e+00	
 4.3492e+00	
 4.2110e+00	
 4.3746e+00	
 4.4192e+00	
 4.2356e+00	
 4.4033e+00	
 4.5883e+00	
 4.4422e+00	
 4.3796e+00	
 4.4282e+00	
 4.3569e+00	
 4.3052e+00	
 4.3581e+00	
 4.2564e+00	
 4.3179e+00	
 4.3579e+00	
 4.1718e+00	
 4.3519e+00	
 4.4106e+00	
 4.4212e+00	
 4.5027e+00	
 4.3153e+00	
 4.2757e+00	
 4.2511e+00	
 4.3861e+00	
 4.3711e+00	
 4.3462e+00	
 4.3336e+00	
 4.2117e+00	
 4.4194e+00	
 4.4287e+00	
 4.3327e+00	
 4.3285e+00	
 4.1623e+00	
 4.5340e+00	
 4.4274e+00	
 4.4623e+00	
 4.2482e+00	
 4.3173e+00	
 4.2648e+00	
 4.3378e+00	
 4.2146e+00	
 4.4111e+00	
 4.3802e+00	
 4.3728e+00	
 4.3698e+00	
 4.3409e+00	
 4.5103e+00	
 4.3262e+00	
 4.3359e+00	
 4.3150e+00	
 4.3161e+00	
 4.3732e+00	
 4.3028e+00	
 4.3504e+00	
 4.2836e+00	
 4.4096e+00	
 4.2691e+00	
 4.4279e+00	
 4.2434e+00	
 4.2092e+00	
 4.3789e+00	
 4.3308e+00	
 4.5010e+00	
 4.5294e+00	
 4.5079e+00	
 4.5241e+00	
 4.4306e+00	
 4.3655e+00	
 4.2888e+00	
 4.3143e+00	
 4.4277e+00	
 4.4000e+00	
 4.3671e+00	
 4.3994e+00	
 4.2066e+00	
 4.2199e+00	
 4.4192e+00	
 4.2836e+00	
 4.3714e+00	
 4.4123e+00	
 4.3174e+00	
 4.3796e+00	
 4.2329e+00	
 4.3673e+00	
 4.4778e+00	
 4.2504e+00	
 4.2969e+00	
 4.2011e+00	
 4.2711e+00	
 4.3437e+00	
 4.5099e+00	
 4.2681e+00	
 4.3892e+00	
 4.2551e+00	
 4.4040e+00	
 4.3936e+00	
 4.3165e+00	
 4.3179e+00	
 4.3342e+00	
 4.2423e+00	
 4.2940e+00	
 4.3578e+00	
 4.4343e+00	
 4.3267e+00	
 4.3965e+00	
 4.3759e+00	
 4.3365e+00	
 4.2984e+00	
 4.3313e+00	
 4.3229e+00	
 4.3119e+00	
 4.3298e+00	
 4.2502e+00	
 4.5283e+00	
 4.3004e+00	
 4.4502e+00	
 4.3715e+00	
 4.3164e+00	
 4.2639e+00	
 4.4463e+00	
 4.3579e+00	
 4.2982e+00	
 4.3548e+00	
 4.2707e+00	
 4.1385e+00	
 4.2801e+00	
 4.1363e+00	
 4.2353e+00	
 4.3130e+00	
 4.3347e+00	
 4.2220e+00	
 4.2586e+00	
 4.4443e+00	
 4.4044e+00	
 4.4076e+00	
 4.2668e+00	
 4.4060e+00	
 4.2770e+00	
 4.2695e+00	
 4.3393e+00	
 4.3150e+00	
 4.3004e+00	
 4.4658e+00	
 4.4476e+00	
 4.4012e+00	
 4.3591e+00	
 4.2651e+00	
 4.3336e+00	
 4.4706e+00	
 4.3198e+00	
 4.2214e+00	
 4.2087e+00	
 4.3736e+00	
 4.3604e+00	
 4.4178e+00	
 4.4581e+00	
 4.3033e+00	
 4.3996e+00	
 4.3750e+00	
 4.3695e+00	
 4.3023e+00	
 4.3261e+00	
 4.3078e+00	
 4.2396e+00	
 4.3989e+00	
 4.3321e+00	
 4.4891e+00	
 4.3157e+00	
 4.3322e+00	
 4.2720e+00	
 4.1811e+00	
 4.3460e+00	
 4.2887e+00	
 4.3291e+00	
 4.2012e+00	
 4.3502e+00	
 4.3095e+00	
 4.2770e+00	
 4.2413e+00	
 4.4356e+00	
 4.2157e+00	
 4.4254e+00	
 4.3323e+00	
 4.3888e+00	
 4.5195e+00	
 4.3300e+00	
 4.2939e+00	
 4.4003e+00	
 4.3196e+00	
 4.3206e+00	
 4.3382e+00	
 4.2549e+00	
 4.4060e+00	
 4.2658e+00	
 4.2688e+00	
 4.2067e+00	
 4.1937e+00	
 4.3663e+00	
 4.2090e+00	
 4.1223e+00	
 4.1798e+00	
 4.4259e+00	
 4.3398e+00	
 4.4295e+00	
 4.2135e+00	
 4.3519e+00	
 4.4334e+00	
 4.2212e+00	
 4.3267e+00	
 4.4149e+00	
 4.2175e+00	
 4.3649e+00	
 4.2719e+00	
 4.2431e+00	
 4.2607e+00	
 4.3037e+00	
 4.3812e+00	
 4.1661e+00	
 4.2602e+00	
 4.1647e+00	
 4.1539e+00	
 4.4299e+00	
 4.3023e+00	
 4.2726e+00	
 4.2292e+00	
 4.4616e+00	
 4.4267e+00	
 4.1439e+00	
 4.2270e+00	
 4.3358e+00	
 4.5311e+00	
 4.3081e+00	
 4.2465e+00	
 4.2359e+00	
 4.4487e+00	
 4.2778e+00	
 4.2982e+00	
 4.2465e+00	
 4.3831e+00	
 4.2510e+00	
 4.3572e+00	
 4.2968e+00	
 4.2296e+00	
 4.2660e+00	
 4.4484e+00	
 4.2787e+00	
 4.3478e+00	
 4.3030e+00	
 4.3813e+00	
 4.2932e+00	
 4.2981e+00	
 4.2341e+00	
 4.3639e+00	
 4.3561e+00	
 4.4542e+00	
 4.1483e+00	
 4.2016e+00	
 4.2913e+00	
 4.2194e+00	
 4.2787e+00	
 4.1395e+00	
 4.3961e+00	
 4.4594e+00	
 4.3277e+00	
 4.4450e+00	
 4.3510e+00	
 4.3038e+00	
 4.4317e+00	
 4.2351e+00	
 4.2109e+00	
 4.2882e+00	
 4.2396e+00	
 4.4240e+00	
 4.3231e+00	
 4.4786e+00	
 4.3378e+00	
 4.4210e+00	
 4.3085e+00	
 4.2250e+00	
 4.3855e+00	
 4.2285e+00	
 4.2850e+00	
 4.2051e+00	
 4.3495e+00	
 4.2283e+00	
 4.2570e+00	
 4.2807e+00	
 4.2258e+00	
 4.4594e+00	
 4.3079e+00	
 4.4319e+00	
 4.3466e+00	
 4.3274e+00	
 4.3477e+00	
 4.2306e+00	
 4.2788e+00	
 4.1399e+00	
 4.3700e+00	
 4.2069e+00	
 4.2923e+00	
 4.4008e+00	
 4.4610e+00	
 4.2718e+00	
 4.3017e+00	
 4.2892e+00	
 4.2779e+00	
 4.2474e+00	
 4.3321e+00	
 4.2178e+00	
 4.1890e+00	
 4.2466e+00	
 4.2192e+00	
 4.3158e+00	
 4.3259e+00	
 4.4412e+00	
 4.3344e+00	
 4.2914e+00	
 4.3372e+00	
 4.4316e+00	
 4.2577e+00	
 4.3916e+00	
 4.4761e+00	
 4.3181e+00	
 4.3080e+00	
 4.1919e+00	
 4.3669e+00	
 4.4348e+00	
 4.3265e+00	
 4.5803e+00	
 4.2987e+00	
 4.2984e+00	
 4.0888e+00	
 4.5048e+00	
 4.2164e+00	
 4.3002e+00	
 4.0954e+00	
 4.4453e+00	
 4.3044e+00	
 4.2421e+00	
 4.4503e+00	
 4.3826e+00	
 4.1727e+00	
 4.1732e+00	
 4.1999e+00	
 4.1554e+00	
 4.2255e+00	
 4.1244e+00	
 4.0488e+00	
 4.3542e+00	
 4.4898e+00	
 4.5434e+00	
 4.4274e+00	
 4.3623e+00	
 4.2367e+00	
 4.2534e+00	
 4.2729e+00	
 4.2214e+00	
 4.4984e+00	
 4.3452e+00	
 4.4045e+00	
 4.3862e+00	
 4.1681e+00	
 4.2190e+00	
 4.3032e+00	
 4.4174e+00	
 4.2259e+00	
 4.3072e+00	
 4.0160e+00	
 4.4039e+00	
 4.2944e+00	
 4.2104e+00	
 4.3451e+00	
 4.2367e+00	
 4.3273e+00	
 4.1763e+00	
 4.3164e+00	
 4.2895e+00	
 4.3131e+00	
 4.3799e+00	
 4.3319e+00	
 4.2021e+00	
 4.2683e+00	
 4.4138e+00	
 4.2612e+00	
 4.3951e+00	
 4.4793e+00	
 4.2263e+00	
 4.2076e+00	
 4.2148e+00	
 4.4306e+00	
 4.1968e+00	
 4.2001e+00	
 4.2318e+00	
 4.1127e+00	
 4.5432e+00	
 4.2733e+00	
 4.2920e+00	
 4.3090e+00	
 4.1336e+00	
 4.2563e+00	
 4.3163e+00	
 4.2995e+00	
 4.4316e+00	
 4.1470e+00	
 4.2328e+00	
 4.2394e+00	
 4.2234e+00	
 4.3896e+00	
 4.1965e+00	
 4.4082e+00	
 4.2904e+00	
 4.1273e+00	
 4.3478e+00	
 4.2023e+00	
 4.2165e+00	
 4.3690e+00	
 4.4239e+00	
 4.3829e+00	
 4.4221e+00	
 4.4245e+00	
 4.3582e+00	
 4.4329e+00	
 4.2492e+00	
 4.4248e+00	
 4.2701e+00	
 4.2811e+00	
 4.1618e+00	
 4.1806e+00	
 4.2268e+00	
 4.4941e+00	
 4.3625e+00	
 4.3478e+00	
 4.2934e+00	
 4.2067e+00	
 4.2533e+00	
 4.2614e+00	
 4.2694e+00	
 4.3016e+00	
 4.3043e+00	
 4.1943e+00	
 4.2943e+00	
 4.3118e+00	
 4.3048e+00	
 4.3252e+00	
 4.3594e+00	
 4.2775e+00	
 4.3983e+00	
 4.2071e+00	
 4.3193e+00	
 4.2918e+00	
 4.3018e+00	
 4.2903e+00	
 4.4389e+00	
 4.2164e+00	
 4.2800e+00	
 4.2834e+00	
 4.2259e+00	
 4.1781e+00	
 4.3746e+00	
 4.2386e+00	
 4.2662e+00	
 4.3795e+00	
 4.3716e+00	
 4.2517e+00	
 4.4016e+00	
 4.2647e+00	
 4.4300e+00	
 4.1791e+00	
 4.2750e+00	
 4.5429e+00	
 4.2313e+00	
 4.1375e+00	
 4.3232e+00	
 4.2543e+00	
 4.5693e+00	
 4.3594e+00	
 4.3087e+00	
 4.3532e+00	
 4.1123e+00	
 4.3442e+00	
 4.3869e+00	
 4.4798e+00	
 4.2784e+00	
 4.2597e+00	
 4.2408e+00	
 4.1967e+00	
 4.2745e+00	
 4.2709e+00	
 4.2264e+00	
 4.4290e+00	
 4.5007e+00	
 4.1359e+00	
 4.2570e+00	
 4.2116e+00	
 4.2000e+00	
 4.3365e+00	
 4.4757e+00	
 4.2183e+00	
 4.4515e+00	
 4.4139e+00	
 4.2259e+00	
 4.4479e+00	
 4.2590e+00	
 4.1525e+00	
 4.3354e+00	
 4.2600e+00	
 4.1207e+00	
 4.2807e+00	
 4.4104e+00	
 4.2342e+00	
 4.3429e+00	
 4.3863e+00	
 4.3529e+00	
 4.3152e+00	
 4.3702e+00	
 4.3607e+00	
 4.2431e+00	
 4.3078e+00	
 4.3419e+00	
 4.3504e+00	
 4.0275e+00	
 4.1382e+00	
 4.3219e+00	
 4.2226e+00	
 4.4552e+00	
 4.3513e+00	
 4.3731e+00	
 4.3644e+00	
 4.3742e+00	
 4.1596e+00	
 4.3252e+00	
 4.2407e+00	
 4.2226e+00	
 4.3327e+00	
 4.1864e+00	
 4.2889e+00	
 4.3779e+00	
 4.5413e+00	
 4.3260e+00	
 4.2329e+00	
 4.4558e+00	
 4.4078e+00	
 4.4046e+00	
 4.3254e+00	
 4.1811e+00	
 4.2711e+00	
 4.3419e+00	
 3.9537e+00	
 4.0234e+00	
 4.1295e+00	
 4.1702e+00	
 4.0593e+00	
 4.2145e+00	
 4.5536e+00	
 4.5555e+00	
 4.3789e+00	
 4.2616e+00	
 4.4136e+00	
 4.3318e+00	
 4.2469e+00	
 4.2554e+00	
 4.5218e+00	
 4.3772e+00	
 4.2033e+00	
 4.2923e+00	
 4.3346e+00	
 4.3087e+00	
 4.3808e+00	
 4.2310e+00	
 4.3798e+00	
 4.3959e+00	
 4.3065e+00	
 4.2769e+00	
 4.3727e+00	
 4.2236e+00	
 4.2294e+00	
 4.0984e+00	
 4.4360e+00	
 4.5154e+00	
 4.1084e+00	
 4.2052e+00	
 4.3115e+00	
 4.2395e+00	
 4.2781e+00	
 4.2557e+00	
 4.4575e+00	
 4.3493e+00	
 4.2647e+00	
 4.2272e+00	
 4.2849e+00	
 4.3890e+00	
 4.2980e+00	
 4.2131e+00	
 4.3344e+00	
 4.1810e+00	
 4.3581e+00	
 4.1046e+00	
 4.3680e+00	
 4.1995e+00	
 4.1818e+00	
 4.3910e+00	
 4.5306e+00	
 4.4368e+00	
 4.2327e+00	
 4.3653e+00	
 4.2834e+00	
 4.1668e+00	
 4.3443e+00	
 4.0724e+00	
 4.3397e+00	
 4.2995e+00	
 4.2350e+00	
 4.1815e+00	
 4.4373e+00	
 4.2283e+00	
 4.2766e+00	
 4.3986e+00	
 4.2767e+00	
 4.3414e+00	
 4.2816e+00	
 4.4695e+00	
 4.2951e+00	
 4.3537e+00	
 4.2883e+00	
 4.2509e+00	
 4.2618e+00	
 4.2818e+00	
 4.0695e+00	
 4.3249e+00	
 4.4644e+00	
 4.2196e+00	
 4.1576e+00	
 4.1630e+00	
 4.4476e+00	
 4.1717e+00	
 4.2395e+00	
 4.3938e+00	
 4.4020e+00	
 4.3679e+00	
 4.2999e+00	
 4.5046e+00	
 4.2148e+00	
 4.1984e+00	
 4.3580e+00	
 4.3341e+00	
 4.2959e+00	
 4.3579e+00	
 4.4277e+00	
 4.2332e+00	
 4.1487e+00	
 4.3663e+00	
 4.3184e+00	
 4.3312e+00	
 4.0945e+00	
 4.4554e+00	
 4.2706e+00	
 4.4415e+00	
 4.1852e+00	
 4.2416e+00	
 4.3642e+00	
 4.3266e+00	
 4.4366e+00	
 4.3137e+00	
 4.2208e+00	
 4.3338e+00	
 4.3123e+00	
 4.2352e+00	
 4.0801e+00	
 4.3832e+00	
 4.0850e+00	
 4.3516e+00	
 4.4487e+00	
 4.3543e+00	
 4.4004e+00	
 4.2482e+00	
 4.2701e+00	
 4.3574e+00	
 4.1953e+00	
 4.2728e+00	
 4.2571e+00	
 4.4243e+00	
 4.1481e+00	
 4.3819e+00	
 4.1632e+00	
 4.2535e+00	
 4.1798e+00	
 4.3598e+00	
 4.3934e+00	
 4.3348e+00	
 4.2279e+00	
 4.1450e+00	
 4.1817e+00	
 4.2772e+00	
 4.1936e+00	
 4.0891e+00	
 4.2358e+00	
 4.2097e+00	
 4.2328e+00	
 4.1800e+00	
 4.3552e+00	
 4.3766e+00	
 4.2892e+00	
 4.3665e+00	
 4.2500e+00	
 4.3478e+00	
 4.1738e+00	
 4.2000e+00	
 4.3442e+00	
 4.0281e+00	
 4.1862e+00	
 4.0949e+00	
 4.3244e+00	
 4.3827e+00	
 4.4459e+00	
 4.1767e+00	
 4.2222e+00	
 4.2347e+00	
 4.2411e+00	
 4.3410e+00	
 4.2732e+00	
 4.3420e+00	
 4.3288e+00	
 4.0986e+00	
 4.3185e+00	
 4.2837e+00	
 4.3703e+00	
 4.3289e+00	
 4.1524e+00	
 4.2812e+00	
 4.3392e+00	
 4.4304e+00	
 4.4296e+00	
 4.3946e+00	
 4.0461e+00	
 4.2988e+00	
 4.0724e+00	
 4.0966e+00	
 4.2764e+00	
 4.0826e+00	
 4.4078e+00	
 4.5050e+00	
 4.1748e+00	
 4.3965e+00	
 4.1948e+00	
 4.2676e+00	
 4.4208e+00	
 4.1309e+00	
 4.2599e+00	
 4.3266e+00	
 4.4026e+00	
 4.2867e+00	
 4.2906e+00	
 4.2256e+00	
 4.2260e+00	
 4.3795e+00	
 4.2008e+00	
 4.1293e+00	
 4.3734e+00	
 4.1867e+00	
 4.3456e+00	
 4.2952e+00	
 4.2534e+00	
 4.3542e+00	
 4.2384e+00	
 4.2061e+00	
 4.2315e+00	
 4.3394e+00	
 4.4719e+00	
 4.3521e+00	
 4.3323e+00	
