loss	
 4.6309e+00	
 4.6505e+00	
 4.6026e+00	
 4.6178e+00	
 4.6148e+00	
 4.6128e+00	
 4.6269e+00	
 4.6264e+00	
 4.5967e+00	
 4.6055e+00	
 4.6071e+00	
 4.6126e+00	
 4.6400e+00	
 4.6251e+00	
 4.6196e+00	
 4.6111e+00	
 4.6151e+00	
 4.6186e+00	
 4.6215e+00	
 4.6233e+00	
 4.6027e+00	
 4.6367e+00	
 4.5934e+00	
 4.6393e+00	
 4.6126e+00	
 4.6101e+00	
 4.6178e+00	
 4.5952e+00	
 4.6067e+00	
 4.6285e+00	
 4.6072e+00	
 4.5995e+00	
 4.6239e+00	
 4.6297e+00	
 4.6094e+00	
 4.6127e+00	
 4.6143e+00	
 4.6061e+00	
 4.6233e+00	
 4.6029e+00	
 4.6124e+00	
 4.6191e+00	
 4.6241e+00	
 4.6269e+00	
 4.6219e+00	
 4.6166e+00	
 4.6098e+00	
 4.6236e+00	
 4.6162e+00	
 4.6073e+00	
 4.6036e+00	
 4.6281e+00	
 4.6153e+00	
 4.6229e+00	
 4.6012e+00	
 4.6235e+00	
 4.6176e+00	
 4.6105e+00	
 4.6181e+00	
 4.6177e+00	
 4.6140e+00	
 4.6037e+00	
 4.6162e+00	
 4.6303e+00	
 4.6215e+00	
 4.6274e+00	
 4.5900e+00	
 4.5886e+00	
 4.6125e+00	
 4.6297e+00	
 4.6178e+00	
 4.6220e+00	
 4.6268e+00	
 4.6270e+00	
 4.5977e+00	
 4.6277e+00	
 4.5891e+00	
 4.5919e+00	
 4.6186e+00	
 4.6230e+00	
 4.6063e+00	
 4.6208e+00	
 4.6221e+00	
 4.6227e+00	
 4.6336e+00	
 4.6432e+00	
 4.6148e+00	
 4.6354e+00	
 4.6356e+00	
 4.6135e+00	
 4.6229e+00	
 4.6206e+00	
 4.6182e+00	
 4.6137e+00	
 4.6332e+00	
 4.6018e+00	
 4.6184e+00	
 4.5990e+00	
 4.6179e+00	
 4.5920e+00	
 4.5936e+00	
 4.6092e+00	
 4.6142e+00	
 4.6236e+00	
 4.6145e+00	
 4.6173e+00	
 4.6171e+00	
 4.5980e+00	
 4.6076e+00	
 4.6158e+00	
 4.6028e+00	
 4.6509e+00	
 4.6084e+00	
 4.6005e+00	
 4.5820e+00	
 4.6011e+00	
 4.6030e+00	
 4.5855e+00	
 4.6166e+00	
 4.6199e+00	
 4.6445e+00	
 4.6308e+00	
 4.5994e+00	
 4.5964e+00	
 4.6282e+00	
 4.5987e+00	
 4.6052e+00	
 4.6318e+00	
 4.6239e+00	
 4.6281e+00	
 4.6301e+00	
 4.6342e+00	
 4.5988e+00	
 4.5950e+00	
 4.6149e+00	
 4.6252e+00	
 4.6154e+00	
 4.6307e+00	
 4.6181e+00	
 4.6033e+00	
 4.6379e+00	
 4.6090e+00	
 4.6269e+00	
 4.6256e+00	
 4.6029e+00	
 4.5938e+00	
 4.6156e+00	
 4.5999e+00	
 4.6276e+00	
 4.6107e+00	
 4.6009e+00	
 4.6174e+00	
 4.6092e+00	
 4.6080e+00	
 4.5958e+00	
 4.5978e+00	
 4.6198e+00	
 4.5985e+00	
 4.6215e+00	
 4.6095e+00	
 4.6105e+00	
 4.6162e+00	
 4.6025e+00	
 4.5996e+00	
 4.6147e+00	
 4.5882e+00	
 4.6039e+00	
 4.6241e+00	
 4.6116e+00	
 4.5999e+00	
 4.6115e+00	
 4.6114e+00	
 4.6250e+00	
 4.6237e+00	
 4.6118e+00	
 4.6008e+00	
 4.6268e+00	
 4.6147e+00	
 4.6034e+00	
 4.6115e+00	
 4.6053e+00	
 4.6257e+00	
 4.6093e+00	
 4.6081e+00	
 4.5988e+00	
 4.6101e+00	
 4.6064e+00	
 4.6066e+00	
 4.5971e+00	
 4.6073e+00	
 4.6024e+00	
 4.5912e+00	
 4.6113e+00	
 4.6116e+00	
 4.6117e+00	
 4.5973e+00	
 4.5769e+00	
 4.5999e+00	
 4.6170e+00	
 4.6255e+00	
 4.6102e+00	
 4.6001e+00	
 4.6146e+00	
 4.6038e+00	
 4.6037e+00	
 4.6124e+00	
 4.6146e+00	
 4.6198e+00	
 4.6186e+00	
 4.6113e+00	
 4.6052e+00	
 4.5864e+00	
 4.6230e+00	
 4.6078e+00	
 4.6014e+00	
 4.6110e+00	
 4.6260e+00	
 4.6141e+00	
 4.6148e+00	
 4.6223e+00	
 4.5953e+00	
 4.5971e+00	
 4.5904e+00	
 4.6301e+00	
 4.6194e+00	
 4.5986e+00	
 4.6267e+00	
 4.6019e+00	
 4.5946e+00	
 4.6071e+00	
 4.5928e+00	
 4.6051e+00	
 4.5877e+00	
 4.6306e+00	
 4.6146e+00	
 4.5946e+00	
 4.6332e+00	
 4.5766e+00	
 4.5905e+00	
 4.6195e+00	
 4.6158e+00	
 4.6126e+00	
 4.6145e+00	
 4.6220e+00	
 4.6133e+00	
 4.6092e+00	
 4.6151e+00	
 4.6055e+00	
 4.6276e+00	
 4.5924e+00	
 4.6037e+00	
 4.6108e+00	
 4.6199e+00	
 4.6167e+00	
 4.6028e+00	
 4.6091e+00	
 4.6188e+00	
 4.6044e+00	
 4.6071e+00	
 4.5990e+00	
 4.6247e+00	
 4.5924e+00	
 4.6046e+00	
 4.6073e+00	
 4.6003e+00	
 4.6175e+00	
 4.6147e+00	
 4.6080e+00	
 4.5879e+00	
 4.6228e+00	
 4.6079e+00	
 4.6144e+00	
 4.6207e+00	
 4.6016e+00	
 4.6133e+00	
 4.6088e+00	
 4.6102e+00	
 4.6114e+00	
 4.6116e+00	
 4.6176e+00	
 4.6070e+00	
 4.6367e+00	
 4.6098e+00	
 4.6069e+00	
 4.6075e+00	
 4.6009e+00	
 4.6203e+00	
 4.6099e+00	
 4.5763e+00	
 4.6060e+00	
 4.5899e+00	
 4.6061e+00	
 4.6291e+00	
 4.6058e+00	
 4.6010e+00	
 4.6126e+00	
 4.6034e+00	
 4.5933e+00	
 4.6013e+00	
 4.6108e+00	
 4.5984e+00	
 4.6169e+00	
 4.6060e+00	
 4.5934e+00	
 4.6061e+00	
 4.5876e+00	
 4.5952e+00	
 4.6037e+00	
 4.6090e+00	
 4.6223e+00	
 4.5902e+00	
 4.6196e+00	
 4.5859e+00	
 4.5876e+00	
 4.6004e+00	
 4.6089e+00	
 4.6066e+00	
 4.5964e+00	
 4.5832e+00	
 4.5922e+00	
 4.6024e+00	
 4.6118e+00	
 4.5784e+00	
 4.6027e+00	
 4.5992e+00	
 4.6018e+00	
 4.6046e+00	
 4.6085e+00	
 4.6108e+00	
 4.6061e+00	
 4.5887e+00	
 4.5983e+00	
 4.5894e+00	
 4.5982e+00	
 4.5903e+00	
 4.5862e+00	
 4.6064e+00	
 4.6082e+00	
 4.5997e+00	
 4.5932e+00	
 4.5955e+00	
 4.5977e+00	
 4.5802e+00	
 4.6004e+00	
 4.6199e+00	
 4.6055e+00	
 4.6016e+00	
 4.5954e+00	
 4.5785e+00	
 4.6130e+00	
 4.6231e+00	
 4.6017e+00	
 4.6142e+00	
 4.5932e+00	
 4.5963e+00	
 4.5917e+00	
 4.6084e+00	
 4.6025e+00	
 4.6026e+00	
 4.6127e+00	
 4.6028e+00	
 4.6077e+00	
 4.5977e+00	
 4.5897e+00	
 4.5915e+00	
 4.5804e+00	
 4.6024e+00	
 4.5902e+00	
 4.6204e+00	
 4.6226e+00	
 4.6026e+00	
 4.6027e+00	
 4.5837e+00	
 4.6026e+00	
 4.5945e+00	
 4.5922e+00	
 4.5965e+00	
 4.6058e+00	
 4.6107e+00	
 4.6074e+00	
 4.5904e+00	
 4.6042e+00	
 4.5952e+00	
 4.5998e+00	
 4.5783e+00	
 4.5917e+00	
 4.6061e+00	
 4.6145e+00	
 4.6272e+00	
 4.6293e+00	
 4.6141e+00	
 4.5825e+00	
 4.5916e+00	
 4.5899e+00	
 4.5973e+00	
 4.5999e+00	
 4.6105e+00	
 4.6042e+00	
 4.5872e+00	
 4.5801e+00	
 4.5978e+00	
 4.5918e+00	
 4.6006e+00	
 4.6052e+00	
 4.5786e+00	
 4.6027e+00	
 4.5914e+00	
 4.5708e+00	
 4.5808e+00	
 4.5950e+00	
 4.5970e+00	
 4.5994e+00	
 4.5950e+00	
 4.5783e+00	
 4.5857e+00	
 4.6020e+00	
 4.5898e+00	
 4.5867e+00	
 4.6106e+00	
 4.5562e+00	
 4.6093e+00	
 4.6104e+00	
 4.5734e+00	
 4.6024e+00	
 4.6065e+00	
 4.6070e+00	
 4.6128e+00	
 4.6056e+00	
 4.5773e+00	
 4.5847e+00	
 4.6085e+00	
 4.5936e+00	
 4.5978e+00	
 4.5882e+00	
 4.5909e+00	
 4.5951e+00	
 4.5872e+00	
 4.6096e+00	
 4.5981e+00	
 4.5911e+00	
 4.6126e+00	
 4.6056e+00	
 4.6036e+00	
 4.5949e+00	
 4.5738e+00	
 4.5914e+00	
 4.6061e+00	
 4.6038e+00	
 4.6031e+00	
 4.6133e+00	
 4.6036e+00	
 4.5831e+00	
 4.5739e+00	
 4.5948e+00	
 4.5746e+00	
 4.5874e+00	
 4.5961e+00	
 4.5926e+00	
 4.5925e+00	
 4.5866e+00	
 4.5901e+00	
 4.6038e+00	
 4.6062e+00	
 4.5919e+00	
 4.5899e+00	
 4.5988e+00	
 4.5872e+00	
 4.5919e+00	
 4.5934e+00	
 4.6007e+00	
 4.5857e+00	
 4.6034e+00	
 4.5915e+00	
 4.5798e+00	
 4.5947e+00	
 4.5701e+00	
 4.6144e+00	
 4.6055e+00	
 4.5840e+00	
 4.5972e+00	
 4.5890e+00	
 4.5788e+00	
 4.6069e+00	
 4.5911e+00	
 4.5889e+00	
 4.5961e+00	
 4.6011e+00	
 4.6241e+00	
 4.5879e+00	
 4.5950e+00	
 4.5864e+00	
 4.5719e+00	
 4.5889e+00	
 4.5778e+00	
 4.6029e+00	
 4.5778e+00	
 4.5686e+00	
 4.5892e+00	
 4.6050e+00	
 4.6167e+00	
 4.5992e+00	
 4.5732e+00	
 4.6000e+00	
 4.5936e+00	
 4.5943e+00	
 4.5982e+00	
 4.5975e+00	
 4.5938e+00	
 4.5917e+00	
 4.5639e+00	
 4.6104e+00	
 4.5917e+00	
 4.5731e+00	
 4.6093e+00	
 4.6030e+00	
 4.5939e+00	
 4.6165e+00	
 4.5881e+00	
 4.5852e+00	
 4.5742e+00	
 4.5919e+00	
 4.5828e+00	
 4.5763e+00	
 4.5914e+00	
 4.5927e+00	
 4.5999e+00	
 4.5976e+00	
 4.5937e+00	
 4.5911e+00	
 4.5865e+00	
 4.5941e+00	
 4.6010e+00	
 4.5947e+00	
 4.5938e+00	
 4.5907e+00	
 4.5763e+00	
 4.5992e+00	
 4.5898e+00	
 4.5955e+00	
 4.6114e+00	
 4.6025e+00	
 4.6121e+00	
 4.6045e+00	
 4.5918e+00	
 4.5958e+00	
 4.5904e+00	
 4.5695e+00	
 4.6064e+00	
 4.6066e+00	
 4.6163e+00	
 4.6096e+00	
 4.6230e+00	
 4.5894e+00	
 4.5876e+00	
 4.6002e+00	
 4.6002e+00	
 4.5817e+00	
 4.6023e+00	
 4.5746e+00	
 4.5761e+00	
 4.5750e+00	
 4.5868e+00	
 4.5749e+00	
 4.5739e+00	
 4.5870e+00	
 4.5982e+00	
 4.5795e+00	
 4.5903e+00	
 4.6198e+00	
 4.5830e+00	
 4.5956e+00	
 4.5873e+00	
 4.5752e+00	
 4.5626e+00	
 4.5917e+00	
 4.5778e+00	
 4.5929e+00	
 4.5685e+00	
 4.5702e+00	
 4.5852e+00	
 4.5814e+00	
 4.6006e+00	
 4.6086e+00	
 4.5697e+00	
 4.5742e+00	
 4.5829e+00	
 4.5799e+00	
 4.5885e+00	
 4.5701e+00	
 4.5852e+00	
 4.5741e+00	
 4.5937e+00	
 4.5926e+00	
 4.5794e+00	
 4.5821e+00	
 4.5945e+00	
 4.5790e+00	
 4.5868e+00	
 4.6064e+00	
 4.6043e+00	
 4.5605e+00	
 4.5684e+00	
 4.6103e+00	
 4.5840e+00	
 4.5761e+00	
 4.5823e+00	
 4.5760e+00	
 4.5867e+00	
 4.5730e+00	
 4.5862e+00	
 4.5920e+00	
 4.5733e+00	
 4.5776e+00	
 4.5850e+00	
 4.5799e+00	
 4.5755e+00	
 4.5981e+00	
 4.5804e+00	
 4.5697e+00	
 4.6111e+00	
 4.5842e+00	
 4.5735e+00	
 4.5894e+00	
 4.5557e+00	
 4.5826e+00	
 4.5874e+00	
 4.5856e+00	
 4.5720e+00	
 4.5747e+00	
 4.5604e+00	
 4.5680e+00	
 4.5797e+00	
 4.5916e+00	
 4.5809e+00	
 4.6049e+00	
 4.5610e+00	
 4.6045e+00	
 4.5632e+00	
 4.5677e+00	
 4.5805e+00	
 4.5880e+00	
 4.5717e+00	
 4.6080e+00	
 4.5487e+00	
 4.5736e+00	
 4.5851e+00	
 4.5520e+00	
 4.6006e+00	
 4.5687e+00	
 4.5796e+00	
 4.5895e+00	
 4.6015e+00	
 4.5969e+00	
 4.6021e+00	
 4.5912e+00	
 4.5771e+00	
 4.5866e+00	
 4.5499e+00	
 4.5491e+00	
 4.5749e+00	
 4.6023e+00	
 4.5974e+00	
 4.5749e+00	
 4.5897e+00	
 4.5703e+00	
 4.5810e+00	
 4.6123e+00	
 4.5964e+00	
 4.5850e+00	
 4.5753e+00	
 4.5724e+00	
 4.6061e+00	
 4.5634e+00	
 4.5540e+00	
 4.5641e+00	
 4.5673e+00	
 4.5770e+00	
 4.5893e+00	
 4.5898e+00	
 4.5938e+00	
 4.5914e+00	
 4.5616e+00	
 4.5803e+00	
 4.5679e+00	
 4.5897e+00	
 4.5796e+00	
 4.5730e+00	
 4.5740e+00	
 4.5888e+00	
 4.5754e+00	
 4.5904e+00	
 4.5503e+00	
 4.5480e+00	
 4.6051e+00	
 4.6149e+00	
 4.5845e+00	
 4.6037e+00	
 4.5589e+00	
 4.5866e+00	
 4.5880e+00	
 4.5641e+00	
 4.5642e+00	
 4.5657e+00	
 4.5324e+00	
 4.5854e+00	
 4.5565e+00	
 4.5484e+00	
 4.5784e+00	
 4.5813e+00	
 4.5568e+00	
 4.5819e+00	
 4.5983e+00	
 4.5676e+00	
 4.5408e+00	
 4.5640e+00	
 4.5940e+00	
 4.5778e+00	
 4.5632e+00	
 4.5799e+00	
 4.5453e+00	
 4.5403e+00	
 4.5881e+00	
 4.5805e+00	
 4.5773e+00	
 4.5641e+00	
 4.6322e+00	
 4.5589e+00	
 4.5738e+00	
 4.5609e+00	
 4.5860e+00	
 4.5872e+00	
 4.5418e+00	
 4.5633e+00	
 4.5778e+00	
 4.5821e+00	
 4.5937e+00	
 4.5448e+00	
 4.5855e+00	
 4.5769e+00	
 4.5668e+00	
 4.5625e+00	
 4.5691e+00	
 4.5827e+00	
 4.5686e+00	
 4.5692e+00	
 4.5722e+00	
 4.6027e+00	
 4.5727e+00	
 4.5864e+00	
 4.5510e+00	
 4.5531e+00	
 4.5625e+00	
 4.5395e+00	
 4.5271e+00	
 4.5728e+00	
 4.5598e+00	
 4.5582e+00	
 4.5586e+00	
 4.5589e+00	
 4.5889e+00	
 4.5873e+00	
 4.5518e+00	
 4.5583e+00	
 4.5506e+00	
 4.5794e+00	
 4.5270e+00	
 4.5621e+00	
 4.5683e+00	
 4.5699e+00	
 4.5639e+00	
 4.5429e+00	
 4.5854e+00	
 4.5547e+00	
 4.5700e+00	
 4.5745e+00	
 4.5685e+00	
 4.5724e+00	
 4.5654e+00	
 4.5912e+00	
 4.5423e+00	
 4.5540e+00	
 4.5237e+00	
 4.6020e+00	
 4.5620e+00	
 4.5577e+00	
 4.5533e+00	
 4.5557e+00	
 4.5680e+00	
 4.5569e+00	
 4.5903e+00	
 4.5428e+00	
 4.5613e+00	
 4.5482e+00	
 4.5502e+00	
 4.5738e+00	
 4.5948e+00	
 4.5704e+00	
 4.5470e+00	
 4.5616e+00	
 4.5894e+00	
 4.5519e+00	
 4.5518e+00	
 4.5859e+00	
 4.5242e+00	
 4.5784e+00	
 4.5590e+00	
 4.5333e+00	
 4.5694e+00	
 4.5589e+00	
 4.5470e+00	
 4.5467e+00	
 4.5556e+00	
 4.5861e+00	
 4.5657e+00	
 4.5587e+00	
 4.5349e+00	
 4.5448e+00	
 4.5455e+00	
 4.5906e+00	
 4.5692e+00	
 4.5391e+00	
 4.5668e+00	
 4.5747e+00	
 4.5888e+00	
 4.5548e+00	
 4.5540e+00	
 4.5535e+00	
 4.5418e+00	
 4.5683e+00	
 4.5743e+00	
 4.5511e+00	
 4.5724e+00	
 4.5701e+00	
 4.5610e+00	
 4.5857e+00	
 4.5366e+00	
 4.5510e+00	
 4.5715e+00	
 4.5700e+00	
 4.5569e+00	
 4.5234e+00	
 4.5579e+00	
 4.5422e+00	
 4.5473e+00	
 4.5283e+00	
 4.5743e+00	
 4.5886e+00	
 4.5510e+00	
 4.5967e+00	
 4.5660e+00	
 4.5773e+00	
 4.5506e+00	
 4.5374e+00	
 4.5663e+00	
 4.5510e+00	
 4.5618e+00	
 4.5829e+00	
 4.5431e+00	
 4.5693e+00	
 4.5568e+00	
 4.5437e+00	
 4.5504e+00	
 4.5151e+00	
 4.5624e+00	
 4.5809e+00	
 4.5424e+00	
 4.5500e+00	
 4.5449e+00	
 4.5619e+00	
 4.5896e+00	
 4.5575e+00	
 4.5374e+00	
 4.5441e+00	
 4.5657e+00	
 4.5558e+00	
 4.5643e+00	
 4.5660e+00	
 4.5688e+00	
 4.5659e+00	
 4.5435e+00	
 4.5435e+00	
 4.5425e+00	
 4.5372e+00	
 4.5148e+00	
 4.5391e+00	
 4.5579e+00	
 4.5665e+00	
 4.5731e+00	
 4.5555e+00	
 4.5545e+00	
 4.4913e+00	
 4.5404e+00	
 4.5410e+00	
 4.5076e+00	
 4.5465e+00	
 4.5650e+00	
 4.5581e+00	
 4.5015e+00	
 4.5621e+00	
 4.4886e+00	
 4.5312e+00	
 4.5443e+00	
 4.5744e+00	
 4.5533e+00	
 4.5588e+00	
 4.4951e+00	
 4.5170e+00	
 4.5471e+00	
 4.5728e+00	
 4.5591e+00	
 4.5445e+00	
 4.5575e+00	
 4.5812e+00	
 4.5202e+00	
 4.5676e+00	
 4.5540e+00	
 4.5482e+00	
 4.5075e+00	
 4.5572e+00	
 4.5346e+00	
 4.5322e+00	
 4.5297e+00	
 4.5514e+00	
 4.5791e+00	
 4.5622e+00	
 4.5529e+00	
 4.5745e+00	
 4.5350e+00	
 4.5155e+00	
 4.5735e+00	
 4.5342e+00	
 4.5485e+00	
 4.5199e+00	
 4.5795e+00	
 4.5385e+00	
 4.5437e+00	
 4.5260e+00	
 4.4795e+00	
 4.5118e+00	
 4.5388e+00	
 4.5609e+00	
 4.5496e+00	
 4.5583e+00	
 4.5145e+00	
 4.4930e+00	
 4.5408e+00	
 4.5162e+00	
 4.5194e+00	
 4.5472e+00	
 4.5023e+00	
 4.5368e+00	
 4.5295e+00	
 4.5018e+00	
 4.5624e+00	
 4.5472e+00	
 4.5397e+00	
 4.4967e+00	
 4.5261e+00	
 4.5752e+00	
 4.5290e+00	
 4.5308e+00	
 4.5300e+00	
 4.5480e+00	
 4.5507e+00	
 4.5324e+00	
 4.5093e+00	
 4.5432e+00	
 4.5198e+00	
 4.5099e+00	
 4.5392e+00	
 4.5434e+00	
 4.5568e+00	
 4.5831e+00	
 4.5566e+00	
 4.5637e+00	
 4.5336e+00	
 4.5219e+00	
 4.5240e+00	
 4.5437e+00	
 4.5177e+00	
 4.5199e+00	
 4.5249e+00	
 4.4853e+00	
 4.5015e+00	
 4.4838e+00	
 4.5384e+00	
 4.4922e+00	
 4.5486e+00	
 4.5147e+00	
 4.5452e+00	
 4.5393e+00	
 4.5068e+00	
 4.4889e+00	
 4.5126e+00	
 4.5112e+00	
 4.5320e+00	
 4.5288e+00	
 4.5063e+00	
 4.5180e+00	
 4.5364e+00	
 4.5358e+00	
 4.5186e+00	
 4.4804e+00	
 4.4848e+00	
 4.5372e+00	
 4.4836e+00	
 4.5434e+00	
 4.5068e+00	
 4.5806e+00	
 4.5259e+00	
 4.5653e+00	
 4.4941e+00	
 4.5098e+00	
 4.5640e+00	
 4.5281e+00	
 4.5005e+00	
 4.5244e+00	
 4.5023e+00	
 4.5433e+00	
 4.5232e+00	
 4.5305e+00	
 4.4732e+00	
 4.5484e+00	
 4.4979e+00	
 4.5373e+00	
 4.5611e+00	
 4.5371e+00	
 4.4985e+00	
 4.5406e+00	
 4.5487e+00	
 4.4936e+00	
 4.5093e+00	
 4.5110e+00	
 4.4764e+00	
 4.5035e+00	
 4.4689e+00	
 4.5184e+00	
 4.5204e+00	
 4.5200e+00	
 4.4969e+00	
 4.4835e+00	
 4.5442e+00	
 4.5218e+00	
 4.5532e+00	
 4.4782e+00	
 4.5410e+00	
 4.5162e+00	
 4.5043e+00	
 4.4494e+00	
 4.4636e+00	
 4.5302e+00	
 4.4847e+00	
 4.4919e+00	
 4.5843e+00	
 4.5136e+00	
 4.5111e+00	
 4.4813e+00	
 4.4221e+00	
 4.4663e+00	
 4.5310e+00	
 4.5174e+00	
 4.5010e+00	
 4.5003e+00	
 4.4821e+00	
 4.4865e+00	
 4.4951e+00	
 4.5408e+00	
 4.4941e+00	
 4.5064e+00	
 4.4808e+00	
 4.4859e+00	
 4.4512e+00	
 4.4836e+00	
 4.5011e+00	
 4.4907e+00	
 4.5003e+00	
 4.5192e+00	
 4.5282e+00	
 4.4929e+00	
 4.4578e+00	
 4.4953e+00	
 4.5034e+00	
 4.4792e+00	
 4.4757e+00	
 4.4794e+00	
 4.4656e+00	
 4.4452e+00	
 4.5512e+00	
 4.5318e+00	
 4.5099e+00	
 4.4959e+00	
 4.5363e+00	
 4.4730e+00	
 4.5007e+00	
 4.4463e+00	
 4.4462e+00	
 4.5586e+00	
 4.5377e+00	
 4.5573e+00	
 4.4782e+00	
 4.5121e+00	
 4.5123e+00	
 4.5090e+00	
 4.4972e+00	
 4.5229e+00	
 4.4666e+00	
 4.3926e+00	
 4.4569e+00	
 4.4411e+00	
 4.4525e+00	
 4.5081e+00	
 4.4399e+00	
 4.4638e+00	
 4.5017e+00	
 4.5327e+00	
 4.4651e+00	
 4.4897e+00	
 4.4766e+00	
 4.4478e+00	
 4.4960e+00	
 4.5167e+00	
 4.4679e+00	
 4.3981e+00	
 4.4950e+00	
 4.4692e+00	
 4.4706e+00	
 4.4594e+00	
 4.4022e+00	
 4.4748e+00	
 4.4605e+00	
 4.4268e+00	
 4.4554e+00	
 4.4201e+00	
 4.4805e+00	
 4.5096e+00	
 4.4853e+00	
 4.4727e+00	
 4.4362e+00	
 4.4839e+00	
 4.4855e+00	
 4.4856e+00	
 4.4905e+00	
 4.3931e+00	
 4.3850e+00	
 4.4582e+00	
 4.4893e+00	
 4.4827e+00	
 4.4239e+00	
 4.4896e+00	
 4.4609e+00	
 4.4761e+00	
 4.4973e+00	
 4.4792e+00	
 4.4740e+00	
 4.4597e+00	
 4.4570e+00	
 4.4898e+00	
 4.5309e+00	
 4.4922e+00	
 4.5359e+00	
 4.4509e+00	
 4.5152e+00	
 4.4221e+00	
 4.4479e+00	
 4.4472e+00	
 4.4252e+00	
 4.4324e+00	
 4.3984e+00	
 4.4150e+00	
 4.4303e+00	
 4.4005e+00	
 4.5003e+00	
 4.4152e+00	
 4.5012e+00	
 4.4826e+00	
 4.4377e+00	
 4.3901e+00	
 4.4361e+00	
 4.4169e+00	
 4.3884e+00	
 4.4351e+00	
 4.4204e+00	
 4.4102e+00	
 4.4202e+00	
 4.4643e+00	
 4.4027e+00	
 4.4342e+00	
 4.4771e+00	
 4.4941e+00	
 4.4788e+00	
 4.3709e+00	
 4.4754e+00	
 4.4089e+00	
 4.4263e+00	
 4.3899e+00	
 4.3761e+00	
 4.4390e+00	
 4.5015e+00	
 4.4239e+00	
 4.4708e+00	
 4.4269e+00	
 4.4819e+00	
 4.4933e+00	
 4.5008e+00	
 4.4329e+00	
 4.4498e+00	
 4.4872e+00	
 4.3866e+00	
 4.3553e+00	
 4.4636e+00	
 4.4766e+00	
 4.3914e+00	
 4.3994e+00	
 4.4666e+00	
 4.3471e+00	
 4.4254e+00	
 4.3244e+00	
 4.3752e+00	
 4.4191e+00	
 4.4001e+00	
 4.3635e+00	
 4.4342e+00	
 4.4498e+00	
 4.3980e+00	
 4.4898e+00	
 4.3897e+00	
 4.4083e+00	
 4.3640e+00	
 4.4118e+00	
 4.3612e+00	
 4.3802e+00	
 4.3301e+00	
 4.4121e+00	
 4.3979e+00	
 4.3022e+00	
 4.4513e+00	
 4.3678e+00	
 4.3862e+00	
 4.4178e+00	
 4.2560e+00	
 4.4772e+00	
 4.3811e+00	
 4.3393e+00	
 4.4398e+00	
 4.3251e+00	
 4.3177e+00	
 4.4372e+00	
 4.3784e+00	
 4.3852e+00	
 4.3950e+00	
 4.3902e+00	
 4.3889e+00	
 4.3353e+00	
 4.4265e+00	
 4.3784e+00	
 4.3200e+00	
 4.3232e+00	
 4.3230e+00	
 4.3901e+00	
 4.3595e+00	
 4.3413e+00	
 4.3954e+00	
 4.3883e+00	
 4.4664e+00	
 4.3757e+00	
 4.3016e+00	
 4.3548e+00	
 4.3530e+00	
 4.3415e+00	
 4.3861e+00	
 4.3846e+00	
 4.3436e+00	
 4.4809e+00	
 4.3618e+00	
 4.3147e+00	
 4.2516e+00	
 4.2618e+00	
 4.1400e+00	
 4.4008e+00	
 4.4483e+00	
 4.4123e+00	
 4.3803e+00	
 4.2663e+00	
 4.3819e+00	
 4.1819e+00	
 4.3321e+00	
 4.2353e+00	
 4.3825e+00	
 4.3635e+00	
 4.3090e+00	
 4.3580e+00	
 4.3361e+00	
 4.4900e+00	
 4.2869e+00	
 4.3066e+00	
 4.4174e+00	
 4.3607e+00	
 4.3865e+00	
 4.3163e+00	
 4.2638e+00	
 4.3066e+00	
 4.3094e+00	
 4.3010e+00	
 4.3872e+00	
 4.3612e+00	
 4.3837e+00	
 4.3406e+00	
 4.3893e+00	
 4.3245e+00	
 4.3637e+00	
 4.3681e+00	
 4.2595e+00	
 4.2169e+00	
 4.2238e+00	
 4.2540e+00	
 4.2584e+00	
 4.3383e+00	
 4.3149e+00	
 4.3562e+00	
 4.2925e+00	
 4.4048e+00	
 4.2795e+00	
 4.2967e+00	
 4.3821e+00	
 4.3392e+00	
 4.4163e+00	
 4.2908e+00	
 4.3377e+00	
 4.2467e+00	
 4.1925e+00	
 4.3650e+00	
 4.4100e+00	
 4.3464e+00	
 4.2122e+00	
 4.2430e+00	
 4.3026e+00	
 4.2348e+00	
 4.2203e+00	
 4.2902e+00	
 4.2736e+00	
 4.1833e+00	
 4.4038e+00	
 4.3892e+00	
 4.3637e+00	
 4.2775e+00	
 4.2501e+00	
 4.2931e+00	
 4.3157e+00	
 4.3030e+00	
 4.2324e+00	
 4.1493e+00	
 4.2515e+00	
 4.2126e+00	
 4.3113e+00	
 4.1944e+00	
 4.2602e+00	
 4.3993e+00	
 4.2212e+00	
 4.2610e+00	
 4.2577e+00	
 4.1242e+00	
 4.2996e+00	
 4.4346e+00	
 4.2893e+00	
 4.3015e+00	
 4.2432e+00	
 4.3418e+00	
 4.3256e+00	
 4.2914e+00	
 4.3674e+00	
 4.2481e+00	
 4.2278e+00	
 4.0972e+00	
 4.3714e+00	
 4.3461e+00	
 4.3102e+00	
 4.2103e+00	
 4.2793e+00	
 4.2237e+00	
 4.2990e+00	
 4.3251e+00	
 4.2812e+00	
 4.1600e+00	
 4.2356e+00	
 4.2749e+00	
 4.3067e+00	
 4.2512e+00	
 4.1396e+00	
 4.3021e+00	
 4.1755e+00	
 4.2033e+00	
 4.2295e+00	
 4.2751e+00	
 4.2533e+00	
 4.2016e+00	
 4.2261e+00	
 4.2837e+00	
 4.2459e+00	
 4.2658e+00	
 4.2345e+00	
 4.3162e+00	
 4.3727e+00	
 4.1539e+00	
 4.2243e+00	
 4.2648e+00	
 4.3516e+00	
 4.1509e+00	
 4.2947e+00	
 4.2981e+00	
 4.1457e+00	
 4.1815e+00	
 4.2066e+00	
 4.3538e+00	
 4.2948e+00	
 4.2491e+00	
 4.2830e+00	
 4.2337e+00	
 4.1153e+00	
 4.2016e+00	
 4.1971e+00	
 4.1678e+00	
 4.2997e+00	
 4.1766e+00	
 4.1758e+00	
 4.2799e+00	
 4.1829e+00	
 4.1170e+00	
 4.1332e+00	
 4.2160e+00	
 4.1753e+00	
 4.1860e+00	
 4.3082e+00	
 4.3232e+00	
 4.2582e+00	
 4.1920e+00	
 4.3328e+00	
 4.1787e+00	
 4.3323e+00	
 4.1883e+00	
 4.0685e+00	
 4.3099e+00	
 4.0648e+00	
 4.2833e+00	
 4.0927e+00	
 4.1977e+00	
 4.1088e+00	
 4.2112e+00	
 4.2781e+00	
 4.3395e+00	
 4.2329e+00	
 4.1272e+00	
 4.1311e+00	
 4.2300e+00	
 4.1390e+00	
 4.1248e+00	
 4.2118e+00	
 4.3508e+00	
 4.2837e+00	
 4.1168e+00	
 4.2944e+00	
 4.2436e+00	
 4.2017e+00	
 4.2079e+00	
 4.1130e+00	
 4.2074e+00	
 4.1631e+00	
 4.0924e+00	
 4.1553e+00	
 4.1699e+00	
 4.2463e+00	
 4.0863e+00	
 4.2058e+00	
 4.3717e+00	
 4.2780e+00	
 4.1276e+00	
 4.2238e+00	
 4.1113e+00	
 4.1874e+00	
 3.9463e+00	
 4.2044e+00	
 4.2246e+00	
 4.0115e+00	
 4.1256e+00	
 4.1037e+00	
 4.0342e+00	
 4.1831e+00	
 4.2536e+00	
 4.1282e+00	
 4.2640e+00	
 4.1428e+00	
 4.1041e+00	
 4.3949e+00	
 4.2357e+00	
 4.0538e+00	
 4.3248e+00	
 4.1839e+00	
 4.0275e+00	
 4.2650e+00	
 4.2760e+00	
 4.2360e+00	
 4.2461e+00	
 4.3014e+00	
 4.1867e+00	
 4.2618e+00	
 3.9393e+00	
 4.1882e+00	
 4.2483e+00	
 3.9520e+00	
 4.1304e+00	
 4.0585e+00	
 4.2510e+00	
 4.3604e+00	
 4.2568e+00	
 4.1868e+00	
 4.1994e+00	
 4.0949e+00	
 4.2071e+00	
 4.2371e+00	
 4.1595e+00	
 4.1480e+00	
 4.0621e+00	
 4.1149e+00	
 4.2209e+00	
 4.1033e+00	
 4.0799e+00	
 4.1795e+00	
 4.0936e+00	
 4.0782e+00	
 4.0723e+00	
 4.1296e+00	
 4.2648e+00	
 4.0251e+00	
 4.1528e+00	
 4.1557e+00	
 4.0620e+00	
 4.0896e+00	
 4.2273e+00	
 4.0166e+00	
 4.1563e+00	
 4.0343e+00	
 4.2059e+00	
 3.8949e+00	
 4.1022e+00	
 4.0095e+00	
 4.1096e+00	
 4.2262e+00	
 4.0003e+00	
 4.0238e+00	
 4.0690e+00	
 4.1838e+00	
 4.1397e+00	
 4.2219e+00	
 4.1738e+00	
 4.2509e+00	
 4.0809e+00	
 4.1825e+00	
 4.2694e+00	
 4.2049e+00	
 4.3241e+00	
 4.1552e+00	
 4.1508e+00	
 3.9847e+00	
 3.9617e+00	
 4.3026e+00	
 4.1573e+00	
 4.2740e+00	
 4.2215e+00	
 4.1667e+00	
 4.1152e+00	
 4.1474e+00	
 4.0684e+00	
 4.0483e+00	
 4.1470e+00	
 4.1519e+00	
 4.1053e+00	
 4.2475e+00	
 4.2277e+00	
 4.1311e+00	
 4.2084e+00	
 4.2133e+00	
 4.1463e+00	
 4.1275e+00	
 4.1408e+00	
 4.2499e+00	
 4.1922e+00	
 4.1087e+00	
 3.9171e+00	
 4.0422e+00	
 4.2534e+00	
 4.0941e+00	
 4.0698e+00	
 4.1796e+00	
 4.1452e+00	
 3.8616e+00	
 4.1405e+00	
 4.0771e+00	
 3.9393e+00	
 4.1177e+00	
 4.0487e+00	
 4.0809e+00	
 3.9666e+00	
 4.2335e+00	
 4.1677e+00	
 4.0390e+00	
 4.0713e+00	
 4.0356e+00	
 4.0325e+00	
 4.1109e+00	
 4.0977e+00	
 4.2710e+00	
 4.1976e+00	
 3.9944e+00	
 4.1745e+00	
 4.1081e+00	
 4.1302e+00	
 4.0580e+00	
 4.1307e+00	
 4.0631e+00	
 3.9960e+00	
 3.9152e+00	
 3.9356e+00	
 4.1779e+00	
 4.1242e+00	
 3.8542e+00	
 4.1261e+00	
 4.2399e+00	
 4.0425e+00	
 4.0831e+00	
 3.9004e+00	
 4.1858e+00	
 3.9250e+00	
 3.9787e+00	
 4.1182e+00	
 4.0497e+00	
 3.9529e+00	
 4.0609e+00	
 3.9972e+00	
 4.0117e+00	
 4.1876e+00	
 3.9903e+00	
 3.9544e+00	
 4.0909e+00	
 4.0159e+00	
 4.2853e+00	
 4.0279e+00	
 3.8552e+00	
 3.8524e+00	
 4.0804e+00	
 4.0990e+00	
 3.9997e+00	
 3.8936e+00	
 4.1378e+00	
 3.9406e+00	
 4.1100e+00	
 4.1112e+00	
 4.1629e+00	
 4.2208e+00	
 4.2108e+00	
 3.8728e+00	
 4.1318e+00	
 4.1932e+00	
 4.0610e+00	
 4.0744e+00	
 3.8973e+00	
 4.1362e+00	
 3.9162e+00	
 4.0314e+00	
 3.9026e+00	
 3.9578e+00	
 4.0256e+00	
 3.7532e+00	
 3.9832e+00	
 4.0162e+00	
 3.8023e+00	
 4.0541e+00	
 4.0269e+00	
 3.9560e+00	
 3.9475e+00	
 4.1303e+00	
 4.1915e+00	
 4.0344e+00	
 4.0905e+00	
 3.9178e+00	
 4.0994e+00	
 4.0784e+00	
 4.0320e+00	
 4.0952e+00	
 3.9621e+00	
 4.2877e+00	
 4.1480e+00	
 4.1683e+00	
 3.9775e+00	
 4.0336e+00	
 4.0557e+00	
 3.9451e+00	
 4.0128e+00	
 4.2271e+00	
 4.3147e+00	
 4.1172e+00	
 3.9630e+00	
 4.0076e+00	
 3.8752e+00	
 3.9678e+00	
 3.9831e+00	
 3.9211e+00	
 4.1736e+00	
 4.0750e+00	
 3.8219e+00	
 3.9469e+00	
 4.1008e+00	
 3.7920e+00	
 3.8344e+00	
 3.9294e+00	
 3.9902e+00	
 4.0126e+00	
 3.9911e+00	
 4.0144e+00	
 3.9883e+00	
 3.9879e+00	
 3.9221e+00	
 3.7949e+00	
 3.9358e+00	
 3.8007e+00	
 4.0554e+00	
 3.8630e+00	
 4.2003e+00	
 3.8284e+00	
 4.0125e+00	
 3.8408e+00	
 3.7690e+00	
 4.1284e+00	
 3.9682e+00	
 3.8512e+00	
 3.8003e+00	
 4.2608e+00	
 3.8018e+00	
 4.2097e+00	
 4.1077e+00	
 4.1661e+00	
 3.8689e+00	
 4.1878e+00	
 4.1517e+00	
 3.9309e+00	
 4.0136e+00	
 3.8518e+00	
 3.9584e+00	
 4.0723e+00	
 3.9567e+00	
 4.0336e+00	
 3.9228e+00	
 3.7651e+00	
 3.8951e+00	
 3.7935e+00	
 3.7825e+00	
 4.2386e+00	
 3.8068e+00	
 4.0092e+00	
 4.0333e+00	
 3.9986e+00	
 3.7455e+00	
 3.8863e+00	
 4.2551e+00	
 3.8991e+00	
 3.8126e+00	
 3.9554e+00	
 4.0264e+00	
 3.7886e+00	
 3.8764e+00	
 4.1080e+00	
 3.9615e+00	
 4.0170e+00	
 3.9390e+00	
 4.0270e+00	
 3.9265e+00	
 3.9323e+00	
 3.7006e+00	
 3.8962e+00	
 3.7713e+00	
 4.2009e+00	
 3.8531e+00	
 3.9432e+00	
 3.6998e+00	
 3.9764e+00	
 4.0424e+00	
 3.8617e+00	
 3.9481e+00	
 4.1109e+00	
 3.9468e+00	
 3.9448e+00	
 4.0588e+00	
 3.9686e+00	
 3.7512e+00	
 3.9396e+00	
 3.6886e+00	
 4.0293e+00	
 4.0533e+00	
 4.3533e+00	
 3.8393e+00	
 3.9741e+00	
 4.0269e+00	
 4.2637e+00	
 3.7720e+00	
 3.8926e+00	
 3.9422e+00	
 3.8874e+00	
 4.2213e+00	
 3.7237e+00	
 3.8508e+00	
 3.5829e+00	
 3.9658e+00	
 3.7716e+00	
 4.1146e+00	
 3.9943e+00	
 4.0270e+00	
 3.8866e+00	
 3.8910e+00	
 4.2369e+00	
 3.7507e+00	
 3.7846e+00	
 4.1011e+00	
 3.9225e+00	
 3.7866e+00	
 3.9515e+00	
 3.9262e+00	
 3.7140e+00	
 3.6347e+00	
 3.7680e+00	
 4.0929e+00	
 4.1907e+00	
 3.8212e+00	
 3.9498e+00	
 4.0232e+00	
 4.0247e+00	
 3.8556e+00	
 3.9796e+00	
 3.8761e+00	
 4.0026e+00	
 3.9648e+00	
 3.7884e+00	
 3.9290e+00	
 3.6722e+00	
 3.8529e+00	
 3.9559e+00	
 3.8585e+00	
 4.2250e+00	
 4.0548e+00	
 4.0223e+00	
 3.7471e+00	
 3.9536e+00	
 3.8374e+00	
 3.6603e+00	
 3.8130e+00	
 4.1107e+00	
 3.6721e+00	
 3.8529e+00	
 4.2950e+00	
 4.0730e+00	
 3.9141e+00	
 3.9475e+00	
 3.5559e+00	
 3.8937e+00	
 3.9073e+00	
 3.9410e+00	
 4.0662e+00	
 3.7671e+00	
 3.7338e+00	
 4.0532e+00	
 3.9393e+00	
 3.6912e+00	
 3.8783e+00	
 3.8302e+00	
 4.0583e+00	
 3.8024e+00	
 4.0223e+00	
 3.7090e+00	
 3.7561e+00	
 3.7968e+00	
 4.1394e+00	
 3.7517e+00	
 4.2098e+00	
 3.7699e+00	
 3.9646e+00	
 4.0166e+00	
 4.1277e+00	
 3.9076e+00	
 3.7317e+00	
 3.7318e+00	
 3.6581e+00	
 4.0864e+00	
 3.8622e+00	
 3.9248e+00	
 3.9379e+00	
 3.5967e+00	
 3.9263e+00	
 4.0839e+00	
 3.9765e+00	
 3.6873e+00	
 4.0457e+00	
 3.9424e+00	
 3.9158e+00	
 3.6972e+00	
 3.8086e+00	
 3.8944e+00	
 3.7906e+00	
 4.1398e+00	
 3.7632e+00	
 3.7854e+00	
 4.0756e+00	
 3.6833e+00	
 3.7967e+00	
 3.9430e+00	
 3.8170e+00	
 3.8247e+00	
 3.7951e+00	
 3.7843e+00	
 3.9833e+00	
 3.6963e+00	
 3.8875e+00	
 3.6577e+00	
 3.7518e+00	
 4.0691e+00	
 3.9043e+00	
 4.0160e+00	
 4.1379e+00	
 3.9304e+00	
 3.9527e+00	
 4.1268e+00	
 3.7974e+00	
 3.8907e+00	
 4.0197e+00	
 3.7344e+00	
 3.9995e+00	
 3.9508e+00	
 3.9110e+00	
 4.0409e+00	
 3.9419e+00	
 3.6335e+00	
 3.9223e+00	
 3.9232e+00	
 3.7726e+00	
 3.8360e+00	
 3.5645e+00	
 4.0459e+00	
 3.8942e+00	
 3.6765e+00	
 3.8666e+00	
 3.9365e+00	
 3.5631e+00	
 3.5881e+00	
 3.7403e+00	
 3.9875e+00	
 3.6582e+00	
 3.9929e+00	
 3.8334e+00	
 3.8456e+00	
 4.0777e+00	
 3.9561e+00	
 3.7829e+00	
 3.8721e+00	
 3.8273e+00	
 3.7624e+00	
 3.6286e+00	
 3.7170e+00	
 3.6764e+00	
 3.8185e+00	
 3.9881e+00	
 3.9920e+00	
 3.5636e+00	
 3.5369e+00	
 3.7020e+00	
 3.8595e+00	
 4.0717e+00	
 3.6260e+00	
 3.7495e+00	
 3.8602e+00	
 3.6133e+00	
 4.1062e+00	
 3.9182e+00	
 3.7448e+00	
 4.0341e+00	
 3.8624e+00	
 3.9715e+00	
 3.8522e+00	
 3.8226e+00	
 3.8551e+00	
 4.2302e+00	
 4.0165e+00	
 3.8523e+00	
 4.0446e+00	
 3.9286e+00	
 3.8965e+00	
 3.6227e+00	
 3.7433e+00	
 3.7457e+00	
 3.7057e+00	
 3.8938e+00	
 4.0040e+00	
 3.7772e+00	
 3.7973e+00	
 3.7733e+00	
 3.7897e+00	
 4.1068e+00	
 3.8217e+00	
 3.9303e+00	
 3.7120e+00	
 4.0252e+00	
 4.0178e+00	
 3.9450e+00	
 3.7409e+00	
 3.7744e+00	
 3.8199e+00	
 4.0517e+00	
 3.9313e+00	
 3.9655e+00	
 3.8289e+00	
 3.8146e+00	
 3.8032e+00	
 3.4655e+00	
 3.8693e+00	
 3.9038e+00	
 3.7576e+00	
 3.8814e+00	
 3.7487e+00	
 3.6244e+00	
 3.5905e+00	
 3.8752e+00	
 3.7086e+00	
 3.5829e+00	
 3.8716e+00	
 3.8027e+00	
 3.8593e+00	
 3.8232e+00	
 3.7639e+00	
 4.0371e+00	
 3.9440e+00	
 4.0515e+00	
 3.8045e+00	
 3.9118e+00	
 3.8146e+00	
 3.7856e+00	
 4.0419e+00	
 3.7485e+00	
 3.9967e+00	
 3.9278e+00	
 3.9565e+00	
 3.6045e+00	
 3.5705e+00	
 3.7284e+00	
 4.0347e+00	
 3.6749e+00	
 3.9179e+00	
 3.8906e+00	
 3.7554e+00	
 3.7881e+00	
 3.7395e+00	
 3.7346e+00	
 3.8732e+00	
 3.7251e+00	
 3.7941e+00	
 3.9197e+00	
 3.7312e+00	
 3.7705e+00	
 3.7167e+00	
 3.6469e+00	
 3.6810e+00	
 3.7402e+00	
 3.8273e+00	
 3.7946e+00	
 4.0943e+00	
 3.7391e+00	
 3.7909e+00	
 3.8256e+00	
 3.6777e+00	
 3.8182e+00	
 3.5307e+00	
 3.7301e+00	
 3.6574e+00	
 3.9526e+00	
 4.0429e+00	
 3.8626e+00	
 3.9814e+00	
 3.6640e+00	
 3.5903e+00	
 3.6999e+00	
 3.7804e+00	
 4.1137e+00	
 3.7688e+00	
 4.1023e+00	
 3.6949e+00	
 3.6259e+00	
 4.0391e+00	
 3.5677e+00	
 3.7463e+00	
 3.9994e+00	
 3.5086e+00	
 4.1246e+00	
 3.6486e+00	
 3.9318e+00	
 3.6762e+00	
 3.6114e+00	
 3.9949e+00	
 3.5603e+00	
 3.7457e+00	
 3.6943e+00	
 3.5923e+00	
 3.7268e+00	
 3.7637e+00	
 3.9521e+00	
 3.9277e+00	
 3.9617e+00	
 3.7596e+00	
 3.7314e+00	
 3.7589e+00	
 3.8217e+00	
 3.9071e+00	
 4.1419e+00	
 3.8780e+00	
 3.8840e+00	
 3.6747e+00	
 3.7464e+00	
 3.9478e+00	
 3.6162e+00	
 3.6490e+00	
 3.9689e+00	
 3.8923e+00	
 3.6094e+00	
 3.6526e+00	
 3.6026e+00	
 3.7764e+00	
 3.8120e+00	
 3.6058e+00	
 3.6925e+00	
 3.8580e+00	
 3.7357e+00	
 3.7602e+00	
 3.9478e+00	
 3.9424e+00	
 4.0160e+00	
 3.9076e+00	
 3.8035e+00	
 3.7924e+00	
 3.6681e+00	
 3.6657e+00	
 3.8788e+00	
 3.8881e+00	
 3.6604e+00	
 3.7205e+00	
 3.7562e+00	
 3.6350e+00	
 3.5471e+00	
 3.8877e+00	
 3.8417e+00	
 3.9777e+00	
 3.4176e+00	
 3.9068e+00	
 3.6475e+00	
 3.6772e+00	
 3.7759e+00	
 3.5192e+00	
 3.9870e+00	
 3.7520e+00	
 3.7397e+00	
 4.0994e+00	
 3.8828e+00	
 3.7895e+00	
 3.7414e+00	
 4.0560e+00	
 3.6263e+00	
 3.9118e+00	
 3.6647e+00	
 3.8123e+00	
 3.7405e+00	
 3.8661e+00	
 3.7996e+00	
 3.6682e+00	
 4.0264e+00	
 3.5802e+00	
 3.7357e+00	
 3.4866e+00	
 4.0279e+00	
 3.8157e+00	
 3.5012e+00	
 3.7287e+00	
 3.9325e+00	
 3.7980e+00	
 3.6127e+00	
 3.8262e+00	
 3.4593e+00	
 3.8037e+00	
 3.6438e+00	
 3.9976e+00	
 3.5133e+00	
 3.6657e+00	
 3.7758e+00	
 3.6129e+00	
 3.5977e+00	
 3.8293e+00	
 3.8771e+00	
 3.6959e+00	
 3.8624e+00	
 3.5666e+00	
 3.7273e+00	
 3.7319e+00	
 3.8879e+00	
 3.7330e+00	
 3.6346e+00	
 3.7848e+00	
 3.8926e+00	
 3.7269e+00	
 3.3722e+00	
 3.5206e+00	
 3.9051e+00	
 3.5641e+00	
 3.9006e+00	
 3.6877e+00	
 3.8430e+00	
 3.6509e+00	
 3.9692e+00	
 3.9396e+00	
 3.4053e+00	
 3.6195e+00	
 3.9608e+00	
 3.4897e+00	
 4.0428e+00	
 3.5964e+00	
 3.4948e+00	
 3.6732e+00	
 3.7154e+00	
 3.4772e+00	
 4.0160e+00	
 3.9084e+00	
 3.3492e+00	
 4.1041e+00	
 3.5434e+00	
 3.7051e+00	
 3.3968e+00	
 3.8062e+00	
 3.8046e+00	
 3.5821e+00	
 3.6511e+00	
 3.5654e+00	
 3.7902e+00	
 3.6041e+00	
 3.6988e+00	
 3.7969e+00	
 3.6774e+00	
 3.9397e+00	
 3.6313e+00	
 4.0813e+00	
 3.7428e+00	
 3.5662e+00	
 3.5246e+00	
 3.5410e+00	
 3.4607e+00	
 3.6606e+00	
 3.7112e+00	
 3.5545e+00	
 3.5911e+00	
 4.1255e+00	
 3.7061e+00	
 3.6621e+00	
 3.6141e+00	
 3.6545e+00	
 3.7462e+00	
 3.8511e+00	
 3.9118e+00	
 3.7156e+00	
 3.6319e+00	
 3.6212e+00	
 3.7458e+00	
 3.5848e+00	
 3.8406e+00	
 3.6707e+00	
 3.8851e+00	
 3.4867e+00	
 3.4636e+00	
 3.5829e+00	
 3.8103e+00	
 3.6801e+00	
 3.5594e+00	
 3.8130e+00	
 3.9014e+00	
 3.7757e+00	
 3.4834e+00	
 3.6680e+00	
 3.7961e+00	
 3.5282e+00	
 3.5872e+00	
 3.6286e+00	
 3.4681e+00	
 3.8293e+00	
 3.8598e+00	
 3.5994e+00	
 3.7557e+00	
 3.8350e+00	
 3.7508e+00	
 4.0289e+00	
 3.7441e+00	
 3.8281e+00	
 3.5114e+00	
 4.0873e+00	
 4.0294e+00	
 3.5063e+00	
 3.8212e+00	
 3.7064e+00	
 3.7007e+00	
 3.8872e+00	
 3.5276e+00	
 3.5988e+00	
 3.4963e+00	
 3.7553e+00	
 3.6352e+00	
 3.7720e+00	
 3.8320e+00	
 3.6414e+00	
 3.8894e+00	
 3.6596e+00	
 3.6513e+00	
 3.5083e+00	
 3.6940e+00	
 3.5553e+00	
 3.7053e+00	
 3.6356e+00	
 3.7412e+00	
 3.9198e+00	
 3.5639e+00	
 3.7890e+00	
 3.7299e+00	
 3.8881e+00	
 3.8428e+00	
 3.7653e+00	
 3.9259e+00	
 4.0146e+00	
 3.6703e+00	
 3.6476e+00	
 3.3950e+00	
 3.7616e+00	
 3.7809e+00	
 3.4794e+00	
 3.6249e+00	
 3.8585e+00	
 3.5723e+00	
 3.4401e+00	
 3.7573e+00	
 3.4737e+00	
 3.7751e+00	
 3.5936e+00	
 3.3110e+00	
 3.5988e+00	
 3.6423e+00	
 3.1723e+00	
 3.8473e+00	
 3.5630e+00	
 3.5359e+00	
 3.7914e+00	
 3.4890e+00	
 3.3608e+00	
 3.4512e+00	
 3.5229e+00	
 3.5362e+00	
 3.7082e+00	
 3.6524e+00	
 3.7679e+00	
 3.7231e+00	
 3.5063e+00	
 3.4251e+00	
 3.6425e+00	
 3.9546e+00	
 3.9920e+00	
 3.2645e+00	
 3.5749e+00	
 3.5908e+00	
 3.4392e+00	
 3.5353e+00	
 3.6716e+00	
 3.6223e+00	
 3.9546e+00	
 3.5930e+00	
 3.6304e+00	
 3.9731e+00	
 3.4682e+00	
 3.6370e+00	
 3.8365e+00	
 3.7114e+00	
 3.7826e+00	
 3.8627e+00	
 3.7153e+00	
 3.7199e+00	
 3.7900e+00	
 3.6273e+00	
 3.7421e+00	
 3.7846e+00	
 3.8905e+00	
 3.7292e+00	
 3.6078e+00	
 3.6255e+00	
 3.7874e+00	
 3.5032e+00	
 3.3360e+00	
 3.6249e+00	
 3.7772e+00	
 3.8119e+00	
 3.8465e+00	
 3.9571e+00	
 3.4952e+00	
 3.8720e+00	
 3.4402e+00	
 3.6035e+00	
 3.6887e+00	
 4.1158e+00	
 3.7130e+00	
 4.1024e+00	
 3.4999e+00	
 3.8102e+00	
 3.5617e+00	
 3.9207e+00	
 3.5318e+00	
 3.3601e+00	
 3.2288e+00	
 3.5920e+00	
 3.5628e+00	
 3.3847e+00	
 3.5383e+00	
 3.6315e+00	
 3.6066e+00	
 3.5253e+00	
 3.6971e+00	
 3.4138e+00	
 3.5742e+00	
 3.6218e+00	
 3.6891e+00	
 3.6435e+00	
 3.6735e+00	
 3.6381e+00	
 3.5272e+00	
 3.8586e+00	
 3.5676e+00	
 3.7072e+00	
 3.7597e+00	
 3.7644e+00	
 3.3591e+00	
 3.6371e+00	
 3.5137e+00	
 3.7842e+00	
 3.6288e+00	
 3.7300e+00	
 3.7652e+00	
 3.5940e+00	
 3.4316e+00	
 3.6013e+00	
 3.6318e+00	
 3.4931e+00	
 3.6773e+00	
 3.6338e+00	
 3.4798e+00	
 3.6986e+00	
 3.5780e+00	
 3.4966e+00	
 3.2949e+00	
 3.4874e+00	
 3.3372e+00	
 3.7563e+00	
 3.5860e+00	
 3.4205e+00	
 3.4216e+00	
 3.5886e+00	
 3.7058e+00	
 3.5310e+00	
 3.3708e+00	
 3.6975e+00	
 3.2583e+00	
 3.4342e+00	
 3.6337e+00	
 3.6512e+00	
 3.5809e+00	
 3.6491e+00	
 3.6264e+00	
 3.5778e+00	
 3.5407e+00	
 3.4709e+00	
 3.5532e+00	
 3.5585e+00	
 3.6049e+00	
 3.5410e+00	
 3.3320e+00	
 3.5856e+00	
 3.5664e+00	
 3.2868e+00	
 3.5525e+00	
 3.3295e+00	
 3.4712e+00	
 3.6615e+00	
 3.5268e+00	
 3.6109e+00	
 3.7011e+00	
 3.5553e+00	
 3.8265e+00	
 3.4944e+00	
 3.3443e+00	
 3.4631e+00	
 3.5796e+00	
 3.7235e+00	
 3.4486e+00	
 3.5488e+00	
 3.4888e+00	
 3.4948e+00	
 3.4344e+00	
 3.5021e+00	
 3.6690e+00	
 3.4002e+00	
 3.4412e+00	
 3.7378e+00	
 3.4809e+00	
 3.2833e+00	
 3.4524e+00	
 3.6621e+00	
 3.3142e+00	
 3.5810e+00	
 3.4724e+00	
 3.5761e+00	
 3.4927e+00	
 3.4899e+00	
 3.8278e+00	
 3.5595e+00	
 3.6088e+00	
 3.7671e+00	
 3.3608e+00	
 3.5801e+00	
 3.6641e+00	
 3.5272e+00	
 3.3810e+00	
 3.6615e+00	
 3.5552e+00	
 3.5714e+00	
 3.1958e+00	
 3.6140e+00	
 3.7247e+00	
 3.6198e+00	
 3.7162e+00	
 3.7025e+00	
 3.5654e+00	
 3.6218e+00	
 3.5608e+00	
 3.6070e+00	
 3.2985e+00	
 3.5595e+00	
 3.5649e+00	
 3.7736e+00	
 3.4965e+00	
 3.4950e+00	
 3.4739e+00	
 3.8053e+00	
 3.3407e+00	
 3.5975e+00	
 3.9476e+00	
 3.1951e+00	
 3.8187e+00	
 3.5181e+00	
 3.8626e+00	
 3.5396e+00	
 3.8496e+00	
 3.5290e+00	
 3.4791e+00	
 3.4579e+00	
 3.5011e+00	
 3.5137e+00	
 3.5508e+00	
 3.3331e+00	
 3.5495e+00	
 3.6041e+00	
 3.1266e+00	
 3.6450e+00	
 3.8557e+00	
 3.3726e+00	
 3.9344e+00	
 3.5420e+00	
 3.5714e+00	
 3.6474e+00	
 3.4249e+00	
 3.4432e+00	
 3.3198e+00	
 3.9230e+00	
 3.6606e+00	
 3.2075e+00	
 3.4625e+00	
 3.4203e+00	
 3.2522e+00	
 3.3041e+00	
 3.5308e+00	
 3.5291e+00	
 3.3986e+00	
 3.7517e+00	
 3.6727e+00	
 3.6471e+00	
 3.7443e+00	
 3.6271e+00	
 3.5095e+00	
 3.4318e+00	
 3.4413e+00	
 3.6246e+00	
 3.6735e+00	
 3.6495e+00	
 3.4310e+00	
 3.8554e+00	
 3.2876e+00	
 3.2848e+00	
 3.6084e+00	
 3.6201e+00	
 3.4839e+00	
 3.4984e+00	
 3.6505e+00	
 3.6413e+00	
 3.4477e+00	
 3.4908e+00	
 3.2625e+00	
 3.6324e+00	
 3.6057e+00	
 3.4593e+00	
 3.4261e+00	
 3.6165e+00	
 3.4803e+00	
 3.8015e+00	
 3.7721e+00	
 3.7155e+00	
 3.4935e+00	
 3.9600e+00	
 3.8266e+00	
 3.6504e+00	
 3.5734e+00	
 3.6112e+00	
 3.6880e+00	
 3.5029e+00	
 3.6514e+00	
 3.8044e+00	
 3.5787e+00	
 3.4522e+00	
 3.4761e+00	
 3.3320e+00	
 3.3987e+00	
 3.6057e+00	
 3.4690e+00	
 3.7151e+00	
 3.5637e+00	
 3.5618e+00	
 3.2728e+00	
 3.7473e+00	
 3.4393e+00	
 3.3939e+00	
 3.3560e+00	
 3.3470e+00	
 3.3629e+00	
 3.6768e+00	
 3.3049e+00	
 3.6657e+00	
 3.4562e+00	
 3.6580e+00	
 3.3890e+00	
 3.6610e+00	
 3.4578e+00	
 3.2382e+00	
 3.2799e+00	
 3.4397e+00	
 3.8442e+00	
 3.2746e+00	
 3.6612e+00	
 3.6365e+00	
 3.7738e+00	
 3.4391e+00	
 3.5022e+00	
 3.3576e+00	
 3.4936e+00	
 3.1654e+00	
 3.5927e+00	
 3.3022e+00	
 4.0072e+00	
 3.7145e+00	
 3.3386e+00	
 3.2556e+00	
 3.6306e+00	
 3.5884e+00	
 3.1980e+00	
 3.4513e+00	
 3.1114e+00	
 3.6920e+00	
 3.2916e+00	
 3.2499e+00	
 3.3021e+00	
 3.4333e+00	
 3.5861e+00	
 3.4731e+00	
 3.5048e+00	
 3.1335e+00	
 3.3477e+00	
 3.3473e+00	
 3.3488e+00	
 3.8109e+00	
 3.4442e+00	
 3.5479e+00	
 3.6852e+00	
 3.4122e+00	
 3.4680e+00	
 3.6314e+00	
 3.2693e+00	
 3.2062e+00	
 3.2630e+00	
 3.2505e+00	
 3.6915e+00	
 3.6192e+00	
 3.1325e+00	
 3.3380e+00	
 3.2758e+00	
 3.5522e+00	
 3.5938e+00	
 3.5273e+00	
 3.4860e+00	
 3.5041e+00	
 3.1491e+00	
 3.4386e+00	
 3.6412e+00	
 3.5712e+00	
 3.5307e+00	
 3.5732e+00	
 3.1242e+00	
 3.4526e+00	
 3.5370e+00	
 3.4613e+00	
 3.6591e+00	
 3.5752e+00	
 3.6784e+00	
 3.2489e+00	
 3.7682e+00	
 3.3022e+00	
 3.1259e+00	
 3.4991e+00	
 3.5623e+00	
 3.4629e+00	
 3.5120e+00	
 3.3106e+00	
 3.3943e+00	
 3.4829e+00	
 3.8510e+00	
 3.5653e+00	
 3.6951e+00	
 3.4485e+00	
 3.8424e+00	
 3.3459e+00	
 3.5057e+00	
 3.3219e+00	
 3.6019e+00	
 3.6341e+00	
 3.2304e+00	
 3.5078e+00	
 3.7832e+00	
 3.3725e+00	
 3.4737e+00	
 3.2564e+00	
 3.5175e+00	
 3.8679e+00	
 3.6821e+00	
 3.5617e+00	
 3.3673e+00	
 3.6259e+00	
 3.4171e+00	
 3.6489e+00	
 3.1281e+00	
 3.4304e+00	
 3.4251e+00	
 3.3658e+00	
 3.4292e+00	
 3.7243e+00	
 3.6221e+00	
 3.3109e+00	
 3.5340e+00	
 3.5999e+00	
 3.4660e+00	
 3.4765e+00	
 3.3780e+00	
 3.8517e+00	
 3.1446e+00	
 3.6339e+00	
 3.4164e+00	
 3.4674e+00	
 3.5766e+00	
 3.7000e+00	
 3.4032e+00	
 3.5595e+00	
 3.7764e+00	
 3.4419e+00	
 3.3471e+00	
 3.3956e+00	
 3.5614e+00	
 3.3657e+00	
 3.1185e+00	
 3.4937e+00	
 3.2975e+00	
 3.2239e+00	
 3.1524e+00	
 3.3659e+00	
 3.3351e+00	
 3.1546e+00	
 3.5043e+00	
 3.5591e+00	
 3.3681e+00	
 3.4096e+00	
 3.4994e+00	
 3.3282e+00	
 3.1862e+00	
 3.3956e+00	
 3.4064e+00	
 3.5430e+00	
 3.2868e+00	
 3.3631e+00	
 3.1808e+00	
 3.7604e+00	
 2.9817e+00	
 3.3413e+00	
 3.3741e+00	
 3.3229e+00	
 3.5788e+00	
 3.5646e+00	
 3.6706e+00	
 3.4299e+00	
 3.3062e+00	
 3.6338e+00	
 3.3992e+00	
 3.5374e+00	
 3.2444e+00	
 3.5642e+00	
 3.5155e+00	
 3.1643e+00	
 3.4014e+00	
 3.2947e+00	
 3.6752e+00	
 3.5031e+00	
 3.4595e+00	
 3.3637e+00	
 3.6239e+00	
 3.4115e+00	
 3.8758e+00	
 3.2866e+00	
 3.3558e+00	
 3.4996e+00	
 3.4752e+00	
 3.3640e+00	
 3.1480e+00	
 3.5682e+00	
 3.3256e+00	
 3.5599e+00	
 3.3571e+00	
 3.1164e+00	
 3.4988e+00	
 3.4526e+00	
 3.5402e+00	
 3.3870e+00	
 3.3622e+00	
 3.4622e+00	
 3.5434e+00	
 3.4483e+00	
 3.4808e+00	
 3.6152e+00	
 3.2846e+00	
 3.1340e+00	
 3.5677e+00	
 3.3840e+00	
 3.4657e+00	
 3.4397e+00	
 3.7001e+00	
 3.4835e+00	
 3.3329e+00	
 3.6089e+00	
 3.1098e+00	
 3.2204e+00	
 3.1153e+00	
 3.4935e+00	
 3.5938e+00	
 3.4673e+00	
 3.4178e+00	
 3.3792e+00	
 3.3467e+00	
 3.4813e+00	
 3.3412e+00	
 3.5626e+00	
 3.2427e+00	
 3.6241e+00	
 3.7288e+00	
 3.0222e+00	
 3.5972e+00	
 3.6475e+00	
 3.6359e+00	
 3.5331e+00	
 3.6221e+00	
 3.2583e+00	
 3.6207e+00	
 3.3121e+00	
 3.3221e+00	
 3.0973e+00	
 3.3531e+00	
 3.3878e+00	
 3.9825e+00	
 3.3265e+00	
 3.4230e+00	
 3.4180e+00	
 3.4662e+00	
 3.3043e+00	
 3.4847e+00	
 3.7508e+00	
 3.5914e+00	
 3.3208e+00	
 3.7012e+00	
 3.4944e+00	
 3.3961e+00	
 3.3315e+00	
 3.6001e+00	
 3.7465e+00	
 3.1632e+00	
 3.3160e+00	
 3.2617e+00	
 3.5268e+00	
 3.5323e+00	
 3.2665e+00	
 3.5105e+00	
 3.5849e+00	
 3.4067e+00	
 3.5907e+00	
 2.9036e+00	
 3.2047e+00	
 3.3974e+00	
 3.5833e+00	
 3.6236e+00	
 3.3176e+00	
 3.2526e+00	
 3.4590e+00	
 3.4133e+00	
 3.2436e+00	
 3.3547e+00	
 3.4290e+00	
 3.1780e+00	
 3.5795e+00	
 3.4144e+00	
 3.6164e+00	
 3.0611e+00	
 3.4830e+00	
 3.6189e+00	
 3.5771e+00	
 3.7241e+00	
 3.2923e+00	
 3.1451e+00	
 3.4396e+00	
 3.2215e+00	
 3.5861e+00	
 3.5192e+00	
 3.0545e+00	
 3.4391e+00	
 3.6232e+00	
 3.2496e+00	
 3.2669e+00	
 3.5313e+00	
 3.3523e+00	
 3.1881e+00	
 3.4453e+00	
 3.6786e+00	
 3.3634e+00	
 3.2492e+00	
 3.6103e+00	
 3.3476e+00	
 3.5101e+00	
 3.7588e+00	
 3.3095e+00	
 3.7143e+00	
 3.3441e+00	
 3.2479e+00	
 3.7466e+00	
 3.2515e+00	
 3.1816e+00	
 3.3187e+00	
 3.4053e+00	
 3.5406e+00	
 3.5518e+00	
 3.0567e+00	
 3.4334e+00	
 3.4815e+00	
 3.5419e+00	
 3.7904e+00	
 3.5019e+00	
 3.4566e+00	
 3.2710e+00	
 3.5333e+00	
 3.3665e+00	
 3.4684e+00	
 3.4566e+00	
 3.4035e+00	
 3.7007e+00	
 3.4682e+00	
 3.6761e+00	
 3.7812e+00	
 3.4379e+00	
 3.5526e+00	
 3.1781e+00	
 3.8529e+00	
 3.5394e+00	
 3.1140e+00	
 3.5544e+00	
 3.7346e+00	
 3.1880e+00	
 3.4904e+00	
 3.7935e+00	
 3.3046e+00	
 3.6293e+00	
 3.0935e+00	
 3.3570e+00	
 3.5711e+00	
 2.9222e+00	
 3.4480e+00	
 3.4379e+00	
 3.5046e+00	
 3.5613e+00	
 3.4445e+00	
 3.1928e+00	
 3.5965e+00	
 3.5727e+00	
 3.2036e+00	
 3.4684e+00	
 3.5959e+00	
 3.3941e+00	
 3.5573e+00	
 3.3412e+00	
 3.0371e+00	
 3.3770e+00	
 3.3659e+00	
 3.5250e+00	
 3.3790e+00	
 3.2679e+00	
 3.5909e+00	
 3.6723e+00	
 3.5583e+00	
 3.3132e+00	
 3.7128e+00	
 3.3214e+00	
 3.0689e+00	
 3.5446e+00	
 3.3085e+00	
 3.4251e+00	
 3.1361e+00	
 3.0457e+00	
 3.1401e+00	
 3.1750e+00	
 3.5781e+00	
 3.5295e+00	
 3.4374e+00	
 3.2674e+00	
 3.4581e+00	
 3.5432e+00	
 3.6179e+00	
 3.3733e+00	
 3.5356e+00	
 3.3816e+00	
 3.7784e+00	
 3.3571e+00	
 3.6133e+00	
 3.3459e+00	
 3.4476e+00	
 3.4848e+00	
 3.2693e+00	
 3.2497e+00	
 3.4272e+00	
 3.3010e+00	
 3.7790e+00	
 3.0489e+00	
 3.3475e+00	
 3.4602e+00	
 3.4302e+00	
 3.4997e+00	
 3.2635e+00	
 3.1278e+00	
 3.3205e+00	
 3.5386e+00	
 3.4649e+00	
 3.2508e+00	
 3.1848e+00	
 3.1588e+00	
 3.3830e+00	
 3.1675e+00	
 3.4889e+00	
 3.2920e+00	
 3.3351e+00	
 3.4371e+00	
 3.3141e+00	
 3.2091e+00	
 3.3441e+00	
 3.3339e+00	
 3.2065e+00	
 3.4791e+00	
 3.5336e+00	
 3.2846e+00	
 3.3287e+00	
 3.3510e+00	
 3.2639e+00	
 3.4641e+00	
 3.6142e+00	
 3.3914e+00	
 3.3417e+00	
 3.1175e+00	
 3.4335e+00	
 3.1863e+00	
 3.0809e+00	
 3.0835e+00	
 3.5137e+00	
 3.6219e+00	
 3.4814e+00	
 3.0769e+00	
 3.2019e+00	
 3.2855e+00	
 3.1745e+00	
 3.6288e+00	
 3.5183e+00	
 3.4790e+00	
 2.8608e+00	
 3.5116e+00	
 3.4035e+00	
 3.2683e+00	
 3.1061e+00	
 3.3925e+00	
 3.4849e+00	
 3.3720e+00	
 3.1689e+00	
 3.5186e+00	
 3.2862e+00	
 3.4353e+00	
 3.3970e+00	
 3.5474e+00	
 3.5932e+00	
 3.3786e+00	
 3.0768e+00	
 3.2639e+00	
 3.3124e+00	
 3.5343e+00	
 3.5085e+00	
 3.4254e+00	
 3.3158e+00	
 3.2839e+00	
 3.1062e+00	
 3.2861e+00	
 3.5665e+00	
 3.4981e+00	
 3.4035e+00	
 3.2012e+00	
 3.3694e+00	
 3.5760e+00	
 3.6203e+00	
 3.4744e+00	
 3.2007e+00	
 3.2953e+00	
 3.1369e+00	
 3.8025e+00	
 3.3696e+00	
 2.9365e+00	
 3.3419e+00	
 3.3593e+00	
 3.4604e+00	
 3.4833e+00	
 3.0304e+00	
 3.5736e+00	
 3.3922e+00	
 3.3495e+00	
 3.7792e+00	
 2.9053e+00	
 3.3581e+00	
 3.3284e+00	
 3.6095e+00	
 3.2949e+00	
 3.3742e+00	
 3.8908e+00	
 3.7745e+00	
 3.5451e+00	
 3.3050e+00	
 3.6341e+00	
 3.2987e+00	
 3.5812e+00	
 3.2338e+00	
 3.2046e+00	
 3.6623e+00	
 3.5385e+00	
 3.2821e+00	
 3.4418e+00	
 3.5693e+00	
 3.6067e+00	
 3.4801e+00	
 3.2826e+00	
 3.3228e+00	
 3.2287e+00	
 3.2361e+00	
 3.8102e+00	
 3.2945e+00	
 3.2444e+00	
 3.2905e+00	
 3.4011e+00	
 3.3273e+00	
 3.3533e+00	
 3.3725e+00	
 3.1354e+00	
 3.3875e+00	
 3.4107e+00	
 3.7083e+00	
 3.4804e+00	
 3.3251e+00	
 3.3006e+00	
 3.3604e+00	
 3.2543e+00	
 3.2372e+00	
 3.2520e+00	
 3.3710e+00	
 3.4343e+00	
 3.3756e+00	
 3.8532e+00	
 3.2422e+00	
 3.6741e+00	
 3.1558e+00	
 3.5707e+00	
 3.2903e+00	
 3.1690e+00	
 3.3456e+00	
 3.2616e+00	
 3.1440e+00	
 3.1332e+00	
 3.4977e+00	
 3.3238e+00	
 3.4316e+00	
 3.2261e+00	
 3.5725e+00	
 3.3969e+00	
 3.2629e+00	
 3.0894e+00	
 3.3731e+00	
 3.5497e+00	
 3.7950e+00	
 3.3136e+00	
 3.3434e+00	
 3.0829e+00	
 3.2760e+00	
 3.5649e+00	
 3.1480e+00	
 3.2297e+00	
 3.4103e+00	
 3.7373e+00	
 3.2869e+00	
 3.3588e+00	
 3.3796e+00	
 3.2045e+00	
 3.4416e+00	
 3.3885e+00	
 3.3957e+00	
 3.2107e+00	
 3.3409e+00	
 3.1574e+00	
 3.1475e+00	
 3.3303e+00	
 3.1275e+00	
 3.3301e+00	
 3.6570e+00	
 3.3233e+00	
 3.5542e+00	
 3.1756e+00	
 3.3732e+00	
 3.1622e+00	
 3.4288e+00	
 3.3872e+00	
 3.2057e+00	
 3.3037e+00	
 3.5215e+00	
 3.6822e+00	
 3.2631e+00	
 3.4111e+00	
 3.2982e+00	
 3.2592e+00	
 3.2793e+00	
 3.0375e+00	
 3.1672e+00	
 3.5167e+00	
 3.4696e+00	
 3.5626e+00	
 3.5101e+00	
 3.3723e+00	
 2.9724e+00	
 3.6091e+00	
 3.2430e+00	
 3.1968e+00	
 3.3589e+00	
 3.3093e+00	
 3.2976e+00	
 3.2220e+00	
 3.3825e+00	
 3.7503e+00	
 3.3180e+00	
 3.2822e+00	
 3.2750e+00	
 3.5338e+00	
 3.3145e+00	
 3.2224e+00	
 3.5152e+00	
 3.3681e+00	
 3.3509e+00	
 3.4677e+00	
 3.3447e+00	
 3.2061e+00	
 3.5291e+00	
 3.2469e+00	
 3.3500e+00	
 3.1023e+00	
 3.4298e+00	
 3.6390e+00	
 3.3086e+00	
 3.4513e+00	
 3.1986e+00	
 3.3725e+00	
 3.4749e+00	
 3.3018e+00	
 3.1719e+00	
 3.1711e+00	
 3.4149e+00	
 3.4382e+00	
 3.1780e+00	
 3.1864e+00	
 3.2577e+00	
 3.4264e+00	
 3.2704e+00	
 3.3597e+00	
 3.5523e+00	
 3.1104e+00	
 3.1933e+00	
 3.0138e+00	
 3.3458e+00	
 3.4276e+00	
 3.3744e+00	
 3.5239e+00	
 3.5203e+00	
 2.8531e+00	
 3.3070e+00	
 3.4095e+00	
 3.4503e+00	
 3.4612e+00	
 3.2065e+00	
 3.0509e+00	
 3.5011e+00	
 3.3718e+00	
 3.3925e+00	
 3.3582e+00	
 3.1462e+00	
 3.3841e+00	
 3.3092e+00	
 3.5010e+00	
 3.2294e+00	
 3.5062e+00	
 3.5608e+00	
 3.3251e+00	
 3.3743e+00	
 3.4890e+00	
 3.8133e+00	
 3.1133e+00	
 3.6759e+00	
 3.5645e+00	
 3.3178e+00	
 3.4658e+00	
 3.3058e+00	
 3.5021e+00	
 3.3091e+00	
 3.2108e+00	
 3.1535e+00	
 3.1150e+00	
 3.1618e+00	
 3.5801e+00	
 3.2595e+00	
 3.2723e+00	
 3.3961e+00	
 3.2193e+00	
 2.9934e+00	
 3.5582e+00	
 3.0985e+00	
 3.5693e+00	
 3.3893e+00	
 3.7412e+00	
 3.6028e+00	
 3.2858e+00	
 3.4836e+00	
 3.5570e+00	
 3.2246e+00	
 3.5884e+00	
 3.0987e+00	
 3.3193e+00	
 3.3532e+00	
 3.3613e+00	
 3.1692e+00	
 3.4699e+00	
 3.6214e+00	
 3.5274e+00	
 3.3913e+00	
 3.3823e+00	
 3.0679e+00	
 3.5006e+00	
 3.3389e+00	
 3.2120e+00	
 3.3466e+00	
 3.5367e+00	
 3.3491e+00	
 3.3059e+00	
 3.4849e+00	
 3.4359e+00	
 3.4744e+00	
 3.5590e+00	
 3.1739e+00	
 3.5429e+00	
 3.4796e+00	
 3.2498e+00	
 3.5465e+00	
 3.3575e+00	
 3.4843e+00	
 3.6902e+00	
 3.0320e+00	
 3.0454e+00	
 3.6037e+00	
 3.5881e+00	
 3.2432e+00	
 3.1985e+00	
 3.3010e+00	
 3.5104e+00	
 3.2898e+00	
 3.3467e+00	
 3.3603e+00	
 3.3431e+00	
 3.3748e+00	
 3.2946e+00	
 3.1979e+00	
 3.6257e+00	
 3.5283e+00	
 3.1575e+00	
 3.6997e+00	
 3.5701e+00	
 3.2269e+00	
 3.3140e+00	
 2.9446e+00	
 3.4755e+00	
 3.2386e+00	
 3.1215e+00	
 3.2718e+00	
 3.3289e+00	
 3.2526e+00	
 3.2834e+00	
 3.4834e+00	
 3.2254e+00	
 3.5676e+00	
 3.2181e+00	
 2.9714e+00	
 3.1399e+00	
 3.5411e+00	
 3.3758e+00	
 3.3524e+00	
 2.9995e+00	
 3.1501e+00	
 3.2169e+00	
 3.3610e+00	
 3.6645e+00	
 3.6966e+00	
 3.5824e+00	
 3.2853e+00	
 3.4018e+00	
 3.0419e+00	
 3.7613e+00	
 3.5770e+00	
 3.4542e+00	
 3.2793e+00	
 3.1977e+00	
 3.3859e+00	
 3.2639e+00	
 3.4915e+00	
 3.1035e+00	
 3.4721e+00	
 3.6800e+00	
 3.5085e+00	
 3.4623e+00	
 3.2650e+00	
 3.4129e+00	
 3.2027e+00	
 3.3770e+00	
 3.2447e+00	
 2.9683e+00	
 3.3275e+00	
 3.3022e+00	
 3.1377e+00	
 2.9289e+00	
 3.4076e+00	
 3.1752e+00	
 3.4740e+00	
 3.1320e+00	
 3.4745e+00	
 3.1441e+00	
 3.2139e+00	
 3.5579e+00	
 3.3268e+00	
 3.5997e+00	
 3.4781e+00	
 3.5027e+00	
 3.3103e+00	
 3.2453e+00	
 3.5198e+00	
 3.4351e+00	
 3.6441e+00	
 3.3923e+00	
 3.4264e+00	
 3.4188e+00	
 3.0940e+00	
 3.2426e+00	
 3.4188e+00	
 3.2588e+00	
 3.2462e+00	
 3.6037e+00	
 3.2350e+00	
 3.5941e+00	
 3.1758e+00	
 3.0094e+00	
 3.3911e+00	
 3.1462e+00	
 3.6608e+00	
 3.5722e+00	
 3.2709e+00	
 3.3622e+00	
 2.9790e+00	
 3.4638e+00	
 3.4466e+00	
 3.1953e+00	
 3.1135e+00	
 3.3483e+00	
 3.5370e+00	
 3.2201e+00	
 3.5500e+00	
 2.5941e+00	
 3.2812e+00	
 3.2747e+00	
 3.3535e+00	
 3.3157e+00	
 3.4908e+00	
 3.2406e+00	
 3.0526e+00	
 2.9012e+00	
 3.3951e+00	
 3.7142e+00	
 3.2325e+00	
 3.4987e+00	
 3.1408e+00	
 3.1725e+00	
 3.2035e+00	
 3.6772e+00	
 3.2854e+00	
 3.4065e+00	
 3.1242e+00	
 3.7970e+00	
 2.9715e+00	
 3.3675e+00	
 3.4124e+00	
 3.2416e+00	
 3.3039e+00	
 3.3125e+00	
 3.5477e+00	
 3.1661e+00	
 2.8443e+00	
 3.2801e+00	
 3.4750e+00	
 2.8810e+00	
 3.3105e+00	
 3.3921e+00	
 3.2087e+00	
 2.7796e+00	
 3.1254e+00	
 2.8141e+00	
 3.2078e+00	
 3.4040e+00	
 3.4869e+00	
 2.8247e+00	
 3.4499e+00	
 3.2517e+00	
 3.7286e+00	
 3.0517e+00	
 3.4945e+00	
 3.3697e+00	
 3.1356e+00	
 3.3724e+00	
 3.1337e+00	
 3.0334e+00	
 3.6237e+00	
 3.3350e+00	
 3.1576e+00	
 2.9821e+00	
 3.5974e+00	
 3.1325e+00	
 2.9413e+00	
 3.4053e+00	
 3.0671e+00	
 3.3304e+00	
 3.3331e+00	
 3.3004e+00	
 3.2761e+00	
 3.3110e+00	
 3.3442e+00	
 3.6760e+00	
 3.1725e+00	
 3.3467e+00	
 3.5007e+00	
 3.3986e+00	
 2.7429e+00	
 3.2962e+00	
 2.9480e+00	
 3.0663e+00	
 2.9393e+00	
 3.5686e+00	
 3.3973e+00	
 3.2587e+00	
 3.5625e+00	
 3.1560e+00	
 3.2386e+00	
 3.2062e+00	
 3.2833e+00	
 3.1393e+00	
 3.0661e+00	
 3.3965e+00	
 3.1431e+00	
 3.4392e+00	
 3.2753e+00	
 2.8846e+00	
 2.8680e+00	
 3.2926e+00	
 2.7548e+00	
 3.0165e+00	
 2.9953e+00	
 3.2798e+00	
 3.2628e+00	
 3.2891e+00	
 3.0639e+00	
 2.5961e+00	
 3.3450e+00	
 3.0567e+00	
 2.8298e+00	
 3.5304e+00	
 3.5651e+00	
 3.1724e+00	
 3.2798e+00	
 2.9495e+00	
 3.1334e+00	
 3.0395e+00	
 3.0162e+00	
 3.4858e+00	
 3.1381e+00	
 3.1470e+00	
 2.8504e+00	
 3.6753e+00	
 3.1386e+00	
 3.2272e+00	
 3.1554e+00	
 3.1320e+00	
 3.3236e+00	
 2.9718e+00	
 3.2996e+00	
 2.9262e+00	
 3.0609e+00	
 3.4167e+00	
 3.0573e+00	
 3.3024e+00	
 3.4263e+00	
 3.4074e+00	
 3.1228e+00	
 3.1111e+00	
 3.2773e+00	
 3.1748e+00	
 3.3477e+00	
 3.1498e+00	
 3.1108e+00	
 3.0735e+00	
 2.8409e+00	
 3.2654e+00	
 3.2792e+00	
 2.9520e+00	
 2.8583e+00	
 3.0834e+00	
 3.3122e+00	
 2.9548e+00	
 3.1302e+00	
 3.3428e+00	
 3.1084e+00	
 3.2076e+00	
 3.2853e+00	
 3.2601e+00	
 3.2220e+00	
 3.0697e+00	
 3.5556e+00	
 3.1768e+00	
 3.3985e+00	
 3.2312e+00	
 3.3072e+00	
 2.9584e+00	
 3.2196e+00	
 2.7414e+00	
 2.9846e+00	
 2.9014e+00	
 3.2808e+00	
 2.8782e+00	
 3.0972e+00	
 3.2783e+00	
 2.8443e+00	
 3.3451e+00	
 3.0768e+00	
 3.3757e+00	
 3.2722e+00	
 2.9715e+00	
 3.2137e+00	
 3.0282e+00	
 3.2429e+00	
 3.2502e+00	
 3.3046e+00	
 3.3857e+00	
 3.3783e+00	
 3.2299e+00	
 3.3703e+00	
 3.2799e+00	
 3.4416e+00	
 3.0197e+00	
 3.1757e+00	
 3.0326e+00	
 3.1378e+00	
 3.2963e+00	
 2.8367e+00	
 3.0627e+00	
 3.1761e+00	
 3.3314e+00	
 3.4901e+00	
 3.1489e+00	
 3.2057e+00	
 3.1930e+00	
 3.1187e+00	
 3.6298e+00	
 3.2959e+00	
 3.2736e+00	
 3.0307e+00	
 3.4022e+00	
 3.2963e+00	
 3.4337e+00	
 3.2368e+00	
 3.3063e+00	
 3.4303e+00	
 3.1233e+00	
 3.0918e+00	
 3.0972e+00	
 2.9833e+00	
 3.3462e+00	
 3.3562e+00	
 3.1292e+00	
 3.2421e+00	
 3.1626e+00	
 3.0473e+00	
 3.3031e+00	
 2.9030e+00	
 2.9036e+00	
 2.8257e+00	
 3.4454e+00	
 2.8704e+00	
 3.1552e+00	
 3.0737e+00	
 2.8077e+00	
 3.2631e+00	
 2.9355e+00	
 2.9361e+00	
 2.7302e+00	
 3.3142e+00	
 2.9222e+00	
 2.8329e+00	
 3.1329e+00	
 3.5421e+00	
 3.4611e+00	
 3.2343e+00	
 2.9815e+00	
 3.5677e+00	
 3.3562e+00	
 3.5075e+00	
 3.2426e+00	
 3.0005e+00	
 3.3445e+00	
 3.1594e+00	
 3.2319e+00	
 3.2396e+00	
 3.0385e+00	
 3.2555e+00	
 3.0117e+00	
 3.2543e+00	
 3.0631e+00	
 2.8055e+00	
 3.3177e+00	
 3.2168e+00	
 3.0851e+00	
 3.2588e+00	
 3.2607e+00	
 3.2319e+00	
 3.3093e+00	
 2.8877e+00	
 3.0641e+00	
 3.2356e+00	
 2.8500e+00	
 3.1105e+00	
 3.2139e+00	
 3.2076e+00	
 2.9403e+00	
 3.2649e+00	
 3.0263e+00	
 3.4254e+00	
 2.9896e+00	
 2.8667e+00	
 3.2188e+00	
 3.1386e+00	
 3.1896e+00	
 2.8961e+00	
 3.1319e+00	
 3.1989e+00	
 3.1705e+00	
 3.2426e+00	
 3.0039e+00	
 3.3659e+00	
 2.9820e+00	
 3.4954e+00	
 2.9595e+00	
 3.0230e+00	
 3.2884e+00	
 3.1640e+00	
 2.9544e+00	
 3.3413e+00	
 3.0183e+00	
 2.8564e+00	
 3.2140e+00	
 3.3923e+00	
 2.9530e+00	
 2.8922e+00	
 3.0354e+00	
 3.3146e+00	
 3.1563e+00	
 3.3048e+00	
 3.0082e+00	
 3.3636e+00	
 3.2055e+00	
 3.3679e+00	
 3.1203e+00	
 3.1669e+00	
 3.0239e+00	
 3.1912e+00	
 3.2701e+00	
 3.1208e+00	
 3.1565e+00	
 2.8299e+00	
 3.1790e+00	
 3.2353e+00	
 3.2898e+00	
 3.1999e+00	
 3.0121e+00	
 2.9804e+00	
 3.2291e+00	
 3.0056e+00	
 3.1351e+00	
 2.9927e+00	
 2.9295e+00	
 3.2035e+00	
 2.9093e+00	
 2.9967e+00	
 3.2493e+00	
 3.4959e+00	
 2.9963e+00	
 3.3473e+00	
 3.4218e+00	
 2.9596e+00	
 3.2126e+00	
 3.2774e+00	
 3.3293e+00	
 3.3149e+00	
 3.4637e+00	
 3.4215e+00	
 3.1730e+00	
 2.9288e+00	
 3.1116e+00	
 3.2929e+00	
 2.8600e+00	
 3.2391e+00	
 3.0820e+00	
 3.0759e+00	
 3.1983e+00	
 2.7867e+00	
 3.0594e+00	
 3.3358e+00	
 3.1281e+00	
 3.2881e+00	
 3.1850e+00	
 3.1427e+00	
 3.4916e+00	
 3.1609e+00	
 2.8916e+00	
 3.0483e+00	
 2.7511e+00	
 3.0582e+00	
 3.4172e+00	
 2.9182e+00	
 3.1589e+00	
 2.8900e+00	
 2.9586e+00	
 3.2203e+00	
 3.0575e+00	
 2.9818e+00	
 2.9179e+00	
 3.0759e+00	
 2.9801e+00	
 3.3991e+00	
 3.6656e+00	
 3.0002e+00	
 3.1126e+00	
 2.9730e+00	
 3.2685e+00	
 3.1628e+00	
 3.0047e+00	
 2.9536e+00	
 2.9388e+00	
 3.4827e+00	
 3.0916e+00	
 2.9811e+00	
 3.0220e+00	
 3.1160e+00	
 3.1476e+00	
 3.0870e+00	
 3.2534e+00	
 2.8587e+00	
 2.7035e+00	
 3.1891e+00	
 3.1301e+00	
 3.2735e+00	
 2.9737e+00	
 3.3524e+00	
 3.0424e+00	
 3.2703e+00	
 2.8200e+00	
 2.8788e+00	
 3.2206e+00	
 3.1814e+00	
 2.9990e+00	
 3.2892e+00	
 3.2396e+00	
 2.9426e+00	
 3.4807e+00	
 2.9729e+00	
 3.0115e+00	
 3.1814e+00	
 2.7552e+00	
 3.1275e+00	
 2.6956e+00	
 3.0753e+00	
 3.3237e+00	
 3.2810e+00	
 3.0892e+00	
 2.9050e+00	
 3.2455e+00	
 3.4877e+00	
 3.1009e+00	
 3.1322e+00	
 3.1625e+00	
 3.2617e+00	
 3.1219e+00	
 3.2733e+00	
 3.2841e+00	
 3.0342e+00	
 2.8469e+00	
 3.1809e+00	
 3.2042e+00	
 3.0516e+00	
 3.1692e+00	
 3.0202e+00	
 2.7996e+00	
 2.7886e+00	
 3.2248e+00	
 3.0236e+00	
 3.1450e+00	
 2.8961e+00	
 3.2300e+00	
 2.9796e+00	
 3.0231e+00	
 3.1931e+00	
 3.4209e+00	
 3.3490e+00	
 3.0198e+00	
 3.0226e+00	
 3.1563e+00	
 3.2488e+00	
 3.1350e+00	
 3.4591e+00	
 3.1026e+00	
 2.7835e+00	
 3.0443e+00	
 2.7791e+00	
 2.9690e+00	
 3.2312e+00	
 3.0633e+00	
 3.6251e+00	
 3.3570e+00	
 2.9147e+00	
 3.3374e+00	
 2.8909e+00	
 3.3404e+00	
 2.9236e+00	
 2.9127e+00	
 3.5536e+00	
 2.6451e+00	
 3.0702e+00	
 3.2776e+00	
 2.7093e+00	
 3.3554e+00	
 2.7808e+00	
 3.1299e+00	
 3.1137e+00	
 2.9861e+00	
 2.9085e+00	
 3.5400e+00	
 3.3199e+00	
 3.3423e+00	
 3.2003e+00	
 3.1620e+00	
 3.2650e+00	
 2.7750e+00	
 3.0708e+00	
 3.4927e+00	
 3.0348e+00	
 3.0381e+00	
 2.8868e+00	
 3.0948e+00	
 3.2436e+00	
 3.1183e+00	
 2.9244e+00	
 3.1548e+00	
 3.3052e+00	
 3.2384e+00	
 3.2774e+00	
 3.5892e+00	
 3.0184e+00	
 3.1460e+00	
 2.9891e+00	
 2.7136e+00	
 3.2454e+00	
 3.1505e+00	
 3.2731e+00	
 2.9214e+00	
 2.8651e+00	
 3.0029e+00	
 3.2011e+00	
 2.5467e+00	
 2.7474e+00	
 2.8707e+00	
 3.3219e+00	
 3.2198e+00	
 3.1859e+00	
 2.9553e+00	
 2.9326e+00	
 3.0644e+00	
 3.5606e+00	
 3.3003e+00	
 3.2405e+00	
 3.4232e+00	
 3.0252e+00	
 2.9713e+00	
 2.9010e+00	
 3.0674e+00	
 3.8118e+00	
 3.5433e+00	
 3.0198e+00	
 2.8934e+00	
 3.2050e+00	
 2.9752e+00	
 3.2986e+00	
 2.9967e+00	
 3.0025e+00	
 3.0055e+00	
 2.8871e+00	
 2.8831e+00	
 3.1850e+00	
 3.2741e+00	
 3.1410e+00	
 2.8516e+00	
 3.0649e+00	
 3.1871e+00	
 3.2961e+00	
 2.9490e+00	
 3.3174e+00	
 2.9623e+00	
 3.1086e+00	
 3.3932e+00	
 3.1091e+00	
 3.2759e+00	
 3.2973e+00	
 2.9463e+00	
 3.1681e+00	
 3.0459e+00	
 2.7767e+00	
 2.9457e+00	
 3.2838e+00	
 3.0481e+00	
 3.1620e+00	
 3.0824e+00	
 3.1626e+00	
 3.4326e+00	
 3.4216e+00	
 3.1094e+00	
 3.1944e+00	
 3.2172e+00	
 3.0140e+00	
 3.1937e+00	
 3.2124e+00	
 3.0011e+00	
 3.1239e+00	
 2.9931e+00	
 3.0796e+00	
 3.1693e+00	
 3.2870e+00	
 3.5905e+00	
 3.0063e+00	
 3.2057e+00	
 2.9834e+00	
 2.8913e+00	
 2.7664e+00	
 3.2752e+00	
 2.7312e+00	
 3.4768e+00	
 3.3850e+00	
 2.9623e+00	
 3.2904e+00	
 2.8761e+00	
 2.9509e+00	
 3.0480e+00	
 2.8584e+00	
 3.0272e+00	
 2.7951e+00	
 3.2872e+00	
 2.8983e+00	
 3.1781e+00	
 3.2919e+00	
 2.9745e+00	
 3.0113e+00	
 3.0385e+00	
 3.0928e+00	
 2.8828e+00	
 3.0332e+00	
 3.1951e+00	
 3.1717e+00	
 2.9025e+00	
 3.5083e+00	
 2.7598e+00	
 2.9421e+00	
 3.2410e+00	
 3.2805e+00	
 3.4365e+00	
 2.8688e+00	
 3.1449e+00	
 3.1970e+00	
 3.2773e+00	
 2.7668e+00	
 3.3680e+00	
 3.3277e+00	
 2.7937e+00	
 2.9482e+00	
 3.1989e+00	
 3.3200e+00	
 3.2871e+00	
 3.1035e+00	
 3.3565e+00	
 3.1625e+00	
 2.9251e+00	
 3.0443e+00	
 3.0426e+00	
 2.9488e+00	
 3.3118e+00	
 3.0151e+00	
 2.9286e+00	
 3.3850e+00	
 3.3248e+00	
 3.1298e+00	
 3.0601e+00	
 2.9894e+00	
 2.9952e+00	
 3.1585e+00	
 3.3320e+00	
 3.1671e+00	
 3.1558e+00	
 3.1714e+00	
 3.5189e+00	
 3.1429e+00	
 3.0830e+00	
 3.2346e+00	
 3.3416e+00	
 3.1021e+00	
 3.2872e+00	
 3.2453e+00	
 2.9725e+00	
 2.8151e+00	
 2.7364e+00	
 3.0228e+00	
 3.0945e+00	
 3.1634e+00	
 2.9144e+00	
 3.0968e+00	
 3.2998e+00	
 3.0547e+00	
 2.9846e+00	
 3.2040e+00	
 3.3586e+00	
 2.8418e+00	
 3.2303e+00	
 3.0143e+00	
 2.8580e+00	
 3.2191e+00	
 2.8292e+00	
 2.4794e+00	
 3.2769e+00	
 3.0580e+00	
 3.1510e+00	
 3.0193e+00	
 2.8809e+00	
 3.0376e+00	
 3.2083e+00	
 2.8596e+00	
 3.0173e+00	
 3.0758e+00	
 3.0014e+00	
 2.6188e+00	
 2.9440e+00	
 3.1525e+00	
 2.7691e+00	
 3.2864e+00	
 3.0827e+00	
 3.2828e+00	
 2.9775e+00	
 3.4739e+00	
 3.0200e+00	
 2.9555e+00	
 2.9214e+00	
 3.1692e+00	
 2.9399e+00	
 2.9397e+00	
 3.0572e+00	
 2.7276e+00	
 2.8491e+00	
 3.4006e+00	
 2.9631e+00	
 3.2290e+00	
 3.5538e+00	
 3.3645e+00	
 3.6290e+00	
 3.1756e+00	
 3.1769e+00	
 2.9687e+00	
 2.8589e+00	
 2.9202e+00	
 2.7844e+00	
 2.7870e+00	
 3.3849e+00	
 3.0427e+00	
 2.7926e+00	
 3.3055e+00	
 3.2043e+00	
 2.9365e+00	
 3.1447e+00	
 2.9064e+00	
 2.9669e+00	
 2.8714e+00	
 3.0112e+00	
 3.4405e+00	
 3.1246e+00	
 3.1622e+00	
 2.8440e+00	
 3.0424e+00	
 3.2147e+00	
 2.7813e+00	
 3.2374e+00	
 3.1310e+00	
 2.8118e+00	
 2.8195e+00	
 3.0143e+00	
 2.8773e+00	
 3.0516e+00	
 2.8119e+00	
 3.5171e+00	
 3.5925e+00	
 3.0685e+00	
 3.0358e+00	
 2.8800e+00	
 3.1238e+00	
 2.8120e+00	
 3.2470e+00	
 3.3219e+00	
 3.0995e+00	
 3.4118e+00	
 3.2224e+00	
 3.1472e+00	
 2.7805e+00	
 2.9801e+00	
 3.0338e+00	
 2.8926e+00	
 3.2817e+00	
 3.1626e+00	
 3.0980e+00	
 3.2995e+00	
 2.9323e+00	
 2.9829e+00	
 3.0546e+00	
 2.4441e+00	
 2.9745e+00	
 3.3356e+00	
 3.5779e+00	
 2.9535e+00	
 3.0278e+00	
 3.1537e+00	
 3.0714e+00	
 3.1125e+00	
 3.0884e+00	
 3.1942e+00	
 3.4526e+00	
 2.8464e+00	
 2.9298e+00	
 3.2313e+00	
 3.0008e+00	
 3.0841e+00	
 3.2098e+00	
 3.2943e+00	
 3.0548e+00	
 3.2616e+00	
 3.2990e+00	
 3.3537e+00	
 3.1995e+00	
 2.9915e+00	
 3.3268e+00	
 2.8230e+00	
 2.8713e+00	
 3.0619e+00	
 3.3597e+00	
 3.1967e+00	
 3.3622e+00	
 2.9551e+00	
 3.1232e+00	
 3.2377e+00	
 2.9948e+00	
 3.4096e+00	
 2.9618e+00	
 2.7795e+00	
 2.9329e+00	
 2.9820e+00	
 3.3328e+00	
 3.2735e+00	
 3.0912e+00	
 3.2235e+00	
 3.6317e+00	
 3.3201e+00	
 3.7855e+00	
 3.4164e+00	
 3.0284e+00	
 2.9542e+00	
 3.2236e+00	
 2.9621e+00	
 2.7885e+00	
 3.1136e+00	
 3.0379e+00	
 2.8913e+00	
 2.8703e+00	
 2.9682e+00	
 2.9213e+00	
 3.2883e+00	
 3.2218e+00	
 2.7527e+00	
 3.2165e+00	
 3.3107e+00	
 3.4065e+00	
 3.1051e+00	
 3.2720e+00	
 3.0187e+00	
 3.3818e+00	
 2.9116e+00	
 3.1821e+00	
 3.1825e+00	
 3.2747e+00	
 3.1045e+00	
 3.1261e+00	
 3.2339e+00	
 3.0091e+00	
 3.3307e+00	
 2.7711e+00	
 3.1031e+00	
 3.3648e+00	
 2.9321e+00	
 3.4160e+00	
 2.9689e+00	
 3.0554e+00	
 2.9090e+00	
 3.3833e+00	
 2.8342e+00	
 3.1248e+00	
 3.0948e+00	
 2.9062e+00	
 3.1493e+00	
 3.0867e+00	
 3.1593e+00	
 2.8362e+00	
 3.1106e+00	
 3.2113e+00	
 3.0709e+00	
 3.2544e+00	
 3.1879e+00	
 2.8360e+00	
 2.8937e+00	
 3.2646e+00	
 3.3567e+00	
 3.0696e+00	
 3.4405e+00	
 3.4087e+00	
 3.0899e+00	
 3.1898e+00	
 3.0053e+00	
 3.5478e+00	
 2.9822e+00	
 2.6631e+00	
 3.2288e+00	
 3.5374e+00	
 3.0706e+00	
 3.4045e+00	
 3.1210e+00	
 3.1985e+00	
 3.1344e+00	
 2.6710e+00	
 2.9407e+00	
 3.1243e+00	
 3.0997e+00	
 3.1456e+00	
 3.3963e+00	
 3.1907e+00	
 3.1548e+00	
 2.8496e+00	
 3.4056e+00	
 3.1846e+00	
 3.0361e+00	
 3.0432e+00	
 2.9841e+00	
 2.9588e+00	
 3.3197e+00	
 3.0242e+00	
 2.8603e+00	
 2.9653e+00	
 2.9571e+00	
 3.0881e+00	
 3.1620e+00	
 2.9791e+00	
 2.8202e+00	
 3.1859e+00	
 2.9405e+00	
 3.3801e+00	
 3.3511e+00	
 2.9418e+00	
 2.7931e+00	
 3.2652e+00	
 2.8140e+00	
 3.1464e+00	
 2.9137e+00	
 3.1177e+00	
 2.9974e+00	
 2.9115e+00	
 2.9765e+00	
 2.9884e+00	
 3.1659e+00	
 3.0039e+00	
 3.3575e+00	
 3.0138e+00	
 3.3662e+00	
 2.8785e+00	
 3.1371e+00	
 3.3224e+00	
 3.1588e+00	
 2.9297e+00	
 2.9951e+00	
 3.1024e+00	
 3.3359e+00	
 3.6082e+00	
 2.8618e+00	
 3.0450e+00	
 2.8145e+00	
 2.9526e+00	
 3.1736e+00	
 2.9616e+00	
 3.2576e+00	
 2.9946e+00	
 3.4362e+00	
 3.0118e+00	
 2.9590e+00	
 2.9443e+00	
 3.1867e+00	
 2.9332e+00	
 3.1740e+00	
 2.9863e+00	
 2.8242e+00	
 3.1306e+00	
 2.6588e+00	
 3.3315e+00	
 3.1576e+00	
 2.8748e+00	
 3.0845e+00	
 3.0460e+00	
 3.3905e+00	
 2.7878e+00	
 2.7568e+00	
 3.4269e+00	
 3.2261e+00	
 2.5840e+00	
 3.0421e+00	
 2.8162e+00	
 2.9786e+00	
 2.7165e+00	
 3.8695e+00	
 3.4503e+00	
 3.3105e+00	
 2.7446e+00	
 2.8268e+00	
 2.8783e+00	
 3.1443e+00	
 3.1068e+00	
 3.2389e+00	
 2.9113e+00	
 2.9047e+00	
 3.1346e+00	
 2.8530e+00	
 3.3403e+00	
 3.0615e+00	
 3.0932e+00	
 2.8972e+00	
 3.1212e+00	
 3.3454e+00	
 2.9816e+00	
 3.1163e+00	
 3.0648e+00	
 3.2333e+00	
 3.1603e+00	
 2.9495e+00	
 2.8200e+00	
 2.6436e+00	
 2.7431e+00	
 3.1051e+00	
 3.5128e+00	
 3.5145e+00	
 3.0661e+00	
 3.0206e+00	
 3.4578e+00	
 3.2798e+00	
 3.4615e+00	
 2.6358e+00	
 2.7795e+00	
 3.1573e+00	
 3.0271e+00	
 3.0358e+00	
 3.0199e+00	
 3.2325e+00	
 3.0533e+00	
 2.9955e+00	
 3.5142e+00	
 3.2901e+00	
 3.0493e+00	
 2.8764e+00	
 3.0669e+00	
 3.3358e+00	
 3.0567e+00	
 3.4176e+00	
 3.3951e+00	
 2.9622e+00	
 2.9294e+00	
 2.8334e+00	
 2.9197e+00	
 3.2584e+00	
 2.8991e+00	
 2.7896e+00	
 2.6784e+00	
 3.2190e+00	
 3.0456e+00	
 3.0001e+00	
 3.4322e+00	
 3.1385e+00	
 3.2511e+00	
 2.7682e+00	
 3.4843e+00	
 2.8376e+00	
 3.1991e+00	
 2.8027e+00	
 2.9574e+00	
 2.5831e+00	
 3.3391e+00	
 2.9549e+00	
 2.8316e+00	
 2.8263e+00	
 2.8866e+00	
 2.9414e+00	
 2.8959e+00	
 3.3944e+00	
 3.4322e+00	
 2.9817e+00	
 3.0121e+00	
 3.0770e+00	
 3.2867e+00	
 2.7623e+00	
 3.0594e+00	
 2.4134e+00	
 2.8324e+00	
 3.1318e+00	
 3.0016e+00	
 3.2458e+00	
 2.9105e+00	
 2.9531e+00	
 3.3411e+00	
 3.1416e+00	
 2.9414e+00	
 3.0260e+00	
 2.9309e+00	
 3.3302e+00	
 2.6967e+00	
 3.1869e+00	
 2.6513e+00	
 3.0885e+00	
 3.1286e+00	
 2.8756e+00	
 2.8983e+00	
 2.8789e+00	
 3.0677e+00	
 2.7806e+00	
 3.3213e+00	
 2.9467e+00	
 3.1092e+00	
 3.3798e+00	
 3.0521e+00	
 3.0001e+00	
 3.2455e+00	
 2.6781e+00	
 3.4593e+00	
 3.1730e+00	
 3.0537e+00	
 2.7368e+00	
 2.7938e+00	
 2.9137e+00	
 2.8883e+00	
 3.1544e+00	
 3.0413e+00	
 3.2535e+00	
 3.2350e+00	
 3.2897e+00	
 3.1136e+00	
 3.0148e+00	
 3.3570e+00	
 2.8196e+00	
 3.3766e+00	
 3.0606e+00	
 3.0175e+00	
 3.1201e+00	
 3.3433e+00	
 2.8045e+00	
 3.2167e+00	
 3.2889e+00	
 3.1251e+00	
 2.8842e+00	
 2.9087e+00	
 3.0193e+00	
 3.2098e+00	
 3.3605e+00	
 3.0645e+00	
 2.9207e+00	
 2.8282e+00	
 3.0634e+00	
 3.1526e+00	
 2.8965e+00	
 2.8829e+00	
 3.3020e+00	
 3.3113e+00	
 3.0022e+00	
 2.7370e+00	
 3.1581e+00	
 3.4865e+00	
 3.2881e+00	
 2.6525e+00	
 2.8513e+00	
 3.3306e+00	
 2.7121e+00	
 3.2132e+00	
 2.6406e+00	
 3.0179e+00	
 2.8674e+00	
 3.0477e+00	
 3.0767e+00	
 3.2065e+00	
 2.8045e+00	
 3.0865e+00	
 2.8863e+00	
 3.1449e+00	
 2.9382e+00	
 3.1315e+00	
 3.1841e+00	
 2.9306e+00	
 3.0920e+00	
 2.8337e+00	
 3.3899e+00	
 3.2155e+00	
 3.1533e+00	
 2.7130e+00	
 2.8751e+00	
 2.9039e+00	
 2.7958e+00	
 2.8973e+00	
 3.0157e+00	
 2.9694e+00	
 3.3127e+00	
 3.1210e+00	
 3.0892e+00	
 3.1521e+00	
 3.0102e+00	
 3.0764e+00	
 3.1905e+00	
 3.0170e+00	
 3.2588e+00	
 2.8797e+00	
 2.7973e+00	
 3.1220e+00	
 3.1243e+00	
 3.3613e+00	
 3.0102e+00	
 2.9918e+00	
 3.1847e+00	
 3.1596e+00	
 2.7951e+00	
 3.0263e+00	
 3.0869e+00	
 2.8529e+00	
 2.5543e+00	
 3.0133e+00	
 3.2304e+00	
 2.8750e+00	
 3.0180e+00	
 2.7766e+00	
 3.0523e+00	
 2.6962e+00	
 3.0379e+00	
 3.3553e+00	
 3.0503e+00	
 2.7825e+00	
 2.5887e+00	
 3.3794e+00	
 3.0954e+00	
 3.1001e+00	
 2.8369e+00	
 3.4242e+00	
 3.0734e+00	
 2.9929e+00	
 3.2448e+00	
 3.1437e+00	
 2.8187e+00	
 2.7004e+00	
 3.3582e+00	
 2.6543e+00	
 2.9524e+00	
 2.7108e+00	
 3.1247e+00	
 2.8918e+00	
 3.2641e+00	
 3.1135e+00	
 3.2754e+00	
 3.1953e+00	
 2.7071e+00	
 3.3561e+00	
 2.6867e+00	
 3.1109e+00	
 2.7128e+00	
 2.7813e+00	
 3.1280e+00	
 2.9025e+00	
 2.9325e+00	
 3.0478e+00	
 2.9405e+00	
 2.6436e+00	
 3.0328e+00	
 2.9228e+00	
 2.7418e+00	
 3.1651e+00	
 3.2780e+00	
 3.0739e+00	
 2.9430e+00	
 2.8856e+00	
 3.2517e+00	
 2.8037e+00	
 3.4066e+00	
 2.9227e+00	
 3.2627e+00	
 2.5509e+00	
 3.2874e+00	
 3.2660e+00	
 2.8012e+00	
 2.9828e+00	
 3.0462e+00	
 2.7694e+00	
 2.6696e+00	
 3.2665e+00	
 2.9577e+00	
 2.6454e+00	
 2.9517e+00	
 3.3452e+00	
 2.9130e+00	
 3.0062e+00	
 3.3337e+00	
 2.9754e+00	
 3.2295e+00	
 3.3053e+00	
 2.8479e+00	
 2.9530e+00	
 2.9671e+00	
 3.1665e+00	
 2.9128e+00	
 2.7055e+00	
 2.4114e+00	
 2.9949e+00	
 3.2400e+00	
 2.7688e+00	
 3.1554e+00	
 2.7983e+00	
 2.6786e+00	
 3.0174e+00	
 2.9209e+00	
 2.8066e+00	
 2.6910e+00	
 2.7597e+00	
 2.8984e+00	
 2.7049e+00	
 2.6414e+00	
 3.1140e+00	
 2.7785e+00	
 2.9592e+00	
 2.8102e+00	
 2.3907e+00	
 2.6358e+00	
 2.7562e+00	
 2.7615e+00	
 2.4183e+00	
 3.5012e+00	
 3.1265e+00	
 2.7479e+00	
 3.2915e+00	
 3.0306e+00	
 2.6626e+00	
 2.7770e+00	
 2.9418e+00	
 2.7686e+00	
 2.8754e+00	
 2.7443e+00	
 2.4974e+00	
 2.8280e+00	
 3.2280e+00	
 3.0614e+00	
 2.7534e+00	
 3.0464e+00	
 2.5732e+00	
 2.9597e+00	
 2.6419e+00	
 2.8827e+00	
 2.8299e+00	
 2.8296e+00	
 2.8186e+00	
 2.4047e+00	
 2.3569e+00	
 2.7392e+00	
 2.9363e+00	
 3.0136e+00	
 2.6128e+00	
 3.3643e+00	
 2.7983e+00	
 2.7637e+00	
 2.6626e+00	
 2.7603e+00	
 2.9752e+00	
 3.0408e+00	
 2.7078e+00	
 3.0941e+00	
 2.9546e+00	
 2.7753e+00	
 2.5883e+00	
 3.1294e+00	
 2.6661e+00	
 3.0816e+00	
 3.3686e+00	
 3.0725e+00	
 2.8145e+00	
 2.8422e+00	
 2.8353e+00	
 2.9570e+00	
 2.6991e+00	
 2.7929e+00	
 3.2550e+00	
 2.8141e+00	
 2.7621e+00	
 3.1392e+00	
 2.7468e+00	
 2.8296e+00	
 2.9352e+00	
 3.0263e+00	
 2.9742e+00	
 2.8829e+00	
 2.9256e+00	
 2.5740e+00	
 3.2340e+00	
 3.0472e+00	
 2.7085e+00	
 2.8568e+00	
 2.7141e+00	
 2.6261e+00	
 3.0144e+00	
 3.1919e+00	
 3.0023e+00	
 3.1280e+00	
 2.7999e+00	
 2.6687e+00	
 3.1061e+00	
 2.6702e+00	
 3.5112e+00	
 3.0108e+00	
 3.0985e+00	
 2.8391e+00	
 2.7050e+00	
 3.0252e+00	
 3.1591e+00	
 3.0441e+00	
 2.7107e+00	
 2.9395e+00	
 2.8470e+00	
 2.6679e+00	
 2.9737e+00	
 3.0032e+00	
 2.8192e+00	
 2.6681e+00	
 3.1295e+00	
 2.7952e+00	
 3.2612e+00	
 3.1764e+00	
 2.9389e+00	
 2.9193e+00	
 3.0368e+00	
 2.7637e+00	
 2.9602e+00	
 2.8735e+00	
 2.4947e+00	
 2.9151e+00	
 2.6928e+00	
 2.8327e+00	
 2.9595e+00	
 3.1217e+00	
 2.8390e+00	
 2.6835e+00	
 2.8764e+00	
 2.9103e+00	
 2.8569e+00	
 2.7675e+00	
 2.9091e+00	
 2.7808e+00	
 2.8869e+00	
 2.8164e+00	
 3.0962e+00	
 2.9646e+00	
 2.8179e+00	
 2.9029e+00	
 3.3297e+00	
 3.5846e+00	
 2.6693e+00	
 2.9532e+00	
 2.8637e+00	
 2.7384e+00	
 2.6819e+00	
 2.5612e+00	
 3.0864e+00	
 2.7084e+00	
 2.8022e+00	
 2.8296e+00	
 2.5490e+00	
 3.0351e+00	
 2.7692e+00	
 2.5361e+00	
 3.2822e+00	
 2.7038e+00	
 3.0979e+00	
 2.7967e+00	
 3.3802e+00	
 2.9982e+00	
 2.9720e+00	
 2.9032e+00	
 2.5495e+00	
 2.5809e+00	
 2.8113e+00	
 3.1531e+00	
 2.5771e+00	
 3.0374e+00	
 3.0544e+00	
 2.8951e+00	
 2.9880e+00	
 2.7856e+00	
 2.7342e+00	
 2.5045e+00	
 2.7748e+00	
 2.3493e+00	
 2.6706e+00	
 3.0013e+00	
 2.7816e+00	
 2.7282e+00	
 3.1165e+00	
 2.3450e+00	
 2.9223e+00	
 2.8611e+00	
 2.7096e+00	
 2.4468e+00	
 2.8503e+00	
 3.5328e+00	
 2.9842e+00	
 2.9632e+00	
 3.0413e+00	
 3.0830e+00	
 3.0318e+00	
 2.8032e+00	
 2.8210e+00	
 2.8957e+00	
 3.0144e+00	
 2.8649e+00	
 2.9489e+00	
 2.9191e+00	
 2.9724e+00	
 2.9372e+00	
 2.9185e+00	
 2.6400e+00	
 2.5580e+00	
 2.4666e+00	
 2.9483e+00	
 2.9971e+00	
 2.6447e+00	
 2.6539e+00	
 2.8722e+00	
 3.0023e+00	
 2.8341e+00	
 2.9875e+00	
 2.6583e+00	
 3.2720e+00	
 2.6538e+00	
 3.5235e+00	
 3.1647e+00	
 3.1916e+00	
 2.7870e+00	
 3.1753e+00	
 2.7535e+00	
 3.2271e+00	
 3.0928e+00	
 2.7772e+00	
 3.2344e+00	
 2.8745e+00	
 2.7972e+00	
 2.8505e+00	
 2.8871e+00	
 2.7847e+00	
 2.8687e+00	
 2.9740e+00	
 3.1542e+00	
 2.7827e+00	
 2.7223e+00	
 3.0959e+00	
 2.7720e+00	
 2.5889e+00	
 3.0686e+00	
 2.8150e+00	
 2.8506e+00	
 2.7259e+00	
 2.8733e+00	
 2.7384e+00	
 2.6451e+00	
 2.6101e+00	
 3.0966e+00	
 3.0408e+00	
 2.9298e+00	
 2.6301e+00	
 3.0569e+00	
 3.1794e+00	
 2.7914e+00	
 2.7514e+00	
 3.1437e+00	
 2.9800e+00	
 3.1858e+00	
 2.6990e+00	
 2.9184e+00	
 2.9148e+00	
 2.9604e+00	
 2.9571e+00	
 2.8841e+00	
 2.4521e+00	
 2.6260e+00	
 2.6105e+00	
 2.7123e+00	
 2.9423e+00	
 2.9676e+00	
 2.7400e+00	
 2.8390e+00	
 3.1078e+00	
 2.5906e+00	
 2.9352e+00	
 2.7093e+00	
 2.7601e+00	
 2.7093e+00	
 2.6443e+00	
 3.2361e+00	
 2.8930e+00	
 3.0311e+00	
 2.9978e+00	
 3.1139e+00	
 2.9055e+00	
 2.7518e+00	
 2.5434e+00	
 3.0972e+00	
 2.6155e+00	
 2.7506e+00	
 2.6642e+00	
 3.0362e+00	
 3.3190e+00	
 2.6869e+00	
 2.7727e+00	
 2.7510e+00	
 2.8834e+00	
 3.2932e+00	
 2.8148e+00	
 2.8321e+00	
 3.2053e+00	
 2.9769e+00	
 2.5870e+00	
 3.1202e+00	
 2.8754e+00	
 2.9255e+00	
 2.6878e+00	
 2.9210e+00	
 2.7519e+00	
 2.7790e+00	
 2.5875e+00	
 3.1437e+00	
 2.8282e+00	
 2.8859e+00	
 3.0686e+00	
 2.7034e+00	
 2.7948e+00	
 2.8110e+00	
 2.6768e+00	
 2.8123e+00	
 2.8537e+00	
 2.9270e+00	
 2.6461e+00	
 3.1023e+00	
 3.0638e+00	
 2.9298e+00	
 3.0562e+00	
 2.7970e+00	
 3.0803e+00	
 2.8823e+00	
 2.6747e+00	
 2.8226e+00	
 2.7257e+00	
 2.6451e+00	
 2.6387e+00	
 3.0797e+00	
 2.9633e+00	
 2.7802e+00	
 2.9537e+00	
 2.6162e+00	
 2.8708e+00	
 2.9043e+00	
 2.8082e+00	
 2.9150e+00	
 2.8947e+00	
 2.7855e+00	
 2.5763e+00	
 2.9512e+00	
 2.7374e+00	
 2.9269e+00	
 2.8875e+00	
 2.9478e+00	
 2.8084e+00	
 2.7248e+00	
 2.4960e+00	
 2.7552e+00	
 3.2575e+00	
 2.8493e+00	
 2.9809e+00	
 2.3750e+00	
 2.8429e+00	
 2.8765e+00	
 2.7642e+00	
 2.8331e+00	
 3.0405e+00	
 2.9588e+00	
 2.6039e+00	
 2.7997e+00	
 3.2608e+00	
 2.9753e+00	
 2.8048e+00	
 2.8713e+00	
 2.8519e+00	
 3.1840e+00	
 3.0107e+00	
 2.9035e+00	
 2.6339e+00	
 2.7951e+00	
 2.8342e+00	
 2.4239e+00	
 2.6113e+00	
 2.8585e+00	
 2.7404e+00	
 2.9875e+00	
 2.5501e+00	
 3.1692e+00	
 2.9370e+00	
 2.6906e+00	
 2.8464e+00	
 2.5043e+00	
 2.8058e+00	
 3.1790e+00	
 2.8973e+00	
 2.8196e+00	
 2.9834e+00	
 3.0585e+00	
 2.8173e+00	
 2.8301e+00	
 2.7774e+00	
 3.0428e+00	
 2.9970e+00	
 3.2788e+00	
 3.1088e+00	
 2.7790e+00	
 2.7532e+00	
 2.7161e+00	
 2.8289e+00	
 2.8568e+00	
 2.6054e+00	
 2.4876e+00	
 2.8376e+00	
 2.6712e+00	
 2.7282e+00	
 2.8443e+00	
 2.8170e+00	
 3.0946e+00	
 2.7204e+00	
 3.2358e+00	
 3.2086e+00	
 2.7007e+00	
 3.1415e+00	
 2.4483e+00	
 2.6796e+00	
 2.8916e+00	
 2.8619e+00	
 2.7296e+00	
 3.1787e+00	
 3.1710e+00	
 2.9986e+00	
 2.8261e+00	
 2.8862e+00	
 3.0356e+00	
 2.5425e+00	
 2.8580e+00	
 2.7072e+00	
 3.1022e+00	
 3.0671e+00	
 2.5259e+00	
 2.3894e+00	
 2.9501e+00	
 2.5237e+00	
 2.7782e+00	
 2.8637e+00	
 2.5123e+00	
 3.0360e+00	
 3.1266e+00	
 2.6004e+00	
 2.8135e+00	
 2.5684e+00	
 2.9692e+00	
 2.8712e+00	
 2.5640e+00	
 2.9814e+00	
 2.6980e+00	
 3.1699e+00	
 2.8162e+00	
 3.2121e+00	
 2.8708e+00	
 2.8465e+00	
 2.6833e+00	
 2.9051e+00	
 2.5615e+00	
 2.8427e+00	
 2.6862e+00	
 2.9972e+00	
 2.9946e+00	
 2.9736e+00	
 3.0841e+00	
 2.9461e+00	
 3.0196e+00	
 2.6795e+00	
 2.9211e+00	
 2.5439e+00	
 3.0691e+00	
 2.9335e+00	
 2.9024e+00	
 3.2238e+00	
 3.4109e+00	
 2.5365e+00	
 2.9526e+00	
 2.5508e+00	
 2.8778e+00	
 2.9518e+00	
 3.2354e+00	
 2.9921e+00	
 2.7361e+00	
 2.3457e+00	
 2.8628e+00	
 2.6565e+00	
 2.9879e+00	
 2.4962e+00	
 3.0790e+00	
 2.6106e+00	
 2.9644e+00	
 2.9719e+00	
 3.1183e+00	
 2.9851e+00	
 3.0514e+00	
 2.9764e+00	
 2.5829e+00	
 3.3033e+00	
 2.8632e+00	
 2.8314e+00	
 3.0236e+00	
 3.0962e+00	
 2.8696e+00	
 3.1682e+00	
 3.2478e+00	
 2.7660e+00	
 3.3235e+00	
 3.3199e+00	
 2.6116e+00	
 3.0358e+00	
 2.6004e+00	
 2.6504e+00	
 2.6667e+00	
 2.5971e+00	
 2.8420e+00	
 3.0955e+00	
 2.7818e+00	
 3.0900e+00	
 2.6165e+00	
 2.4528e+00	
 2.6118e+00	
 2.6639e+00	
 2.9792e+00	
 2.7142e+00	
 2.6625e+00	
 3.3345e+00	
 2.7359e+00	
 2.7082e+00	
 3.2218e+00	
 2.8112e+00	
 2.8232e+00	
 2.8980e+00	
 2.9244e+00	
 2.8126e+00	
 2.7915e+00	
 2.8989e+00	
 2.7560e+00	
 2.8350e+00	
 2.3806e+00	
 2.6679e+00	
 2.9655e+00	
 2.9855e+00	
 2.8920e+00	
 2.9433e+00	
 2.9599e+00	
 2.7572e+00	
 2.7607e+00	
 2.5920e+00	
 2.3644e+00	
 2.5306e+00	
 2.9268e+00	
 3.0931e+00	
 2.9333e+00	
 2.8338e+00	
 3.0618e+00	
 2.8284e+00	
 2.5789e+00	
 3.1697e+00	
 3.1787e+00	
 3.0744e+00	
 3.2601e+00	
 3.0595e+00	
 3.0500e+00	
 3.0361e+00	
 2.4413e+00	
 2.7314e+00	
 2.8724e+00	
 2.8445e+00	
 2.4285e+00	
 2.7849e+00	
 2.6893e+00	
 2.5738e+00	
 2.6722e+00	
 2.9948e+00	
 3.0208e+00	
 2.9289e+00	
 2.5609e+00	
 2.4172e+00	
 2.6850e+00	
 2.8442e+00	
 2.9724e+00	
 2.9613e+00	
 2.9581e+00	
 3.1662e+00	
 3.1189e+00	
 2.5176e+00	
 2.7857e+00	
 2.8075e+00	
 2.4242e+00	
 2.8319e+00	
 2.5082e+00	
 2.9502e+00	
 3.0187e+00	
 2.7658e+00	
 3.0782e+00	
 3.6993e+00	
 2.5139e+00	
 3.0640e+00	
 2.9120e+00	
 2.8373e+00	
 2.6556e+00	
 2.5259e+00	
 3.2676e+00	
 2.8588e+00	
 3.1368e+00	
 2.4572e+00	
 3.0795e+00	
 2.9619e+00	
 3.1164e+00	
 2.8717e+00	
 3.1404e+00	
 2.9341e+00	
 2.7069e+00	
 2.7839e+00	
 2.7011e+00	
 2.8510e+00	
 3.3096e+00	
 3.0557e+00	
 2.8455e+00	
 3.1446e+00	
 2.6615e+00	
 2.5596e+00	
 2.5539e+00	
 2.4907e+00	
 2.6717e+00	
 2.4720e+00	
 2.6329e+00	
 2.9556e+00	
 2.7532e+00	
 2.8094e+00	
 2.7333e+00	
 2.7894e+00	
 2.6153e+00	
 2.8531e+00	
 2.9055e+00	
 2.7643e+00	
 2.8112e+00	
 3.3496e+00	
 2.5056e+00	
 3.0769e+00	
 3.3835e+00	
 2.8357e+00	
 2.6346e+00	
 3.2588e+00	
 2.5579e+00	
 3.2765e+00	
 2.6543e+00	
 2.9316e+00	
 2.6127e+00	
 2.8860e+00	
 2.9651e+00	
 2.9143e+00	
 2.7024e+00	
 3.0787e+00	
 2.3850e+00	
 2.6187e+00	
 2.7175e+00	
 2.7300e+00	
 2.7340e+00	
 3.1315e+00	
 3.0763e+00	
 3.4410e+00	
 2.7817e+00	
 2.7165e+00	
 3.1588e+00	
 3.0285e+00	
 2.9714e+00	
 3.0940e+00	
 2.9511e+00	
 2.6646e+00	
 3.0742e+00	
 2.7328e+00	
 3.1217e+00	
 2.7604e+00	
 3.1877e+00	
 2.9045e+00	
 2.5641e+00	
 2.7140e+00	
 3.0769e+00	
 2.8303e+00	
 3.0689e+00	
 2.6014e+00	
 3.0354e+00	
 3.0071e+00	
 3.0493e+00	
 3.0976e+00	
 2.9867e+00	
 3.0108e+00	
 2.5207e+00	
 2.7476e+00	
 2.3451e+00	
 2.6258e+00	
 3.0628e+00	
 2.9721e+00	
 2.7012e+00	
 2.8478e+00	
 2.5556e+00	
 2.7904e+00	
 2.8239e+00	
 2.7717e+00	
 2.9644e+00	
 2.3743e+00	
 3.2035e+00	
 2.6151e+00	
 2.3718e+00	
 3.3581e+00	
 2.6685e+00	
 2.5583e+00	
 2.9186e+00	
 3.1333e+00	
 2.8445e+00	
 2.4920e+00	
 2.9311e+00	
 2.6809e+00	
 2.6409e+00	
 2.8986e+00	
 2.9011e+00	
 2.7223e+00	
 2.5265e+00	
 2.9681e+00	
 3.1095e+00	
 2.6912e+00	
 3.0488e+00	
 2.8824e+00	
 3.4228e+00	
 2.5769e+00	
 2.9617e+00	
 2.7643e+00	
 2.6703e+00	
 2.8451e+00	
 2.9123e+00	
 2.8792e+00	
 3.0196e+00	
 2.8843e+00	
 2.5380e+00	
 2.9437e+00	
 3.1419e+00	
 2.6344e+00	
 2.6893e+00	
 2.9052e+00	
 2.6506e+00	
 2.5653e+00	
 2.7260e+00	
 3.1411e+00	
 2.6231e+00	
 2.5735e+00	
 3.0348e+00	
 2.7528e+00	
 2.8431e+00	
 2.5877e+00	
 3.1610e+00	
 3.4706e+00	
 2.8570e+00	
 2.4483e+00	
 2.7318e+00	
 3.0772e+00	
 2.9243e+00	
 3.0352e+00	
 2.8129e+00	
 2.7383e+00	
 2.6275e+00	
 3.0283e+00	
 2.5904e+00	
 3.0951e+00	
 2.4735e+00	
 2.4006e+00	
 2.3669e+00	
 2.8047e+00	
 3.0191e+00	
 2.8785e+00	
 2.9993e+00	
 2.3090e+00	
 2.8311e+00	
 3.2075e+00	
 3.0384e+00	
 2.5163e+00	
 2.9741e+00	
 2.8291e+00	
 2.6570e+00	
 2.8517e+00	
 2.3897e+00	
 2.8044e+00	
 3.2786e+00	
 2.3582e+00	
 2.7170e+00	
 2.7415e+00	
 2.9344e+00	
 2.4428e+00	
 2.8258e+00	
 3.2765e+00	
 3.0083e+00	
 2.7126e+00	
 2.4663e+00	
 2.8409e+00	
 3.0247e+00	
 2.6820e+00	
 2.8899e+00	
 2.7646e+00	
 3.1737e+00	
 3.0614e+00	
 3.1931e+00	
 2.6246e+00	
 2.8595e+00	
 2.9309e+00	
 2.9166e+00	
 3.0611e+00	
 2.9471e+00	
 3.0427e+00	
 2.7477e+00	
 2.5811e+00	
 2.5591e+00	
 2.6158e+00	
 2.9165e+00	
 3.2397e+00	
 3.1305e+00	
 2.6911e+00	
 2.8706e+00	
 2.9433e+00	
 3.1936e+00	
 2.8491e+00	
 3.1390e+00	
 2.9277e+00	
 3.0480e+00	
 2.6399e+00	
 2.8082e+00	
 3.0160e+00	
 2.4304e+00	
 2.3343e+00	
 2.6731e+00	
 3.0319e+00	
 2.8464e+00	
 2.6866e+00	
 3.1032e+00	
 2.9833e+00	
 2.9544e+00	
 2.7396e+00	
 2.4519e+00	
 2.8375e+00	
 2.6357e+00	
 3.0370e+00	
 2.8114e+00	
 2.6107e+00	
 3.1942e+00	
 2.6947e+00	
 2.7652e+00	
 2.8447e+00	
 2.8459e+00	
 2.6441e+00	
 2.5946e+00	
 2.9041e+00	
 2.7794e+00	
 2.9006e+00	
 2.7728e+00	
 2.7532e+00	
 2.7352e+00	
 2.5748e+00	
 3.1027e+00	
 2.7009e+00	
 2.7262e+00	
 2.4888e+00	
 2.8930e+00	
 3.1194e+00	
 2.7635e+00	
 3.4861e+00	
 2.8845e+00	
 2.8269e+00	
 2.6075e+00	
 3.1544e+00	
 2.8871e+00	
 2.8469e+00	
 3.3403e+00	
 2.6212e+00	
 2.8955e+00	
 2.5639e+00	
 2.7466e+00	
 2.9124e+00	
 2.6982e+00	
 3.1907e+00	
 3.1403e+00	
 2.8283e+00	
 2.6701e+00	
 2.8485e+00	
 2.8423e+00	
 2.8160e+00	
 2.9604e+00	
 2.7537e+00	
 2.5760e+00	
 2.7891e+00	
 2.6234e+00	
 3.0294e+00	
 2.8956e+00	
 2.6359e+00	
 2.7623e+00	
 3.3009e+00	
 3.0144e+00	
 3.0701e+00	
 2.6790e+00	
 2.4081e+00	
 2.5414e+00	
 2.6929e+00	
 3.0798e+00	
 2.8199e+00	
 2.9224e+00	
 3.0076e+00	
 2.8265e+00	
 3.1105e+00	
 2.9345e+00	
 2.4927e+00	
 2.8932e+00	
 2.8549e+00	
 2.4776e+00	
 2.6769e+00	
 3.1604e+00	
 3.1191e+00	
 3.1165e+00	
 3.2737e+00	
 3.2136e+00	
 2.6351e+00	
 2.5699e+00	
 2.6760e+00	
 2.5075e+00	
 2.6207e+00	
 2.5783e+00	
 3.2464e+00	
 2.5907e+00	
 2.7355e+00	
 2.5634e+00	
 2.9090e+00	
 2.7065e+00	
 2.5223e+00	
 3.0709e+00	
 2.3837e+00	
 2.6814e+00	
 2.8249e+00	
 2.9225e+00	
 2.8525e+00	
 2.9630e+00	
 2.9358e+00	
 2.6683e+00	
 2.6978e+00	
 3.0469e+00	
 2.9796e+00	
 2.4906e+00	
 3.1508e+00	
 2.5704e+00	
 2.5077e+00	
 2.5754e+00	
 3.0060e+00	
 2.8027e+00	
 2.5079e+00	
 2.5409e+00	
 2.7757e+00	
 2.9094e+00	
 2.9726e+00	
 2.5945e+00	
 2.9071e+00	
 3.0131e+00	
 2.8037e+00	
 2.7589e+00	
 2.8387e+00	
 2.6767e+00	
 2.7716e+00	
 2.3559e+00	
 2.9127e+00	
 2.8467e+00	
 2.3307e+00	
 2.5428e+00	
 3.1588e+00	
 3.0023e+00	
 2.8245e+00	
 2.8677e+00	
 2.9418e+00	
 2.9160e+00	
 2.7809e+00	
 2.8948e+00	
 3.0168e+00	
 2.8713e+00	
 2.9063e+00	
 2.7613e+00	
 2.5212e+00	
 2.4170e+00	
 2.8643e+00	
 2.5401e+00	
 2.9945e+00	
 2.7937e+00	
 3.0510e+00	
 2.8372e+00	
 2.6015e+00	
 2.5462e+00	
 2.5345e+00	
 2.5372e+00	
 2.8986e+00	
 2.9461e+00	
 2.9663e+00	
 2.8306e+00	
 2.5717e+00	
 2.6667e+00	
 3.0610e+00	
 2.8625e+00	
 3.1262e+00	
 2.9530e+00	
 2.8447e+00	
 2.9718e+00	
 2.6131e+00	
 3.1012e+00	
 2.6919e+00	
 3.1947e+00	
 2.5603e+00	
 2.6042e+00	
 2.7956e+00	
 3.2093e+00	
 2.8335e+00	
 2.3932e+00	
 2.9845e+00	
 2.8755e+00	
 2.7522e+00	
 3.0517e+00	
 2.8388e+00	
 2.6908e+00	
 2.2005e+00	
 3.0313e+00	
 2.7248e+00	
 2.3122e+00	
 2.7910e+00	
 2.9696e+00	
 2.9174e+00	
 2.8668e+00	
 3.0553e+00	
 2.8286e+00	
 3.1308e+00	
 2.4859e+00	
 2.5531e+00	
 2.6535e+00	
 2.8664e+00	
 2.7553e+00	
 2.7873e+00	
 2.6703e+00	
 2.7530e+00	
 2.8494e+00	
 2.9769e+00	
 2.8757e+00	
 2.9141e+00	
 2.8322e+00	
 2.7268e+00	
 3.0067e+00	
 2.9435e+00	
 2.8876e+00	
 2.9845e+00	
 2.6639e+00	
 3.3636e+00	
 2.7237e+00	
 2.9699e+00	
 2.8634e+00	
 3.0256e+00	
 2.6995e+00	
 3.0553e+00	
 2.4058e+00	
 2.9530e+00	
 3.0489e+00	
 2.5987e+00	
 3.2175e+00	
 3.0639e+00	
 2.4992e+00	
 2.7425e+00	
 2.7477e+00	
 2.7913e+00	
 3.0676e+00	
 2.8711e+00	
 2.5832e+00	
 2.7672e+00	
 2.6211e+00	
 3.0213e+00	
 2.5793e+00	
 2.7402e+00	
 2.9571e+00	
 3.0385e+00	
 2.4511e+00	
 2.7968e+00	
 2.7381e+00	
 3.3082e+00	
 3.0988e+00	
 3.2407e+00	
 3.0012e+00	
 3.1039e+00	
 2.9721e+00	
 3.0832e+00	
 2.6269e+00	
 2.9804e+00	
 2.6688e+00	
 2.7249e+00	
 2.8140e+00	
 2.7182e+00	
 2.7254e+00	
 3.0850e+00	
 2.7373e+00	
 3.2009e+00	
 3.0391e+00	
 2.7351e+00	
 2.6312e+00	
 2.5189e+00	
 2.6378e+00	
 2.7570e+00	
 2.8065e+00	
 3.0127e+00	
 2.4698e+00	
 3.1005e+00	
 2.6616e+00	
 2.4114e+00	
 2.8242e+00	
 2.7077e+00	
 2.6038e+00	
 3.0034e+00	
 2.8302e+00	
 2.8243e+00	
 2.5640e+00	
 2.8744e+00	
 2.7261e+00	
 2.9965e+00	
 2.9755e+00	
 2.4133e+00	
 2.6264e+00	
 2.7058e+00	
 3.0435e+00	
 2.5698e+00	
 2.8769e+00	
 3.0986e+00	
 2.7788e+00	
 2.8552e+00	
 2.9893e+00	
 2.5410e+00	
 2.7814e+00	
 2.9911e+00	
 2.8997e+00	
 2.7383e+00	
 2.9066e+00	
 2.6286e+00	
 3.1374e+00	
 3.1614e+00	
 3.0409e+00	
 2.7187e+00	
 2.5219e+00	
 2.5419e+00	
 2.9333e+00	
 3.0150e+00	
 2.5047e+00	
 3.1910e+00	
 3.2121e+00	
 2.9086e+00	
 2.5580e+00	
 2.9113e+00	
 2.8612e+00	
 2.5787e+00	
 2.8470e+00	
 2.7728e+00	
 2.8557e+00	
 2.7820e+00	
 2.6549e+00	
 2.9241e+00	
 2.5571e+00	
 2.8880e+00	
 2.5119e+00	
 3.2089e+00	
 2.3096e+00	
 2.6199e+00	
 2.9816e+00	
 3.0414e+00	
 3.1002e+00	
 3.1214e+00	
 2.7765e+00	
 2.6948e+00	
 2.6014e+00	
 2.2802e+00	
 3.1007e+00	
 3.1069e+00	
 2.7708e+00	
 2.9602e+00	
 2.9214e+00	
 2.5067e+00	
 2.8276e+00	
 2.8826e+00	
 2.3651e+00	
 2.5627e+00	
 3.2529e+00	
 2.7879e+00	
 2.4895e+00	
 2.9767e+00	
 3.1070e+00	
 2.9102e+00	
 2.4366e+00	
 3.0518e+00	
 3.0028e+00	
 2.9596e+00	
 2.5017e+00	
 2.6335e+00	
 2.5666e+00	
 2.6859e+00	
 2.1256e+00	
 2.5235e+00	
 2.6754e+00	
 2.4379e+00	
 2.6359e+00	
 2.6781e+00	
 3.4076e+00	
 2.8008e+00	
 2.5280e+00	
 2.7227e+00	
 2.6077e+00	
 2.4401e+00	
 2.4601e+00	
 2.2282e+00	
 2.2839e+00	
 2.8397e+00	
 2.5925e+00	
 2.8565e+00	
 2.5526e+00	
 2.7538e+00	
 2.5803e+00	
 2.5781e+00	
 2.5925e+00	
 2.5263e+00	
 2.7494e+00	
 2.0682e+00	
 2.8919e+00	
 2.2775e+00	
 2.2962e+00	
 3.1369e+00	
 2.8968e+00	
 2.5387e+00	
 2.9695e+00	
 2.3866e+00	
 2.1201e+00	
 2.4364e+00	
 2.6467e+00	
 2.2553e+00	
 2.2873e+00	
 2.4758e+00	
 2.6000e+00	
 2.7193e+00	
 2.6812e+00	
 2.5975e+00	
 2.2644e+00	
 2.5213e+00	
 2.9554e+00	
 2.8094e+00	
 2.6751e+00	
 2.7181e+00	
 2.4776e+00	
 2.7763e+00	
 2.7289e+00	
 2.3642e+00	
 2.9326e+00	
 2.9306e+00	
 1.9473e+00	
 2.5378e+00	
 2.5086e+00	
 2.3070e+00	
 2.5626e+00	
 2.4460e+00	
 2.6722e+00	
 2.4782e+00	
 2.5707e+00	
 2.8494e+00	
 2.8290e+00	
 2.8034e+00	
 2.8781e+00	
 2.5018e+00	
 2.6753e+00	
 2.4901e+00	
 2.5978e+00	
 2.8107e+00	
 2.3083e+00	
 2.2844e+00	
 2.8207e+00	
 2.2117e+00	
 2.2614e+00	
 2.6716e+00	
 2.9893e+00	
 2.6156e+00	
 2.5623e+00	
 2.7273e+00	
 2.9462e+00	
 2.6013e+00	
 2.9394e+00	
 2.6176e+00	
 2.5190e+00	
 2.6913e+00	
 2.6039e+00	
 2.6215e+00	
 2.5860e+00	
 2.5085e+00	
 2.5902e+00	
 2.3768e+00	
 2.7304e+00	
 2.5181e+00	
 2.3515e+00	
 2.7503e+00	
 2.5786e+00	
 2.6055e+00	
 2.2464e+00	
 2.6849e+00	
 2.2468e+00	
 2.8638e+00	
 2.1207e+00	
 2.7049e+00	
 2.1299e+00	
 2.6034e+00	
 2.4659e+00	
 2.0011e+00	
 2.1458e+00	
 3.0009e+00	
 2.6557e+00	
 2.7363e+00	
 2.5314e+00	
 2.3863e+00	
 2.4038e+00	
 2.1887e+00	
 2.4348e+00	
 2.4303e+00	
 2.4170e+00	
 2.3140e+00	
 2.5922e+00	
 2.4772e+00	
 2.7269e+00	
 2.7359e+00	
 2.4796e+00	
 2.6219e+00	
 2.8444e+00	
 2.6828e+00	
 2.3919e+00	
 2.7211e+00	
 2.7642e+00	
 2.5520e+00	
 2.7570e+00	
 2.7066e+00	
 2.3017e+00	
 2.5400e+00	
 3.0156e+00	
 2.2264e+00	
 2.5767e+00	
 2.6876e+00	
 2.8429e+00	
 2.5067e+00	
 2.5224e+00	
 2.7066e+00	
 2.9558e+00	
 2.7765e+00	
 2.6791e+00	
 2.6766e+00	
 2.4822e+00	
 2.6446e+00	
 3.1096e+00	
 2.9065e+00	
 2.5562e+00	
 2.6977e+00	
 2.6528e+00	
 2.4134e+00	
 2.2735e+00	
 2.8101e+00	
 2.9486e+00	
 2.3939e+00	
 2.5640e+00	
 2.7400e+00	
 2.4129e+00	
 2.4344e+00	
 2.2900e+00	
 2.7664e+00	
 2.3013e+00	
 2.9452e+00	
 2.4708e+00	
 2.6544e+00	
 2.3341e+00	
 2.6569e+00	
 2.5139e+00	
 2.7100e+00	
 2.4248e+00	
 2.8615e+00	
 2.8542e+00	
 2.5328e+00	
 2.8707e+00	
 2.3621e+00	
 2.6290e+00	
 2.7156e+00	
 2.7074e+00	
 2.3057e+00	
 2.4102e+00	
 2.6388e+00	
 2.3095e+00	
 2.8750e+00	
 2.6136e+00	
 2.6997e+00	
 2.6713e+00	
 2.5365e+00	
 2.7987e+00	
 2.4086e+00	
 2.5816e+00	
 3.0511e+00	
 2.3330e+00	
 2.5797e+00	
 2.4041e+00	
 2.6777e+00	
 2.4883e+00	
 2.7872e+00	
 2.3628e+00	
 2.4703e+00	
 2.5292e+00	
 2.9801e+00	
 2.8949e+00	
 2.8706e+00	
 2.9680e+00	
 2.9041e+00	
 2.3852e+00	
 2.5041e+00	
 2.9208e+00	
 2.3024e+00	
 2.3964e+00	
 2.3758e+00	
 2.4992e+00	
 2.8742e+00	
 3.1210e+00	
 2.4868e+00	
 2.2522e+00	
 2.8576e+00	
 2.5854e+00	
 2.7321e+00	
 2.5231e+00	
 2.7731e+00	
 2.1935e+00	
 2.7192e+00	
 2.8338e+00	
 2.8350e+00	
 1.9414e+00	
 2.7196e+00	
 2.2914e+00	
 2.5780e+00	
 2.4539e+00	
 2.7177e+00	
 2.7485e+00	
 2.5577e+00	
 2.8702e+00	
 2.5114e+00	
 2.2667e+00	
 2.5656e+00	
 2.7104e+00	
 2.9915e+00	
 2.5002e+00	
 2.7033e+00	
 2.8124e+00	
 3.0688e+00	
 2.5107e+00	
 2.6301e+00	
 2.6235e+00	
 2.6199e+00	
 2.7747e+00	
 2.6193e+00	
 2.6397e+00	
 2.1820e+00	
 2.9062e+00	
 3.0213e+00	
 2.4427e+00	
 2.2679e+00	
 2.4784e+00	
 2.7783e+00	
 2.7342e+00	
 2.7918e+00	
 2.8112e+00	
 2.4579e+00	
 2.3361e+00	
 2.4784e+00	
 2.6780e+00	
 2.5546e+00	
 2.5249e+00	
 2.5549e+00	
 2.4206e+00	
 2.2477e+00	
 2.5519e+00	
 2.8341e+00	
 2.6091e+00	
 2.6155e+00	
 2.4305e+00	
 2.6920e+00	
 2.4566e+00	
 2.2843e+00	
 2.5632e+00	
 2.8856e+00	
 2.5738e+00	
 2.7310e+00	
 2.4759e+00	
 2.9275e+00	
 2.6930e+00	
 2.4365e+00	
 2.3506e+00	
 2.6105e+00	
 2.5874e+00	
 2.7048e+00	
 2.6952e+00	
 2.7226e+00	
 2.4309e+00	
 2.6629e+00	
 2.7067e+00	
 3.1393e+00	
 2.4868e+00	
 2.5568e+00	
 2.4751e+00	
 2.7605e+00	
 2.5840e+00	
 2.5442e+00	
 2.7864e+00	
 2.8209e+00	
 2.2037e+00	
 2.5158e+00	
 2.3866e+00	
 3.0169e+00	
 2.6992e+00	
 2.8095e+00	
 2.5359e+00	
 2.4588e+00	
 2.4630e+00	
 2.6176e+00	
 2.7382e+00	
 2.6200e+00	
 2.5177e+00	
 2.7108e+00	
 2.3211e+00	
 2.6719e+00	
 2.9829e+00	
 2.9918e+00	
 2.5918e+00	
 2.7917e+00	
 2.8206e+00	
 2.4672e+00	
 2.3829e+00	
 2.3857e+00	
 2.9157e+00	
 2.8405e+00	
 2.2300e+00	
 2.4643e+00	
 2.4269e+00	
 2.5638e+00	
 2.9492e+00	
 2.6286e+00	
 2.8599e+00	
 2.7331e+00	
 2.4624e+00	
 2.6700e+00	
 2.3949e+00	
 2.5679e+00	
 2.6612e+00	
 2.3346e+00	
 2.2733e+00	
 2.7343e+00	
 2.4651e+00	
 2.6913e+00	
 2.7723e+00	
 2.6261e+00	
 2.2202e+00	
 2.9579e+00	
 2.5555e+00	
 2.8540e+00	
 3.0305e+00	
 2.3967e+00	
 2.5835e+00	
 2.6144e+00	
 2.3437e+00	
 2.6046e+00	
 2.7637e+00	
 2.2717e+00	
 2.4331e+00	
 2.7629e+00	
 3.0873e+00	
 2.9171e+00	
 2.1329e+00	
 2.7723e+00	
 2.3897e+00	
 2.1624e+00	
 2.3141e+00	
 2.1959e+00	
 2.7738e+00	
 2.7297e+00	
 3.0143e+00	
 2.3798e+00	
 2.6089e+00	
 2.4801e+00	
 2.5103e+00	
 2.7293e+00	
 2.5606e+00	
 2.3822e+00	
 2.9792e+00	
 2.4953e+00	
 2.6963e+00	
 2.6447e+00	
 2.5340e+00	
 2.4675e+00	
 2.4963e+00	
 2.7273e+00	
 2.6896e+00	
 2.6037e+00	
 2.4900e+00	
 2.3626e+00	
 2.6746e+00	
 2.1999e+00	
 2.9064e+00	
 2.6673e+00	
 2.3365e+00	
 2.4097e+00	
 2.8197e+00	
 2.7405e+00	
 2.7013e+00	
 2.3008e+00	
 2.4054e+00	
 2.6127e+00	
 2.4689e+00	
 2.8320e+00	
 2.4425e+00	
 2.5896e+00	
 2.6514e+00	
 2.4543e+00	
 3.0429e+00	
 2.3960e+00	
 2.9311e+00	
 2.6483e+00	
 2.5227e+00	
 2.9020e+00	
 2.9388e+00	
 2.8059e+00	
 2.6645e+00	
 2.5277e+00	
 2.5553e+00	
 2.1187e+00	
 2.7209e+00	
 2.7085e+00	
 2.7595e+00	
 3.1585e+00	
 2.3851e+00	
 2.7922e+00	
 2.5412e+00	
 2.8020e+00	
 2.6733e+00	
 2.6518e+00	
 2.5321e+00	
 2.7717e+00	
 2.4806e+00	
 2.6262e+00	
 2.5606e+00	
 2.3448e+00	
 2.7124e+00	
 2.6298e+00	
 2.1267e+00	
 2.8562e+00	
 2.8365e+00	
 2.6207e+00	
 2.5656e+00	
 2.9668e+00	
 2.3664e+00	
 2.7096e+00	
 2.4983e+00	
 2.7915e+00	
 2.7023e+00	
 2.8698e+00	
 2.6317e+00	
 2.2870e+00	
 2.6508e+00	
 2.8738e+00	
 2.2099e+00	
 2.5328e+00	
 2.4167e+00	
 2.7943e+00	
 2.7474e+00	
 2.3647e+00	
 2.6577e+00	
 2.6943e+00	
 2.6241e+00	
 2.7276e+00	
 2.6722e+00	
 2.5900e+00	
 2.7079e+00	
 2.7445e+00	
 2.5451e+00	
 2.4216e+00	
 2.6786e+00	
 2.8616e+00	
 2.6194e+00	
 2.5927e+00	
 3.2970e+00	
 2.9675e+00	
 2.6978e+00	
 2.6686e+00	
 2.3412e+00	
 2.4741e+00	
 2.6675e+00	
 2.4624e+00	
 3.1487e+00	
 2.8053e+00	
 2.5818e+00	
 2.7768e+00	
 2.4384e+00	
 2.6901e+00	
 2.1383e+00	
 2.6985e+00	
 2.2199e+00	
 2.7362e+00	
 2.8676e+00	
 2.4883e+00	
 2.4297e+00	
 2.6880e+00	
 2.1827e+00	
 2.9839e+00	
 2.9582e+00	
 2.9432e+00	
 2.2902e+00	
 2.8231e+00	
 2.5863e+00	
 2.4436e+00	
 2.6499e+00	
 2.6772e+00	
 2.2851e+00	
 2.7702e+00	
 2.7445e+00	
 2.7230e+00	
 2.6979e+00	
 2.4663e+00	
 2.2089e+00	
 2.6133e+00	
 2.4072e+00	
 2.7748e+00	
 2.4380e+00	
 2.6785e+00	
 2.7382e+00	
 2.5408e+00	
 2.7363e+00	
 2.7313e+00	
 2.4741e+00	
 3.0946e+00	
 2.8700e+00	
 2.2505e+00	
 2.3988e+00	
 2.4496e+00	
 2.5685e+00	
 2.8612e+00	
 2.4281e+00	
 2.5228e+00	
 2.5818e+00	
 2.9015e+00	
 2.6477e+00	
 2.4694e+00	
 2.8644e+00	
 2.5600e+00	
 2.5771e+00	
 2.6279e+00	
 2.4376e+00	
 2.7832e+00	
 2.7870e+00	
 2.6325e+00	
 2.3557e+00	
 2.3396e+00	
 2.4430e+00	
 2.9558e+00	
 2.8569e+00	
 2.7209e+00	
 2.5704e+00	
 2.2930e+00	
 2.9492e+00	
 2.7073e+00	
 2.3306e+00	
 2.7004e+00	
 2.5315e+00	
 2.4772e+00	
 2.4464e+00	
 2.5956e+00	
 2.6766e+00	
 2.3234e+00	
 2.4862e+00	
 2.2018e+00	
 2.6611e+00	
 2.7144e+00	
 2.5275e+00	
 2.2298e+00	
 2.7803e+00	
 2.4770e+00	
 2.7765e+00	
 2.5973e+00	
 2.8449e+00	
 2.3897e+00	
 2.9823e+00	
 2.2883e+00	
 2.8547e+00	
 2.4450e+00	
 2.8062e+00	
 2.8031e+00	
 2.3243e+00	
 2.5029e+00	
 2.7605e+00	
 2.7296e+00	
 3.0320e+00	
 2.9059e+00	
 2.9137e+00	
 3.1039e+00	
 2.9315e+00	
 2.5743e+00	
 2.1853e+00	
 2.9001e+00	
 2.5294e+00	
 2.8090e+00	
 2.4399e+00	
 2.8839e+00	
 2.7507e+00	
 2.5274e+00	
 2.8821e+00	
 2.8997e+00	
 2.2845e+00	
 2.7157e+00	
 2.5651e+00	
 2.3123e+00	
 2.7556e+00	
 2.7093e+00	
 2.6037e+00	
 2.5224e+00	
 2.6013e+00	
 2.6244e+00	
 2.7969e+00	
 2.3920e+00	
 2.7174e+00	
 2.8658e+00	
 2.3720e+00	
 2.5169e+00	
 2.9707e+00	
 2.7254e+00	
 2.7663e+00	
 2.3391e+00	
 2.6973e+00	
 2.8327e+00	
 2.2940e+00	
 2.2276e+00	
 2.7608e+00	
 2.4015e+00	
 2.4754e+00	
 2.7094e+00	
 2.7223e+00	
 2.8879e+00	
 2.4863e+00	
 2.6982e+00	
 2.6343e+00	
 2.6033e+00	
 2.9264e+00	
 2.4992e+00	
 2.2224e+00	
 2.9845e+00	
 2.5345e+00	
 2.8463e+00	
 2.8689e+00	
 2.7401e+00	
 2.9442e+00	
 2.6202e+00	
 2.6155e+00	
 2.5434e+00	
 2.3094e+00	
 2.3051e+00	
 2.7921e+00	
 2.6967e+00	
 2.4247e+00	
 2.5461e+00	
 2.7403e+00	
 2.4184e+00	
 2.5458e+00	
 2.4781e+00	
 2.4382e+00	
 2.4540e+00	
 2.7227e+00	
 2.5630e+00	
 2.1953e+00	
 2.1961e+00	
 2.9352e+00	
 2.8071e+00	
 2.4558e+00	
 2.7271e+00	
 2.9018e+00	
 2.3776e+00	
 2.7357e+00	
 2.8493e+00	
 2.6179e+00	
 2.5603e+00	
 2.4302e+00	
 2.1561e+00	
 2.5424e+00	
 2.5711e+00	
 2.4460e+00	
 2.6174e+00	
 2.6036e+00	
 2.6081e+00	
 2.6466e+00	
 2.9247e+00	
 2.6055e+00	
 2.6684e+00	
 2.2853e+00	
 2.6605e+00	
 2.6873e+00	
 2.2150e+00	
 2.2544e+00	
 2.7945e+00	
 3.0820e+00	
 2.5756e+00	
 2.6987e+00	
 2.7751e+00	
 2.8262e+00	
 2.7179e+00	
 2.8557e+00	
 2.4826e+00	
 2.5682e+00	
 2.6587e+00	
 2.7627e+00	
 2.6445e+00	
 2.5622e+00	
 2.9014e+00	
 2.6368e+00	
 2.4561e+00	
 2.4277e+00	
 2.3390e+00	
 2.3756e+00	
 2.2740e+00	
 2.5514e+00	
 2.4668e+00	
 2.3370e+00	
 2.8935e+00	
 2.6832e+00	
 2.7320e+00	
 2.5798e+00	
 2.9765e+00	
 2.5737e+00	
 2.6717e+00	
 2.4811e+00	
 2.9435e+00	
 2.3348e+00	
 2.7230e+00	
 2.3534e+00	
 2.6596e+00	
 2.3709e+00	
 2.5433e+00	
 2.4685e+00	
 2.6534e+00	
 2.9944e+00	
 2.4098e+00	
 2.2822e+00	
 2.3507e+00	
 2.2435e+00	
 2.4005e+00	
 2.5135e+00	
 2.5067e+00	
 2.0019e+00	
 2.5759e+00	
 2.4130e+00	
 3.0579e+00	
 2.5473e+00	
 2.3344e+00	
 3.0263e+00	
 2.6873e+00	
 3.1281e+00	
 2.9902e+00	
 2.3838e+00	
 2.6238e+00	
 2.3616e+00	
 2.7081e+00	
 2.9900e+00	
 2.7209e+00	
 2.4684e+00	
 3.0783e+00	
 2.4472e+00	
 2.6704e+00	
 2.7939e+00	
 2.9937e+00	
 2.9958e+00	
 2.6880e+00	
 2.8309e+00	
 2.8036e+00	
 2.7051e+00	
 2.3247e+00	
 2.6828e+00	
 2.3276e+00	
 2.4766e+00	
 2.5850e+00	
 2.5667e+00	
 2.7268e+00	
 2.2761e+00	
 2.8644e+00	
 2.5021e+00	
 2.5375e+00	
 2.1503e+00	
 2.6153e+00	
 2.1098e+00	
 2.4283e+00	
 3.0545e+00	
 2.5078e+00	
 2.4068e+00	
 2.5269e+00	
 2.3668e+00	
 2.6613e+00	
 2.4528e+00	
 2.2891e+00	
 2.7349e+00	
 2.5657e+00	
 2.7778e+00	
 2.7720e+00	
 2.4626e+00	
 2.4037e+00	
 2.3631e+00	
 2.7139e+00	
 2.4214e+00	
 2.4788e+00	
 2.6240e+00	
 3.3522e+00	
 3.1933e+00	
 2.6589e+00	
 2.2030e+00	
 2.3616e+00	
 2.7932e+00	
 2.7666e+00	
 2.3686e+00	
 2.5970e+00	
 2.4564e+00	
 2.4644e+00	
 2.4626e+00	
 2.9372e+00	
 2.6278e+00	
 2.5907e+00	
 2.5021e+00	
 2.2164e+00	
 2.6153e+00	
 2.5929e+00	
 2.3033e+00	
 1.9719e+00	
 2.5556e+00	
 2.5692e+00	
 2.5855e+00	
 2.2156e+00	
 2.4739e+00	
 2.8364e+00	
 2.4936e+00	
 2.5595e+00	
 2.7025e+00	
 2.5103e+00	
 2.2898e+00	
 3.0723e+00	
 3.0183e+00	
 2.9370e+00	
 2.7786e+00	
 2.5922e+00	
 2.4386e+00	
 2.4174e+00	
 3.3129e+00	
 2.6452e+00	
 2.6952e+00	
 2.2203e+00	
 2.4720e+00	
 2.3984e+00	
 2.6416e+00	
 2.4911e+00	
 2.3728e+00	
 2.5263e+00	
 2.6982e+00	
 2.3863e+00	
 2.5066e+00	
 2.5776e+00	
 2.3647e+00	
 2.3748e+00	
 2.3850e+00	
 2.6555e+00	
 2.2096e+00	
 2.7285e+00	
 2.7736e+00	
 2.5522e+00	
 2.8416e+00	
 2.6164e+00	
 2.7644e+00	
 2.5423e+00	
 2.5175e+00	
 2.4070e+00	
 2.1060e+00	
 2.8493e+00	
 2.7684e+00	
 2.0925e+00	
 2.5491e+00	
 2.3056e+00	
 2.5952e+00	
 2.9870e+00	
 2.5044e+00	
 2.4063e+00	
 2.7312e+00	
 2.7163e+00	
 2.4495e+00	
 2.0674e+00	
 2.9700e+00	
 2.6079e+00	
 2.5303e+00	
 2.5632e+00	
 3.2316e+00	
 2.5381e+00	
 2.5305e+00	
 2.2193e+00	
 2.5691e+00	
 2.2409e+00	
 2.6361e+00	
 2.5273e+00	
 2.5797e+00	
 2.8360e+00	
 2.7940e+00	
 2.3674e+00	
 2.5209e+00	
 2.2620e+00	
 2.6394e+00	
 2.3052e+00	
 2.6139e+00	
 2.3955e+00	
 2.9404e+00	
 2.9590e+00	
 3.0552e+00	
 2.7464e+00	
 1.9512e+00	
 2.3814e+00	
 2.5576e+00	
 2.9355e+00	
 2.5193e+00	
 2.7644e+00	
 2.1719e+00	
 2.7281e+00	
 2.4169e+00	
 2.5805e+00	
 2.6759e+00	
 2.7534e+00	
 2.7656e+00	
 2.5291e+00	
 2.7276e+00	
 2.4085e+00	
 2.7527e+00	
 2.1156e+00	
 2.5433e+00	
 2.7510e+00	
 2.5174e+00	
 2.4123e+00	
 2.7199e+00	
 2.5325e+00	
 2.3276e+00	
 2.6645e+00	
 2.7372e+00	
 2.4702e+00	
 2.6340e+00	
 2.2094e+00	
 2.3714e+00	
 2.7071e+00	
 2.6544e+00	
 2.4119e+00	
 2.5148e+00	
 2.3128e+00	
 2.6067e+00	
 2.3633e+00	
 2.3035e+00	
 2.7302e+00	
 2.3817e+00	
 3.2215e+00	
 2.9380e+00	
 2.8140e+00	
 2.7112e+00	
 2.5514e+00	
 2.3159e+00	
 2.5210e+00	
 2.6859e+00	
 2.5222e+00	
 2.7278e+00	
 2.9524e+00	
 2.4312e+00	
 2.8553e+00	
 2.5189e+00	
 2.7259e+00	
 2.4300e+00	
 2.4997e+00	
 2.4417e+00	
 2.9700e+00	
 2.6589e+00	
 2.8888e+00	
 2.8471e+00	
 2.2331e+00	
 2.2583e+00	
 2.5608e+00	
 2.7090e+00	
 2.2459e+00	
 2.6880e+00	
 2.5633e+00	
 2.3816e+00	
 2.5541e+00	
 2.6521e+00	
 2.4076e+00	
 2.5461e+00	
 2.4202e+00	
 2.8095e+00	
 2.3968e+00	
 2.8602e+00	
 2.5146e+00	
 2.3888e+00	
 2.6248e+00	
 2.5543e+00	
 2.4085e+00	
 2.6049e+00	
 2.6143e+00	
 2.6473e+00	
 2.6754e+00	
 2.4295e+00	
 2.4090e+00	
 2.4487e+00	
 2.3335e+00	
 2.6041e+00	
 2.4927e+00	
 2.7831e+00	
 2.4806e+00	
 2.5246e+00	
 2.9718e+00	
 2.4337e+00	
 2.5841e+00	
 2.4964e+00	
 2.3479e+00	
 2.3242e+00	
 2.5034e+00	
 2.7053e+00	
 2.8255e+00	
 2.6649e+00	
 2.4521e+00	
 2.5585e+00	
 2.8516e+00	
 2.4065e+00	
 2.8355e+00	
 2.4585e+00	
 2.4828e+00	
 2.5799e+00	
 2.5366e+00	
 2.5321e+00	
 2.7321e+00	
 2.5183e+00	
 3.0784e+00	
 2.8171e+00	
 2.5667e+00	
 2.7392e+00	
 2.7447e+00	
 2.4176e+00	
 2.6124e+00	
 2.4792e+00	
 2.5971e+00	
 2.9622e+00	
 2.4679e+00	
 2.4553e+00	
 2.4517e+00	
 2.8504e+00	
 3.1702e+00	
 2.6711e+00	
 2.4039e+00	
 2.6898e+00	
 2.3375e+00	
 2.4649e+00	
 2.4476e+00	
 2.7137e+00	
 2.0862e+00	
 2.6205e+00	
 2.7903e+00	
 2.5520e+00	
 2.3074e+00	
 2.9378e+00	
 2.4265e+00	
 2.7779e+00	
 2.3083e+00	
 2.6928e+00	
 2.7398e+00	
 2.7790e+00	
 2.4412e+00	
 2.7145e+00	
 2.4473e+00	
 2.8128e+00	
 2.5352e+00	
 2.5290e+00	
 2.3840e+00	
 2.6311e+00	
 2.6188e+00	
 2.3179e+00	
 2.7421e+00	
 2.3453e+00	
 2.3335e+00	
 2.6214e+00	
 2.5999e+00	
 3.1334e+00	
 2.7523e+00	
 2.8896e+00	
 2.3567e+00	
 2.6041e+00	
 2.6214e+00	
 3.1020e+00	
 2.6882e+00	
 2.5169e+00	
 2.4834e+00	
 2.4665e+00	
 2.6283e+00	
 2.1578e+00	
 2.7722e+00	
 2.4892e+00	
 2.8597e+00	
 3.0449e+00	
 2.7342e+00	
 2.7917e+00	
 2.3470e+00	
 2.4085e+00	
 2.6079e+00	
 2.2676e+00	
 2.4407e+00	
 2.3958e+00	
 2.7033e+00	
 2.4831e+00	
 2.5538e+00	
 2.3291e+00	
 2.4656e+00	
 2.4263e+00	
 2.6213e+00	
 2.8158e+00	
 2.2950e+00	
 2.1399e+00	
 2.4408e+00	
 2.6891e+00	
 2.6735e+00	
 2.5408e+00	
 2.3627e+00	
 3.0671e+00	
 2.4665e+00	
 2.7312e+00	
 2.9538e+00	
 2.8238e+00	
 2.1672e+00	
 2.5808e+00	
 2.5502e+00	
 2.4101e+00	
