loss	
 4.6309e+00	
 4.6604e+00	
 4.5957e+00	
 4.6195e+00	
 4.6171e+00	
 4.5900e+00	
 4.6017e+00	
 4.6263e+00	
 4.5910e+00	
 4.6071e+00	
 4.5948e+00	
 4.6117e+00	
 4.6551e+00	
 4.6480e+00	
 4.6269e+00	
 4.5788e+00	
 4.6154e+00	
 4.6334e+00	
 4.6195e+00	
 4.6042e+00	
 4.5753e+00	
 4.5992e+00	
 4.5720e+00	
 4.6118e+00	
 4.6273e+00	
 4.5648e+00	
 4.6389e+00	
 4.5673e+00	
 4.6354e+00	
 4.6015e+00	
 4.5989e+00	
 4.5866e+00	
 4.6130e+00	
 4.6501e+00	
 4.5884e+00	
 4.6375e+00	
 4.6285e+00	
 4.5879e+00	
 4.5830e+00	
 4.6330e+00	
 4.5947e+00	
 4.5909e+00	
 4.6193e+00	
 4.5860e+00	
 4.6303e+00	
 4.5922e+00	
 4.6201e+00	
 4.5986e+00	
 4.6322e+00	
 4.5941e+00	
 4.6204e+00	
 4.5739e+00	
 4.5931e+00	
 4.6388e+00	
 4.5790e+00	
 4.6038e+00	
 4.5936e+00	
 4.5935e+00	
 4.6007e+00	
 4.6181e+00	
 4.6003e+00	
 4.6111e+00	
 4.5841e+00	
 4.5793e+00	
 4.6287e+00	
 4.6087e+00	
 4.5681e+00	
 4.5631e+00	
 4.5955e+00	
 4.6064e+00	
 4.5908e+00	
 4.5788e+00	
 4.5715e+00	
 4.6107e+00	
 4.5753e+00	
 4.6072e+00	
 4.6097e+00	
 4.5918e+00	
 4.6162e+00	
 4.6033e+00	
 4.5788e+00	
 4.5947e+00	
 4.5943e+00	
 4.5919e+00	
 4.6086e+00	
 4.6136e+00	
 4.5714e+00	
 4.6151e+00	
 4.6055e+00	
 4.5861e+00	
 4.5984e+00	
 4.5860e+00	
 4.6195e+00	
 4.6051e+00	
 4.5879e+00	
 4.6149e+00	
 4.5875e+00	
 4.5965e+00	
 4.5941e+00	
 4.5935e+00	
 4.5839e+00	
 4.5857e+00	
 4.5917e+00	
 4.5720e+00	
 4.5927e+00	
 4.5877e+00	
 4.6225e+00	
 4.5616e+00	
 4.5972e+00	
 4.5798e+00	
 4.5655e+00	
 4.5915e+00	
 4.5555e+00	
 4.5671e+00	
 4.5928e+00	
 4.5681e+00	
 4.5702e+00	
 4.5584e+00	
 4.5651e+00	
 4.5795e+00	
 4.6182e+00	
 4.5914e+00	
 4.5784e+00	
 4.5747e+00	
 4.5751e+00	
 4.5732e+00	
 4.5596e+00	
 4.5868e+00	
 4.5739e+00	
 4.5426e+00	
 4.5657e+00	
 4.5803e+00	
 4.5799e+00	
 4.5412e+00	
 4.5668e+00	
 4.5125e+00	
 4.5642e+00	
 4.4941e+00	
 4.5283e+00	
 4.5433e+00	
 4.6131e+00	
 4.6038e+00	
 4.6142e+00	
 4.5781e+00	
 4.5044e+00	
 4.5109e+00	
 4.5946e+00	
 4.5207e+00	
 4.5528e+00	
 4.5382e+00	
 4.5101e+00	
 4.5567e+00	
 4.5229e+00	
 4.5628e+00	
 4.5599e+00	
 4.4764e+00	
 4.5565e+00	
 4.5108e+00	
 4.5855e+00	
 4.5783e+00	
 4.4840e+00	
 4.5471e+00	
 4.4947e+00	
 4.5590e+00	
 4.5223e+00	
 4.4388e+00	
 4.4878e+00	
 4.4746e+00	
 4.4789e+00	
 4.4329e+00	
 4.5185e+00	
 4.5067e+00	
 4.5029e+00	
 4.5666e+00	
 4.4640e+00	
 4.4612e+00	
 4.5204e+00	
 4.5424e+00	
 4.4491e+00	
 4.4266e+00	
 4.4983e+00	
 4.5607e+00	
 4.5043e+00	
 4.4546e+00	
 4.4037e+00	
 4.3836e+00	
 4.4389e+00	
 4.4601e+00	
 4.2709e+00	
 4.5519e+00	
 4.5365e+00	
 4.3916e+00	
 4.4042e+00	
 4.4939e+00	
 4.4557e+00	
 4.4738e+00	
 4.3686e+00	
 4.4030e+00	
 4.4697e+00	
 4.4764e+00	
 4.4564e+00	
 4.4206e+00	
 4.4777e+00	
 4.3476e+00	
 4.4200e+00	
 4.5126e+00	
 4.4269e+00	
 4.4790e+00	
 4.4633e+00	
 4.4407e+00	
 4.3775e+00	
 4.3291e+00	
 4.3465e+00	
 4.4185e+00	
 4.5049e+00	
 4.4239e+00	
 4.3310e+00	
 4.3408e+00	
 4.3447e+00	
 4.3521e+00	
 4.3340e+00	
 4.5217e+00	
 4.3150e+00	
 4.4863e+00	
 4.3258e+00	
 4.3568e+00	
 4.4081e+00	
 4.2522e+00	
 4.3909e+00	
 4.3601e+00	
 4.3534e+00	
 4.3064e+00	
 4.3378e+00	
 4.4127e+00	
 4.2801e+00	
 4.2726e+00	
 4.3541e+00	
 4.2641e+00	
 4.3191e+00	
 4.3130e+00	
 4.2952e+00	
 4.3602e+00	
 4.2153e+00	
 4.3267e+00	
 4.4010e+00	
 4.4208e+00	
 4.3491e+00	
 4.2380e+00	
 4.3174e+00	
 4.3501e+00	
 4.2824e+00	
 4.3610e+00	
 4.3647e+00	
 4.3926e+00	
 4.1429e+00	
 4.4535e+00	
 4.3624e+00	
 4.3344e+00	
 4.3500e+00	
 4.2760e+00	
 4.3766e+00	
 4.2688e+00	
 4.0966e+00	
 4.4270e+00	
 4.3256e+00	
 4.1416e+00	
 4.1946e+00	
 4.0779e+00	
 4.3242e+00	
 4.4962e+00	
 4.2882e+00	
 4.3011e+00	
 4.4954e+00	
 4.3039e+00	
 4.3283e+00	
 4.3230e+00	
 4.3275e+00	
 4.2845e+00	
 4.2508e+00	
 4.3408e+00	
 4.3676e+00	
 4.2977e+00	
 4.3084e+00	
 4.3081e+00	
 4.3721e+00	
 4.3391e+00	
 4.1955e+00	
 4.2462e+00	
 4.2934e+00	
 4.2979e+00	
 4.1819e+00	
 4.3953e+00	
 4.3521e+00	
 4.3253e+00	
 4.2326e+00	
 4.2998e+00	
 4.1815e+00	
 4.3707e+00	
 4.2373e+00	
 4.5271e+00	
 4.2557e+00	
 4.2778e+00	
 4.2473e+00	
 4.3397e+00	
 4.2263e+00	
 4.2134e+00	
 4.2115e+00	
 4.1938e+00	
 4.3337e+00	
 4.3478e+00	
 4.1539e+00	
 4.1396e+00	
 4.2293e+00	
 4.2316e+00	
 4.2022e+00	
 4.1876e+00	
 4.2320e+00	
 4.0679e+00	
 4.1583e+00	
 4.1301e+00	
 4.3042e+00	
 4.3489e+00	
 4.1248e+00	
 4.0516e+00	
 4.1036e+00	
 4.1063e+00	
 4.2092e+00	
 4.0894e+00	
 4.4635e+00	
 4.1104e+00	
 4.2168e+00	
 4.2823e+00	
 4.1439e+00	
 4.1909e+00	
 4.1755e+00	
 4.1706e+00	
 4.1897e+00	
 4.3278e+00	
 4.3812e+00	
 4.2101e+00	
 4.1796e+00	
 4.2445e+00	
 4.1665e+00	
 4.3052e+00	
 4.2520e+00	
 4.3213e+00	
 4.3475e+00	
 4.2988e+00	
 4.2544e+00	
 4.2105e+00	
 4.4489e+00	
 4.1367e+00	
 4.3811e+00	
 4.2925e+00	
 4.2246e+00	
 4.2476e+00	
 4.1081e+00	
 4.2130e+00	
 4.2295e+00	
 4.0103e+00	
 4.1687e+00	
 4.0780e+00	
 4.2212e+00	
 4.1083e+00	
 4.1345e+00	
 4.1000e+00	
 4.1953e+00	
 4.0610e+00	
 4.1361e+00	
 4.0377e+00	
 4.1856e+00	
 4.2853e+00	
 4.1049e+00	
 4.3382e+00	
 4.2142e+00	
 4.2765e+00	
 4.0741e+00	
 4.2880e+00	
 4.1744e+00	
 4.1963e+00	
 4.2390e+00	
 4.0767e+00	
 4.1144e+00	
 4.2592e+00	
 4.1020e+00	
 4.0326e+00	
 4.2141e+00	
 4.0806e+00	
 4.3341e+00	
 4.1701e+00	
 4.2114e+00	
 4.1519e+00	
 3.9786e+00	
 4.1794e+00	
 4.0202e+00	
 4.1321e+00	
 4.2760e+00	
 4.1638e+00	
 4.1775e+00	
 4.2333e+00	
 4.0891e+00	
 4.1772e+00	
 4.2875e+00	
 4.1181e+00	
 4.0437e+00	
 4.2174e+00	
 4.3067e+00	
 4.0817e+00	
 4.3192e+00	
 4.1331e+00	
 4.1035e+00	
 4.3017e+00	
 4.1835e+00	
 4.0560e+00	
 4.0848e+00	
 3.9962e+00	
 4.1644e+00	
 4.2885e+00	
 4.1685e+00	
 3.9617e+00	
 4.1383e+00	
 4.0649e+00	
 4.0593e+00	
 3.9807e+00	
 4.1320e+00	
 4.1664e+00	
 4.2143e+00	
 4.0204e+00	
 4.1649e+00	
 4.1468e+00	
 4.1826e+00	
 4.2807e+00	
 4.2960e+00	
 4.1656e+00	
 4.1803e+00	
 4.1868e+00	
 4.1879e+00	
 4.1606e+00	
 4.1370e+00	
 3.9479e+00	
 4.4578e+00	
 4.3046e+00	
 4.2174e+00	
 4.1763e+00	
 4.1707e+00	
 4.0396e+00	
 4.0726e+00	
 4.1212e+00	
 4.1267e+00	
 4.3631e+00	
 4.0922e+00	
 4.2081e+00	
 4.2052e+00	
 4.2987e+00	
 4.1314e+00	
 4.2140e+00	
 4.1213e+00	
 4.2238e+00	
 4.1448e+00	
 4.2978e+00	
 4.0411e+00	
 4.2007e+00	
 4.2396e+00	
 4.1647e+00	
 4.0177e+00	
 4.2765e+00	
 4.2113e+00	
 4.2644e+00	
 4.1461e+00	
 4.0439e+00	
 4.1118e+00	
 3.9739e+00	
 4.0340e+00	
 4.1292e+00	
 4.0933e+00	
 3.9920e+00	
 3.9923e+00	
 4.1390e+00	
 4.2573e+00	
 4.0148e+00	
 4.1705e+00	
 4.0516e+00	
 3.9640e+00	
 4.0496e+00	
 4.0305e+00	
 4.3010e+00	
 4.1659e+00	
 4.3017e+00	
 4.1738e+00	
 4.2264e+00	
 4.0474e+00	
 4.0203e+00	
 4.2651e+00	
 4.1056e+00	
 4.1032e+00	
 4.3164e+00	
 4.2350e+00	
 4.0077e+00	
 4.1651e+00	
 4.0022e+00	
 4.3396e+00	
 4.0674e+00	
 3.7833e+00	
 4.3091e+00	
 3.9786e+00	
 4.2341e+00	
 4.0797e+00	
 4.1213e+00	
 4.1985e+00	
 4.1421e+00	
 4.1887e+00	
 4.2599e+00	
 4.1310e+00	
 3.9649e+00	
 4.0707e+00	
 4.4866e+00	
 4.1622e+00	
 4.0345e+00	
 4.0558e+00	
 4.0758e+00	
 4.0166e+00	
 3.9402e+00	
 4.0541e+00	
 4.0103e+00	
 4.2078e+00	
 4.1924e+00	
 4.1237e+00	
 4.1395e+00	
 3.8702e+00	
 4.1225e+00	
 4.4934e+00	
 4.1323e+00	
 4.2902e+00	
 4.0813e+00	
 4.0936e+00	
 4.1107e+00	
 3.9730e+00	
 3.9440e+00	
 4.1178e+00	
 4.3102e+00	
 4.0555e+00	
 4.3961e+00	
 4.2541e+00	
 4.1688e+00	
 4.0825e+00	
 4.1124e+00	
 4.2042e+00	
 4.0495e+00	
 4.1005e+00	
 3.8245e+00	
 4.3403e+00	
 4.0534e+00	
 4.1383e+00	
 4.0977e+00	
 4.1994e+00	
 4.2325e+00	
 4.0890e+00	
 3.9970e+00	
 4.0697e+00	
 4.1417e+00	
 4.0799e+00	
 4.1736e+00	
 3.9380e+00	
 4.0794e+00	
 4.0791e+00	
 4.0643e+00	
 3.8984e+00	
 4.0718e+00	
 4.0960e+00	
 3.8883e+00	
 4.1832e+00	
 4.1573e+00	
 3.9179e+00	
 4.2405e+00	
 4.1259e+00	
 3.9943e+00	
 3.9406e+00	
 4.2790e+00	
 3.9740e+00	
 4.4314e+00	
 3.9415e+00	
 4.1510e+00	
 4.0787e+00	
 3.9477e+00	
 4.1915e+00	
 4.2018e+00	
 4.1955e+00	
 4.0864e+00	
 4.3261e+00	
 4.2562e+00	
 3.9650e+00	
 4.2291e+00	
 4.1862e+00	
 3.9633e+00	
 4.0345e+00	
 4.0538e+00	
 4.3362e+00	
 3.9746e+00	
 4.0338e+00	
 4.3419e+00	
 4.0989e+00	
 3.7686e+00	
 4.1745e+00	
 4.1562e+00	
 3.9383e+00	
 4.0388e+00	
 3.9892e+00	
 4.2740e+00	
 4.0798e+00	
 4.1684e+00	
 4.2033e+00	
 4.0722e+00	
 3.9811e+00	
 4.0243e+00	
 4.0807e+00	
 3.9710e+00	
 4.3305e+00	
 3.9380e+00	
 3.9298e+00	
 3.9986e+00	
 4.4015e+00	
 4.2383e+00	
 4.0548e+00	
 4.1309e+00	
 4.0340e+00	
 4.0198e+00	
 4.0670e+00	
 4.0488e+00	
 4.2587e+00	
 3.9570e+00	
 4.0790e+00	
 4.0939e+00	
 4.0507e+00	
 3.8392e+00	
 3.8543e+00	
 4.1195e+00	
 4.3367e+00	
 3.9700e+00	
 4.0200e+00	
 3.9477e+00	
 3.9815e+00	
 4.0053e+00	
 4.1161e+00	
 4.0836e+00	
 4.1520e+00	
 4.0330e+00	
 4.1820e+00	
 3.9212e+00	
 4.2427e+00	
 3.8389e+00	
 4.2576e+00	
 4.1665e+00	
 4.1741e+00	
 3.9500e+00	
 4.1686e+00	
 3.8601e+00	
 4.0845e+00	
 4.0449e+00	
 3.8687e+00	
 4.2377e+00	
 3.9809e+00	
 4.1921e+00	
 4.1016e+00	
 4.0060e+00	
 4.0314e+00	
 3.9507e+00	
 4.1829e+00	
 4.1388e+00	
 4.1294e+00	
 4.0716e+00	
 4.2760e+00	
 4.0455e+00	
 4.0667e+00	
 3.9654e+00	
 3.9609e+00	
 3.8741e+00	
 3.9195e+00	
 4.1033e+00	
 3.9982e+00	
 4.1611e+00	
 3.8885e+00	
 3.9685e+00	
 4.2140e+00	
 3.9165e+00	
 3.9924e+00	
 4.0448e+00	
 4.0965e+00	
 4.0985e+00	
 4.0177e+00	
 4.1292e+00	
 4.3088e+00	
 3.9287e+00	
 4.0871e+00	
 3.9226e+00	
 4.2515e+00	
 4.1661e+00	
 4.1353e+00	
 4.0695e+00	
 4.0119e+00	
 4.1046e+00	
 4.0261e+00	
 4.1295e+00	
 4.0530e+00	
 3.8608e+00	
 4.0628e+00	
 4.1981e+00	
 4.2299e+00	
 4.1349e+00	
 4.0589e+00	
 4.1092e+00	
 4.0839e+00	
 3.8832e+00	
 4.2451e+00	
 4.0964e+00	
 3.8618e+00	
 4.1713e+00	
 4.1827e+00	
 4.1556e+00	
 3.9397e+00	
 4.0219e+00	
 3.9981e+00	
 3.9082e+00	
 3.9598e+00	
 4.0244e+00	
 3.9534e+00	
 4.2002e+00	
 3.9338e+00	
 4.0874e+00	
 4.1428e+00	
 4.0663e+00	
 4.1346e+00	
 4.1237e+00	
 3.9551e+00	
 4.2008e+00	
 3.9525e+00	
 4.1447e+00	
 4.1159e+00	
 4.2279e+00	
 4.1239e+00	
 4.1001e+00	
 4.1406e+00	
 4.0587e+00	
 3.8260e+00	
 3.9153e+00	
 3.7408e+00	
 4.0848e+00	
 4.1161e+00	
 4.0926e+00	
 4.0245e+00	
 4.2068e+00	
 4.1732e+00	
 4.1221e+00	
 4.1847e+00	
 3.9821e+00	
 4.1261e+00	
 4.1888e+00	
 4.1215e+00	
 4.1822e+00	
 4.0978e+00	
 3.9043e+00	
 4.1746e+00	
 3.9592e+00	
 3.9412e+00	
 4.0001e+00	
 4.0461e+00	
 4.0467e+00	
 3.8238e+00	
 3.8641e+00	
 4.1550e+00	
 3.8357e+00	
 3.9243e+00	
 4.1250e+00	
 4.1482e+00	
 4.0732e+00	
 4.0397e+00	
 4.0639e+00	
 4.2629e+00	
 4.2888e+00	
 4.2028e+00	
 3.9741e+00	
 4.0254e+00	
 3.8727e+00	
 4.2751e+00	
 4.0806e+00	
 4.1141e+00	
 4.0349e+00	
 3.9450e+00	
 3.9553e+00	
 3.9784e+00	
 4.1631e+00	
 4.0120e+00	
 3.9465e+00	
 3.8726e+00	
 3.9309e+00	
 4.0413e+00	
 4.3219e+00	
 4.2109e+00	
 3.8353e+00	
 4.1512e+00	
 3.9012e+00	
 3.9318e+00	
 3.9865e+00	
 3.9847e+00	
 3.8940e+00	
 4.0082e+00	
 4.1782e+00	
 3.9165e+00	
 4.0991e+00	
 4.1797e+00	
 3.9990e+00	
 3.9471e+00	
 3.9638e+00	
 4.0181e+00	
 3.9458e+00	
 4.0434e+00	
 3.8886e+00	
 4.0289e+00	
 4.0031e+00	
 4.0637e+00	
 4.0998e+00	
 3.9232e+00	
 4.1613e+00	
 3.9560e+00	
 3.9491e+00	
 3.8512e+00	
 4.2884e+00	
 4.0499e+00	
 4.1363e+00	
 4.2186e+00	
 4.1118e+00	
 4.3002e+00	
 3.9115e+00	
 4.0526e+00	
 4.0374e+00	
 4.0061e+00	
 3.9994e+00	
 4.0728e+00	
 4.3122e+00	
 4.1482e+00	
 4.0290e+00	
 3.7538e+00	
 3.8952e+00	
 3.7467e+00	
 3.7695e+00	
 4.0425e+00	
 3.8423e+00	
 4.0758e+00	
 4.0078e+00	
 4.2016e+00	
 4.0067e+00	
 4.0507e+00	
 4.2114e+00	
 4.0428e+00	
 4.1284e+00	
 3.9353e+00	
 4.0494e+00	
 4.0368e+00	
 4.0170e+00	
 4.2636e+00	
 4.0361e+00	
 3.9702e+00	
 4.1024e+00	
 4.0856e+00	
 4.0360e+00	
 4.0007e+00	
 4.0022e+00	
 4.0709e+00	
 4.0678e+00	
 3.9871e+00	
 3.9108e+00	
 4.0670e+00	
 4.1355e+00	
 3.9479e+00	
 4.0570e+00	
 3.9511e+00	
 4.0512e+00	
 4.0997e+00	
 3.9200e+00	
 4.2197e+00	
 3.9956e+00	
 4.1239e+00	
 4.1271e+00	
 4.0134e+00	
 4.0614e+00	
 4.0433e+00	
 3.8331e+00	
 4.1971e+00	
 4.0746e+00	
 4.1771e+00	
 4.2192e+00	
 3.8896e+00	
 4.0124e+00	
 3.8821e+00	
 3.7823e+00	
 3.9425e+00	
 4.1563e+00	
 4.0808e+00	
 4.1229e+00	
 3.9990e+00	
 3.7918e+00	
 4.0411e+00	
 4.1256e+00	
 4.0867e+00	
 3.9718e+00	
 4.0259e+00	
 3.7920e+00	
 3.8774e+00	
 3.9859e+00	
 4.1597e+00	
 4.2408e+00	
 3.9628e+00	
 3.9228e+00	
 3.8729e+00	
 3.8665e+00	
 4.0896e+00	
 3.8775e+00	
 4.2051e+00	
 4.1111e+00	
 4.0758e+00	
 4.1096e+00	
 4.0769e+00	
 3.8649e+00	
 3.9677e+00	
 4.0511e+00	
 3.9280e+00	
 4.0200e+00	
 3.8332e+00	
 3.9027e+00	
 3.9087e+00	
 3.9493e+00	
 4.0563e+00	
 4.0723e+00	
 3.8324e+00	
 4.1500e+00	
 3.8406e+00	
 3.8681e+00	
 4.0115e+00	
 3.6681e+00	
 3.9522e+00	
 3.8970e+00	
 3.8838e+00	
 3.9217e+00	
 4.3129e+00	
 3.8712e+00	
 3.9986e+00	
 4.0397e+00	
 3.9239e+00	
 3.9451e+00	
 4.1220e+00	
 3.9786e+00	
 4.0662e+00	
 3.9999e+00	
 3.7995e+00	
 4.0572e+00	
 4.2733e+00	
 3.9234e+00	
 3.8731e+00	
 4.0843e+00	
 4.2344e+00	
 3.8903e+00	
 4.1154e+00	
 3.8625e+00	
 4.0211e+00	
 4.1006e+00	
 4.1314e+00	
 3.9230e+00	
 4.0177e+00	
 4.0157e+00	
 3.8863e+00	
 4.0261e+00	
 3.9715e+00	
 3.9680e+00	
 4.1688e+00	
 3.9790e+00	
 4.0910e+00	
 3.9212e+00	
 3.9850e+00	
 3.9410e+00	
 3.9277e+00	
 3.8401e+00	
 3.8402e+00	
 3.9535e+00	
 4.0090e+00	
 3.8205e+00	
 4.0256e+00	
 4.2078e+00	
 3.9375e+00	
 4.2017e+00	
 4.1006e+00	
 4.0551e+00	
 4.0676e+00	
 3.8953e+00	
 3.9938e+00	
 3.9311e+00	
 3.8829e+00	
 3.9870e+00	
 3.7879e+00	
 4.0264e+00	
 3.7972e+00	
 3.8368e+00	
 4.0186e+00	
 3.8635e+00	
 3.8050e+00	
 3.9550e+00	
 4.0410e+00	
 3.8853e+00	
 4.3252e+00	
 3.9463e+00	
 4.1949e+00	
 4.3427e+00	
 4.0709e+00	
 4.1727e+00	
 3.9878e+00	
 4.0417e+00	
 4.0718e+00	
 4.1345e+00	
 3.9874e+00	
 3.8691e+00	
 4.0659e+00	
 3.9518e+00	
 3.8159e+00	
 3.9015e+00	
 4.1717e+00	
 3.9258e+00	
 3.8315e+00	
 4.1619e+00	
 3.8761e+00	
 4.0304e+00	
 3.6990e+00	
 4.0828e+00	
 4.1734e+00	
 4.3088e+00	
 3.9593e+00	
 4.2288e+00	
 4.1430e+00	
 3.9998e+00	
 4.0585e+00	
 4.0190e+00	
 3.8101e+00	
 3.8515e+00	
 3.8295e+00	
 3.8287e+00	
 4.1220e+00	
 4.0791e+00	
 3.9626e+00	
 4.1528e+00	
 3.8866e+00	
 4.0197e+00	
 3.8853e+00	
 4.0346e+00	
 4.1455e+00	
 3.7886e+00	
 4.0028e+00	
 3.9088e+00	
 3.9852e+00	
 4.1160e+00	
 3.7306e+00	
 3.8352e+00	
 3.5457e+00	
 4.2900e+00	
 4.2252e+00	
 3.9956e+00	
 4.3064e+00	
 4.1499e+00	
 4.0256e+00	
 3.9780e+00	
 4.0894e+00	
 4.0698e+00	
 3.9550e+00	
 3.9507e+00	
 4.0246e+00	
 4.0556e+00	
 4.0771e+00	
 4.2053e+00	
 3.7681e+00	
 3.7483e+00	
 3.8838e+00	
 4.1523e+00	
 3.8373e+00	
 3.9513e+00	
 4.0102e+00	
 4.1366e+00	
 3.9847e+00	
 3.8867e+00	
 3.8259e+00	
 3.8553e+00	
 3.9575e+00	
 4.0845e+00	
 4.1055e+00	
 3.9253e+00	
 3.9435e+00	
 3.8508e+00	
 4.0693e+00	
 3.9391e+00	
 4.0037e+00	
 3.9580e+00	
 3.9943e+00	
 4.0208e+00	
 3.9135e+00	
 3.9722e+00	
 4.0518e+00	
 4.0138e+00	
 4.0907e+00	
 4.1379e+00	
 4.0187e+00	
 4.0623e+00	
 3.9277e+00	
 4.0803e+00	
 3.9150e+00	
 4.1471e+00	
 3.9066e+00	
 4.0516e+00	
 4.0869e+00	
 4.0383e+00	
 4.0719e+00	
 4.1392e+00	
 3.8633e+00	
 3.7769e+00	
 3.9479e+00	
 3.9354e+00	
 4.0030e+00	
 3.7785e+00	
 3.8426e+00	
 3.9038e+00	
 4.1714e+00	
 4.0929e+00	
 3.9562e+00	
 4.0228e+00	
 3.9815e+00	
 3.9620e+00	
 3.8705e+00	
 3.9254e+00	
 4.1657e+00	
 3.7938e+00	
 4.3466e+00	
 3.8721e+00	
 4.0348e+00	
 4.1237e+00	
 4.0807e+00	
 3.8433e+00	
 3.9659e+00	
 3.9166e+00	
 3.9007e+00	
 4.0625e+00	
 4.0927e+00	
 4.0989e+00	
 3.9090e+00	
 4.0151e+00	
 4.1898e+00	
 3.7185e+00	
 3.9163e+00	
 3.9826e+00	
 4.1050e+00	
 3.8408e+00	
 3.8759e+00	
 4.2331e+00	
 3.8852e+00	
 3.9067e+00	
 3.9717e+00	
 4.1898e+00	
 3.7739e+00	
 4.0783e+00	
 3.9933e+00	
 4.0199e+00	
 4.2010e+00	
 3.7454e+00	
 4.0054e+00	
 4.0689e+00	
 3.8472e+00	
 3.7961e+00	
 3.9196e+00	
 4.1028e+00	
 3.7225e+00	
 3.9800e+00	
 4.0218e+00	
 3.8851e+00	
 3.8084e+00	
 3.9699e+00	
 4.0597e+00	
 3.8910e+00	
 4.0484e+00	
 4.0288e+00	
 3.6807e+00	
 3.8797e+00	
 3.8530e+00	
 3.8349e+00	
 3.8857e+00	
 3.9229e+00	
 4.3490e+00	
 4.0329e+00	
 4.1139e+00	
 4.0706e+00	
 3.9260e+00	
 3.9571e+00	
 4.0734e+00	
 3.8725e+00	
 4.1253e+00	
 3.8950e+00	
 4.0075e+00	
 4.1687e+00	
 3.8962e+00	
 4.2133e+00	
 4.1500e+00	
 4.1439e+00	
 3.9480e+00	
 3.7686e+00	
 3.9763e+00	
 3.8869e+00	
 3.9561e+00	
 4.0796e+00	
 4.0808e+00	
 4.0701e+00	
 3.9402e+00	
 3.8504e+00	
 3.9262e+00	
 3.9116e+00	
 3.8974e+00	
 3.8280e+00	
 3.9863e+00	
 3.8990e+00	
 3.8153e+00	
 3.9925e+00	
 4.2309e+00	
 4.0660e+00	
 4.1604e+00	
 3.8854e+00	
 3.9423e+00	
 3.9382e+00	
 4.0997e+00	
 3.9076e+00	
 3.7880e+00	
 3.9315e+00	
 4.0760e+00	
 4.0759e+00	
 3.7638e+00	
 4.1364e+00	
 3.8531e+00	
 3.9797e+00	
 3.9999e+00	
 3.9935e+00	
 4.1073e+00	
 4.0432e+00	
 3.9153e+00	
 4.0760e+00	
 3.9661e+00	
 3.8475e+00	
 4.2662e+00	
 3.8119e+00	
 3.6892e+00	
 4.1229e+00	
 3.9405e+00	
 3.9944e+00	
 3.8712e+00	
 3.9244e+00	
 4.0552e+00	
 3.8877e+00	
 4.0359e+00	
 4.0784e+00	
 3.9189e+00	
 3.9499e+00	
 3.7258e+00	
 4.1185e+00	
 4.1149e+00	
 4.1341e+00	
 3.9822e+00	
 3.8965e+00	
 3.8532e+00	
 3.7680e+00	
 4.1396e+00	
 4.1848e+00	
 3.9027e+00	
 4.0610e+00	
 4.1325e+00	
 3.8341e+00	
 3.7768e+00	
 3.7911e+00	
 3.8665e+00	
 3.7716e+00	
 4.1030e+00	
 3.9975e+00	
 4.1869e+00	
 3.9456e+00	
 3.9055e+00	
 4.0633e+00	
 3.7345e+00	
 3.9187e+00	
 3.9107e+00	
 4.0066e+00	
 4.0034e+00	
 3.8374e+00	
 4.1656e+00	
 3.9669e+00	
 4.2571e+00	
 3.9125e+00	
 3.8962e+00	
 4.1341e+00	
 3.9234e+00	
 4.1250e+00	
 4.0499e+00	
 4.0443e+00	
 3.8261e+00	
 3.8337e+00	
 3.9191e+00	
 3.7713e+00	
 4.2040e+00	
 3.9071e+00	
 3.9301e+00	
 4.1073e+00	
 4.1810e+00	
 4.0203e+00	
 4.0940e+00	
 3.8698e+00	
 3.7829e+00	
 3.7251e+00	
 3.9881e+00	
 3.8185e+00	
 3.9731e+00	
 3.6339e+00	
 3.9960e+00	
 3.7215e+00	
 4.1110e+00	
 3.9465e+00	
 4.1398e+00	
 4.0106e+00	
 3.8919e+00	
 4.0606e+00	
 4.1100e+00	
 3.7811e+00	
 3.7480e+00	
 3.8734e+00	
 4.0278e+00	
 4.0201e+00	
 4.0339e+00	
 3.8653e+00	
 3.9798e+00	
 3.8503e+00	
 3.8244e+00	
 3.8981e+00	
 4.0047e+00	
 3.9185e+00	
 3.5725e+00	
 4.1005e+00	
 4.2985e+00	
 4.1786e+00	
 3.8837e+00	
 3.7498e+00	
 3.9285e+00	
 4.0798e+00	
 3.9888e+00	
 3.7568e+00	
 3.7375e+00	
 3.8798e+00	
 4.0107e+00	
 3.9884e+00	
 3.9477e+00	
 3.8608e+00	
 3.9018e+00	
 3.9402e+00	
 4.0354e+00	
 3.9614e+00	
 3.8418e+00	
 3.9802e+00	
 4.1390e+00	
 3.9944e+00	
 3.8130e+00	
 3.8058e+00	
 3.8016e+00	
 3.7832e+00	
 4.0600e+00	
 3.9991e+00	
 3.7753e+00	
 3.8449e+00	
 3.6087e+00	
 4.1697e+00	
 4.1744e+00	
 4.0301e+00	
 3.8096e+00	
 3.8848e+00	
 3.9317e+00	
 3.9853e+00	
 4.1321e+00	
 3.8366e+00	
 3.9168e+00	
 3.9843e+00	
 3.8938e+00	
 3.8742e+00	
 3.9819e+00	
 3.7660e+00	
 4.3021e+00	
 3.9359e+00	
 3.8986e+00	
 4.1496e+00	
 3.9779e+00	
 3.9700e+00	
 3.8409e+00	
 4.0387e+00	
 4.0893e+00	
 3.9423e+00	
 4.0702e+00	
 3.9077e+00	
 4.0848e+00	
 4.2121e+00	
 3.8427e+00	
 3.9717e+00	
 3.8203e+00	
 4.0418e+00	
 4.0497e+00	
 4.1170e+00	
 3.9118e+00	
 3.7663e+00	
 3.8269e+00	
 3.8415e+00	
 3.9704e+00	
 4.0571e+00	
 4.1548e+00	
 4.1946e+00	
 4.0713e+00	
 3.8558e+00	
 4.0136e+00	
 4.0780e+00	
 3.7721e+00	
 4.1158e+00	
 4.0075e+00	
 3.9000e+00	
 3.9188e+00	
 3.8304e+00	
 3.7982e+00	
 3.8473e+00	
 3.8034e+00	
 3.7587e+00	
 4.1315e+00	
 4.1958e+00	
 3.8718e+00	
 4.0853e+00	
 4.0730e+00	
 4.0017e+00	
 3.9082e+00	
 3.9319e+00	
 3.8322e+00	
 3.7834e+00	
 4.0570e+00	
 3.7073e+00	
 4.3949e+00	
 3.7733e+00	
 4.0084e+00	
 3.6992e+00	
 3.8163e+00	
 4.0135e+00	
 3.9609e+00	
 4.0414e+00	
 3.7443e+00	
 3.9448e+00	
 4.0114e+00	
 4.0964e+00	
 3.8115e+00	
 3.8545e+00	
 3.8489e+00	
 3.9444e+00	
 3.8832e+00	
 3.9391e+00	
 3.9925e+00	
 4.0586e+00	
 4.0510e+00	
 3.8419e+00	
 3.8678e+00	
 3.9150e+00	
 3.8266e+00	
 3.8331e+00	
 3.9921e+00	
 3.8237e+00	
 3.7453e+00	
 4.0828e+00	
 4.2217e+00	
 3.9480e+00	
 4.0178e+00	
 4.0441e+00	
 3.8702e+00	
 4.0722e+00	
 3.8065e+00	
 3.9473e+00	
 3.8984e+00	
 3.8436e+00	
 3.7550e+00	
 3.8861e+00	
 3.9282e+00	
 3.9091e+00	
 3.9911e+00	
 4.1319e+00	
 4.0026e+00	
 3.8840e+00	
 3.8418e+00	
 4.1476e+00	
 4.0523e+00	
 3.7778e+00	
 3.9805e+00	
 3.9953e+00	
 3.7703e+00	
 4.0158e+00	
 4.0834e+00	
 4.0601e+00	
 4.0168e+00	
 4.1457e+00	
 3.8718e+00	
 3.9535e+00	
 3.9914e+00	
 3.8631e+00	
 3.9164e+00	
 3.7034e+00	
 3.9102e+00	
 3.8604e+00	
 4.0689e+00	
 4.0937e+00	
 3.9675e+00	
 3.8118e+00	
 4.0058e+00	
 3.9517e+00	
 3.9462e+00	
 4.1500e+00	
 4.0162e+00	
 3.9098e+00	
 3.7044e+00	
 4.0089e+00	
 4.2382e+00	
 3.9252e+00	
 3.8613e+00	
 4.0355e+00	
 3.9207e+00	
 3.9358e+00	
 3.8418e+00	
 3.9178e+00	
 3.9024e+00	
 3.8526e+00	
 3.8168e+00	
 3.8493e+00	
 4.0002e+00	
 3.8523e+00	
 3.9834e+00	
 3.5183e+00	
 4.0302e+00	
 3.7762e+00	
 4.0809e+00	
 3.8074e+00	
 3.7760e+00	
 3.7747e+00	
 4.0024e+00	
 4.1507e+00	
 3.7143e+00	
 3.6686e+00	
 3.8326e+00	
 3.9645e+00	
 4.1632e+00	
 3.9853e+00	
 3.9724e+00	
 4.1336e+00	
 3.9122e+00	
 3.9740e+00	
 4.0181e+00	
 3.9512e+00	
 4.1558e+00	
 3.8434e+00	
 3.9231e+00	
 3.9311e+00	
 3.8125e+00	
 3.9192e+00	
 4.0999e+00	
 4.1238e+00	
 3.9216e+00	
 4.0181e+00	
 4.0516e+00	
 4.1626e+00	
 3.8354e+00	
 3.8688e+00	
 4.1180e+00	
 3.9273e+00	
 3.9191e+00	
 4.0060e+00	
 4.2095e+00	
 4.0094e+00	
 4.0969e+00	
 3.9380e+00	
 3.9487e+00	
 4.0052e+00	
 3.9660e+00	
 4.0948e+00	
 4.0168e+00	
 3.7275e+00	
 3.7623e+00	
 4.1100e+00	
 3.9218e+00	
 4.0556e+00	
 3.8801e+00	
 4.0173e+00	
 3.9106e+00	
 3.7820e+00	
 4.0411e+00	
 3.8823e+00	
 3.9598e+00	
 3.9772e+00	
 3.9559e+00	
 3.8003e+00	
 3.6024e+00	
 4.2634e+00	
 3.9706e+00	
 3.8861e+00	
 3.9300e+00	
 4.1459e+00	
 4.0412e+00	
 4.0065e+00	
 4.0953e+00	
 4.0040e+00	
 4.0134e+00	
 3.9466e+00	
 3.8976e+00	
 3.9380e+00	
 3.8982e+00	
 3.9644e+00	
 4.0117e+00	
 3.8475e+00	
 3.8266e+00	
 3.7508e+00	
 3.8668e+00	
 4.1256e+00	
 3.9022e+00	
 3.8884e+00	
 4.0755e+00	
 4.1271e+00	
 3.9783e+00	
 3.9721e+00	
 3.8577e+00	
 4.1552e+00	
 3.9250e+00	
 3.8747e+00	
 3.9162e+00	
 3.9223e+00	
 3.9764e+00	
 3.9536e+00	
 3.9449e+00	
 3.8186e+00	
 4.1235e+00	
 3.9870e+00	
 3.8065e+00	
 4.0696e+00	
 3.8934e+00	
 4.1608e+00	
 3.7260e+00	
 3.9326e+00	
 3.6520e+00	
 4.0029e+00	
 4.2547e+00	
 3.8559e+00	
 3.7676e+00	
 3.9498e+00	
 3.9209e+00	
 4.0612e+00	
 4.0549e+00	
 3.9464e+00	
 4.1362e+00	
 3.8244e+00	
 3.7704e+00	
 4.0097e+00	
 4.1197e+00	
 3.9971e+00	
 4.0569e+00	
 3.7089e+00	
 4.1312e+00	
 3.8673e+00	
 4.0281e+00	
 3.6496e+00	
 3.9575e+00	
 3.8917e+00	
 3.6866e+00	
 3.7518e+00	
 4.0404e+00	
 3.7807e+00	
 3.9685e+00	
 3.9571e+00	
 3.9077e+00	
 3.9361e+00	
 4.0986e+00	
 4.1813e+00	
 3.8078e+00	
 3.8444e+00	
 3.7690e+00	
 3.9766e+00	
 3.9964e+00	
 3.8693e+00	
 3.8129e+00	
 4.0615e+00	
 4.2181e+00	
 4.0657e+00	
 4.0119e+00	
 3.9015e+00	
 3.9718e+00	
 3.9078e+00	
 3.7548e+00	
 3.9467e+00	
 4.2043e+00	
 4.0296e+00	
 3.9158e+00	
 3.8643e+00	
 3.9159e+00	
 3.7351e+00	
 3.7595e+00	
 4.0299e+00	
 3.8703e+00	
 4.0629e+00	
 3.9684e+00	
 3.8337e+00	
 3.8699e+00	
 3.9716e+00	
 3.6817e+00	
 3.8376e+00	
 3.8136e+00	
 3.8109e+00	
 4.2149e+00	
 3.8124e+00	
 3.8328e+00	
 3.8215e+00	
 3.9175e+00	
 3.8812e+00	
 3.9950e+00	
 3.9095e+00	
 3.7776e+00	
 4.0957e+00	
 3.8908e+00	
 4.0407e+00	
 3.8012e+00	
 3.8006e+00	
 3.6620e+00	
 3.8489e+00	
 4.1036e+00	
 4.0290e+00	
 3.8993e+00	
 3.7650e+00	
 4.4428e+00	
 3.7698e+00	
 4.1761e+00	
 3.9993e+00	
 3.9804e+00	
 4.0242e+00	
 4.1159e+00	
 4.0757e+00	
 3.7491e+00	
 4.0107e+00	
 3.7602e+00	
 3.9166e+00	
 4.0361e+00	
 3.9686e+00	
 4.0257e+00	
 3.7909e+00	
 3.8172e+00	
 3.8979e+00	
 3.8007e+00	
 3.4834e+00	
 3.9938e+00	
 3.6895e+00	
 3.9789e+00	
 4.0071e+00	
 3.9303e+00	
 3.8906e+00	
 3.9672e+00	
 4.0981e+00	
 4.0364e+00	
 3.9693e+00	
 3.7976e+00	
 3.9988e+00	
 3.6941e+00	
 3.7416e+00	
 4.0854e+00	
 4.0361e+00	
 3.9141e+00	
 3.8187e+00	
 4.0799e+00	
 3.7961e+00	
 3.7164e+00	
 3.7323e+00	
 3.9053e+00	
 3.7567e+00	
 4.1262e+00	
 3.9042e+00	
 3.9734e+00	
 3.4805e+00	
 3.9499e+00	
 3.9607e+00	
 3.8597e+00	
 3.9071e+00	
 4.0379e+00	
 4.0131e+00	
 3.7873e+00	
 3.9563e+00	
 3.9657e+00	
 3.7406e+00	
 3.8563e+00	
 3.8387e+00	
 4.0543e+00	
 3.8913e+00	
 4.2205e+00	
 3.7766e+00	
 3.8074e+00	
 4.0119e+00	
 4.1966e+00	
 3.7411e+00	
 3.9830e+00	
 3.9406e+00	
 3.9753e+00	
 4.1232e+00	
 3.8176e+00	
 3.7831e+00	
 3.7072e+00	
 4.0002e+00	
 3.8011e+00	
 3.9942e+00	
 4.0064e+00	
 4.0460e+00	
 3.9478e+00	
 3.8691e+00	
 4.2252e+00	
 3.8799e+00	
 3.6977e+00	
 4.0042e+00	
 3.8351e+00	
 3.7573e+00	
 3.8815e+00	
 3.9401e+00	
 3.8424e+00	
 3.9103e+00	
 3.9409e+00	
 4.0486e+00	
 4.1585e+00	
 3.8351e+00	
 3.9894e+00	
 3.9594e+00	
 4.0987e+00	
 4.0036e+00	
 4.0436e+00	
 3.8998e+00	
 4.0066e+00	
 3.9294e+00	
 3.9787e+00	
 3.9846e+00	
 3.6758e+00	
 3.8980e+00	
 3.9403e+00	
 3.8621e+00	
 4.0913e+00	
 3.9085e+00	
 3.8674e+00	
 3.6853e+00	
 3.8549e+00	
 3.7942e+00	
 3.7870e+00	
 3.9215e+00	
 4.0897e+00	
 3.8538e+00	
 3.9739e+00	
 4.1518e+00	
 4.2137e+00	
 3.8737e+00	
 3.8493e+00	
 3.6978e+00	
 3.9496e+00	
 3.8176e+00	
 4.0118e+00	
 4.1001e+00	
 3.9135e+00	
 3.7980e+00	
 3.9976e+00	
 4.0553e+00	
 3.7481e+00	
 3.9962e+00	
 3.9299e+00	
 4.1093e+00	
 3.8681e+00	
 3.8535e+00	
 3.6687e+00	
 3.7080e+00	
 3.7099e+00	
 4.0099e+00	
 3.7990e+00	
 4.0882e+00	
 3.9497e+00	
 3.9127e+00	
 4.0959e+00	
 4.0644e+00	
 3.9815e+00	
 3.7253e+00	
 3.9767e+00	
 3.6680e+00	
 4.0473e+00	
 3.8844e+00	
 3.8760e+00	
 4.0033e+00	
 3.6357e+00	
 4.0805e+00	
 4.0326e+00	
 4.1154e+00	
 3.6812e+00	
 4.1463e+00	
 3.9240e+00	
 3.8457e+00	
 3.7456e+00	
 3.9082e+00	
 3.9072e+00	
 3.8855e+00	
 4.2096e+00	
 3.9384e+00	
 3.7604e+00	
 4.0719e+00	
 3.7611e+00	
 3.7830e+00	
 4.0314e+00	
 3.9352e+00	
 3.8765e+00	
 3.8514e+00	
 3.8953e+00	
 3.9922e+00	
 3.8260e+00	
 3.8353e+00	
 3.7891e+00	
 3.8068e+00	
 4.0037e+00	
 4.0726e+00	
 3.9829e+00	
 4.1808e+00	
 3.9410e+00	
 3.9941e+00	
 4.0710e+00	
 3.7544e+00	
 3.9178e+00	
 3.8773e+00	
 3.7845e+00	
 4.0670e+00	
 3.9586e+00	
 3.9769e+00	
 4.1013e+00	
 3.9697e+00	
 3.8398e+00	
 3.9065e+00	
 3.9953e+00	
 3.8980e+00	
 4.0266e+00	
 3.7078e+00	
 4.0117e+00	
 4.0947e+00	
 3.8414e+00	
 4.0109e+00	
 4.0079e+00	
 3.7470e+00	
 3.8673e+00	
 3.8077e+00	
 3.9510e+00	
 3.7267e+00	
 4.0055e+00	
 3.7669e+00	
 3.9530e+00	
 4.1111e+00	
 4.0508e+00	
 3.9480e+00	
 3.9674e+00	
 3.6585e+00	
 3.8212e+00	
 3.7964e+00	
 3.8254e+00	
 3.7873e+00	
 4.0485e+00	
 3.9036e+00	
 4.1580e+00	
 3.8034e+00	
 3.6795e+00	
 3.6733e+00	
 3.9556e+00	
 4.0257e+00	
 3.7215e+00	
 3.8122e+00	
 3.9547e+00	
 3.7070e+00	
 4.1302e+00	
 4.1022e+00	
 3.7974e+00	
 4.0236e+00	
 3.8441e+00	
 3.8649e+00	
 3.9914e+00	
 3.9140e+00	
 3.7691e+00	
 4.1062e+00	
 3.9481e+00	
 3.9997e+00	
 4.0887e+00	
 3.9813e+00	
 3.9545e+00	
 3.6835e+00	
 3.8818e+00	
 3.7332e+00	
 3.6066e+00	
 4.1608e+00	
 3.8381e+00	
 3.8322e+00	
 3.7867e+00	
 3.8261e+00	
 3.7439e+00	
 4.0626e+00	
 3.8780e+00	
 3.9507e+00	
 3.7894e+00	
 3.8294e+00	
 4.1103e+00	
 3.8904e+00	
 3.8489e+00	
 3.8236e+00	
 3.9797e+00	
 4.0710e+00	
 3.9631e+00	
 4.0031e+00	
 4.1623e+00	
 3.9622e+00	
 3.8452e+00	
 3.7010e+00	
 3.8796e+00	
 3.9761e+00	
 3.8015e+00	
 3.9713e+00	
 3.8380e+00	
 3.6258e+00	
 3.9425e+00	
 3.9212e+00	
 3.7892e+00	
 3.6324e+00	
 3.7555e+00	
 3.8524e+00	
 4.0004e+00	
 3.9129e+00	
 4.0287e+00	
 4.1209e+00	
 4.1631e+00	
 4.0331e+00	
 3.8038e+00	
 3.9156e+00	
 3.9444e+00	
 3.8342e+00	
 4.0971e+00	
 3.8881e+00	
 4.0302e+00	
 3.9723e+00	
 4.0740e+00	
 3.8493e+00	
 3.5592e+00	
 3.8548e+00	
 4.0949e+00	
 3.7710e+00	
 3.8428e+00	
 4.0362e+00	
 3.6453e+00	
 3.7969e+00	
 3.9957e+00	
 3.9393e+00	
 3.9775e+00	
 3.9137e+00	
 3.9562e+00	
 4.0717e+00	
 3.8402e+00	
 3.7983e+00	
 3.8538e+00	
 3.8654e+00	
 3.9982e+00	
 3.7310e+00	
 3.9787e+00	
 4.1345e+00	
 4.0706e+00	
 3.7591e+00	
 3.9635e+00	
 4.1362e+00	
 4.0056e+00	
 3.9488e+00	
 3.7160e+00	
 3.9160e+00	
 3.9611e+00	
 3.8821e+00	
 4.0789e+00	
 3.8619e+00	
 4.0033e+00	
 3.9382e+00	
 3.7130e+00	
 3.9246e+00	
 3.8362e+00	
 4.0592e+00	
 3.8800e+00	
 4.1201e+00	
 3.7765e+00	
 3.7877e+00	
 4.1386e+00	
 3.9800e+00	
 4.0239e+00	
 3.9765e+00	
 3.6916e+00	
 4.0478e+00	
 3.7230e+00	
 4.0087e+00	
 3.7332e+00	
 3.7893e+00	
 4.0794e+00	
 3.8482e+00	
 3.7701e+00	
 4.1949e+00	
 3.9901e+00	
 4.0852e+00	
 3.8879e+00	
 4.0167e+00	
 3.9091e+00	
 3.8194e+00	
 3.8937e+00	
 3.9285e+00	
 3.8788e+00	
 3.8385e+00	
 4.0105e+00	
 4.2490e+00	
 4.0074e+00	
 3.9206e+00	
 3.9190e+00	
 3.8806e+00	
 4.1428e+00	
 3.7837e+00	
 3.7690e+00	
 4.1948e+00	
 4.0681e+00	
 3.8716e+00	
 3.8615e+00	
 3.7568e+00	
 3.9272e+00	
 3.9822e+00	
 3.8162e+00	
 3.7262e+00	
 4.0248e+00	
 3.7684e+00	
 3.8484e+00	
 3.9901e+00	
 4.0361e+00	
 4.0406e+00	
 3.8358e+00	
 3.9207e+00	
 3.8304e+00	
 3.9989e+00	
 3.8158e+00	
 3.9487e+00	
 3.8363e+00	
 3.8168e+00	
 3.9547e+00	
 3.7376e+00	
 3.7324e+00	
 3.6844e+00	
 3.9491e+00	
 3.9534e+00	
 4.0917e+00	
 3.6992e+00	
 3.9055e+00	
 3.8288e+00	
 3.8155e+00	
 3.9531e+00	
 3.7907e+00	
 4.0834e+00	
 3.9214e+00	
 3.7872e+00	
 4.0609e+00	
 4.0146e+00	
 4.0062e+00	
 3.9778e+00	
 4.1426e+00	
 3.8432e+00	
 4.0450e+00	
 3.8290e+00	
 4.0185e+00	
 4.0859e+00	
 3.9449e+00	
 4.0203e+00	
 3.9039e+00	
 4.0544e+00	
 3.8195e+00	
 3.8685e+00	
 3.8829e+00	
 4.0213e+00	
 3.9325e+00	
 3.6723e+00	
 3.9149e+00	
 3.9178e+00	
 3.9823e+00	
 3.8499e+00	
 3.9890e+00	
 3.8300e+00	
 3.9110e+00	
 3.7758e+00	
 3.8280e+00	
 3.7806e+00	
 3.8577e+00	
 3.8958e+00	
 3.9673e+00	
 3.7074e+00	
 3.9711e+00	
 4.0105e+00	
 3.8364e+00	
 3.9601e+00	
 3.7231e+00	
 3.9530e+00	
 3.9982e+00	
 3.8558e+00	
 4.0110e+00	
 3.6356e+00	
 3.9160e+00	
 4.0316e+00	
 3.6937e+00	
 3.6888e+00	
 3.5342e+00	
 4.2053e+00	
 3.7416e+00	
 3.9552e+00	
 3.8077e+00	
 4.1595e+00	
 3.8866e+00	
 3.9207e+00	
 4.0636e+00	
 3.7126e+00	
 3.9324e+00	
 4.1194e+00	
 3.6907e+00	
 4.1047e+00	
 3.9197e+00	
 3.9001e+00	
 3.8772e+00	
 3.8682e+00	
 3.6792e+00	
 3.9779e+00	
 3.9492e+00	
 3.7151e+00	
 4.1575e+00	
 3.7215e+00	
 3.8233e+00	
 3.6508e+00	
 3.8776e+00	
 3.9887e+00	
 4.0292e+00	
 3.8054e+00	
 3.7569e+00	
 4.1100e+00	
 3.8842e+00	
 4.0254e+00	
 3.9639e+00	
 3.7907e+00	
 3.8726e+00	
 3.8967e+00	
 4.1274e+00	
 4.2725e+00	
 3.9230e+00	
 3.8685e+00	
 3.8536e+00	
 3.7169e+00	
 3.8552e+00	
 3.9609e+00	
 3.8020e+00	
 3.7763e+00	
 4.0893e+00	
 3.9125e+00	
 3.7941e+00	
 3.8253e+00	
 3.9280e+00	
 4.0753e+00	
 4.0595e+00	
 3.7735e+00	
 3.9162e+00	
 3.7743e+00	
 3.8227e+00	
 4.0033e+00	
 3.8292e+00	
 4.1419e+00	
 3.7966e+00	
 3.9653e+00	
 3.8418e+00	
 3.8149e+00	
 3.6407e+00	
 4.0979e+00	
 3.9429e+00	
 3.7959e+00	
 3.9696e+00	
 4.0350e+00	
 4.0544e+00	
 3.6483e+00	
 3.7987e+00	
 3.7907e+00	
 3.9568e+00	
 3.9032e+00	
 3.9956e+00	
 3.8185e+00	
 4.0604e+00	
 4.0060e+00	
 3.7862e+00	
 3.9800e+00	
 3.9969e+00	
 3.8407e+00	
 4.0779e+00	
 4.0837e+00	
 4.1124e+00	
 3.8543e+00	
 4.1534e+00	
 4.0563e+00	
 3.7443e+00	
 4.1043e+00	
 3.9054e+00	
 3.9172e+00	
 3.9979e+00	
 3.8829e+00	
 3.7757e+00	
 3.8395e+00	
 3.8487e+00	
 3.8664e+00	
 3.8855e+00	
 4.0002e+00	
 3.8505e+00	
 3.9516e+00	
 3.9479e+00	
 3.8879e+00	
 3.7387e+00	
 3.9297e+00	
 3.9391e+00	
 3.7523e+00	
 3.9223e+00	
 4.0759e+00	
 4.0740e+00	
 3.8538e+00	
 3.9629e+00	
 3.8101e+00	
 4.0571e+00	
 3.9475e+00	
 3.9984e+00	
 4.0503e+00	
 4.1788e+00	
 3.8334e+00	
 3.9606e+00	
 3.8013e+00	
 3.9576e+00	
 3.8175e+00	
 3.7885e+00	
 3.8622e+00	
 3.9970e+00	
 3.7794e+00	
 3.7302e+00	
 3.8756e+00	
 3.7894e+00	
 4.0980e+00	
 3.9556e+00	
 3.6013e+00	
 3.9362e+00	
 3.7442e+00	
 3.5214e+00	
 3.9853e+00	
 3.6993e+00	
 3.8080e+00	
 4.0030e+00	
 3.6565e+00	
 3.6426e+00	
 3.8601e+00	
 3.9323e+00	
 3.7776e+00	
 4.0162e+00	
 3.9324e+00	
 4.0511e+00	
 3.9830e+00	
 3.7230e+00	
 3.7783e+00	
 4.1162e+00	
 4.0720e+00	
 3.9681e+00	
 3.6207e+00	
 3.8693e+00	
 3.7991e+00	
 3.8935e+00	
 3.8167e+00	
 3.6984e+00	
 3.8358e+00	
 4.0039e+00	
 3.9993e+00	
 3.7777e+00	
 4.2327e+00	
 3.9644e+00	
 3.7447e+00	
 4.1654e+00	
 3.8778e+00	
 3.9740e+00	
 4.0400e+00	
 3.9661e+00	
 3.9537e+00	
 3.9068e+00	
 3.8748e+00	
 4.0997e+00	
 3.9571e+00	
 3.9927e+00	
 3.9161e+00	
 3.9086e+00	
 3.9206e+00	
 4.0703e+00	
 3.7187e+00	
 3.7545e+00	
 3.7669e+00	
 3.9335e+00	
 3.9204e+00	
 3.9742e+00	
 4.2288e+00	
 3.6849e+00	
 3.9969e+00	
 3.7372e+00	
 3.9690e+00	
 3.8160e+00	
 4.1410e+00	
 4.1175e+00	
 4.2143e+00	
 3.9964e+00	
 4.0488e+00	
 3.7458e+00	
 4.1406e+00	
 3.9045e+00	
 3.6738e+00	
 3.5242e+00	
 4.0327e+00	
 3.8718e+00	
 3.8074e+00	
 3.7979e+00	
 3.8912e+00	
 3.9022e+00	
 3.7181e+00	
 4.0528e+00	
 3.7895e+00	
 3.9435e+00	
 4.0222e+00	
 4.0256e+00	
 3.9772e+00	
 3.8998e+00	
 4.0143e+00	
 4.0195e+00	
 3.9754e+00	
 3.7264e+00	
 4.0826e+00	
 4.2476e+00	
 3.8973e+00	
 3.5955e+00	
 4.0652e+00	
 3.8356e+00	
 3.8753e+00	
 3.9045e+00	
 3.9390e+00	
 4.1721e+00	
 3.9603e+00	
 3.8561e+00	
 3.8853e+00	
 3.7914e+00	
 4.0707e+00	
 4.0404e+00	
 3.8510e+00	
 3.9798e+00	
 4.0102e+00	
 3.8126e+00	
 3.9909e+00	
 3.6291e+00	
 3.8706e+00	
 3.5473e+00	
 3.9175e+00	
 3.6563e+00	
 3.6652e+00	
 3.8829e+00	
 3.8152e+00	
 3.8417e+00	
 3.9871e+00	
 3.8327e+00	
 3.9366e+00	
 3.8071e+00	
 3.9121e+00	
 3.9995e+00	
 4.0253e+00	
 3.6932e+00	
 3.9241e+00	
 3.9557e+00	
 3.9529e+00	
 3.9154e+00	
 3.7474e+00	
 3.8782e+00	
 3.8830e+00	
 3.9735e+00	
 3.9376e+00	
 3.6975e+00	
 3.8282e+00	
 3.8521e+00	
 3.7242e+00	
 3.9839e+00	
 3.6791e+00	
 3.7432e+00	
 3.9536e+00	
 3.8113e+00	
 3.8903e+00	
 3.8419e+00	
 3.9897e+00	
 3.8618e+00	
 3.9203e+00	
 3.7717e+00	
 3.8586e+00	
 4.1190e+00	
 4.0258e+00	
 3.8740e+00	
 3.8618e+00	
 3.7990e+00	
 3.8828e+00	
 3.7482e+00	
 3.8773e+00	
 4.0359e+00	
 3.8848e+00	
 3.9768e+00	
 3.9890e+00	
 3.8296e+00	
 3.6565e+00	
 3.8262e+00	
 3.9570e+00	
 3.7506e+00	
 3.8484e+00	
 3.8216e+00	
 3.9877e+00	
 4.1644e+00	
 3.9072e+00	
 3.9053e+00	
 4.0553e+00	
 3.8793e+00	
 3.9567e+00	
 3.7951e+00	
 3.9686e+00	
 3.9543e+00	
 3.8044e+00	
 3.8186e+00	
 3.9398e+00	
 4.0336e+00	
 3.8250e+00	
 3.6106e+00	
 4.1096e+00	
 4.0996e+00	
 3.9899e+00	
 4.0831e+00	
 3.8985e+00	
 3.7454e+00	
 3.8413e+00	
 4.0180e+00	
 3.9714e+00	
 3.6680e+00	
 3.9655e+00	
 4.0711e+00	
 3.9497e+00	
 3.8802e+00	
 3.9172e+00	
 3.7948e+00	
 3.9446e+00	
 3.7843e+00	
 4.0084e+00	
 4.1353e+00	
 3.6615e+00	
 3.9790e+00	
 3.8995e+00	
 4.2106e+00	
 3.9796e+00	
 4.0670e+00	
 3.8568e+00	
 4.0302e+00	
 3.8480e+00	
 3.7469e+00	
 3.8177e+00	
 3.9398e+00	
 3.6428e+00	
 4.0047e+00	
 4.0471e+00	
 3.7095e+00	
 4.0065e+00	
 4.0689e+00	
 3.7884e+00	
 4.0780e+00	
 3.9004e+00	
 3.9621e+00	
 3.9034e+00	
 3.8412e+00	
 3.8758e+00	
 3.8344e+00	
 4.0019e+00	
 3.9990e+00	
 3.5624e+00	
 3.8115e+00	
 3.9958e+00	
 3.8055e+00	
 3.7957e+00	
 3.8545e+00	
 3.7784e+00	
 3.8020e+00	
 4.0213e+00	
 3.9117e+00	
 4.1217e+00	
 4.0253e+00	
 3.8315e+00	
 3.9984e+00	
 3.8412e+00	
 3.8435e+00	
 4.0722e+00	
 4.1190e+00	
 4.0604e+00	
 3.8694e+00	
 4.0909e+00	
 3.7348e+00	
 3.6544e+00	
 3.9582e+00	
 3.9517e+00	
 3.9333e+00	
 3.7082e+00	
 3.9641e+00	
 3.9606e+00	
 3.9241e+00	
 3.9484e+00	
 3.7160e+00	
 3.9831e+00	
 4.1128e+00	
 3.9249e+00	
 3.8306e+00	
 4.0337e+00	
 3.6828e+00	
 4.0616e+00	
 4.0384e+00	
 4.0220e+00	
 3.8713e+00	
 4.0910e+00	
 4.0504e+00	
 3.9635e+00	
 3.9550e+00	
 3.9716e+00	
 4.0163e+00	
 3.9629e+00	
 3.9235e+00	
 4.0224e+00	
 4.0184e+00	
 3.9406e+00	
 4.0016e+00	
 3.6969e+00	
 3.9726e+00	
 3.9581e+00	
 3.9646e+00	
 4.0125e+00	
 3.9177e+00	
 3.9990e+00	
 3.7024e+00	
 4.1581e+00	
 3.9034e+00	
 3.7954e+00	
 3.8459e+00	
 3.9709e+00	
 3.9264e+00	
 3.9538e+00	
 3.9235e+00	
 4.1472e+00	
 3.8539e+00	
 3.9989e+00	
 3.8963e+00	
 4.0591e+00	
 3.8241e+00	
 3.7508e+00	
 3.7386e+00	
 3.9225e+00	
 4.0181e+00	
 3.8607e+00	
 4.2923e+00	
 4.0943e+00	
 4.4372e+00	
 4.1099e+00	
 3.9957e+00	
 3.7687e+00	
 3.9284e+00	
 3.6580e+00	
 3.9562e+00	
 3.8862e+00	
 4.2124e+00	
 4.1765e+00	
 3.6825e+00	
 3.7889e+00	
 3.7905e+00	
 4.0700e+00	
 3.8376e+00	
 4.0123e+00	
 3.6847e+00	
 3.9008e+00	
 3.7751e+00	
 3.8116e+00	
 3.7039e+00	
 3.8410e+00	
 4.0825e+00	
 3.8655e+00	
 3.8196e+00	
 3.6931e+00	
 3.6276e+00	
 3.7973e+00	
 3.7395e+00	
 4.1694e+00	
 3.8656e+00	
 3.9452e+00	
 4.0109e+00	
 3.8452e+00	
 3.8744e+00	
 4.0445e+00	
 3.8414e+00	
 3.7279e+00	
 3.7012e+00	
 3.7206e+00	
 4.0163e+00	
 3.9886e+00	
 3.8105e+00	
 3.8720e+00	
 3.7151e+00	
 3.9328e+00	
 3.8879e+00	
 3.7609e+00	
 3.8605e+00	
 4.1095e+00	
 3.6930e+00	
 3.7429e+00	
 3.9501e+00	
 4.0254e+00	
 4.0937e+00	
 3.9543e+00	
 3.6957e+00	
 3.9111e+00	
 3.7726e+00	
 3.9937e+00	
 3.8562e+00	
 3.9207e+00	
 4.1970e+00	
 3.7266e+00	
 3.9032e+00	
 3.8034e+00	
 3.6618e+00	
 3.8200e+00	
 4.1156e+00	
 3.7651e+00	
 4.0043e+00	
 3.8791e+00	
 3.9336e+00	
 4.0286e+00	
 4.0458e+00	
 3.8607e+00	
 4.1050e+00	
 3.8466e+00	
 4.1032e+00	
 3.8642e+00	
 4.2087e+00	
 3.8450e+00	
 4.1809e+00	
 4.0908e+00	
 3.7507e+00	
 3.8054e+00	
 4.0439e+00	
 3.8330e+00	
 3.8140e+00	
 3.7653e+00	
 3.8663e+00	
