CUDA_VISIBLE_DEVICES=0 th -i main.lua -path2save ./rslt/overfeat_0 -lr 1e-1 -lrd 0 -wd 1e-3 -m 0.6 -lrf_conv 10
CUDA_VISIBLE_DEVICES=0 th -i main.lua -path2save ./rslt/exp2_overfeat_0 -lr 5e-1 -lrd 0 -wd 1e-3 -m 0.6 -lrf_conv 10
CUDA_VISIBLE_DEVICES=1 th -i main.lua -path2save ./rslt/exp2_overfeat_1 -lr 3e-1 -lrd 0 -wd 1e-3 -m 0.6 -lrf_conv 10
CUDA_VISIBLE_DEVICES=0 th -i main.lua -path2save ./rslt/exp2_overfeat_0 -lr 5e-1 -lrd 0 -wd 1e-3 -m 0.6 -lrf_conv 10
CUDA_VISIBLE_DEVICES=2 th -i main.lua -path2save ./rslt/exp2_overfeat_2 -lr 3e-1 -lrd 0 -wd 1e-3 -m 0.6 -lrf_conv 10
CUDA_VISIBLE_DEVICES=3 th -i main.lua -path2save ./rslt/exp2_overfeat_3 -lr 2e-1 -lrd 0 -wd 1e-3 -m 0.6 -lrf_conv 10
CUDA_VISIBLE_DEVICES=4 th -i main.lua -path2save ./rslt/exp2_overfeat_4 -lr 9e-2 -lrd 0 -wd 1e-3 -m 0.6 -lrf_conv 10
CUDA_VISIBLE_DEVICES=5 th -i main.lua -path2save ./rslt/exp2_overfeat_5 -lr 8e-2 -lrd 0 -wd 1e-3 -m 0.6 -lrf_conv 10
CUDA_VISIBLE_DEVICES=6 th -i main.lua -path2save ./rslt/exp2_overfeat_6 -lr 7e-2 -lrd 0 -wd 1e-3 -m 0.6 -lrf_conv 10
CUDA_VISIBLE_DEVICES=0 th -i main.lua -path2save ./rslt/exp3_overfeat_0 -lr 3e-1 -lrd 1e-4 -wd 1e-3 -m 0.6 -lrf_conv 10
CUDA_VISIBLE_DEVICES=0 th -i main.lua -path2save ./rslt/exp3_overfeat_0 -lr 3e-1 -lrd 2e-4 -wd 1e-3 -m 0.6 -lrf_conv 10
CUDA_VISIBLE_DEVICES=0 th -i main.lua -path2save ./rslt/exp3_overfeat_0 -lr 3e-1 -lrd 3e-4 -wd 1e-3 -m 0.6 -lrf_conv 10
CUDA_VISIBLE_DEVICES=0 th -i main.lua -path2save ./rslt/exp3_overfeat_0 -lr 3e-1 -lrd 4e-4 -wd 1e-3 -m 0.6 -lrf_conv 10
CUDA_VISIBLE_DEVICES=0 th -i main.lua -path2save ./rslt/exp3_overfeat_0 -lr 3e-1 -lrd 1e-4 -wd 1e-3 -m 0.6 -lrf_conv 10
CUDA_VISIBLE_DEVICES=2 th -i main.lua -path2save ./rslt/exp3_overfeat_2 -lr 3e-1 -lrd 2e-4 -wd 1e-3 -m 0.6 -lrf_conv 10
CUDA_VISIBLE_DEVICES=3 th -i main.lua -path2save ./rslt/exp3_overfeat_3 -lr 3e-1 -lrd 3e-4 -wd 1e-3 -m 0.6 -lrf_conv 10
CUDA_VISIBLE_DEVICES=4 th -i main.lua -path2save ./rslt/exp3_overfeat_4 -lr 3e-1 -lrd 4e-4 -wd 1e-3 -m 0.6 -lrf_conv 10
CUDA_VISIBLE_DEVICES=5 th -i main.lua -path2save ./rslt/exp3_overfeat_5 -lr 3e-1 -lrd 5e-4 -wd 1e-3 -m 0.6 -lrf_conv 10
CUDA_VISIBLE_DEVICES=6 th -i main.lua -path2save ./rslt/exp3_overfeat_6 -lr 3e-1 -lrd 9e-5 -wd 1e-3 -m 0.6 -lrf_conv 10
CUDA_VISIBLE_DEVICES=0 th -i main.lua -path2save ./rslt/exp4_overfeat_0 -lr 3e-1 -lrd 5e-4 -wd 5e-1 -m 0.6 -lrf_conv 10
CUDA_VISIBLE_DEVICES=0 th -i main.lua -path2save ./rslt/exp4_overfeat_0 -lr 3e-1 -lrd 5e-4 -wd 5e-1 -m 0.6 -lrf_conv 10
CUDA_VISIBLE_DEVICES=2 th -i main.lua -path2save ./rslt/exp4_overfeat_2 -lr 3e-1 -lrd 5e-4 -wd 1e-1 -m 0.6 -lrf_conv 10
CUDA_VISIBLE_DEVICES=3 th -i main.lua -path2save ./rslt/exp4_overfeat_3 -lr 3e-1 -lrd 5e-4 -wd 5e-2 -m 0.6 -lrf_conv 10
CUDA_VISIBLE_DEVICES=4 th -i main.lua -path2save ./rslt/exp4_overfeat_4 -lr 3e-1 -lrd 5e-4 -wd 1e-2 -m 0.6 -lrf_conv 10
CUDA_VISIBLE_DEVICES=5 th -i main.lua -path2save ./rslt/exp4_overfeat_5 -lr 3e-1 -lrd 5e-4 -wd 5e-3 -m 0.6 -lrf_conv 10
CUDA_VISIBLE_DEVICES=0 th -i main.lua -path2save ./rslt/exp1_scratch_0 -lr 5e-4 -lrd 8e-5 -wd 1e-3 -m 0.6 -lrf_conv 1 -pretrain 0
CUDA_VISIBLE_DEVICES=1 th -i main.lua -path2save ./rslt/exp1_scratch_1 -lr 1e-3 -lrd 8e-5 -wd 1e-3 -m 0.6 -lrf_conv 1 -pretrain 0
CUDA_VISIBLE_DEVICES=2 th -i main.lua -path2save ./rslt/exp1_scratch_2 -lr 5e-3 -lrd 8e-5 -wd 1e-3 -m 0.6 -lrf_conv 1 -pretrain 0
CUDA_VISIBLE_DEVICES=3 th -i main.lua -path2save ./rslt/exp1_scratch_3 -lr 1e-2 -lrd 8e-5 -wd 1e-3 -m 0.6 -lrf_conv 1 -pretrain 0
CUDA_VISIBLE_DEVICES=4 th -i main.lua -path2save ./rslt/exp1_scratch_4 -lr 5e-2 -lrd 8e-5 -wd 1e-3 -m 0.6 -lrf_conv 1 -pretrain 0
CUDA_VISIBLE_DEVICES=5 th -i main.lua -path2save ./rslt/exp1_scratch_5 -lr 1e-1 -lrd 8e-5 -wd 1e-3 -m 0.6 -lrf_conv 1 -pretrain 0
CUDA_VISIBLE_DEVICES=0 th -i main.lua -path2save ./rslt/exp1_scratch_0_2 -lr 6e-1 -lrd 8e-5 -wd 1e-3 -m 0.6 -lrf_conv 1 -pretrain 0
CUDA_VISIBLE_DEVICES=1 th -i main.lua -path2save ./rslt/exp1_scratch_1_2 -lr 4e-1 -lrd 8e-5 -wd 1e-3 -m 0.6 -lrf_conv 1 -pretrain 0
CUDA_VISIBLE_DEVICES=2 th -i main.lua -path2save ./rslt/exp1_scratch_2_2 -lr 2e-1 -lrd 8e-5 -wd 1e-3 -m 0.6 -lrf_conv 1 -pretrain 0
CUDA_VISIBLE_DEVICES=3 th -i main.lua -path2save ./rslt/exp1_scratch_3_2 -lr 8e-1 -lrd 8e-5 -wd 1e-3 -m 0.6 -lrf_conv 1 -pretrain 0
CUDA_VISIBLE_DEVICES=0 th -i augmented.lua -path2save ./rslt/augmented_exp1_gpu0 -lr 3e-1 -lrd 5e-4 -wd 1e-3 -m 0.6 -lrf_conv 10 -pretrain 1
CUDA_VISIBLE_DEVICES=2 th -i augmented.lua -path2save ./rslt/augmented_exp1_gpu2 -lr 1e-1 -lrd 5e-4 -wd 1e-3 -m 0.6 -lrf_conv 10 -pretrain 1
CUDA_VISIBLE_DEVICES=3 th -i augmented.lua -path2save ./rslt/augmented_exp1_gpu3 -lr 8e-1 -lrd 3e-4 -wd 1e-3 -m 0.6 -lrf_conv 10 -pretrain 1
CUDA_VISIBLE_DEVICES=4 th -i augmented.lua -path2save ./rslt/augmented_exp1_gpu4 -lr 3e-1 -lrd 3e-4 -wd 1e-3 -m 0.9 -lrf_conv 10 -pretrain 1
CUDA_VISIBLE_DEVICES=5 th -i augmented.lua -path2save ./rslt/augmented_exp1_gpu5 -lr 7e-2 -lrd 3e-4 -wd 1e-3 -m 0.9 -lrf_conv 10 -pretrain 1
