loss	
 4.6309e+00	
 4.6629e+00	
 4.6001e+00	
 4.6224e+00	
 4.6243e+00	
 4.5934e+00	
 4.5852e+00	
 4.6282e+00	
 4.5973e+00	
 4.6082e+00	
 4.6065e+00	
 4.6343e+00	
 4.6481e+00	
 4.6587e+00	
 4.6221e+00	
 4.5881e+00	
 4.6096e+00	
 4.6396e+00	
 4.6253e+00	
 4.5965e+00	
 4.5867e+00	
 4.6117e+00	
 4.5745e+00	
 4.6206e+00	
 4.6438e+00	
 4.5783e+00	
 4.6579e+00	
 4.5643e+00	
 4.6223e+00	
 4.5973e+00	
 4.5990e+00	
 4.5893e+00	
 4.6240e+00	
 4.6429e+00	
 4.5822e+00	
 4.6442e+00	
 4.6149e+00	
 4.5774e+00	
 4.5734e+00	
 4.6264e+00	
 4.5996e+00	
 4.5736e+00	
 4.6143e+00	
 4.5847e+00	
 4.6045e+00	
 4.5862e+00	
 4.6253e+00	
 4.5806e+00	
 4.6264e+00	
