loss	
 4.6309e+00	
 4.6512e+00	
 4.6021e+00	
 4.6178e+00	
 4.6145e+00	
 4.6114e+00	
 4.6248e+00	
 4.6260e+00	
 4.5955e+00	
 4.6050e+00	
 4.6052e+00	
 4.6120e+00	
 4.6406e+00	
 4.6260e+00	
 4.6197e+00	
 4.6075e+00	
 4.6146e+00	
 4.6189e+00	
 4.6212e+00	
 4.6219e+00	
 4.6003e+00	
 4.6347e+00	
 4.5922e+00	
 4.6368e+00	
 4.6140e+00	
 4.6062e+00	
 4.6189e+00	
 4.5933e+00	
 4.6070e+00	
 4.6252e+00	
 4.6050e+00	
 4.5963e+00	
 4.6225e+00	
 4.6310e+00	
 4.6075e+00	
 4.6154e+00	
 4.6160e+00	
 4.6023e+00	
 4.6211e+00	
 4.6021e+00	
 4.6094e+00	
 4.6139e+00	
 4.6220e+00	
 4.6258e+00	
 4.6220e+00	
 4.6119e+00	
 4.6096e+00	
 4.6206e+00	
 4.6177e+00	
 4.6019e+00	
 4.6007e+00	
 4.6220e+00	
 4.6126e+00	
 4.6254e+00	
 4.5949e+00	
 4.6197e+00	
 4.6148e+00	
 4.6086e+00	
 4.6148e+00	
 4.6177e+00	
 4.6124e+00	
 4.6037e+00	
 4.6123e+00	
 4.6214e+00	
 4.6200e+00	
 4.6237e+00	
 4.5810e+00	
 4.5835e+00	
 4.6069e+00	
 4.6276e+00	
 4.6143e+00	
 4.6140e+00	
 4.6179e+00	
 4.6230e+00	
 4.5912e+00	
 4.6254e+00	
 4.5898e+00	
 4.5887e+00	
 4.6182e+00	
 4.6197e+00	
 4.6007e+00	
 4.6172e+00	
 4.6170e+00	
 4.6204e+00	
 4.6321e+00	
 4.6397e+00	
 4.6073e+00	
 4.6347e+00	
 4.6325e+00	
 4.6077e+00	
 4.6208e+00	
 4.6148e+00	
 4.6161e+00	
 4.6090e+00	
 4.6271e+00	
 4.6036e+00	
 4.6133e+00	
 4.5969e+00	
 4.6140e+00	
 4.5888e+00	
 4.5901e+00	
 4.6039e+00	
 4.6121e+00	
 4.6117e+00	
 4.6089e+00	
 4.6090e+00	
 4.6186e+00	
 4.5907e+00	
 4.6056e+00	
 4.6086e+00	
 4.5923e+00	
 4.6470e+00	
 4.5987e+00	
 4.5914e+00	
 4.5786e+00	
 4.5897e+00	
 4.5966e+00	
 4.5766e+00	
 4.6094e+00	
 4.6132e+00	
 4.6426e+00	
 4.6275e+00	
 4.5894e+00	
 4.5929e+00	
 4.6245e+00	
 4.5899e+00	
 4.5984e+00	
 4.6334e+00	
 4.6169e+00	
 4.6222e+00	
 4.6273e+00	
 4.6317e+00	
 4.5940e+00	
 4.5860e+00	
 4.6137e+00	
 4.6114e+00	
 4.6099e+00	
 4.6127e+00	
 4.6134e+00	
 4.5955e+00	
 4.6349e+00	
 4.6023e+00	
 4.6232e+00	
 4.6195e+00	
 4.5936e+00	
 4.5836e+00	
 4.6127e+00	
 4.5896e+00	
 4.6206e+00	
 4.6032e+00	
 4.5917e+00	
 4.6117e+00	
 4.5993e+00	
 4.6040e+00	
 4.5887e+00	
 4.5846e+00	
 4.6167e+00	
 4.5872e+00	
 4.6172e+00	
 4.6054e+00	
 4.6030e+00	
 4.6062e+00	
 4.5946e+00	
 4.5967e+00	
 4.6017e+00	
 4.5815e+00	
 4.5925e+00	
 4.6171e+00	
 4.6018e+00	
 4.5951e+00	
 4.6039e+00	
 4.6039e+00	
 4.6140e+00	
 4.6233e+00	
 4.6051e+00	
 4.5920e+00	
 4.6195e+00	
 4.6129e+00	
 4.5912e+00	
 4.6014e+00	
 4.5990e+00	
 4.6188e+00	
 4.6057e+00	
 4.5947e+00	
 4.5895e+00	
 4.5992e+00	
 4.5971e+00	
 4.5962e+00	
 4.5850e+00	
 4.5959e+00	
 4.5941e+00	
 4.5801e+00	
 4.6036e+00	
 4.6044e+00	
 4.6018e+00	
 4.5910e+00	
 4.5583e+00	
 4.5904e+00	
 4.6095e+00	
 4.6151e+00	
 4.6012e+00	
 4.5884e+00	
 4.6049e+00	
 4.5907e+00	
 4.5813e+00	
 4.6059e+00	
 4.6083e+00	
 4.6071e+00	
 4.6158e+00	
 4.5982e+00	
 4.5926e+00	
 4.5686e+00	
 4.6182e+00	
 4.5943e+00	
 4.5998e+00	
 4.6010e+00	
 4.6220e+00	
 4.6056e+00	
 4.6081e+00	
 4.6127e+00	
 4.5788e+00	
 4.5841e+00	
 4.5711e+00	
 4.6249e+00	
 4.6061e+00	
 4.5872e+00	
 4.6167e+00	
 4.5834e+00	
 4.5845e+00	
 4.5920e+00	
 4.5826e+00	
 4.5916e+00	
 4.5786e+00	
 4.6247e+00	
 4.6099e+00	
 4.5722e+00	
 4.6241e+00	
 4.5623e+00	
 4.5763e+00	
 4.6153e+00	
 4.5959e+00	
 4.6017e+00	
 4.5969e+00	
 4.6067e+00	
 4.6068e+00	
 4.5974e+00	
 4.6023e+00	
 4.5877e+00	
 4.6194e+00	
 4.5752e+00	
 4.5907e+00	
 4.5975e+00	
 4.6000e+00	
 4.5952e+00	
 4.5848e+00	
 4.5902e+00	
 4.6061e+00	
 4.5918e+00	
 4.5927e+00	
 4.5779e+00	
 4.6123e+00	
 4.5821e+00	
 4.5828e+00	
 4.5994e+00	
 4.5853e+00	
 4.6011e+00	
 4.5979e+00	
 4.5907e+00	
 4.5665e+00	
 4.6146e+00	
 4.5930e+00	
 4.5897e+00	
 4.6097e+00	
 4.5855e+00	
 4.6043e+00	
 4.5908e+00	
 4.5996e+00	
 4.5971e+00	
 4.5963e+00	
 4.5974e+00	
 4.5810e+00	
 4.6221e+00	
 4.5925e+00	
 4.5965e+00	
 4.5909e+00	
 4.5799e+00	
 4.6010e+00	
 4.5857e+00	
 4.5512e+00	
 4.5910e+00	
 4.5620e+00	
 4.5944e+00	
 4.6235e+00	
 4.5857e+00	
 4.5935e+00	
 4.5852e+00	
 4.5878e+00	
 4.5813e+00	
 4.5807e+00	
 4.5968e+00	
 4.5803e+00	
 4.6004e+00	
 4.5856e+00	
 4.5805e+00	
 4.5811e+00	
 4.5564e+00	
 4.5849e+00	
 4.5747e+00	
 4.6004e+00	
 4.6052e+00	
 4.5699e+00	
 4.6049e+00	
 4.5476e+00	
 4.5575e+00	
 4.5839e+00	
 4.5960e+00	
 4.5926e+00	
 4.5731e+00	
 4.5528e+00	
 4.5667e+00	
 4.5804e+00	
 4.5942e+00	
 4.5346e+00	
 4.5866e+00	
 4.5733e+00	
 4.5749e+00	
 4.5926e+00	
 4.5857e+00	
 4.5963e+00	
 4.5907e+00	
 4.5604e+00	
 4.5804e+00	
 4.5470e+00	
 4.5833e+00	
 4.5562e+00	
 4.5635e+00	
 4.5827e+00	
 4.5950e+00	
 4.5798e+00	
 4.5703e+00	
 4.5804e+00	
 4.5726e+00	
 4.5551e+00	
 4.5900e+00	
 4.6030e+00	
 4.5848e+00	
 4.5817e+00	
 4.5751e+00	
 4.5524e+00	
 4.5913e+00	
 4.6136e+00	
 4.5740e+00	
 4.6060e+00	
 4.5603e+00	
 4.5792e+00	
 4.5547e+00	
 4.5751e+00	
 4.5829e+00	
 4.5841e+00	
 4.5931e+00	
 4.5861e+00	
 4.5746e+00	
 4.5701e+00	
 4.5657e+00	
 4.5649e+00	
 4.5429e+00	
 4.5848e+00	
 4.5511e+00	
 4.6014e+00	
 4.5857e+00	
 4.5827e+00	
 4.5816e+00	
 4.5440e+00	
 4.5842e+00	
 4.5611e+00	
 4.5606e+00	
 4.5803e+00	
 4.5864e+00	
 4.6013e+00	
 4.5833e+00	
 4.5449e+00	
 4.5725e+00	
 4.5580e+00	
 4.5778e+00	
 4.5501e+00	
 4.5492e+00	
 4.5813e+00	
 4.5805e+00	
 4.6141e+00	
 4.6149e+00	
 4.5917e+00	
 4.5393e+00	
 4.5364e+00	
 4.5701e+00	
 4.5422e+00	
 4.5651e+00	
 4.5777e+00	
 4.5737e+00	
 4.5576e+00	
 4.5358e+00	
 4.5674e+00	
 4.5488e+00	
 4.5735e+00	
 4.5824e+00	
 4.5339e+00	
 4.5776e+00	
 4.5683e+00	
 4.5293e+00	
 4.5397e+00	
 4.5400e+00	
 4.5567e+00	
 4.5819e+00	
 4.5415e+00	
 4.5247e+00	
 4.5408e+00	
 4.5700e+00	
 4.5330e+00	
 4.5454e+00	
 4.5934e+00	
 4.5017e+00	
 4.5807e+00	
 4.5784e+00	
 4.5262e+00	
 4.5468e+00	
 4.5670e+00	
 4.5735e+00	
 4.5729e+00	
 4.5671e+00	
 4.5325e+00	
 4.5486e+00	
 4.5863e+00	
 4.5689e+00	
 4.5474e+00	
 4.5429e+00	
 4.5426e+00	
 4.5529e+00	
 4.5546e+00	
 4.5664e+00	
 4.5461e+00	
 4.5334e+00	
 4.5884e+00	
 4.5818e+00	
 4.5628e+00	
 4.5466e+00	
 4.5282e+00	
 4.5323e+00	
 4.5604e+00	
 4.5753e+00	
 4.5650e+00	
 4.5902e+00	
 4.5409e+00	
 4.5282e+00	
 4.5179e+00	
 4.5425e+00	
 4.5111e+00	
 4.5360e+00	
 4.5276e+00	
 4.5416e+00	
 4.5350e+00	
 4.5347e+00	
 4.5223e+00	
 4.5601e+00	
 4.5760e+00	
 4.5568e+00	
 4.5484e+00	
 4.5593e+00	
 4.5432e+00	
 4.5366e+00	
 4.5499e+00	
 4.5423e+00	
 4.5149e+00	
 4.5516e+00	
 4.5140e+00	
 4.5096e+00	
 4.5622e+00	
 4.4873e+00	
 4.5521e+00	
 4.5567e+00	
 4.5686e+00	
 4.5441e+00	
 4.5405e+00	
 4.5224e+00	
 4.5399e+00	
 4.5295e+00	
 4.5114e+00	
 4.5572e+00	
 4.5226e+00	
 4.5986e+00	
 4.5285e+00	
 4.5348e+00	
 4.5315e+00	
 4.5154e+00	
 4.5238e+00	
 4.5261e+00	
 4.5673e+00	
 4.5139e+00	
 4.4865e+00	
 4.5183e+00	
 4.5679e+00	
 4.5692e+00	
 4.5658e+00	
 4.4956e+00	
 4.5353e+00	
 4.5237e+00	
 4.5015e+00	
 4.5434e+00	
 4.5289e+00	
 4.5110e+00	
 4.5166e+00	
 4.4678e+00	
 4.5258e+00	
 4.5075e+00	
 4.4571e+00	
 4.5370e+00	
 4.5280e+00	
 4.5484e+00	
 4.5428e+00	
 4.4970e+00	
 4.4909e+00	
 4.4625e+00	
 4.5053e+00	
 4.4659e+00	
 4.4676e+00	
 4.5006e+00	
 4.5695e+00	
 4.5245e+00	
 4.4885e+00	
 4.5364e+00	
 4.5049e+00	
 4.5192e+00	
 4.5812e+00	
 4.5494e+00	
 4.5137e+00	
 4.5109e+00	
 4.5382e+00	
 4.4499e+00	
 4.4993e+00	
 4.4980e+00	
 4.5170e+00	
 4.5715e+00	
 4.5013e+00	
 4.5832e+00	
 4.5323e+00	
 4.5062e+00	
 4.5046e+00	
 4.5024e+00	
 4.4723e+00	
 4.5442e+00	
 4.5818e+00	
 4.5181e+00	
 4.5327e+00	
 4.5448e+00	
 4.5116e+00	
 4.5122e+00	
 4.5538e+00	
 4.5108e+00	
 4.4808e+00	
 4.4957e+00	
 4.4849e+00	
 4.4545e+00	
 4.4654e+00	
 4.5143e+00	
 4.4220e+00	
 4.4860e+00	
 4.4796e+00	
 4.4835e+00	
 4.4663e+00	
 4.4747e+00	
 4.5351e+00	
 4.4487e+00	
 4.5079e+00	
 4.4786e+00	
 4.4382e+00	
 4.4416e+00	
 4.5380e+00	
 4.4454e+00	
 4.4703e+00	
 4.4697e+00	
 4.4300e+00	
 4.4836e+00	
 4.4123e+00	
 4.4885e+00	
 4.5061e+00	
 4.4067e+00	
 4.4452e+00	
 4.4183e+00	
 4.5015e+00	
 4.4705e+00	
 4.3960e+00	
 4.4595e+00	
 4.4212e+00	
 4.5018e+00	
 4.4871e+00	
 4.4300e+00	
 4.4430e+00	
 4.4527e+00	
 4.4801e+00	
 4.4352e+00	
 4.5211e+00	
 4.5184e+00	
 4.4275e+00	
 4.3740e+00	
 4.5298e+00	
 4.4544e+00	
 4.4104e+00	
 4.4293e+00	
 4.4243e+00	
 4.4485e+00	
 4.3895e+00	
 4.4502e+00	
 4.4831e+00	
 4.4465e+00	
 4.4455e+00	
 4.4581e+00	
 4.4527e+00	
 4.3523e+00	
 4.5138e+00	
 4.4301e+00	
 4.3464e+00	
 4.4833e+00	
 4.5245e+00	
 4.3898e+00	
 4.4384e+00	
 4.3445e+00	
 4.4380e+00	
 4.4654e+00	
 4.4541e+00	
 4.3715e+00	
 4.4000e+00	
 4.3510e+00	
 4.3931e+00	
 4.3761e+00	
 4.4633e+00	
 4.3976e+00	
 4.4169e+00	
 4.3491e+00	
 4.5233e+00	
 4.3704e+00	
 4.4136e+00	
 4.4088e+00	
 4.4193e+00	
 4.3196e+00	
 4.4625e+00	
 4.3336e+00	
 4.3549e+00	
 4.3728e+00	
 4.3523e+00	
 4.3584e+00	
 4.3874e+00	
 4.3162e+00	
 4.4653e+00	
 4.4912e+00	
 4.4188e+00	
 4.4373e+00	
 4.4350e+00	
 4.3547e+00	
 4.4305e+00	
 4.3159e+00	
 4.2413e+00	
 4.3723e+00	
 4.4342e+00	
 4.4076e+00	
 4.3533e+00	
 4.3604e+00	
 4.3312e+00	
 4.2926e+00	
 4.4404e+00	
 4.4264e+00	
 4.3853e+00	
 4.4040e+00	
 4.3591e+00	
 4.4117e+00	
 4.3007e+00	
 4.2713e+00	
 4.2709e+00	
 4.2494e+00	
 4.3144e+00	
 4.2624e+00	
 4.3133e+00	
 4.4145e+00	
 4.3503e+00	
 4.2551e+00	
 4.4075e+00	
 4.3002e+00	
 4.3437e+00	
 4.3664e+00	
 4.3476e+00	
 4.3234e+00	
 4.3433e+00	
 4.3224e+00	
 4.3932e+00	
 4.2837e+00	
 4.2769e+00	
 4.3061e+00	
 4.4688e+00	
 4.3949e+00	
 4.3621e+00	
 4.2780e+00	
 4.3438e+00	
 4.4254e+00	
 4.2576e+00	
 4.3520e+00	
 4.3281e+00	
 4.1864e+00	
 4.2652e+00	
 4.3881e+00	
 4.3216e+00	
 4.3966e+00	
 4.3661e+00	
 4.2208e+00	
 4.3275e+00	
 4.2907e+00	
 4.3924e+00	
 4.1118e+00	
 4.2058e+00	
 4.2962e+00	
 4.3999e+00	
 4.2840e+00	
 4.2489e+00	
 4.1459e+00	
 4.1195e+00	
 4.2594e+00	
 4.2338e+00	
 4.2707e+00	
 4.2118e+00	
 4.4606e+00	
 4.1162e+00	
 4.2106e+00	
 4.2601e+00	
 4.2772e+00	
 4.3460e+00	
 4.2098e+00	
 4.0955e+00	
 4.3011e+00	
 4.2655e+00	
 4.4190e+00	
 4.2405e+00	
 4.4061e+00	
 4.3089e+00	
 4.2679e+00	
 4.2769e+00	
 4.3070e+00	
 4.0918e+00	
 4.1764e+00	
 4.1245e+00	
 4.2048e+00	
 4.3516e+00	
 4.1755e+00	
 4.3232e+00	
 4.2297e+00	
 4.2156e+00	
 4.2196e+00	
 4.3366e+00	
 4.0994e+00	
 4.1913e+00	
 4.2631e+00	
 4.1846e+00	
 4.3262e+00	
 4.1539e+00	
 4.0958e+00	
 4.3323e+00	
 4.1829e+00	
 4.1215e+00	
 4.0776e+00	
 4.2489e+00	
 4.1066e+00	
 4.1170e+00	
 4.0986e+00	
 4.2799e+00	
 4.1530e+00	
 4.0974e+00	
 4.4031e+00	
 4.1875e+00	
 4.1580e+00	
 4.2437e+00	
 4.1746e+00	
 4.3612e+00	
 4.2960e+00	
 4.3493e+00	
 4.1293e+00	
 4.1600e+00	
 3.9049e+00	
 4.2989e+00	
 4.2425e+00	
 4.1786e+00	
 4.1212e+00	
 4.1023e+00	
 4.0394e+00	
 4.1183e+00	
 4.2305e+00	
 4.1718e+00	
 4.1365e+00	
 4.1534e+00	
 4.1971e+00	
 4.2099e+00	
 4.3534e+00	
 4.3215e+00	
 4.0912e+00	
 4.1694e+00	
 4.1941e+00	
 4.0552e+00	
 4.0065e+00	
 4.1855e+00	
 3.9586e+00	
 4.2452e+00	
 4.2234e+00	
 4.0427e+00	
 4.2746e+00	
 4.1819e+00	
 4.0984e+00	
 4.0800e+00	
 4.0257e+00	
 4.2209e+00	
 4.1228e+00	
 4.1158e+00	
 4.0928e+00	
 4.1893e+00	
 4.0067e+00	
 4.1089e+00	
 4.1984e+00	
 3.9505e+00	
 4.2969e+00	
 4.1548e+00	
 4.1561e+00	
 4.1189e+00	
 4.3083e+00	
 4.0767e+00	
 4.1778e+00	
 4.2265e+00	
 4.1771e+00	
 4.2488e+00	
 4.1541e+00	
 4.2126e+00	
 4.2762e+00	
 4.2191e+00	
 4.1143e+00	
 4.1056e+00	
 4.2473e+00	
 4.1780e+00	
 4.1967e+00	
 3.9114e+00	
 4.0477e+00	
 3.9202e+00	
 3.9460e+00	
 4.0764e+00	
 3.9658e+00	
 4.1167e+00	
 4.0425e+00	
 4.2745e+00	
 4.0490e+00	
 4.2348e+00	
 4.2879e+00	
 4.1004e+00	
 4.1458e+00	
 4.1394e+00	
 4.1708e+00	
 4.2113e+00	
 4.1966e+00	
 4.1818e+00	
 4.1129e+00	
 4.1077e+00	
 4.1234e+00	
 4.1297e+00	
 4.0974e+00	
 4.1914e+00	
 4.0005e+00	
 4.1088e+00	
 3.9195e+00	
 4.0384e+00	
 3.9667e+00	
 4.1043e+00	
 4.2305e+00	
 3.9408e+00	
 4.3134e+00	
 4.1201e+00	
 4.1647e+00	
 4.1604e+00	
 4.1681e+00	
 4.1982e+00	
 4.1333e+00	
 4.1808e+00	
 3.9592e+00	
 3.9853e+00	
 4.0438e+00	
 4.1322e+00	
 3.9564e+00	
 4.2858e+00	
 4.0696e+00	
 4.2142e+00	
 4.1519e+00	
 3.7423e+00	
 4.0489e+00	
 3.8903e+00	
 3.8193e+00	
 3.8624e+00	
 4.1412e+00	
 4.1408e+00	
 4.1280e+00	
 4.1476e+00	
 3.7447e+00	
 4.0191e+00	
 4.0893e+00	
 4.1806e+00	
 4.0699e+00	
 3.9908e+00	
 3.8105e+00	
 3.8676e+00	
 4.0616e+00	
 4.1367e+00	
 4.1946e+00	
 3.9626e+00	
 3.9896e+00	
 3.9252e+00	
 3.9151e+00	
 4.1359e+00	
 4.0724e+00	
 4.1100e+00	
 4.0859e+00	
 4.0390e+00	
 4.0342e+00	
 4.1253e+00	
 4.0124e+00	
 4.0361e+00	
 4.2879e+00	
 4.0335e+00	
 4.0923e+00	
 4.0116e+00	
 3.8979e+00	
 3.9161e+00	
 3.9227e+00	
 4.1108e+00	
 4.0625e+00	
 3.8243e+00	
 4.1438e+00	
 3.9339e+00	
 4.0155e+00	
 4.0273e+00	
 3.6351e+00	
 3.8930e+00	
 3.9612e+00	
 4.1862e+00	
 3.9910e+00	
 4.1625e+00	
 3.9419e+00	
 3.7937e+00	
 4.0799e+00	
 3.9068e+00	
 3.9429e+00	
 3.9590e+00	
 3.8599e+00	
 4.0189e+00	
 4.0838e+00	
 3.7439e+00	
 4.1467e+00	
 4.1161e+00	
 3.9030e+00	
 3.9181e+00	
 4.0397e+00	
 4.1978e+00	
 3.9728e+00	
 3.9786e+00	
 3.9101e+00	
 3.8619e+00	
 4.0243e+00	
 4.0693e+00	
 3.8815e+00	
 3.9975e+00	
 3.9937e+00	
 3.8393e+00	
 4.0257e+00	
 3.9469e+00	
 3.9726e+00	
 4.1582e+00	
 4.0255e+00	
 4.1107e+00	
 3.9344e+00	
 3.8703e+00	
 3.7661e+00	
 3.8802e+00	
 3.8748e+00	
 3.8933e+00	
 3.9687e+00	
 3.9650e+00	
 3.7447e+00	
 3.8907e+00	
 4.1661e+00	
 3.7899e+00	
 4.1593e+00	
 3.9579e+00	
 4.0001e+00	
 4.0345e+00	
 3.8292e+00	
 3.9770e+00	
 3.8849e+00	
 3.9283e+00	
 3.9942e+00	
 3.8365e+00	
 4.0540e+00	
 3.7558e+00	
 3.7714e+00	
 4.0900e+00	
 3.8720e+00	
 3.7559e+00	
 3.7514e+00	
 3.8955e+00	
 3.7135e+00	
 4.1886e+00	
 3.8489e+00	
 4.1066e+00	
 4.1238e+00	
 4.0278e+00	
 3.9908e+00	
 3.9567e+00	
 4.1373e+00	
 4.0872e+00	
 3.9468e+00	
 3.8428e+00	
 3.8715e+00	
 4.1072e+00	
 3.8346e+00	
 3.8448e+00	
 3.7310e+00	
 4.1345e+00	
 3.8063e+00	
 3.7710e+00	
 4.1018e+00	
 3.8745e+00	
 3.8258e+00	
 3.8354e+00	
 4.0625e+00	
 3.9195e+00	
 4.2560e+00	
 4.0022e+00	
 4.2609e+00	
 4.1176e+00	
 3.8784e+00	
 4.0468e+00	
 3.8520e+00	
 3.7044e+00	
 3.6649e+00	
 3.7209e+00	
 3.9072e+00	
 4.0114e+00	
 4.0142e+00	
 3.9140e+00	
 4.1711e+00	
 3.8892e+00	
 3.8652e+00	
 3.6684e+00	
 3.7289e+00	
 4.1129e+00	
 3.7960e+00	
 4.0324e+00	
 4.0003e+00	
 3.8660e+00	
 3.9847e+00	
 3.7562e+00	
 3.5347e+00	
 3.4855e+00	
 4.0443e+00	
 4.0298e+00	
 4.0110e+00	
 3.9421e+00	
 3.9394e+00	
 3.8464e+00	
 3.8457e+00	
 4.2169e+00	
 4.0184e+00	
 3.9843e+00	
 3.8376e+00	
 3.9069e+00	
 3.8474e+00	
 3.9375e+00	
 3.9673e+00	
 3.7059e+00	
 3.7161e+00	
 3.9591e+00	
 3.9253e+00	
 3.5739e+00	
 3.7737e+00	
 3.9232e+00	
 4.0342e+00	
 3.8670e+00	
 3.8076e+00	
 3.7279e+00	
 3.7959e+00	
 3.8834e+00	
 4.0674e+00	
 4.0510e+00	
 3.8693e+00	
 3.8988e+00	
 3.7758e+00	
 3.8609e+00	
 3.8803e+00	
 3.7598e+00	
 3.7408e+00	
 4.1323e+00	
 4.0904e+00	
 3.9700e+00	
 3.7525e+00	
 4.0339e+00	
 3.8128e+00	
 3.9249e+00	
 4.0380e+00	
 3.9496e+00	
 3.8024e+00	
 3.7322e+00	
 3.7647e+00	
 3.8154e+00	
 3.9590e+00	
 3.8630e+00	
 3.8573e+00	
 3.8005e+00	
 3.9162e+00	
 4.0105e+00	
 3.9689e+00	
 3.8127e+00	
 3.8069e+00	
 3.7457e+00	
 3.8500e+00	
 3.8356e+00	
 3.8034e+00	
 3.4986e+00	
 4.0128e+00	
 4.0192e+00	
 3.9534e+00	
 3.7851e+00	
 3.7062e+00	
 3.8675e+00	
 3.8363e+00	
 3.7745e+00	
 3.7399e+00	
 3.8189e+00	
 3.6684e+00	
 4.0030e+00	
 3.7039e+00	
 3.9145e+00	
 3.8948e+00	
 3.9328e+00	
 3.6910e+00	
 3.8821e+00	
 3.7280e+00	
 3.7560e+00	
 3.8444e+00	
 4.0702e+00	
 3.9029e+00	
 3.6812e+00	
 3.6908e+00	
 4.0431e+00	
 3.4661e+00	
 3.7260e+00	
 3.8846e+00	
 4.0170e+00	
 3.7784e+00	
 3.6963e+00	
 4.0839e+00	
 3.7406e+00	
 3.7974e+00	
 3.8652e+00	
 4.0756e+00	
 3.6404e+00	
 3.9520e+00	
 3.6826e+00	
 3.7807e+00	
 3.9486e+00	
 3.5657e+00	
 3.7355e+00	
 3.7434e+00	
 3.7065e+00	
 3.6652e+00	
 3.7124e+00	
 3.8922e+00	
 3.5871e+00	
 3.9033e+00	
 3.9323e+00	
 3.8621e+00	
 3.6048e+00	
 3.9511e+00	
 3.7100e+00	
 3.5747e+00	
 3.7994e+00	
 3.8133e+00	
 3.5555e+00	
 3.7252e+00	
 3.7388e+00	
 3.6520e+00	
 3.7718e+00	
 3.7116e+00	
 4.0298e+00	
 3.8736e+00	
 3.8058e+00	
 4.0025e+00	
 3.5255e+00	
 3.7750e+00	
 3.8737e+00	
 3.5476e+00	
 3.9817e+00	
 3.8861e+00	
 3.9049e+00	
 4.0883e+00	
 3.7057e+00	
 4.0802e+00	
 4.0621e+00	
 3.9785e+00	
 3.7430e+00	
 3.6067e+00	
 3.7041e+00	
 3.6010e+00	
 3.5450e+00	
 3.9072e+00	
 3.8920e+00	
 3.9520e+00	
 3.6566e+00	
 3.7098e+00	
 3.5823e+00	
 3.8423e+00	
 3.6409e+00	
 3.5684e+00	
 3.7482e+00	
 3.6071e+00	
 3.5000e+00	
 3.8767e+00	
 3.9662e+00	
 3.8880e+00	
 4.0327e+00	
 3.5948e+00	
 3.7726e+00	
 3.6061e+00	
 3.9147e+00	
 3.5939e+00	
 3.4124e+00	
 3.4851e+00	
 3.7534e+00	
 3.8337e+00	
 3.3449e+00	
 3.9110e+00	
 3.5676e+00	
 3.5853e+00	
 3.7481e+00	
 3.5171e+00	
 3.9716e+00	
 3.6078e+00	
 3.4690e+00	
 3.8731e+00	
 3.6796e+00	
 3.5692e+00	
 3.8804e+00	
 3.7128e+00	
 3.5468e+00	
 3.9157e+00	
 3.6498e+00	
 3.6429e+00	
 3.6299e+00	
 3.8522e+00	
 3.8166e+00	
 3.5775e+00	
 3.6685e+00	
 3.6976e+00	
 3.6772e+00	
 3.6974e+00	
 3.5038e+00	
 3.8128e+00	
 3.7010e+00	
 3.9358e+00	
 3.7924e+00	
 3.5851e+00	
 3.5567e+00	
 3.3948e+00	
 3.7542e+00	
 3.8474e+00	
 3.5001e+00	
 3.7327e+00	
 3.9630e+00	
 3.6140e+00	
 3.4475e+00	
 3.4056e+00	
 3.4317e+00	
 3.3937e+00	
 3.8430e+00	
 3.9399e+00	
 3.9506e+00	
 3.6021e+00	
 3.4901e+00	
 3.9020e+00	
 3.4730e+00	
 3.5871e+00	
 3.4942e+00	
 3.6408e+00	
 3.5571e+00	
 3.6279e+00	
 3.6104e+00	
 3.4481e+00	
 3.8707e+00	
 3.6460e+00	
 3.5345e+00	
 3.9536e+00	
 3.7064e+00	
 3.8029e+00	
 3.6999e+00	
 3.6013e+00	
 3.5315e+00	
 3.4818e+00	
 3.6182e+00	
 3.6245e+00	
 3.9064e+00	
 3.7072e+00	
 3.6815e+00	
 3.9473e+00	
 3.8522e+00	
 3.7257e+00	
 3.7027e+00	
 3.5195e+00	
 3.4708e+00	
 3.3787e+00	
 3.5391e+00	
 3.3998e+00	
 3.6581e+00	
 3.3099e+00	
 3.7884e+00	
 3.4616e+00	
 3.9028e+00	
 3.6936e+00	
 3.7332e+00	
 3.6412e+00	
 3.5941e+00	
 3.9612e+00	
 3.6522e+00	
 3.4390e+00	
 3.3097e+00	
 3.5432e+00	
 3.6335e+00	
 3.6853e+00	
 3.8046e+00	
 3.5303e+00	
 3.5438e+00	
 3.5419e+00	
 3.4002e+00	
 3.4968e+00	
 3.5356e+00	
 3.6030e+00	
 3.2532e+00	
 3.8086e+00	
 3.8527e+00	
 3.6988e+00	
 3.6627e+00	
 3.3859e+00	
 3.6668e+00	
 3.5098e+00	
 3.6224e+00	
 3.4139e+00	
 3.3958e+00	
 3.5067e+00	
 3.6391e+00	
 3.6361e+00	
 3.4977e+00	
 3.5886e+00	
 3.8121e+00	
 3.6082e+00	
 3.6953e+00	
 3.5609e+00	
 3.4399e+00	
 3.6205e+00	
 3.8507e+00	
 3.8558e+00	
 3.5787e+00	
 3.4455e+00	
 3.6122e+00	
 3.6850e+00	
 3.5988e+00	
 3.7342e+00	
 3.3476e+00	
 3.5460e+00	
 3.3658e+00	
 3.8702e+00	
 3.8356e+00	
 3.7127e+00	
 3.4477e+00	
 3.5728e+00	
 3.5108e+00	
 3.6530e+00	
 3.7689e+00	
 3.6162e+00	
 3.3298e+00	
 3.6826e+00	
 3.4331e+00	
 3.4661e+00	
 3.5356e+00	
 3.3256e+00	
 3.8018e+00	
 3.3698e+00	
 3.5766e+00	
 3.4322e+00	
 3.6278e+00	
 3.5069e+00	
 3.5366e+00	
 3.7098e+00	
 3.7259e+00	
 3.6249e+00	
 3.7476e+00	
 3.6236e+00	
 3.6633e+00	
 3.9225e+00	
 3.4428e+00	
 3.6408e+00	
 3.5333e+00	
 3.7366e+00	
 3.3045e+00	
 3.6375e+00	
 3.5713e+00	
 3.4014e+00	
 3.3896e+00	
 3.5183e+00	
 3.8126e+00	
 3.6915e+00	
 3.7148e+00	
 3.6795e+00	
 3.5984e+00	
 3.4392e+00	
 3.4994e+00	
 3.6379e+00	
 3.3927e+00	
 3.7347e+00	
 3.6493e+00	
 3.5199e+00	
 3.8248e+00	
 3.4963e+00	
 3.3517e+00	
 3.3624e+00	
 3.4249e+00	
 3.4790e+00	
 3.6335e+00	
 3.6021e+00	
 3.6595e+00	
 3.6228e+00	
 3.7313e+00	
 3.6965e+00	
 3.4292e+00	
 3.5318e+00	
 3.4890e+00	
 3.2951e+00	
 3.6493e+00	
 3.5867e+00	
 3.9833e+00	
 3.4326e+00	
 3.5632e+00	
 3.3431e+00	
 3.4796e+00	
 3.4474e+00	
 3.6111e+00	
 3.6970e+00	
 3.3733e+00	
 3.4287e+00	
 3.6667e+00	
 3.5976e+00	
 3.4697e+00	
 3.3772e+00	
 3.6518e+00	
 3.4943e+00	
 3.5895e+00	
 3.4565e+00	
 3.5847e+00	
 3.7943e+00	
 3.5876e+00	
 3.5227e+00	
 3.5334e+00	
 3.4982e+00	
 3.5941e+00	
 3.5343e+00	
 3.5202e+00	
 3.5651e+00	
 3.3343e+00	
 3.5724e+00	
 3.7893e+00	
 3.6018e+00	
 3.5653e+00	
 3.3594e+00	
 3.4207e+00	
 3.6413e+00	
 3.1728e+00	
 3.5123e+00	
 3.4914e+00	
 3.1916e+00	
 3.2734e+00	
 3.4457e+00	
 3.6057e+00	
 3.5242e+00	
 3.7360e+00	
 3.8124e+00	
 3.5738e+00	
 3.5389e+00	
 3.4071e+00	
 3.9468e+00	
 3.7032e+00	
 3.4084e+00	
 3.6610e+00	
 3.5631e+00	
 3.3508e+00	
 3.7349e+00	
 3.7182e+00	
 3.7217e+00	
 3.5851e+00	
 3.7267e+00	
 3.5838e+00	
 3.6623e+00	
 3.3440e+00	
 3.5774e+00	
 3.6909e+00	
 3.1550e+00	
 3.4103e+00	
 3.3554e+00	
 3.5164e+00	
 3.8626e+00	
 3.8512e+00	
 3.4202e+00	
 3.4268e+00	
 3.4923e+00	
 3.5453e+00	
 3.7395e+00	
 3.5020e+00	
 3.4645e+00	
 3.3688e+00	
 3.6599e+00	
 3.7693e+00	
 3.4728e+00	
 3.4573e+00	
 3.5998e+00	
 3.4300e+00	
 3.3338e+00	
 3.4197e+00	
 3.5240e+00	
 3.6587e+00	
 3.4153e+00	
 3.5294e+00	
 3.4645e+00	
 3.3459e+00	
 3.5425e+00	
 3.6320e+00	
 3.1365e+00	
 3.7580e+00	
 3.2869e+00	
 3.6702e+00	
 3.1159e+00	
 3.5045e+00	
 3.3758e+00	
 3.4295e+00	
 3.6549e+00	
 3.3224e+00	
 3.3241e+00	
 3.6332e+00	
 3.4892e+00	
 3.6324e+00	
 3.7133e+00	
 3.5868e+00	
 3.8683e+00	
 3.2618e+00	
 3.6084e+00	
 3.7171e+00	
 3.6048e+00	
 3.8631e+00	
 3.5310e+00	
 3.2605e+00	
 3.3392e+00	
 3.3470e+00	
 3.5080e+00	
 3.8206e+00	
 3.7895e+00	
 3.6539e+00	
 3.3731e+00	
 3.5677e+00	
 3.7178e+00	
 3.4189e+00	
 3.4185e+00	
 3.5642e+00	
 3.6735e+00	
 3.4774e+00	
 3.6273e+00	
 3.6063e+00	
 3.5741e+00	
 3.6144e+00	
 3.5494e+00	
 3.6039e+00	
 3.5007e+00	
 3.5894e+00	
 3.8735e+00	
 3.4434e+00	
 3.5147e+00	
 3.3631e+00	
 3.4972e+00	
 3.6289e+00	
 3.4072e+00	
 3.4597e+00	
 3.7020e+00	
 3.5729e+00	
 3.1154e+00	
 3.5369e+00	
 3.6710e+00	
 3.4320e+00	
 3.6166e+00	
 3.3590e+00	
 3.4119e+00	
 3.2703e+00	
 3.7412e+00	
 3.5322e+00	
 3.3686e+00	
 3.4315e+00	
 3.5441e+00	
 3.4189e+00	
 3.4548e+00	
 3.7051e+00	
 3.4876e+00	
 3.5537e+00	
 3.3879e+00	
 3.5589e+00	
 3.3614e+00	
 3.4717e+00	
 3.3158e+00	
 3.5955e+00	
 3.4799e+00	
 3.4902e+00	
 3.1565e+00	
 3.3842e+00	
 3.4686e+00	
 3.5784e+00	
 3.2328e+00	
 3.6261e+00	
 3.6179e+00	
 3.3060e+00	
 3.4950e+00	
 3.2393e+00	
 3.8695e+00	
 3.4042e+00	
 3.5212e+00	
 3.4160e+00	
 3.2972e+00	
 3.3061e+00	
 3.6376e+00	
 3.1922e+00	
 3.6091e+00	
 3.6395e+00	
 3.4251e+00	
 3.3764e+00	
 3.7668e+00	
 3.5260e+00	
 3.7381e+00	
 3.3554e+00	
 3.1374e+00	
 3.0323e+00	
 3.5837e+00	
 3.8104e+00	
 3.4370e+00	
 3.2186e+00	
 3.5770e+00	
 3.4512e+00	
 3.5431e+00	
 3.5869e+00	
 3.6861e+00	
 3.6448e+00	
 3.5006e+00	
 3.2232e+00	
 3.4834e+00	
 3.6620e+00	
 3.6263e+00	
 3.7003e+00	
 3.1985e+00	
 3.7170e+00	
 3.3785e+00	
 3.6985e+00	
 3.1371e+00	
 3.4618e+00	
 3.4363e+00	
 3.1206e+00	
 3.4317e+00	
 3.4122e+00	
 3.1822e+00	
 3.7609e+00	
 3.4837e+00	
 3.3836e+00	
 3.4438e+00	
 3.6057e+00	
 3.7812e+00	
 3.3688e+00	
 3.4234e+00	
 3.3267e+00	
 3.5742e+00	
 3.4968e+00	
 3.4143e+00	
 3.4381e+00	
 3.3274e+00	
 3.9413e+00	
 3.4876e+00	
 3.4995e+00	
 3.4047e+00	
 3.3715e+00	
 3.4011e+00	
 3.4282e+00	
 3.3924e+00	
 3.7278e+00	
 4.0334e+00	
 3.4724e+00	
 3.3263e+00	
 3.5436e+00	
 3.2033e+00	
 3.3605e+00	
 3.6075e+00	
 3.1994e+00	
 3.7377e+00	
 3.5761e+00	
 3.1262e+00	
 3.4863e+00	
 3.4931e+00	
 3.0834e+00	
 3.3796e+00	
 3.2471e+00	
 3.1869e+00	
 3.7245e+00	
 3.4649e+00	
 3.4364e+00	
 3.2824e+00	
 3.1991e+00	
 3.3172e+00	
 3.3641e+00	
 3.2991e+00	
 3.2287e+00	
 3.4207e+00	
 3.2621e+00	
 3.6111e+00	
 3.2723e+00	
 3.4253e+00	
 3.1798e+00	
 3.2951e+00	
 3.4953e+00	
 3.2048e+00	
 3.1896e+00	
 3.2862e+00	
 3.9403e+00	
 3.2678e+00	
 3.8547e+00	
 3.6857e+00	
 3.6436e+00	
 3.3596e+00	
 3.7950e+00	
 3.4975e+00	
 3.2523e+00	
 3.5105e+00	
 3.2771e+00	
 3.6024e+00	
 3.3685e+00	
 3.3334e+00	
 3.5285e+00	
 3.3427e+00	
 3.3310e+00	
 3.3637e+00	
 3.1537e+00	
 2.9582e+00	
 3.6141e+00	
 3.1691e+00	
 3.5419e+00	
 3.4711e+00	
 3.3625e+00	
 3.1651e+00	
 3.4710e+00	
 3.7379e+00	
 3.4638e+00	
 3.1893e+00	
 3.3261e+00	
 3.5490e+00	
 3.0493e+00	
 3.2024e+00	
 3.7915e+00	
 3.4732e+00	
 3.5102e+00	
 3.3999e+00	
 3.5801e+00	
 3.3449e+00	
 3.2578e+00	
 3.0940e+00	
 3.2657e+00	
 3.2457e+00	
 3.6562e+00	
 3.3992e+00	
 3.6756e+00	
 2.9811e+00	
 3.4585e+00	
 3.4719e+00	
 3.3281e+00	
 3.5811e+00	
 3.6218e+00	
 3.3751e+00	
 3.3988e+00	
 3.5238e+00	
 3.5442e+00	
 3.3103e+00	
 3.3812e+00	
 3.2092e+00	
 3.4708e+00	
 3.4761e+00	
 3.8314e+00	
 3.4063e+00	
 3.3722e+00	
 3.4505e+00	
 3.8923e+00	
 3.2191e+00	
 3.2100e+00	
 3.3900e+00	
 3.4279e+00	
 3.6941e+00	
 3.0603e+00	
 3.2599e+00	
 3.0886e+00	
 3.5779e+00	
 3.2515e+00	
 3.5418e+00	
 3.3801e+00	
 3.5682e+00	
 3.4009e+00	
 3.2225e+00	
 3.6920e+00	
 3.1918e+00	
 3.0612e+00	
 3.5217e+00	
 3.2321e+00	
 3.1470e+00	
 3.5988e+00	
 3.4669e+00	
 3.1553e+00	
 3.1224e+00	
 3.3943e+00	
 3.5728e+00	
 3.7588e+00	
 3.1906e+00	
 3.5175e+00	
 3.4010e+00	
 3.5204e+00	
 3.4186e+00	
 3.4441e+00	
 3.2995e+00	
 3.4993e+00	
 3.5000e+00	
 3.3640e+00	
 3.3522e+00	
 3.0816e+00	
 3.3479e+00	
 3.4411e+00	
 3.4062e+00	
 3.6787e+00	
 3.6501e+00	
 3.4922e+00	
 2.9712e+00	
 3.3499e+00	
 3.3583e+00	
 3.0678e+00	
 3.3972e+00	
 3.4178e+00	
 3.1232e+00	
 3.1979e+00	
 3.7040e+00	
 3.5948e+00	
 3.3501e+00	
 3.3279e+00	
 2.9393e+00	
 3.4787e+00	
 3.1738e+00	
 3.3144e+00	
 3.4294e+00	
 3.1178e+00	
 3.2955e+00	
 3.4701e+00	
 3.3890e+00	
 3.2676e+00	
 3.3320e+00	
 3.4103e+00	
 3.5947e+00	
 3.2646e+00	
 3.6269e+00	
 3.1006e+00	
 3.2112e+00	
 3.1578e+00	
 3.6756e+00	
 3.1640e+00	
 3.7700e+00	
 3.2736e+00	
 3.1819e+00	
 3.4806e+00	
 3.6900e+00	
 3.4790e+00	
 3.0835e+00	
 3.2732e+00	
 2.9166e+00	
 3.4912e+00	
 3.4655e+00	
 3.5434e+00	
 3.4681e+00	
 2.9982e+00	
 3.4455e+00	
 3.6705e+00	
 3.4022e+00	
 3.1883e+00	
 3.7079e+00	
 3.6093e+00	
 3.3304e+00	
 3.2108e+00	
 3.3936e+00	
 3.3395e+00	
 3.3226e+00	
 3.6180e+00	
 3.0799e+00	
 3.2747e+00	
 3.6486e+00	
 3.0952e+00	
 3.4185e+00	
 3.3722e+00	
 3.3383e+00	
 3.2044e+00	
 3.4147e+00	
 3.1623e+00	
 3.6022e+00	
 3.1414e+00	
 3.4307e+00	
 3.0899e+00	
 3.3036e+00	
 3.6558e+00	
 3.3702e+00	
 3.4745e+00	
 3.7212e+00	
 3.5904e+00	
 3.4178e+00	
 3.5544e+00	
 3.1210e+00	
 3.4697e+00	
 3.4634e+00	
 3.2432e+00	
 3.5486e+00	
 3.5022e+00	
 3.2527e+00	
 3.7145e+00	
 3.3878e+00	
 3.1573e+00	
 3.3209e+00	
 3.3160e+00	
 3.3537e+00	
 3.2297e+00	
 3.0018e+00	
 3.5950e+00	
 3.3483e+00	
 3.2173e+00	
 3.4677e+00	
 3.4663e+00	
 2.8676e+00	
 3.1035e+00	
 3.2167e+00	
 3.5251e+00	
 3.1479e+00	
 3.5073e+00	
 3.5471e+00	
 3.3310e+00	
 3.5180e+00	
 3.5646e+00	
 3.2977e+00	
 3.2099e+00	
 3.3712e+00	
 3.2517e+00	
 3.1694e+00	
 3.1646e+00	
 3.1469e+00	
 3.2539e+00	
 3.2879e+00	
 3.6539e+00	
 2.9558e+00	
 2.8707e+00	
 3.0508e+00	
 3.4769e+00	
 3.3990e+00	
 3.1460e+00	
 3.0268e+00	
 3.3060e+00	
 2.9190e+00	
 3.6838e+00	
 3.6078e+00	
 3.2793e+00	
 3.5630e+00	
 3.3843e+00	
 3.5836e+00	
 3.2899e+00	
 3.3560e+00	
 3.4100e+00	
 3.8900e+00	
 3.5413e+00	
 3.3584e+00	
 3.5780e+00	
 3.2804e+00	
 3.4140e+00	
 2.9718e+00	
 3.2293e+00	
 3.3575e+00	
 2.8997e+00	
 3.5635e+00	
 3.5527e+00	
 3.1024e+00	
 3.2941e+00	
 3.3840e+00	
 3.2054e+00	
 3.6079e+00	
 3.3745e+00	
 3.4594e+00	
 3.2375e+00	
 3.3852e+00	
 3.6216e+00	
 3.4139e+00	
 3.2931e+00	
 3.2767e+00	
 3.4926e+00	
 3.6123e+00	
 3.4259e+00	
 3.3598e+00	
 3.5574e+00	
 3.1921e+00	
 3.3505e+00	
 2.9315e+00	
 3.3396e+00	
 3.5271e+00	
 3.1046e+00	
 3.3105e+00	
 3.1508e+00	
 3.0082e+00	
 3.1792e+00	
 3.4030e+00	
 3.2566e+00	
 2.9891e+00	
 3.4247e+00	
 3.2246e+00	
 3.4647e+00	
 3.2373e+00	
 3.2840e+00	
 3.7301e+00	
 3.3531e+00	
 3.6439e+00	
 3.4490e+00	
 3.3865e+00	
 3.3810e+00	
 3.3703e+00	
 3.5057e+00	
 3.1768e+00	
 3.4371e+00	
 3.5297e+00	
 3.4295e+00	
 3.1091e+00	
 3.0745e+00	
 3.1588e+00	
 3.7551e+00	
 3.0405e+00	
 3.4661e+00	
 3.5797e+00	
 3.3003e+00	
 3.3387e+00	
 3.3072e+00	
 3.1459e+00	
 3.4875e+00	
 3.2100e+00	
 3.2407e+00	
 3.3928e+00	
 3.2449e+00	
 3.3139e+00	
 3.2992e+00	
 3.1678e+00	
 3.2592e+00	
 3.2315e+00	
 3.3114e+00	
 3.3593e+00	
 3.7517e+00	
 3.2196e+00	
 3.4247e+00	
 3.5171e+00	
 3.0826e+00	
 3.3608e+00	
 3.0094e+00	
 3.3857e+00	
 3.2075e+00	
 3.4885e+00	
 3.6438e+00	
 3.4398e+00	
 3.5890e+00	
 3.3085e+00	
 3.0917e+00	
 3.3925e+00	
 3.4886e+00	
 3.6078e+00	
 3.2555e+00	
 3.7126e+00	
 3.1930e+00	
 3.2681e+00	
 3.5570e+00	
 3.1356e+00	
 3.3827e+00	
 3.6048e+00	
 2.8874e+00	
 3.5579e+00	
 3.1703e+00	
 3.3583e+00	
 3.0927e+00	
 2.9810e+00	
 3.6628e+00	
 3.0719e+00	
 3.0580e+00	
 3.0880e+00	
 3.0302e+00	
 3.3936e+00	
 3.2739e+00	
 3.5392e+00	
 3.2993e+00	
 3.4204e+00	
 3.2164e+00	
 3.2923e+00	
 3.3714e+00	
 3.3227e+00	
 3.5226e+00	
 3.8259e+00	
 3.4511e+00	
 3.3399e+00	
 3.2304e+00	
 3.2940e+00	
 3.6696e+00	
 3.1868e+00	
 3.1126e+00	
 3.4635e+00	
 3.4807e+00	
 3.0012e+00	
 3.0506e+00	
 3.2730e+00	
 3.3235e+00	
 3.3604e+00	
 3.0989e+00	
 3.2379e+00	
 3.1454e+00	
 3.1847e+00	
 3.2842e+00	
 3.6642e+00	
 3.4681e+00	
 3.5656e+00	
 3.4232e+00	
 3.3356e+00	
 3.1840e+00	
 3.1525e+00	
 3.2693e+00	
 3.4239e+00	
 3.4870e+00	
 3.1316e+00	
 3.2857e+00	
 3.4610e+00	
 3.1171e+00	
 3.0780e+00	
 3.3156e+00	
 3.3647e+00	
 3.5760e+00	
 2.8736e+00	
 3.3979e+00	
 3.2230e+00	
 3.3473e+00	
 3.3185e+00	
 2.9883e+00	
 3.6030e+00	
 3.3060e+00	
 3.1352e+00	
 3.5603e+00	
 3.3587e+00	
 3.2713e+00	
 3.2990e+00	
 3.6743e+00	
 3.1852e+00	
 3.4922e+00	
 3.2613e+00	
 3.4399e+00	
 3.4566e+00	
 3.4091e+00	
 3.4009e+00	
 3.4160e+00	
 3.7340e+00	
 2.9526e+00	
 3.2778e+00	
 3.2664e+00	
 3.6833e+00	
 3.4521e+00	
 3.0375e+00	
 3.3461e+00	
 3.4088e+00	
 3.3358e+00	
 3.0400e+00	
 3.3735e+00	
 2.9595e+00	
 3.4752e+00	
 3.0514e+00	
 3.6828e+00	
 2.9767e+00	
 3.1358e+00	
 3.2536e+00	
 3.0468e+00	
 3.0381e+00	
 3.3378e+00	
 3.5244e+00	
 3.1850e+00	
 3.6430e+00	
 3.2183e+00	
 3.2819e+00	
 3.3726e+00	
 3.4195e+00	
 3.4222e+00	
 3.0928e+00	
 3.2157e+00	
 3.4194e+00	
 3.1961e+00	
 2.8773e+00	
 2.8517e+00	
 3.4552e+00	
 3.1572e+00	
 3.3252e+00	
 3.1735e+00	
 3.5310e+00	
 3.2544e+00	
 3.5159e+00	
 3.5605e+00	
 2.9055e+00	
 3.2274e+00	
 3.3471e+00	
 2.9653e+00	
 3.7215e+00	
 3.1461e+00	
 2.9482e+00	
 3.2702e+00	
 3.1488e+00	
 2.9975e+00	
 3.6980e+00	
 3.4270e+00	
 2.9715e+00	
 3.6849e+00	
 3.1284e+00	
 3.2245e+00	
 2.8881e+00	
 3.3857e+00	
 3.3436e+00	
 2.9665e+00	
 3.1426e+00	
 2.9981e+00	
 3.4448e+00	
 3.0752e+00	
 3.1760e+00	
 3.3831e+00	
 3.0876e+00	
 3.4160e+00	
 3.2987e+00	
 3.7670e+00	
 3.3520e+00	
 3.0158e+00	
 3.0892e+00	
 2.9463e+00	
 2.9071e+00	
 3.1791e+00	
 3.1957e+00	
 3.1161e+00	
 3.1344e+00	
 3.6729e+00	
 3.2847e+00	
 3.3454e+00	
 3.1753e+00	
 3.1806e+00	
 3.3114e+00	
 3.4391e+00	
 3.3594e+00	
 3.3587e+00	
 3.1747e+00	
 3.1741e+00	
 3.3378e+00	
 3.1904e+00	
 3.3185e+00	
 3.1973e+00	
 3.5458e+00	
 3.1451e+00	
 2.9027e+00	
 3.0340e+00	
 3.3474e+00	
 3.2003e+00	
 3.1363e+00	
 3.3489e+00	
 3.4266e+00	
 3.4239e+00	
 2.8792e+00	
 3.2673e+00	
 3.4516e+00	
 3.0930e+00	
 3.1798e+00	
 3.1695e+00	
 3.0541e+00	
 3.3658e+00	
 3.4246e+00	
 3.0492e+00	
 3.3143e+00	
 3.4845e+00	
 3.2621e+00	
 3.6995e+00	
 3.1948e+00	
 3.4375e+00	
 2.9231e+00	
 3.7580e+00	
 3.4938e+00	
 2.9458e+00	
 3.3450e+00	
 3.1649e+00	
 3.3696e+00	
 3.5072e+00	
 3.1509e+00	
 3.2900e+00	
 3.0523e+00	
 3.2553e+00	
 3.0644e+00	
 3.4349e+00	
 3.4666e+00	
 3.2845e+00	
 3.3717e+00	
 3.3475e+00	
 3.2614e+00	
 2.9979e+00	
 3.2104e+00	
 3.2021e+00	
 3.2906e+00	
 3.1218e+00	
 3.2045e+00	
 3.4145e+00	
 2.9853e+00	
 3.4015e+00	
 3.1607e+00	
 3.4864e+00	
 3.4840e+00	
 3.2833e+00	
 3.5231e+00	
 3.6638e+00	
 3.3008e+00	
 3.2245e+00	
 2.8371e+00	
 3.2710e+00	
 3.3116e+00	
 3.0276e+00	
 3.2547e+00	
 3.4365e+00	
 3.1674e+00	
 3.0007e+00	
 3.2876e+00	
 2.9899e+00	
 3.3528e+00	
 3.0554e+00	
 2.7291e+00	
 3.1635e+00	
 3.1585e+00	
 2.6183e+00	
 3.5574e+00	
 2.9765e+00	
 3.1616e+00	
 3.5731e+00	
 2.9951e+00	
 2.8094e+00	
 3.0119e+00	
 3.0920e+00	
 3.0227e+00	
 3.1154e+00	
 3.2030e+00	
 3.4946e+00	
 3.3328e+00	
 3.0501e+00	
 2.9790e+00	
 3.1658e+00	
 3.6076e+00	
 3.7098e+00	
 2.7412e+00	
 2.9521e+00	
 3.1564e+00	
 2.9351e+00	
 3.1631e+00	
 3.2052e+00	
 3.1749e+00	
 3.4292e+00	
 3.1473e+00	
 3.1975e+00	
 3.5223e+00	
 2.9550e+00	
 3.2612e+00	
 3.6567e+00	
 3.3073e+00	
 3.2596e+00	
 3.6317e+00	
 3.2135e+00	
 3.3336e+00	
 3.3233e+00	
 3.3026e+00	
 3.2577e+00	
 3.3889e+00	
 3.2514e+00	
 3.2959e+00	
 3.3402e+00	
 3.3291e+00	
 3.2988e+00	
 2.9393e+00	
 2.8266e+00	
 3.1137e+00	
 3.4252e+00	
 3.4636e+00	
 3.3732e+00	
 3.5713e+00	
 3.0088e+00	
 3.5924e+00	
 2.8987e+00	
 3.2721e+00	
 3.1487e+00	
 3.7662e+00	
 3.2453e+00	
 3.6641e+00	
 3.0844e+00	
 3.1587e+00	
 2.9571e+00	
 3.5023e+00	
 2.9921e+00	
 2.7725e+00	
 2.6667e+00	
 3.1115e+00	
 3.0696e+00	
 2.8865e+00	
 3.0099e+00	
 3.1005e+00	
 3.0157e+00	
 3.0899e+00	
 3.1603e+00	
 3.0328e+00	
 2.8595e+00	
 3.0152e+00	
 3.1616e+00	
 3.1347e+00	
 3.0012e+00	
 3.2307e+00	
 2.9376e+00	
 3.3358e+00	
 3.0087e+00	
 3.1350e+00	
 3.2312e+00	
 3.2073e+00	
 2.8283e+00	
 3.2932e+00	
 3.0516e+00	
 3.3238e+00	
 2.9603e+00	
 3.3134e+00	
 3.2482e+00	
 3.2042e+00	
 2.9977e+00	
 3.1191e+00	
 3.1172e+00	
 2.9569e+00	
 3.2512e+00	
 3.1099e+00	
 2.9229e+00	
 3.3442e+00	
 3.2265e+00	
 3.2026e+00	
 2.7696e+00	
 2.9727e+00	
 2.7714e+00	
 3.2089e+00	
 3.1319e+00	
 2.8765e+00	
 2.8438e+00	
 3.1281e+00	
 3.2802e+00	
 2.9614e+00	
 2.8416e+00	
 3.1877e+00	
 2.6935e+00	
 2.7217e+00	
 3.1482e+00	
 3.1301e+00	
 2.9486e+00	
 3.1671e+00	
 3.2242e+00	
 2.9556e+00	
 3.0389e+00	
 2.8909e+00	
 3.0094e+00	
 2.8196e+00	
 3.1669e+00	
 3.0533e+00	
 2.7596e+00	
 3.1124e+00	
 3.1772e+00	
 2.5919e+00	
 3.0269e+00	
 2.7816e+00	
 2.9846e+00	
 3.1995e+00	
 3.1172e+00	
 3.1479e+00	
 3.1152e+00	
 3.1825e+00	
 3.4784e+00	
 2.9571e+00	
 2.7191e+00	
 3.0307e+00	
 3.0922e+00	
 3.1381e+00	
 2.7398e+00	
 2.9845e+00	
 3.0309e+00	
 2.9683e+00	
 2.9938e+00	
 2.8819e+00	
 3.0601e+00	
 3.0060e+00	
 3.0278e+00	
 3.1419e+00	
 2.9363e+00	
 2.6027e+00	
 3.0628e+00	
 3.1093e+00	
 2.8253e+00	
 3.0973e+00	
 2.7527e+00	
 3.0717e+00	
 2.9182e+00	
 2.9442e+00	
 3.3790e+00	
 3.0682e+00	
 3.2019e+00	
 3.3125e+00	
 2.7675e+00	
 2.9416e+00	
 3.0920e+00	
 3.0720e+00	
 2.9869e+00	
 3.0749e+00	
 3.1097e+00	
 3.0519e+00	
 2.7426e+00	
 3.1406e+00	
 3.0807e+00	
 3.0793e+00	
 3.2209e+00	
 3.1732e+00	
 3.1376e+00	
 3.1643e+00	
 3.0987e+00	
 3.0662e+00	
 2.7082e+00	
 3.0926e+00	
 3.1377e+00	
 3.1734e+00	
 3.0004e+00	
 2.9764e+00	
 2.8832e+00	
 3.3333e+00	
 2.7518e+00	
 3.0984e+00	
 3.4276e+00	
 2.6397e+00	
 3.1487e+00	
 2.9830e+00	
 3.4261e+00	
 3.0596e+00	
 3.5322e+00	
 2.8739e+00	
 3.1111e+00	
 2.8933e+00	
 2.9233e+00	
 3.0151e+00	
 3.0940e+00	
 2.6471e+00	
 3.0406e+00	
 3.1628e+00	
 2.7085e+00	
 3.2603e+00	
 3.3888e+00	
 2.8149e+00	
 3.4305e+00	
 3.0667e+00	
 3.1708e+00	
 3.2355e+00	
 2.9466e+00	
 2.8789e+00	
 2.8181e+00	
 3.3829e+00	
 3.2163e+00	
 2.4977e+00	
 2.9274e+00	
 2.8782e+00	
 2.7326e+00	
 2.8100e+00	
 3.0974e+00	
 2.9231e+00	
 2.7927e+00	
 3.2862e+00	
 3.3049e+00	
 3.0628e+00	
 3.2383e+00	
 3.1631e+00	
 3.0026e+00	
 2.8555e+00	
 3.0492e+00	
 3.0777e+00	
 3.3367e+00	
 3.3580e+00	
 3.0253e+00	
 3.6174e+00	
 2.6950e+00	
 2.8147e+00	
 3.1738e+00	
 3.0766e+00	
 2.9904e+00	
 2.9780e+00	
 3.1315e+00	
 3.3025e+00	
 2.8486e+00	
 3.0022e+00	
 2.8542e+00	
 3.2108e+00	
 3.2084e+00	
 3.0274e+00	
 2.9291e+00	
 3.2048e+00	
 2.9785e+00	
 3.2965e+00	
 3.2884e+00	
 3.3550e+00	
 3.0205e+00	
 3.5546e+00	
 3.4458e+00	
 3.1806e+00	
 3.0869e+00	
 3.0480e+00	
 3.2660e+00	
 3.0113e+00	
 3.1488e+00	
 3.1932e+00	
 3.1697e+00	
 2.9360e+00	
 2.9058e+00	
 2.8160e+00	
 2.9179e+00	
 3.0838e+00	
 2.9444e+00	
 3.2879e+00	
 3.1127e+00	
 3.1644e+00	
 2.8462e+00	
 3.1837e+00	
 2.8942e+00	
 2.9709e+00	
 2.8125e+00	
 2.8299e+00	
 2.7865e+00	
 3.1726e+00	
 2.8038e+00	
 3.1764e+00	
 3.0077e+00	
 3.2029e+00	
 2.8790e+00	
 3.1353e+00	
 2.9620e+00	
 2.7693e+00	
 2.7186e+00	
 3.0079e+00	
 3.4265e+00	
 2.7347e+00	
 3.2502e+00	
 3.1745e+00	
 3.4263e+00	
 2.7301e+00	
 3.1562e+00	
 2.8734e+00	
 3.0666e+00	
 2.5155e+00	
 3.1262e+00	
 2.8159e+00	
 3.5032e+00	
 3.1615e+00	
 2.6737e+00	
 2.6762e+00	
 3.2163e+00	
 3.0707e+00	
 2.7864e+00	
 2.9642e+00	
 2.6791e+00	
 3.2214e+00	
 2.6880e+00	
 2.8531e+00	
 2.5567e+00	
 2.8800e+00	
 3.3412e+00	
 2.9275e+00	
 2.8766e+00	
 2.5471e+00	
 2.8433e+00	
 2.8169e+00	
 2.9756e+00	
 3.4196e+00	
 2.9018e+00	
 3.0540e+00	
 3.2146e+00	
 2.8680e+00	
 2.8478e+00	
 3.3422e+00	
 2.7060e+00	
 2.8691e+00	
 2.8876e+00	
 2.7549e+00	
 3.2664e+00	
 3.1887e+00	
 2.5716e+00	
 2.8394e+00	
 2.7287e+00	
 3.0220e+00	
 3.1021e+00	
 3.1004e+00	
 3.0265e+00	
 3.0592e+00	
 2.7005e+00	
 2.8798e+00	
 3.0390e+00	
 3.2353e+00	
 3.1663e+00	
 3.1770e+00	
 2.5244e+00	
 3.0388e+00	
 3.0652e+00	
 2.9615e+00	
 3.2261e+00	
 3.1327e+00	
 3.2687e+00	
 2.7329e+00	
 3.3122e+00	
 2.7938e+00	
 2.6643e+00	
 3.0663e+00	
 2.9771e+00	
 3.0113e+00	
 2.8719e+00	
 2.8545e+00	
 2.9013e+00	
 2.9454e+00	
 3.3052e+00	
 3.1228e+00	
 3.3656e+00	
 2.9358e+00	
 3.4029e+00	
 2.7450e+00	
 2.9482e+00	
 2.8100e+00	
 3.0801e+00	
 3.1802e+00	
 2.7056e+00	
 3.0264e+00	
 3.3097e+00	
 2.8106e+00	
 3.0366e+00	
 2.7627e+00	
 3.0018e+00	
 3.4204e+00	
 3.3119e+00	
 3.0487e+00	
 2.9524e+00	
 3.1203e+00	
 2.9074e+00	
 3.3166e+00	
 2.5688e+00	
 2.9294e+00	
 2.9785e+00	
 2.7382e+00	
 2.7590e+00	
 3.2808e+00	
 3.1383e+00	
 2.9852e+00	
 3.2323e+00	
 3.2302e+00	
 2.9123e+00	
 2.8588e+00	
 2.9099e+00	
 3.4277e+00	
 2.5487e+00	
 3.0982e+00	
 3.0508e+00	
 3.0878e+00	
 2.9451e+00	
 3.1469e+00	
 3.0353e+00	
 3.1392e+00	
 3.4806e+00	
 3.0878e+00	
 2.9649e+00	
 2.8603e+00	
 3.2431e+00	
 2.8432e+00	
 2.6922e+00	
 3.0180e+00	
 2.9252e+00	
 2.7376e+00	
 2.7458e+00	
 2.9154e+00	
 2.9908e+00	
 2.6155e+00	
 3.0421e+00	
 3.2088e+00	
 2.9614e+00	
 2.9515e+00	
 3.0305e+00	
 2.6825e+00	
 2.7186e+00	
 3.0557e+00	
 2.8060e+00	
 3.0765e+00	
 2.7492e+00	
 3.0818e+00	
 2.6985e+00	
 3.3391e+00	
 2.5817e+00	
 2.7588e+00	
 3.0515e+00	
 2.8522e+00	
 3.0960e+00	
 3.2225e+00	
 3.1928e+00	
 3.1280e+00	
 2.7820e+00	
 3.1628e+00	
 2.9617e+00	
 3.1816e+00	
 2.6322e+00	
 2.9893e+00	
 2.9948e+00	
 2.6537e+00	
 2.9574e+00	
 2.8491e+00	
 3.2559e+00	
 3.1494e+00	
 2.9774e+00	
 2.9861e+00	
 3.2425e+00	
 2.8993e+00	
 3.3684e+00	
 2.8921e+00	
 2.8883e+00	
 2.9791e+00	
 3.0516e+00	
 2.9361e+00	
 2.6462e+00	
 3.1605e+00	
 2.9227e+00	
 3.1912e+00	
 3.0889e+00	
 2.5821e+00	
 3.0363e+00	
 2.9478e+00	
 3.0427e+00	
 2.8658e+00	
 2.9203e+00	
 2.9779e+00	
 3.1135e+00	
 2.9571e+00	
 3.0606e+00	
 3.2358e+00	
 2.9351e+00	
 2.6374e+00	
 3.1679e+00	
 2.7616e+00	
 3.0582e+00	
 2.9654e+00	
 3.2906e+00	
 2.9726e+00	
 2.9635e+00	
 3.1796e+00	
 2.6270e+00	
 2.7268e+00	
 2.7822e+00	
 3.0632e+00	
 3.1977e+00	
 3.0290e+00	
 3.0666e+00	
 2.8126e+00	
 2.9161e+00	
 3.0674e+00	
 2.9144e+00	
 3.0855e+00	
 2.9138e+00	
 3.0700e+00	
 3.3350e+00	
 2.5421e+00	
 3.1236e+00	
 3.1226e+00	
 3.3097e+00	
 3.0487e+00	
 3.1519e+00	
 2.7663e+00	
 3.1896e+00	
 2.7772e+00	
 2.9118e+00	
 2.5225e+00	
 2.8534e+00	
 2.9370e+00	
 3.5836e+00	
 2.8197e+00	
 2.8121e+00	
 2.8563e+00	
 3.1078e+00	
 3.0501e+00	
 3.0130e+00	
 3.1830e+00	
 3.1718e+00	
 2.9310e+00	
 3.2136e+00	
 2.9684e+00	
 2.9481e+00	
 2.7341e+00	
 3.1266e+00	
 3.3494e+00	
 2.5908e+00	
 2.8603e+00	
 2.6540e+00	
 3.1887e+00	
 3.1845e+00	
 2.9374e+00	
 2.9722e+00	
 3.2613e+00	
 2.9991e+00	
 3.0825e+00	
 2.4278e+00	
 2.8128e+00	
 2.9698e+00	
 3.3177e+00	
 3.1375e+00	
 2.9760e+00	
 2.7504e+00	
 3.0453e+00	
 2.9679e+00	
 2.8217e+00	
 2.9068e+00	
 2.9110e+00	
 2.7660e+00	
 3.3177e+00	
 3.0089e+00	
 3.1800e+00	
 2.5062e+00	
 2.9829e+00	
 3.1780e+00	
 3.3164e+00	
 3.1674e+00	
 2.8014e+00	
 2.6834e+00	
 2.9526e+00	
 2.7717e+00	
 3.1332e+00	
 3.0771e+00	
 2.6056e+00	
 3.0387e+00	
 3.2466e+00	
 2.8477e+00	
 2.8883e+00	
 3.0403e+00	
 2.9262e+00	
 2.6749e+00	
 3.0748e+00	
 3.2970e+00	
 2.8941e+00	
 2.6924e+00	
 3.1841e+00	
 2.7549e+00	
 3.0954e+00	
 3.4117e+00	
 2.8467e+00	
 3.2985e+00	
 2.8450e+00	
 2.7534e+00	
 3.3286e+00	
 2.7085e+00	
 2.8195e+00	
 2.8140e+00	
 3.0794e+00	
 3.1610e+00	
 2.9935e+00	
 2.5271e+00	
 3.0258e+00	
 2.9748e+00	
 3.1054e+00	
 3.2999e+00	
 3.0735e+00	
 2.8618e+00	
 2.7698e+00	
 3.1252e+00	
 2.8880e+00	
 2.9154e+00	
 2.9867e+00	
 3.0686e+00	
 3.2687e+00	
 3.1380e+00	
 3.1786e+00	
 3.4625e+00	
 3.0987e+00	
 3.0937e+00	
 2.6741e+00	
 3.3504e+00	
 3.1989e+00	
 2.7304e+00	
 3.0970e+00	
 3.3490e+00	
 2.7436e+00	
 3.0835e+00	
 3.3533e+00	
 2.7638e+00	
 3.2263e+00	
 2.6978e+00	
 2.8228e+00	
 3.1162e+00	
 2.4664e+00	
 3.1492e+00	
 2.9912e+00	
 3.1169e+00	
 3.0782e+00	
 2.9921e+00	
 2.8123e+00	
 3.0297e+00	
 3.0827e+00	
 2.7211e+00	
 2.7728e+00	
 3.3340e+00	
 2.8874e+00	
 3.1559e+00	
 2.7307e+00	
 2.6163e+00	
 2.9009e+00	
 2.9687e+00	
 3.0629e+00	
 2.8791e+00	
 2.8630e+00	
 3.1913e+00	
 3.3341e+00	
 3.0635e+00	
 2.8305e+00	
 3.3407e+00	
 2.8954e+00	
 2.8050e+00	
 3.1294e+00	
 3.0221e+00	
 3.0324e+00	
 2.7373e+00	
 2.5221e+00	
 2.6644e+00	
 2.7041e+00	
 3.3355e+00	
 3.1809e+00	
 2.9307e+00	
 2.8269e+00	
 3.0289e+00	
 3.1591e+00	
 3.1681e+00	
 2.9142e+00	
 3.0674e+00	
 3.0356e+00	
 3.4843e+00	
 3.0583e+00	
 3.0009e+00	
 2.9674e+00	
 2.9010e+00	
 2.9211e+00	
 2.7449e+00	
 2.8534e+00	
 2.9354e+00	
 2.8383e+00	
 3.2397e+00	
 2.5230e+00	
 2.8943e+00	
 3.1364e+00	
 2.9101e+00	
 3.1254e+00	
 2.7358e+00	
 2.6595e+00	
 2.9998e+00	
 3.1360e+00	
 2.9907e+00	
 2.8586e+00	
 2.7230e+00	
 2.6388e+00	
 2.9201e+00	
 2.6743e+00	
 2.9729e+00	
 2.8782e+00	
 2.8886e+00	
 2.9290e+00	
 2.8389e+00	
 2.7649e+00	
 3.0221e+00	
 2.8444e+00	
 2.6911e+00	
 3.0205e+00	
 3.1494e+00	
 2.7524e+00	
 2.8632e+00	
 2.9303e+00	
 2.8523e+00	
 3.0826e+00	
 3.0523e+00	
 2.9043e+00	
 2.9787e+00	
 2.6983e+00	
 2.9537e+00	
 2.7060e+00	
 2.7778e+00	
 2.6212e+00	
 2.9312e+00	
 3.0107e+00	
 3.0484e+00	
 2.6822e+00	
 2.6578e+00	
 2.7781e+00	
 2.5256e+00	
 3.2914e+00	
 3.1326e+00	
 2.9732e+00	
 2.4035e+00	
 3.1075e+00	
 2.9006e+00	
 2.9137e+00	
 2.5987e+00	
 2.8872e+00	
 3.0716e+00	
 3.0058e+00	
 2.7073e+00	
 3.1998e+00	
 2.7762e+00	
 3.0638e+00	
 2.8692e+00	
 3.1316e+00	
 3.1624e+00	
 2.9565e+00	
 2.7176e+00	
 2.7733e+00	
 2.8138e+00	
 3.1381e+00	
 3.2437e+00	
 2.9228e+00	
 2.7972e+00	
 2.8724e+00	
 2.7155e+00	
 2.8082e+00	
 3.0794e+00	
 3.0889e+00	
 3.0226e+00	
 2.6181e+00	
 2.9379e+00	
 3.2502e+00	
 3.2711e+00	
 3.1515e+00	
 2.7662e+00	
 2.7454e+00	
 2.7228e+00	
 3.3316e+00	
 3.0063e+00	
 2.5158e+00	
 2.9137e+00	
 2.8687e+00	
 2.9391e+00	
 3.0596e+00	
 2.7507e+00	
 3.1586e+00	
 2.9094e+00	
 2.9368e+00	
 3.3675e+00	
 2.3749e+00	
 2.8755e+00	
 2.9081e+00	
 3.2162e+00	
 2.8588e+00	
 3.1836e+00	
 3.3843e+00	
 3.2664e+00	
 3.0505e+00	
 2.7639e+00	
 3.1712e+00	
 2.8428e+00	
 3.2202e+00	
 2.8724e+00	
 2.7880e+00	
 3.2707e+00	
 3.0668e+00	
 2.8527e+00	
 3.0239e+00	
 3.2732e+00	
 3.2304e+00	
 3.0209e+00	
 2.9690e+00	
 2.8677e+00	
 2.8401e+00	
 2.7827e+00	
 3.3599e+00	
 2.8498e+00	
 2.6349e+00	
 2.9090e+00	
 2.9807e+00	
 2.7095e+00	
 2.8860e+00	
 2.9071e+00	
 2.7305e+00	
 3.0316e+00	
 2.9080e+00	
 3.2021e+00	
 2.9563e+00	
 2.7906e+00	
 2.9048e+00	
 2.9370e+00	
 2.6665e+00	
 2.8711e+00	
 2.8620e+00	
 2.9232e+00	
 2.8983e+00	
 2.8179e+00	
 3.5307e+00	
 2.9801e+00	
 3.2506e+00	
 2.7279e+00	
 3.2701e+00	
 2.7798e+00	
 2.6280e+00	
 2.9880e+00	
 2.7082e+00	
 2.7220e+00	
 2.5471e+00	
 3.1393e+00	
 2.8956e+00	
 3.2658e+00	
 2.7233e+00	
 3.2334e+00	
 2.9525e+00	
 2.8904e+00	
 2.5596e+00	
 2.8882e+00	
 3.1692e+00	
 3.4783e+00	
 2.9607e+00	
 2.8802e+00	
 2.4968e+00	
 2.8667e+00	
 3.1140e+00	
 2.6644e+00	
 2.9035e+00	
 2.9799e+00	
 3.3565e+00	
 2.8958e+00	
 2.8444e+00	
 2.8297e+00	
 2.7882e+00	
 2.9773e+00	
 2.9412e+00	
 2.8478e+00	
 2.6024e+00	
 2.9532e+00	
 2.7319e+00	
 2.7428e+00	
 2.8705e+00	
 2.7822e+00	
 2.8279e+00	
 3.2916e+00	
 3.0058e+00	
 3.1704e+00	
 2.7656e+00	
 2.9253e+00	
 2.7585e+00	
 3.1942e+00	
 2.9423e+00	
 2.6876e+00	
 2.9744e+00	
 3.1162e+00	
 3.1924e+00	
 2.9332e+00	
 3.0022e+00	
 2.9794e+00	
 2.7726e+00	
 2.6966e+00	
 2.5616e+00	
 2.7368e+00	
 3.0391e+00	
 2.9780e+00	
 3.1193e+00	
 3.1310e+00	
 2.8623e+00	
 2.5335e+00	
 3.1358e+00	
 2.9003e+00	
 2.8431e+00	
 2.9410e+00	
 2.9218e+00	
 2.8258e+00	
 2.8842e+00	
 2.9802e+00	
 3.3102e+00	
 2.8330e+00	
 2.7452e+00	
 2.9196e+00	
 3.1147e+00	
 2.9593e+00	
 2.7903e+00	
 3.0818e+00	
 2.9422e+00	
 2.9172e+00	
 3.1361e+00	
 2.9574e+00	
 2.8632e+00	
 3.0250e+00	
 2.8370e+00	
 2.9731e+00	
 2.6478e+00	
 3.0783e+00	
 3.2357e+00	
 2.8363e+00	
 3.0288e+00	
 2.6838e+00	
 3.0520e+00	
 3.0646e+00	
 2.8700e+00	
 2.7957e+00	
 2.5864e+00	
 2.9794e+00	
 2.9822e+00	
 2.9169e+00	
 2.7427e+00	
 2.6959e+00	
 2.8756e+00	
 2.9231e+00	
 2.9890e+00	
 2.9674e+00	
 2.7423e+00	
 2.7795e+00	
 2.5406e+00	
 2.9103e+00	
 2.9985e+00	
 3.0537e+00	
 3.1241e+00	
 3.1317e+00	
 2.3535e+00	
 2.9295e+00	
 3.0904e+00	
 3.0102e+00	
 3.0260e+00	
 2.7437e+00	
 2.4935e+00	
 3.0421e+00	
 2.9284e+00	
 2.8911e+00	
 2.9138e+00	
 2.7379e+00	
 2.8933e+00	
 2.9824e+00	
 3.0958e+00	
 2.9284e+00	
 3.2383e+00	
 3.0810e+00	
 2.8825e+00	
 2.9928e+00	
 3.1200e+00	
 3.4623e+00	
 2.7182e+00	
 3.3764e+00	
 3.1863e+00	
 2.8816e+00	
 3.0307e+00	
 2.8269e+00	
 3.1757e+00	
 2.8780e+00	
 2.7459e+00	
 2.6438e+00	
 2.8823e+00	
 2.7532e+00	
 3.2358e+00	
 2.9805e+00	
 2.8414e+00	
 2.9600e+00	
 2.8783e+00	
 2.5707e+00	
 3.1795e+00	
 2.6982e+00	
 3.0585e+00	
 2.8538e+00	
 3.3612e+00	
 3.0947e+00	
 2.8790e+00	
 3.0765e+00	
 3.0346e+00	
 2.8316e+00	
 3.1210e+00	
 2.5996e+00	
 2.8788e+00	
 2.8876e+00	
 2.9728e+00	
 2.8477e+00	
 3.0089e+00	
 3.1996e+00	
 3.2197e+00	
 3.0896e+00	
 2.8937e+00	
 2.6228e+00	
 3.1093e+00	
 2.9814e+00	
 2.8915e+00	
 2.9690e+00	
 3.3165e+00	
 2.8736e+00	
 2.9030e+00	
 3.3230e+00	
 3.1269e+00	
 3.0393e+00	
 3.1689e+00	
 2.9347e+00	
 3.2033e+00	
 2.9914e+00	
 2.8152e+00	
 3.2011e+00	
 3.0414e+00	
 2.9679e+00	
 3.1771e+00	
 2.5692e+00	
 2.7034e+00	
 3.1696e+00	
 3.3792e+00	
 2.8653e+00	
 2.7036e+00	
 2.9983e+00	
 2.9364e+00	
 2.8274e+00	
 2.9769e+00	
 2.9494e+00	
 2.8316e+00	
 2.9914e+00	
 2.9532e+00	
 2.7739e+00	
 3.0709e+00	
 3.0580e+00	
 2.7872e+00	
 3.3505e+00	
 3.1796e+00	
 2.8887e+00	
 2.9524e+00	
 2.5264e+00	
 3.0730e+00	
 2.7096e+00	
 2.7586e+00	
 2.9198e+00	
 2.8627e+00	
 2.7501e+00	
 2.8190e+00	
 3.2069e+00	
 3.0044e+00	
 3.0378e+00	
 2.8843e+00	
 2.4648e+00	
 2.7860e+00	
 3.1793e+00	
 2.8140e+00	
 2.9309e+00	
 2.5556e+00	
 2.7450e+00	
 2.9194e+00	
 2.9503e+00	
 3.1280e+00	
 3.3475e+00	
 3.2766e+00	
 2.8882e+00	
 3.0140e+00	
 2.6472e+00	
 3.2169e+00	
 3.2851e+00	
 3.2865e+00	
 3.0634e+00	
 2.9213e+00	
 2.9598e+00	
 2.9283e+00	
 3.0466e+00	
 2.7169e+00	
 3.1521e+00	
 3.4099e+00	
 3.0761e+00	
 3.1233e+00	
 2.8848e+00	
 2.9795e+00	
 2.7560e+00	
 2.9439e+00	
 2.8973e+00	
 2.5450e+00	
 3.0018e+00	
 2.9288e+00	
 2.8867e+00	
 2.4359e+00	
 2.8714e+00	
 2.7351e+00	
 3.1390e+00	
 2.6659e+00	
 3.0490e+00	
 2.7719e+00	
 2.7894e+00	
 3.0517e+00	
 2.9019e+00	
 3.2454e+00	
 3.0002e+00	
 3.1174e+00	
 3.0328e+00	
 2.8197e+00	
 3.1476e+00	
 3.0090e+00	
 3.2580e+00	
 3.0105e+00	
 3.0247e+00	
 3.0927e+00	
 2.6388e+00	
 2.9006e+00	
 2.9624e+00	
 2.8516e+00	
 2.8577e+00	
 3.1566e+00	
 2.8402e+00	
 3.1881e+00	
 2.7084e+00	
 2.4536e+00	
 3.1144e+00	
 2.7411e+00	
 3.2699e+00	
 3.2901e+00	
 2.8987e+00	
 2.9835e+00	
 2.5832e+00	
 3.0929e+00	
 3.0732e+00	
 2.7267e+00	
 2.6576e+00	
 3.0194e+00	
 3.1554e+00	
 2.9024e+00	
 3.1579e+00	
 2.0240e+00	
 2.9549e+00	
 2.7954e+00	
 2.8762e+00	
 2.9555e+00	
 3.0372e+00	
 2.8534e+00	
 2.5301e+00	
 2.4660e+00	
