[0mtrain: creme_brulee done in 00:02:46[0m	
[0mtrain: spring_rolls done in 00:02:23[0m	
[0mtrain: poutine done in 00:01:17[0m	
[0mtrain: churros done in 00:01:17[0m	
[0mtrain: baby_back_ribs done in 00:01:17[0m	
[0mtrain: pad_thai done in 00:01:30[0m	
[0mtrain: grilled_cheese_sandwich done in 00:01:34[0m	
[0mtrain: cheesecake done in 00:01:30[0m	
[0mtrain: panna_cotta done in 00:01:41[0m	
[0mtrain: beet_salad done in 00:01:09[0m	
[0mtrain: grilled_salmon done in 00:02:33[0m	
[0mtrain: eggs_benedict done in 00:02:07[0m	
[0mtrain: red_velvet_cake done in 00:00:47[0m	
[0mtrain: waffles done in 00:01:14[0m	
[0mtrain: macaroni_and_cheese done in 00:02:10[0m	
[0mtrain: lasagna done in 00:00:45[0m	
[0mtrain: edamame done in 00:01:07[0m	
[0mtrain: fried_rice done in 00:01:11[0m	
[0mtrain: apple_pie done in 00:01:16[0m	
[0mtrain: nachos done in 00:00:53[0m	
[0mtrain: cannoli done in 00:00:44[0m	
[0mtrain: takoyaki done in 00:00:49[0m	
[0mtrain: club_sandwich done in 00:01:01[0m	
[0mtrain: cheese_plate done in 00:00:46[0m	
[0mtrain: chocolate_cake done in 00:01:49[0m	
[0mtrain: tacos done in 00:02:14[0m	
[0mtrain: mussels done in 00:01:05[0m	
[0mtrain: beignets done in 00:01:39[0m	
[0mtrain: frozen_yogurt done in 00:00:55[0m	
[0mtrain: french_onion_soup done in 00:02:39[0m	
[0mtrain: ravioli done in 00:01:47[0m	
[0mtrain: pulled_pork_sandwich done in 00:00:54[0m	
[0mtrain: clam_chowder done in 00:01:27[0m	
[0mtrain: foie_gras done in 00:01:29[0m	
[0mtrain: hot_dog done in 00:03:05[0m	
[0mtrain: croque_madame done in 00:02:29[0m	
[0mtrain: pizza done in 00:01:44[0m	
[0mtrain: fried_calamari done in 00:00:35[0m	
[0mtrain: lobster_bisque done in 00:01:18[0m	
[0mtrain: chocolate_mousse done in 00:02:40[0m	
[0mtrain: paella done in 00:00:44[0m	
[0mtrain: pancakes done in 00:01:22[0m	
[0mtrain: guacamole done in 00:01:08[0m	
[0mtrain: beef_tartare done in 00:02:37[0m	
[0mtrain: chicken_quesadilla done in 00:01:47[0m	
[0mtrain: bread_pudding done in 00:00:46[0m	
[0mtrain: chicken_wings done in 00:01:02[0m	
[0mtrain: french_toast done in 00:02:13[0m	
[0mtrain: chicken_curry done in 00:01:52[0m	
[0mtrain: pork_chop done in 00:01:15[0m	
[0mtrain: garlic_bread done in 00:00:37[0m	
[0mtrain: steak done in 00:02:23[0m	
[0mtrain: hummus done in 00:01:22[0m	
[0mtrain: cup_cakes done in 00:02:04[0m	
[0mtrain: beef_carpaccio done in 00:01:50[0m	
[0mtrain: spaghetti_carbonara done in 00:01:16[0m	
[0mtrain: tuna_tartare done in 00:00:41[0m	
[0mtrain: shrimp_and_grits done in 00:01:13[0m	
[0mtrain: carrot_cake done in 00:01:53[0m	
[0mtrain: gyoza done in 00:01:32[0m	
[0mtrain: french_fries done in 00:00:55[0m	
[0mtrain: ceviche done in 00:02:12[0m	
[0mtrain: ice_cream done in 00:02:36[0m	
[0mtrain: greek_salad done in 00:00:59[0m	
[0mtrain: deviled_eggs done in 00:01:55[0m	
[0mtrain: risotto done in 00:00:58[0m	
[0mtrain: miso_soup done in 00:01:34[0m	
[0mtrain: bibimbap done in 00:00:37[0m	
[0mtrain: seaweed_salad done in 00:00:34[0m	
[0mtrain: caesar_salad done in 00:01:32[0m	
[0mtrain: donuts done in 00:01:45[0m	
[0mtrain: pho done in 00:02:21[0m	
[0mtrain: sushi done in 00:01:18[0m	
[0mtrain: fish_and_chips done in 00:01:54[0m	
[0mtrain: sashimi done in 00:02:18[0m	
[0mtrain: dumplings done in 00:01:13[0m	
[0mtrain: omelette done in 00:00:53[0m	
[0mtrain: filet_mignon done in 00:00:36[0m	
[0mtrain: strawberry_shortcake done in 00:01:33[0m	
[0mtrain: oysters done in 00:01:08[0m	
[0mtrain: baklava done in 00:00:57[0m	
[0mtrain: samosa done in 00:00:34[0m	
[0mtrain: bruschetta done in 00:00:46[0m	
[0mtrain: spaghetti_bolognese done in 00:01:37[0m	
[0mtrain: tiramisu done in 00:01:17[0m	
[0mtrain: ramen done in 00:01:19[0m	
[0mtrain: huevos_rancheros done in 00:01:25[0m	
[0mtrain: caprese_salad done in 00:01:05[0m	
[0mtrain: falafel done in 00:02:01[0m	
[0mtrain: hamburger done in 00:02:42[0m	
[0mtrain: onion_rings done in 00:01:18[0m	
[0mtrain: hot_and_sour_soup done in 00:01:44[0m	
[0mtrain: prime_rib done in 00:02:51[0m	
[0mtrain: scallops done in 00:02:45[0m	
[0mtrain: lobster_roll_sandwich done in 00:02:49[0m	
[0mtrain: gnocchi done in 00:02:21[0m	
[0mtrain: escargots done in 00:00:34[0m	
[0mtrain: crab_cakes done in 00:01:58[0m	
[0mtrain: breakfast_burrito done in 00:01:00[0m	
[0mtrain: macarons done in 00:00:54[0m	
[0mtrain: peking_duck done in 00:02:08[0m	
[0mTrain done in 02:33:35[0m	
[0mtest: creme_brulee done in 00:00:01[0m	
[0mtest: spring_rolls done in 00:00:01[0m	
[0mtest: poutine done in 00:00:01[0m	
[0mtest: churros done in 00:00:03[0m	
[0mtest: baby_back_ribs done in 00:00:01[0m	
[0mtest: pad_thai done in 00:00:01[0m	
[0mtest: grilled_cheese_sandwich done in 00:00:01[0m	
[0mtest: cheesecake done in 00:00:01[0m	
[0mtest: panna_cotta done in 00:00:01[0m	
[0mtest: beet_salad done in 00:00:01[0m	
[0mtest: grilled_salmon done in 00:00:01[0m	
[0mtest: eggs_benedict done in 00:00:01[0m	
[0mtest: red_velvet_cake done in 00:00:01[0m	
[0mtest: waffles done in 00:00:01[0m	
[0mtest: macaroni_and_cheese done in 00:00:01[0m	
[0mtest: lasagna done in 00:00:01[0m	
[0mtest: edamame done in 00:00:01[0m	
[0mtest: fried_rice done in 00:00:01[0m	
[0mtest: apple_pie done in 00:00:01[0m	
[0mtest: nachos done in 00:00:01[0m	
[0mtest: cannoli done in 00:00:01[0m	
[0mtest: takoyaki done in 00:00:01[0m	
[0mtest: club_sandwich done in 00:00:02[0m	
[0mtest: cheese_plate done in 00:00:01[0m	
[0mtest: chocolate_cake done in 00:00:01[0m	
[0mtest: tacos done in 00:00:01[0m	
[0mtest: mussels done in 00:00:01[0m	
[0mtest: beignets done in 00:00:01[0m	
[0mtest: frozen_yogurt done in 00:00:01[0m	
[0mtest: french_onion_soup done in 00:00:01[0m	
[0mtest: ravioli done in 00:00:01[0m	
[0mtest: pulled_pork_sandwich done in 00:00:01[0m	
[0mtest: clam_chowder done in 00:00:01[0m	
[0mtest: foie_gras done in 00:00:01[0m	
[0mtest: hot_dog done in 00:00:01[0m	
[0mtest: croque_madame done in 00:00:01[0m	
[0mtest: pizza done in 00:00:01[0m	
[0mtest: fried_calamari done in 00:00:01[0m	
[0mtest: lobster_bisque done in 00:00:00[0m	
[0mtest: chocolate_mousse done in 00:00:01[0m	
[0mtest: paella done in 00:00:01[0m	
[0mtest: pancakes done in 00:00:01[0m	
[0mtest: guacamole done in 00:00:01[0m	
[0mtest: beef_tartare done in 00:00:01[0m	
[0mtest: chicken_quesadilla done in 00:00:01[0m	
[0mtest: bread_pudding done in 00:00:01[0m	
[0mtest: chicken_wings done in 00:00:01[0m	
[0mtest: french_toast done in 00:00:01[0m	
[0mtest: chicken_curry done in 00:00:01[0m	
[0mtest: pork_chop done in 00:00:01[0m	
[0mtest: garlic_bread done in 00:00:01[0m	
[0mtest: steak done in 00:00:01[0m	
[0mtest: hummus done in 00:00:01[0m	
[0mtest: cup_cakes done in 00:00:01[0m	
[0mtest: beef_carpaccio done in 00:00:01[0m	
[0mtest: spaghetti_carbonara done in 00:00:01[0m	
[0mtest: tuna_tartare done in 00:00:03[0m	
[0mtest: shrimp_and_grits done in 00:00:02[0m	
[0mtest: carrot_cake done in 00:00:01[0m	
[0mtest: gyoza done in 00:00:01[0m	
[0mtest: french_fries done in 00:00:01[0m	
[0mtest: ceviche done in 00:00:01[0m	
[0mtest: ice_cream done in 00:00:01[0m	
[0mtest: greek_salad done in 00:00:01[0m	
[0mtest: deviled_eggs done in 00:00:01[0m	
[0mtest: risotto done in 00:00:01[0m	
[0mtest: miso_soup done in 00:00:01[0m	
[0mtest: bibimbap done in 00:00:01[0m	
[0mtest: seaweed_salad done in 00:00:01[0m	
[0mtest: caesar_salad done in 00:00:02[0m	
[0mtest: donuts done in 00:00:01[0m	
[0mtest: pho done in 00:00:01[0m	
[0mtest: sushi done in 00:00:01[0m	
[0mtest: fish_and_chips done in 00:00:01[0m	
[0mtest: sashimi done in 00:00:01[0m	
[0mtest: dumplings done in 00:00:01[0m	
[0mtest: omelette done in 00:00:01[0m	
[0mtest: filet_mignon done in 00:00:01[0m	
[0mtest: strawberry_shortcake done in 00:00:01[0m	
[0mtest: oysters done in 00:00:01[0m	
[0mtest: baklava done in 00:00:01[0m	
[0mtest: samosa done in 00:00:01[0m	
[0mtest: bruschetta done in 00:00:01[0m	
[0mtest: spaghetti_bolognese done in 00:00:01[0m	
[0mtest: tiramisu done in 00:00:01[0m	
[0mtest: ramen done in 00:00:01[0m	
[0mtest: huevos_rancheros done in 00:00:01[0m	
[0mtest: caprese_salad done in 00:00:01[0m	
[0mtest: falafel done in 00:00:01[0m	
[0mtest: hamburger done in 00:00:01[0m	
[0mtest: onion_rings done in 00:00:03[0m	
[0mtest: hot_and_sour_soup done in 00:00:02[0m	
[0mtest: prime_rib done in 00:00:04[0m	
[0mtest: scallops done in 00:00:03[0m	
[0mtest: lobster_roll_sandwich done in 00:00:01[0m	
[0mtest: gnocchi done in 00:00:01[0m	
[0mtest: escargots done in 00:00:01[0m	
[0mtest: crab_cakes done in 00:00:01[0m	
[0mtest: breakfast_burrito done in 00:00:01[0m	
[0mtest: macarons done in 00:00:01[0m	
[0mtest: peking_duck done in 00:00:01[0m	
[0mTest done in 00:02:23[0m	
