loss	
 6.9322e-01	
 6.9239e-01	
 6.9321e-01	
 6.9266e-01	
 6.9376e-01	
 6.9359e-01	
 6.9334e-01	
 6.9283e-01	
 6.9348e-01	
 6.9302e-01	
 6.9392e-01	
 6.9438e-01	
 6.9337e-01	
 6.9233e-01	
 6.9270e-01	
 6.9286e-01	
 6.9282e-01	
 6.9385e-01	
 6.9340e-01	
 6.9377e-01	
 6.9207e-01	
 6.9315e-01	
 6.9313e-01	
 6.9246e-01	
 6.9311e-01	
 6.9345e-01	
 6.9255e-01	
 6.9290e-01	
 6.9304e-01	
 6.9207e-01	
 6.9360e-01	
 6.9376e-01	
 6.9257e-01	
 6.9170e-01	
 6.9303e-01	
 6.9199e-01	
 6.9301e-01	
 6.9249e-01	
 6.9244e-01	
 6.9320e-01	
 6.9261e-01	
 6.9454e-01	
 6.9438e-01	
 6.9367e-01	
 6.9305e-01	
 6.9336e-01	
 6.9236e-01	
 6.9266e-01	
 6.9380e-01	
 6.9271e-01	
 6.9242e-01	
 6.9284e-01	
 6.9335e-01	
 6.9256e-01	
 6.9267e-01	
 6.9312e-01	
 6.9318e-01	
 6.9347e-01	
 6.9308e-01	
 6.9273e-01	
