% train perf	
 5.5172e+01	
 5.5172e+01	
 5.8621e+01	
 5.5172e+01	
 5.1724e+01	
 4.8276e+01	
 4.4828e+01	
 5.5172e+01	
 5.1724e+01	
 5.1724e+01	
 3.7931e+01	
 4.1379e+01	
 4.8276e+01	
 6.2069e+01	
 5.1724e+01	
 5.8621e+01	
 4.4828e+01	
 4.8276e+01	
 4.4828e+01	
 4.1379e+01	
 5.8621e+01	
 4.1379e+01	
 5.1724e+01	
 6.5517e+01	
 5.5172e+01	
 4.8276e+01	
 5.8621e+01	
 5.1724e+01	
 5.1724e+01	
 5.8621e+01	
 4.4828e+01	
 4.4828e+01	
 5.5172e+01	
 6.5517e+01	
 6.2069e+01	
 6.5517e+01	
 5.5172e+01	
 6.2069e+01	
 6.2069e+01	
 4.8276e+01	
 6.2069e+01	
 4.1379e+01	
 3.7931e+01	
 4.1379e+01	
 5.5172e+01	
 4.4828e+01	
 6.2069e+01	
 5.5172e+01	
 4.1379e+01	
 5.5172e+01	
 5.8621e+01	
 4.8276e+01	
 4.1379e+01	
 6.2069e+01	
 6.5517e+01	
 4.8276e+01	
 5.5172e+01	
 4.8276e+01	
 5.5172e+01	
 5.5172e+01	
