loss	
 4.6309e+00	
 4.6551e+00	
 4.5993e+00	
 4.6182e+00	
 4.6147e+00	
 4.6029e+00	
 4.6134e+00	
 4.6245e+00	
 4.5906e+00	
 4.6027e+00	
 4.5973e+00	
 4.6100e+00	
 4.6480e+00	
 4.6313e+00	
 4.6198e+00	
 4.5912e+00	
 4.6136e+00	
 4.6205e+00	
 4.6209e+00	
 4.6149e+00	
 4.5836e+00	
 4.6203e+00	
 4.5804e+00	
 4.6277e+00	
 4.6164e+00	
 4.5803e+00	
 4.6307e+00	
 4.5784e+00	
 4.6126e+00	
 4.6126e+00	
 4.5977e+00	
 4.5833e+00	
 4.6155e+00	
 4.6441e+00	
 4.5975e+00	
 4.6256e+00	
 4.6234e+00	
 4.5879e+00	
 4.6077e+00	
 4.6110e+00	
 4.5936e+00	
 4.5947e+00	
 4.6208e+00	
 4.6080e+00	
 4.6261e+00	
 4.5918e+00	
 4.6175e+00	
 4.6048e+00	
 4.6325e+00	
 4.5822e+00	
 4.6025e+00	
 4.5866e+00	
 4.6002e+00	
 4.6467e+00	
 4.5757e+00	
 4.6066e+00	
 4.5960e+00	
 4.5925e+00	
 4.6032e+00	
 4.6181e+00	
 4.6067e+00	
 4.6146e+00	
 4.5882e+00	
 4.5838e+00	
 4.6194e+00	
 4.6099e+00	
 4.5462e+00	
 4.5518e+00	
 4.5859e+00	
 4.6144e+00	
 4.5917e+00	
 4.5814e+00	
 4.5720e+00	
 4.6227e+00	
 4.5678e+00	
 4.6123e+00	
 4.5944e+00	
 4.5782e+00	
 4.6194e+00	
 4.6074e+00	
 4.5695e+00	
 4.6025e+00	
 4.6014e+00	
 4.5980e+00	
 4.6248e+00	
 4.6288e+00	
 4.5603e+00	
 4.6308e+00	
 4.6244e+00	
 4.5805e+00	
 4.6030e+00	
 4.5798e+00	
 4.6208e+00	
 4.6001e+00	
 4.5957e+00	
 4.5990e+00	
 4.5744e+00	
 4.5909e+00	
 4.5846e+00	
 4.5723e+00	
 4.5688e+00	
 4.5647e+00	
 4.5886e+00	
 4.5536e+00	
 4.6020e+00	
 4.5960e+00	
 4.6313e+00	
 4.5431e+00	
 4.5962e+00	
 4.5763e+00	
 4.5474e+00	
 4.6109e+00	
 4.5255e+00	
 4.5390e+00	
 4.5672e+00	
 4.5186e+00	
 4.5564e+00	
 4.5088e+00	
 4.5500e+00	
 4.5677e+00	
 4.6504e+00	
 4.5904e+00	
 4.5405e+00	
 4.5598e+00	
 4.5749e+00	
 4.5463e+00	
 4.5425e+00	
 4.6110e+00	
 4.5680e+00	
 4.5524e+00	
 4.5730e+00	
 4.5811e+00	
 4.5514e+00	
 4.4964e+00	
 4.5543e+00	
 4.4770e+00	
 4.5642e+00	
 4.4772e+00	
 4.5220e+00	
 4.4958e+00	
 4.6196e+00	
 4.5778e+00	
 4.6084e+00	
 4.5574e+00	
 4.4734e+00	
 4.4711e+00	
 4.6083e+00	
 4.5212e+00	
 4.5378e+00	
 4.5346e+00	
 4.5029e+00	
 4.5093e+00	
 4.5092e+00	
 4.5556e+00	
 4.5405e+00	
 4.4583e+00	
 4.5584e+00	
 4.4705e+00	
 4.6145e+00	
 4.5638e+00	
 4.5016e+00	
 4.5614e+00	
 4.5042e+00	
 4.5538e+00	
 4.5005e+00	
 4.4046e+00	
 4.4755e+00	
 4.5148e+00	
 4.4640e+00	
 4.4185e+00	
 4.4998e+00	
 4.5039e+00	
 4.5062e+00	
 4.5439e+00	
 4.4638e+00	
 4.4228e+00	
 4.5232e+00	
 4.5399e+00	
 4.4316e+00	
 4.4086e+00	
 4.5222e+00	
 4.5955e+00	
 4.5348e+00	
 4.4267e+00	
 4.3670e+00	
 4.3866e+00	
 4.4306e+00	
 4.4610e+00	
 4.3059e+00	
 4.4981e+00	
 4.5409e+00	
 4.3612e+00	
 4.4336e+00	
 4.4486e+00	
 4.4394e+00	
 4.4264e+00	
 4.3342e+00	
 4.3435e+00	
 4.4126e+00	
 4.4627e+00	
 4.4515e+00	
 4.4165e+00	
 4.4257e+00	
 4.3652e+00	
 4.2961e+00	
 4.4599e+00	
 4.4429e+00	
 4.5113e+00	
 4.4570e+00	
 4.4191e+00	
 4.3645e+00	
 4.2913e+00	
 4.3707e+00	
 4.3831e+00	
 4.4457e+00	
 4.4000e+00	
 4.3803e+00	
 4.3162e+00	
 4.3275e+00	
 4.3375e+00	
 4.2731e+00	
 4.4542e+00	
 4.2651e+00	
 4.4345e+00	
 4.2576e+00	
 4.3075e+00	
 4.4029e+00	
 4.1012e+00	
 4.2366e+00	
 4.3446e+00	
 4.3740e+00	
 4.2500e+00	
 4.3116e+00	
 4.3317e+00	
 4.2658e+00	
 4.2236e+00	
 4.2701e+00	
 4.1293e+00	
 4.2119e+00	
 4.2505e+00	
 4.1545e+00	
 4.2706e+00	
 4.1706e+00	
 4.3365e+00	
 4.3888e+00	
 4.3070e+00	
 4.2986e+00	
 4.1289e+00	
 4.2156e+00	
 4.2387e+00	
 4.2007e+00	
 4.3063e+00	
 4.1803e+00	
 4.3085e+00	
 4.0105e+00	
 4.2450e+00	
 4.2676e+00	
 4.2463e+00	
 4.2055e+00	
 4.1397e+00	
 4.3855e+00	
 4.0683e+00	
 3.9522e+00	
 4.4121e+00	
 4.2631e+00	
 4.0595e+00	
 4.1042e+00	
 3.9518e+00	
 4.2070e+00	
 4.4352e+00	
 4.1907e+00	
 4.2068e+00	
 4.4457e+00	
 4.0872e+00	
 4.1603e+00	
 4.1437e+00	
 4.1857e+00	
 4.1025e+00	
 4.1201e+00	
 4.3154e+00	
 4.1305e+00	
 4.1939e+00	
 4.1494e+00	
 4.2344e+00	
 4.2458e+00	
 4.2309e+00	
 4.0702e+00	
 3.9391e+00	
 4.0659e+00	
 4.2494e+00	
 3.9944e+00	
 4.3085e+00	
 4.2037e+00	
 4.1499e+00	
 4.1194e+00	
 4.2530e+00	
 4.0953e+00	
 4.2038e+00	
 4.0937e+00	
 4.4417e+00	
 4.0276e+00	
 4.1243e+00	
 4.0618e+00	
 4.1544e+00	
 4.1569e+00	
 3.9268e+00	
 4.1185e+00	
 4.0637e+00	
 4.1388e+00	
 4.3740e+00	
 4.0115e+00	
 4.0394e+00	
 4.1019e+00	
 4.0989e+00	
 4.0187e+00	
 4.1237e+00	
 4.1313e+00	
 3.9502e+00	
 3.9375e+00	
 3.9267e+00	
 4.2645e+00	
 4.2523e+00	
 4.0261e+00	
 3.8463e+00	
 3.9205e+00	
 3.9288e+00	
 4.0255e+00	
 3.9360e+00	
 4.2160e+00	
 3.9084e+00	
 4.0013e+00	
 4.1138e+00	
 3.9054e+00	
 4.0730e+00	
 4.0431e+00	
 3.9675e+00	
 3.7854e+00	
 4.1742e+00	
 4.2658e+00	
 4.1003e+00	
 3.9151e+00	
 4.0747e+00	
 3.9142e+00	
 4.2184e+00	
 4.1206e+00	
 4.0020e+00	
 4.2289e+00	
 4.1024e+00	
 4.0316e+00	
 4.0441e+00	
 4.2764e+00	
 4.0774e+00	
 4.2132e+00	
 4.0392e+00	
 4.0295e+00	
 4.0048e+00	
 3.8329e+00	
 4.0819e+00	
 4.0058e+00	
 3.7628e+00	
 3.9524e+00	
 3.9270e+00	
 4.1139e+00	
 3.9217e+00	
 4.0219e+00	
 3.8008e+00	
 3.9593e+00	
 3.8194e+00	
 3.9248e+00	
 3.7027e+00	
 3.8851e+00	
 4.0370e+00	
 3.7956e+00	
 4.1304e+00	
 3.9814e+00	
 3.9601e+00	
 3.9358e+00	
 4.0180e+00	
 3.9908e+00	
 3.9000e+00	
 4.0318e+00	
 3.7788e+00	
 3.8543e+00	
 4.1812e+00	
 3.7358e+00	
 3.8596e+00	
 3.9917e+00	
 3.9439e+00	
 4.0225e+00	
 4.0039e+00	
 3.9368e+00	
 3.9029e+00	
 3.6212e+00	
 3.8395e+00	
 3.7794e+00	
 3.9515e+00	
 4.1068e+00	
 3.8461e+00	
 3.8144e+00	
 4.1464e+00	
 3.7865e+00	
 3.8971e+00	
 3.9897e+00	
 4.0120e+00	
 3.8324e+00	
 3.9770e+00	
 4.1031e+00	
 3.7701e+00	
 3.8516e+00	
 3.7251e+00	
 3.8310e+00	
 4.0717e+00	
 3.9103e+00	
 3.6364e+00	
 3.9033e+00	
 3.7001e+00	
 3.8066e+00	
 4.1400e+00	
 3.9314e+00	
 3.5411e+00	
 3.8680e+00	
 3.8782e+00	
 3.7584e+00	
 3.7549e+00	
 3.7862e+00	
 3.8188e+00	
 4.1478e+00	
 3.9463e+00	
 3.8624e+00	
 3.7942e+00	
 3.9856e+00	
 4.0468e+00	
 4.0694e+00	
 3.6833e+00	
 3.7110e+00	
 3.7572e+00	
 3.8228e+00	
 3.7710e+00	
 3.6326e+00	
 3.6917e+00	
 4.1179e+00	
 4.0386e+00	
 3.9799e+00	
 3.7868e+00	
 3.7632e+00	
 3.7349e+00	
 3.7977e+00	
 3.8985e+00	
 3.7685e+00	
 4.3210e+00	
 3.7088e+00	
 3.7762e+00	
 3.8942e+00	
 4.0063e+00	
 3.7198e+00	
 3.8823e+00	
 3.6963e+00	
 3.9653e+00	
 3.8139e+00	
 3.8677e+00	
 3.7035e+00	
 3.9564e+00	
 4.0650e+00	
 3.9355e+00	
 3.8903e+00	
 3.9948e+00	
 3.9387e+00	
 3.8432e+00	
 3.7563e+00	
 3.5715e+00	
 3.6987e+00	
 3.6387e+00	
 3.6356e+00	
 3.7287e+00	
 3.7998e+00	
 3.4486e+00	
 3.6754e+00	
 3.8784e+00	
 3.9511e+00	
 3.7441e+00	
 3.9324e+00	
 3.6426e+00	
 3.6394e+00	
 3.7297e+00	
 3.5355e+00	
 3.6806e+00	
 3.7071e+00	
 4.0554e+00	
 3.7912e+00	
 3.6721e+00	
 3.7469e+00	
 3.6652e+00	
 3.6782e+00	
 3.7080e+00	
 3.6057e+00	
 3.9324e+00	
 3.7025e+00	
 3.6530e+00	
 3.7897e+00	
 3.7032e+00	
 4.2009e+00	
 3.6482e+00	
 3.4595e+00	
 4.1745e+00	
 3.5811e+00	
 3.7360e+00	
 3.6614e+00	
 3.5575e+00	
 3.9358e+00	
 3.7218e+00	
 3.8227e+00	
 3.9518e+00	
 3.7243e+00	
 3.7111e+00	
 3.6350e+00	
 4.1745e+00	
 3.6947e+00	
 3.7983e+00	
 3.6444e+00	
 3.5841e+00	
 3.7162e+00	
 3.5888e+00	
 3.7376e+00	
 3.5782e+00	
 3.8521e+00	
 3.8591e+00	
 3.7764e+00	
 3.7675e+00	
 3.3849e+00	
 3.7718e+00	
 4.1892e+00	
 3.8799e+00	
 3.9049e+00	
 3.8903e+00	
 3.8149e+00	
 3.5297e+00	
 3.5230e+00	
 3.5581e+00	
 3.9255e+00	
 3.9071e+00	
 3.5605e+00	
 4.0716e+00	
 3.9493e+00	
 3.7013e+00	
 4.0280e+00	
 3.5509e+00	
 3.7229e+00	
 3.8885e+00	
 3.6956e+00	
 3.4783e+00	
 3.7510e+00	
 3.6907e+00	
 3.8626e+00	
 3.7253e+00	
 3.8313e+00	
 3.7749e+00	
 3.6394e+00	
 3.7217e+00	
 3.5850e+00	
 3.6395e+00	
 3.8171e+00	
 3.7880e+00	
 3.5397e+00	
 3.6247e+00	
 3.6982e+00	
 3.5184e+00	
 3.3889e+00	
 3.5982e+00	
 3.7704e+00	
 3.3527e+00	
 3.9011e+00	
 3.7476e+00	
 3.3306e+00	
 3.8477e+00	
 3.7667e+00	
 3.3483e+00	
 3.3632e+00	
 3.7796e+00	
 3.4455e+00	
 3.7728e+00	
 3.5790e+00	
 3.4012e+00	
 3.6305e+00	
 3.4151e+00	
 3.8761e+00	
 4.0310e+00	
 3.5821e+00	
 3.6754e+00	
 3.5797e+00	
 3.7715e+00	
 3.3469e+00	
 3.9219e+00	
 3.7607e+00	
 3.6048e+00	
 3.5514e+00	
 3.7246e+00	
 3.8384e+00	
 3.6061e+00	
 3.6588e+00	
 3.9664e+00	
 3.6246e+00	
 3.2009e+00	
 3.6726e+00	
 3.5388e+00	
 3.3682e+00	
 3.5610e+00	
 3.6722e+00	
 3.9329e+00	
 3.5122e+00	
 3.6612e+00	
 3.7831e+00	
 3.6125e+00	
 3.5329e+00	
 3.7379e+00	
 3.6643e+00	
 3.2719e+00	
 4.0402e+00	
 3.4256e+00	
 3.4221e+00	
 3.5045e+00	
 4.1444e+00	
 3.8208e+00	
 3.7058e+00	
 3.5995e+00	
 3.5603e+00	
 3.5898e+00	
 3.5257e+00	
 3.6472e+00	
 3.7774e+00	
 3.5451e+00	
 3.2810e+00	
 3.6147e+00	
 3.6150e+00	
 3.1339e+00	
 3.4770e+00	
 3.5085e+00	
 3.9433e+00	
 3.3800e+00	
 3.5480e+00	
 3.3808e+00	
 3.5101e+00	
 3.4989e+00	
 3.7245e+00	
 3.5439e+00	
 3.6391e+00	
 3.4576e+00	
 3.5644e+00	
 3.5317e+00	
 3.7982e+00	
 3.4899e+00	
 3.8367e+00	
 3.8487e+00	
 3.6394e+00	
 3.3750e+00	
 3.7217e+00	
 3.5272e+00	
 3.4911e+00	
 3.7461e+00	
 3.2821e+00	
 3.7087e+00	
 3.6910e+00	
 3.7252e+00	
 3.4590e+00	
 3.4232e+00	
 3.5350e+00	
 3.4159e+00	
 3.7347e+00	
 3.4515e+00	
 3.5667e+00	
 3.5409e+00	
 3.6396e+00	
 3.7461e+00	
 3.4264e+00	
 3.4486e+00	
 3.2506e+00	
 3.4742e+00	
 3.3934e+00	
 3.4037e+00	
 3.5150e+00	
 3.6928e+00	
 3.4283e+00	
 3.4255e+00	
 3.7859e+00	
 3.5546e+00	
 3.6620e+00	
 3.5183e+00	
 3.5940e+00	
 3.5887e+00	
 3.7301e+00	
 3.4703e+00	
 3.8359e+00	
 3.2207e+00	
 3.5118e+00	
 3.1803e+00	
 3.9502e+00	
 3.7892e+00	
 3.7154e+00	
 3.3776e+00	
 3.5629e+00	
 3.4543e+00	
 3.5586e+00	
 3.5603e+00	
 3.8439e+00	
 3.3653e+00	
 3.4324e+00	
 3.8144e+00	
 3.6735e+00	
 3.7144e+00	
 3.6438e+00	
 3.6303e+00	
 3.4934e+00	
 3.3554e+00	
 3.7766e+00	
 3.6730e+00	
 3.3370e+00	
 3.7607e+00	
 3.5464e+00	
 3.8387e+00	
 3.2888e+00	
 3.3979e+00	
 3.0975e+00	
 3.3270e+00	
 3.5065e+00	
 3.5302e+00	
 3.4239e+00	
 3.4706e+00	
 3.3393e+00	
 3.5690e+00	
 3.4101e+00	
 3.5896e+00	
 3.8315e+00	
 3.3656e+00	
 3.1491e+00	
 3.9784e+00	
 3.6370e+00	
 3.7710e+00	
 3.7546e+00	
 3.5628e+00	
 3.5063e+00	
 3.7183e+00	
 3.5471e+00	
 3.4574e+00	
 3.2379e+00	
 3.3089e+00	
 3.0243e+00	
 3.5490e+00	
 3.7413e+00	
 3.5016e+00	
 3.4755e+00	
 3.7078e+00	
 3.4852e+00	
 3.7610e+00	
 3.6222e+00	
 3.4017e+00	
 3.4010e+00	
 3.6197e+00	
 3.5258e+00	
 3.7245e+00	
 3.4257e+00	
 3.2489e+00	
 3.7772e+00	
 3.3919e+00	
 3.4760e+00	
 3.2320e+00	
 3.5181e+00	
 3.1992e+00	
 3.3535e+00	
 3.1433e+00	
 3.6364e+00	
 2.9505e+00	
 3.1930e+00	
 3.7428e+00	
 3.5043e+00	
 3.4935e+00	
 3.2870e+00	
 3.3511e+00	
 3.6768e+00	
 3.9302e+00	
 3.4719e+00	
 3.3316e+00	
 3.4707e+00	
 3.1145e+00	
 3.6696e+00	
 3.5745e+00	
 3.5429e+00	
 3.3985e+00	
 3.3526e+00	
 3.1813e+00	
 3.2428e+00	
 3.8600e+00	
 3.3716e+00	
 3.2909e+00	
 3.3123e+00	
 3.2017e+00	
 3.3298e+00	
 3.7544e+00	
 3.2955e+00	
 3.0573e+00	
 3.5657e+00	
 3.3164e+00	
 3.2371e+00	
 3.1738e+00	
 3.3859e+00	
 3.2890e+00	
 3.3453e+00	
 3.7043e+00	
 3.4520e+00	
 3.6129e+00	
 3.6254e+00	
 3.1950e+00	
 3.3785e+00	
 3.4009e+00	
 3.5514e+00	
 3.1941e+00	
 3.5050e+00	
 3.2653e+00	
 3.2241e+00	
 3.3048e+00	
 3.2924e+00	
 3.6067e+00	
 3.2774e+00	
 3.7462e+00	
 3.3896e+00	
 3.3495e+00	
 3.1557e+00	
 3.6319e+00	
 3.4285e+00	
 3.6363e+00	
 3.5089e+00	
 3.5316e+00	
 3.7277e+00	
 3.4613e+00	
 3.5898e+00	
 3.6219e+00	
 3.5112e+00	
 3.3409e+00	
 3.3678e+00	
 3.5733e+00	
 3.6033e+00	
 3.3715e+00	
 3.2982e+00	
 3.1831e+00	
 2.8814e+00	
 3.0417e+00	
 3.4758e+00	
 3.1156e+00	
 3.4157e+00	
 3.1501e+00	
 3.4945e+00	
 3.4458e+00	
 3.5667e+00	
 3.5399e+00	
 3.5242e+00	
 3.4249e+00	
 3.2138e+00	
 3.3591e+00	
 3.5743e+00	
 3.3805e+00	
 3.5867e+00	
 3.4499e+00	
 3.3907e+00	
 3.4075e+00	
 3.5923e+00	
 3.4048e+00	
 3.5674e+00	
 3.3079e+00	
 3.2905e+00	
 3.3658e+00	
 3.3915e+00	
 3.3392e+00	
 3.5300e+00	
 3.7858e+00	
 3.2339e+00	
 3.4548e+00	
 3.1788e+00	
 3.4157e+00	
 3.5422e+00	
 3.2943e+00	
 3.7263e+00	
 3.2813e+00	
 3.7091e+00	
 3.2950e+00	
 3.3232e+00	
 3.3412e+00	
 3.3403e+00	
 3.1661e+00	
 3.7191e+00	
 3.6659e+00	
 3.6499e+00	
 3.3652e+00	
 2.9543e+00	
 3.4352e+00	
 3.0536e+00	
 3.1239e+00	
 3.1709e+00	
 3.5166e+00	
 3.2650e+00	
 3.7556e+00	
 3.3909e+00	
 3.1769e+00	
 3.2104e+00	
 3.4264e+00	
 3.3975e+00	
 3.2770e+00	
 3.3005e+00	
 3.1659e+00	
 3.1599e+00	
 3.4272e+00	
 3.2570e+00	
 3.5758e+00	
 3.5258e+00	
 3.0170e+00	
 3.0181e+00	
 3.3110e+00	
 3.5997e+00	
 3.3347e+00	
 3.5054e+00	
 3.4624e+00	
 3.3782e+00	
 3.5642e+00	
 3.4077e+00	
 3.3750e+00	
 3.4797e+00	
 3.6173e+00	
 3.7087e+00	
 3.4234e+00	
 3.2953e+00	
 3.2214e+00	
 3.3401e+00	
 3.5852e+00	
 3.4481e+00	
 3.3817e+00	
 3.2543e+00	
 3.4244e+00	
 3.1998e+00	
 3.1394e+00	
 3.4782e+00	
 2.7365e+00	
 3.4550e+00	
 3.2993e+00	
 3.3806e+00	
 3.3066e+00	
 3.5778e+00	
 3.0949e+00	
 3.4086e+00	
 3.3315e+00	
 3.1873e+00	
 3.2769e+00	
 3.3128e+00	
 3.2617e+00	
 3.4667e+00	
 3.4814e+00	
 3.0670e+00	
 3.4488e+00	
 3.5798e+00	
 3.1348e+00	
 3.3389e+00	
 3.4494e+00	
 3.7433e+00	
 3.4156e+00	
 3.3809e+00	
 3.3723e+00	
 3.1145e+00	
 3.2851e+00	
 3.2721e+00	
 3.2277e+00	
 3.5595e+00	
 3.3155e+00	
 3.2808e+00	
 3.1638e+00	
 3.3565e+00	
 3.3639e+00	
 3.5861e+00	
 3.3635e+00	
 3.5809e+00	
 3.3409e+00	
 3.2919e+00	
 3.1812e+00	
 3.2835e+00	
 3.1639e+00	
 3.2227e+00	
 3.4467e+00	
 3.5181e+00	
 3.1566e+00	
 3.1923e+00	
 3.6190e+00	
 3.0835e+00	
 3.5699e+00	
 3.4096e+00	
 3.4888e+00	
 3.5027e+00	
 3.1714e+00	
 3.3405e+00	
 3.2585e+00	
 3.3287e+00	
 3.2489e+00	
 3.1738e+00	
 3.3738e+00	
 3.3072e+00	
 3.0767e+00	
 3.6761e+00	
 3.2761e+00	
 2.9052e+00	
 3.2300e+00	
 3.2339e+00	
 3.0661e+00	
 3.6065e+00	
 3.3064e+00	
 3.5662e+00	
 3.4178e+00	
 3.4144e+00	
 3.4110e+00	
 3.2995e+00	
 3.3884e+00	
 3.4800e+00	
 3.5339e+00	
 3.2085e+00	
 3.3704e+00	
 3.5245e+00	
 3.2549e+00	
 3.1732e+00	
 3.0530e+00	
 3.5551e+00	
 3.2360e+00	
 3.1557e+00	
 3.4900e+00	
 3.1690e+00	
 3.0462e+00	
 3.3527e+00	
 3.5208e+00	
 3.3444e+00	
 3.5883e+00	
 3.5925e+00	
 3.4474e+00	
 3.5208e+00	
 3.2662e+00	
 3.5566e+00	
 3.2923e+00	
 2.9750e+00	
 3.0709e+00	
 3.0337e+00	
 3.0672e+00	
 3.5259e+00	
 3.4280e+00	
 3.4987e+00	
 3.7633e+00	
 3.2364e+00	
 3.3617e+00	
 3.0556e+00	
 3.2256e+00	
 3.5801e+00	
 3.2807e+00	
 3.5356e+00	
 3.1752e+00	
 3.5526e+00	
 3.3495e+00	
 3.1597e+00	
 3.1481e+00	
 2.8885e+00	
 3.4113e+00	
 3.4621e+00	
 3.7043e+00	
 3.3416e+00	
 3.2155e+00	
 3.3001e+00	
 3.2941e+00	
 3.6403e+00	
 3.5198e+00	
 3.7752e+00	
 3.1239e+00	
 3.4673e+00	
 3.3744e+00	
 3.3633e+00	
 3.6031e+00	
 3.1667e+00	
 2.9636e+00	
 3.5078e+00	
 3.5494e+00	
 3.1075e+00	
 3.2272e+00	
 3.4365e+00	
 3.5527e+00	
 3.2441e+00	
 3.1488e+00	
 3.2123e+00	
 3.2977e+00	
 3.3429e+00	
 3.5132e+00	
 3.4716e+00	
 3.1712e+00	
 3.4786e+00	
 3.2547e+00	
 3.0916e+00	
 3.3543e+00	
 3.3814e+00	
 3.4073e+00	
 3.3474e+00	
 3.5577e+00	
 3.1475e+00	
 3.3431e+00	
 3.7479e+00	
 3.2938e+00	
 3.2409e+00	
 3.7273e+00	
 3.2794e+00	
 3.3623e+00	
 3.3332e+00	
 3.3839e+00	
 3.0260e+00	
 3.4034e+00	
 3.0896e+00	
 3.3474e+00	
 3.4864e+00	
 3.3587e+00	
 3.4751e+00	
 3.5736e+00	
 3.2481e+00	
 3.2610e+00	
 3.1484e+00	
 3.4103e+00	
 3.1433e+00	
 3.0900e+00	
 2.7946e+00	
 3.3451e+00	
 3.4091e+00	
 3.2085e+00	
 2.9891e+00	
 3.2991e+00	
 3.2809e+00	
 3.4393e+00	
 3.3093e+00	
 3.2139e+00	
 3.2647e+00	
 3.0954e+00	
 3.1725e+00	
 2.9683e+00	
 3.3834e+00	
 3.4128e+00	
 3.4670e+00	
 3.1192e+00	
 3.0999e+00	
 3.2337e+00	
 3.0755e+00	
 3.4222e+00	
 3.6381e+00	
 3.4157e+00	
 3.0430e+00	
 3.1719e+00	
 3.3575e+00	
 2.8194e+00	
 3.0496e+00	
 3.3139e+00	
 3.5467e+00	
 3.2082e+00	
 3.0172e+00	
 3.5199e+00	
 3.2006e+00	
 3.1225e+00	
 3.3497e+00	
 3.4912e+00	
 3.2644e+00	
 3.3764e+00	
 3.2121e+00	
 3.3313e+00	
 3.4954e+00	
 2.9673e+00	
 3.0881e+00	
 3.3783e+00	
 3.2214e+00	
 3.0519e+00	
 3.2031e+00	
 3.2120e+00	
 3.0179e+00	
 3.2579e+00	
 3.3968e+00	
 3.3868e+00	
 3.0861e+00	
 3.4379e+00	
 3.1413e+00	
 3.0208e+00	
 3.1972e+00	
 3.3436e+00	
 3.0776e+00	
 2.8903e+00	
 3.1561e+00	
 3.0993e+00	
 3.0811e+00	
 3.1902e+00	
 3.4160e+00	
 3.3612e+00	
 3.2621e+00	
 3.3775e+00	
 2.9224e+00	
 3.2421e+00	
 3.4032e+00	
 3.0373e+00	
 3.5039e+00	
 3.2059e+00	
 3.5670e+00	
 3.5841e+00	
 3.3358e+00	
 3.7096e+00	
 3.6746e+00	
 3.4841e+00	
 3.3038e+00	
 2.8559e+00	
 3.2787e+00	
 2.8349e+00	
 2.9085e+00	
 3.1846e+00	
 3.1269e+00	
 2.9596e+00	
 2.7971e+00	
 3.1499e+00	
 2.5808e+00	
 3.1904e+00	
 3.1155e+00	
 2.7707e+00	
 3.1501e+00	
 2.8351e+00	
 2.6236e+00	
 3.0947e+00	
 3.0667e+00	
 3.4935e+00	
 3.3910e+00	
 2.7934e+00	
 3.1879e+00	
 2.8968e+00	
 3.2287e+00	
 2.8619e+00	
 2.6043e+00	
 2.9806e+00	
 3.1468e+00	
 3.1988e+00	
 2.6802e+00	
 3.0119e+00	
 2.9813e+00	
 2.8399e+00	
 3.0640e+00	
 2.8486e+00	
 3.0288e+00	
 2.8609e+00	
 3.0602e+00	
 3.2401e+00	
 3.0555e+00	
 2.9977e+00	
 3.0241e+00	
 2.9324e+00	
 2.7960e+00	
 3.2932e+00	
 2.9355e+00	
 2.6762e+00	
 2.6433e+00	
 3.0463e+00	
 2.9936e+00	
 2.8294e+00	
 3.2400e+00	
 2.7847e+00	
 2.8826e+00	
 3.0315e+00	
 2.8953e+00	
 2.8586e+00	
 3.0955e+00	
 2.9865e+00	
 3.1158e+00	
 3.0909e+00	
 2.6713e+00	
 2.7035e+00	
 3.1075e+00	
 3.1631e+00	
 2.8001e+00	
 3.4129e+00	
 3.4022e+00	
 2.7653e+00	
 2.5543e+00	
 2.9810e+00	
 2.8331e+00	
 2.7743e+00	
 3.0572e+00	
 3.1989e+00	
 3.4130e+00	
 2.9268e+00	
 3.0182e+00	
 3.2285e+00	
 3.0335e+00	
 2.8707e+00	
 2.7365e+00	
 3.3449e+00	
 2.9168e+00	
 3.0215e+00	
 2.8213e+00	
 2.9473e+00	
 3.0916e+00	
 2.9475e+00	
 2.7828e+00	
 3.3714e+00	
 2.9606e+00	
 3.1417e+00	
 3.1966e+00	
 2.9238e+00	
 2.7581e+00	
 2.8173e+00	
 2.8580e+00	
 2.9304e+00	
 3.3306e+00	
 3.1010e+00	
 3.0353e+00	
 3.3334e+00	
 3.1378e+00	
 2.8824e+00	
 2.9048e+00	
 2.8182e+00	
 2.8305e+00	
 2.6263e+00	
 2.7615e+00	
 2.8935e+00	
 3.0320e+00	
 2.4401e+00	
 3.4006e+00	
 2.7343e+00	
 2.9677e+00	
 3.1104e+00	
 3.0827e+00	
 2.9836e+00	
 2.9693e+00	
 3.1877e+00	
 2.9819e+00	
 2.7983e+00	
 2.5882e+00	
 2.9019e+00	
 2.8751e+00	
 2.8904e+00	
 3.1294e+00	
 2.8479e+00	
 3.0275e+00	
 3.0129e+00	
 2.6956e+00	
 2.5673e+00	
 2.9609e+00	
 2.8820e+00	
 2.5561e+00	
 3.1921e+00	
 3.2862e+00	
 2.9415e+00	
 3.0071e+00	
 2.6051e+00	
 2.8716e+00	
 2.9150e+00	
 2.9137e+00	
 2.6945e+00	
 2.6772e+00	
 2.7238e+00	
 2.9535e+00	
 3.0176e+00	
 2.9258e+00	
 2.8792e+00	
 3.1573e+00	
 2.9238e+00	
 3.2250e+00	
 2.9671e+00	
 2.7854e+00	
 3.0585e+00	
 3.1118e+00	
 3.0160e+00	
 2.9214e+00	
 2.8102e+00	
 2.7937e+00	
 3.0130e+00	
 2.9609e+00	
 3.1604e+00	
 2.6019e+00	
 2.8149e+00	
 2.7234e+00	
 3.0103e+00	
 3.0770e+00	
 3.0873e+00	
 2.7456e+00	
 2.9585e+00	
 2.8444e+00	
 2.9158e+00	
 3.1600e+00	
 3.0418e+00	
 2.6045e+00	
 3.1923e+00	
 2.7631e+00	
 2.6709e+00	
 2.6047e+00	
 2.9305e+00	
 3.1622e+00	
 2.8337e+00	
 3.2314e+00	
 2.7493e+00	
 3.0708e+00	
 2.8721e+00	
 2.9261e+00	
 3.1536e+00	
 3.1508e+00	
 2.8076e+00	
 3.1999e+00	
 2.9744e+00	
 2.8655e+00	
 3.2886e+00	
 2.6389e+00	
 2.9608e+00	
 3.0259e+00	
 3.0371e+00	
 2.6286e+00	
 2.9207e+00	
 3.0194e+00	
 2.7293e+00	
 2.8762e+00	
 2.7771e+00	
 3.2724e+00	
 3.2310e+00	
 3.2069e+00	
 3.0781e+00	
 2.9303e+00	
 2.7516e+00	
 3.0547e+00	
 2.9475e+00	
 2.9907e+00	
 3.0083e+00	
 3.0024e+00	
 2.9497e+00	
 3.1403e+00	
 2.9492e+00	
 2.8347e+00	
 2.7620e+00	
 2.6815e+00	
 2.7515e+00	
 3.0598e+00	
 3.0646e+00	
 2.8370e+00	
 2.7527e+00	
 2.8743e+00	
 2.9238e+00	
 2.8703e+00	
 2.9140e+00	
 2.7227e+00	
 2.6594e+00	
 2.6072e+00	
 3.0497e+00	
 3.4506e+00	
 2.9431e+00	
 3.1108e+00	
 2.7169e+00	
 2.8708e+00	
 2.7271e+00	
 2.8802e+00	
 3.1346e+00	
 2.9313e+00	
 2.7263e+00	
 2.9166e+00	
 3.2002e+00	
 3.0113e+00	
 2.5869e+00	
 3.1311e+00	
 2.8524e+00	
 2.9978e+00	
 2.9321e+00	
 2.8176e+00	
 3.2867e+00	
 3.0516e+00	
 3.0373e+00	
 2.7247e+00	
 3.0638e+00	
 2.9707e+00	
 2.9309e+00	
 2.9840e+00	
 3.0906e+00	
 2.6148e+00	
 2.9329e+00	
 3.0294e+00	
 2.8018e+00	
 2.8576e+00	
 2.8225e+00	
 2.7197e+00	
 2.9202e+00	
 2.5260e+00	
 2.9266e+00	
 2.9025e+00	
 2.6193e+00	
 2.3815e+00	
 2.9786e+00	
 2.9851e+00	
 2.9933e+00	
 3.2545e+00	
 3.2021e+00	
 2.8991e+00	
 2.6943e+00	
 2.6613e+00	
 3.4975e+00	
 3.2475e+00	
 2.6745e+00	
 3.1230e+00	
 2.8856e+00	
 2.7806e+00	
 2.9287e+00	
 2.9104e+00	
 3.1408e+00	
 2.9875e+00	
 3.0368e+00	
 3.0532e+00	
 3.2606e+00	
 2.7159e+00	
 3.1514e+00	
 3.1449e+00	
 2.5581e+00	
 2.7424e+00	
 2.9007e+00	
 2.6280e+00	
 3.2159e+00	
 3.2351e+00	
 2.8481e+00	
 2.7366e+00	
 2.9735e+00	
 2.7087e+00	
 2.9759e+00	
 3.1416e+00	
 2.8481e+00	
 2.7228e+00	
 3.0636e+00	
 3.3257e+00	
 2.9496e+00	
 2.8681e+00	
 2.6628e+00	
 2.7945e+00	
 2.7238e+00	
 2.5897e+00	
 2.9170e+00	
 2.9920e+00	
 2.8694e+00	
 2.8702e+00	
 2.8614e+00	
 2.8168e+00	
 2.8698e+00	
 3.0497e+00	
 2.6435e+00	
 3.1563e+00	
 2.6617e+00	
 3.0493e+00	
 2.5806e+00	
 2.9701e+00	
 2.8064e+00	
 2.7995e+00	
 2.9138e+00	
 2.6217e+00	
 2.7850e+00	
 3.1725e+00	
 2.7061e+00	
 3.0018e+00	
 3.0684e+00	
 3.1725e+00	
 3.1656e+00	
 2.4876e+00	
 2.9777e+00	
 3.1226e+00	
 2.8461e+00	
 3.1546e+00	
 2.9244e+00	
 2.4881e+00	
 2.7283e+00	
 2.6799e+00	
 2.6623e+00	
 3.0616e+00	
 3.0640e+00	
 2.8322e+00	
 2.5925e+00	
 2.9732e+00	
 3.2720e+00	
 2.7544e+00	
 2.7802e+00	
 2.9832e+00	
 3.2163e+00	
 3.0463e+00	
 3.1368e+00	
 2.9320e+00	
 2.7652e+00	
 3.1361e+00	
 2.9675e+00	
 2.8218e+00	
 2.8849e+00	
 2.8108e+00	
 3.1572e+00	
 2.9067e+00	
 2.9368e+00	
 2.7812e+00	
 2.8890e+00	
 2.9041e+00	
 2.7116e+00	
 2.8412e+00	
 3.1873e+00	
 3.1025e+00	
 2.4440e+00	
 3.0182e+00	
 3.1314e+00	
 2.7570e+00	
 2.8744e+00	
 2.8349e+00	
 2.7292e+00	
 2.6391e+00	
 3.1977e+00	
 2.8342e+00	
 2.8176e+00	
 2.6764e+00	
 3.1290e+00	
 2.7941e+00	
 2.8847e+00	
 3.2766e+00	
 2.8774e+00	
 2.7556e+00	
 3.0413e+00	
 2.9887e+00	
 2.8162e+00	
 2.6027e+00	
 2.7348e+00	
 2.8175e+00	
 2.9163e+00	
 2.9802e+00	
 2.7179e+00	
 2.8831e+00	
 2.7969e+00	
 2.9756e+00	
 2.8415e+00	
 3.0268e+00	
 2.9121e+00	
 2.7647e+00	
 2.9078e+00	
 2.6482e+00	
 3.2389e+00	
 2.7355e+00	
 3.0705e+00	
 2.9147e+00	
 2.5862e+00	
 2.6804e+00	
 3.1894e+00	
 2.5551e+00	
 2.9396e+00	
 2.9301e+00	
 2.7935e+00	
 2.9804e+00	
 3.5417e+00	
 3.0103e+00	
 3.1099e+00	
 2.6890e+00	
 2.7526e+00	
 2.4207e+00	
 3.0074e+00	
 3.4314e+00	
 3.0782e+00	
 2.6259e+00	
 2.9857e+00	
 2.8047e+00	
 3.1580e+00	
 2.8809e+00	
 3.0041e+00	
 3.2018e+00	
 2.7212e+00	
 2.5192e+00	
 2.8137e+00	
 3.1414e+00	
 3.0266e+00	
 3.2857e+00	
 2.5613e+00	
 3.3732e+00	
 2.7162e+00	
 3.1561e+00	
 2.5865e+00	
 2.7510e+00	
 2.8906e+00	
 2.5093e+00	
 2.7894e+00	
 2.7349e+00	
 2.6552e+00	
 3.2924e+00	
 3.2019e+00	
 2.8577e+00	
 2.8889e+00	
 2.9428e+00	
 3.1105e+00	
 2.5480e+00	
 2.7085e+00	
 2.8715e+00	
 3.0319e+00	
 2.8400e+00	
 3.0489e+00	
 2.7059e+00	
 2.8324e+00	
 3.1731e+00	
 2.7262e+00	
 2.7720e+00	
 2.8277e+00	
 2.8828e+00	
 2.9887e+00	
 2.8593e+00	
 2.8242e+00	
 3.1573e+00	
 3.2104e+00	
 2.8285e+00	
 2.7244e+00	
 3.1596e+00	
 2.6525e+00	
 2.8290e+00	
 3.0009e+00	
 2.3414e+00	
 3.1404e+00	
 2.8396e+00	
 2.5522e+00	
 2.8690e+00	
 3.0515e+00	
 2.3576e+00	
 3.0421e+00	
 2.5860e+00	
 2.5644e+00	
 3.2172e+00	
 2.5945e+00	
 2.8639e+00	
 2.8764e+00	
 2.7890e+00	
 2.7895e+00	
 2.7603e+00	
 2.7507e+00	
 2.7379e+00	
 2.8773e+00	
 2.6681e+00	
 2.9696e+00	
 2.7846e+00	
 2.7967e+00	
 2.6254e+00	
 2.7181e+00	
 2.9076e+00	
 2.6248e+00	
 2.7715e+00	
 2.6535e+00	
 3.7056e+00	
 2.7814e+00	
 3.3048e+00	
 2.9607e+00	
 2.9562e+00	
 2.9946e+00	
 3.0067e+00	
 2.7028e+00	
 2.5477e+00	
 2.9850e+00	
 2.6993e+00	
 3.1144e+00	
 2.5707e+00	
 2.7494e+00	
 2.9521e+00	
 3.0225e+00	
 2.5961e+00	
 2.7635e+00	
 2.7037e+00	
 2.3706e+00	
 3.1714e+00	
 2.5095e+00	
 3.0623e+00	
 2.7241e+00	
 2.5025e+00	
 2.8871e+00	
 3.0011e+00	
 3.0519e+00	
 2.9392e+00	
 2.4944e+00	
 2.7650e+00	
 2.9911e+00	
 2.2234e+00	
 2.6439e+00	
 3.2271e+00	
 2.8457e+00	
 2.8993e+00	
 2.9645e+00	
 2.9732e+00	
 2.7007e+00	
 2.6552e+00	
 2.6133e+00	
 2.6958e+00	
 2.7285e+00	
 2.9647e+00	
 2.8799e+00	
 3.3350e+00	
 2.5629e+00	
 2.9549e+00	
 2.8634e+00	
 2.7470e+00	
 2.8772e+00	
 2.9997e+00	
 2.6997e+00	
 2.7501e+00	
 3.1437e+00	
 3.0849e+00	
 2.7178e+00	
 2.6016e+00	
 2.8192e+00	
 2.8647e+00	
 2.6948e+00	
 3.2985e+00	
 2.9147e+00	
 2.7081e+00	
 2.9687e+00	
 3.3699e+00	
 2.8149e+00	
 2.6913e+00	
 2.9680e+00	
 2.8006e+00	
 3.3177e+00	
 2.5964e+00	
 2.4027e+00	
 2.5501e+00	
 3.0994e+00	
 2.4993e+00	
 3.1042e+00	
 2.8570e+00	
 2.8258e+00	
 2.9442e+00	
 2.6631e+00	
 3.1374e+00	
 2.7606e+00	
 2.4431e+00	
 2.8050e+00	
 2.5112e+00	
 2.7448e+00	
 3.0288e+00	
 2.7633e+00	
 2.6152e+00	
 2.3060e+00	
 2.8852e+00	
 3.1213e+00	
 2.9820e+00	
 2.7250e+00	
 2.8218e+00	
 2.8396e+00	
 3.0502e+00	
 2.8199e+00	
 2.8491e+00	
 2.5394e+00	
 2.7687e+00	
 2.9157e+00	
 2.8972e+00	
 2.6959e+00	
 2.7369e+00	
 2.7058e+00	
 3.1978e+00	
 3.0600e+00	
 3.1232e+00	
 3.1978e+00	
 2.6725e+00	
 2.2791e+00	
 2.8063e+00	
 2.7907e+00	
 2.6531e+00	
 2.9793e+00	
 2.5043e+00	
 2.7177e+00	
 2.7028e+00	
 3.0452e+00	
 3.0287e+00	
 2.7795e+00	
 2.6512e+00	
 2.5200e+00	
 2.8035e+00	
 2.4874e+00	
 2.5757e+00	
 2.7742e+00	
 2.6146e+00	
 2.6150e+00	
 2.9244e+00	
 2.7796e+00	
 2.8054e+00	
 2.7192e+00	
 2.9737e+00	
 3.1559e+00	
 2.7615e+00	
 2.9294e+00	
 2.4967e+00	
 2.6547e+00	
 2.6461e+00	
 3.3862e+00	
 2.5985e+00	
 3.2869e+00	
 2.8178e+00	
 2.5989e+00	
 2.9607e+00	
 3.0974e+00	
 3.0265e+00	
 2.4847e+00	
 2.7663e+00	
 2.5364e+00	
 2.7160e+00	
 2.9481e+00	
 3.0373e+00	
 2.7216e+00	
 2.5620e+00	
 2.8883e+00	
 3.1701e+00	
 3.0172e+00	
 2.6643e+00	
 3.3678e+00	
 3.2555e+00	
 2.7412e+00	
 2.7026e+00	
 2.9480e+00	
 2.8160e+00	
 2.9483e+00	
 3.0040e+00	
 2.6285e+00	
 2.7655e+00	
 3.1990e+00	
 2.6408e+00	
 2.9589e+00	
 2.9511e+00	
 2.8567e+00	
 2.5993e+00	
 2.8232e+00	
 2.9186e+00	
 3.0549e+00	
 2.6105e+00	
 2.8698e+00	
 2.3945e+00	
 2.5355e+00	
 3.0662e+00	
 3.0073e+00	
 2.8811e+00	
 3.2242e+00	
 3.0743e+00	
 2.8182e+00	
 3.0806e+00	
 2.6179e+00	
 3.0564e+00	
 2.9330e+00	
 2.6144e+00	
 2.9062e+00	
 2.9731e+00	
 2.4488e+00	
 3.0738e+00	
 2.8423e+00	
 2.7871e+00	
 2.8109e+00	
 2.7987e+00	
 3.1153e+00	
 2.7602e+00	
 2.5722e+00	
 3.3731e+00	
 3.0949e+00	
 2.9003e+00	
 3.0212e+00	
 3.0077e+00	
 2.3646e+00	
 2.6546e+00	
 2.6922e+00	
 3.2480e+00	
 2.5167e+00	
 2.8368e+00	
 2.9623e+00	
 2.8409e+00	
 2.7984e+00	
 3.0583e+00	
 2.7408e+00	
 2.5109e+00	
 2.8816e+00	
 2.5794e+00	
 2.8576e+00	
 2.5725e+00	
 2.6321e+00	
 2.8878e+00	
 2.6537e+00	
 2.9395e+00	
 2.3651e+00	
 2.2381e+00	
 2.4539e+00	
 3.1158e+00	
 2.6817e+00	
 2.6665e+00	
 2.4673e+00	
 2.8718e+00	
 2.4580e+00	
 3.0491e+00	
 3.1332e+00	
 2.5525e+00	
 3.0679e+00	
 2.8770e+00	
 3.1881e+00	
 2.8250e+00	
 2.8980e+00	
 2.7579e+00	
 3.0951e+00	
 2.6855e+00	
 2.7279e+00	
 3.0745e+00	
 2.6253e+00	
 2.9443e+00	
 2.5514e+00	
 2.6235e+00	
 2.8207e+00	
 2.2940e+00	
 3.1830e+00	
 2.9688e+00	
 2.5102e+00	
 2.9130e+00	
 2.9454e+00	
 2.8369e+00	
 3.1166e+00	
 2.7662e+00	
 2.7822e+00	
 2.7069e+00	
 2.7274e+00	
 3.1904e+00	
 2.8042e+00	
 2.7634e+00	
 2.7665e+00	
 2.9781e+00	
 2.9956e+00	
 2.8462e+00	
 2.9174e+00	
 3.0167e+00	
 2.7408e+00	
 3.0007e+00	
 2.4822e+00	
 2.7304e+00	
 2.9589e+00	
 2.4552e+00	
 2.8007e+00	
 2.5513e+00	
 2.5110e+00	
 2.8088e+00	
 2.9235e+00	
 2.6456e+00	
 2.5830e+00	
 2.9251e+00	
 2.7582e+00	
 2.9673e+00	
 2.7937e+00	
 2.8055e+00	
 3.1144e+00	
 2.9960e+00	
 3.1959e+00	
 2.9761e+00	
 3.1029e+00	
 2.8589e+00	
 2.9143e+00	
 2.9218e+00	
 2.5186e+00	
 3.0706e+00	
 3.1699e+00	
 2.8727e+00	
 2.7644e+00	
 2.4470e+00	
 2.8697e+00	
 3.3765e+00	
 2.4715e+00	
 2.9178e+00	
 3.0874e+00	
 2.7750e+00	
 2.6900e+00	
 2.7435e+00	
 2.6114e+00	
 2.8486e+00	
 2.6921e+00	
 2.8528e+00	
 2.7521e+00	
 2.6957e+00	
 3.0928e+00	
 2.7312e+00	
 2.4430e+00	
 3.1463e+00	
 2.6152e+00	
 2.8192e+00	
 2.7261e+00	
 3.0686e+00	
 2.8735e+00	
 2.9011e+00	
 3.0477e+00	
 2.5239e+00	
 2.9519e+00	
 2.4350e+00	
 2.7036e+00	
 2.8573e+00	
 2.9066e+00	
 3.0673e+00	
 2.9805e+00	
 3.0512e+00	
 2.8741e+00	
 2.4249e+00	
 2.7590e+00	
 3.1269e+00	
 3.0002e+00	
 2.7585e+00	
 3.2922e+00	
 2.4658e+00	
 2.8716e+00	
 2.7757e+00	
 2.6340e+00	
 3.0707e+00	
 2.9720e+00	
 2.1822e+00	
 2.9713e+00	
 2.7203e+00	
 2.9175e+00	
 2.3834e+00	
 2.5841e+00	
 3.0143e+00	
 2.5776e+00	
 2.3890e+00	
 2.5409e+00	
 2.5794e+00	
 2.9526e+00	
 2.8447e+00	
 3.0710e+00	
 2.8474e+00	
 2.7186e+00	
 2.6610e+00	
 2.9021e+00	
 2.8848e+00	
 2.7401e+00	
 3.0835e+00	
 3.3791e+00	
 3.1600e+00	
 2.8611e+00	
 2.6652e+00	
 2.6750e+00	
 2.9907e+00	
 2.7771e+00	
 2.6714e+00	
 2.9824e+00	
 3.2231e+00	
 2.4323e+00	
 2.5572e+00	
 2.7928e+00	
 2.8157e+00	
 2.8662e+00	
 2.8758e+00	
 2.6223e+00	
 2.5439e+00	
 2.6965e+00	
 2.6593e+00	
 3.0600e+00	
 2.9509e+00	
 3.1521e+00	
 2.8415e+00	
 2.9239e+00	
 2.6917e+00	
 2.6889e+00	
 2.6720e+00	
 2.8856e+00	
 2.9618e+00	
 2.7171e+00	
 2.8970e+00	
 3.0240e+00	
 2.7255e+00	
 2.4603e+00	
 2.9359e+00	
 2.6642e+00	
 2.9494e+00	
 2.3513e+00	
 3.0383e+00	
 2.9110e+00	
 3.0694e+00	
 2.8287e+00	
 2.6442e+00	
 3.1730e+00	
 2.5622e+00	
 2.8494e+00	
 3.1016e+00	
 2.8649e+00	
 2.8483e+00	
 2.6864e+00	
 3.0995e+00	
 2.5954e+00	
 2.9033e+00	
 2.8237e+00	
 2.7490e+00	
 2.7662e+00	
 3.0097e+00	
 2.9983e+00	
 3.0087e+00	
 3.1702e+00	
 2.5567e+00	
 2.8428e+00	
 2.8007e+00	
 3.2361e+00	
 2.9064e+00	
 2.6584e+00	
 2.9432e+00	
 2.6848e+00	
 2.8782e+00	
 2.4263e+00	
 2.9376e+00	
 2.4748e+00	
 3.2054e+00	
 2.3114e+00	
 3.0048e+00	
 2.3440e+00	
 2.6030e+00	
 2.6219e+00	
 2.5587e+00	
 2.3000e+00	
 2.7810e+00	
 3.0855e+00	
 2.6887e+00	
 3.1631e+00	
 2.6006e+00	
 2.9127e+00	
 2.9508e+00	
 2.4619e+00	
 2.9081e+00	
 2.5301e+00	
 2.8933e+00	
 2.8306e+00	
 2.7319e+00	
 2.3646e+00	
 2.2074e+00	
 2.7614e+00	
 2.7892e+00	
 2.8271e+00	
 2.6284e+00	
 3.0031e+00	
 2.9398e+00	
 2.9742e+00	
 3.0299e+00	
 2.5123e+00	
 2.6680e+00	
 2.7694e+00	
 2.5020e+00	
 3.2897e+00	
 2.6664e+00	
 2.4495e+00	
 2.7957e+00	
 2.4597e+00	
 2.6797e+00	
 2.9755e+00	
 2.8361e+00	
 2.4981e+00	
 3.3419e+00	
 2.5391e+00	
 2.6768e+00	
 2.4144e+00	
 2.7860e+00	
 2.6667e+00	
 2.6565e+00	
 2.5432e+00	
 2.3519e+00	
 3.0822e+00	
 2.6141e+00	
 2.8113e+00	
 2.8063e+00	
 2.3928e+00	
 2.9614e+00	
 2.7366e+00	
 3.3609e+00	
 2.7829e+00	
 2.6587e+00	
 2.5763e+00	
 2.5211e+00	
 2.4575e+00	
 2.5852e+00	
 2.5891e+00	
 2.6051e+00	
 2.7078e+00	
 3.1442e+00	
 2.7106e+00	
 2.8376e+00	
 2.6549e+00	
 2.7332e+00	
 2.7901e+00	
 2.8873e+00	
 2.8413e+00	
 2.9677e+00	
 2.5081e+00	
 2.7309e+00	
 2.9785e+00	
 2.6163e+00	
 2.6100e+00	
 2.8638e+00	
 3.1730e+00	
 2.7392e+00	
 2.3386e+00	
 2.3505e+00	
 2.7532e+00	
 2.4988e+00	
 2.6476e+00	
 2.7691e+00	
 3.0419e+00	
 2.9919e+00	
 2.4493e+00	
 2.8080e+00	
 2.8797e+00	
 2.6946e+00	
 2.7254e+00	
 2.5493e+00	
 2.8228e+00	
 2.7333e+00	
 3.1106e+00	
 2.6183e+00	
 2.8594e+00	
 2.8264e+00	
 2.5166e+00	
 3.0942e+00	
 2.7980e+00	
 2.9256e+00	
 2.4707e+00	
 3.2914e+00	
 2.9744e+00	
 2.3945e+00	
 2.9513e+00	
 2.6638e+00	
 2.8964e+00	
 3.0218e+00	
 2.6010e+00	
 2.8035e+00	
 2.5231e+00	
 2.6344e+00	
 2.6343e+00	
 2.9045e+00	
 2.9284e+00	
 2.7095e+00	
 2.8327e+00	
 2.9334e+00	
 2.7940e+00	
 2.4088e+00	
 2.7468e+00	
 2.7587e+00	
 3.0777e+00	
 2.5458e+00	
 2.8117e+00	
 2.8417e+00	
 2.3328e+00	
 2.9152e+00	
 2.7459e+00	
 2.9733e+00	
 3.0320e+00	
 2.6662e+00	
 3.0921e+00	
 3.1707e+00	
 2.7760e+00	
 2.7920e+00	
 2.3131e+00	
 2.7143e+00	
 2.8352e+00	
 2.7031e+00	
 2.6973e+00	
 2.8738e+00	
 2.6805e+00	
 2.4778e+00	
 2.8368e+00	
 2.7049e+00	
 2.8450e+00	
 2.4845e+00	
 2.4714e+00	
 2.6024e+00	
 2.6037e+00	
 2.3000e+00	
 3.0756e+00	
 2.4513e+00	
 2.6261e+00	
 3.1946e+00	
 2.4268e+00	
 2.2828e+00	
 2.6137e+00	
 2.6508e+00	
 2.3737e+00	
 2.6082e+00	
 2.6868e+00	
 3.0461e+00	
 2.7688e+00	
 2.7385e+00	
 2.4396e+00	
 2.6931e+00	
 2.9238e+00	
 3.2184e+00	
 2.2052e+00	
 2.4737e+00	
 2.4127e+00	
 2.2593e+00	
 2.7254e+00	
 2.5205e+00	
 2.7507e+00	
 2.7293e+00	
 2.7745e+00	
 2.7677e+00	
 2.9014e+00	
 2.2376e+00	
 2.8497e+00	
 3.2626e+00	
 2.8758e+00	
 2.7537e+00	
 2.9971e+00	
 2.7442e+00	
 2.9375e+00	
 2.8243e+00	
 2.6242e+00	
 2.9864e+00	
 3.0069e+00	
 2.5216e+00	
 2.6100e+00	
 2.9940e+00	
 2.8453e+00	
 2.9824e+00	
 2.3955e+00	
 2.2630e+00	
 2.5267e+00	
 3.0377e+00	
 2.9978e+00	
 2.7536e+00	
 3.3988e+00	
 2.3574e+00	
 2.8983e+00	
 2.3085e+00	
 2.7564e+00	
 2.8009e+00	
 3.2531e+00	
 2.8348e+00	
 3.2337e+00	
 2.2986e+00	
 2.2141e+00	
 2.1656e+00	
 2.4842e+00	
 2.1805e+00	
 1.8076e+00	
 1.7864e+00	
 2.4259e+00	
 2.0338e+00	
 1.8724e+00	
 2.0156e+00	
 2.2030e+00	
 2.0236e+00	
 2.3938e+00	
 2.1946e+00	
 2.0859e+00	
 1.8029e+00	
 2.0077e+00	
 2.0977e+00	
 2.3117e+00	
 1.9639e+00	
 2.3840e+00	
 2.0263e+00	
 2.3178e+00	
 2.1120e+00	
 2.3081e+00	
 2.4419e+00	
 2.2466e+00	
 2.1571e+00	
 2.4449e+00	
 2.2407e+00	
 2.3218e+00	
 2.1750e+00	
 2.3582e+00	
 2.2297e+00	
 2.0973e+00	
 2.1211e+00	
 2.3765e+00	
 2.0913e+00	
 2.0699e+00	
 2.3459e+00	
 2.2729e+00	
 1.8685e+00	
 2.6324e+00	
 2.2040e+00	
 2.3598e+00	
 2.0323e+00	
 2.2007e+00	
 1.9912e+00	
 2.0643e+00	
 2.0358e+00	
 1.9447e+00	
 1.8082e+00	
 2.0774e+00	
 2.4383e+00	
 2.0443e+00	
 2.2799e+00	
 2.3621e+00	
 1.8283e+00	
 1.5530e+00	
 2.0945e+00	
 2.2322e+00	
 1.9706e+00	
 2.3151e+00	
 2.2983e+00	
 2.0732e+00	
 2.0682e+00	
 1.7918e+00	
 2.2041e+00	
 1.9725e+00	
 2.2936e+00	
 2.0984e+00	
 1.8653e+00	
 2.3030e+00	
 2.1815e+00	
 1.7781e+00	
 2.2184e+00	
 1.8097e+00	
 1.9958e+00	
 2.2820e+00	
 2.1470e+00	
 2.2479e+00	
 2.1082e+00	
 2.4077e+00	
 2.5785e+00	
 1.9692e+00	
 1.8701e+00	
 2.2255e+00	
 2.3181e+00	
 2.1179e+00	
 1.8098e+00	
 1.9066e+00	
 2.1542e+00	
 2.0403e+00	
 2.1994e+00	
 1.9166e+00	
 2.0205e+00	
 2.3203e+00	
 2.1438e+00	
 2.2333e+00	
 2.2652e+00	
 1.6460e+00	
 2.3331e+00	
 2.0929e+00	
 2.0952e+00	
 2.2687e+00	
 1.9144e+00	
 2.0680e+00	
 1.9292e+00	
 1.8402e+00	
 2.4491e+00	
 2.0911e+00	
 2.4392e+00	
 2.3889e+00	
 1.8669e+00	
 2.2429e+00	
 1.9380e+00	
 1.8824e+00	
 2.0005e+00	
 2.3233e+00	
 2.2028e+00	
 1.9502e+00	
 2.0643e+00	
 2.2039e+00	
 2.2199e+00	
 2.0204e+00	
 2.2591e+00	
 2.1685e+00	
 2.1711e+00	
 2.3506e+00	
 2.4433e+00	
 2.0288e+00	
 1.7453e+00	
 2.2726e+00	
 2.4101e+00	
 2.0367e+00	
 1.9161e+00	
 2.1199e+00	
 1.7977e+00	
 2.0218e+00	
 2.0135e+00	
 2.1945e+00	
 2.5774e+00	
 1.8184e+00	
 1.9380e+00	
 2.1055e+00	
 2.0746e+00	
 2.4387e+00	
 2.5642e+00	
 1.9797e+00	
 2.1272e+00	
 1.8093e+00	
 1.9710e+00	
 2.1447e+00	
 2.1345e+00	
 1.9456e+00	
 2.2208e+00	
 2.2261e+00	
 2.0958e+00	
 2.4589e+00	
 2.3432e+00	
 1.8918e+00	
 2.4916e+00	
 1.8962e+00	
 2.2719e+00	
 2.1855e+00	
 2.2807e+00	
 2.1150e+00	
 2.1660e+00	
 2.6186e+00	
 2.6093e+00	
 1.6984e+00	
 1.8536e+00	
 1.9506e+00	
 2.1262e+00	
 2.0319e+00	
 2.0845e+00	
 1.9907e+00	
 1.8245e+00	
 2.0272e+00	
 2.3006e+00	
 1.8882e+00	
 2.1884e+00	
 2.4684e+00	
 2.0593e+00	
 2.1325e+00	
 2.2065e+00	
 2.2721e+00	
 2.3980e+00	
 2.6805e+00	
 2.2831e+00	
 2.6241e+00	
 1.7236e+00	
 1.9903e+00	
 2.2198e+00	
 2.2937e+00	
 2.1841e+00	
 1.9924e+00	
 2.0830e+00	
 2.5968e+00	
 2.0538e+00	
 2.1041e+00	
 1.8593e+00	
 2.3419e+00	
 2.4297e+00	
 2.3031e+00	
 2.1662e+00	
 2.4305e+00	
 2.1572e+00	
 2.4584e+00	
 2.3983e+00	
 2.3265e+00	
 2.0880e+00	
 2.7283e+00	
 2.5085e+00	
 2.1371e+00	
 2.3959e+00	
 2.1379e+00	
 2.2125e+00	
 1.7449e+00	
 2.1452e+00	
 2.4502e+00	
 2.1733e+00	
 2.0425e+00	
 2.0726e+00	
 1.9419e+00	
 1.7929e+00	
 2.2965e+00	
 2.1984e+00	
 2.4068e+00	
 2.3012e+00	
 2.0488e+00	
 2.2766e+00	
 2.2244e+00	
 2.1488e+00	
 2.0722e+00	
 2.2356e+00	
 1.9255e+00	
 1.8609e+00	
 2.1901e+00	
 1.8865e+00	
 2.2015e+00	
 2.0351e+00	
 2.0534e+00	
 1.9893e+00	
 2.2568e+00	
 2.2926e+00	
 2.0196e+00	
 1.8276e+00	
 2.4197e+00	
 2.3295e+00	
 1.5856e+00	
 2.3784e+00	
 2.2263e+00	
 2.4393e+00	
 1.7603e+00	
 2.2889e+00	
 2.0477e+00	
 2.3896e+00	
 1.7449e+00	
 2.3446e+00	
 2.0286e+00	
 2.5688e+00	
 2.1537e+00	
 1.6299e+00	
 1.8618e+00	
 2.3666e+00	
 2.2764e+00	
 1.9515e+00	
 2.2758e+00	
 1.7087e+00	
 2.3626e+00	
 1.7710e+00	
 1.9832e+00	
 1.5426e+00	
 2.1823e+00	
 2.6022e+00	
 2.0241e+00	
 1.8924e+00	
 1.7028e+00	
 1.8238e+00	
 1.7866e+00	
 2.4581e+00	
 2.5403e+00	
 2.1532e+00	
 2.2094e+00	
 2.3835e+00	
 2.0138e+00	
 1.8970e+00	
 2.4393e+00	
 1.9288e+00	
 2.0821e+00	
 2.1874e+00	
 1.8487e+00	
 2.5780e+00	
 2.3334e+00	
 1.8547e+00	
 2.0275e+00	
 1.8729e+00	
 1.9814e+00	
 2.3080e+00	
 2.3890e+00	
 2.1154e+00	
 2.1942e+00	
 1.7667e+00	
 1.8424e+00	
 2.1569e+00	
 2.4443e+00	
 2.4486e+00	
 2.3655e+00	
 1.9026e+00	
 2.0747e+00	
 2.1863e+00	
 2.1849e+00	
 2.2832e+00	
 2.4133e+00	
 2.5454e+00	
 1.9408e+00	
 2.2288e+00	
 1.8684e+00	
 1.9824e+00	
 2.0492e+00	
 2.0496e+00	
 2.1772e+00	
 1.9888e+00	
 2.0647e+00	
 1.8826e+00	
 1.9138e+00	
 2.3530e+00	
 2.2803e+00	
 2.5660e+00	
 2.2445e+00	
 2.4335e+00	
 1.8970e+00	
 2.0186e+00	
 1.9775e+00	
 2.1185e+00	
 2.1190e+00	
 2.2028e+00	
 2.0389e+00	
 2.5701e+00	
 2.0751e+00	
 1.9722e+00	
 1.9193e+00	
 2.1199e+00	
 2.4291e+00	
 2.3667e+00	
 2.0707e+00	
 2.1250e+00	
 2.3952e+00	
 2.0788e+00	
 2.3857e+00	
 1.6368e+00	
 2.0476e+00	
 2.4001e+00	
 1.8312e+00	
 2.0144e+00	
 2.4474e+00	
 2.1307e+00	
 2.1549e+00	
 2.3269e+00	
 2.4625e+00	
 2.0693e+00	
 2.0916e+00	
 2.0799e+00	
 2.6528e+00	
 1.6073e+00	
 2.4088e+00	
 2.1787e+00	
 2.4107e+00	
 2.2165e+00	
 2.0107e+00	
 2.3150e+00	
 2.3614e+00	
 2.5074e+00	
 2.0238e+00	
 2.2864e+00	
 2.1395e+00	
 2.6887e+00	
 1.8642e+00	
 2.0215e+00	
 2.1492e+00	
 1.9684e+00	
 1.9468e+00	
 1.9743e+00	
 2.0257e+00	
 2.2579e+00	
 1.9180e+00	
 2.1401e+00	
 2.4206e+00	
 2.1205e+00	
 2.3757e+00	
 1.9273e+00	
 1.7047e+00	
 1.9864e+00	
 2.4587e+00	
 1.8458e+00	
 2.0874e+00	
 1.6643e+00	
 2.2667e+00	
 1.7689e+00	
 2.5109e+00	
 1.8632e+00	
 1.8864e+00	
 2.6057e+00	
 1.8750e+00	
 2.1895e+00	
 2.2764e+00	
 2.4335e+00	
 2.4145e+00	
 2.0593e+00	
 2.4249e+00	
 2.0434e+00	
 2.2382e+00	
 1.6377e+00	
 2.2831e+00	
 2.0355e+00	
 1.9004e+00	
 1.9535e+00	
 2.1375e+00	
 2.5675e+00	
 2.2811e+00	
 1.9962e+00	
 2.1859e+00	
 2.4222e+00	
 2.1323e+00	
 2.4394e+00	
 1.8352e+00	
 2.1786e+00	
 2.1148e+00	
 2.2974e+00	
 2.2670e+00	
 2.0854e+00	
 2.3152e+00	
 1.8896e+00	
 2.4746e+00	
 2.1463e+00	
 2.0135e+00	
 2.2838e+00	
 2.1329e+00	
 2.1812e+00	
 2.0277e+00	
 2.1778e+00	
 2.2838e+00	
 2.2581e+00	
 1.9638e+00	
 2.3057e+00	
 2.4218e+00	
 2.2424e+00	
 1.8396e+00	
 2.5043e+00	
 2.0887e+00	
 2.2718e+00	
 2.1319e+00	
 2.3927e+00	
 2.2578e+00	
 2.2643e+00	
 2.0135e+00	
 1.8531e+00	
 1.9656e+00	
 2.1543e+00	
 2.2902e+00	
 2.5439e+00	
 2.2817e+00	
 2.2864e+00	
 1.9856e+00	
 1.9633e+00	
 2.1554e+00	
 2.1766e+00	
 2.2352e+00	
 2.2663e+00	
 2.1632e+00	
 2.4047e+00	
 1.9433e+00	
 2.2815e+00	
 2.3158e+00	
 2.5127e+00	
 2.1021e+00	
 2.3846e+00	
 1.7359e+00	
 2.3166e+00	
 1.9718e+00	
 2.1201e+00	
 1.8864e+00	
 1.9710e+00	
 2.4047e+00	
 2.6403e+00	
 1.9243e+00	
 1.8464e+00	
 2.0600e+00	
 2.3534e+00	
 2.3707e+00	
 2.3332e+00	
 2.1272e+00	
 2.4304e+00	
 2.2070e+00	
 2.5402e+00	
 2.1241e+00	
 2.0091e+00	
 1.8054e+00	
 2.3057e+00	
 2.5532e+00	
 1.9291e+00	
 2.1172e+00	
 1.5877e+00	
 2.3370e+00	
 2.0528e+00	
 2.1230e+00	
 2.1477e+00	
 2.4703e+00	
 1.9824e+00	
 2.1268e+00	
 1.4775e+00	
 1.8121e+00	
 2.0895e+00	
 2.4159e+00	
 2.2737e+00	
 2.0464e+00	
 1.8946e+00	
 2.3994e+00	
 2.5355e+00	
 1.9607e+00	
 2.0752e+00	
 2.0535e+00	
 2.0876e+00	
 2.4233e+00	
 1.9013e+00	
 2.3184e+00	
 1.9039e+00	
 2.3052e+00	
 2.4470e+00	
 2.5975e+00	
 2.3335e+00	
 2.1890e+00	
 1.8053e+00	
 2.0594e+00	
 1.9987e+00	
 2.2961e+00	
 2.0420e+00	
 2.0011e+00	
 2.1502e+00	
 2.2394e+00	
 2.0120e+00	
 2.0383e+00	
 2.3599e+00	
 2.4566e+00	
 1.7132e+00	
 2.3757e+00	
 2.2617e+00	
 1.9783e+00	
 1.9555e+00	
 2.2636e+00	
 2.0906e+00	
 2.0999e+00	
 2.7313e+00	
 2.1398e+00	
 2.6141e+00	
 1.7749e+00	
 2.0285e+00	
 2.3033e+00	
 1.8045e+00	
 1.8967e+00	
 2.0705e+00	
 2.0315e+00	
 2.6337e+00	
 2.0148e+00	
 1.8196e+00	
 2.2974e+00	
 1.9996e+00	
 2.3290e+00	
 2.5445e+00	
 2.2909e+00	
 1.9828e+00	
 2.0844e+00	
 2.2401e+00	
 2.2476e+00	
 2.1951e+00	
 1.9742e+00	
 2.2413e+00	
 2.4672e+00	
 2.4119e+00	
 2.3344e+00	
 2.7513e+00	
 2.4704e+00	
 2.2254e+00	
 1.9413e+00	
 2.4910e+00	
 2.3239e+00	
 1.9229e+00	
 2.4903e+00	
 2.4373e+00	
 2.1376e+00	
 2.3584e+00	
 2.3644e+00	
 1.9341e+00	
 2.2484e+00	
 1.9059e+00	
 1.8549e+00	
 2.1491e+00	
 1.8032e+00	
 2.2227e+00	
 2.2559e+00	
 2.3129e+00	
 2.2719e+00	
 2.3849e+00	
 2.1258e+00	
 2.2509e+00	
 2.2176e+00	
 1.9277e+00	
 1.8906e+00	
 2.7823e+00	
 2.0607e+00	
 2.2018e+00	
 1.7381e+00	
 1.7242e+00	
 2.3437e+00	
 2.0670e+00	
 2.3592e+00	
 2.1789e+00	
 2.1597e+00	
 2.2928e+00	
 2.5520e+00	
 2.3114e+00	
 2.0236e+00	
 2.4154e+00	
 2.2046e+00	
 1.8721e+00	
 2.3181e+00	
 2.3978e+00	
 2.2521e+00	
 2.0136e+00	
 1.7452e+00	
 1.7823e+00	
 1.9897e+00	
 2.4647e+00	
 2.3665e+00	
 2.1330e+00	
 2.3479e+00	
 2.1488e+00	
 2.3336e+00	
 2.4046e+00	
 2.1232e+00	
 2.0514e+00	
 2.1758e+00	
 2.4673e+00	
 2.4027e+00	
 2.0286e+00	
 2.3554e+00	
 2.1592e+00	
 1.9809e+00	
 1.8863e+00	
 2.1469e+00	
 2.3660e+00	
 2.1388e+00	
 2.3794e+00	
 1.6463e+00	
 2.2326e+00	
 2.5417e+00	
 2.0738e+00	
 2.2041e+00	
 1.7147e+00	
 1.7942e+00	
 2.3164e+00	
 2.5672e+00	
 2.1758e+00	
 2.1076e+00	
 1.8584e+00	
 1.8078e+00	
 1.8912e+00	
 1.8975e+00	
 2.1172e+00	
 2.0483e+00	
 1.9518e+00	
 2.2780e+00	
 2.2787e+00	
 1.8027e+00	
 2.2599e+00	
 2.1519e+00	
 1.9585e+00	
 2.0094e+00	
 2.2321e+00	
 1.9528e+00	
 1.9922e+00	
 1.9897e+00	
 1.9821e+00	
 2.4590e+00	
 2.1711e+00	
 2.0084e+00	
 1.9747e+00	
 1.9538e+00	
 2.1029e+00	
 2.0732e+00	
 2.2274e+00	
 1.8170e+00	
 2.0290e+00	
 2.1554e+00	
 1.9929e+00	
 2.1978e+00	
 1.8260e+00	
 1.9112e+00	
 1.8280e+00	
 2.5818e+00	
 2.1916e+00	
 2.1277e+00	
 1.6538e+00	
 2.2313e+00	
 2.0762e+00	
 2.1053e+00	
 1.8512e+00	
 2.0863e+00	
 2.2544e+00	
 1.9849e+00	
 1.9660e+00	
 2.3483e+00	
 2.0024e+00	
 2.2690e+00	
 2.1671e+00	
 2.3445e+00	
 2.4003e+00	
 2.2046e+00	
 2.0236e+00	
 2.1292e+00	
 1.9363e+00	
 2.3931e+00	
 2.4769e+00	
 1.9154e+00	
 1.9776e+00	
 2.1832e+00	
 2.1573e+00	
 2.1381e+00	
 2.3202e+00	
 2.1670e+00	
 2.0789e+00	
 1.9178e+00	
 2.0227e+00	
 2.5560e+00	
 2.6053e+00	
 2.4051e+00	
 2.0110e+00	
 1.9159e+00	
 1.9762e+00	
 2.8297e+00	
 2.1838e+00	
 2.0136e+00	
 2.1324e+00	
 2.1556e+00	
 2.0082e+00	
 2.2156e+00	
 1.9559e+00	
 2.1151e+00	
 2.2772e+00	
 2.0340e+00	
 2.4080e+00	
 1.6618e+00	
 2.0706e+00	
 2.1790e+00	
 2.4178e+00	
 2.2579e+00	
 2.1447e+00	
 2.3788e+00	
 2.5837e+00	
 2.4111e+00	
 1.8407e+00	
 2.1453e+00	
 1.8358e+00	
 2.5239e+00	
 1.9806e+00	
 2.1209e+00	
 2.5225e+00	
 2.1673e+00	
 2.1195e+00	
 2.0184e+00	
 2.5965e+00	
 2.2978e+00	
 2.2175e+00	
 2.1992e+00	
 2.0658e+00	
 2.0599e+00	
 2.0495e+00	
 2.4034e+00	
 1.8847e+00	
 1.7580e+00	
 2.3640e+00	
 2.1674e+00	
 1.7196e+00	
 2.1057e+00	
 2.2286e+00	
 2.0534e+00	
 2.1910e+00	
 1.8043e+00	
 2.1656e+00	
 2.2012e+00	
 2.0067e+00	
 2.1085e+00	
 2.2760e+00	
 1.9278e+00	
 2.1725e+00	
 2.2709e+00	
 2.0065e+00	
 2.0465e+00	
 2.0611e+00	
 2.7782e+00	
 2.3954e+00	
 2.0316e+00	
 2.2298e+00	
 2.5017e+00	
 2.0894e+00	
 1.6332e+00	
 2.0530e+00	
 2.0358e+00	
 1.9857e+00	
 1.9076e+00	
 2.5056e+00	
 2.0800e+00	
 2.8228e+00	
 2.0755e+00	
 2.6028e+00	
 2.2887e+00	
 1.9789e+00	
 2.0277e+00	
 1.9624e+00	
 2.5230e+00	
 2.4877e+00	
 2.2854e+00	
 2.1863e+00	
 2.1850e+00	
 2.3747e+00	
 2.2347e+00	
 1.7909e+00	
 2.1647e+00	
 2.1913e+00	
 2.6926e+00	
 2.1507e+00	
 1.9970e+00	
 2.0033e+00	
 1.9966e+00	
 2.2408e+00	
 2.2644e+00	
 1.9617e+00	
 1.6532e+00	
 2.3509e+00	
 2.0720e+00	
 2.4163e+00	
 1.9750e+00	
 2.0453e+00	
 2.1250e+00	
 2.4931e+00	
 2.0958e+00	
 2.4781e+00	
 2.3184e+00	
 2.0118e+00	
 2.1987e+00	
 2.7544e+00	
 2.2474e+00	
 1.9419e+00	
 2.1617e+00	
 2.2941e+00	
 2.2809e+00	
 2.4425e+00	
 2.2931e+00	
 2.2145e+00	
 2.0291e+00	
 1.8065e+00	
 1.9964e+00	
 1.9223e+00	
 2.1725e+00	
 2.2970e+00	
 2.4404e+00	
 2.1947e+00	
 1.8839e+00	
 1.8226e+00	
 2.1110e+00	
 2.1364e+00	
 2.2966e+00	
 1.9244e+00	
 2.1558e+00	
 1.9810e+00	
 2.1798e+00	
 2.1572e+00	
 2.4350e+00	
 2.0188e+00	
 2.0964e+00	
 1.9980e+00	
 2.4254e+00	
 2.3225e+00	
 1.9520e+00	
 2.4714e+00	
 2.0950e+00	
 2.1663e+00	
 2.4310e+00	
 2.0977e+00	
 2.0942e+00	
 1.9726e+00	
 2.0216e+00	
 2.1280e+00	
 1.9380e+00	
 2.2171e+00	
 2.5117e+00	
 2.3864e+00	
 2.3228e+00	
 2.0198e+00	
 2.2157e+00	
 1.8931e+00	
 1.9603e+00	
 1.9688e+00	
 1.7304e+00	
 2.1059e+00	
 2.2329e+00	
 2.1190e+00	
 2.0962e+00	
 1.8441e+00	
 2.2086e+00	
 2.1942e+00	
 2.0232e+00	
 2.2803e+00	
 2.3066e+00	
 2.2251e+00	
 1.9412e+00	
 2.1656e+00	
 2.0648e+00	
 2.3829e+00	
 2.2549e+00	
 2.3169e+00	
 1.6116e+00	
 2.1605e+00	
 2.1002e+00	
 2.1364e+00	
 2.1782e+00	
 1.8446e+00	
 2.0500e+00	
 2.3456e+00	
 2.3460e+00	
 1.9947e+00	
 2.0278e+00	
 1.9467e+00	
 2.2882e+00	
 2.2485e+00	
 2.5442e+00	
 2.3735e+00	
 2.5618e+00	
 2.5780e+00	
 2.0344e+00	
 2.4044e+00	
 2.3070e+00	
 2.6892e+00	
 2.0739e+00	
 2.6307e+00	
 2.3066e+00	
 2.1477e+00	
 2.2131e+00	
 2.1014e+00	
 2.4032e+00	
 1.9592e+00	
 1.9986e+00	
 1.6271e+00	
 2.3281e+00	
 2.2997e+00	
 2.4617e+00	
 2.0262e+00	
 2.0657e+00	
 2.0237e+00	
 2.0466e+00	
 1.9379e+00	
 2.2606e+00	
 1.8824e+00	
 2.2787e+00	
 2.2268e+00	
 2.6949e+00	
 2.3492e+00	
 2.3004e+00	
 2.2956e+00	
 2.1443e+00	
 2.1670e+00	
 2.4412e+00	
 1.8828e+00	
 1.9459e+00	
 1.9870e+00	
 2.0765e+00	
 1.8543e+00	
 1.9632e+00	
 2.4384e+00	
 2.7461e+00	
 2.3445e+00	
 1.9207e+00	
 1.8823e+00	
 2.3291e+00	
 2.3336e+00	
 2.3046e+00	
 2.1153e+00	
 2.3143e+00	
 2.3293e+00	
 2.2194e+00	
 2.5874e+00	
 2.7005e+00	
 2.5398e+00	
 2.4686e+00	
 2.3782e+00	
 2.3777e+00	
 2.2657e+00	
 2.1531e+00	
 2.3283e+00	
 2.3803e+00	
 1.9875e+00	
 2.4438e+00	
 1.7150e+00	
 2.1520e+00	
 2.6189e+00	
 2.6545e+00	
 1.9680e+00	
 1.6802e+00	
 2.3926e+00	
 2.0256e+00	
 2.0544e+00	
 2.2968e+00	
 2.1619e+00	
 1.7995e+00	
 2.1451e+00	
 2.1372e+00	
 1.7232e+00	
 2.3479e+00	
 2.2640e+00	
 2.1836e+00	
 2.6646e+00	
 2.3930e+00	
 2.1144e+00	
 2.3272e+00	
 1.9053e+00	
 2.2429e+00	
 1.8656e+00	
 2.0882e+00	
 2.1394e+00	
 2.0757e+00	
 2.2331e+00	
 2.1890e+00	
 2.4323e+00	
 2.0916e+00	
 2.3092e+00	
 2.1790e+00	
 1.8450e+00	
 1.9613e+00	
 2.2520e+00	
 1.7908e+00	
 2.2166e+00	
 2.0505e+00	
 1.9898e+00	
 2.2830e+00	
 1.9701e+00	
 1.9855e+00	
 2.6024e+00	
 2.5782e+00	
 2.2223e+00	
 2.2545e+00	
 1.9732e+00	
 2.3409e+00	
 2.5872e+00	
 2.6968e+00	
 2.5537e+00	
 2.1911e+00	
 2.2187e+00	
 2.1969e+00	
 2.4486e+00	
 1.9954e+00	
 2.3394e+00	
 2.7512e+00	
 2.3191e+00	
 2.3886e+00	
 2.2089e+00	
 2.4781e+00	
 2.2251e+00	
 2.1360e+00	
 2.3532e+00	
 1.8464e+00	
 2.3773e+00	
 2.3057e+00	
 2.1893e+00	
 1.7015e+00	
 2.1420e+00	
 2.2253e+00	
 2.3382e+00	
 1.9663e+00	
 2.2264e+00	
 2.3728e+00	
 1.9356e+00	
 2.1347e+00	
 2.2162e+00	
 2.3883e+00	
 2.4564e+00	
 2.2679e+00	
 2.1663e+00	
 2.0370e+00	
 2.3562e+00	
 2.4488e+00	
 2.4471e+00	
 2.3781e+00	
 2.4203e+00	
 2.4572e+00	
 2.0280e+00	
 2.1114e+00	
 2.2177e+00	
 2.2764e+00	
 1.9821e+00	
 2.3448e+00	
 2.0854e+00	
 2.3030e+00	
 1.8976e+00	
 1.7134e+00	
 2.3269e+00	
 1.8719e+00	
 2.5885e+00	
 2.6344e+00	
 2.2412e+00	
 2.1500e+00	
 2.0152e+00	
 2.1760e+00	
 2.2084e+00	
 2.1100e+00	
 1.7573e+00	
 2.5173e+00	
 2.3183e+00	
 2.1979e+00	
 2.6222e+00	
 1.3781e+00	
 2.1914e+00	
 2.1649e+00	
 1.9574e+00	
 1.8638e+00	
 2.0552e+00	
 2.1795e+00	
 1.6052e+00	
 1.9725e+00	
 2.2984e+00	
 2.4716e+00	
 2.1718e+00	
 2.3413e+00	
 2.1117e+00	
 1.9840e+00	
 1.9689e+00	
 2.5315e+00	
 2.0743e+00	
 2.4765e+00	
 1.8639e+00	
 2.4704e+00	
 1.8891e+00	
 1.9829e+00	
 2.2529e+00	
 2.0720e+00	
 1.8105e+00	
 2.3825e+00	
 2.0631e+00	
 1.8755e+00	
 1.9827e+00	
 2.2080e+00	
 2.0608e+00	
 1.8895e+00	
 2.1593e+00	
 2.4654e+00	
 2.3100e+00	
 2.0156e+00	
 1.8709e+00	
 1.8154e+00	
 2.0968e+00	
 2.1020e+00	
 2.4674e+00	
 1.6148e+00	
 2.2495e+00	
 2.1051e+00	
 2.4839e+00	
 2.2132e+00	
 2.3105e+00	
 1.8750e+00	
 1.9752e+00	
 2.3278e+00	
 2.2067e+00	
 1.9247e+00	
 2.5014e+00	
 2.4001e+00	
 1.9896e+00	
 2.0259e+00	
 2.3422e+00	
 2.4349e+00	
 2.0867e+00	
 2.1605e+00	
 1.7835e+00	
 2.2477e+00	
 1.9793e+00	
 2.2652e+00	
 2.1441e+00	
 2.3063e+00	
 2.2382e+00	
 2.6219e+00	
 1.9518e+00	
 2.2921e+00	
 2.4500e+00	
 2.2483e+00	
 1.9829e+00	
 1.9229e+00	
 1.8428e+00	
 1.8570e+00	
 1.5870e+00	
 2.3885e+00	
 2.4456e+00	
 2.1971e+00	
 2.2109e+00	
 1.7229e+00	
 2.0524e+00	
 1.9675e+00	
 1.2629e+00	
 1.2430e+00	
 1.0543e+00	
 1.3308e+00	
 1.2406e+00	
 1.5746e+00	
 1.3634e+00	
 9.9840e-01	
 1.0696e+00	
 1.2489e+00	
 8.9186e-01	
 7.7724e-01	
 1.1958e+00	
 1.2798e+00	
 1.2911e+00	
 1.3301e+00	
 1.2438e+00	
 8.7803e-01	
 1.3933e+00	
 1.0504e+00	
 1.2081e+00	
 1.3463e+00	
 1.4059e+00	
 1.1271e+00	
 1.2136e+00	
 1.2191e+00	
 1.3000e+00	
 9.6919e-01	
 1.2164e+00	
 1.4548e+00	
 1.0401e+00	
 1.1378e+00	
 8.8510e-01	
 1.5461e+00	
 1.0561e+00	
 1.4235e+00	
 1.1717e+00	
 1.1846e+00	
 1.4445e+00	
 1.1886e+00	
 1.3701e+00	
 1.0664e+00	
 1.1879e+00	
 1.3666e+00	
 1.3191e+00	
 1.3158e+00	
 1.3767e+00	
 1.3980e+00	
 1.3512e+00	
 1.2290e+00	
 1.2500e+00	
 9.8436e-01	
 1.4770e+00	
 1.1944e+00	
 1.2546e+00	
 9.6212e-01	
 9.7031e-01	
 1.2769e+00	
 1.3105e+00	
 1.2089e+00	
 1.1449e+00	
 1.3097e+00	
 1.2561e+00	
 1.1241e+00	
 1.0612e+00	
 1.2473e+00	
 1.4654e+00	
 1.3755e+00	
 1.2223e+00	
 1.5927e+00	
 1.2861e+00	
 1.2375e+00	
 1.4969e+00	
 1.1448e+00	
 1.0366e+00	
 1.4762e+00	
 1.5501e+00	
 9.5676e-01	
 1.4431e+00	
 1.0666e+00	
 1.1366e+00	
 1.0420e+00	
 1.2512e+00	
 1.0163e+00	
 1.0427e+00	
 1.1231e+00	
 9.5554e-01	
 1.1636e+00	
 1.2012e+00	
 1.2356e+00	
 1.2431e+00	
 9.1295e-01	
 1.1823e+00	
 1.2034e+00	
 1.2758e+00	
 9.8033e-01	
 1.2850e+00	
 1.3957e+00	
 1.0572e+00	
 1.4549e+00	
 1.2739e+00	
 1.3243e+00	
 1.4040e+00	
 1.3264e+00	
 1.0724e+00	
 1.2246e+00	
 1.3379e+00	
 1.1908e+00	
 1.0363e+00	
 1.0263e+00	
 1.1467e+00	
 1.4913e+00	
 1.4237e+00	
 1.5397e+00	
 1.3409e+00	
 1.4764e+00	
 1.0246e+00	
 1.3411e+00	
 1.4191e+00	
 1.3041e+00	
 1.2322e+00	
 1.4380e+00	
 1.6333e+00	
 1.6878e+00	
 1.6038e+00	
 1.4737e+00	
 1.4811e+00	
 1.1640e+00	
 1.1912e+00	
 1.1944e+00	
 1.0203e+00	
 1.0580e+00	
 1.1016e+00	
 1.2223e+00	
 1.2469e+00	
 1.2730e+00	
 9.8088e-01	
 1.1227e+00	
 1.1182e+00	
 1.0114e+00	
 9.8906e-01	
 1.2786e+00	
 1.2840e+00	
 1.1836e+00	
 1.0902e+00	
 9.3579e-01	
 1.0399e+00	
 1.5224e+00	
 1.0105e+00	
 9.1240e-01	
 1.4911e+00	
 1.0975e+00	
 1.0088e+00	
 1.2825e+00	
 1.7429e+00	
 1.5396e+00	
 1.1116e+00	
 1.0560e+00	
 1.4980e+00	
 1.1781e+00	
 1.2465e+00	
 1.5251e+00	
 1.2447e+00	
 1.5741e+00	
 1.1911e+00	
 1.3852e+00	
 1.2477e+00	
 1.2018e+00	
 1.2758e+00	
 1.2130e+00	
 1.3326e+00	
 1.6123e+00	
 1.2054e+00	
 1.3046e+00	
 1.4496e+00	
 1.1146e+00	
 1.4691e+00	
 1.1984e+00	
 1.2682e+00	
 1.5145e+00	
 1.2144e+00	
 1.0548e+00	
 9.1297e-01	
 1.5022e+00	
 1.2833e+00	
 1.2282e+00	
 1.3111e+00	
 1.1817e+00	
 1.4767e+00	
 1.2206e+00	
 1.5363e+00	
 1.0074e+00	
 1.0640e+00	
 1.2284e+00	
 1.2314e+00	
 1.2138e+00	
 1.1668e+00	
 1.3529e+00	
 1.3340e+00	
 1.2735e+00	
 1.1266e+00	
 1.2768e+00	
 1.1948e+00	
 1.3582e+00	
 1.4510e+00	
 1.0743e+00	
 1.1763e+00	
 1.3786e+00	
 1.3795e+00	
 1.1533e+00	
 1.4766e+00	
 1.1743e+00	
 9.6132e-01	
 1.4157e+00	
 1.3795e+00	
 9.6306e-01	
 1.3446e+00	
 1.0912e+00	
 1.2623e+00	
 1.1859e+00	
 1.0867e+00	
 7.4429e-01	
 1.6328e+00	
 1.2618e+00	
 1.2364e+00	
 9.4286e-01	
 1.4374e+00	
 1.2060e+00	
 1.1934e+00	
 1.2751e+00	
 1.4881e+00	
 1.1410e+00	
 1.0981e+00	
 1.4799e+00	
 1.3836e+00	
 1.2203e+00	
 1.1896e+00	
 1.4117e+00	
 1.3978e+00	
 1.3247e+00	
 9.5727e-01	
 1.2242e+00	
 8.7751e-01	
 9.1536e-01	
 1.2430e+00	
 1.2061e+00	
 1.2096e+00	
 1.3871e+00	
 1.4287e+00	
 1.1236e+00	
 1.6928e+00	
 1.6435e+00	
 1.4436e+00	
 1.3216e+00	
 1.3534e+00	
 1.2809e+00	
 1.2181e+00	
 1.6010e+00	
 1.5860e+00	
 1.2534e+00	
 1.2575e+00	
 1.4129e+00	
 1.4764e+00	
 1.0391e+00	
 1.3775e+00	
 1.2669e+00	
 1.1607e+00	
 1.3016e+00	
 1.1117e+00	
 1.1277e+00	
 1.4291e+00	
 1.2052e+00	
 1.3685e+00	
 1.5021e+00	
 1.2823e+00	
 1.8423e+00	
 1.2733e+00	
 1.2617e+00	
 1.0191e+00	
 8.9055e-01	
 1.2235e+00	
 1.3259e+00	
 1.1043e+00	
 1.4166e+00	
 1.1740e+00	
 1.1200e+00	
 1.1571e+00	
 1.0980e+00	
 1.0162e+00	
 1.1653e+00	
 1.2971e+00	
 1.2031e+00	
 1.2087e+00	
 1.5594e+00	
 1.3074e+00	
 1.2711e+00	
 1.3264e+00	
 1.3921e+00	
 1.0532e+00	
 1.4003e+00	
 1.1647e+00	
 1.2010e+00	
 1.6203e+00	
 1.2805e+00	
 1.2430e+00	
 1.2633e+00	
 1.4048e+00	
 1.2005e+00	
 1.4847e+00	
 1.4702e+00	
 1.0386e+00	
 9.2925e-01	
 1.1601e+00	
 1.8044e+00	
 1.2030e+00	
 1.2397e+00	
 1.2762e+00	
 1.1568e+00	
 1.5081e+00	
 1.1281e+00	
 1.2144e+00	
 1.2705e+00	
 1.0066e+00	
 1.2702e+00	
 1.1341e+00	
 1.1676e+00	
 1.0320e+00	
 1.4260e+00	
 1.4398e+00	
 9.7655e-01	
 1.3764e+00	
 9.7423e-01	
 1.2431e+00	
 1.1567e+00	
 1.3219e+00	
 1.6164e+00	
 1.0970e+00	
 1.3380e+00	
 9.9429e-01	
 1.5559e+00	
 1.6007e+00	
 1.2691e+00	
 1.3616e+00	
 1.2535e+00	
 1.3447e+00	
 1.1628e+00	
 1.5520e+00	
 1.1291e+00	
 1.2403e+00	
 1.0324e+00	
 1.2749e+00	
 1.3479e+00	
 1.2219e+00	
 1.3342e+00	
 1.1409e+00	
 7.4811e-01	
 1.1172e+00	
 1.4883e+00	
 1.1105e+00	
 9.7940e-01	
 1.2792e+00	
 1.4258e+00	
 1.1860e+00	
 1.0683e+00	
 1.4324e+00	
 1.4231e+00	
 1.3759e+00	
 1.1354e+00	
 1.3999e+00	
 1.0733e+00	
 1.3672e+00	
 1.4522e+00	
 1.5353e+00	
 1.2358e+00	
 1.2409e+00	
 9.7668e-01	
 1.2890e+00	
 1.4139e+00	
 1.8869e+00	
 1.4311e+00	
 1.6968e+00	
 1.3518e+00	
 1.1335e+00	
 1.3714e+00	
 1.3584e+00	
 1.3999e+00	
 9.5010e-01	
 1.1293e+00	
 1.2483e+00	
 7.8935e-01	
 1.0729e+00	
 1.7678e+00	
 9.4942e-01	
 1.6105e+00	
 1.3873e+00	
 1.4168e+00	
 1.2177e+00	
 1.3049e+00	
 1.4433e+00	
 1.7620e+00	
 1.3893e+00	
 1.4623e+00	
 1.2806e+00	
 1.3188e+00	
 1.4578e+00	
 1.3817e+00	
 1.1317e+00	
 1.3354e+00	
 1.2356e+00	
 1.2492e+00	
 1.3840e+00	
 1.1503e+00	
 1.6395e+00	
 1.2920e+00	
 1.0641e+00	
 1.3701e+00	
 1.6508e+00	
 1.3790e+00	
 1.7232e+00	
 1.6596e+00	
 1.4376e+00	
 1.3252e+00	
 1.4684e+00	
 1.1582e+00	
 1.4292e+00	
 1.6774e+00	
 1.0734e+00	
 1.1479e+00	
 1.2628e+00	
 1.3050e+00	
 1.5317e+00	
 9.8233e-01	
 1.4872e+00	
 1.2470e+00	
 1.3842e+00	
 1.1044e+00	
 1.6704e+00	
 1.3815e+00	
 1.0212e+00	
 1.1373e+00	
 1.4834e+00	
 1.4565e+00	
 1.2463e+00	
 1.6298e+00	
 1.4724e+00	
 1.0092e+00	
 1.3400e+00	
 1.2960e+00	
 1.8571e+00	
 1.5678e+00	
 1.1984e+00	
 1.0950e+00	
 1.3384e+00	
 1.2650e+00	
 1.5603e+00	
 1.3017e+00	
 1.3186e+00	
 1.3371e+00	
 1.1343e+00	
 1.3237e+00	
 1.4107e+00	
 1.5545e+00	
 1.2117e+00	
 1.3288e+00	
 1.3423e+00	
 1.1335e+00	
 1.4613e+00	
 1.1852e+00	
 1.5601e+00	
 1.2411e+00	
 1.1497e+00	
 1.3148e+00	
 1.4547e+00	
 1.1703e+00	
 1.5845e+00	
 1.1663e+00	
 1.5124e+00	
 1.2749e+00	
 1.4117e+00	
 1.3973e+00	
 1.4854e+00	
 9.9741e-01	
 1.3583e+00	
 1.3488e+00	
 1.2613e+00	
 1.3266e+00	
 1.5931e+00	
 1.2488e+00	
 1.5437e+00	
 1.4596e+00	
 1.1019e+00	
 1.3269e+00	
 1.3370e+00	
 1.2581e+00	
 1.3200e+00	
 9.8702e-01	
 1.1979e+00	
 1.6049e+00	
 1.0780e+00	
 1.7426e+00	
 1.2728e+00	
 1.4666e+00	
 1.3029e+00	
 8.5290e-01	
 1.1326e+00	
 1.6228e+00	
 1.4167e+00	
 1.5178e+00	
 1.4984e+00	
 8.8421e-01	
 1.3579e+00	
 1.1420e+00	
 1.2384e+00	
 1.3622e+00	
 1.2757e+00	
 1.5273e+00	
 1.3382e+00	
 1.3648e+00	
 1.2035e+00	
 1.7216e+00	
 1.4106e+00	
 1.3851e+00	
 1.6418e+00	
 1.3128e+00	
 1.1767e+00	
 1.1506e+00	
 1.1620e+00	
 1.2824e+00	
 1.2255e+00	
 1.1813e+00	
 1.4081e+00	
 9.4094e-01	
 1.3303e+00	
 1.1248e+00	
 1.5494e+00	
 1.6994e+00	
 1.5461e+00	
 1.4111e+00	
 1.3436e+00	
 1.4679e+00	
 1.0745e+00	
 1.4630e+00	
 1.4128e+00	
 1.2493e+00	
 1.4984e+00	
 1.4507e+00	
 1.5284e+00	
 1.2137e+00	
 1.2873e+00	
 1.3590e+00	
 1.4524e+00	
 1.0734e+00	
 1.3459e+00	
 1.4071e+00	
 1.4417e+00	
 1.5784e+00	
 1.0759e+00	
 1.2148e+00	
 1.2539e+00	
 1.4300e+00	
 1.4913e+00	
 1.1849e+00	
 1.2346e+00	
 1.0114e+00	
 1.4377e+00	
 1.1188e+00	
 1.3401e+00	
 1.7685e+00	
 1.6285e+00	
 1.2732e+00	
 1.5294e+00	
 1.4279e+00	
 1.2507e+00	
 1.2901e+00	
 1.1428e+00	
 1.7047e+00	
 1.2166e+00	
 1.3363e+00	
 1.1184e+00	
 1.1084e+00	
 1.5966e+00	
 1.0885e+00	
 1.4813e+00	
 1.0486e+00	
 1.4765e+00	
 1.4571e+00	
 1.5910e+00	
 1.1017e+00	
 1.2529e+00	
 1.2305e+00	
 1.0643e+00	
 1.5012e+00	
 1.4413e+00	
 1.3691e+00	
 9.8543e-01	
 1.2629e+00	
 9.9647e-01	
 1.2483e+00	
 1.3931e+00	
 1.5655e+00	
 1.0535e+00	
 1.3154e+00	
 1.5124e+00	
 1.4355e+00	
 1.5801e+00	
 1.6628e+00	
 1.4013e+00	
 1.3122e+00	
 1.1460e+00	
 1.1156e+00	
 1.5459e+00	
 1.1802e+00	
 1.4951e+00	
 1.5593e+00	
 1.6629e+00	
 1.4533e+00	
 1.6313e+00	
 1.5460e+00	
 1.1945e+00	
 1.3315e+00	
 1.3548e+00	
 1.5021e+00	
 1.3526e+00	
 1.7421e+00	
 1.4203e+00	
 1.0549e+00	
 1.6945e+00	
 1.3279e+00	
 1.1911e+00	
 1.5877e+00	
 1.4066e+00	
 1.5690e+00	
 1.0700e+00	
 1.5313e+00	
 1.3894e+00	
 1.3059e+00	
 1.4096e+00	
 1.2705e+00	
 1.1166e+00	
 1.4621e+00	
 1.3722e+00	
 1.2603e+00	
 1.5454e+00	
 1.3501e+00	
 1.1596e+00	
 1.4566e+00	
 1.3098e+00	
 1.2002e+00	
 1.2372e+00	
 1.7157e+00	
 1.5381e+00	
 1.5315e+00	
 1.5460e+00	
 1.4984e+00	
 1.4240e+00	
 1.5155e+00	
 8.2706e-01	
 1.4882e+00	
 1.7927e+00	
 1.1240e+00	
 1.1615e+00	
 1.4050e+00	
 1.3718e+00	
 1.4758e+00	
 1.3747e+00	
 1.5047e+00	
 1.5884e+00	
 1.7499e+00	
 1.5101e+00	
 1.1648e+00	
 1.1724e+00	
 1.4499e+00	
 1.1795e+00	
 1.2711e+00	
 1.0410e+00	
 1.5980e+00	
 1.3490e+00	
 1.4651e+00	
 1.2005e+00	
 1.3341e+00	
 1.5837e+00	
 1.3129e+00	
 1.4943e+00	
 1.3301e+00	
 1.1641e+00	
 1.3461e+00	
 1.0048e+00	
 1.2733e+00	
 1.3312e+00	
 1.1682e+00	
 1.2193e+00	
 1.2595e+00	
 1.6148e+00	
 1.3985e+00	
 1.4070e+00	
 1.3250e+00	
 1.2771e+00	
 1.3005e+00	
 1.1661e+00	
 1.1216e+00	
 1.8314e+00	
 1.1713e+00	
 1.0205e+00	
 1.3182e+00	
 1.7618e+00	
 1.2290e+00	
 1.4190e+00	
 1.8047e+00	
 1.5854e+00	
 1.5894e+00	
 1.5961e+00	
 1.4882e+00	
 1.6259e+00	
 1.2473e+00	
 1.4317e+00	
 1.5561e+00	
 1.2080e+00	
 1.3036e+00	
 1.4934e+00	
 1.3974e+00	
 1.8750e+00	
 1.5834e+00	
 1.5387e+00	
 1.4941e+00	
 1.5847e+00	
 1.6665e+00	
 9.9939e-01	
 1.0803e+00	
 1.3344e+00	
 1.3298e+00	
 1.4805e+00	
 1.4240e+00	
 1.1762e+00	
 1.4212e+00	
 2.2132e+00	
 1.6049e+00	
 2.1575e+00	
 1.5829e+00	
 1.3755e+00	
 1.4631e+00	
 1.3984e+00	
 9.1466e-01	
 1.1624e+00	
 1.5551e+00	
 1.3014e+00	
 1.3464e+00	
 1.0044e+00	
 1.3085e+00	
 1.4147e+00	
 1.5775e+00	
 1.4734e+00	
 1.2036e+00	
 1.5390e+00	
 1.7058e+00	
 2.0523e+00	
 1.2839e+00	
 1.3662e+00	
 1.1900e+00	
 1.5636e+00	
 1.1858e+00	
 1.1672e+00	
 1.6326e+00	
 1.2226e+00	
 1.5477e+00	
 1.8081e+00	
 1.3106e+00	
 1.4275e+00	
 1.7392e+00	
 1.0279e+00	
 1.3637e+00	
 1.7455e+00	
 1.3005e+00	
 1.8775e+00	
 1.2398e+00	
 1.4681e+00	
 1.5649e+00	
 1.6980e+00	
 1.5257e+00	
 1.3350e+00	
 1.3789e+00	
 1.4003e+00	
 1.3354e+00	
 1.3875e+00	
 1.7983e+00	
 1.0409e+00	
 1.7385e+00	
 1.3033e+00	
 1.4831e+00	
 1.5717e+00	
 1.6215e+00	
 1.1497e+00	
 1.3016e+00	
 1.2250e+00	
 1.7771e+00	
 1.2328e+00	
 1.9228e+00	
 1.7949e+00	
 1.8960e+00	
 1.3601e+00	
 1.3783e+00	
 1.6860e+00	
 1.4716e+00	
 1.2170e+00	
 1.8577e+00	
 1.5794e+00	
 1.5332e+00	
 1.5578e+00	
 1.3813e+00	
 1.6453e+00	
 1.4371e+00	
 1.2492e+00	
 1.5790e+00	
 1.4020e+00	
 1.6692e+00	
 1.3523e+00	
 1.5962e+00	
 1.3865e+00	
 1.6964e+00	
 1.1339e+00	
 1.4533e+00	
 1.4258e+00	
 1.3023e+00	
 1.3860e+00	
 1.1853e+00	
 1.6303e+00	
 1.6327e+00	
 1.8068e+00	
 1.2168e+00	
 1.3726e+00	
 1.0862e+00	
 1.2973e+00	
 1.2574e+00	
 1.2545e+00	
 1.0526e+00	
 1.6599e+00	
 1.3724e+00	
 1.6609e+00	
 1.5288e+00	
 1.4317e+00	
 1.3449e+00	
 1.4905e+00	
 1.5969e+00	
 1.5435e+00	
 1.3477e+00	
 1.2843e+00	
 1.3459e+00	
 1.3655e+00	
 1.5018e+00	
 1.3576e+00	
 1.2879e+00	
 1.3188e+00	
 1.5180e+00	
 1.3018e+00	
 1.6210e+00	
 1.3081e+00	
 1.5547e+00	
 1.2079e+00	
 1.6781e+00	
 1.4349e+00	
 1.5404e+00	
 1.2634e+00	
 1.6534e+00	
 1.5548e+00	
 1.4762e+00	
 1.2828e+00	
 1.2699e+00	
 1.4440e+00	
 1.5986e+00	
 1.4656e+00	
 1.4954e+00	
 1.2583e+00	
 1.4920e+00	
 1.2550e+00	
 1.3498e+00	
 1.2003e+00	
 1.5685e+00	
 1.5013e+00	
 1.4679e+00	
 1.3732e+00	
 1.2740e+00	
 1.3577e+00	
 1.2184e+00	
 1.7718e+00	
 1.9127e+00	
 1.3161e+00	
 1.4968e+00	
 1.4590e+00	
 1.8645e+00	
 9.5891e-01	
 1.1531e+00	
 1.9069e+00	
 1.4766e+00	
 1.2464e+00	
 1.6399e+00	
 1.2026e+00	
 1.2881e+00	
 1.0522e+00	
 1.5628e+00	
 1.5779e+00	
 1.5026e+00	
 1.1240e+00	
 1.0951e+00	
 1.1696e+00	
 1.1054e+00	
 1.4385e+00	
 1.7060e+00	
 1.5320e+00	
 1.2280e+00	
 1.6528e+00	
 1.3332e+00	
 1.5920e+00	
 1.2158e+00	
 1.3056e+00	
 1.3126e+00	
 1.4040e+00	
 1.7551e+00	
 1.4064e+00	
 1.4358e+00	
 1.2398e+00	
 1.3148e+00	
 1.4749e+00	
 1.4278e+00	
 1.1308e+00	
 1.3873e+00	
 1.4146e+00	
 1.3446e+00	
 1.7807e+00	
 1.6187e+00	
 1.4058e+00	
 1.4916e+00	
 1.6037e+00	
 1.3850e+00	
 1.7376e+00	
 1.2449e+00	
 1.1342e+00	
 1.7087e+00	
 1.5430e+00	
 1.5985e+00	
 1.1564e+00	
 1.6100e+00	
 1.6870e+00	
 1.6156e+00	
 1.6031e+00	
 1.7300e+00	
 1.8014e+00	
 1.4298e+00	
 1.6489e+00	
 1.6763e+00	
 1.4938e+00	
 1.5727e+00	
 1.4087e+00	
 1.6899e+00	
 1.1571e+00	
 1.1267e+00	
 1.3508e+00	
 1.6038e+00	
 1.7565e+00	
 1.2409e+00	
 1.5720e+00	
 1.6877e+00	
 1.1091e+00	
 1.4380e+00	
 1.2230e+00	
 1.2453e+00	
 1.1419e+00	
 1.1269e+00	
 1.6054e+00	
 1.7012e+00	
 1.5642e+00	
 1.2205e+00	
 1.8650e+00	
 1.1458e+00	
 1.7873e+00	
 1.4173e+00	
 1.6019e+00	
 1.4158e+00	
 1.1623e+00	
 1.4173e+00	
 1.6443e+00	
 1.8746e+00	
 1.7085e+00	
 1.6890e+00	
 1.4416e+00	
 1.3666e+00	
 1.7740e+00	
 1.0422e+00	
 1.3483e+00	
 1.0275e+00	
 1.2191e+00	
 1.7476e+00	
 1.5559e+00	
 1.7194e+00	
 1.3068e+00	
 1.1333e+00	
 1.4843e+00	
 1.5242e+00	
 1.4943e+00	
 1.4451e+00	
 1.2033e+00	
 1.5835e+00	
 1.1810e+00	
 1.7693e+00	
 1.0385e+00	
 1.7648e+00	
 1.7840e+00	
 1.4378e+00	
 1.1733e+00	
 1.4058e+00	
 1.6338e+00	
 1.0502e+00	
 1.8113e+00	
 1.4609e+00	
 1.2732e+00	
 1.9033e+00	
 1.2635e+00	
 1.5380e+00	
 1.8348e+00	
 1.2716e+00	
 1.5835e+00	
 1.3907e+00	
 1.2619e+00	
 1.4237e+00	
 1.2234e+00	
 9.8562e-01	
 1.2570e+00	
 1.9304e+00	
 1.4651e+00	
 1.6692e+00	
 1.4659e+00	
 1.3825e+00	
 1.2343e+00	
 1.5581e+00	
 1.6276e+00	
 1.3696e+00	
 1.4808e+00	
 1.2367e+00	
 1.4640e+00	
 1.1649e+00	
 1.5117e+00	
 1.0096e+00	
 1.6274e+00	
 1.5749e+00	
 1.2490e+00	
 1.4188e+00	
 1.5399e+00	
 1.5265e+00	
 1.5542e+00	
 1.6131e+00	
 1.2972e+00	
 1.3225e+00	
 1.4071e+00	
 1.5880e+00	
 1.5330e+00	
 1.0361e+00	
 1.3562e+00	
 1.6133e+00	
 1.6919e+00	
 1.6161e+00	
 1.3303e+00	
 1.3544e+00	
 1.7183e+00	
 1.6559e+00	
 8.9217e-01	
 1.3706e+00	
 1.6297e+00	
 1.6448e+00	
 1.5592e+00	
 1.2447e+00	
 1.0820e+00	
 1.1110e+00	
 1.3817e+00	
 1.2202e+00	
 1.9839e+00	
 1.2752e+00	
 1.7696e+00	
 1.6002e+00	
 1.4490e+00	
 1.6474e+00	
 1.5319e+00	
 1.4741e+00	
 1.1304e+00	
 1.7067e+00	
 1.4663e+00	
 1.6511e+00	
 1.7051e+00	
 1.4459e+00	
 1.0006e+00	
 1.7296e+00	
 1.2960e+00	
 1.4383e+00	
 1.1116e+00	
 1.5472e+00	
 1.3639e+00	
 1.4423e+00	
 1.2394e+00	
 1.4793e+00	
 1.3615e+00	
 1.5225e+00	
 1.5146e+00	
 1.5413e+00	
 1.3668e+00	
 1.6656e+00	
 1.1915e+00	
 1.1229e+00	
 1.7761e+00	
 1.5724e+00	
 1.3413e+00	
 1.2680e+00	
 1.5143e+00	
 1.4444e+00	
 1.4706e+00	
 1.4308e+00	
 1.5158e+00	
 1.7655e+00	
 1.1745e+00	
 1.5544e+00	
 1.4443e+00	
 1.8638e+00	
 1.5906e+00	
 1.3525e+00	
 1.1853e+00	
 1.5305e+00	
 1.1543e+00	
 1.4219e+00	
 1.6134e+00	
 1.4917e+00	
 1.1355e+00	
 1.4059e+00	
 1.2461e+00	
 1.3995e+00	
 1.5185e+00	
 1.4113e+00	
 1.4330e+00	
 1.2473e+00	
 1.2769e+00	
 1.7375e+00	
 1.7520e+00	
 1.4010e+00	
 1.3810e+00	
 1.4816e+00	
 1.3185e+00	
 1.6324e+00	
 1.1159e+00	
 1.6071e+00	
 1.2006e+00	
 2.0065e+00	
 1.2555e+00	
 1.8590e+00	
 1.4455e+00	
 1.4530e+00	
 1.7073e+00	
 1.5066e+00	
 1.4793e+00	
 1.2530e+00	
 1.4034e+00	
 1.6191e+00	
 1.2585e+00	
 1.4760e+00	
 1.6080e+00	
 1.5368e+00	
 1.1007e+00	
 1.4312e+00	
 1.5323e+00	
 1.6441e+00	
 1.3816e+00	
 1.8746e+00	
 1.3378e+00	
 1.3944e+00	
 1.3692e+00	
 2.0637e+00	
 1.4262e+00	
 1.8944e+00	
 1.5382e+00	
 1.4927e+00	
 1.3774e+00	
 1.6802e+00	
 1.4717e+00	
 1.2872e+00	
 1.5326e+00	
 1.3155e+00	
 1.3231e+00	
 1.1413e+00	
 1.8005e+00	
 1.5974e+00	
 1.2353e+00	
 1.6184e+00	
 1.7956e+00	
 1.5541e+00	
 1.2566e+00	
 2.0348e+00	
 1.3929e+00	
 1.4972e+00	
 1.9685e+00	
 1.2826e+00	
 1.3232e+00	
 1.2803e+00	
 1.9771e+00	
 1.6535e+00	
 1.0935e+00	
 1.3112e+00	
 1.3591e+00	
 1.9509e+00	
 1.2135e+00	
 1.4067e+00	
 1.3291e+00	
 1.3934e+00	
 6.8366e-01	
 5.9992e-01	
 6.6612e-01	
 5.4815e-01	
 6.8599e-01	
 6.7286e-01	
 6.4332e-01	
 4.1926e-01	
 7.1711e-01	
 6.8124e-01	
 7.0255e-01	
 3.6775e-01	
 5.7693e-01	
 4.9830e-01	
 5.1958e-01	
 3.6840e-01	
 4.0719e-01	
 6.7504e-01	
 5.4616e-01	
 7.0176e-01	
 6.8553e-01	
 4.5492e-01	
 4.7976e-01	
 5.8971e-01	
 6.9972e-01	
 5.1989e-01	
 5.7747e-01	
 4.9209e-01	
 4.9630e-01	
 7.1373e-01	
 7.6251e-01	
 4.8550e-01	
 6.3807e-01	
 7.7990e-01	
 5.2864e-01	
 5.5583e-01	
 5.9224e-01	
 7.3078e-01	
 4.4296e-01	
 3.7077e-01	
 6.6141e-01	
 3.6498e-01	
 5.3477e-01	
 6.3071e-01	
 5.8751e-01	
 5.7151e-01	
 4.8847e-01	
 5.8615e-01	
 5.3570e-01	
 5.2795e-01	
 3.3278e-01	
 3.7559e-01	
 6.5548e-01	
 5.5733e-01	
 5.4150e-01	
 6.7149e-01	
 5.9020e-01	
 8.3017e-01	
 5.8367e-01	
 5.6664e-01	
 3.9956e-01	
 5.4431e-01	
 4.2999e-01	
 8.2880e-01	
 4.0648e-01	
 2.1600e-01	
 4.9221e-01	
 5.4952e-01	
 4.8737e-01	
 2.7936e-01	
 6.6889e-01	
 3.8862e-01	
 5.1825e-01	
 5.0822e-01	
 5.5950e-01	
 5.8332e-01	
 6.7416e-01	
 5.2019e-01	
 6.0659e-01	
 4.0591e-01	
 3.8641e-01	
 5.3214e-01	
 6.6369e-01	
 4.7555e-01	
 4.3208e-01	
 4.5755e-01	
 6.4162e-01	
 4.2668e-01	
 6.2246e-01	
 5.7710e-01	
 4.9158e-01	
 4.8081e-01	
 4.7356e-01	
 7.7778e-01	
 5.0816e-01	
 5.0020e-01	
 7.1311e-01	
 4.9360e-01	
 8.0724e-01	
 5.2066e-01	
 4.7579e-01	
 4.1925e-01	
 7.0805e-01	
 8.6995e-01	
 5.6267e-01	
 4.4837e-01	
 8.0591e-01	
 4.4970e-01	
 4.9908e-01	
 4.4221e-01	
 6.2324e-01	
 3.7047e-01	
 4.1596e-01	
 9.6875e-01	
 8.7063e-01	
 5.7684e-01	
 5.1869e-01	
 4.6928e-01	
 5.2987e-01	
 5.2405e-01	
 4.9137e-01	
 3.9592e-01	
 2.6609e-01	
 3.6710e-01	
 3.3669e-01	
 6.2756e-01	
 5.2334e-01	
 4.9705e-01	
 5.3745e-01	
 3.0921e-01	
 4.1975e-01	
 6.3855e-01	
 6.4685e-01	
 3.5686e-01	
 4.7687e-01	
 4.6185e-01	
 3.5055e-01	
 3.6930e-01	
 9.5711e-01	
 5.3584e-01	
 8.1976e-01	
 6.7299e-01	
 4.7626e-01	
 7.0672e-01	
 3.9441e-01	
 5.3021e-01	
 6.2993e-01	
 4.8048e-01	
 4.9475e-01	
 4.4235e-01	
 6.2594e-01	
 4.6677e-01	
 4.5981e-01	
 5.5455e-01	
 4.6808e-01	
 4.5219e-01	
 3.4070e-01	
 4.5271e-01	
 6.0437e-01	
 4.4110e-01	
 5.4224e-01	
 3.6205e-01	
 6.1172e-01	
 3.9571e-01	
 3.8993e-01	
 7.3419e-01	
 2.8803e-01	
 5.7763e-01	
 3.7922e-01	
 5.8123e-01	
 5.1219e-01	
 5.8421e-01	
 5.7616e-01	
 5.9125e-01	
 4.2108e-01	
 3.9611e-01	
 5.8410e-01	
 3.9546e-01	
 6.4522e-01	
 2.2962e-01	
 5.5606e-01	
 6.0732e-01	
 6.0212e-01	
 5.4038e-01	
 7.1132e-01	
 3.5568e-01	
 4.4907e-01	
 3.9264e-01	
 3.7394e-01	
 3.1089e-01	
 3.7145e-01	
 7.4151e-01	
 3.0162e-01	
 6.9189e-01	
 4.0259e-01	
 9.2276e-01	
 5.1530e-01	
 5.3345e-01	
 3.9744e-01	
 6.3400e-01	
 7.3809e-01	
 4.8621e-01	
 4.9436e-01	
 4.0473e-01	
 8.8657e-01	
 6.0418e-01	
 6.1105e-01	
 5.7995e-01	
 4.6546e-01	
 4.7108e-01	
 4.6651e-01	
 4.3098e-01	
 3.8878e-01	
 6.4221e-01	
 6.9218e-01	
 3.0881e-01	
 7.1278e-01	
 4.0924e-01	
 4.2930e-01	
 7.0231e-01	
 5.4362e-01	
 7.0097e-01	
 7.9862e-01	
 6.9228e-01	
 5.8595e-01	
 5.5995e-01	
 6.3020e-01	
 5.2281e-01	
 8.2211e-01	
 5.3166e-01	
 7.6393e-01	
 3.7265e-01	
 5.1090e-01	
 4.2713e-01	
 6.5984e-01	
 3.4374e-01	
 5.7108e-01	
 4.4094e-01	
 5.7960e-01	
 4.7052e-01	
 6.5009e-01	
 6.1484e-01	
 5.4467e-01	
 5.0013e-01	
 4.4438e-01	
 4.5417e-01	
 3.2239e-01	
 5.5174e-01	
 3.9312e-01	
 8.3990e-01	
 4.6731e-01	
 4.7289e-01	
 5.5832e-01	
 4.8206e-01	
 6.3173e-01	
 7.0082e-01	
 5.9808e-01	
 7.1056e-01	
 4.8594e-01	
 6.7368e-01	
 6.5144e-01	
 6.0653e-01	
 6.5611e-01	
 5.9592e-01	
 3.9076e-01	
 5.8187e-01	
 4.4988e-01	
 3.2362e-01	
 6.0911e-01	
 3.7832e-01	
 4.4395e-01	
 3.7715e-01	
 6.5558e-01	
 4.8570e-01	
 9.6223e-01	
 5.0338e-01	
 4.0716e-01	
 5.3053e-01	
 3.7680e-01	
 4.8689e-01	
 5.2714e-01	
 2.9179e-01	
 3.6528e-01	
 5.1686e-01	
 9.2357e-01	
 7.6896e-01	
 5.0377e-01	
 7.5670e-01	
 6.4734e-01	
 4.7264e-01	
 5.4216e-01	
 4.8084e-01	
 5.6637e-01	
 5.3514e-01	
 4.8677e-01	
 5.5663e-01	
 4.5527e-01	
 6.9169e-01	
 5.3689e-01	
 5.1732e-01	
 4.3817e-01	
 4.9358e-01	
 5.9294e-01	
 6.6252e-01	
 5.2808e-01	
 6.6091e-01	
 6.2017e-01	
 5.3350e-01	
 7.0002e-01	
 5.1068e-01	
 3.6976e-01	
 4.7965e-01	
 7.8980e-01	
 5.2999e-01	
 5.4237e-01	
 4.3430e-01	
 5.8399e-01	
 4.3944e-01	
 7.3151e-01	
 7.2777e-01	
 5.4933e-01	
 3.4410e-01	
 3.9808e-01	
 6.0674e-01	
 6.5929e-01	
 3.9673e-01	
 6.4047e-01	
 6.5790e-01	
 7.1573e-01	
 5.6307e-01	
 5.6145e-01	
 8.9061e-01	
 4.3813e-01	
 8.1089e-01	
 7.5128e-01	
 5.7134e-01	
 4.6850e-01	
 3.4739e-01	
 4.8996e-01	
 4.4606e-01	
 4.7013e-01	
 7.0494e-01	
 4.7863e-01	
 7.1095e-01	
 3.8801e-01	
 5.5245e-01	
 5.0749e-01	
 4.4866e-01	
 5.4554e-01	
 9.1130e-01	
 5.7832e-01	
 3.9040e-01	
 7.4002e-01	
 1.8101e-01	
 6.0456e-01	
 5.0943e-01	
 3.9436e-01	
 6.1437e-01	
 6.4536e-01	
 4.0120e-01	
 4.3652e-01	
 8.2160e-01	
 6.6870e-01	
 5.1651e-01	
 5.2832e-01	
 5.7297e-01	
 4.0790e-01	
 6.8865e-01	
 5.3952e-01	
 5.9868e-01	
 5.4772e-01	
 5.2290e-01	
 6.4312e-01	
 6.3284e-01	
 2.4828e-01	
 5.9820e-01	
 7.6376e-01	
 8.8126e-01	
 6.7445e-01	
 6.8996e-01	
 5.5474e-01	
 2.9875e-01	
 4.6760e-01	
 5.8837e-01	
 3.5294e-01	
 4.4184e-01	
 5.8413e-01	
 6.1765e-01	
 4.5811e-01	
 5.6641e-01	
 6.6218e-01	
 5.0880e-01	
 6.2805e-01	
 4.8328e-01	
 6.4340e-01	
 8.4302e-01	
 8.0528e-01	
 5.4370e-01	
 4.6839e-01	
 5.3399e-01	
 7.2191e-01	
 3.9829e-01	
 3.6430e-01	
 6.5521e-01	
 5.8777e-01	
 3.4515e-01	
 6.4227e-01	
 6.2019e-01	
 6.8515e-01	
 3.7982e-01	
 4.8236e-01	
 6.6058e-01	
 7.0845e-01	
 4.2765e-01	
 5.5830e-01	
 5.8666e-01	
 4.0476e-01	
 9.7104e-01	
 4.6808e-01	
 3.7250e-01	
 4.7151e-01	
 3.9762e-01	
 5.8744e-01	
 5.9892e-01	
 7.7431e-01	
 6.2170e-01	
 4.3903e-01	
 6.6351e-01	
 6.0646e-01	
 6.4944e-01	
 7.2830e-01	
 4.0788e-01	
 6.0022e-01	
 9.4273e-01	
 4.1363e-01	
 6.1115e-01	
 5.4904e-01	
 4.7947e-01	
 5.1630e-01	
 8.1286e-01	
 5.5460e-01	
 5.4906e-01	
 4.4553e-01	
 4.1130e-01	
 5.4273e-01	
 3.8307e-01	
 6.2877e-01	
 6.9403e-01	
 5.0936e-01	
 5.4291e-01	
 5.1291e-01	
 4.8750e-01	
 8.3647e-01	
 5.5051e-01	
 4.8760e-01	
 6.7474e-01	
 7.4661e-01	
 6.9261e-01	
 5.8326e-01	
 9.2971e-01	
 6.1796e-01	
 5.8008e-01	
 9.0910e-01	
 2.8163e-01	
 4.6520e-01	
 7.0356e-01	
 3.8329e-01	
 5.9591e-01	
 7.9679e-01	
 5.5657e-01	
 9.7363e-01	
 5.5874e-01	
 5.4646e-01	
 7.9178e-01	
 6.1640e-01	
 7.6359e-01	
 4.6322e-01	
 5.0611e-01	
 8.4798e-01	
 8.0446e-01	
 6.0304e-01	
 4.7707e-01	
 7.1996e-01	
 3.9087e-01	
 3.7685e-01	
 4.7046e-01	
 4.4004e-01	
 1.0276e+00	
 6.6346e-01	
 5.7578e-01	
 4.5934e-01	
 3.9196e-01	
 4.0802e-01	
 6.8866e-01	
 5.3216e-01	
 3.7861e-01	
 4.6960e-01	
 5.0874e-01	
 6.0058e-01	
 7.1238e-01	
 8.1302e-01	
 7.6323e-01	
 7.6805e-01	
 5.6396e-01	
 5.5123e-01	
 7.8705e-01	
 4.4108e-01	
 9.2187e-01	
 4.7024e-01	
 7.0912e-01	
 5.6998e-01	
 4.9506e-01	
 6.5664e-01	
 4.9719e-01	
 5.5625e-01	
 7.3321e-01	
 7.6132e-01	
 7.0540e-01	
 4.2237e-01	
 7.5258e-01	
 4.1158e-01	
 7.0182e-01	
 7.6105e-01	
 6.1927e-01	
 4.7517e-01	
 4.2086e-01	
 6.3238e-01	
 3.8023e-01	
 4.8788e-01	
 6.0086e-01	
 4.1697e-01	
 4.4113e-01	
 5.0639e-01	
 6.5029e-01	
 5.4637e-01	
 5.8410e-01	
 7.9771e-01	
 5.4584e-01	
 6.6382e-01	
 4.7140e-01	
 4.5176e-01	
 6.4021e-01	
 6.7564e-01	
 7.0356e-01	
 6.4467e-01	
 7.5987e-01	
 4.9365e-01	
 5.4109e-01	
 7.1478e-01	
 9.0028e-01	
 6.6401e-01	
 6.6499e-01	
 6.4959e-01	
 8.0045e-01	
 5.3373e-01	
 5.1861e-01	
 3.4281e-01	
 3.2195e-01	
 6.4038e-01	
 6.6873e-01	
 4.8828e-01	
 9.2460e-01	
 1.0156e+00	
 5.3739e-01	
 5.6118e-01	
 4.2563e-01	
 7.0135e-01	
 5.7013e-01	
 7.8257e-01	
 6.6342e-01	
 5.9272e-01	
 6.7987e-01	
 6.0412e-01	
 7.5569e-01	
 6.3602e-01	
 9.9516e-01	
 3.5176e-01	
 6.9666e-01	
 8.5389e-01	
 3.8467e-01	
 4.3318e-01	
 5.6199e-01	
 3.3950e-01	
 7.5544e-01	
 3.3470e-01	
 5.2453e-01	
 3.3262e-01	
 8.4930e-01	
 6.6706e-01	
 5.7412e-01	
 8.4802e-01	
 9.7253e-01	
 6.0958e-01	
 4.2807e-01	
 7.8420e-01	
 4.6301e-01	
 5.2497e-01	
 8.2426e-01	
 6.1526e-01	
 7.0526e-01	
 7.1651e-01	
 5.3421e-01	
 1.0338e+00	
 9.1463e-01	
 5.7572e-01	
 7.0197e-01	
 5.8616e-01	
 5.0022e-01	
 4.7018e-01	
 3.7172e-01	
 7.4173e-01	
 7.5539e-01	
 7.7809e-01	
 5.1695e-01	
 1.0913e+00	
 6.9637e-01	
 8.3560e-01	
 6.1812e-01	
 8.4150e-01	
 5.8532e-01	
 4.3776e-01	
 6.5679e-01	
 5.6115e-01	
 7.1262e-01	
 7.0846e-01	
 6.6038e-01	
 5.5491e-01	
 5.9928e-01	
 7.2824e-01	
 6.2847e-01	
 6.6700e-01	
 5.3244e-01	
 6.8390e-01	
 4.9270e-01	
 4.9373e-01	
 5.5393e-01	
 5.6272e-01	
 6.5285e-01	
 4.1719e-01	
 7.7424e-01	
 5.4776e-01	
 4.9376e-01	
 8.8399e-01	
 5.5283e-01	
 7.3997e-01	
 7.5671e-01	
 5.8853e-01	
 5.7461e-01	
 6.2575e-01	
 6.8079e-01	
 3.8065e-01	
 8.4472e-01	
 5.0167e-01	
 8.8593e-01	
 2.8979e-01	
 5.0818e-01	
 4.2692e-01	
 6.6549e-01	
 5.3491e-01	
 6.5048e-01	
 3.3204e-01	
 4.8637e-01	
 3.9552e-01	
 5.8164e-01	
 7.1537e-01	
 4.7734e-01	
 7.0171e-01	
 8.1769e-01	
 5.9564e-01	
 8.0804e-01	
 8.0832e-01	
 3.9031e-01	
 8.8117e-01	
 7.8006e-01	
 7.6581e-01	
 6.9450e-01	
 7.3687e-01	
 5.5462e-01	
 8.5176e-01	
 5.6761e-01	
 6.5696e-01	
 5.7807e-01	
 8.8952e-01	
 6.2213e-01	
 4.9830e-01	
 6.5122e-01	
 6.8730e-01	
 5.2706e-01	
 5.7416e-01	
 4.0895e-01	
 7.4256e-01	
 5.5893e-01	
 7.2475e-01	
 8.8723e-01	
 4.6947e-01	
 7.9634e-01	
 6.7195e-01	
 7.9290e-01	
 4.8615e-01	
 3.3079e-01	
 7.7206e-01	
 6.0467e-01	
 4.7963e-01	
 6.9538e-01	
 6.7007e-01	
 6.6540e-01	
 6.3155e-01	
 5.2572e-01	
 7.2807e-01	
 1.0476e+00	
 7.8522e-01	
 4.2641e-01	
 6.3699e-01	
 7.0355e-01	
 7.8254e-01	
 8.5280e-01	
 9.3534e-01	
 9.7958e-01	
 4.8486e-01	
 6.0919e-01	
 6.2331e-01	
 3.7283e-01	
 6.2674e-01	
 7.6026e-01	
 8.8573e-01	
 4.9478e-01	
 4.9843e-01	
 6.0935e-01	
 6.9259e-01	
 8.0722e-01	
 7.2930e-01	
 8.1626e-01	
 7.7528e-01	
 6.5477e-01	
 8.7866e-01	
 6.3042e-01	
 3.9409e-01	
 8.0245e-01	
 5.6457e-01	
 6.4237e-01	
 6.8923e-01	
 5.8699e-01	
 6.1905e-01	
 5.9474e-01	
 8.2334e-01	
 7.0930e-01	
 8.2067e-01	
 6.8902e-01	
 6.5811e-01	
 5.6397e-01	
 7.0063e-01	
 7.8590e-01	
 5.2896e-01	
 6.7530e-01	
 6.4521e-01	
 3.7733e-01	
 5.9780e-01	
 4.9469e-01	
 9.0819e-01	
 9.4066e-01	
 5.6705e-01	
 5.8959e-01	
 5.6985e-01	
 8.0520e-01	
 6.7009e-01	
 8.8864e-01	
 4.1832e-01	
 5.4492e-01	
 4.9082e-01	
 6.8031e-01	
 6.2687e-01	
 7.0336e-01	
 7.5235e-01	
 5.9924e-01	
 4.1431e-01	
 9.6258e-01	
 5.9543e-01	
 7.1795e-01	
 7.8821e-01	
 5.3278e-01	
 5.8764e-01	
 7.6612e-01	
 8.5981e-01	
 6.4232e-01	
 5.3635e-01	
 7.3582e-01	
 3.6664e-01	
 6.6778e-01	
 5.4282e-01	
 8.4478e-01	
 6.2535e-01	
 4.3995e-01	
 6.4699e-01	
 3.9618e-01	
 9.3855e-01	
 4.5811e-01	
 5.5027e-01	
 8.2397e-01	
 6.5797e-01	
 5.3407e-01	
 5.6387e-01	
 7.3368e-01	
 7.4546e-01	
 8.3265e-01	
 8.4955e-01	
 4.7794e-01	
 4.7395e-01	
 8.3595e-01	
 4.8570e-01	
 6.0934e-01	
 9.6587e-01	
 5.0330e-01	
 8.9413e-01	
 5.9335e-01	
 1.0195e+00	
 5.4323e-01	
 5.6425e-01	
 3.5722e-01	
 6.4151e-01	
 9.4705e-01	
 6.3950e-01	
 6.0950e-01	
 6.3887e-01	
 5.2942e-01	
 7.4027e-01	
 6.4348e-01	
 5.8286e-01	
 6.2652e-01	
 5.1112e-01	
 4.2501e-01	
 9.4334e-01	
 6.3584e-01	
 7.4051e-01	
 7.9008e-01	
 4.4467e-01	
 3.9010e-01	
 6.7275e-01	
 5.5896e-01	
 7.8483e-01	
 7.1927e-01	
 8.8367e-01	
 6.6940e-01	
 1.0441e+00	
 5.8224e-01	
 6.0440e-01	
 7.4105e-01	
 7.9105e-01	
 6.5270e-01	
 5.3221e-01	
 8.3809e-01	
 8.3932e-01	
 3.5716e-01	
 5.7271e-01	
 9.2306e-01	
 7.9247e-01	
 6.3560e-01	
 7.7155e-01	
 1.0721e+00	
 8.5012e-01	
 4.5279e-01	
 5.3642e-01	
 1.0703e+00	
 8.2312e-01	
 6.2699e-01	
 5.9307e-01	
 5.2250e-01	
 6.8428e-01	
 5.3237e-01	
 5.5621e-01	
 7.2665e-01	
 7.6089e-01	
 4.4908e-01	
 5.7391e-01	
 6.6625e-01	
 5.0369e-01	
 8.6918e-01	
 3.9355e-01	
 6.2490e-01	
 7.7504e-01	
 8.2175e-01	
 1.3347e+00	
 7.0717e-01	
 4.6207e-01	
 6.6886e-01	
 6.0657e-01	
 1.1123e+00	
 5.0994e-01	
 5.7608e-01	
 7.9013e-01	
 5.7285e-01	
 5.6132e-01	
 3.8461e-01	
 6.5001e-01	
 7.5781e-01	
 7.0603e-01	
 5.3454e-01	
 5.9273e-01	
 5.1629e-01	
 8.3710e-01	
 6.4765e-01	
 5.1596e-01	
 8.5548e-01	
 6.2907e-01	
 8.7793e-01	
 7.0362e-01	
 4.3547e-01	
 5.1187e-01	
 6.7141e-01	
 4.8799e-01	
 8.7254e-01	
 6.2033e-01	
 5.5064e-01	
 8.1344e-01	
 7.5433e-01	
 4.9596e-01	
 8.2585e-01	
 5.1999e-01	
 7.4144e-01	
 6.6578e-01	
 4.9420e-01	
 5.9444e-01	
 4.8437e-01	
 7.7749e-01	
 3.2975e-01	
 1.0240e+00	
 8.0889e-01	
 6.2397e-01	
 9.5719e-01	
 7.2219e-01	
 1.0888e+00	
 5.2119e-01	
 9.7285e-01	
 6.0070e-01	
 4.4852e-01	
 8.2334e-01	
 6.8174e-01	
 7.9162e-01	
 6.0256e-01	
 6.8484e-01	
 7.9561e-01	
 4.8724e-01	
 8.9681e-01	
 7.1243e-01	
 7.4264e-01	
 7.1314e-01	
 8.6453e-01	
 7.5198e-01	
 5.1944e-01	
 9.2156e-01	
 8.0371e-01	
 6.7897e-01	
 7.8069e-01	
 4.7700e-01	
 4.8251e-01	
 6.9382e-01	
 7.7332e-01	
 5.8667e-01	
 5.5876e-01	
 5.2382e-01	
 6.0187e-01	
 1.0076e+00	
 1.1300e+00	
 7.0797e-01	
 5.1702e-01	
 6.7694e-01	
 7.7013e-01	
 7.3193e-01	
 8.3086e-01	
 7.4263e-01	
 8.6798e-01	
 3.8162e-01	
 8.5733e-01	
 6.8718e-01	
 3.5687e-01	
 8.1679e-01	
 8.1292e-01	
 7.8746e-01	
 8.1008e-01	
 8.7829e-01	
 8.0198e-01	
 7.0710e-01	
 6.7700e-01	
 8.3468e-01	
 7.2925e-01	
 9.6498e-01	
 1.0327e+00	
 7.2015e-01	
 4.9284e-01	
 6.4212e-01	
 7.2099e-01	
 4.4609e-01	
 4.9971e-01	
 4.1331e-01	
 6.8349e-01	
 6.0204e-01	
 8.8309e-01	
 7.9473e-01	
 4.8901e-01	
 5.7661e-01	
 8.9550e-01	
 6.9251e-01	
 4.6624e-01	
 7.2661e-01	
 4.2811e-01	
 6.9844e-01	
 9.0557e-01	
 8.2291e-01	
 5.9270e-01	
 6.2704e-01	
 7.2306e-01	
 6.5787e-01	
 6.5905e-01	
 7.9825e-01	
 6.4814e-01	
 8.8319e-01	
 6.4598e-01	
 4.3774e-01	
 9.4162e-01	
 1.0981e+00	
 6.8873e-01	
 6.2522e-01	
 9.2192e-01	
 6.0287e-01	
 6.0373e-01	
 5.6667e-01	
 6.5033e-01	
 8.9629e-01	
 5.2837e-01	
 6.8814e-01	
 7.3297e-01	
 5.3124e-01	
 7.5221e-01	
 8.9954e-01	
 7.5125e-01	
 7.8077e-01	
 9.6066e-01	
 7.5306e-01	
 8.2882e-01	
 5.5542e-01	
 7.6175e-01	
 8.0482e-01	
 8.6092e-01	
 6.0174e-01	
 7.8765e-01	
 8.3040e-01	
 8.1765e-01	
 7.9825e-01	
 7.4301e-01	
 5.2574e-01	
 9.7772e-01	
 7.8915e-01	
 5.8256e-01	
 7.8019e-01	
 8.6318e-01	
 8.1615e-01	
 7.9121e-01	
 6.3737e-01	
 7.8491e-01	
 6.3559e-01	
 5.5481e-01	
 1.0553e+00	
 9.9149e-01	
 6.6099e-01	
 1.0567e+00	
 5.7140e-01	
 1.0386e+00	
 1.0555e+00	
 9.0357e-01	
 9.5627e-01	
 8.4153e-01	
 6.2220e-01	
 5.8366e-01	
 5.4065e-01	
 7.9841e-01	
 9.6473e-01	
 7.5588e-01	
 5.8474e-01	
 3.6688e-01	
 7.0549e-01	
 7.8468e-01	
 7.2277e-01	
 6.3330e-01	
 1.1286e+00	
 5.5740e-01	
 7.0489e-01	
 9.4734e-01	
 8.4946e-01	
 8.3442e-01	
 5.3737e-01	
 8.1225e-01	
 7.7568e-01	
 7.5712e-01	
 5.4128e-01	
 1.1240e+00	
 6.7923e-01	
 5.2824e-01	
 6.7609e-01	
 5.8148e-01	
 8.5002e-01	
 5.4718e-01	
 6.3082e-01	
 9.2382e-01	
 8.1667e-01	
 8.2677e-01	
 6.1687e-01	
 9.1991e-01	
 7.9229e-01	
 6.3178e-01	
 6.4317e-01	
 5.6634e-01	
 1.1574e+00	
 7.9592e-01	
 6.7839e-01	
 7.6838e-01	
 6.7917e-01	
 5.6017e-01	
 9.5815e-01	
 7.0638e-01	
 9.3709e-01	
 6.8968e-01	
 7.9123e-01	
 7.9196e-01	
 9.9742e-01	
 7.4031e-01	
 5.9164e-01	
 5.8361e-01	
 7.6660e-01	
 9.6141e-01	
 9.4428e-01	
 7.0177e-01	
 1.0757e+00	
 5.9535e-01	
 7.2122e-01	
 6.6656e-01	
 9.0152e-01	
 8.2412e-01	
 6.7935e-01	
 6.7364e-01	
 9.3182e-01	
 9.9062e-01	
 7.6282e-01	
 5.7499e-01	
 7.7724e-01	
 6.6187e-01	
 6.9788e-01	
 9.2167e-01	
 6.0743e-01	
 8.5573e-01	
 3.2515e-01	
 4.6155e-01	
 8.3857e-01	
 5.8562e-01	
 8.5526e-01	
 1.0481e+00	
 1.0411e+00	
 8.8355e-01	
 5.8694e-01	
 6.4850e-01	
 7.6633e-01	
 6.6365e-01	
 1.0597e+00	
 7.6140e-01	
 1.0262e+00	
 9.9224e-01	
 1.0010e+00	
 8.3164e-01	
 5.7439e-01	
 8.7221e-01	
 6.5523e-01	
 7.7028e-01	
 5.3180e-01	
 5.2908e-01	
 9.1302e-01	
 8.0330e-01	
 6.9996e-01	
 7.9382e-01	
 6.9837e-01	
 7.4531e-01	
 8.1637e-01	
 7.1400e-01	
 6.7918e-01	
 7.8018e-01	
 1.0201e+00	
 8.1105e-01	
 8.9386e-01	
 5.9700e-01	
 6.4734e-01	
 6.7534e-01	
 8.4854e-01	
 5.2774e-01	
 1.2538e+00	
 6.7583e-01	
 7.4019e-01	
 8.9773e-01	
 8.3675e-01	
 6.5307e-01	
 6.0541e-01	
 6.7131e-01	
 9.0916e-01	
 8.3697e-01	
 1.0607e+00	
 6.6881e-01	
 4.9934e-01	
 5.5299e-01	
 6.3703e-01	
 1.0130e+00	
 4.0540e-01	
 2.0449e-01	
 2.8332e-01	
 3.1519e-01	
 6.8782e-01	
 2.8859e-01	
 3.5246e-01	
 3.6335e-01	
 3.6840e-01	
 1.8522e-01	
 1.3021e-01	
 2.1225e-01	
 1.9962e-01	
 5.3673e-01	
 2.7062e-01	
 2.5395e-01	
 1.2986e-01	
 6.3870e-01	
 2.4228e-01	
 2.6963e-01	
 2.2288e-01	
 1.4814e-01	
 1.9353e-01	
 2.3009e-01	
 3.8753e-01	
 2.7069e-01	
 2.5153e-01	
 2.2116e-01	
 2.7382e-01	
 2.9139e-01	
 2.5990e-01	
 2.0080e-01	
 2.4918e-01	
 9.3314e-02	
 1.9642e-01	
 1.3033e-01	
 3.6106e-01	
 2.5591e-01	
 1.8337e-01	
 3.1294e-01	
 1.4954e-01	
 3.0104e-01	
 1.3711e-01	
 2.1187e-01	
 3.2424e-01	
 1.5541e-01	
 1.8515e-01	
 3.1623e-01	
 1.7736e-01	
 2.5456e-01	
 2.7134e-01	
 2.9149e-01	
 2.5064e-01	
 2.9285e-01	
 4.4014e-01	
 3.4756e-01	
 4.3553e-01	
 2.5511e-01	
 2.3650e-01	
 2.6798e-01	
 1.3158e-01	
 2.1297e-01	
 4.1482e-01	
 4.4271e-01	
 2.3523e-01	
 4.7799e-01	
 3.7336e-01	
 2.0020e-01	
 1.9268e-01	
 1.2073e-01	
 3.1307e-01	
 1.5187e-01	
 2.6764e-01	
 1.6589e-01	
 1.5013e-01	
 6.6508e-01	
 1.3951e-01	
 9.8175e-02	
 1.3929e-01	
 2.7516e-01	
 1.8098e-01	
 9.6122e-02	
 3.5333e-01	
 2.6407e-01	
 2.0637e-01	
 3.0037e-01	
 1.6425e-01	
 2.6081e-01	
 4.1315e-01	
 1.4761e-01	
 2.3831e-01	
 4.0075e-01	
 6.0362e-01	
 1.0085e-01	
 2.1231e-01	
 2.7359e-01	
 2.3224e-01	
 4.5581e-01	
 2.2876e-01	
 3.4977e-01	
 2.8484e-01	
 4.6892e-01	
 2.2522e-01	
 1.7933e-01	
 2.2234e-01	
 3.0272e-01	
 3.1590e-01	
 2.1642e-01	
 4.1435e-01	
 2.9226e-01	
 2.3363e-01	
 3.4752e-01	
 1.8561e-01	
 2.2036e-01	
 1.6951e-01	
 2.2431e-01	
 3.1571e-01	
 1.1465e-01	
 1.7243e-01	
 2.9147e-01	
 8.2092e-02	
 3.3007e-01	
 3.9792e-01	
 2.2286e-01	
 2.2447e-01	
 2.0728e-01	
 1.9841e-01	
 2.6626e-01	
 2.1306e-01	
 3.2219e-01	
 1.8696e-01	
 1.6154e-01	
 2.7129e-01	
 2.0790e-01	
 2.5084e-01	
 3.4757e-01	
 1.8492e-01	
 2.1114e-01	
 2.8343e-01	
 9.2207e-02	
 1.8568e-01	
 1.7422e-01	
 4.5165e-01	
 3.8213e-01	
 2.3692e-01	
 3.7841e-01	
 2.7971e-01	
 2.3099e-01	
 2.2533e-01	
 4.9546e-01	
 2.1417e-01	
 2.9601e-01	
 1.5813e-01	
 3.5334e-01	
 2.1622e-01	
 2.3174e-01	
 1.7108e-01	
 2.1490e-01	
 1.7639e-01	
 9.4050e-02	
 4.4675e-01	
 2.1895e-01	
 2.2874e-01	
 1.6053e-01	
 2.0568e-01	
 3.4986e-01	
 8.3114e-02	
 1.7514e-01	
 2.5446e-01	
 2.3326e-01	
 1.8379e-01	
 3.1837e-01	
 1.9911e-01	
 1.8123e-01	
 1.2323e-01	
 2.1759e-01	
 2.0143e-01	
 2.1932e-01	
 1.3251e-01	
 1.0100e-01	
 1.9045e-01	
 3.5382e-01	
 3.8214e-01	
 1.6315e-01	
 2.0185e-01	
 3.6339e-01	
 2.4603e-01	
 1.7114e-01	
 1.1350e-01	
 2.7114e-01	
 2.4951e-01	
 3.2330e-01	
 2.2959e-01	
 2.3504e-01	
 1.5077e-01	
 1.0684e-01	
 2.8063e-01	
 3.1499e-01	
 2.2666e-01	
 2.4307e-01	
 3.2668e-01	
 1.7100e-01	
 2.0648e-01	
 3.4662e-01	
 2.5077e-01	
 2.7985e-01	
 3.5500e-01	
 3.5737e-01	
 1.8982e-01	
 2.3288e-01	
 2.3716e-01	
 2.0981e-01	
 2.6536e-01	
 1.9392e-01	
 4.7286e-01	
 3.6070e-01	
 1.2294e-01	
 2.0355e-01	
 3.3922e-01	
 3.3797e-01	
 2.2659e-01	
 1.6318e-01	
 3.3946e-01	
 3.9221e-01	
 2.0129e-01	
 2.8536e-01	
 2.2782e-01	
 4.2759e-01	
 3.3829e-01	
 1.7964e-01	
 3.9616e-01	
 2.0980e-01	
 4.7381e-01	
 2.4921e-01	
 3.7577e-01	
 2.5123e-01	
 1.8978e-01	
 6.1864e-01	
 4.7005e-01	
 1.6416e-01	
 3.2667e-01	
 7.3609e-01	
 1.2870e-01	
 1.8602e-01	
 3.0199e-01	
 1.2632e-01	
 1.5082e-01	
 2.3744e-01	
 2.0233e-01	
 3.8721e-01	
 2.3055e-01	
 2.8428e-01	
 3.1257e-01	
 2.4674e-01	
 5.5029e-01	
 3.8365e-01	
 2.8495e-01	
 1.1235e-01	
 3.3385e-01	
 1.9409e-01	
 1.6975e-01	
 1.6754e-01	
 1.8471e-01	
 1.6689e-01	
 2.3091e-01	
 5.3915e-01	
 3.0447e-01	
 1.0491e-01	
 2.1699e-01	
 2.9210e-01	
 1.3228e-01	
 2.6159e-01	
 1.2299e-01	
 1.6049e-01	
 4.8220e-01	
 1.6127e-01	
 2.5050e-01	
 2.9285e-01	
 2.5048e-01	
 2.7613e-01	
 1.9315e-01	
 5.0142e-01	
 1.1506e-01	
 2.1698e-01	
 2.7503e-01	
 2.6833e-01	
 3.0974e-01	
 1.6547e-01	
 3.2333e-01	
 2.5473e-01	
 3.5221e-01	
 4.5613e-01	
 2.2538e-01	
 5.4386e-01	
 1.9025e-01	
 6.1959e-01	
 1.7523e-01	
 2.3798e-01	
 1.4898e-01	
 2.8247e-01	
 1.4856e-01	
 4.0954e-01	
 3.3860e-01	
 1.5892e-01	
 3.8697e-01	
 5.5359e-01	
 4.3868e-01	
 2.9652e-01	
 2.1685e-01	
 3.9333e-01	
 1.1901e-01	
 2.1347e-01	
 6.6813e-01	
 2.7633e-01	
 2.0286e-01	
 3.9452e-01	
 2.8900e-01	
 1.3926e-01	
 1.9334e-01	
 4.8859e-01	
 3.3360e-01	
 3.8116e-01	
 4.5618e-01	
 2.7623e-01	
 1.3831e-01	
 2.0286e-01	
 3.9123e-01	
 2.6355e-01	
 4.2343e-01	
 1.5410e-01	
 3.0215e-01	
 4.0349e-01	
 2.4916e-01	
 6.3508e-02	
 1.1856e-01	
 3.2047e-01	
 2.8342e-01	
 1.5444e-01	
 2.9306e-01	
 2.4123e-01	
 4.1747e-01	
 2.2695e-01	
 2.2692e-01	
 5.5393e-01	
 1.5701e-01	
 5.4355e-01	
 2.5857e-01	
 2.4277e-01	
 2.1740e-01	
 2.5832e-01	
 8.7196e-02	
 2.4238e-01	
 4.4247e-01	
 3.7603e-01	
 3.5646e-01	
 2.2087e-01	
 2.9347e-01	
 2.6080e-01	
 2.2541e-01	
 1.4990e-01	
 3.5695e-01	
 2.6118e-01	
 3.7195e-01	
 2.5798e-01	
 3.3346e-01	
 2.2196e-01	
 2.4707e-01	
 2.1261e-01	
 1.3251e-01	
 3.4800e-01	
 3.1942e-01	
 2.8019e-01	
 2.0069e-01	
 3.2501e-01	
 2.6475e-01	
 2.1780e-01	
 3.1253e-01	
 2.8293e-01	
 4.6431e-01	
 2.6138e-01	
 5.6125e-01	
 2.8507e-01	
 2.3232e-01	
 5.4988e-01	
 2.6810e-01	
 3.3154e-01	
 3.8616e-01	
 2.6264e-01	
 2.4306e-01	
 1.5216e-01	
 2.6663e-01	
 2.0818e-01	
 3.0993e-01	
 2.9610e-01	
 2.2039e-01	
 4.9265e-01	
 4.5674e-01	
 1.4362e-01	
 4.6654e-01	
 3.8460e-01	
 4.1538e-01	
 2.4144e-01	
 3.6627e-01	
 4.1684e-01	
 3.7086e-01	
 3.4828e-01	
 4.7885e-01	
 3.3603e-01	
 1.8027e-01	
 1.8124e-01	
 3.3303e-01	
 2.2365e-01	
 2.8385e-01	
 3.0472e-01	
 2.3645e-01	
 5.2906e-01	
 2.6599e-01	
 2.7896e-01	
 2.9592e-01	
 4.3354e-01	
 4.3378e-01	
 1.8133e-01	
 2.2045e-01	
 4.6424e-01	
 2.9273e-01	
 2.7731e-01	
 2.6880e-01	
 4.1544e-01	
 3.8280e-01	
 2.2511e-01	
 3.4997e-01	
 2.5381e-01	
 2.5004e-01	
 5.9326e-01	
 3.6426e-01	
 3.4701e-01	
 2.9424e-01	
 3.0480e-01	
 1.8562e-01	
 2.5428e-01	
 2.6913e-01	
 5.0090e-01	
 2.9393e-01	
 5.0787e-01	
 3.3700e-01	
 2.4270e-01	
 2.9982e-01	
 2.1465e-01	
 1.3460e-01	
 2.8063e-01	
 4.1168e-01	
 4.2569e-01	
 2.5865e-01	
 4.5687e-01	
 1.5416e-01	
 1.4429e-01	
 2.1721e-01	
 3.8789e-01	
 2.9644e-01	
 4.8156e-01	
 3.3508e-01	
 2.6492e-01	
 1.5626e-01	
 4.0924e-01	
 2.9069e-01	
 4.3937e-01	
 7.9904e-01	
 7.3974e-01	
 2.2964e-01	
 3.9291e-01	
 2.1264e-01	
 1.8787e-01	
 2.6507e-01	
 2.9487e-01	
 1.6423e-01	
 3.7667e-01	
 3.1609e-01	
 2.4793e-01	
 3.4308e-01	
 2.8188e-01	
 2.8757e-01	
 1.7052e-01	
 1.7259e-01	
 1.9942e-01	
 2.4445e-01	
 3.1337e-01	
 1.9131e-01	
 3.3175e-01	
 2.6857e-01	
 3.8119e-01	
 2.0438e-01	
 3.1000e-01	
 2.0887e-01	
 3.1274e-01	
 1.2636e-01	
 1.9866e-01	
 3.5172e-01	
 1.5447e-01	
 1.8209e-01	
 2.6321e-01	
 1.6539e-01	
 3.6643e-01	
 5.5550e-01	
 2.7843e-01	
 4.1851e-01	
 2.2498e-01	
 2.0058e-01	
 2.3959e-01	
 1.6266e-01	
 3.2413e-01	
 2.7438e-01	
 3.5737e-01	
 1.3543e-01	
 2.8689e-01	
 1.7449e-01	
 1.5150e-01	
 2.2888e-01	
 3.4101e-01	
 2.0228e-01	
 2.7902e-01	
 2.8307e-01	
 1.8948e-01	
 1.0238e-01	
 2.4493e-01	
 2.9648e-01	
 2.3173e-01	
 3.1222e-01	
 3.0608e-01	
 3.5460e-01	
 2.9006e-01	
 2.8737e-01	
 2.8258e-01	
 2.1991e-01	
 2.9521e-01	
 4.9828e-01	
 4.1795e-01	
 4.0273e-01	
 2.3069e-01	
 4.6360e-01	
 2.6950e-01	
 2.3410e-01	
 2.2022e-01	
 2.4352e-01	
 4.5457e-01	
 6.1902e-01	
 2.9765e-01	
 3.0278e-01	
 3.0839e-01	
 2.3904e-01	
 2.7657e-01	
 3.8771e-01	
 6.1262e-01	
 7.9024e-01	
 2.8624e-01	
 2.4814e-01	
 2.2443e-01	
 2.0311e-01	
 3.2663e-01	
 3.0158e-01	
 4.7021e-01	
 1.2520e-01	
 2.3416e-01	
 4.8313e-01	
 3.1391e-01	
 1.8938e-01	
 2.0273e-01	
 3.7743e-01	
 2.3842e-01	
 2.6802e-01	
 6.5451e-01	
 2.0388e-01	
 5.0702e-01	
 3.7495e-01	
 2.5546e-01	
 3.6648e-01	
 1.9814e-01	
 3.3682e-01	
 2.4754e-01	
 4.1612e-01	
 3.9053e-01	
 4.3385e-01	
 2.1422e-01	
 2.7126e-01	
 3.5003e-01	
 1.5085e-01	
 2.6121e-01	
 2.0952e-01	
 2.3649e-01	
 3.3510e-01	
 2.8753e-01	
 6.8629e-02	
 1.6980e-01	
 3.0228e-01	
 2.5090e-01	
 3.5825e-01	
 1.0578e-01	
 1.7447e-01	
 2.7381e-01	
 1.5748e-01	
 3.1904e-01	
 1.5537e-01	
 1.7100e-01	
 2.8857e-01	
 3.6146e-01	
 2.8247e-01	
 1.4311e-01	
 2.0241e-01	
 2.3834e-01	
 3.6843e-01	
 3.1252e-01	
 2.2053e-01	
 2.8362e-01	
 6.0817e-01	
 2.5377e-01	
 7.0602e-01	
 3.1942e-01	
 1.7087e-01	
 5.1347e-01	
 2.3458e-01	
 2.1667e-01	
 2.5282e-01	
 3.7545e-01	
 2.5298e-01	
 3.2016e-01	
 1.3864e-01	
 4.4978e-01	
 1.5372e-01	
 3.2689e-01	
 5.3288e-01	
 2.7530e-01	
 6.7667e-01	
 2.2449e-01	
 3.4626e-01	
 2.9222e-01	
 4.7395e-01	
 1.4371e-01	
 3.2652e-01	
 3.3570e-01	
 5.5444e-01	
 1.9433e-01	
 1.8916e-01	
 1.8689e-01	
 3.5708e-01	
 2.6216e-01	
 2.4846e-01	
 1.8809e-01	
 1.4350e-01	
 5.5400e-01	
 1.1165e-01	
 1.9835e-01	
 6.7980e-01	
 5.7937e-01	
 3.6501e-01	
 4.2073e-01	
 3.0987e-01	
 2.1910e-01	
 2.3573e-01	
 1.5529e-01	
 1.7522e-01	
 3.8789e-01	
 3.1654e-01	
 4.0294e-01	
 4.4890e-01	
 2.1521e-01	
 2.6876e-01	
 2.7718e-01	
 2.2362e-01	
 1.8267e-01	
 3.1458e-01	
 3.0532e-01	
 1.0665e-01	
 3.6945e-01	
 2.9123e-01	
 2.9854e-01	
 1.9371e-01	
 6.2981e-01	
 6.5439e-01	
 4.2107e-01	
 4.0224e-01	
 3.0973e-01	
 2.6707e-01	
 4.4925e-01	
 3.1947e-01	
 4.3836e-01	
 2.3788e-01	
 2.1200e-01	
 2.8338e-01	
 3.1951e-01	
 2.6632e-01	
 3.5226e-01	
 2.6447e-01	
 4.8768e-01	
 3.1034e-01	
 4.7205e-01	
 3.2831e-01	
 3.4789e-01	
 3.7416e-01	
 2.9947e-01	
 2.2010e-01	
 2.9808e-01	
 4.1598e-01	
 5.3253e-01	
 3.8566e-01	
 3.1437e-01	
 2.9679e-01	
 2.1957e-01	
 4.6496e-01	
 7.0172e-01	
 3.1635e-01	
 3.8041e-01	
 5.9847e-01	
 2.2992e-01	
 2.5738e-01	
 4.6987e-01	
 1.4665e-01	
 2.4274e-01	
 2.9993e-01	
 2.8507e-01	
 3.0454e-01	
 4.5494e-01	
 1.2921e-01	
 2.3686e-01	
 4.0390e-01	
 1.8595e-01	
 2.5672e-01	
 3.7552e-01	
 5.9157e-01	
 4.8240e-01	
 2.3138e-01	
 3.0647e-01	
 3.0483e-01	
 3.4636e-01	
 1.8847e-01	
 3.3126e-01	
 1.7882e-01	
 1.0996e-01	
 2.4157e-01	
 3.5458e-01	
 2.2673e-01	
 1.4087e-01	
 5.5441e-01	
 2.2100e-01	
 3.1789e-01	
 1.5930e-01	
 2.4886e-01	
 3.2352e-01	
 3.3274e-01	
 2.6771e-01	
 1.2679e-01	
 3.1290e-01	
 1.6015e-01	
 6.2715e-01	
 2.9581e-01	
 2.0061e-01	
 3.3210e-01	
 6.3556e-01	
 4.9051e-01	
 4.6015e-01	
 3.5328e-01	
 4.0633e-01	
 4.7248e-01	
 5.9850e-01	
 7.5094e-01	
 4.6233e-01	
 2.6268e-01	
 2.3752e-01	
 2.5096e-01	
 2.9638e-01	
 4.0649e-01	
 3.6814e-01	
 6.7659e-01	
 2.8631e-01	
 7.1488e-01	
 3.1163e-01	
 2.3575e-01	
 2.5201e-01	
 5.7413e-01	
 1.8076e-01	
 3.0538e-01	
 2.9093e-01	
 3.9856e-01	
 3.3614e-01	
 1.9194e-01	
 2.6361e-01	
 3.7710e-01	
 1.9865e-01	
 2.0089e-01	
 3.4019e-01	
 3.7754e-01	
 4.5301e-01	
 3.7196e-01	
 3.1866e-01	
 2.2334e-01	
 4.6056e-01	
 2.4842e-01	
 3.3123e-01	
 2.2755e-01	
 3.8437e-01	
 3.5947e-01	
 2.9302e-01	
 4.6023e-01	
 2.6084e-01	
 3.5241e-01	
 2.9555e-01	
 3.5176e-01	
 3.9943e-01	
 2.6913e-01	
 2.7200e-01	
 7.6608e-01	
 7.2856e-01	
 5.0964e-01	
 4.4536e-01	
 1.5614e-01	
 3.5572e-01	
 3.5709e-01	
 4.2927e-01	
 1.9923e-01	
 5.8911e-01	
 2.8210e-01	
 3.6042e-01	
 1.7396e-01	
 2.5172e-01	
 4.9372e-01	
 3.0345e-01	
 3.2488e-01	
 1.7451e-01	
 3.0102e-01	
 2.0710e-01	
 4.5880e-01	
 2.1866e-01	
 5.9356e-01	
 4.3564e-01	
 3.3956e-01	
 1.8995e-01	
 4.1160e-01	
 3.9312e-01	
 1.8880e-01	
 1.8199e-01	
 1.9461e-01	
 2.8725e-01	
 2.4128e-01	
 2.1643e-01	
 2.4967e-01	
 3.3613e-01	
 2.0148e-01	
 2.1746e-01	
 2.4658e-01	
 5.9358e-01	
 2.9142e-01	
 2.8447e-01	
 3.2975e-01	
 2.8941e-01	
 3.6726e-01	
 3.1563e-01	
 3.7239e-01	
 1.7017e-01	
 5.0606e-01	
 5.7535e-01	
 2.7036e-01	
 1.4320e-01	
 2.6837e-01	
 9.4302e-01	
 2.8622e-01	
 2.4180e-01	
 2.9526e-01	
 2.5488e-01	
 3.0061e-01	
 2.8238e-01	
 3.3214e-01	
 2.4321e-01	
 3.2860e-01	
 2.3938e-01	
 4.3553e-01	
 4.2827e-01	
 1.5423e-01	
 2.6625e-01	
 3.4909e-01	
 2.0460e-01	
 2.6614e-01	
 3.0318e-01	
 4.6029e-01	
 1.5911e-01	
 2.8197e-01	
 2.0428e-01	
 2.7374e-01	
 2.2761e-01	
 3.3704e-01	
 2.5500e-01	
 2.2355e-01	
 3.2920e-01	
 3.3421e-01	
 3.1868e-01	
 2.9151e-01	
 6.7849e-01	
 2.2440e-01	
 3.0671e-01	
 3.3075e-01	
 3.7598e-01	
 4.7601e-01	
 2.1551e-01	
 6.1535e-01	
 2.1903e-01	
 3.4415e-01	
 3.7629e-01	
 1.6364e-01	
 2.6687e-01	
 4.2549e-01	
 2.1209e-01	
 2.7621e-01	
 4.2122e-01	
 3.2522e-01	
 1.9210e-01	
 3.6820e-01	
 2.4095e-01	
 2.4039e-01	
 4.2792e-01	
 3.1272e-01	
 3.7092e-01	
 3.0221e-01	
 5.3901e-01	
 2.4885e-01	
 2.9410e-01	
 2.7996e-01	
 3.2802e-01	
 3.1700e-01	
 2.8810e-01	
 4.6332e-01	
 1.9401e-01	
 2.1570e-01	
 4.0750e-01	
 2.3933e-01	
 5.2899e-01	
 2.8304e-01	
 5.0606e-01	
 4.2330e-01	
 2.5145e-01	
 2.7616e-01	
 3.7385e-01	
 3.4822e-01	
 2.7019e-01	
 2.6313e-01	
 3.7187e-01	
 5.6973e-01	
 3.9240e-01	
 3.3930e-01	
 2.1336e-01	
 1.6258e-01	
 6.0107e-01	
 1.0421e-01	
 2.0478e-01	
 5.0546e-01	
 1.5263e-01	
 1.9783e-01	
 4.3864e-01	
 1.3796e-01	
 4.1905e-01	
 1.6392e-01	
 3.0369e-01	
 3.4159e-01	
 2.6623e-01	
 3.6521e-01	
 2.9119e-01	
 1.9102e-01	
 2.7638e-01	
 4.0960e-01	
 3.5820e-01	
 4.3745e-01	
 6.7351e-01	
 3.3952e-01	
 3.2549e-01	
 2.0531e-01	
 3.3227e-01	
 2.8621e-01	
 5.2144e-01	
 2.7962e-01	
 2.9498e-01	
 2.4885e-01	
 3.1995e-01	
 5.1020e-01	
 3.3275e-01	
 1.8863e-01	
 3.3330e-01	
 4.5755e-01	
 2.0378e-01	
 4.2157e-01	
 1.6649e-01	
 2.5780e-01	
 5.2840e-01	
 8.3060e-01	
 1.8692e-01	
 2.6133e-01	
 1.9236e-01	
 8.1277e-01	
 4.0290e-01	
 7.0686e-01	
 1.7036e-01	
 3.4000e-01	
 1.4898e-01	
 2.2499e-01	
 1.7969e-01	
 6.1739e-01	
 2.0607e-01	
 2.0968e-01	
 3.3138e-01	
 3.3470e-01	
 2.4829e-01	
 3.5005e-01	
 2.1883e-01	
 2.2382e-01	
 4.4011e-01	
 5.1291e-01	
 4.1873e-01	
 3.3131e-01	
 5.1490e-01	
 1.7602e-01	
 2.7521e-01	
 2.9485e-01	
 3.1036e-01	
 2.4968e-01	
 2.0483e-01	
 3.2187e-01	
 6.6791e-01	
 4.0601e-01	
 2.6281e-01	
 3.9868e-01	
 1.8735e-01	
 3.5378e-01	
 2.0879e-01	
 2.7417e-01	
 1.7102e-01	
 2.0399e-01	
 3.6457e-01	
 2.0866e-01	
 3.8318e-01	
 2.4800e-01	
 6.2151e-01	
 3.5705e-01	
 4.9461e-01	
 8.3943e-01	
 1.9377e-01	
 8.5852e-02	
 3.1416e-01	
 5.9247e-01	
 3.4747e-01	
 4.2949e-01	
 2.5322e-01	
 4.4551e-01	
 2.2853e-01	
 2.6015e-01	
 4.1585e-01	
 2.1046e-01	
 2.6081e-01	
 3.8052e-01	
 2.7993e-01	
 3.9136e-01	
 2.6750e-01	
 1.8484e-01	
 1.4590e-01	
 1.1776e+00	
 4.3665e-01	
 3.2606e-01	
 3.3344e-01	
 5.8505e-01	
 1.9372e-01	
 3.7424e-01	
 2.9223e-01	
 3.7871e-01	
 4.6133e-01	
 5.3235e-01	
 3.6302e-01	
 4.3365e-01	
 1.9792e-01	
 2.2867e-01	
 2.8850e-01	
 4.0974e-01	
 2.2416e-01	
 6.4399e-01	
 3.7649e-01	
 1.8686e-01	
 5.5181e-01	
 6.9685e-01	
 2.5715e-01	
 1.6576e-01	
 2.8732e-01	
 2.2300e-01	
 3.0693e-01	
 3.4629e-01	
 2.2934e-01	
 4.0069e-01	
 2.7822e-01	
 3.5738e-01	
 3.4765e-01	
 3.3712e-01	
 2.5906e-01	
 3.7849e-01	
 5.1975e-01	
 3.9675e-01	
 2.3463e-01	
 2.7401e-01	
 3.1674e-01	
 3.0762e-01	
 4.3756e-01	
 3.8474e-01	
 4.0053e-01	
 2.0576e-01	
 2.4548e-01	
 2.9433e-01	
 2.7460e-01	
 5.7744e-01	
 2.5480e-01	
 3.5838e-01	
 6.2292e-01	
 3.4997e-01	
 2.4465e-01	
 1.9251e-01	
 1.2323e-01	
 1.8444e-01	
 1.8005e-01	
 4.1572e-01	
 2.7586e-01	
 2.6993e-01	
 2.3094e-01	
 2.3559e-01	
 3.3378e-01	
 6.0815e-01	
 3.8400e-01	
 3.6328e-01	
 5.5983e-01	
 3.0606e-01	
 2.4856e-01	
 3.3427e-01	
 5.1692e-01	
 2.5724e-01	
