loss	
 4.6309e+00	
 4.6610e+00	
 4.5955e+00	
 4.6201e+00	
 4.6177e+00	
 4.5890e+00	
 4.6022e+00	
 4.6283e+00	
 4.5893e+00	
 4.6076e+00	
 4.5932e+00	
 4.6139e+00	
 4.6663e+00	
 4.6547e+00	
 4.6314e+00	
 4.5745e+00	
 4.6156e+00	
 4.6408e+00	
 4.6245e+00	
 4.6028e+00	
 4.5672e+00	
 4.5983e+00	
 4.5619e+00	
 4.6191e+00	
 4.6403e+00	
 4.5547e+00	
 4.6546e+00	
 4.5470e+00	
 4.6561e+00	
 4.6047e+00	
 4.5937e+00	
 4.5915e+00	
 4.6102e+00	
 4.6681e+00	
 4.5779e+00	
 4.6475e+00	
 4.6360e+00	
 4.5827e+00	
 4.5823e+00	
 4.6490e+00	
 4.5920e+00	
 4.5934e+00	
 4.6207e+00	
 4.5606e+00	
 4.6391e+00	
 4.5979e+00	
 4.6138e+00	
 4.5917e+00	
 4.6386e+00	
 4.5809e+00	
 4.6211e+00	
 4.5500e+00	
 4.5759e+00	
 4.6528e+00	
 4.5564e+00	
 4.5982e+00	
 4.5747e+00	
 4.5780e+00	
 4.5880e+00	
 4.6222e+00	
 4.5949e+00	
 4.6098e+00	
 4.5531e+00	
 4.5567e+00	
 4.6318e+00	
 4.5840e+00	
 4.5528e+00	
 4.5110e+00	
 4.5874e+00	
 4.6065e+00	
 4.5526e+00	
 4.5451e+00	
 4.5268e+00	
 4.6080e+00	
 4.5342e+00	
 4.5819e+00	
 4.5874e+00	
 4.5471e+00	
 4.5948e+00	
 4.5561e+00	
 4.5180e+00	
 4.5590e+00	
 4.5704e+00	
 4.5476e+00	
 4.5685e+00	
 4.5757e+00	
 4.4771e+00	
 4.5575e+00	
 4.5915e+00	
 4.4967e+00	
 4.5574e+00	
 4.5144e+00	
 4.6144e+00	
 4.5113e+00	
 4.5365e+00	
 4.5556e+00	
 4.5210e+00	
 4.5405e+00	
 4.5135e+00	
 4.5301e+00	
 4.4471e+00	
 4.4483e+00	
 4.4852e+00	
 4.4578e+00	
 4.5460e+00	
 4.5681e+00	
 4.5694e+00	
 4.4208e+00	
 4.5332e+00	
 4.4520e+00	
 4.3490e+00	
 4.4717e+00	
 4.3717e+00	
 4.3333e+00	
 4.4791e+00	
 4.3289e+00	
 4.3595e+00	
 4.3561e+00	
 4.3472e+00	
 4.3651e+00	
 4.5117e+00	
 4.3975e+00	
 4.3430e+00	
 4.3356e+00	
 4.3832e+00	
 4.4063e+00	
 4.3497e+00	
 4.4340e+00	
 4.3368e+00	
 4.3107e+00	
 4.3098e+00	
 4.3631e+00	
 4.3790e+00	
 4.2349e+00	
 4.3458e+00	
 4.2919e+00	
 4.5750e+00	
 4.2054e+00	
 4.1998e+00	
 4.3078e+00	
 4.4740e+00	
 4.4506e+00	
 4.3682e+00	
 4.4066e+00	
 4.2802e+00	
 4.2312e+00	
 4.3997e+00	
 4.3352e+00	
 4.3527e+00	
 4.1868e+00	
 4.3801e+00	
 4.1340e+00	
 4.2343e+00	
 4.3199e+00	
 4.2115e+00	
 4.2481e+00	
 4.3703e+00	
 4.1934e+00	
 4.3330e+00	
 4.3081e+00	
 4.0701e+00	
 4.3953e+00	
 4.1542e+00	
 4.3608e+00	
 4.2046e+00	
 4.0286e+00	
 4.2448e+00	
 4.2451e+00	
 4.1058e+00	
 4.0541e+00	
 4.2093e+00	
 4.2876e+00	
 4.2092e+00	
 4.2132e+00	
 4.1983e+00	
 4.1524e+00	
 4.2924e+00	
 4.3230e+00	
 4.1809e+00	
 4.1194e+00	
 4.2867e+00	
 4.3523e+00	
 4.2187e+00	
 4.1014e+00	
 3.9885e+00	
 4.1129e+00	
 4.0354e+00	
 4.0145e+00	
 4.0236e+00	
 4.4257e+00	
 4.3529e+00	
 4.0320e+00	
 3.9110e+00	
 4.1802e+00	
 4.1544e+00	
 4.1531e+00	
 4.1731e+00	
 3.9878e+00	
 4.1760e+00	
 4.2294e+00	
 4.2660e+00	
 4.2022e+00	
 4.1359e+00	
 4.1294e+00	
 3.9864e+00	
 4.1020e+00	
 4.0210e+00	
 4.1422e+00	
 4.0570e+00	
 4.0669e+00	
 3.9777e+00	
 3.9629e+00	
 4.1804e+00	
 4.1607e+00	
 4.2753e+00	
 4.1811e+00	
 4.0127e+00	
 3.9883e+00	
 4.0035e+00	
 4.0112e+00	
 4.1591e+00	
 4.2113e+00	
 3.9055e+00	
 4.1992e+00	
 3.9229e+00	
 4.1177e+00	
 4.1800e+00	
 3.8799e+00	
 3.9494e+00	
 4.1230e+00	
 4.0615e+00	
 3.9660e+00	
 3.9512e+00	
 4.0509e+00	
 3.8501e+00	
 4.0629e+00	
 4.0903e+00	
 3.8088e+00	
 3.7626e+00	
 4.0409e+00	
 3.8372e+00	
 3.9419e+00	
 3.9847e+00	
 4.0364e+00	
 4.1683e+00	
 4.0385e+00	
 3.9511e+00	
 3.7882e+00	
 3.7445e+00	
 3.7733e+00	
 3.9204e+00	
 4.0414e+00	
 3.9383e+00	
 3.9403e+00	
 3.8367e+00	
 4.0682e+00	
 4.0407e+00	
 3.9003e+00	
 3.9764e+00	
 3.9423e+00	
 3.9970e+00	
 3.8282e+00	
 3.7427e+00	
 4.3184e+00	
 3.9870e+00	
 3.7695e+00	
 3.7652e+00	
 3.6564e+00	
 3.9065e+00	
 4.3053e+00	
 3.8277e+00	
 3.9939e+00	
 4.3266e+00	
 3.8957e+00	
 3.9564e+00	
 3.8417e+00	
 3.9846e+00	
 3.8176e+00	
 3.7296e+00	
 4.0034e+00	
 3.9784e+00	
 3.9123e+00	
 3.9441e+00	
 3.9544e+00	
 4.0157e+00	
 3.9438e+00	
 3.6713e+00	
 3.8663e+00	
 3.7091e+00	
 4.1396e+00	
 3.7484e+00	
 4.0815e+00	
 3.9916e+00	
 4.0501e+00	
 3.8307e+00	
 4.1406e+00	
 3.9849e+00	
 3.8999e+00	
 3.8310e+00	
 4.3467e+00	
 3.7669e+00	
 3.9608e+00	
 3.8734e+00	
 3.8787e+00	
 3.8460e+00	
 3.6006e+00	
 3.9730e+00	
 3.8928e+00	
 3.8406e+00	
 4.2135e+00	
 3.6274e+00	
 3.8011e+00	
 3.9378e+00	
 3.8869e+00	
 3.7517e+00	
 3.9132e+00	
 3.9188e+00	
 3.7564e+00	
 3.7188e+00	
 3.7217e+00	
 4.1384e+00	
 4.1710e+00	
 3.7556e+00	
 3.5197e+00	
 3.6739e+00	
 3.7406e+00	
 3.7648e+00	
 3.7908e+00	
 4.1168e+00	
 3.6292e+00	
 3.7843e+00	
 3.9942e+00	
 3.7147e+00	
 3.8184e+00	
 3.7409e+00	
 3.7675e+00	
 3.5736e+00	
 4.0370e+00	
 3.9854e+00	
 3.9105e+00	
 3.6163e+00	
 3.8436e+00	
 3.8003e+00	
 4.0672e+00	
 3.7247e+00	
 3.8409e+00	
 4.0855e+00	
 3.9171e+00	
 3.8572e+00	
 3.7370e+00	
 4.1066e+00	
 3.7848e+00	
 4.0493e+00	
 3.9050e+00	
 3.7131e+00	
 3.9387e+00	
 3.5836e+00	
 3.9481e+00	
 3.7758e+00	
 3.4981e+00	
 3.7800e+00	
 3.6342e+00	
 3.8797e+00	
 3.8011e+00	
 3.8760e+00	
 3.5805e+00	
 3.6503e+00	
 3.6574e+00	
 3.8426e+00	
 3.3263e+00	
 3.6523e+00	
 3.8757e+00	
 3.6408e+00	
 4.0190e+00	
 3.7717e+00	
 3.8859e+00	
 3.8123e+00	
 3.8283e+00	
 3.7937e+00	
 3.5924e+00	
 3.7927e+00	
 3.6759e+00	
 3.6025e+00	
 4.0411e+00	
 3.5060e+00	
 3.6583e+00	
 3.7750e+00	
 3.6560e+00	
 3.8949e+00	
 3.6844e+00	
 3.7354e+00	
 3.6270e+00	
 3.3981e+00	
 3.6046e+00	
 3.4560e+00	
 3.8088e+00	
 4.0136e+00	
 3.6174e+00	
 3.6038e+00	
 3.8861e+00	
 3.5151e+00	
 3.7635e+00	
 3.7280e+00	
 3.7518e+00	
 3.5066e+00	
 3.7309e+00	
 3.9999e+00	
 3.5781e+00	
 3.5819e+00	
 3.5253e+00	
 3.6256e+00	
 3.9873e+00	
 3.8366e+00	
 3.4523e+00	
 3.7501e+00	
 3.4960e+00	
 3.6533e+00	
 3.9381e+00	
 3.8013e+00	
 3.1866e+00	
 3.7425e+00	
 3.6943e+00	
 3.5584e+00	
 3.6157e+00	
 3.5422e+00	
 3.7168e+00	
 3.9284e+00	
 3.7399e+00	
 3.7053e+00	
 3.6446e+00	
 3.7488e+00	
 3.7376e+00	
 3.9003e+00	
 3.4323e+00	
 3.5397e+00	
 3.5552e+00	
 3.6369e+00	
 3.4494e+00	
 3.4693e+00	
 3.5872e+00	
 3.7996e+00	
 3.7257e+00	
 3.8980e+00	
 3.7237e+00	
 3.5252e+00	
 3.4861e+00	
 3.6677e+00	
 3.6083e+00	
 3.6927e+00	
 4.0719e+00	
 3.5186e+00	
 3.5831e+00	
 3.7632e+00	
 3.9034e+00	
 3.5578e+00	
 3.7777e+00	
 3.5019e+00	
 3.9006e+00	
 3.7289e+00	
 3.5790e+00	
 3.5973e+00	
 3.8094e+00	
 3.7338e+00	
 3.6932e+00	
 3.6625e+00	
 3.6226e+00	
 3.7424e+00	
 3.6171e+00	
 3.6756e+00	
 3.3494e+00	
 3.4303e+00	
 3.4066e+00	
 3.4869e+00	
 3.5364e+00	
 3.5954e+00	
 3.2671e+00	
 3.4615e+00	
 3.6411e+00	
 3.6770e+00	
 3.4600e+00	
 3.9251e+00	
 3.3661e+00	
 3.5045e+00	
 3.4990e+00	
 3.3205e+00	
 3.5357e+00	
 3.4515e+00	
 3.8459e+00	
 3.6833e+00	
 3.3782e+00	
 3.6285e+00	
 3.5385e+00	
 3.6391e+00	
 3.5136e+00	
 3.3029e+00	
 3.8010e+00	
 3.4736e+00	
 3.4456e+00	
 3.6640e+00	
 3.3928e+00	
 3.9856e+00	
 3.5916e+00	
 3.4717e+00	
 4.0130e+00	
 3.4374e+00	
 3.5255e+00	
 3.4243e+00	
 3.4278e+00	
 3.7246e+00	
 3.5695e+00	
 3.6581e+00	
 3.7809e+00	
 3.5581e+00	
 3.4822e+00	
 3.4323e+00	
 3.9537e+00	
 3.5756e+00	
 3.7182e+00	
 3.4658e+00	
 3.5922e+00	
 3.4998e+00	
 3.4001e+00	
 3.5407e+00	
 3.3190e+00	
 3.5705e+00	
 3.6431e+00	
 3.5696e+00	
 3.5720e+00	
 3.0994e+00	
 3.6858e+00	
 4.0061e+00	
 3.6658e+00	
 3.8093e+00	
 3.7971e+00	
 3.6588e+00	
 3.3039e+00	
 3.2604e+00	
 3.2806e+00	
 3.7743e+00	
 3.7342e+00	
 3.4170e+00	
 3.7806e+00	
 3.7320e+00	
 3.5163e+00	
 3.7751e+00	
 3.3298e+00	
 3.4488e+00	
 3.6535e+00	
 3.4750e+00	
 3.2777e+00	
 3.7552e+00	
 3.5599e+00	
 3.7786e+00	
 3.4707e+00	
 3.7749e+00	
 3.6361e+00	
 3.3281e+00	
 3.4246e+00	
 3.3955e+00	
 3.4638e+00	
 3.6166e+00	
 3.4492e+00	
 3.3482e+00	
 3.5197e+00	
 3.6566e+00	
 3.2600e+00	
 3.1666e+00	
 3.4923e+00	
 3.4766e+00	
 3.2911e+00	
 3.7617e+00	
 3.6030e+00	
 3.0744e+00	
 3.7538e+00	
 3.4850e+00	
 3.2550e+00	
 3.2279e+00	
 3.6331e+00	
 3.1796e+00	
 3.4509e+00	
 3.3604e+00	
 3.1147e+00	
 3.3628e+00	
 3.1847e+00	
 3.6426e+00	
 3.8771e+00	
 3.4447e+00	
 3.3811e+00	
 3.4881e+00	
 3.5144e+00	
 3.0955e+00	
 3.7619e+00	
 3.6978e+00	
 3.5004e+00	
 3.4318e+00	
 3.5597e+00	
 3.7733e+00	
 3.4903e+00	
 3.2994e+00	
 4.0109e+00	
 3.5404e+00	
 2.9372e+00	
 3.4445e+00	
 3.5098e+00	
 3.2799e+00	
 3.5681e+00	
 3.6234e+00	
 3.7693e+00	
 3.3542e+00	
 3.6797e+00	
 3.5915e+00	
 3.4720e+00	
 3.3511e+00	
 3.6819e+00	
 3.3491e+00	
 2.9496e+00	
 3.7955e+00	
 3.3846e+00	
 3.3337e+00	
 3.2300e+00	
 3.9795e+00	
 3.7158e+00	
 3.5264e+00	
 3.5086e+00	
 3.3147e+00	
 3.5017e+00	
 3.3190e+00	
 3.5123e+00	
 3.6331e+00	
 3.4249e+00	
 2.9785e+00	
 3.4472e+00	
 3.4114e+00	
 2.8809e+00	
 3.3142e+00	
 3.3415e+00	
 3.7269e+00	
 3.1373e+00	
 3.3944e+00	
 3.2414e+00	
 3.4072e+00	
 3.3511e+00	
 3.7533e+00	
 3.2612e+00	
 3.5602e+00	
 3.3146e+00	
 3.4589e+00	
 3.4728e+00	
 3.6366e+00	
 3.3336e+00	
 3.6623e+00	
 3.7837e+00	
 3.4733e+00	
 3.1991e+00	
 3.6407e+00	
 3.4787e+00	
 3.2854e+00	
 3.6238e+00	
 3.0694e+00	
 3.5752e+00	
 3.4851e+00	
 3.6206e+00	
 3.3520e+00	
 3.2639e+00	
 3.4893e+00	
 3.1408e+00	
 3.4474e+00	
 3.2285e+00	
 3.3384e+00	
 3.6008e+00	
 3.4900e+00	
 3.5684e+00	
 3.3720e+00	
 3.3342e+00	
 3.1912e+00	
 3.4012e+00	
 3.2215e+00	
 3.3639e+00	
 3.3041e+00	
 3.5099e+00	
 3.2454e+00	
 3.1174e+00	
 3.5119e+00	
 3.3770e+00	
 3.4597e+00	
 3.2962e+00	
 3.3635e+00	
 3.4425e+00	
 3.6197e+00	
 3.3481e+00	
 3.5951e+00	
 3.0309e+00	
 3.4497e+00	
 2.9987e+00	
 3.7421e+00	
 3.6888e+00	
 3.4014e+00	
 3.1611e+00	
 3.3920e+00	
 3.2224e+00	
 3.2564e+00	
 3.4164e+00	
 3.6807e+00	
 3.2785e+00	
 3.3223e+00	
 3.6867e+00	
 3.5539e+00	
 3.3723e+00	
 3.4377e+00	
 3.5351e+00	
 3.3922e+00	
 3.1844e+00	
 3.5639e+00	
 3.6078e+00	
 3.2661e+00	
 3.5825e+00	
 3.2873e+00	
 3.6911e+00	
 3.0730e+00	
 3.2624e+00	
 3.0160e+00	
 2.9182e+00	
 3.4090e+00	
 3.2514e+00	
 3.3222e+00	
 3.3358e+00	
 3.3587e+00	
 3.4420e+00	
 3.3493e+00	
 3.5327e+00	
 3.7180e+00	
 3.2047e+00	
 2.9122e+00	
 3.8251e+00	
 3.6151e+00	
 3.5289e+00	
 3.6531e+00	
 3.5140e+00	
 3.3623e+00	
 3.6093e+00	
 3.2957e+00	
 3.3337e+00	
 3.1650e+00	
 3.1371e+00	
 2.8257e+00	
 3.4905e+00	
 3.5840e+00	
 3.3526e+00	
 3.4594e+00	
 3.4096e+00	
 3.4094e+00	
 3.6739e+00	
 3.5381e+00	
 3.2901e+00	
 3.3762e+00	
 3.3423e+00	
 3.2885e+00	
 3.5816e+00	
 3.3873e+00	
 3.1184e+00	
 3.5752e+00	
 3.3269e+00	
 3.4487e+00	
 3.2146e+00	
 3.4963e+00	
 3.1124e+00	
 3.1655e+00	
 2.9488e+00	
 3.4251e+00	
 2.8077e+00	
 3.0453e+00	
 3.5696e+00	
 3.3512e+00	
 3.1891e+00	
 3.1922e+00	
 3.2758e+00	
 3.6174e+00	
 3.8988e+00	
 3.2366e+00	
 3.1164e+00	
 3.1491e+00	
 3.0218e+00	
 3.4919e+00	
 3.3877e+00	
 3.3154e+00	
 3.2470e+00	
 3.2374e+00	
 3.0098e+00	
 3.0974e+00	
 3.7011e+00	
 3.3923e+00	
 3.1836e+00	
 3.2023e+00	
 3.0442e+00	
 3.1520e+00	
 3.7118e+00	
 3.3362e+00	
 2.8079e+00	
 3.4102e+00	
 3.1752e+00	
 3.1313e+00	
 2.9505e+00	
 3.1802e+00	
 3.2375e+00	
 3.1894e+00	
 3.4505e+00	
 3.2041e+00	
 3.4477e+00	
 3.5498e+00	
 3.1959e+00	
 3.2989e+00	
 3.3364e+00	
 3.4175e+00	
 3.0880e+00	
 3.4579e+00	
 3.2815e+00	
 2.9617e+00	
 3.1371e+00	
 3.0944e+00	
 3.4406e+00	
 3.0913e+00	
 3.6165e+00	
 3.2932e+00	
 3.1060e+00	
 3.0035e+00	
 3.4881e+00	
 3.2748e+00	
 3.3651e+00	
 3.3356e+00	
 3.3163e+00	
 3.5733e+00	
 3.2527e+00	
 3.4876e+00	
 3.5487e+00	
 3.3639e+00	
 3.2950e+00	
 3.2933e+00	
 3.3900e+00	
 3.5168e+00	
 3.1894e+00	
 3.1727e+00	
 2.9437e+00	
 2.8076e+00	
 2.9226e+00	
 3.1762e+00	
 2.9717e+00	
 3.3017e+00	
 3.0602e+00	
 3.4664e+00	
 3.3553e+00	
 3.3837e+00	
 3.3130e+00	
 3.4061e+00	
 3.3566e+00	
 3.0652e+00	
 3.1676e+00	
 3.3494e+00	
 3.2669e+00	
 3.3618e+00	
 3.3675e+00	
 3.2831e+00	
 3.2771e+00	
 3.4231e+00	
 3.1508e+00	
 3.4621e+00	
 3.2173e+00	
 3.0290e+00	
 3.2602e+00	
 3.1798e+00	
 3.1274e+00	
 3.4318e+00	
 3.5522e+00	
 3.0936e+00	
 3.2439e+00	
 2.9389e+00	
 3.4154e+00	
 3.4439e+00	
 3.0738e+00	
 3.6692e+00	
 3.2486e+00	
 3.5923e+00	
 3.0395e+00	
 3.2334e+00	
 3.2593e+00	
 3.2528e+00	
 3.0990e+00	
 3.5941e+00	
 3.4665e+00	
 3.6160e+00	
 3.2123e+00	
 2.9565e+00	
 3.3382e+00	
 2.9270e+00	
 2.9452e+00	
 3.0712e+00	
 3.5145e+00	
 3.0713e+00	
 3.5366e+00	
 3.1942e+00	
 2.9160e+00	
 2.9436e+00	
 3.3730e+00	
 3.3366e+00	
 3.0149e+00	
 3.1243e+00	
 3.0194e+00	
 3.0048e+00	
 3.2869e+00	
 3.0808e+00	
 3.5960e+00	
 3.3497e+00	
 2.9431e+00	
 3.0234e+00	
 3.1530e+00	
 3.4603e+00	
 3.3387e+00	
 3.3410e+00	
 3.3296e+00	
 3.0578e+00	
 3.3769e+00	
 3.3409e+00	
 3.2228e+00	
 3.2104e+00	
 3.4593e+00	
 3.5414e+00	
 3.2877e+00	
 3.2588e+00	
 3.0409e+00	
 3.1699e+00	
 3.4889e+00	
 3.2122e+00	
 3.2721e+00	
 3.2643e+00	
 3.2899e+00	
 3.1522e+00	
 3.0542e+00	
 3.3977e+00	
 2.6030e+00	
 3.2520e+00	
 3.1328e+00	
 3.2547e+00	
 3.2183e+00	
 3.6559e+00	
 2.9799e+00	
 3.2283e+00	
 3.3974e+00	
 3.0676e+00	
 3.0598e+00	
 3.2029e+00	
 3.2525e+00	
 3.2948e+00	
 3.3908e+00	
 2.9045e+00	
 3.3925e+00	
 3.3356e+00	
 3.0133e+00	
 3.2223e+00	
 3.3043e+00	
 3.4047e+00	
 3.2590e+00	
 3.2095e+00	
 3.2732e+00	
 2.9653e+00	
 3.1515e+00	
 3.1356e+00	
 3.1330e+00	
 3.2714e+00	
 3.1389e+00	
 3.0393e+00	
 3.1081e+00	
 3.2475e+00	
 3.2400e+00	
 3.4205e+00	
 3.2119e+00	
 3.4528e+00	
 3.2539e+00	
 3.2373e+00	
 3.1056e+00	
 3.1788e+00	
 3.0004e+00	
 3.0124e+00	
 3.2623e+00	
 3.3312e+00	
 3.0619e+00	
 3.1816e+00	
 3.6512e+00	
 2.9856e+00	
 3.4759e+00	
 3.0669e+00	
 3.4070e+00	
 3.3655e+00	
 3.1578e+00	
 3.2041e+00	
 3.0624e+00	
 3.1457e+00	
 3.0661e+00	
 3.0355e+00	
 3.3442e+00	
 3.0858e+00	
 2.8111e+00	
 3.3544e+00	
 3.2251e+00	
 2.7815e+00	
 3.1248e+00	
 3.2245e+00	
 3.0732e+00	
 3.4340e+00	
 3.2765e+00	
 3.4562e+00	
 3.2063e+00	
 3.3192e+00	
 3.4207e+00	
 3.1908e+00	
 3.1586e+00	
 3.3430e+00	
 3.4325e+00	
 3.0917e+00	
 3.1480e+00	
 3.4022e+00	
 3.0433e+00	
 3.0337e+00	
 2.9119e+00	
 3.4079e+00	
 2.9622e+00	
 2.9650e+00	
 3.3287e+00	
 2.9565e+00	
 2.9692e+00	
 3.2232e+00	
 3.4219e+00	
 3.3319e+00	
 3.4866e+00	
 3.3343e+00	
 3.2047e+00	
 3.3825e+00	
 3.1799e+00	
 3.3724e+00	
 3.0714e+00	
 2.6484e+00	
 3.0676e+00	
 2.8885e+00	
 2.7870e+00	
 3.4013e+00	
 3.2627e+00	
 3.3383e+00	
 3.6764e+00	
 3.1407e+00	
 3.2212e+00	
 2.9079e+00	
 3.2267e+00	
 3.3181e+00	
 2.9429e+00	
 3.2561e+00	
 3.0837e+00	
 3.4628e+00	
 3.2493e+00	
 2.9926e+00	
 2.8902e+00	
 2.6868e+00	
 3.2127e+00	
 3.3266e+00	
 3.5822e+00	
 3.2460e+00	
 3.0789e+00	
 3.2574e+00	
 3.1698e+00	
 3.4306e+00	
 3.3219e+00	
 3.6531e+00	
 3.1323e+00	
 3.2947e+00	
 3.2662e+00	
 3.1533e+00	
 3.6643e+00	
 3.1837e+00	
 2.9213e+00	
 3.3642e+00	
 3.3799e+00	
 3.0058e+00	
 3.0885e+00	
 3.4174e+00	
 3.4348e+00	
 3.0327e+00	
 2.9487e+00	
 3.0747e+00	
 3.3712e+00	
 3.1872e+00	
 3.1406e+00	
 3.2862e+00	
 3.1213e+00	
 3.3989e+00	
 3.1765e+00	
 3.1403e+00	
 3.3580e+00	
 3.4103e+00	
 3.4087e+00	
 3.0118e+00	
 3.4024e+00	
 2.9865e+00	
 3.1122e+00	
 3.6403e+00	
 3.2646e+00	
 3.1951e+00	
 3.7388e+00	
 3.1753e+00	
 3.1873e+00	
 3.2879e+00	
 3.2807e+00	
 2.9403e+00	
 3.3012e+00	
 3.0016e+00	
 3.2019e+00	
 3.4248e+00	
 3.3001e+00	
 3.3841e+00	
 3.4671e+00	
 3.2832e+00	
 3.2881e+00	
 2.9764e+00	
 3.4052e+00	
 3.0382e+00	
 3.1194e+00	
 2.7331e+00	
 3.2314e+00	
 3.3819e+00	
 3.1466e+00	
 2.7883e+00	
 3.2277e+00	
 3.2554e+00	
 3.2858e+00	
 3.2446e+00	
 3.1018e+00	
 3.1908e+00	
 2.9923e+00	
 3.0617e+00	
 2.8549e+00	
 3.1883e+00	
 3.4151e+00	
 3.3721e+00	
 2.9248e+00	
 3.0633e+00	
 3.1214e+00	
 3.0268e+00	
 3.2506e+00	
 3.5479e+00	
 3.2538e+00	
 2.9879e+00	
 3.1087e+00	
 3.2580e+00	
 2.6546e+00	
 2.8411e+00	
 3.1909e+00	
 3.5408e+00	
 3.1889e+00	
 3.0557e+00	
 3.3052e+00	
 3.0759e+00	
 3.0414e+00	
 3.4234e+00	
 3.5028e+00	
 3.0525e+00	
 3.2254e+00	
 3.1040e+00	
 3.0973e+00	
 3.4396e+00	
 2.8854e+00	
 2.9514e+00	
 3.3862e+00	
 2.9845e+00	
 3.0338e+00	
 3.2886e+00	
 3.0356e+00	
 2.8650e+00	
 3.1969e+00	
 3.2178e+00	
 3.2458e+00	
 3.0038e+00	
 3.3097e+00	
 2.9669e+00	
 2.8302e+00	
 2.9865e+00	
 3.3077e+00	
 2.8160e+00	
 2.6893e+00	
 3.2210e+00	
 2.9931e+00	
 2.9354e+00	
 3.1559e+00	
 3.3056e+00	
 3.1567e+00	
 2.9906e+00	
 3.2464e+00	
 2.7749e+00	
 3.1558e+00	
 3.3048e+00	
 2.9242e+00	
 3.4397e+00	
 3.2234e+00	
 3.5443e+00	
 3.3913e+00	
 3.2736e+00	
 3.5912e+00	
 3.6005e+00	
 3.4376e+00	
 3.3561e+00	
 2.6455e+00	
 3.1573e+00	
 2.5495e+00	
 2.6295e+00	
 3.0269e+00	
 2.9145e+00	
 2.7589e+00	
 2.5304e+00	
 2.8988e+00	
 2.3061e+00	
 2.9826e+00	
 2.9835e+00	
 2.4867e+00	
 2.8249e+00	
 2.8229e+00	
 2.4255e+00	
 2.9616e+00	
 2.7597e+00	
 3.0997e+00	
 3.0059e+00	
 2.5262e+00	
 2.9100e+00	
 2.6162e+00	
 2.9869e+00	
 2.5684e+00	
 2.3641e+00	
 2.8413e+00	
 2.9024e+00	
 2.8512e+00	
 2.4548e+00	
 2.8063e+00	
 2.6893e+00	
 2.5758e+00	
 2.9149e+00	
 2.5788e+00	
 2.7977e+00	
 2.6646e+00	
 2.8096e+00	
 3.0600e+00	
 2.7193e+00	
 2.7530e+00	
 2.7434e+00	
 2.7013e+00	
 2.4765e+00	
 2.9520e+00	
 2.5596e+00	
 2.5132e+00	
 2.3859e+00	
 2.7879e+00	
 2.6460e+00	
 2.6591e+00	
 3.0156e+00	
 2.5979e+00	
 2.6758e+00	
 2.7843e+00	
 2.6631e+00	
 2.5926e+00	
 2.7938e+00	
 2.8133e+00	
 2.9512e+00	
 2.8686e+00	
 2.3346e+00	
 2.4372e+00	
 2.8610e+00	
 2.8395e+00	
 2.4760e+00	
 3.1932e+00	
 3.1772e+00	
 2.5560e+00	
 2.1568e+00	
 2.8314e+00	
 2.6009e+00	
 2.6006e+00	
 2.8759e+00	
 2.9921e+00	
 3.4551e+00	
 2.7754e+00	
 2.7865e+00	
 2.9678e+00	
 2.7625e+00	
 2.6618e+00	
 2.6089e+00	
 3.1592e+00	
 2.7848e+00	
 2.6717e+00	
 2.7146e+00	
 2.6438e+00	
 2.7323e+00	
 2.6779e+00	
 2.5194e+00	
 2.9763e+00	
 2.6442e+00	
 2.7475e+00	
 2.8862e+00	
 2.6461e+00	
 2.4787e+00	
 2.4836e+00	
 2.5361e+00	
 2.6525e+00	
 2.9444e+00	
 2.8233e+00	
 2.9579e+00	
 2.9163e+00	
 2.9787e+00	
 2.5759e+00	
 2.6865e+00	
 2.5869e+00	
 2.5596e+00	
 2.5259e+00	
 2.5698e+00	
 2.6040e+00	
 2.8690e+00	
 2.1836e+00	
 3.0082e+00	
 2.5138e+00	
 2.7585e+00	
 2.7269e+00	
 2.7944e+00	
 2.7124e+00	
 2.8926e+00	
 2.9325e+00	
 2.9964e+00	
 2.8015e+00	
 2.3873e+00	
 2.6400e+00	
 2.6762e+00	
 2.7399e+00	
 2.8126e+00	
 2.8195e+00	
 2.5274e+00	
 2.8667e+00	
 2.4624e+00	
 2.4151e+00	
 2.7743e+00	
 2.6805e+00	
 2.4000e+00	
 3.1520e+00	
 3.0156e+00	
 2.7002e+00	
 2.7806e+00	
 2.5006e+00	
 2.6269e+00	
 2.6189e+00	
 2.5227e+00	
 2.4900e+00	
 2.4422e+00	
 2.4548e+00	
 2.7684e+00	
 2.8212e+00	
 2.7413e+00	
 2.6089e+00	
 2.9266e+00	
 2.5097e+00	
 2.9413e+00	
 2.6468e+00	
 2.5642e+00	
 2.9761e+00	
 2.8532e+00	
 2.7610e+00	
 2.6574e+00	
 2.4280e+00	
 2.5847e+00	
 2.7170e+00	
 2.7572e+00	
 2.9474e+00	
 2.4500e+00	
 2.4977e+00	
 2.4969e+00	
 2.8683e+00	
 2.7713e+00	
 2.7539e+00	
 2.4318e+00	
 2.7999e+00	
 2.4436e+00	
 2.7580e+00	
 2.9786e+00	
 2.8346e+00	
 2.3848e+00	
 2.9648e+00	
 2.6159e+00	
 2.4731e+00	
 2.3683e+00	
 2.5816e+00	
 3.0958e+00	
 2.6130e+00	
 3.0950e+00	
 2.5255e+00	
 2.6857e+00	
 2.6219e+00	
 2.5742e+00	
 3.1153e+00	
 2.9449e+00	
 2.4836e+00	
 2.7401e+00	
 2.8211e+00	
 2.6999e+00	
 3.0901e+00	
 2.4120e+00	
 2.6437e+00	
 2.6290e+00	
 2.7865e+00	
 2.4412e+00	
 2.6538e+00	
 2.6614e+00	
 2.3603e+00	
 2.8951e+00	
 2.5631e+00	
 3.0886e+00	
 2.9309e+00	
 2.8741e+00	
 2.9202e+00	
 2.6123e+00	
 2.5479e+00	
 2.9442e+00	
 2.7556e+00	
 2.9659e+00	
 2.8012e+00	
 2.7673e+00	
 2.7733e+00	
 2.9712e+00	
 2.6553e+00	
 2.6082e+00	
 2.7041e+00	
 2.3578e+00	
 2.4167e+00	
 2.9816e+00	
 2.8383e+00	
 2.5348e+00	
 2.6122e+00	
 2.5458e+00	
 2.7356e+00	
 2.6526e+00	
 2.5132e+00	
 2.5186e+00	
 2.4429e+00	
 2.3994e+00	
 2.7790e+00	
 3.0744e+00	
 2.5749e+00	
 2.8357e+00	
 2.3652e+00	
 2.6040e+00	
 2.5653e+00	
 2.6563e+00	
 2.9916e+00	
 2.8937e+00	
 2.5231e+00	
 2.9197e+00	
 2.9789e+00	
 2.7431e+00	
 2.2645e+00	
 3.0115e+00	
 2.6967e+00	
 2.7622e+00	
 2.8080e+00	
 2.5714e+00	
 2.9790e+00	
 2.8911e+00	
 2.9423e+00	
 2.4068e+00	
 2.8709e+00	
 2.7333e+00	
 2.7286e+00	
 2.8051e+00	
 2.7921e+00	
 2.2695e+00	
 2.6984e+00	
 2.8007e+00	
 2.6999e+00	
 2.6458e+00	
 2.6527e+00	
 2.6032e+00	
 2.6006e+00	
 2.4621e+00	
 2.6529e+00	
 2.7937e+00	
 2.4532e+00	
 2.2595e+00	
 2.9283e+00	
 2.6833e+00	
 2.6220e+00	
 2.9218e+00	
 3.0783e+00	
 2.6571e+00	
 2.3863e+00	
 2.5684e+00	
 3.2234e+00	
 2.9756e+00	
 2.4652e+00	
 2.8151e+00	
 2.6693e+00	
 2.6449e+00	
 2.7281e+00	
 2.5657e+00	
 2.9399e+00	
 2.7349e+00	
 2.8687e+00	
 2.7772e+00	
 2.8758e+00	
 2.5399e+00	
 3.0728e+00	
 2.7867e+00	
 2.3398e+00	
 2.5369e+00	
 2.7373e+00	
 2.3707e+00	
 3.0934e+00	
 3.0441e+00	
 2.6102e+00	
 2.4879e+00	
 2.6711e+00	
 2.4080e+00	
 2.6643e+00	
 2.8502e+00	
 2.5217e+00	
 2.3683e+00	
 2.7833e+00	
 2.9845e+00	
 2.7472e+00	
 2.5587e+00	
 2.3496e+00	
 2.4697e+00	
 2.5694e+00	
 2.3895e+00	
 2.6057e+00	
 2.8427e+00	
 2.6873e+00	
 2.6301e+00	
 2.4322e+00	
 2.6532e+00	
 2.7084e+00	
 2.8636e+00	
 2.3832e+00	
 2.7410e+00	
 2.4874e+00	
 2.7523e+00	
 2.5639e+00	
 2.7596e+00	
 2.6348e+00	
 2.6463e+00	
 2.8283e+00	
 2.3731e+00	
 2.6113e+00	
 2.8972e+00	
 2.4190e+00	
 2.8159e+00	
 2.9348e+00	
 2.7872e+00	
 2.8457e+00	
 2.1340e+00	
 2.7021e+00	
 2.7795e+00	
 2.5311e+00	
 2.7780e+00	
 2.6119e+00	
 2.2634e+00	
 2.5768e+00	
 2.5555e+00	
 2.3970e+00	
 2.8714e+00	
 2.9725e+00	
 2.5166e+00	
 2.2841e+00	
 2.8685e+00	
 3.0740e+00	
 2.4452e+00	
 2.4973e+00	
 2.7519e+00	
 3.0328e+00	
 2.8844e+00	
 3.0148e+00	
 2.7327e+00	
 2.3901e+00	
 2.9759e+00	
 2.7091e+00	
 2.6724e+00	
 2.5907e+00	
 2.5715e+00	
 2.9659e+00	
 2.6523e+00	
 2.6459e+00	
 2.6150e+00	
 2.6937e+00	
 2.6043e+00	
 2.5750e+00	
 2.4239e+00	
 2.9476e+00	
 2.8082e+00	
 2.2301e+00	
 2.9675e+00	
 2.9360e+00	
 2.5687e+00	
 2.7565e+00	
 2.6503e+00	
 2.4253e+00	
 2.2608e+00	
 2.7800e+00	
 2.6178e+00	
 2.3784e+00	
 2.4350e+00	
 2.9533e+00	
 2.5475e+00	
 2.5748e+00	
 3.1991e+00	
 2.6550e+00	
 2.5778e+00	
 2.8781e+00	
 2.6477e+00	
 2.5950e+00	
 2.4733e+00	
 2.4840e+00	
 2.5767e+00	
 2.8339e+00	
 2.5559e+00	
 2.6318e+00	
 2.6796e+00	
 2.6091e+00	
 2.7722e+00	
 2.6028e+00	
 2.8341e+00	
 2.7372e+00	
 2.4553e+00	
 2.6902e+00	
 2.5000e+00	
 2.9596e+00	
 2.4920e+00	
 2.8058e+00	
 2.6262e+00	
 2.1657e+00	
 2.4484e+00	
 3.1508e+00	
 2.4547e+00	
 2.6800e+00	
 2.7265e+00	
 2.4810e+00	
 2.6542e+00	
 3.3542e+00	
 2.7967e+00	
 2.7643e+00	
 2.3813e+00	
 2.6118e+00	
 2.1781e+00	
 2.7065e+00	
 3.0237e+00	
 2.7417e+00	
 2.2870e+00	
 2.6753e+00	
 2.4988e+00	
 2.9514e+00	
 2.7803e+00	
 2.8096e+00	
 2.8606e+00	
 2.4813e+00	
 2.3722e+00	
 2.6247e+00	
 2.9296e+00	
 2.7856e+00	
 2.8394e+00	
 2.3063e+00	
 3.0609e+00	
 2.5684e+00	
 2.9411e+00	
 2.5507e+00	
 2.4469e+00	
 2.7272e+00	
 2.3127e+00	
 2.4241e+00	
 2.5252e+00	
 2.5476e+00	
 2.9365e+00	
 2.8298e+00	
 2.6424e+00	
 2.5076e+00	
 2.5197e+00	
 2.7838e+00	
 2.2402e+00	
 2.5862e+00	
 2.7074e+00	
 2.8290e+00	
 2.4624e+00	
 2.9531e+00	
 2.4998e+00	
 2.5385e+00	
 2.9126e+00	
 2.3651e+00	
 2.3877e+00	
 2.5490e+00	
 2.6641e+00	
 2.7147e+00	
 2.6255e+00	
 2.6489e+00	
 2.9219e+00	
 2.9288e+00	
 2.6872e+00	
 2.5059e+00	
 2.8920e+00	
 2.4122e+00	
 2.5878e+00	
 2.8901e+00	
 2.0012e+00	
 2.8902e+00	
 2.6004e+00	
 2.3568e+00	
 2.8013e+00	
 2.8449e+00	
 2.1111e+00	
 2.7139e+00	
 2.2866e+00	
 2.3746e+00	
 3.0985e+00	
 2.3890e+00	
 2.6804e+00	
 2.7648e+00	
 2.5095e+00	
 2.3818e+00	
 2.5042e+00	
 2.6135e+00	
 2.7252e+00	
 2.7904e+00	
 2.4700e+00	
 2.8625e+00	
 2.5608e+00	
 2.4464e+00	
 2.6887e+00	
 2.5039e+00	
 2.6682e+00	
 2.5029e+00	
 2.7428e+00	
 2.4994e+00	
 3.4562e+00	
 2.7554e+00	
 3.0994e+00	
 2.7684e+00	
 2.7443e+00	
 2.6357e+00	
 2.6908e+00	
 2.3407e+00	
 2.2862e+00	
 2.9356e+00	
 2.5996e+00	
 2.9275e+00	
 2.4236e+00	
 2.5607e+00	
 2.6978e+00	
 2.7525e+00	
 2.3623e+00	
 2.7513e+00	
 2.4097e+00	
 2.0325e+00	
 2.8735e+00	
 2.2146e+00	
 2.8781e+00	
 2.2973e+00	
 2.2592e+00	
 2.5166e+00	
 2.7807e+00	
 2.8326e+00	
 2.7431e+00	
 2.3134e+00	
 2.4924e+00	
 2.6897e+00	
 2.1042e+00	
 2.3307e+00	
 2.9298e+00	
 2.5455e+00	
 2.5194e+00	
 2.5984e+00	
 2.7721e+00	
 2.4893e+00	
 2.4180e+00	
 2.3696e+00	
 2.3575e+00	
 2.6149e+00	
 2.7428e+00	
 2.7736e+00	
 3.0471e+00	
 2.3490e+00	
 2.6512e+00	
 2.5384e+00	
 2.4887e+00	
 2.4787e+00	
 2.6869e+00	
 2.4392e+00	
 2.5558e+00	
 2.9437e+00	
 2.8436e+00	
 2.2302e+00	
 2.4143e+00	
 2.7109e+00	
 2.6330e+00	
 2.4127e+00	
 3.0803e+00	
 2.7371e+00	
 2.4758e+00	
 2.8840e+00	
 3.1388e+00	
 2.6492e+00	
 2.3097e+00	
 2.8663e+00	
 2.5185e+00	
 3.0738e+00	
 2.3830e+00	
 2.2501e+00	
 2.4125e+00	
 3.0190e+00	
 2.4186e+00	
 2.8499e+00	
 2.4536e+00	
 2.4250e+00	
 2.6295e+00	
 2.4642e+00	
 3.0462e+00	
 2.6100e+00	
 2.4177e+00	
 2.6492e+00	
 2.1881e+00	
 2.4626e+00	
 2.7185e+00	
 2.4237e+00	
 2.4195e+00	
 2.2333e+00	
 2.4647e+00	
 2.9206e+00	
 2.8470e+00	
 2.3948e+00	
 2.7549e+00	
 2.6372e+00	
 2.6968e+00	
 2.5294e+00	
 2.6751e+00	
 2.4437e+00	
 2.5683e+00	
 2.6716e+00	
 2.5077e+00	
 2.3995e+00	
 2.5167e+00	
 2.3449e+00	
 2.9945e+00	
 2.6845e+00	
 2.9320e+00	
 3.0939e+00	
 2.3436e+00	
 2.1227e+00	
 2.5540e+00	
 2.6655e+00	
 2.2774e+00	
 2.7754e+00	
 2.3163e+00	
 2.5899e+00	
 2.4431e+00	
 2.6106e+00	
 2.6913e+00	
 2.4876e+00	
 2.4705e+00	
 2.3072e+00	
 2.4875e+00	
 2.3880e+00	
 2.3955e+00	
 2.6051e+00	
 2.5393e+00	
 2.3428e+00	
 2.7340e+00	
 2.4647e+00	
 2.4984e+00	
 2.4100e+00	
 2.7276e+00	
 3.0056e+00	
 2.6001e+00	
 2.8963e+00	
 2.2490e+00	
 2.3417e+00	
 2.4550e+00	
 3.2684e+00	
 2.2480e+00	
 3.0951e+00	
 2.7503e+00	
 2.2814e+00	
 2.8092e+00	
 2.8101e+00	
 2.8030e+00	
 2.2609e+00	
 2.7625e+00	
 2.3866e+00	
 2.5125e+00	
 2.9540e+00	
 2.8071e+00	
 2.6956e+00	
 2.5479e+00	
 2.7837e+00	
 2.8881e+00	
 2.8690e+00	
 2.4760e+00	
 3.1223e+00	
 3.2241e+00	
 2.4960e+00	
 2.4416e+00	
 2.6689e+00	
 2.5498e+00	
 2.7997e+00	
 2.7118e+00	
 2.4166e+00	
 2.4594e+00	
 2.8629e+00	
 2.3513e+00	
 2.7380e+00	
 2.6896e+00	
 2.6356e+00	
 2.3229e+00	
 2.6364e+00	
 2.9897e+00	
 2.9064e+00	
 2.2120e+00	
 2.7451e+00	
 2.2350e+00	
 2.3580e+00	
 2.7205e+00	
 2.7581e+00	
 2.7369e+00	
 2.9198e+00	
 2.8691e+00	
 2.6802e+00	
 2.9140e+00	
 2.3629e+00	
 2.9291e+00	
 2.4359e+00	
 2.5125e+00	
 2.7117e+00	
 2.7598e+00	
 2.2092e+00	
 2.8013e+00	
 2.6545e+00	
 2.5433e+00	
 2.6422e+00	
 2.4976e+00	
 2.7746e+00	
 2.4792e+00	
 2.4389e+00	
 3.1257e+00	
 3.0138e+00	
 2.6882e+00	
 2.8888e+00	
 2.8926e+00	
 2.3692e+00	
 2.4372e+00	
 2.5848e+00	
 2.9198e+00	
 2.2426e+00	
 2.5017e+00	
 2.8119e+00	
 2.7051e+00	
 2.5578e+00	
 2.9488e+00	
 2.4401e+00	
 2.3922e+00	
 2.7679e+00	
 2.3898e+00	
 2.6517e+00	
 2.5735e+00	
 2.5468e+00	
 2.7057e+00	
 2.4789e+00	
 2.7122e+00	
 2.2289e+00	
 2.0667e+00	
 2.2717e+00	
 2.9395e+00	
 2.4358e+00	
 2.5217e+00	
 2.2560e+00	
 2.6497e+00	
 2.3923e+00	
 2.8422e+00	
 2.8799e+00	
 2.4849e+00	
 2.7523e+00	
 2.5496e+00	
 2.9262e+00	
 2.6589e+00	
 2.6409e+00	
 2.4600e+00	
 2.7929e+00	
 2.2983e+00	
 2.5032e+00	
 2.9382e+00	
 2.3590e+00	
 2.6365e+00	
 2.2095e+00	
 2.5018e+00	
 2.5371e+00	
 1.9709e+00	
 2.9675e+00	
 2.7905e+00	
 2.2927e+00	
 2.7267e+00	
 2.6992e+00	
 2.6759e+00	
 2.9626e+00	
 2.5402e+00	
 2.5253e+00	
 2.6809e+00	
 2.3106e+00	
 3.0079e+00	
 2.7306e+00	
 2.4600e+00	
 2.5940e+00	
 2.7853e+00	
 2.6163e+00	
 2.8567e+00	
 2.5912e+00	
 2.5575e+00	
 2.3457e+00	
 2.7241e+00	
 2.6102e+00	
 2.3803e+00	
 2.6881e+00	
 2.4023e+00	
 2.4708e+00	
 2.2771e+00	
 2.4075e+00	
 2.7118e+00	
 2.7667e+00	
 2.4546e+00	
 2.2393e+00	
 2.6265e+00	
 2.6077e+00	
 2.5831e+00	
 2.4992e+00	
 2.6619e+00	
 2.7906e+00	
 2.9478e+00	
 2.9484e+00	
 2.7010e+00	
 2.7437e+00	
 2.5647e+00	
 2.7000e+00	
 2.7955e+00	
 2.1069e+00	
 2.8162e+00	
 2.9482e+00	
 2.7136e+00	
 2.5271e+00	
 2.2531e+00	
 2.6692e+00	
 3.1057e+00	
 2.1907e+00	
 2.7110e+00	
 2.7835e+00	
 2.5533e+00	
 2.4602e+00	
 2.4917e+00	
 2.2859e+00	
 2.5352e+00	
 2.4983e+00	
 2.7382e+00	
 2.5337e+00	
 2.4024e+00	
 2.9732e+00	
 2.7089e+00	
 2.2548e+00	
 2.8781e+00	
 2.3529e+00	
 2.8243e+00	
 2.4963e+00	
 2.9546e+00	
 2.5934e+00	
 2.4709e+00	
 2.9158e+00	
 2.4312e+00	
 2.6145e+00	
 2.1872e+00	
 2.6739e+00	
 2.6560e+00	
 2.7166e+00	
 2.9475e+00	
 2.6938e+00	
 2.8880e+00	
 2.7068e+00	
 2.1523e+00	
 2.4306e+00	
 2.9579e+00	
 2.6899e+00	
 2.5970e+00	
 3.2852e+00	
 2.3038e+00	
 2.7131e+00	
 2.4337e+00	
 2.5267e+00	
 2.8601e+00	
 2.6913e+00	
 1.9345e+00	
 2.6806e+00	
 2.4985e+00	
 2.8198e+00	
 2.1420e+00	
 2.2852e+00	
 2.8585e+00	
 2.3732e+00	
 2.1616e+00	
 2.1423e+00	
 2.5230e+00	
 2.8097e+00	
 2.6808e+00	
 2.9878e+00	
 2.6014e+00	
 2.5432e+00	
 2.5330e+00	
 2.8855e+00	
 2.6706e+00	
 2.5632e+00	
 2.7741e+00	
 3.1431e+00	
 3.1173e+00	
 2.5986e+00	
 2.4757e+00	
 2.3856e+00	
 2.8044e+00	
 2.5581e+00	
 2.5016e+00	
 2.8157e+00	
 2.9465e+00	
 2.1877e+00	
 2.1372e+00	
 2.5302e+00	
 2.7809e+00	
 2.6423e+00	
 2.8380e+00	
 2.3196e+00	
 2.4957e+00	
 2.4907e+00	
 2.3829e+00	
 2.7838e+00	
 2.8416e+00	
 2.9308e+00	
 2.6145e+00	
 2.8578e+00	
 2.5412e+00	
 2.4943e+00	
 2.3609e+00	
 2.6357e+00	
 2.7984e+00	
 2.6136e+00	
 2.5884e+00	
 2.7650e+00	
 2.5707e+00	
 2.3090e+00	
 2.8244e+00	
 2.4983e+00	
 2.9487e+00	
 2.0512e+00	
 2.7170e+00	
 2.5628e+00	
 2.6521e+00	
 2.6109e+00	
 2.3200e+00	
 3.0294e+00	
 2.4119e+00	
 2.5328e+00	
 2.9447e+00	
 2.6889e+00	
 2.6520e+00	
 2.6192e+00	
 2.9599e+00	
 2.4884e+00	
 2.7938e+00	
 2.6736e+00	
 2.5237e+00	
 2.4891e+00	
 2.8989e+00	
 2.7952e+00	
 2.8832e+00	
 2.9057e+00	
 2.3547e+00	
 2.5592e+00	
 2.4929e+00	
 3.0180e+00	
 2.7444e+00	
 2.5349e+00	
 2.7478e+00	
 2.2907e+00	
 2.6825e+00	
 2.0035e+00	
 2.7552e+00	
 2.3055e+00	
 3.0425e+00	
 2.0010e+00	
 2.7400e+00	
 2.2390e+00	
 2.3155e+00	
 2.4712e+00	
 2.4725e+00	
 2.0247e+00	
 2.7475e+00	
 2.9504e+00	
 2.4344e+00	
 3.0332e+00	
 2.3341e+00	
 2.5458e+00	
 2.6236e+00	
 2.2213e+00	
 2.7687e+00	
 2.1024e+00	
 2.8196e+00	
 2.6774e+00	
 2.5921e+00	
 2.2582e+00	
 2.0412e+00	
 2.5212e+00	
 2.5871e+00	
 2.6574e+00	
 2.4224e+00	
 2.6607e+00	
 2.7105e+00	
 2.6908e+00	
 2.7727e+00	
 2.2693e+00	
 2.5170e+00	
 2.5586e+00	
 2.3333e+00	
 3.1046e+00	
 2.4887e+00	
 2.3647e+00	
 2.6940e+00	
 2.3938e+00	
 2.4109e+00	
 2.7909e+00	
 2.6526e+00	
 2.1328e+00	
 3.0433e+00	
 2.3012e+00	
 2.5385e+00	
 2.2150e+00	
 2.4084e+00	
 2.5462e+00	
 2.4946e+00	
 2.3404e+00	
 2.1240e+00	
 2.8526e+00	
 2.3358e+00	
 2.5121e+00	
 2.8947e+00	
 2.2019e+00	
 2.6603e+00	
 2.7083e+00	
 3.1784e+00	
 2.5539e+00	
 2.4586e+00	
 2.4027e+00	
 2.3942e+00	
 2.2550e+00	
 2.3429e+00	
 2.3712e+00	
 2.4009e+00	
 2.5398e+00	
 3.0496e+00	
 2.3244e+00	
 2.6680e+00	
 2.3382e+00	
 2.6033e+00	
 2.4839e+00	
 2.8437e+00	
 2.6533e+00	
 2.7326e+00	
 2.3937e+00	
 2.4510e+00	
 2.8597e+00	
 2.3845e+00	
 2.4736e+00	
 2.6549e+00	
 3.1235e+00	
 2.6662e+00	
 2.2468e+00	
 2.0696e+00	
 2.7100e+00	
 2.2938e+00	
 2.3777e+00	
 2.4425e+00	
 2.8359e+00	
 2.7732e+00	
 2.3942e+00	
 2.6609e+00	
 2.6710e+00	
 2.3578e+00	
 2.5437e+00	
 2.3948e+00	
 2.7243e+00	
 2.5389e+00	
 2.9827e+00	
 2.4669e+00	
 2.6669e+00	
 2.6400e+00	
 2.3714e+00	
 2.8443e+00	
 2.4634e+00	
 2.7771e+00	
 2.3117e+00	
 3.0123e+00	
 2.7758e+00	
 2.1397e+00	
 2.7778e+00	
 2.5381e+00	
 2.7307e+00	
 2.7235e+00	
 2.4710e+00	
 2.4224e+00	
 2.4932e+00	
 2.5103e+00	
 2.3078e+00	
 2.6934e+00	
 2.7246e+00	
 2.5764e+00	
 2.7405e+00	
 2.7371e+00	
 2.5693e+00	
 2.2707e+00	
 2.4774e+00	
 2.7370e+00	
 2.9366e+00	
 2.1836e+00	
 2.8118e+00	
 2.6504e+00	
 2.3179e+00	
 2.6392e+00	
 2.3073e+00	
 2.7277e+00	
 2.7857e+00	
 2.4490e+00	
 2.9375e+00	
 3.2394e+00	
 2.4722e+00	
 2.5564e+00	
 2.1997e+00	
 2.6054e+00	
 2.7521e+00	
 2.4504e+00	
 2.3547e+00	
 2.6174e+00	
 2.3730e+00	
 2.1736e+00	
 2.5505e+00	
 2.6517e+00	
 2.6850e+00	
 2.2893e+00	
 2.3339e+00	
 2.4628e+00	
 2.3194e+00	
 2.1555e+00	
 3.1046e+00	
 2.1369e+00	
 2.4832e+00	
 2.8101e+00	
 2.2652e+00	
 2.0273e+00	
 2.4977e+00	
 2.4501e+00	
 2.3320e+00	
 2.4339e+00	
 2.3262e+00	
 2.8196e+00	
 2.5850e+00	
 2.3356e+00	
 2.3109e+00	
 2.4381e+00	
 2.6547e+00	
 2.9361e+00	
 2.0244e+00	
 2.2462e+00	
 2.2597e+00	
 2.0795e+00	
 2.5101e+00	
 2.0706e+00	
 2.5573e+00	
 2.4611e+00	
 2.7165e+00	
 2.3009e+00	
 2.7227e+00	
 2.2187e+00	
 2.6333e+00	
 3.1241e+00	
 2.6104e+00	
 2.4492e+00	
 2.9165e+00	
 2.4009e+00	
 2.6901e+00	
 2.5138e+00	
 2.5209e+00	
 2.6858e+00	
 2.8632e+00	
 2.3078e+00	
 2.4070e+00	
 2.7951e+00	
 2.8010e+00	
 2.7953e+00	
 2.1968e+00	
 2.1427e+00	
 2.3643e+00	
 2.8696e+00	
 2.7849e+00	
 2.6330e+00	
 3.1337e+00	
 2.2070e+00	
 2.5630e+00	
 2.2845e+00	
 2.6732e+00	
 2.7183e+00	
 2.8772e+00	
 2.4994e+00	
 2.7827e+00	
 2.0134e+00	
 1.7736e+00	
 1.5962e+00	
 2.0527e+00	
 1.6352e+00	
 1.5623e+00	
 1.3720e+00	
 1.8649e+00	
 1.7535e+00	
 1.4570e+00	
 1.5796e+00	
 1.9358e+00	
 1.5195e+00	
 1.8576e+00	
 1.6515e+00	
 1.5728e+00	
 1.3624e+00	
 1.5138e+00	
 1.6356e+00	
 1.7438e+00	
 1.2791e+00	
 1.8045e+00	
 1.8403e+00	
 1.8290e+00	
 1.8104e+00	
 1.8497e+00	
 1.9771e+00	
 1.8481e+00	
 1.7394e+00	
 1.9367e+00	
 1.6994e+00	
 1.8069e+00	
 1.6363e+00	
 1.9503e+00	
 1.6747e+00	
 1.6723e+00	
 1.8339e+00	
 1.8571e+00	
 1.5684e+00	
 1.4600e+00	
 1.8876e+00	
 1.8374e+00	
 1.5514e+00	
 2.0327e+00	
 1.7925e+00	
 1.8528e+00	
 1.5435e+00	
 1.6241e+00	
 1.6921e+00	
 1.5926e+00	
 1.5784e+00	
 1.4038e+00	
 1.4853e+00	
 1.4219e+00	
 1.8907e+00	
 1.5105e+00	
 1.7710e+00	
 1.7253e+00	
 1.5120e+00	
 1.0446e+00	
 1.5208e+00	
 1.7719e+00	
 1.5121e+00	
 1.5397e+00	
 1.8751e+00	
 1.6985e+00	
 1.7226e+00	
 1.3528e+00	
 1.7609e+00	
 1.5251e+00	
 1.9755e+00	
 1.6633e+00	
 1.5299e+00	
 1.8379e+00	
 1.7500e+00	
 1.4837e+00	
 1.5479e+00	
 1.4335e+00	
 1.4931e+00	
 1.9278e+00	
 1.6555e+00	
 1.7935e+00	
 1.7206e+00	
 2.0173e+00	
 2.1041e+00	
 1.5908e+00	
 1.4019e+00	
 1.7861e+00	
 1.7396e+00	
 1.6644e+00	
 1.4257e+00	
 1.4776e+00	
 1.9699e+00	
 1.6551e+00	
 1.6831e+00	
 1.5408e+00	
 1.4235e+00	
 1.8472e+00	
 1.6254e+00	
 1.6577e+00	
 1.7209e+00	
 1.1837e+00	
 1.8665e+00	
 1.5789e+00	
 1.6327e+00	
 1.7619e+00	
 1.4051e+00	
 1.4801e+00	
 1.4088e+00	
 1.3727e+00	
 1.8589e+00	
 1.5786e+00	
 1.9097e+00	
 1.9772e+00	
 1.5009e+00	
 1.8999e+00	
 1.5263e+00	
 1.3938e+00	
 1.5166e+00	
 1.8465e+00	
 1.7461e+00	
 1.5967e+00	
 1.6863e+00	
 1.7246e+00	
 1.6848e+00	
 1.5308e+00	
 1.6562e+00	
 1.7498e+00	
 1.8918e+00	
 1.8953e+00	
 1.9367e+00	
 1.5582e+00	
 1.3583e+00	
 1.7967e+00	
 1.9208e+00	
 1.7679e+00	
 1.3544e+00	
 1.6475e+00	
 1.3285e+00	
 1.5021e+00	
 1.4201e+00	
 1.6894e+00	
 1.9008e+00	
 1.3595e+00	
 1.4789e+00	
 1.7369e+00	
 1.6585e+00	
 2.0190e+00	
 2.0691e+00	
 1.3633e+00	
 1.7830e+00	
 1.5473e+00	
 1.5127e+00	
 1.8514e+00	
 1.6669e+00	
 1.4895e+00	
 1.9685e+00	
 1.9497e+00	
 1.7392e+00	
 1.9422e+00	
 1.7938e+00	
 1.2779e+00	
 1.9870e+00	
 1.3998e+00	
 1.8766e+00	
 1.8492e+00	
 1.7374e+00	
 1.7012e+00	
 1.5250e+00	
 2.1100e+00	
 1.9204e+00	
 1.3309e+00	
 1.3147e+00	
 1.5435e+00	
 1.5935e+00	
 1.5246e+00	
 1.4661e+00	
 1.4847e+00	
 1.3888e+00	
 1.5629e+00	
 1.9412e+00	
 1.4021e+00	
 1.6628e+00	
 1.9392e+00	
 1.6961e+00	
 1.6031e+00	
 1.5884e+00	
 1.7415e+00	
 1.6063e+00	
 2.0355e+00	
 1.6159e+00	
 2.1249e+00	
 1.3440e+00	
 1.9358e+00	
 1.6141e+00	
 1.7720e+00	
 1.6740e+00	
 1.6112e+00	
 1.6720e+00	
 1.9229e+00	
 1.5117e+00	
 1.5999e+00	
 1.4115e+00	
 1.7542e+00	
 1.8885e+00	
 1.5588e+00	
 1.5941e+00	
 1.7619e+00	
 1.7702e+00	
 1.9116e+00	
 2.0251e+00	
 2.0238e+00	
 1.5909e+00	
 2.3597e+00	
 1.8087e+00	
 1.6560e+00	
 1.8655e+00	
 1.5029e+00	
 1.8005e+00	
 1.3309e+00	
 1.6102e+00	
 1.9468e+00	
 1.8286e+00	
 1.5611e+00	
 1.6546e+00	
 1.3961e+00	
 1.4363e+00	
 1.7569e+00	
 1.6889e+00	
 1.7974e+00	
 1.7619e+00	
 1.4632e+00	
 1.8212e+00	
 1.6837e+00	
 1.4418e+00	
 1.5716e+00	
 1.7236e+00	
 1.3655e+00	
 1.4020e+00	
 1.7625e+00	
 1.4984e+00	
 1.6914e+00	
 1.5193e+00	
 1.4617e+00	
 1.6036e+00	
 1.8881e+00	
 1.8712e+00	
 1.5621e+00	
 1.5099e+00	
 1.9741e+00	
 1.8440e+00	
 1.2231e+00	
 1.7005e+00	
 1.6903e+00	
 1.9429e+00	
 1.3376e+00	
 1.6571e+00	
 1.4461e+00	
 1.9814e+00	
 1.3224e+00	
 1.8866e+00	
 1.6023e+00	
 1.9130e+00	
 1.8061e+00	
 1.1628e+00	
 1.4074e+00	
 1.8679e+00	
 1.8323e+00	
 1.5109e+00	
 1.8649e+00	
 1.3368e+00	
 1.8859e+00	
 1.4273e+00	
 1.6012e+00	
 1.2258e+00	
 1.5956e+00	
 2.1306e+00	
 1.6147e+00	
 1.3440e+00	
 1.5430e+00	
 1.5780e+00	
 1.3804e+00	
 1.8054e+00	
 1.9833e+00	
 1.6384e+00	
 1.5469e+00	
 1.9062e+00	
 1.5280e+00	
 1.5820e+00	
 1.7739e+00	
 1.5037e+00	
 1.5225e+00	
 1.6599e+00	
 1.5321e+00	
 2.1134e+00	
 1.9143e+00	
 1.4978e+00	
 1.6281e+00	
 1.5310e+00	
 1.5314e+00	
 1.7783e+00	
 1.7554e+00	
 1.4561e+00	
 1.8128e+00	
 1.3708e+00	
 1.6742e+00	
 1.6667e+00	
 1.9473e+00	
 1.8875e+00	
 1.9822e+00	
 1.3342e+00	
 1.5061e+00	
 1.6683e+00	
 1.7286e+00	
 1.8240e+00	
 2.0165e+00	
 1.9604e+00	
 1.5490e+00	
 1.7137e+00	
 1.6389e+00	
 1.7791e+00	
 1.5259e+00	
 1.6172e+00	
 1.5631e+00	
 1.3713e+00	
 1.3953e+00	
 1.8119e+00	
 1.3974e+00	
 1.7853e+00	
 1.8347e+00	
 1.9928e+00	
 1.8117e+00	
 1.8565e+00	
 1.7603e+00	
 1.6068e+00	
 1.5964e+00	
 1.7524e+00	
 1.6722e+00	
 1.7237e+00	
 1.5961e+00	
 1.9834e+00	
 1.6534e+00	
 1.4043e+00	
 1.5928e+00	
 1.5378e+00	
 1.9210e+00	
 1.8295e+00	
 1.7270e+00	
 1.6688e+00	
 1.8361e+00	
 1.3186e+00	
 1.7971e+00	
 1.3024e+00	
 1.5887e+00	
 1.8575e+00	
 1.3682e+00	
 1.6627e+00	
 2.0657e+00	
 1.7188e+00	
 1.6128e+00	
 1.7772e+00	
 1.9032e+00	
 1.5842e+00	
 1.5480e+00	
 1.6265e+00	
 2.2128e+00	
 1.3998e+00	
 1.9167e+00	
 1.7876e+00	
 1.7452e+00	
 1.7320e+00	
 1.4950e+00	
 1.8030e+00	
 1.9021e+00	
 2.0717e+00	
 1.6545e+00	
 1.7826e+00	
 1.6228e+00	
 1.7362e+00	
 1.2275e+00	
 1.7834e+00	
 1.6450e+00	
 1.4182e+00	
 1.4339e+00	
 1.6454e+00	
 1.4529e+00	
 1.6968e+00	
 1.3110e+00	
 1.6110e+00	
 1.8510e+00	
 1.6896e+00	
 1.9045e+00	
 1.3673e+00	
 1.3563e+00	
 1.6196e+00	
 2.2295e+00	
 1.5313e+00	
 1.6960e+00	
 1.5513e+00	
 1.8817e+00	
 1.5344e+00	
 2.0038e+00	
 1.3009e+00	
 1.4395e+00	
 2.1069e+00	
 1.6562e+00	
 1.7607e+00	
 1.9758e+00	
 1.8435e+00	
 1.9103e+00	
 1.5965e+00	
 2.0371e+00	
 1.6169e+00	
 1.7175e+00	
 1.1304e+00	
 1.7714e+00	
 1.6146e+00	
 1.5034e+00	
 1.5693e+00	
 1.8784e+00	
 2.1362e+00	
 1.6302e+00	
 1.3325e+00	
 1.6280e+00	
 1.8991e+00	
 1.5636e+00	
 2.0117e+00	
 1.4415e+00	
 1.6930e+00	
 1.5941e+00	
 1.6752e+00	
 1.8176e+00	
 1.8962e+00	
 2.0111e+00	
 1.4523e+00	
 2.1345e+00	
 1.8095e+00	
 1.6012e+00	
 1.8246e+00	
 1.6082e+00	
 1.6981e+00	
 1.5815e+00	
 1.7826e+00	
 1.7945e+00	
 1.7089e+00	
 1.6055e+00	
 1.7827e+00	
 1.5479e+00	
 1.7447e+00	
 1.4550e+00	
 1.9695e+00	
 1.5449e+00	
 1.8926e+00	
 1.7001e+00	
 1.8430e+00	
 1.8407e+00	
 1.9216e+00	
 1.7415e+00	
 1.4164e+00	
 1.6312e+00	
 1.5866e+00	
 1.7677e+00	
 2.1346e+00	
 1.7223e+00	
 2.0069e+00	
 1.6115e+00	
 1.7059e+00	
 1.5073e+00	
 1.6542e+00	
 1.8558e+00	
 1.9667e+00	
 1.7242e+00	
 2.0887e+00	
 1.6069e+00	
 1.8609e+00	
 1.8517e+00	
 2.0499e+00	
 1.7031e+00	
 1.8694e+00	
 1.5274e+00	
 1.8038e+00	
 1.5534e+00	
 1.8548e+00	
 1.5226e+00	
 1.7883e+00	
 1.8252e+00	
 2.0187e+00	
 1.5132e+00	
 1.5746e+00	
 1.3197e+00	
 1.8247e+00	
 1.9364e+00	
 1.7669e+00	
 1.6361e+00	
 2.0258e+00	
 1.6150e+00	
 2.0625e+00	
 1.6733e+00	
 1.3852e+00	
 1.3037e+00	
 1.6220e+00	
 2.1430e+00	
 1.5169e+00	
 1.6333e+00	
 1.1564e+00	
 1.6294e+00	
 1.6815e+00	
 1.7332e+00	
 1.5966e+00	
 2.1024e+00	
 1.6035e+00	
 1.6419e+00	
 1.2308e+00	
 1.4302e+00	
 1.9339e+00	
 1.8870e+00	
 1.7063e+00	
 1.4799e+00	
 1.4760e+00	
 1.8688e+00	
 1.8491e+00	
 1.6933e+00	
 1.5841e+00	
 1.5154e+00	
 1.5386e+00	
 1.9414e+00	
 1.3749e+00	
 1.8275e+00	
 1.4023e+00	
 1.7661e+00	
 2.0206e+00	
 2.0460e+00	
 1.6836e+00	
 1.8715e+00	
 1.4132e+00	
 1.6496e+00	
 1.3873e+00	
 1.6826e+00	
 1.6543e+00	
 1.5659e+00	
 1.7018e+00	
 1.7702e+00	
 1.6024e+00	
 1.6087e+00	
 1.8706e+00	
 2.0539e+00	
 1.4526e+00	
 1.8050e+00	
 1.7652e+00	
 1.6483e+00	
 1.4710e+00	
 1.5704e+00	
 1.6605e+00	
 1.4911e+00	
 2.0443e+00	
 1.4808e+00	
 2.1221e+00	
 1.3093e+00	
 1.6051e+00	
 1.9879e+00	
 1.2168e+00	
 1.5830e+00	
 1.5194e+00	
 1.6087e+00	
 2.0084e+00	
 1.6196e+00	
 1.4341e+00	
 1.8446e+00	
 1.6151e+00	
 1.8557e+00	
 1.9216e+00	
 1.7610e+00	
 1.5867e+00	
 1.6572e+00	
 2.0137e+00	
 1.9026e+00	
 1.7953e+00	
 1.4357e+00	
 1.7211e+00	
 1.8046e+00	
 1.8254e+00	
 1.8300e+00	
 2.2264e+00	
 2.0034e+00	
 1.6165e+00	
 1.5716e+00	
 1.9199e+00	
 1.8972e+00	
 1.5001e+00	
 1.8831e+00	
 1.8313e+00	
 1.7344e+00	
 1.9206e+00	
 1.8724e+00	
 1.5002e+00	
 1.6043e+00	
 1.4391e+00	
 1.2417e+00	
 1.7621e+00	
 1.6593e+00	
 1.6360e+00	
 1.7022e+00	
 1.7617e+00	
 1.7739e+00	
 1.9205e+00	
 1.6735e+00	
 1.6429e+00	
 1.5799e+00	
 1.3556e+00	
 1.4457e+00	
 2.2720e+00	
 1.7061e+00	
 1.8622e+00	
 1.3555e+00	
 1.4857e+00	
 1.8773e+00	
 1.6155e+00	
 1.8101e+00	
 1.8322e+00	
 1.7664e+00	
 1.8074e+00	
 1.7971e+00	
 2.2206e+00	
 1.6857e+00	
 1.9150e+00	
 1.7941e+00	
 1.5584e+00	
 1.8430e+00	
 1.8495e+00	
 1.9310e+00	
 1.8071e+00	
 1.3924e+00	
 1.5075e+00	
 1.4961e+00	
 1.8480e+00	
 1.6479e+00	
 1.7396e+00	
 1.7207e+00	
 1.6079e+00	
 2.0136e+00	
 2.1240e+00	
 1.5067e+00	
 1.5613e+00	
 1.9282e+00	
 1.9773e+00	
 2.1073e+00	
 1.5817e+00	
 1.8460e+00	
 1.5987e+00	
 1.7276e+00	
 1.5834e+00	
 1.9479e+00	
 1.9175e+00	
 1.8505e+00	
 2.0890e+00	
 1.1634e+00	
 1.5850e+00	
 2.2385e+00	
 1.7831e+00	
 1.8253e+00	
 1.3241e+00	
 1.5260e+00	
 1.7126e+00	
 2.0970e+00	
 1.8123e+00	
 1.7796e+00	
 1.4868e+00	
 1.5293e+00	
 1.7173e+00	
 1.4675e+00	
 1.8750e+00	
 1.6022e+00	
 1.5269e+00	
 1.7923e+00	
 2.1382e+00	
 1.4233e+00	
 1.6318e+00	
 1.8824e+00	
 1.4331e+00	
 1.6134e+00	
 1.8645e+00	
 1.5959e+00	
 1.7608e+00	
 1.5112e+00	
 1.5605e+00	
 1.9419e+00	
 1.8153e+00	
 1.5753e+00	
 1.4684e+00	
 1.5901e+00	
 1.6993e+00	
 1.5922e+00	
 1.5917e+00	
 1.5159e+00	
 1.5576e+00	
 1.6969e+00	
 1.7270e+00	
 1.7776e+00	
 1.5072e+00	
 1.3031e+00	
 1.4925e+00	
 2.0109e+00	
 1.5778e+00	
 1.8526e+00	
 1.3112e+00	
 1.8388e+00	
 1.8493e+00	
 1.7681e+00	
 1.5395e+00	
 1.7475e+00	
 1.6210e+00	
 1.5921e+00	
 1.5884e+00	
 1.5837e+00	
 1.7856e+00	
 1.8236e+00	
 1.8361e+00	
 1.7344e+00	
 2.1140e+00	
 1.6200e+00	
 1.6579e+00	
 1.7990e+00	
 1.5036e+00	
 2.0354e+00	
 1.9290e+00	
 1.5386e+00	
 1.4172e+00	
 1.8151e+00	
 1.7318e+00	
 1.6192e+00	
 2.0348e+00	
 1.7064e+00	
 1.7163e+00	
 1.5238e+00	
 1.7430e+00	
 2.2391e+00	
 2.0527e+00	
 2.0533e+00	
 1.8086e+00	
 1.4383e+00	
 1.5396e+00	
 2.2498e+00	
 1.5875e+00	
 1.6652e+00	
 1.6428e+00	
 1.7085e+00	
 1.6112e+00	
 1.6949e+00	
 1.6211e+00	
 1.6019e+00	
 1.7413e+00	
 1.6711e+00	
 2.0016e+00	
 1.3078e+00	
 1.5613e+00	
 1.9006e+00	
 1.9903e+00	
 1.7587e+00	
 1.6274e+00	
 2.0039e+00	
 2.0617e+00	
 1.9102e+00	
 1.5275e+00	
 1.8597e+00	
 1.4447e+00	
 2.1263e+00	
 1.6750e+00	
 1.7147e+00	
 2.2328e+00	
 1.7355e+00	
 1.8823e+00	
 1.6699e+00	
 2.1798e+00	
 1.9296e+00	
 1.5391e+00	
 1.6731e+00	
 1.5470e+00	
 1.9187e+00	
 1.6227e+00	
 1.9468e+00	
 1.5526e+00	
 1.1855e+00	
 1.8006e+00	
 1.7072e+00	
 1.3504e+00	
 1.6390e+00	
 1.8762e+00	
 1.7332e+00	
 1.7260e+00	
 1.3720e+00	
 1.6180e+00	
 1.8624e+00	
 1.4864e+00	
 1.7372e+00	
 1.9927e+00	
 1.4652e+00	
 1.6163e+00	
 1.8335e+00	
 1.7024e+00	
 1.7086e+00	
 1.4876e+00	
 2.2137e+00	
 1.7896e+00	
 1.6219e+00	
 1.9948e+00	
 2.0609e+00	
 1.5827e+00	
 1.2738e+00	
 1.5790e+00	
 1.6407e+00	
 1.6547e+00	
 1.5622e+00	
 1.9843e+00	
 1.6722e+00	
 2.3572e+00	
 1.6064e+00	
 1.9403e+00	
 1.7221e+00	
 1.6354e+00	
 1.7054e+00	
 1.5854e+00	
 2.2096e+00	
 1.8970e+00	
 2.0234e+00	
 1.7081e+00	
 1.7240e+00	
 2.1100e+00	
 1.9080e+00	
 1.4293e+00	
 1.6094e+00	
 1.7575e+00	
 2.0979e+00	
 1.7105e+00	
 1.3632e+00	
 1.5562e+00	
 1.6070e+00	
 1.7381e+00	
 1.9189e+00	
 1.6756e+00	
 1.2725e+00	
 1.9329e+00	
 1.6423e+00	
 1.8788e+00	
 1.6427e+00	
 1.8577e+00	
 1.6879e+00	
 2.2932e+00	
 1.6478e+00	
 1.9555e+00	
 1.9543e+00	
 1.8383e+00	
 1.8701e+00	
 2.2332e+00	
 1.7751e+00	
 1.7006e+00	
 1.7666e+00	
 1.9574e+00	
 1.8823e+00	
 1.9998e+00	
 1.9070e+00	
 1.8859e+00	
 1.6990e+00	
 1.5020e+00	
 1.5848e+00	
 1.3731e+00	
 1.7648e+00	
 1.7712e+00	
 1.9207e+00	
 1.9172e+00	
 1.8062e+00	
 1.3426e+00	
 1.6244e+00	
 1.7844e+00	
 1.8174e+00	
 1.4269e+00	
 1.5887e+00	
 1.5421e+00	
 1.5842e+00	
 1.8491e+00	
 1.8230e+00	
 1.5865e+00	
 1.5666e+00	
 1.4603e+00	
 1.8264e+00	
 1.8601e+00	
 1.3684e+00	
 2.2151e+00	
 1.7443e+00	
 1.5750e+00	
 1.8468e+00	
 1.5504e+00	
 1.6466e+00	
 1.7725e+00	
 1.7969e+00	
 1.6443e+00	
 1.7814e+00	
 1.5194e+00	
 2.1151e+00	
 2.0157e+00	
 1.8344e+00	
 1.4112e+00	
 1.8505e+00	
 1.5345e+00	
 1.5760e+00	
 1.6410e+00	
 1.3826e+00	
 1.7286e+00	
 1.6639e+00	
 1.5850e+00	
 1.6270e+00	
 1.3595e+00	
 1.8040e+00	
 1.7893e+00	
 1.6478e+00	
 1.7806e+00	
 1.7155e+00	
 1.9265e+00	
 1.6983e+00	
 1.7342e+00	
 1.7509e+00	
 1.9474e+00	
 1.9367e+00	
 2.0075e+00	
 1.2507e+00	
 1.6855e+00	
 1.5889e+00	
 1.8578e+00	
 1.6159e+00	
 1.6626e+00	
 1.7050e+00	
 1.8775e+00	
 1.9927e+00	
 1.6748e+00	
 1.6160e+00	
 1.5827e+00	
 2.0025e+00	
 1.6393e+00	
 2.2030e+00	
 1.9326e+00	
 2.1557e+00	
 1.9981e+00	
 1.6522e+00	
 2.0174e+00	
 1.7798e+00	
 2.2324e+00	
 1.6205e+00	
 2.0620e+00	
 1.8086e+00	
 1.7476e+00	
 1.8901e+00	
 1.8015e+00	
 1.9029e+00	
 1.5461e+00	
 1.6320e+00	
 1.4059e+00	
 1.9827e+00	
 1.7616e+00	
 2.0598e+00	
 1.5656e+00	
 1.6568e+00	
 1.5954e+00	
 1.6683e+00	
 1.6374e+00	
 1.9931e+00	
 1.6546e+00	
 1.8924e+00	
 1.6776e+00	
 1.9886e+00	
 2.2157e+00	
 1.8034e+00	
 1.8292e+00	
 2.0306e+00	
 1.8069e+00	
 1.9211e+00	
 1.4866e+00	
 1.7054e+00	
 1.6698e+00	
 1.7897e+00	
 1.2815e+00	
 1.8058e+00	
 1.8916e+00	
 2.3906e+00	
 2.0355e+00	
 1.6034e+00	
 1.5784e+00	
 1.8094e+00	
 1.8501e+00	
 1.9365e+00	
 1.6300e+00	
 1.9162e+00	
 1.6592e+00	
 1.9370e+00	
 2.0407e+00	
 2.0471e+00	
 2.1657e+00	
 1.9392e+00	
 1.9662e+00	
 2.0884e+00	
 1.7794e+00	
 1.6789e+00	
 1.9351e+00	
 2.1304e+00	
 1.6674e+00	
 1.9556e+00	
 1.3924e+00	
 1.5073e+00	
 2.0853e+00	
 2.1625e+00	
 1.6930e+00	
 1.4457e+00	
 2.0128e+00	
 1.6976e+00	
 1.7093e+00	
 2.0887e+00	
 1.6267e+00	
 1.4378e+00	
 1.8774e+00	
 2.0436e+00	
 1.4371e+00	
 1.5949e+00	
 1.8247e+00	
 1.5436e+00	
 2.4411e+00	
 1.8130e+00	
 1.8316e+00	
 1.8069e+00	
 1.4723e+00	
 1.8361e+00	
 1.5599e+00	
 1.7463e+00	
 1.6135e+00	
 1.5169e+00	
 1.8870e+00	
 1.8706e+00	
 1.9498e+00	
 1.8144e+00	
 1.8762e+00	
 1.8803e+00	
 1.4649e+00	
 1.5458e+00	
 1.7079e+00	
 1.4728e+00	
 1.7327e+00	
 1.8451e+00	
 1.3325e+00	
 1.7992e+00	
 1.5770e+00	
 1.5880e+00	
 2.3586e+00	
 1.9320e+00	
 1.8974e+00	
 1.6925e+00	
 1.4811e+00	
 2.1899e+00	
 2.1240e+00	
 2.2447e+00	
 2.0559e+00	
 1.6292e+00	
 1.9494e+00	
 1.5717e+00	
 1.9259e+00	
 1.6525e+00	
 1.6501e+00	
 2.3181e+00	
 1.6078e+00	
 1.8009e+00	
 1.7792e+00	
 2.1407e+00	
 2.0147e+00	
 1.7075e+00	
 1.8731e+00	
 1.3716e+00	
 1.8639e+00	
 2.0238e+00	
 1.8817e+00	
 1.3625e+00	
 1.6862e+00	
 1.6808e+00	
 1.9694e+00	
 1.6756e+00	
 1.6926e+00	
 1.7449e+00	
 1.5812e+00	
 1.7806e+00	
 1.7883e+00	
 1.7344e+00	
 1.9211e+00	
 1.8469e+00	
 1.4977e+00	
 1.7834e+00	
 2.0642e+00	
 1.7938e+00	
 1.8889e+00	
 1.8661e+00	
 2.1989e+00	
 2.3189e+00	
 1.6509e+00	
 1.6250e+00	
 1.8853e+00	
 1.8469e+00	
 1.9395e+00	
 1.7675e+00	
 1.7765e+00	
 1.9360e+00	
 1.4458e+00	
 1.3379e+00	
 1.8414e+00	
 1.5639e+00	
 2.2226e+00	
 2.2561e+00	
 2.0876e+00	
 1.6693e+00	
 1.3943e+00	
 1.6931e+00	
 1.9271e+00	
 1.9532e+00	
 1.3963e+00	
 1.8634e+00	
 1.8575e+00	
 1.7624e+00	
 2.3535e+00	
 1.1989e+00	
 1.8691e+00	
 1.7160e+00	
 1.4487e+00	
 1.3162e+00	
 1.7770e+00	
 1.9768e+00	
 1.3987e+00	
 1.6446e+00	
 1.9863e+00	
 1.8874e+00	
 2.0188e+00	
 1.8677e+00	
 1.6124e+00	
 1.6739e+00	
 1.6495e+00	
 2.0331e+00	
 1.6125e+00	
 1.8831e+00	
 1.4615e+00	
 1.9882e+00	
 1.5426e+00	
 1.6672e+00	
 1.6862e+00	
 1.7551e+00	
 1.4575e+00	
 2.0161e+00	
 1.7381e+00	
 1.3210e+00	
 1.6220e+00	
 1.7600e+00	
 1.7126e+00	
 1.4753e+00	
 1.7866e+00	
 2.0221e+00	
 1.9836e+00	
 1.6004e+00	
 1.6328e+00	
 1.4742e+00	
 1.9104e+00	
 1.7849e+00	
 2.0077e+00	
 1.3756e+00	
 1.6247e+00	
 1.7251e+00	
 2.0727e+00	
 1.9198e+00	
 1.7605e+00	
 1.4604e+00	
 1.4383e+00	
 1.9728e+00	
 1.7896e+00	
 1.6411e+00	
 2.1537e+00	
 1.9448e+00	
 1.6630e+00	
 1.4953e+00	
 2.0987e+00	
 2.2771e+00	
 1.5364e+00	
 1.7688e+00	
 1.5613e+00	
 1.7790e+00	
 1.8030e+00	
 1.8600e+00	
 1.6825e+00	
 2.0134e+00	
 1.8747e+00	
 2.3412e+00	
 1.7574e+00	
 1.8559e+00	
 2.0321e+00	
 2.1703e+00	
 1.6657e+00	
 1.7131e+00	
 1.7087e+00	
 1.5119e+00	
 1.3273e+00	
 2.0528e+00	
 1.8926e+00	
 1.9071e+00	
 1.8515e+00	
 1.3315e+00	
 1.7366e+00	
 1.6694e+00	
 7.1429e-01	
 8.0004e-01	
 7.9268e-01	
 8.6252e-01	
 7.0481e-01	
 1.0424e+00	
 1.0298e+00	
 6.2581e-01	
 6.3021e-01	
 6.6629e-01	
 4.9668e-01	
 4.7283e-01	
 8.0839e-01	
 6.9798e-01	
 7.7282e-01	
 6.6075e-01	
 7.4638e-01	
 4.0669e-01	
 1.0583e+00	
 5.9860e-01	
 6.8487e-01	
 8.1430e-01	
 8.2409e-01	
 7.2067e-01	
 7.0468e-01	
 6.3068e-01	
 6.4788e-01	
 5.1421e-01	
 8.9341e-01	
 8.1717e-01	
 6.4830e-01	
 7.3730e-01	
 5.2903e-01	
 9.6811e-01	
 4.6966e-01	
 7.8815e-01	
 6.7839e-01	
 6.6752e-01	
 7.3042e-01	
 5.5766e-01	
 8.4916e-01	
 7.5396e-01	
 6.4267e-01	
 7.5504e-01	
 9.0391e-01	
 9.1574e-01	
 9.6316e-01	
 5.8660e-01	
 8.3548e-01	
 7.6929e-01	
 8.1567e-01	
 4.3855e-01	
 8.9704e-01	
 7.1283e-01	
 9.2893e-01	
 6.8596e-01	
 5.6230e-01	
 9.3661e-01	
 8.7467e-01	
 7.0829e-01	
 6.4044e-01	
 9.1862e-01	
 6.5074e-01	
 5.5975e-01	
 6.6571e-01	
 6.3944e-01	
 7.8941e-01	
 9.1973e-01	
 8.1217e-01	
 1.0519e+00	
 8.6214e-01	
 7.6285e-01	
 8.8694e-01	
 9.1914e-01	
 5.5977e-01	
 8.5558e-01	
 8.1730e-01	
 5.7368e-01	
 1.0765e+00	
 5.0155e-01	
 6.1842e-01	
 6.0630e-01	
 6.9413e-01	
 5.1248e-01	
 8.3489e-01	
 6.0326e-01	
 5.3797e-01	
 6.7759e-01	
 7.2936e-01	
 8.3574e-01	
 8.0024e-01	
 6.3039e-01	
 5.0285e-01	
 9.1391e-01	
 6.6944e-01	
 5.7278e-01	
 5.5895e-01	
 8.1658e-01	
 6.3908e-01	
 8.1952e-01	
 7.8006e-01	
 8.1252e-01	
 8.7501e-01	
 7.9234e-01	
 5.7114e-01	
 5.2381e-01	
 5.1481e-01	
 6.6851e-01	
 5.8915e-01	
 7.1902e-01	
 6.5693e-01	
 8.3845e-01	
 7.7319e-01	
 8.8688e-01	
 7.1421e-01	
 8.3543e-01	
 4.8233e-01	
 7.2425e-01	
 9.0757e-01	
 6.5268e-01	
 5.8882e-01	
 1.1249e+00	
 1.0934e+00	
 9.5997e-01	
 9.4381e-01	
 7.5686e-01	
 7.1307e-01	
 6.4810e-01	
 4.8351e-01	
 8.8837e-01	
 5.8756e-01	
 6.5448e-01	
 6.0327e-01	
 6.9743e-01	
 7.2213e-01	
 7.2297e-01	
 6.7373e-01	
 7.7014e-01	
 6.9305e-01	
 7.0609e-01	
 6.0037e-01	
 7.9186e-01	
 1.0340e+00	
 6.7104e-01	
 6.0368e-01	
 7.1523e-01	
 7.4038e-01	
 9.1291e-01	
 5.9024e-01	
 5.4852e-01	
 7.2990e-01	
 6.7900e-01	
 5.3205e-01	
 7.6248e-01	
 9.9687e-01	
 8.8684e-01	
 6.7893e-01	
 6.0655e-01	
 6.1825e-01	
 6.6636e-01	
 5.6273e-01	
 9.9429e-01	
 6.2993e-01	
 9.4467e-01	
 8.8049e-01	
 8.2514e-01	
 7.4228e-01	
 5.6674e-01	
 6.8993e-01	
 5.3317e-01	
 6.7834e-01	
 8.3789e-01	
 7.1467e-01	
 7.6993e-01	
 1.0048e+00	
 6.3805e-01	
 8.3256e-01	
 6.0154e-01	
 7.8703e-01	
 7.6692e-01	
 4.8793e-01	
 5.9742e-01	
 5.3457e-01	
 8.1214e-01	
 5.7510e-01	
 7.6093e-01	
 6.9855e-01	
 7.7432e-01	
 7.3361e-01	
 5.8695e-01	
 6.9749e-01	
 6.1919e-01	
 5.7460e-01	
 6.9543e-01	
 6.7461e-01	
 7.0291e-01	
 6.3152e-01	
 8.5293e-01	
 8.1795e-01	
 8.0704e-01	
 6.2426e-01	
 6.2204e-01	
 8.1565e-01	
 6.9718e-01	
 6.9942e-01	
 5.4548e-01	
 6.7649e-01	
 9.6346e-01	
 8.0511e-01	
 6.8128e-01	
 1.2388e+00	
 8.1675e-01	
 3.8754e-01	
 8.9161e-01	
 9.6338e-01	
 5.4304e-01	
 6.1961e-01	
 7.2456e-01	
 7.3064e-01	
 6.0036e-01	
 6.9962e-01	
 4.2476e-01	
 9.5408e-01	
 8.1183e-01	
 6.2506e-01	
 5.4706e-01	
 5.2250e-01	
 5.7725e-01	
 7.4694e-01	
 6.3057e-01	
 7.5912e-01	
 6.6127e-01	
 6.5030e-01	
 8.7988e-01	
 7.3485e-01	
 5.8923e-01	
 6.7096e-01	
 7.5076e-01	
 6.3124e-01	
 1.0211e+00	
 6.4578e-01	
 7.8436e-01	
 6.3861e-01	
 5.9453e-01	
 7.7734e-01	
 5.9100e-01	
 5.5272e-01	
 6.5488e-01	
 1.1309e+00	
 7.0195e-01	
 1.0069e+00	
 9.0594e-01	
 6.9461e-01	
 8.4775e-01	
 6.6619e-01	
 7.6273e-01	
 8.6559e-01	
 1.0087e+00	
 8.7648e-01	
 6.8904e-01	
 8.3924e-01	
 8.1530e-01	
 8.1496e-01	
 6.2725e-01	
 6.9168e-01	
 8.3954e-01	
 5.3849e-01	
 7.2587e-01	
 6.2389e-01	
 5.6406e-01	
 8.2060e-01	
 5.4377e-01	
 7.3466e-01	
 7.8390e-01	
 7.6711e-01	
 9.1701e-01	
 7.8190e-01	
 7.0380e-01	
 5.4644e-01	
 6.3056e-01	
 7.0916e-01	
 6.7520e-01	
 5.2577e-01	
 8.0696e-01	
 6.8754e-01	
 5.0914e-01	
 8.9187e-01	
 6.9323e-01	
 5.4813e-01	
 6.1719e-01	
 8.6909e-01	
 6.6405e-01	
 7.8285e-01	
 8.9902e-01	
 6.7173e-01	
 5.6031e-01	
 6.8115e-01	
 7.5365e-01	
 5.1431e-01	
 8.6831e-01	
 7.7907e-01	
 8.0320e-01	
 9.6479e-01	
 6.9653e-01	
 7.5193e-01	
 6.0073e-01	
 8.0917e-01	
 6.1785e-01	
 1.1501e+00	
 7.6972e-01	
 4.7639e-01	
 5.4011e-01	
 6.5579e-01	
 1.1950e+00	
 6.2604e-01	
 6.7390e-01	
 5.0758e-01	
 6.1581e-01	
 6.1595e-01	
 6.4622e-01	
 5.5406e-01	
 8.3739e-01	
 4.4396e-01	
 8.2054e-01	
 6.4317e-01	
 5.2971e-01	
 5.5158e-01	
 8.3098e-01	
 8.9989e-01	
 4.9360e-01	
 7.2723e-01	
 6.4631e-01	
 1.0306e+00	
 4.5322e-01	
 8.4048e-01	
 8.2623e-01	
 6.0542e-01	
 8.4665e-01	
 4.5695e-01	
 1.0489e+00	
 9.0110e-01	
 6.3847e-01	
 7.1604e-01	
 8.3887e-01	
 8.7420e-01	
 5.0154e-01	
 8.3834e-01	
 5.3542e-01	
 6.8620e-01	
 4.8271e-01	
 9.6748e-01	
 9.3642e-01	
 5.5115e-01	
 9.4978e-01	
 6.2555e-01	
 3.7825e-01	
 6.4882e-01	
 9.1330e-01	
 6.6595e-01	
 6.1520e-01	
 7.4966e-01	
 9.4255e-01	
 9.6955e-01	
 5.5992e-01	
 6.2028e-01	
 8.4656e-01	
 7.9151e-01	
 5.2065e-01	
 6.0314e-01	
 6.0976e-01	
 6.7783e-01	
 7.0665e-01	
 1.0626e+00	
 8.9064e-01	
 5.7253e-01	
 5.6213e-01	
 6.8692e-01	
 8.1629e-01	
 1.0776e+00	
 8.9359e-01	
 8.4264e-01	
 6.6831e-01	
 7.3131e-01	
 7.6081e-01	
 7.4049e-01	
 6.6094e-01	
 5.3201e-01	
 7.7098e-01	
 7.4799e-01	
 4.7005e-01	
 5.7603e-01	
 8.6407e-01	
 5.4710e-01	
 8.2743e-01	
 8.6811e-01	
 9.0513e-01	
 6.8263e-01	
 8.5027e-01	
 9.5732e-01	
 1.0491e+00	
 7.7349e-01	
 8.7179e-01	
 8.2171e-01	
 6.0659e-01	
 6.5424e-01	
 7.6746e-01	
 5.1061e-01	
 8.2893e-01	
 6.8558e-01	
 6.5046e-01	
 6.7752e-01	
 4.0435e-01	
 8.5775e-01	
 8.5582e-01	
 5.8780e-01	
 7.9024e-01	
 9.5696e-01	
 8.0906e-01	
 8.8000e-01	
 1.1233e+00	
 6.5415e-01	
 5.8944e-01	
 7.9685e-01	
 8.3864e-01	
 7.0531e-01	
 9.3277e-01	
 6.1466e-01	
 6.0512e-01	
 5.0225e-01	
 6.5881e-01	
 7.1414e-01	
 5.4219e-01	
 8.4823e-01	
 8.7457e-01	
 9.8108e-01	
 4.3660e-01	
 8.7709e-01	
 1.0852e+00	
 6.4031e-01	
 7.2838e-01	
 5.9568e-01	
 9.4805e-01	
 7.5945e-01	
 1.0039e+00	
 8.7069e-01	
 5.7750e-01	
 8.0597e-01	
 7.3588e-01	
 1.0776e+00	
 7.3808e-01	
 7.2726e-01	
 9.8258e-01	
 7.5636e-01	
 4.9306e-01	
 1.0115e+00	
 6.6300e-01	
 6.4241e-01	
 6.3880e-01	
 5.6763e-01	
 7.8274e-01	
 6.6881e-01	
 8.3903e-01	
 3.9166e-01	
 8.2133e-01	
 6.7412e-01	
 6.6408e-01	
 7.7820e-01	
 6.3653e-01	
 1.0646e+00	
 6.9609e-01	
 5.0986e-01	
 8.2771e-01	
 7.8824e-01	
 6.1552e-01	
 1.1092e+00	
 6.8395e-01	
 7.3368e-01	
 5.5329e-01	
 1.0941e+00	
 8.1415e-01	
 7.9608e-01	
 5.0356e-01	
 6.7694e-01	
 6.0471e-01	
 6.0981e-01	
 7.9962e-01	
 8.4862e-01	
 7.7152e-01	
 8.7402e-01	
 6.9395e-01	
 4.5375e-01	
 7.0635e-01	
 6.7647e-01	
 9.2783e-01	
 7.2066e-01	
 6.7106e-01	
 6.8806e-01	
 9.9395e-01	
 5.5232e-01	
 1.0943e+00	
 9.7782e-01	
 7.2447e-01	
 8.7628e-01	
 6.1779e-01	
 5.6736e-01	
 8.8060e-01	
 7.6447e-01	
 9.3455e-01	
 7.9315e-01	
 5.0114e-01	
 7.9502e-01	
 7.1920e-01	
 8.3985e-01	
 7.7352e-01	
 5.4137e-01	
 8.2946e-01	
 6.6740e-01	
 7.6053e-01	
 8.6094e-01	
 1.1029e+00	
 9.1421e-01	
 7.4686e-01	
 7.4200e-01	
 6.0233e-01	
 1.0924e+00	
 5.4952e-01	
 7.1005e-01	
 6.5995e-01	
 7.1505e-01	
 6.9255e-01	
 1.0840e+00	
 3.8999e-01	
 7.5385e-01	
 5.9972e-01	
 8.8672e-01	
 9.0032e-01	
 1.1354e+00	
 7.8058e-01	
 8.4648e-01	
 9.1195e-01	
 7.0802e-01	
 8.1989e-01	
 1.0765e+00	
 6.3926e-01	
 1.1759e+00	
 1.0504e+00	
 9.6421e-01	
 5.7577e-01	
 6.1247e-01	
 7.4760e-01	
 8.4666e-01	
 6.8989e-01	
 7.0127e-01	
 6.7542e-01	
 8.5884e-01	
 6.7730e-01	
 5.3599e-01	
 6.4591e-01	
 6.5567e-01	
 6.1405e-01	
 9.9856e-01	
 6.1656e-01	
 7.0825e-01	
 5.8414e-01	
 7.4075e-01	
 6.9739e-01	
 9.0573e-01	
 9.8863e-01	
 1.0279e+00	
 6.8758e-01	
 9.6409e-01	
 6.2668e-01	
 7.1868e-01	
 6.2369e-01	
 6.1592e-01	
 9.6460e-01	
 6.5714e-01	
 7.0551e-01	
 6.5962e-01	
 4.5687e-01	
 8.5364e-01	
 7.2347e-01	
 8.7562e-01	
 8.3384e-01	
 8.1585e-01	
 9.6937e-01	
 1.0381e+00	
 6.2885e-01	
 7.7340e-01	
 5.9143e-01	
 4.7362e-01	
 8.3776e-01	
 8.1188e-01	
 7.4156e-01	
 5.1512e-01	
 7.6739e-01	
 6.9092e-01	
 6.6545e-01	
 6.3748e-01	
 8.1534e-01	
 4.5224e-01	
 7.2018e-01	
 6.7368e-01	
 1.0632e+00	
 7.0317e-01	
 1.0954e+00	
 9.2015e-01	
 8.5433e-01	
 6.2350e-01	
 6.2855e-01	
 7.0371e-01	
 4.5076e-01	
 7.0843e-01	
 8.9467e-01	
 8.6474e-01	
 6.7810e-01	
 7.3525e-01	
 8.3062e-01	
 5.6419e-01	
 8.3318e-01	
 6.5865e-01	
 7.3976e-01	
 7.1044e-01	
 1.2736e+00	
 7.5111e-01	
 5.7642e-01	
 9.6097e-01	
 8.5701e-01	
 6.6558e-01	
 7.0030e-01	
 9.8066e-01	
 9.4406e-01	
 6.1491e-01	
 8.5945e-01	
 7.9069e-01	
 6.3688e-01	
 9.0334e-01	
 1.0129e+00	
 4.2788e-01	
 8.3684e-01	
 7.5388e-01	
 6.8914e-01	
 8.7321e-01	
 6.5083e-01	
 6.6365e-01	
 7.5557e-01	
 4.9507e-01	
 6.6434e-01	
 5.8264e-01	
 7.9377e-01	
 8.4955e-01	
 9.3550e-01	
 7.9454e-01	
 6.8522e-01	
 6.6792e-01	
 9.1628e-01	
 4.6711e-01	
 7.9420e-01	
 1.3337e+00	
 7.6767e-01	
 6.6669e-01	
 8.6275e-01	
 7.7603e-01	
 9.5139e-01	
 7.4993e-01	
 8.4925e-01	
 8.3077e-01	
 9.4317e-01	
 7.3189e-01	
 6.2525e-01	
 8.4189e-01	
 8.5724e-01	
 6.0555e-01	
 7.1705e-01	
 7.7136e-01	
 1.1436e+00	
 8.2918e-01	
 8.6567e-01	
 5.1273e-01	
 9.2586e-01	
 1.2358e+00	
 6.4625e-01	
 1.1779e+00	
 7.2539e-01	
 6.8336e-01	
 7.3390e-01	
 5.4361e-01	
 6.3993e-01	
 8.1066e-01	
 5.2876e-01	
 7.7566e-01	
 8.2718e-01	
 9.3099e-01	
 8.0182e-01	
 9.5687e-01	
 7.4615e-01	
 8.7222e-01	
 8.5555e-01	
 6.9702e-01	
 9.3138e-01	
 1.4826e+00	
 6.2615e-01	
 7.1877e-01	
 6.9429e-01	
 9.1167e-01	
 6.2711e-01	
 7.2611e-01	
 9.6148e-01	
 9.1738e-01	
 8.9733e-01	
 9.7265e-01	
 9.9806e-01	
 1.0903e+00	
 9.3498e-01	
 9.9963e-01	
 1.0187e+00	
 5.5783e-01	
 9.5128e-01	
 8.2110e-01	
 9.7144e-01	
 1.2677e+00	
 1.0347e+00	
 7.6347e-01	
 8.8959e-01	
 9.2250e-01	
 9.4070e-01	
 5.2696e-01	
 5.6965e-01	
 7.6636e-01	
 6.6283e-01	
 8.4968e-01	
 8.4604e-01	
 8.3229e-01	
 6.7802e-01	
 1.1670e+00	
 8.9979e-01	
 1.4153e+00	
 1.2714e+00	
 6.7976e-01	
 8.6431e-01	
 6.7189e-01	
 6.5408e-01	
 9.1252e-01	
 7.9703e-01	
 7.2293e-01	
 7.8281e-01	
 5.5746e-01	
 5.6379e-01	
 7.4896e-01	
 6.1353e-01	
 1.0170e+00	
 5.4331e-01	
 8.8165e-01	
 9.8712e-01	
 1.2973e+00	
 8.2447e-01	
 6.9592e-01	
 4.7363e-01	
 8.3798e-01	
 7.4966e-01	
 6.5035e-01	
 1.0724e+00	
 6.7073e-01	
 8.6290e-01	
 1.1701e+00	
 7.6037e-01	
 7.4902e-01	
 1.0492e+00	
 6.1479e-01	
 9.9041e-01	
 1.2105e+00	
 8.9396e-01	
 1.1044e+00	
 9.0730e-01	
 7.3388e-01	
 8.8529e-01	
 1.0900e+00	
 8.6863e-01	
 7.0598e-01	
 5.7684e-01	
 8.1451e-01	
 6.7248e-01	
 8.8671e-01	
 9.7129e-01	
 6.2437e-01	
 1.0981e+00	
 8.5654e-01	
 1.1026e+00	
 7.8003e-01	
 1.0438e+00	
 8.4299e-01	
 6.9614e-01	
 8.4076e-01	
 1.3602e+00	
 6.4467e-01	
 8.1808e-01	
 1.2964e+00	
 1.1213e+00	
 6.9819e-01	
 6.3659e-01	
 9.8297e-01	
 7.8070e-01	
 7.0755e-01	
 1.0458e+00	
 7.5694e-01	
 9.9967e-01	
 8.5912e-01	
 8.5729e-01	
 9.7006e-01	
 6.5704e-01	
 7.1680e-01	
 7.7356e-01	
 8.2756e-01	
 1.2059e+00	
 8.6953e-01	
 8.1527e-01	
 9.0372e-01	
 1.1971e+00	
 8.1511e-01	
 8.7224e-01	
 1.0019e+00	
 8.6435e-01	
 7.3312e-01	
 4.8589e-01	
 9.2404e-01	
 6.6936e-01	
 1.1211e+00	
 6.6467e-01	
 7.5390e-01	
 7.5828e-01	
 6.9094e-01	
 5.7276e-01	
 6.1596e-01	
 7.3803e-01	
 1.1003e+00	
 8.2646e-01	
 1.0711e+00	
 7.9313e-01	
 7.4837e-01	
 6.3024e-01	
 9.3610e-01	
 8.4330e-01	
 8.8935e-01	
 8.9351e-01	
 6.6659e-01	
 8.7147e-01	
 9.9070e-01	
 1.0212e+00	
 7.2562e-01	
 7.7167e-01	
 7.0899e-01	
 8.0946e-01	
 7.0369e-01	
 1.0618e+00	
 6.4411e-01	
 1.1907e+00	
 4.7961e-01	
 1.1169e+00	
 8.1192e-01	
 1.0490e+00	
 8.1430e-01	
 9.2593e-01	
 1.2052e+00	
 8.7361e-01	
 8.1830e-01	
 5.6758e-01	
 1.1645e+00	
 1.1635e+00	
 8.5073e-01	
 8.0525e-01	
 8.0517e-01	
 7.2245e-01	
 7.6567e-01	
 6.7497e-01	
 7.8346e-01	
 1.0370e+00	
 8.2081e-01	
 9.2072e-01	
 8.7580e-01	
 7.1413e-01	
 6.5534e-01	
 5.6604e-01	
 9.4148e-01	
 1.3293e+00	
 6.5173e-01	
 7.5658e-01	
 1.1432e+00	
 1.0728e+00	
 4.2122e-01	
 7.8884e-01	
 1.0114e+00	
 7.3156e-01	
 7.9848e-01	
 8.8234e-01	
 7.0192e-01	
 9.0885e-01	
 8.8245e-01	
 7.8489e-01	
 8.0025e-01	
 1.0687e+00	
 6.6280e-01	
 6.9867e-01	
 6.7677e-01	
 6.9923e-01	
 7.6536e-01	
 1.0215e+00	
 1.0621e+00	
 6.5241e-01	
 9.0917e-01	
 7.7092e-01	
 1.0367e+00	
 7.4993e-01	
 7.1651e-01	
 7.0287e-01	
 7.9416e-01	
 1.1209e+00	
 1.1052e+00	
 6.9215e-01	
 8.6677e-01	
 8.0262e-01	
 7.6149e-01	
 8.5432e-01	
 7.5411e-01	
 6.9660e-01	
 8.1621e-01	
 6.6554e-01	
 8.5840e-01	
 8.6392e-01	
 8.3120e-01	
 7.3043e-01	
 7.3621e-01	
 1.0824e+00	
 1.0517e+00	
 6.1913e-01	
 7.1655e-01	
 9.7910e-01	
 9.3051e-01	
 8.5986e-01	
 7.8699e-01	
 1.2146e+00	
 1.0948e+00	
 1.2044e+00	
 9.2812e-01	
 8.9960e-01	
 1.1628e+00	
 9.3216e-01	
 1.1783e+00	
 9.3255e-01	
 1.0964e+00	
 9.8560e-01	
 7.9008e-01	
 1.0757e+00	
 5.7471e-01	
 6.6531e-01	
 8.0732e-01	
 9.4446e-01	
 9.6193e-01	
 6.4404e-01	
 9.3677e-01	
 1.2865e+00	
 6.4278e-01	
 8.1858e-01	
 8.0019e-01	
 6.2306e-01	
 6.6603e-01	
 5.6954e-01	
 7.8499e-01	
 8.7063e-01	
 1.0352e+00	
 6.8307e-01	
 9.4827e-01	
 8.2153e-01	
 9.7912e-01	
 1.0002e+00	
 1.1456e+00	
 6.8946e-01	
 5.8497e-01	
 8.9639e-01	
 8.9412e-01	
 1.1479e+00	
 8.4369e-01	
 9.0681e-01	
 6.6133e-01	
 7.9582e-01	
 1.1089e+00	
 4.4616e-01	
 7.3130e-01	
 5.5696e-01	
 9.0318e-01	
 8.8543e-01	
 9.2641e-01	
 1.1024e+00	
 6.8333e-01	
 7.3599e-01	
 9.9088e-01	
 7.3699e-01	
 7.7206e-01	
 8.1000e-01	
 6.2326e-01	
 7.1840e-01	
 7.4764e-01	
 8.8470e-01	
 7.4638e-01	
 1.2876e+00	
 7.1699e-01	
 6.5350e-01	
 8.5980e-01	
 6.3749e-01	
 1.0011e+00	
 8.6722e-01	
 1.0227e+00	
 9.1049e-01	
 1.1548e+00	
 1.3154e+00	
 7.9923e-01	
 1.1704e+00	
 1.1008e+00	
 7.0300e-01	
 1.0050e+00	
 8.3748e-01	
 6.8803e-01	
 8.6404e-01	
 6.1704e-01	
 5.2505e-01	
 5.9605e-01	
 1.0782e+00	
 7.2518e-01	
 8.5625e-01	
 1.0203e+00	
 7.6840e-01	
 6.5973e-01	
 8.6635e-01	
 1.1171e+00	
 8.8393e-01	
 9.1675e-01	
 6.2316e-01	
 8.9721e-01	
 6.8389e-01	
 1.0694e+00	
 6.4611e-01	
 7.3404e-01	
 9.6028e-01	
 1.0016e+00	
 7.3044e-01	
 7.6562e-01	
 9.4282e-01	
 1.1357e+00	
 9.2242e-01	
 6.7235e-01	
 9.4486e-01	
 8.9650e-01	
 8.9373e-01	
 7.7722e-01	
 8.1220e-01	
 9.4686e-01	
 9.8811e-01	
 9.7988e-01	
 8.3215e-01	
 1.0233e+00	
 9.0528e-01	
 1.0094e+00	
 1.0823e+00	
 3.8100e-01	
 8.8417e-01	
 1.0103e+00	
 8.3995e-01	
 9.4686e-01	
 8.2862e-01	
 5.1827e-01	
 6.4023e-01	
 8.8905e-01	
 9.2992e-01	
 1.1794e+00	
 5.0932e-01	
 1.2643e+00	
 9.0017e-01	
 9.6521e-01	
 9.9834e-01	
 1.0497e+00	
 6.3692e-01	
 8.4658e-01	
 1.0028e+00	
 8.4673e-01	
 7.5147e-01	
 1.0189e+00	
 8.5163e-01	
 4.8552e-01	
 9.1308e-01	
 7.8517e-01	
 8.8369e-01	
 6.3146e-01	
 1.2001e+00	
 8.2824e-01	
 1.0057e+00	
 8.1074e-01	
 7.7536e-01	
 8.0523e-01	
 8.8466e-01	
 1.1245e+00	
 7.6483e-01	
 7.8935e-01	
 1.0123e+00	
 7.6690e-01	
 5.1885e-01	
 9.7844e-01	
 9.7106e-01	
 6.1828e-01	
 8.7420e-01	
 7.9890e-01	
 9.0932e-01	
 1.1187e+00	
 9.4867e-01	
 7.9907e-01	
 7.5275e-01	
 8.4823e-01	
 1.0188e+00	
 1.0354e+00	
 1.1176e+00	
 8.8906e-01	
 9.0977e-01	
 6.9691e-01	
 1.0022e+00	
 8.0505e-01	
 9.5515e-01	
 1.0620e+00	
 7.8829e-01	
 6.7441e-01	
 5.9769e-01	
 6.2599e-01	
 7.5951e-01	
 9.1914e-01	
 9.4976e-01	
 9.7395e-01	
 6.6037e-01	
 7.3920e-01	
 1.0173e+00	
 1.1289e+00	
 7.3238e-01	
 8.5233e-01	
 7.8806e-01	
 7.5884e-01	
 9.1634e-01	
 6.2873e-01	
 7.6104e-01	
 4.7901e-01	
 1.1366e+00	
 7.9557e-01	
 1.2473e+00	
 7.5505e-01	
 9.7544e-01	
 1.0513e+00	
 7.6147e-01	
 8.6631e-01	
 6.8668e-01	
 8.7333e-01	
 9.5916e-01	
 6.4080e-01	
 8.8614e-01	
 1.0500e+00	
 8.8875e-01	
 5.1406e-01	
 7.7313e-01	
 1.4434e+00	
 1.3373e+00	
 8.4021e-01	
 9.2937e-01	
 6.5358e-01	
 9.7591e-01	
 9.3185e-01	
 1.0512e+00	
 9.0062e-01	
 1.3753e+00	
 8.7548e-01	
 7.0673e-01	
 8.3797e-01	
 9.0672e-01	
 5.2081e-01	
 6.7457e-01	
 1.0243e+00	
 7.3105e-01	
 8.2267e-01	
 6.2308e-01	
 1.0298e+00	
 7.4105e-01	
 7.7998e-01	
 1.0564e+00	
 1.0777e+00	
 6.5814e-01	
 6.8484e-01	
 1.1343e+00	
 7.7890e-01	
 8.9225e-01	
 1.2351e+00	
 6.5482e-01	
 8.1812e-01	
 6.0880e-01	
 9.5869e-01	
 7.9602e-01	
 6.7695e-01	
 6.0202e-01	
 8.6383e-01	
 1.2807e+00	
 7.5493e-01	
 9.2393e-01	
 8.9293e-01	
 8.4297e-01	
 4.1924e-01	
 3.4223e-01	
 3.1825e-01	
 3.9710e-01	
 3.8853e-01	
 2.7852e-01	
 3.1456e-01	
 2.4720e-01	
 2.9644e-01	
 5.6022e-01	
 3.2128e-01	
 1.6244e-01	
 2.1707e-01	
 4.1531e-01	
 2.1209e-01	
 1.6055e-01	
 2.9246e-01	
 2.4884e-01	
 3.8866e-01	
 2.0398e-01	
 3.8432e-01	
 3.5726e-01	
 2.5049e-01	
 2.7796e-01	
 3.6282e-01	
 3.7868e-01	
 3.3016e-01	
 3.0195e-01	
 2.6791e-01	
 3.9592e-01	
 2.4913e-01	
 3.0184e-01	
 3.1354e-01	
 5.7801e-01	
 3.0278e-01	
 1.9333e-01	
 2.7098e-01	
 4.5974e-01	
 2.7747e-01	
 1.1034e-01	
 4.9848e-01	
 1.1017e-01	
 1.9255e-01	
 2.9722e-01	
 2.6794e-01	
 3.7009e-01	
 2.7649e-01	
 2.6755e-01	
 2.9682e-01	
 1.8890e-01	
 2.0148e-01	
 3.0486e-01	
 5.7620e-01	
 2.4027e-01	
 1.2614e-01	
 3.6655e-01	
 2.4273e-01	
 6.8808e-01	
 2.2282e-01	
 3.7306e-01	
 1.7323e-01	
 1.7031e-01	
 1.5073e-01	
 5.1390e-01	
 1.7740e-01	
 1.7834e-01	
 2.0297e-01	
 3.0064e-01	
 1.7230e-01	
 1.2300e-01	
 1.9061e-01	
 1.7242e-01	
 1.1509e-01	
 2.2920e-01	
 2.8469e-01	
 3.6236e-01	
 2.0022e-01	
 2.9879e-01	
 3.4535e-01	
 2.1987e-01	
 2.5759e-01	
 3.4272e-01	
 3.5679e-01	
 1.8753e-01	
 1.2876e-01	
 2.5058e-01	
 1.8315e-01	
 1.7053e-01	
 3.0191e-01	
 2.8016e-01	
 9.6239e-02	
 1.8924e-01	
 2.4638e-01	
 3.4382e-01	
 1.8742e-01	
 2.8804e-01	
 2.3462e-01	
 3.1697e-01	
 3.2899e-01	
 1.9002e-01	
 2.8035e-01	
 2.3442e-01	
 2.8716e-01	
 2.2147e-01	
 1.7342e-01	
 1.4597e-01	
 2.7938e-01	
 4.8662e-01	
 2.1712e-01	
 4.1515e-01	
 4.2478e-01	
 2.0136e-01	
 2.0155e-01	
 6.4208e-01	
 5.8013e-01	
 3.1808e-01	
 2.0606e-01	
 2.2556e-01	
 2.9234e-01	
 2.1485e-01	
 1.7267e-01	
 1.0513e-01	
 1.5537e-01	
 2.9231e-01	
 1.8519e-01	
 3.0291e-01	
 2.2978e-01	
 1.6909e-01	
 2.5058e-01	
 1.9089e-01	
 2.2442e-01	
 3.6767e-01	
 3.7008e-01	
 1.2241e-01	
 2.0434e-01	
 1.2027e-01	
 1.7159e-01	
 1.5487e-01	
 6.3113e-01	
 3.5201e-01	
 7.3723e-01	
 4.2248e-01	
 2.3354e-01	
 2.2405e-01	
 1.6563e-01	
