loss	
 4.6309e+00	
 4.6509e+00	
 4.6022e+00	
 4.6178e+00	
 4.6146e+00	
 4.6119e+00	
 4.6256e+00	
 4.6262e+00	
 4.5959e+00	
 4.6051e+00	
 4.6059e+00	
 4.6121e+00	
 4.6404e+00	
 4.6256e+00	
 4.6196e+00	
 4.6089e+00	
 4.6147e+00	
 4.6189e+00	
 4.6214e+00	
 4.6226e+00	
 4.6012e+00	
 4.6352e+00	
 4.5926e+00	
 4.6378e+00	
 4.6134e+00	
 4.6075e+00	
 4.6182e+00	
 4.5941e+00	
 4.6068e+00	
 4.6262e+00	
 4.6061e+00	
 4.5977e+00	
 4.6231e+00	
 4.6308e+00	
 4.6083e+00	
 4.6143e+00	
 4.6155e+00	
 4.6037e+00	
 4.6221e+00	
 4.6025e+00	
 4.6103e+00	
 4.6161e+00	
 4.6230e+00	
 4.6263e+00	
 4.6218e+00	
 4.6134e+00	
 4.6097e+00	
 4.6219e+00	
 4.6172e+00	
 4.6038e+00	
 4.6014e+00	
 4.6240e+00	
 4.6137e+00	
 4.6246e+00	
 4.5974e+00	
 4.6212e+00	
 4.6158e+00	
 4.6093e+00	
 4.6156e+00	
 4.6174e+00	
 4.6130e+00	
 4.6040e+00	
 4.6139e+00	
 4.6240e+00	
 4.6204e+00	
 4.6249e+00	
 4.5842e+00	
 4.5853e+00	
 4.6089e+00	
 4.6281e+00	
 4.6152e+00	
 4.6168e+00	
 4.6209e+00	
 4.6244e+00	
 4.5934e+00	
 4.6271e+00	
 4.5896e+00	
 4.5897e+00	
 4.6178e+00	
 4.6213e+00	
 4.6027e+00	
 4.6184e+00	
 4.6186e+00	
 4.6209e+00	
 4.6323e+00	
 4.6402e+00	
 4.6103e+00	
 4.6348e+00	
 4.6333e+00	
 4.6095e+00	
 4.6215e+00	
 4.6166e+00	
 4.6171e+00	
 4.6104e+00	
 4.6291e+00	
 4.6028e+00	
 4.6143e+00	
 4.5974e+00	
 4.6152e+00	
 4.5899e+00	
 4.5917e+00	
 4.6058e+00	
 4.6127e+00	
 4.6161e+00	
 4.6111e+00	
 4.6116e+00	
 4.6174e+00	
 4.5928e+00	
 4.6070e+00	
 4.6112e+00	
 4.5962e+00	
 4.6472e+00	
 4.6019e+00	
 4.5946e+00	
 4.5797e+00	
 4.5936e+00	
 4.5988e+00	
 4.5795e+00	
 4.6113e+00	
 4.6159e+00	
 4.6431e+00	
 4.6282e+00	
 4.5935e+00	
 4.5945e+00	
 4.6254e+00	
 4.5934e+00	
 4.6015e+00	
 4.6329e+00	
 4.6204e+00	
 4.6245e+00	
 4.6288e+00	
 4.6326e+00	
 4.5956e+00	
 4.5897e+00	
 4.6147e+00	
 4.6161e+00	
 4.6122e+00	
 4.6191e+00	
 4.6148e+00	
 4.5983e+00	
 4.6355e+00	
 4.6048e+00	
 4.6246e+00	
 4.6222e+00	
 4.5969e+00	
 4.5878e+00	
 4.6138e+00	
 4.5929e+00	
 4.6235e+00	
 4.6053e+00	
 4.5950e+00	
 4.6134e+00	
 4.6033e+00	
 4.6059e+00	
 4.5909e+00	
 4.5900e+00	
 4.6182e+00	
 4.5906e+00	
 4.6187e+00	
 4.6065e+00	
 4.6065e+00	
 4.6103e+00	
 4.5973e+00	
 4.5986e+00	
 4.6062e+00	
 4.5832e+00	
 4.5969e+00	
 4.6195e+00	
 4.6054e+00	
 4.5981e+00	
 4.6077e+00	
 4.6069e+00	
 4.6174e+00	
 4.6229e+00	
 4.6082e+00	
 4.5958e+00	
 4.6216e+00	
 4.6139e+00	
 4.5966e+00	
 4.6053e+00	
 4.6015e+00	
 4.6210e+00	
 4.6070e+00	
 4.5997e+00	
 4.5917e+00	
 4.6034e+00	
 4.6001e+00	
 4.5993e+00	
 4.5909e+00	
 4.6017e+00	
 4.5958e+00	
 4.5845e+00	
 4.6054e+00	
 4.6073e+00	
 4.6054e+00	
 4.5933e+00	
 4.5661e+00	
 4.5938e+00	
 4.6117e+00	
 4.6191e+00	
 4.6046e+00	
 4.5916e+00	
 4.6082e+00	
 4.5957e+00	
 4.5894e+00	
 4.6087e+00	
 4.6111e+00	
 4.6116e+00	
 4.6168e+00	
 4.6042e+00	
 4.5983e+00	
 4.5744e+00	
 4.6193e+00	
 4.5995e+00	
 4.5999e+00	
 4.6055e+00	
 4.6242e+00	
 4.6092e+00	
 4.6103e+00	
 4.6159e+00	
 4.5852e+00	
 4.5902e+00	
 4.5798e+00	
 4.6275e+00	
 4.6123e+00	
 4.5914e+00	
 4.6205e+00	
 4.5906e+00	
 4.5890e+00	
 4.5983e+00	
 4.5845e+00	
 4.5978e+00	
 4.5821e+00	
 4.6269e+00	
 4.6097e+00	
 4.5816e+00	
 4.6287e+00	
 4.5689e+00	
 4.5820e+00	
 4.6170e+00	
 4.6019e+00	
 4.6063e+00	
 4.6043e+00	
 4.6134e+00	
 4.6089e+00	
 4.6024e+00	
 4.6078e+00	
 4.5935e+00	
 4.6222e+00	
 4.5825e+00	
 4.5959e+00	
 4.6031e+00	
 4.6073e+00	
 4.6039e+00	
 4.5922e+00	
 4.5975e+00	
 4.6113e+00	
 4.5962e+00	
 4.5976e+00	
 4.5861e+00	
 4.6176e+00	
 4.5857e+00	
 4.5918e+00	
 4.6023e+00	
 4.5919e+00	
 4.6071e+00	
 4.6055e+00	
 4.5969e+00	
 4.5737e+00	
 4.6167e+00	
 4.5982e+00	
 4.5997e+00	
 4.6134e+00	
 4.5939e+00	
 4.6085e+00	
 4.5974e+00	
 4.6037e+00	
 4.6016e+00	
 4.6020e+00	
 4.6060e+00	
 4.5927e+00	
 4.6279e+00	
 4.6014e+00	
 4.5998e+00	
 4.5968e+00	
 4.5895e+00	
 4.6092e+00	
 4.5961e+00	
 4.5618e+00	
 4.5974e+00	
 4.5734e+00	
 4.5987e+00	
 4.6277e+00	
 4.5935e+00	
 4.5960e+00	
 4.5974e+00	
 4.5943e+00	
 4.5865e+00	
 4.5901e+00	
 4.6029e+00	
 4.5903e+00	
 4.6068e+00	
 4.5955e+00	
 4.5860e+00	
 4.5919e+00	
 4.5694e+00	
 4.5902e+00	
 4.5885e+00	
 4.6042e+00	
 4.6128e+00	
 4.5797e+00	
 4.6112e+00	
 4.5640e+00	
 4.5704e+00	
 4.5922e+00	
 4.6007e+00	
 4.5994e+00	
 4.5844e+00	
 4.5664e+00	
 4.5786e+00	
 4.5883e+00	
 4.6014e+00	
 4.5522e+00	
 4.5948e+00	
 4.5843e+00	
 4.5884e+00	
 4.5973e+00	
 4.5952e+00	
 4.6021e+00	
 4.5966e+00	
 4.5731e+00	
 4.5864e+00	
 4.5651e+00	
 4.5887e+00	
 4.5723e+00	
 4.5723e+00	
 4.5937e+00	
 4.5999e+00	
 4.5869e+00	
 4.5790e+00	
 4.5871e+00	
 4.5860e+00	
 4.5674e+00	
 4.5948e+00	
 4.6112e+00	
 4.5954e+00	
 4.5899e+00	
 4.5842e+00	
 4.5640e+00	
 4.5996e+00	
 4.6182e+00	
 4.5882e+00	
 4.6090e+00	
 4.5757e+00	
 4.5851e+00	
 4.5702e+00	
 4.5900e+00	
 4.5901e+00	
 4.5930e+00	
 4.6051e+00	
 4.5916e+00	
 4.5878e+00	
 4.5811e+00	
 4.5787e+00	
 4.5792e+00	
 4.5603e+00	
 4.5922e+00	
 4.5694e+00	
 4.6108e+00	
 4.6030e+00	
 4.5910e+00	
 4.5910e+00	
 4.5609e+00	
 4.5920e+00	
 4.5769e+00	
 4.5738e+00	
 4.5889e+00	
 4.5960e+00	
 4.6070e+00	
 4.5975e+00	
 4.5651e+00	
 4.5877e+00	
 4.5745e+00	
 4.5879e+00	
 4.5624e+00	
 4.5700e+00	
 4.5925e+00	
 4.5972e+00	
 4.6203e+00	
 4.6193e+00	
 4.6039e+00	
 4.5589e+00	
 4.5622e+00	
 4.5791e+00	
 4.5670e+00	
 4.5845e+00	
 4.5925e+00	
 4.5867e+00	
 4.5696e+00	
 4.5577e+00	
 4.5833e+00	
 4.5704e+00	
 4.5833e+00	
 4.5928e+00	
 4.5564e+00	
 4.5879e+00	
 4.5777e+00	
 4.5487e+00	
 4.5578e+00	
 4.5654e+00	
 4.5785e+00	
 4.5890e+00	
 4.5683e+00	
 4.5520e+00	
 4.5599e+00	
 4.5866e+00	
 4.5592e+00	
 4.5654e+00	
 4.6013e+00	
 4.5279e+00	
 4.5932e+00	
 4.5909e+00	
 4.5501e+00	
 4.5722e+00	
 4.5899e+00	
 4.5889e+00	
 4.5923e+00	
 4.5882e+00	
 4.5544e+00	
 4.5672e+00	
 4.5967e+00	
 4.5832e+00	
 4.5746e+00	
 4.5636e+00	
 4.5650e+00	
 4.5739e+00	
 4.5717e+00	
 4.5844e+00	
 4.5694e+00	
 4.5623e+00	
 4.6010e+00	
 4.5950e+00	
 4.5824e+00	
 4.5705e+00	
 4.5493e+00	
 4.5633e+00	
 4.5801e+00	
 4.5875e+00	
 4.5857e+00	
 4.6038e+00	
 4.5705e+00	
 4.5558e+00	
 4.5447e+00	
 4.5692e+00	
 4.5433e+00	
 4.5601e+00	
 4.5634e+00	
 4.5690e+00	
 4.5628e+00	
 4.5591e+00	
 4.5556e+00	
 4.5791e+00	
 4.5920e+00	
 4.5735e+00	
 4.5678e+00	
 4.5813e+00	
 4.5640e+00	
 4.5636e+00	
 4.5711e+00	
 4.5690e+00	
 4.5497e+00	
 4.5776e+00	
 4.5525e+00	
 4.5457e+00	
 4.5783e+00	
 4.5280e+00	
 4.5836e+00	
 4.5860e+00	
 4.5753e+00	
 4.5690e+00	
 4.5661e+00	
 4.5491e+00	
 4.5765e+00	
 4.5612e+00	
 4.5496e+00	
 4.5804e+00	
 4.5654e+00	
 4.6143e+00	
 4.5610e+00	
 4.5684e+00	
 4.5588e+00	
 4.5422e+00	
 4.5587e+00	
 4.5555e+00	
 4.5808e+00	
 4.5482e+00	
 4.5279e+00	
 4.5558e+00	
 4.5889e+00	
 4.5925e+00	
 4.5840e+00	
 4.5357e+00	
 4.5749e+00	
 4.5574e+00	
 4.5478e+00	
 4.5721e+00	
 4.5623e+00	
 4.5540e+00	
 4.5597e+00	
 4.5192e+00	
 4.5739e+00	
 4.5543e+00	
 4.5178e+00	
 4.5780e+00	
 4.5702e+00	
 4.5724e+00	
 4.5865e+00	
 4.5471e+00	
 4.5461e+00	
 4.5222e+00	
 4.5584e+00	
 4.5301e+00	
 4.5242e+00	
 4.5448e+00	
 4.5801e+00	
 4.5698e+00	
 4.5501e+00	
 4.5699e+00	
 4.5561e+00	
 4.5585e+00	
 4.5851e+00	
 4.5818e+00	
 4.5510e+00	
 4.5578e+00	
 4.5670e+00	
 4.5194e+00	
 4.5500e+00	
 4.5460e+00	
 4.5555e+00	
 4.5963e+00	
 4.5536e+00	
 4.5980e+00	
 4.5733e+00	
 4.5572e+00	
 4.5508e+00	
 4.5483e+00	
 4.5233e+00	
 4.5809e+00	
 4.5909e+00	
 4.5746e+00	
 4.5811e+00	
 4.5907e+00	
 4.5546e+00	
 4.5509e+00	
 4.5861e+00	
 4.5645e+00	
 4.5350e+00	
 4.5571e+00	
 4.5334e+00	
 4.5204e+00	
 4.5254e+00	
 4.5575e+00	
 4.5091e+00	
 4.5380e+00	
 4.5409e+00	
 4.5506e+00	
 4.5323e+00	
 4.5446e+00	
 4.5875e+00	
 4.5194e+00	
 4.5583e+00	
 4.5426e+00	
 4.5207e+00	
 4.5088e+00	
 4.5689e+00	
 4.5168e+00	
 4.5477e+00	
 4.5233e+00	
 4.5100e+00	
 4.5339e+00	
 4.5161e+00	
 4.5538e+00	
 4.5705e+00	
 4.4983e+00	
 4.5084e+00	
 4.5177e+00	
 4.5505e+00	
 4.5424e+00	
 4.4945e+00	
 4.5287e+00	
 4.5109e+00	
 4.5539e+00	
 4.5488e+00	
 4.5120e+00	
 4.5295e+00	
 4.5350e+00	
 4.5329e+00	
 4.5278e+00	
 4.5709e+00	
 4.5688e+00	
 4.4950e+00	
 4.4893e+00	
 4.5915e+00	
 4.5388e+00	
 4.5114e+00	
 4.5279e+00	
 4.5249e+00	
 4.5381e+00	
 4.4891e+00	
 4.5281e+00	
 4.5534e+00	
 4.5271e+00	
 4.5344e+00	
 4.5301e+00	
 4.5234e+00	
 4.4884e+00	
 4.5662e+00	
 4.5176e+00	
 4.4749e+00	
 4.5668e+00	
 4.5615e+00	
 4.4923e+00	
 4.5214e+00	
 4.4753e+00	
 4.5305e+00	
 4.5484e+00	
 4.5431e+00	
 4.4812e+00	
 4.4993e+00	
 4.4686e+00	
 4.4993e+00	
 4.4942e+00	
 4.5384e+00	
 4.5123e+00	
 4.5390e+00	
 4.4758e+00	
 4.5757e+00	
 4.4864e+00	
 4.4935e+00	
 4.5117e+00	
 4.5247e+00	
 4.4679e+00	
 4.5599e+00	
 4.4564e+00	
 4.4950e+00	
 4.5032e+00	
 4.4637e+00	
 4.5110e+00	
 4.4974e+00	
 4.4871e+00	
 4.5368e+00	
 4.5596e+00	
 4.5236e+00	
 4.5364e+00	
 4.5314e+00	
 4.5007e+00	
 4.5312e+00	
 4.4563e+00	
 4.4301e+00	
 4.4886e+00	
 4.5497e+00	
 4.5374e+00	
 4.4924e+00	
 4.5175e+00	
 4.4842e+00	
 4.4705e+00	
 4.5441e+00	
 4.5322e+00	
 4.5280e+00	
 4.5067e+00	
 4.4881e+00	
 4.5473e+00	
 4.4563e+00	
 4.4496e+00	
 4.4462e+00	
 4.4469e+00	
 4.4727e+00	
 4.4666e+00	
 4.5044e+00	
 4.5454e+00	
 4.5144e+00	
 4.4394e+00	
 4.5121e+00	
 4.4617e+00	
 4.4931e+00	
 4.5120e+00	
 4.4772e+00	
 4.4881e+00	
 4.5107e+00	
 4.4652e+00	
 4.5198e+00	
 4.4451e+00	
 4.4323e+00	
 4.4868e+00	
 4.5443e+00	
 4.5080e+00	
 4.4939e+00	
 4.4574e+00	
 4.4838e+00	
 4.5259e+00	
 4.4546e+00	
 4.4725e+00	
 4.4485e+00	
 4.4037e+00	
 4.4568e+00	
 4.4630e+00	
 4.4391e+00	
 4.5086e+00	
 4.4751e+00	
 4.4219e+00	
 4.4867e+00	
 4.4751e+00	
 4.4868e+00	
 4.3662e+00	
 4.4408e+00	
 4.4707e+00	
 4.4921e+00	
 4.4451e+00	
 4.4562e+00	
 4.3956e+00	
 4.3669e+00	
 4.4579e+00	
 4.4458e+00	
 4.4659e+00	
 4.4136e+00	
 4.5626e+00	
 4.3913e+00	
 4.4189e+00	
 4.4230e+00	
 4.4626e+00	
 4.4644e+00	
 4.4110e+00	
 4.3626e+00	
 4.4435e+00	
 4.4391e+00	
 4.5038e+00	
 4.4165e+00	
 4.5193e+00	
 4.4760e+00	
 4.4273e+00	
 4.4441e+00	
 4.4645e+00	
 4.3938e+00	
 4.4036e+00	
 4.3931e+00	
 4.4103e+00	
 4.5006e+00	
 4.3956e+00	
 4.4844e+00	
 4.3922e+00	
 4.3861e+00	
 4.4129e+00	
 4.4370e+00	
 4.3310e+00	
 4.4088e+00	
 4.3833e+00	
 4.3883e+00	
 4.4562e+00	
 4.3760e+00	
 4.4072e+00	
 4.4692e+00	
 4.3811e+00	
 4.3408e+00	
 4.3371e+00	
 4.4218e+00	
 4.3637e+00	
 4.3698e+00	
 4.3652e+00	
 4.4464e+00	
 4.3852e+00	
 4.3206e+00	
 4.5098e+00	
 4.3855e+00	
 4.3478e+00	
 4.4019e+00	
 4.3774e+00	
 4.4506e+00	
 4.4134e+00	
 4.4774e+00	
 4.3464e+00	
 4.3225e+00	
 4.2266e+00	
 4.4816e+00	
 4.4049e+00	
 4.3717e+00	
 4.3234e+00	
 4.3244e+00	
 4.3163e+00	
 4.3393e+00	
 4.4055e+00	
 4.3289e+00	
 4.3969e+00	
 4.3509e+00	
 4.3651e+00	
 4.3991e+00	
 4.4728e+00	
 4.4479e+00	
 4.3150e+00	
 4.3690e+00	
 4.4320e+00	
 4.3086e+00	
 4.2818e+00	
 4.4249e+00	
 4.2471e+00	
 4.4038e+00	
 4.3673e+00	
 4.2509e+00	
 4.4082e+00	
 4.3570e+00	
 4.3292e+00	
 4.3054e+00	
 4.2994e+00	
 4.4362e+00	
 4.3651e+00	
 4.3101e+00	
 4.2714e+00	
 4.3649e+00	
 4.2904e+00	
 4.3626e+00	
 4.3521e+00	
 4.1981e+00	
 4.3823e+00	
 4.3871e+00	
 4.3405e+00	
 4.3169e+00	
 4.4136e+00	
 4.2773e+00	
 4.3448e+00	
 4.3455e+00	
 4.3698e+00	
 4.3728e+00	
 4.3677e+00	
 4.3654e+00	
 4.4029e+00	
 4.4035e+00	
 4.2835e+00	
 4.3116e+00	
 4.3981e+00	
 4.3669e+00	
 4.3662e+00	
 4.1962e+00	
 4.2763e+00	
 4.2082e+00	
 4.2353e+00	
 4.2579e+00	
 4.2496e+00	
 4.3145e+00	
 4.2507e+00	
 4.4458e+00	
 4.2761e+00	
 4.3688e+00	
 4.3934e+00	
 4.2803e+00	
 4.3207e+00	
 4.3228e+00	
 4.3323e+00	
 4.3824e+00	
 4.3291e+00	
 4.3402e+00	
 4.3049e+00	
 4.2376e+00	
 4.2801e+00	
 4.2385e+00	
 4.2906e+00	
 4.3621e+00	
 4.1832e+00	
 4.3099e+00	
 4.1873e+00	
 4.2613e+00	
 4.2493e+00	
 4.2712e+00	
 4.3005e+00	
 4.2045e+00	
 4.4201e+00	
 4.3042e+00	
 4.3343e+00	
 4.3146e+00	
 4.3278e+00	
 4.3556e+00	
 4.3014e+00	
 4.3096e+00	
 4.1704e+00	
 4.1623e+00	
 4.2491e+00	
 4.2836e+00	
 4.2174e+00	
 4.4051e+00	
 4.2552e+00	
 4.3698e+00	
 4.3172e+00	
 4.0055e+00	
 4.2245e+00	
 4.1613e+00	
 4.0922e+00	
 4.0967e+00	
 4.2836e+00	
 4.3082e+00	
 4.2528e+00	
 4.2748e+00	
 4.0043e+00	
 4.2030e+00	
 4.2924e+00	
 4.3460e+00	
 4.2995e+00	
 4.2025e+00	
 4.0893e+00	
 4.1158e+00	
 4.2368e+00	
 4.3337e+00	
 4.3160e+00	
 4.2227e+00	
 4.2222e+00	
 4.1884e+00	
 4.1541e+00	
 4.3396e+00	
 4.2865e+00	
 4.2646e+00	
 4.2424e+00	
 4.2406e+00	
 4.2092e+00	
 4.2925e+00	
 4.1850e+00	
 4.1916e+00	
 4.3667e+00	
 4.2381e+00	
 4.2546e+00	
 4.2035e+00	
 4.1463e+00	
 4.1283e+00	
 4.1417e+00	
 4.2497e+00	
 4.2377e+00	
 4.0965e+00	
 4.2693e+00	
 4.1684e+00	
 4.1851e+00	
 4.1923e+00	
 3.9472e+00	
 4.0575e+00	
 4.1335e+00	
 4.3748e+00	
 4.2038e+00	
 4.2915e+00	
 4.1163e+00	
 3.9824e+00	
 4.2512e+00	
 4.1746e+00	
 4.1454e+00	
 4.1135e+00	
 4.0678e+00	
 4.1770e+00	
 4.2407e+00	
 3.9532e+00	
 4.2913e+00	
 4.2599e+00	
 4.1708e+00	
 4.0640e+00	
 4.2199e+00	
 4.3304e+00	
 4.1505e+00	
 4.1063e+00	
 4.1445e+00	
 4.0941e+00	
 4.2259e+00	
 4.2859e+00	
 4.1220e+00	
 4.2337e+00	
 4.1364e+00	
 4.0144e+00	
 4.2584e+00	
 4.1775e+00	
 4.2227e+00	
 4.2998e+00	
 4.2398e+00	
 4.2598e+00	
 4.2030e+00	
 4.0502e+00	
 3.9628e+00	
 4.1085e+00	
 4.0619e+00	
 4.0613e+00	
 4.1225e+00	
 4.1603e+00	
 3.9853e+00	
 4.0614e+00	
 4.2710e+00	
 4.0051e+00	
 4.2711e+00	
 4.1235e+00	
 4.1622e+00	
 4.1936e+00	
 4.0295e+00	
 4.0862e+00	
 4.0967e+00	
 4.2106e+00	
 4.1888e+00	
 4.0634e+00	
 4.2141e+00	
 3.9954e+00	
 4.0097e+00	
 4.2251e+00	
 4.0970e+00	
 4.0206e+00	
 3.9972e+00	
 4.1184e+00	
 3.9741e+00	
 4.3138e+00	
 4.0719e+00	
 4.2453e+00	
 4.1964e+00	
 4.1973e+00	
 4.1548e+00	
 4.1610e+00	
 4.2674e+00	
 4.2864e+00	
 4.1560e+00	
 4.1159e+00	
 4.0347e+00	
 4.2187e+00	
 4.0235e+00	
 4.0169e+00	
 3.9813e+00	
 4.3106e+00	
 4.0115e+00	
 4.0172e+00	
 4.2994e+00	
 4.0836e+00	
 3.9863e+00	
 4.0044e+00	
 4.2512e+00	
 4.1298e+00	
 4.3298e+00	
 4.1315e+00	
 4.2458e+00	
 4.1838e+00	
 4.0809e+00	
 4.2073e+00	
 4.0434e+00	
 3.9975e+00	
 3.9271e+00	
 3.9771e+00	
 4.0646e+00	
 4.2197e+00	
 4.1441e+00	
 4.0587e+00	
 4.2568e+00	
 4.0423e+00	
 4.0666e+00	
 3.8591e+00	
 3.9097e+00	
 4.2057e+00	
 3.9336e+00	
 4.1417e+00	
 4.2845e+00	
 4.0126e+00	
 4.1238e+00	
 4.0109e+00	
 3.6840e+00	
 3.7489e+00	
 4.2470e+00	
 4.2002e+00	
 4.1272e+00	
 4.0737e+00	
 4.0822e+00	
 3.9763e+00	
 4.0686e+00	
 4.2884e+00	
 4.1628e+00	
 4.0712e+00	
 3.9850e+00	
 4.0986e+00	
 3.9498e+00	
 4.0682e+00	
 4.1122e+00	
 3.9088e+00	
 3.9821e+00	
 4.0964e+00	
 4.1056e+00	
 3.7603e+00	
 3.9539e+00	
 4.0433e+00	
 4.1703e+00	
 4.0148e+00	
 4.0035e+00	
 3.9006e+00	
 3.9859e+00	
 4.0370e+00	
 4.2471e+00	
 4.1736e+00	
 4.0645e+00	
 4.0431e+00	
 3.9695e+00	
 4.0471e+00	
 4.0486e+00	
 3.8820e+00	
 3.8990e+00	
 4.2924e+00	
 4.2301e+00	
 4.1993e+00	
 3.9720e+00	
 4.1644e+00	
 4.0146e+00	
 4.1234e+00	
 4.1201e+00	
 4.1218e+00	
 3.9770e+00	
 3.8937e+00	
 3.9342e+00	
 4.0141e+00	
 4.0759e+00	
 4.0056e+00	
 3.9987e+00	
 3.9514e+00	
 4.0803e+00	
 4.1904e+00	
 4.0758e+00	
 3.9562e+00	
 3.9908e+00	
 3.8840e+00	
 3.9805e+00	
 4.0385e+00	
 3.9505e+00	
 3.7212e+00	
 4.1120e+00	
 4.1292e+00	
 4.1283e+00	
 4.0499e+00	
 3.8382e+00	
 4.0248e+00	
 3.9610e+00	
 3.9554e+00	
 3.9154e+00	
 3.9340e+00	
 3.8447e+00	
 4.1918e+00	
 3.8675e+00	
 4.0707e+00	
 4.0260e+00	
 4.0586e+00	
 3.8978e+00	
 4.0541e+00	
 3.9331e+00	
 3.9042e+00	
 3.9203e+00	
 4.1418e+00	
 4.0324e+00	
 3.8530e+00	
 3.8567e+00	
 4.1736e+00	
 3.7178e+00	
 3.9222e+00	
 4.0431e+00	
 4.1360e+00	
 3.9704e+00	
 3.9119e+00	
 4.2066e+00	
 3.9500e+00	
 4.0586e+00	
 4.0234e+00	
 4.2028e+00	
 3.8337e+00	
 4.0925e+00	
 3.8525e+00	
 3.9193e+00	
 4.0919e+00	
 3.7697e+00	
 3.8641e+00	
 3.8586e+00	
 3.8845e+00	
 3.8746e+00	
 3.9068e+00	
 4.0673e+00	
 3.7973e+00	
 4.1197e+00	
 4.1071e+00	
 3.9788e+00	
 3.7853e+00	
 4.0134e+00	
 3.8773e+00	
 3.7530e+00	
 4.0015e+00	
 3.8670e+00	
 3.7750e+00	
 3.8929e+00	
 3.9100e+00	
 3.8636e+00	
 3.9051e+00	
 3.9264e+00	
 4.1526e+00	
 4.0196e+00	
 3.9175e+00	
 4.0887e+00	
 3.7599e+00	
 3.9725e+00	
 3.9872e+00	
 3.7330e+00	
 4.0808e+00	
 4.0609e+00	
 3.9898e+00	
 4.2520e+00	
 3.8990e+00	
 4.2073e+00	
 4.1795e+00	
 4.1550e+00	
 3.9264e+00	
 3.8328e+00	
 3.8574e+00	
 3.7826e+00	
 3.7202e+00	
 4.0496e+00	
 4.0166e+00	
 4.0530e+00	
 3.8388e+00	
 3.9134e+00	
 3.7444e+00	
 3.9633e+00	
 3.7883e+00	
 3.6901e+00	
 3.8995e+00	
 3.8342e+00	
 3.6746e+00	
 4.0292e+00	
 4.1396e+00	
 4.0015e+00	
 4.1300e+00	
 3.7411e+00	
 3.8830e+00	
 3.8084e+00	
 4.0223e+00	
 3.8035e+00	
 3.6468e+00	
 3.7035e+00	
 3.8650e+00	
 3.9855e+00	
 3.5208e+00	
 4.0348e+00	
 3.7736e+00	
 3.7667e+00	
 3.9154e+00	
 3.6372e+00	
 4.1696e+00	
 3.8252e+00	
 3.6729e+00	
 3.9917e+00	
 3.8114e+00	
 3.7198e+00	
 4.0506e+00	
 3.8655e+00	
 3.7154e+00	
 4.0529e+00	
 3.8565e+00	
 3.8474e+00	
 3.8244e+00	
 4.0292e+00	
 4.0143e+00	
 3.7445e+00	
 3.7887e+00	
 3.8815e+00	
 3.8516e+00	
 3.8692e+00	
 3.7058e+00	
 3.9964e+00	
 3.8994e+00	
 4.1093e+00	
 3.9461e+00	
 3.7443e+00	
 3.7557e+00	
 3.6747e+00	
 3.9321e+00	
 3.9636e+00	
 3.7515e+00	
 3.8709e+00	
 4.1404e+00	
 3.8059e+00	
 3.6150e+00	
 3.5840e+00	
 3.5763e+00	
 3.5831e+00	
 3.9467e+00	
 4.0817e+00	
 4.1033e+00	
 3.7490e+00	
 3.6614e+00	
 3.9882e+00	
 3.5845e+00	
 3.7679e+00	
 3.6946e+00	
 3.8242e+00	
 3.7691e+00	
 3.8038e+00	
 3.7836e+00	
 3.6514e+00	
 4.0909e+00	
 3.8205e+00	
 3.6872e+00	
 4.0370e+00	
 3.8784e+00	
 3.9016e+00	
 3.8215e+00	
 3.7212e+00	
 3.7579e+00	
 3.6658e+00	
 3.7783e+00	
 3.7997e+00	
 4.0834e+00	
 3.8597e+00	
 3.8163e+00	
 4.0420e+00	
 3.9874e+00	
 3.9241e+00	
 3.8807e+00	
 3.6536e+00	
 3.6645e+00	
 3.6030e+00	
 3.6993e+00	
 3.5419e+00	
 3.7939e+00	
 3.5610e+00	
 3.9672e+00	
 3.5981e+00	
 4.0422e+00	
 3.8481e+00	
 3.8934e+00	
 3.8582e+00	
 3.7626e+00	
 4.1142e+00	
 3.8279e+00	
 3.6289e+00	
 3.5303e+00	
 3.7035e+00	
 3.9036e+00	
 3.8641e+00	
 3.9742e+00	
 3.6894e+00	
 3.6966e+00	
 3.7198e+00	
 3.6099e+00	
 3.6683e+00	
 3.6630e+00	
 3.8038e+00	
 3.3733e+00	
 3.9795e+00	
 4.0047e+00	
 3.8962e+00	
 3.8095e+00	
 3.6387e+00	
 3.8012e+00	
 3.7323e+00	
 3.8258e+00	
 3.6091e+00	
 3.5498e+00	
 3.7017e+00	
 3.7812e+00	
 3.7415e+00	
 3.6437e+00	
 3.7258e+00	
 4.0012e+00	
 3.7342e+00	
 3.8165e+00	
 3.6607e+00	
 3.6060e+00	
 3.8232e+00	
 4.0167e+00	
 3.9772e+00	
 3.7204e+00	
 3.6671e+00	
 3.8013e+00	
 3.8570e+00	
 3.7136e+00	
 3.8815e+00	
 3.5428e+00	
 3.7371e+00	
 3.5160e+00	
 4.0081e+00	
 4.0356e+00	
 3.8585e+00	
 3.6294e+00	
 3.7506e+00	
 3.6117e+00	
 3.7965e+00	
 3.9315e+00	
 3.8119e+00	
 3.5004e+00	
 3.7918e+00	
 3.6498e+00	
 3.7018e+00	
 3.7017e+00	
 3.4977e+00	
 3.9850e+00	
 3.5310e+00	
 3.7300e+00	
 3.6114e+00	
 3.7838e+00	
 3.6521e+00	
 3.6659e+00	
 3.8620e+00	
 3.8892e+00	
 3.8159e+00	
 3.9184e+00	
 3.7600e+00	
 3.8134e+00	
 4.0100e+00	
 3.6246e+00	
 3.8185e+00	
 3.7074e+00	
 3.8938e+00	
 3.5215e+00	
 3.8080e+00	
 3.7466e+00	
 3.5545e+00	
 3.5740e+00	
 3.6418e+00	
 3.9473e+00	
 3.8512e+00	
 3.8398e+00	
 3.8360e+00	
 3.7707e+00	
 3.5713e+00	
 3.6296e+00	
 3.7667e+00	
 3.5519e+00	
 3.9025e+00	
 3.6767e+00	
 3.6708e+00	
 3.9334e+00	
 3.6257e+00	
 3.5102e+00	
 3.5323e+00	
 3.5706e+00	
 3.6671e+00	
 3.7702e+00	
 3.8167e+00	
 3.8671e+00	
 3.7885e+00	
 3.8820e+00	
 3.8599e+00	
 3.5900e+00	
 3.6985e+00	
 3.6440e+00	
 3.4421e+00	
 3.8733e+00	
 3.6371e+00	
 4.0509e+00	
 3.5449e+00	
 3.6753e+00	
 3.4882e+00	
 3.6157e+00	
 3.6806e+00	
 3.8035e+00	
 3.8099e+00	
 3.5131e+00	
 3.6001e+00	
 3.8175e+00	
 3.6974e+00	
 3.6214e+00	
 3.5689e+00	
 3.8419e+00	
 3.6669e+00	
 3.7759e+00	
 3.6576e+00	
 3.7635e+00	
 3.8791e+00	
 3.7730e+00	
 3.6451e+00	
 3.6981e+00	
 3.6471e+00	
 3.7023e+00	
 3.6600e+00	
 3.6758e+00	
 3.6998e+00	
 3.5308e+00	
 3.7261e+00	
 3.9406e+00	
 3.7517e+00	
 3.7204e+00	
 3.5983e+00	
 3.6204e+00	
 3.7372e+00	
 3.3210e+00	
 3.6752e+00	
 3.6681e+00	
 3.4526e+00	
 3.4795e+00	
 3.6355e+00	
 3.7078e+00	
 3.6777e+00	
 3.8621e+00	
 3.8350e+00	
 3.8004e+00	
 3.7246e+00	
 3.6155e+00	
 4.0896e+00	
 3.8881e+00	
 3.5755e+00	
 3.7985e+00	
 3.7520e+00	
 3.5733e+00	
 3.8239e+00	
 3.8601e+00	
 3.8560e+00	
 3.7652e+00	
 3.9381e+00	
 3.7381e+00	
 3.8126e+00	
 3.5332e+00	
 3.7026e+00	
 3.8310e+00	
 3.2969e+00	
 3.5736e+00	
 3.5386e+00	
 3.7369e+00	
 3.9885e+00	
 3.9387e+00	
 3.5927e+00	
 3.5788e+00	
 3.6518e+00	
 3.7532e+00	
 3.8981e+00	
 3.6439e+00	
 3.5814e+00	
 3.5166e+00	
 3.7738e+00	
 3.8766e+00	
 3.6639e+00	
 3.5873e+00	
 3.7684e+00	
 3.5741e+00	
 3.4963e+00	
 3.5744e+00	
 3.6549e+00	
 3.8092e+00	
 3.5623e+00	
 3.6532e+00	
 3.6117e+00	
 3.5287e+00	
 3.6464e+00	
 3.7691e+00	
 3.3023e+00	
 3.8580e+00	
 3.4456e+00	
 3.8181e+00	
 3.3367e+00	
 3.6709e+00	
 3.5453e+00	
 3.6573e+00	
 3.8242e+00	
 3.4760e+00	
 3.4689e+00	
 3.7195e+00	
 3.6872e+00	
 3.7273e+00	
 3.8337e+00	
 3.7473e+00	
 3.9644e+00	
 3.4086e+00	
 3.7005e+00	
 3.8666e+00	
 3.7000e+00	
 4.0653e+00	
 3.6768e+00	
 3.5125e+00	
 3.5121e+00	
 3.4950e+00	
 3.7477e+00	
 3.9076e+00	
 3.9583e+00	
 3.8354e+00	
 3.6001e+00	
 3.7272e+00	
 3.7943e+00	
 3.6045e+00	
 3.5448e+00	
 3.6857e+00	
 3.8314e+00	
 3.6213e+00	
 3.7972e+00	
 3.8028e+00	
 3.7596e+00	
 3.7650e+00	
 3.7496e+00	
 3.7471e+00	
 3.6399e+00	
 3.7685e+00	
 4.0075e+00	
 3.6407e+00	
 3.6612e+00	
 3.5002e+00	
 3.6376e+00	
 3.7909e+00	
 3.5453e+00	
 3.6075e+00	
 3.8183e+00	
 3.7204e+00	
 3.3225e+00	
 3.7358e+00	
 3.7400e+00	
 3.5848e+00	
 3.7195e+00	
 3.5313e+00	
 3.5638e+00	
 3.4489e+00	
 3.9027e+00	
 3.6928e+00	
 3.5323e+00	
 3.6031e+00	
 3.6673e+00	
 3.5521e+00	
 3.6252e+00	
 3.7811e+00	
 3.7088e+00	
 3.7233e+00	
 3.4635e+00	
 3.7063e+00	
 3.5004e+00	
 3.6666e+00	
 3.5409e+00	
 3.6938e+00	
 3.6067e+00	
 3.5577e+00	
 3.2997e+00	
 3.5176e+00	
 3.6637e+00	
 3.7003e+00	
 3.3998e+00	
 3.7596e+00	
 3.7719e+00	
 3.5180e+00	
 3.6216e+00	
 3.4707e+00	
 3.9516e+00	
 3.5224e+00	
 3.6168e+00	
 3.5883e+00	
 3.4946e+00	
 3.5021e+00	
 3.7485e+00	
 3.4277e+00	
 3.7226e+00	
 3.7784e+00	
 3.5285e+00	
 3.4958e+00	
 3.8357e+00	
 3.6609e+00	
 3.8861e+00	
 3.4907e+00	
 3.2783e+00	
 3.2750e+00	
 3.6618e+00	
 3.8392e+00	
 3.5463e+00	
 3.3754e+00	
 3.7312e+00	
 3.6079e+00	
 3.6788e+00	
 3.7285e+00	
 3.8014e+00	
 3.8307e+00	
 3.6822e+00	
 3.4102e+00	
 3.6694e+00	
 3.7976e+00	
 3.7463e+00	
 3.7269e+00	
 3.3891e+00	
 3.8419e+00	
 3.5086e+00	
 3.7926e+00	
 3.3124e+00	
 3.5947e+00	
 3.5716e+00	
 3.3054e+00	
 3.5644e+00	
 3.5344e+00	
 3.3211e+00	
 3.8868e+00	
 3.6213e+00	
 3.5205e+00	
 3.5612e+00	
 3.7452e+00	
 3.8423e+00	
 3.5357e+00	
 3.5339e+00	
 3.4357e+00	
 3.6862e+00	
 3.6661e+00	
 3.5745e+00	
 3.6126e+00	
 3.4449e+00	
 4.0683e+00	
 3.6507e+00	
 3.7069e+00	
 3.5324e+00	
 3.5510e+00	
 3.5302e+00	
 3.4827e+00	
 3.5787e+00	
 3.8495e+00	
 4.0801e+00	
 3.6116e+00	
 3.4797e+00	
 3.6381e+00	
 3.2857e+00	
 3.5044e+00	
 3.7137e+00	
 3.4063e+00	
 3.8773e+00	
 3.6978e+00	
 3.2883e+00	
 3.6125e+00	
 3.6554e+00	
 3.2037e+00	
 3.4521e+00	
 3.4035e+00	
 3.4319e+00	
 3.7981e+00	
 3.6196e+00	
 3.5730e+00	
 3.3763e+00	
 3.3353e+00	
 3.4442e+00	
 3.4160e+00	
 3.4101e+00	
 3.3621e+00	
 3.5751e+00	
 3.4204e+00	
 3.7494e+00	
 3.4278e+00	
 3.6089e+00	
 3.3779e+00	
 3.4615e+00	
 3.6370e+00	
 3.4029e+00	
 3.3276e+00	
 3.4067e+00	
 4.0296e+00	
 3.4100e+00	
 3.9225e+00	
 3.8379e+00	
 3.7695e+00	
 3.4779e+00	
 3.9386e+00	
 3.6944e+00	
 3.4493e+00	
 3.5991e+00	
 3.4071e+00	
 3.7015e+00	
 3.5276e+00	
 3.4752e+00	
 3.5907e+00	
 3.4679e+00	
 3.4656e+00	
 3.5185e+00	
 3.2836e+00	
 3.1687e+00	
 3.7510e+00	
 3.3026e+00	
 3.6200e+00	
 3.6321e+00	
 3.5352e+00	
 3.2897e+00	
 3.5553e+00	
 3.8276e+00	
 3.5544e+00	
 3.3409e+00	
 3.5281e+00	
 3.6222e+00	
 3.2212e+00	
 3.3268e+00	
 3.8831e+00	
 3.6529e+00	
 3.6064e+00	
 3.5426e+00	
 3.7244e+00	
 3.5115e+00	
 3.4056e+00	
 3.2287e+00	
 3.4661e+00	
 3.3734e+00	
 3.8027e+00	
 3.5001e+00	
 3.7026e+00	
 3.1215e+00	
 3.6236e+00	
 3.6307e+00	
 3.4632e+00	
 3.7183e+00	
 3.7179e+00	
 3.5379e+00	
 3.5580e+00	
 3.6402e+00	
 3.6656e+00	
 3.4172e+00	
 3.5298e+00	
 3.3380e+00	
 3.6172e+00	
 3.6014e+00	
 3.9463e+00	
 3.4960e+00	
 3.5262e+00	
 3.5953e+00	
 4.0351e+00	
 3.3169e+00	
 3.3408e+00	
 3.5240e+00	
 3.5149e+00	
 3.8426e+00	
 3.2475e+00	
 3.4109e+00	
 3.2123e+00	
 3.6759e+00	
 3.3637e+00	
 3.6878e+00	
 3.5440e+00	
 3.7048e+00	
 3.5278e+00	
 3.3618e+00	
 3.8668e+00	
 3.3316e+00	
 3.2372e+00	
 3.6849e+00	
 3.3870e+00	
 3.2420e+00	
 3.6509e+00	
 3.6251e+00	
 3.3099e+00	
 3.2311e+00	
 3.4439e+00	
 3.6700e+00	
 3.8399e+00	
 3.3501e+00	
 3.6487e+00	
 3.5317e+00	
 3.6578e+00	
 3.5430e+00	
 3.5823e+00	
 3.4419e+00	
 3.6264e+00	
 3.6210e+00	
 3.4629e+00	
 3.4443e+00	
 3.2255e+00	
 3.3945e+00	
 3.5953e+00	
 3.5007e+00	
 3.7907e+00	
 3.7160e+00	
 3.6449e+00	
 3.1518e+00	
 3.4895e+00	
 3.4383e+00	
 3.2170e+00	
 3.4939e+00	
 3.5764e+00	
 3.2267e+00	
 3.3404e+00	
 3.8486e+00	
 3.6947e+00	
 3.5004e+00	
 3.4981e+00	
 3.0963e+00	
 3.5599e+00	
 3.3677e+00	
 3.5075e+00	
 3.5386e+00	
 3.2899e+00	
 3.3652e+00	
 3.6173e+00	
 3.5378e+00	
 3.3391e+00	
 3.4465e+00	
 3.4667e+00	
 3.6954e+00	
 3.4026e+00	
 3.7269e+00	
 3.1916e+00	
 3.3809e+00	
 3.3162e+00	
 3.8127e+00	
 3.3047e+00	
 3.9380e+00	
 3.3966e+00	
 3.3495e+00	
 3.6131e+00	
 3.8183e+00	
 3.5706e+00	
 3.2515e+00	
 3.3833e+00	
 3.0420e+00	
 3.6293e+00	
 3.5552e+00	
 3.5972e+00	
 3.6020e+00	
 3.0816e+00	
 3.5631e+00	
 3.8191e+00	
 3.4573e+00	
 3.2988e+00	
 3.7414e+00	
 3.7029e+00	
 3.4630e+00	
 3.3284e+00	
 3.5305e+00	
 3.4261e+00	
 3.4248e+00	
 3.7217e+00	
 3.2291e+00	
 3.3275e+00	
 3.8026e+00	
 3.1965e+00	
 3.4395e+00	
 3.4995e+00	
 3.4647e+00	
 3.3171e+00	
 3.4847e+00	
 3.3238e+00	
 3.6938e+00	
 3.2614e+00	
 3.4990e+00	
 3.2402e+00	
 3.4370e+00	
 3.7925e+00	
 3.4783e+00	
 3.5900e+00	
 3.7813e+00	
 3.6844e+00	
 3.5075e+00	
 3.7255e+00	
 3.2772e+00	
 3.5592e+00	
 3.6238e+00	
 3.3397e+00	
 3.6489e+00	
 3.6226e+00	
 3.3736e+00	
 3.7829e+00	
 3.5305e+00	
 3.2493e+00	
 3.5058e+00	
 3.5102e+00	
 3.4265e+00	
 3.3726e+00	
 3.1220e+00	
 3.7458e+00	
 3.4742e+00	
 3.2716e+00	
 3.5820e+00	
 3.5957e+00	
 3.0492e+00	
 3.2325e+00	
 3.3025e+00	
 3.6186e+00	
 3.3063e+00	
 3.6437e+00	
 3.6346e+00	
 3.4377e+00	
 3.6577e+00	
 3.6846e+00	
 3.3798e+00	
 3.4050e+00	
 3.4553e+00	
 3.3350e+00	
 3.2458e+00	
 3.3159e+00	
 3.2292e+00	
 3.3727e+00	
 3.4196e+00	
 3.7700e+00	
 3.0905e+00	
 3.0358e+00	
 3.1938e+00	
 3.6348e+00	
 3.6018e+00	
 3.1992e+00	
 3.1875e+00	
 3.4323e+00	
 3.0085e+00	
 3.8467e+00	
 3.6757e+00	
 3.3924e+00	
 3.7459e+00	
 3.4628e+00	
 3.7036e+00	
 3.4317e+00	
 3.5046e+00	
 3.5272e+00	
 3.9644e+00	
 3.6568e+00	
 3.4704e+00	
 3.6613e+00	
 3.4255e+00	
 3.5259e+00	
 3.1096e+00	
 3.3354e+00	
 3.4044e+00	
 3.1123e+00	
 3.6635e+00	
 3.6813e+00	
 3.2392e+00	
 3.4311e+00	
 3.4882e+00	
 3.3272e+00	
 3.7802e+00	
 3.4657e+00	
 3.5897e+00	
 3.3675e+00	
 3.5135e+00	
 3.7175e+00	
 3.5089e+00	
 3.4120e+00	
 3.3777e+00	
 3.5221e+00	
 3.7560e+00	
 3.5479e+00	
 3.4578e+00	
 3.6494e+00	
 3.3155e+00	
 3.4158e+00	
 3.0785e+00	
 3.4810e+00	
 3.6525e+00	
 3.2741e+00	
 3.4916e+00	
 3.2873e+00	
 3.1606e+00	
 3.2627e+00	
 3.4784e+00	
 3.3581e+00	
 3.1153e+00	
 3.5671e+00	
 3.3884e+00	
 3.5765e+00	
 3.3631e+00	
 3.4349e+00	
 3.8169e+00	
 3.4706e+00	
 3.7289e+00	
 3.5481e+00	
 3.5422e+00	
 3.5037e+00	
 3.5059e+00	
 3.6521e+00	
 3.3090e+00	
 3.5351e+00	
 3.6207e+00	
 3.5362e+00	
 3.1935e+00	
 3.2158e+00	
 3.3046e+00	
 3.8585e+00	
 3.1975e+00	
 3.5540e+00	
 3.6771e+00	
 3.4438e+00	
 3.4272e+00	
 3.3825e+00	
 3.2944e+00	
 3.5957e+00	
 3.3122e+00	
 3.3600e+00	
 3.5198e+00	
 3.3755e+00	
 3.3861e+00	
 3.4184e+00	
 3.2972e+00	
 3.3526e+00	
 3.3665e+00	
 3.4126e+00	
 3.4594e+00	
 3.8728e+00	
 3.3387e+00	
 3.5097e+00	
 3.5931e+00	
 3.2221e+00	
 3.4408e+00	
 3.1209e+00	
 3.4231e+00	
 3.3419e+00	
 3.5852e+00	
 3.7606e+00	
 3.5119e+00	
 3.6694e+00	
 3.3940e+00	
 3.1696e+00	
 3.4429e+00	
 3.5391e+00	
 3.7490e+00	
 3.3406e+00	
 3.8318e+00	
 3.2936e+00	
 3.3026e+00	
 3.7019e+00	
 3.2323e+00	
 3.5032e+00	
 3.6950e+00	
 3.0411e+00	
 3.7052e+00	
 3.2626e+00	
 3.5250e+00	
 3.2137e+00	
 3.1226e+00	
 3.7871e+00	
 3.1558e+00	
 3.2417e+00	
 3.2121e+00	
 3.1792e+00	
 3.4869e+00	
 3.4328e+00	
 3.6888e+00	
 3.4801e+00	
 3.5509e+00	
 3.3480e+00	
 3.3500e+00	
 3.4861e+00	
 3.4287e+00	
 3.6165e+00	
 3.8819e+00	
 3.5371e+00	
 3.4912e+00	
 3.3278e+00	
 3.4350e+00	
 3.7467e+00	
 3.2740e+00	
 3.2259e+00	
 3.6778e+00	
 3.6308e+00	
 3.1402e+00	
 3.1393e+00	
 3.3152e+00	
 3.4482e+00	
 3.5015e+00	
 3.2063e+00	
 3.3595e+00	
 3.3582e+00	
 3.3327e+00	
 3.3684e+00	
 3.7381e+00	
 3.5876e+00	
 3.6898e+00	
 3.5222e+00	
 3.4571e+00	
 3.3093e+00	
 3.2596e+00	
 3.3514e+00	
 3.5443e+00	
 3.5658e+00	
 3.2780e+00	
 3.3897e+00	
 3.5070e+00	
 3.2624e+00	
 3.1732e+00	
 3.4880e+00	
 3.4350e+00	
 3.6799e+00	
 3.0633e+00	
 3.5054e+00	
 3.3364e+00	
 3.4379e+00	
 3.4132e+00	
 3.0964e+00	
 3.7131e+00	
 3.3984e+00	
 3.2817e+00	
 3.6996e+00	
 3.4965e+00	
 3.3551e+00	
 3.3939e+00	
 3.8060e+00	
 3.3238e+00	
 3.6105e+00	
 3.3600e+00	
 3.5024e+00	
 3.5339e+00	
 3.5011e+00	
 3.4733e+00	
 3.4143e+00	
 3.8172e+00	
 3.0781e+00	
 3.3554e+00	
 3.3597e+00	
 3.7470e+00	
 3.5293e+00	
 3.1274e+00	
 3.4186e+00	
 3.4816e+00	
 3.4542e+00	
 3.1585e+00	
 3.4996e+00	
 3.0537e+00	
 3.5027e+00	
 3.2305e+00	
 3.7224e+00	
 3.1470e+00	
 3.2613e+00	
 3.3862e+00	
 3.1343e+00	
 3.1713e+00	
 3.4768e+00	
 3.6021e+00	
 3.2692e+00	
 3.6794e+00	
 3.2766e+00	
 3.3585e+00	
 3.4365e+00	
 3.5393e+00	
 3.4637e+00	
 3.2162e+00	
 3.3515e+00	
 3.5238e+00	
 3.2908e+00	
 2.9857e+00	
 2.9837e+00	
 3.5586e+00	
 3.2427e+00	
 3.4736e+00	
 3.2895e+00	
 3.6589e+00	
 3.3551e+00	
 3.6413e+00	
 3.6574e+00	
 3.0149e+00	
 3.3100e+00	
 3.5154e+00	
 3.0705e+00	
 3.7741e+00	
 3.2350e+00	
 3.0557e+00	
 3.3823e+00	
 3.2575e+00	
 3.1055e+00	
 3.7744e+00	
 3.5483e+00	
 3.0072e+00	
 3.8164e+00	
 3.2220e+00	
 3.3255e+00	
 2.9662e+00	
 3.4952e+00	
 3.4245e+00	
 3.1245e+00	
 3.2540e+00	
 3.1647e+00	
 3.5160e+00	
 3.1954e+00	
 3.2795e+00	
 3.5186e+00	
 3.2366e+00	
 3.5016e+00	
 3.4281e+00	
 3.8031e+00	
 3.4412e+00	
 3.1828e+00	
 3.2062e+00	
 3.1009e+00	
 3.0343e+00	
 3.2783e+00	
 3.3072e+00	
 3.2295e+00	
 3.2188e+00	
 3.8290e+00	
 3.4153e+00	
 3.4080e+00	
 3.2864e+00	
 3.2819e+00	
 3.4098e+00	
 3.5520e+00	
 3.5124e+00	
 3.4320e+00	
 3.2835e+00	
 3.3111e+00	
 3.4191e+00	
 3.2976e+00	
 3.4539e+00	
 3.3160e+00	
 3.6561e+00	
 3.2233e+00	
 3.0092e+00	
 3.2067e+00	
 3.4360e+00	
 3.3021e+00	
 3.2326e+00	
 3.4664e+00	
 3.5541e+00	
 3.5198e+00	
 3.0269e+00	
 3.4175e+00	
 3.5086e+00	
 3.1787e+00	
 3.2319e+00	
 3.3149e+00	
 3.1373e+00	
 3.5058e+00	
 3.5262e+00	
 3.2106e+00	
 3.3999e+00	
 3.5002e+00	
 3.3954e+00	
 3.8314e+00	
 3.3926e+00	
 3.5212e+00	
 3.0681e+00	
 3.8256e+00	
 3.5850e+00	
 3.0918e+00	
 3.4372e+00	
 3.2825e+00	
 3.4440e+00	
 3.5903e+00	
 3.2137e+00	
 3.3554e+00	
 3.1732e+00	
 3.3858e+00	
 3.1966e+00	
 3.5081e+00	
 3.5618e+00	
 3.3766e+00	
 3.5150e+00	
 3.3982e+00	
 3.3796e+00	
 3.1040e+00	
 3.3558e+00	
 3.2396e+00	
 3.3512e+00	
 3.2472e+00	
 3.3324e+00	
 3.5360e+00	
 3.1195e+00	
 3.5137e+00	
 3.2864e+00	
 3.5938e+00	
 3.5698e+00	
 3.4471e+00	
 3.5780e+00	
 3.7480e+00	
 3.3750e+00	
 3.3364e+00	
 2.9786e+00	
 3.4169e+00	
 3.4165e+00	
 3.1606e+00	
 3.3262e+00	
 3.5658e+00	
 3.2418e+00	
 3.1539e+00	
 3.3604e+00	
 3.0554e+00	
 3.4495e+00	
 3.1557e+00	
 2.8624e+00	
 3.2682e+00	
 3.2875e+00	
 2.7317e+00	
 3.5977e+00	
 3.1146e+00	
 3.2482e+00	
 3.6148e+00	
 3.1690e+00	
 2.9181e+00	
 3.1508e+00	
 3.1845e+00	
 3.1482e+00	
 3.2780e+00	
 3.3449e+00	
 3.5877e+00	
 3.4535e+00	
 3.2150e+00	
 3.0608e+00	
 3.3037e+00	
 3.7005e+00	
 3.7891e+00	
 2.8689e+00	
 3.0902e+00	
 3.2639e+00	
 3.1190e+00	
 3.1957e+00	
 3.2964e+00	
 3.2888e+00	
 3.5662e+00	
 3.2179e+00	
 3.2603e+00	
 3.6265e+00	
 3.0353e+00	
 3.3546e+00	
 3.6662e+00	
 3.4154e+00	
 3.3500e+00	
 3.6809e+00	
 3.3506e+00	
 3.4194e+00	
 3.4608e+00	
 3.4016e+00	
 3.3283e+00	
 3.4945e+00	
 3.4111e+00	
 3.4055e+00	
 3.3918e+00	
 3.3907e+00	
 3.4171e+00	
 3.0733e+00	
 2.9145e+00	
 3.2230e+00	
 3.5078e+00	
 3.5474e+00	
 3.4905e+00	
 3.6312e+00	
 3.1743e+00	
 3.6711e+00	
 3.0414e+00	
 3.3356e+00	
 3.2124e+00	
 3.7755e+00	
 3.3296e+00	
 3.8001e+00	
 3.1826e+00	
 3.3422e+00	
 3.1309e+00	
 3.6515e+00	
 3.1557e+00	
 2.8981e+00	
 2.8256e+00	
 3.2369e+00	
 3.2028e+00	
 3.0059e+00	
 3.1256e+00	
 3.2546e+00	
 3.2098e+00	
 3.1958e+00	
 3.2701e+00	
 3.1909e+00	
 3.0391e+00	
 3.1292e+00	
 3.2567e+00	
 3.2549e+00	
 3.2243e+00	
 3.2988e+00	
 3.1078e+00	
 3.4623e+00	
 3.1382e+00	
 3.3226e+00	
 3.3575e+00	
 3.3365e+00	
 2.9636e+00	
 3.3789e+00	
 3.2032e+00	
 3.4511e+00	
 3.1256e+00	
 3.4277e+00	
 3.3822e+00	
 3.2759e+00	
 3.1249e+00	
 3.2309e+00	
 3.1937e+00	
 3.0603e+00	
 3.3377e+00	
 3.2415e+00	
 3.0230e+00	
 3.4134e+00	
 3.3415e+00	
 3.3037e+00	
 2.8941e+00	
 3.0797e+00	
 2.8930e+00	
 3.3509e+00	
 3.3006e+00	
 3.0521e+00	
 2.9419e+00	
 3.3306e+00	
 3.3744e+00	
 3.0707e+00	
 2.8977e+00	
 3.3354e+00	
 2.8274e+00	
 2.9261e+00	
 3.2292e+00	
 3.2411e+00	
 3.1207e+00	
 3.2711e+00	
 3.3559e+00	
 3.1065e+00	
 3.2045e+00	
 3.0483e+00	
 3.0938e+00	
 3.0031e+00	
 3.3187e+00	
 3.1596e+00	
 2.8808e+00	
 3.1917e+00	
 3.2643e+00	
 2.7406e+00	
 3.2013e+00	
 2.9079e+00	
 3.0702e+00	
 3.3041e+00	
 3.2334e+00	
 3.2727e+00	
 3.2413e+00	
 3.2442e+00	
 3.5665e+00	
 3.0694e+00	
 2.8561e+00	
 3.1596e+00	
 3.2192e+00	
 3.2626e+00	
 2.9397e+00	
 3.1449e+00	
 3.1493e+00	
 3.1375e+00	
 3.1250e+00	
 3.0837e+00	
 3.2404e+00	
 3.1298e+00	
 3.1315e+00	
 3.3069e+00	
 3.0841e+00	
 2.8179e+00	
 3.1128e+00	
 3.2942e+00	
 2.9207e+00	
 3.2374e+00	
 2.9164e+00	
 3.2443e+00	
 3.1138e+00	
 3.0742e+00	
 3.4400e+00	
 3.1836e+00	
 3.3342e+00	
 3.4072e+00	
 2.9021e+00	
 3.0710e+00	
 3.2825e+00	
 3.2365e+00	
 3.0728e+00	
 3.2211e+00	
 3.2780e+00	
 3.2118e+00	
 2.8435e+00	
 3.2770e+00	
 3.3104e+00	
 3.2294e+00	
 3.3833e+00	
 3.3118e+00	
 3.2245e+00	
 3.2638e+00	
 3.2474e+00	
 3.1669e+00	
 2.8510e+00	
 3.2025e+00	
 3.2682e+00	
 3.3276e+00	
 3.1270e+00	
 3.0821e+00	
 3.0526e+00	
 3.4638e+00	
 2.8905e+00	
 3.2238e+00	
 3.5588e+00	
 2.7997e+00	
 3.3761e+00	
 3.1380e+00	
 3.5791e+00	
 3.1912e+00	
 3.6388e+00	
 3.0325e+00	
 3.2129e+00	
 3.0172e+00	
 3.0694e+00	
 3.1302e+00	
 3.2089e+00	
 2.8361e+00	
 3.1531e+00	
 3.3116e+00	
 2.8088e+00	
 3.3653e+00	
 3.5896e+00	
 2.9438e+00	
 3.6030e+00	
 3.2491e+00	
 3.2742e+00	
 3.2983e+00	
 3.0647e+00	
 3.0017e+00	
 2.9694e+00	
 3.5626e+00	
 3.2935e+00	
 2.6731e+00	
 3.0946e+00	
 2.9814e+00	
 2.8395e+00	
 2.9899e+00	
 3.2476e+00	
 3.1444e+00	
 2.9715e+00	
 3.3941e+00	
 3.3856e+00	
 3.1976e+00	
 3.3917e+00	
 3.2606e+00	
 3.0944e+00	
 3.0275e+00	
 3.1432e+00	
 3.2029e+00	
 3.4239e+00	
 3.4204e+00	
 3.1545e+00	
 3.7048e+00	
 2.8062e+00	
 2.9321e+00	
 3.3235e+00	
 3.2358e+00	
 3.1500e+00	
 3.1053e+00	
 3.2638e+00	
 3.3132e+00	
 3.0111e+00	
 3.1672e+00	
 2.9521e+00	
 3.3664e+00	
 3.3513e+00	
 3.1468e+00	
 3.0717e+00	
 3.3116e+00	
 3.0613e+00	
 3.3825e+00	
 3.4445e+00	
 3.4930e+00	
 3.0993e+00	
 3.6516e+00	
 3.5280e+00	
 3.3204e+00	
 3.2273e+00	
 3.1969e+00	
 3.3621e+00	
 3.1498e+00	
 3.2816e+00	
 3.3690e+00	
 3.2148e+00	
 3.0580e+00	
 3.0606e+00	
 2.9683e+00	
 3.0082e+00	
 3.2252e+00	
 3.0581e+00	
 3.4078e+00	
 3.2005e+00	
 3.2403e+00	
 2.9712e+00	
 3.3482e+00	
 3.0375e+00	
 3.0356e+00	
 2.9724e+00	
 2.9824e+00	
 2.9209e+00	
 3.2898e+00	
 2.9447e+00	
 3.3598e+00	
 3.1256e+00	
 3.2952e+00	
 2.9942e+00	
 3.3069e+00	
 3.1245e+00	
 2.8846e+00	
 2.8594e+00	
 3.1245e+00	
 3.5819e+00	
 2.8647e+00	
 3.3470e+00	
 3.2692e+00	
 3.4874e+00	
 2.9018e+00	
 3.1880e+00	
 2.9829e+00	
 3.1954e+00	
 2.6751e+00	
 3.2694e+00	
 2.9227e+00	
 3.6692e+00	
 3.2970e+00	
 2.8952e+00	
 2.8371e+00	
 3.2714e+00	
 3.2029e+00	
 2.8624e+00	
 3.0290e+00	
 2.8563e+00	
 3.4013e+00	
 2.8525e+00	
 2.9432e+00	
 2.7632e+00	
 3.0248e+00	
 3.4044e+00	
 3.0849e+00	
 3.0889e+00	
 2.7140e+00	
 2.9851e+00	
 2.9694e+00	
 3.0538e+00	
 3.5709e+00	
 3.0510e+00	
 3.2101e+00	
 3.3572e+00	
 3.0353e+00	
 3.0351e+00	
 3.4296e+00	
 2.8319e+00	
 2.9005e+00	
 2.9698e+00	
 2.9470e+00	
 3.4118e+00	
 3.2856e+00	
 2.7003e+00	
 2.9755e+00	
 2.8768e+00	
 3.1865e+00	
 3.2124e+00	
 3.1897e+00	
 3.1127e+00	
 3.1778e+00	
 2.8179e+00	
 3.0396e+00	
 3.2093e+00	
 3.3081e+00	
 3.2378e+00	
 3.3052e+00	
 2.6722e+00	
 3.1484e+00	
 3.1830e+00	
 3.0828e+00	
 3.3684e+00	
 3.3098e+00	
 3.3964e+00	
 2.8203e+00	
 3.5019e+00	
 2.8979e+00	
 2.7932e+00	
 3.2036e+00	
 3.1752e+00	
 3.1402e+00	
 3.0276e+00	
 2.9782e+00	
 3.0754e+00	
 3.0996e+00	
 3.4386e+00	
 3.2312e+00	
 3.4376e+00	
 3.0596e+00	
 3.5916e+00	
 2.8952e+00	
 3.1213e+00	
 2.9403e+00	
 3.1886e+00	
 3.3208e+00	
 2.8753e+00	
 3.1558e+00	
 3.4596e+00	
 2.9599e+00	
 3.1371e+00	
 2.8910e+00	
 3.1481e+00	
 3.5322e+00	
 3.3955e+00	
 3.2182e+00	
 3.0146e+00	
 3.2304e+00	
 3.0393e+00	
 3.4063e+00	
 2.7025e+00	
 3.0538e+00	
 3.0841e+00	
 2.9206e+00	
 2.9104e+00	
 3.3772e+00	
 3.2581e+00	
 3.0872e+00	
 3.3125e+00	
 3.3680e+00	
 3.0531e+00	
 3.0275e+00	
 3.0176e+00	
 3.5472e+00	
 2.7150e+00	
 3.2456e+00	
 3.1377e+00	
 3.2023e+00	
 3.0565e+00	
 3.3451e+00	
 3.1255e+00	
 3.2624e+00	
 3.5458e+00	
 3.1735e+00	
 3.0432e+00	
 3.0240e+00	
 3.3419e+00	
 2.9633e+00	
 2.8014e+00	
 3.1870e+00	
 3.0846e+00	
 2.8244e+00	
 2.8262e+00	
 3.0034e+00	
 3.0832e+00	
 2.7375e+00	
 3.2209e+00	
 3.3273e+00	
 3.0528e+00	
 3.0676e+00	
 3.1672e+00	
 2.8714e+00	
 2.8168e+00	
 3.1348e+00	
 2.9393e+00	
 3.1792e+00	
 2.9138e+00	
 3.1835e+00	
 2.8109e+00	
 3.4438e+00	
 2.6914e+00	
 2.9163e+00	
 3.1281e+00	
 2.9846e+00	
 3.2444e+00	
 3.3624e+00	
 3.3442e+00	
 3.2114e+00	
 2.9090e+00	
 3.2727e+00	
 3.1074e+00	
 3.2938e+00	
 2.7902e+00	
 3.1069e+00	
 3.1149e+00	
 2.7281e+00	
 3.0816e+00	
 2.9728e+00	
 3.3950e+00	
 3.2192e+00	
 3.1300e+00	
 3.0548e+00	
 3.3510e+00	
 3.0566e+00	
 3.5026e+00	
 2.9933e+00	
 3.0299e+00	
 3.1051e+00	
 3.1648e+00	
 3.0401e+00	
 2.7767e+00	
 3.3177e+00	
 3.0389e+00	
 3.2977e+00	
 3.1113e+00	
 2.7166e+00	
 3.2195e+00	
 3.0589e+00	
 3.1714e+00	
 2.9981e+00	
 3.0835e+00	
 3.0823e+00	
 3.2196e+00	
 3.1329e+00	
 3.1900e+00	
 3.3485e+00	
 3.0730e+00	
 2.7408e+00	
 3.2941e+00	
 2.9180e+00	
 3.1301e+00	
 3.0840e+00	
 3.4161e+00	
 3.1252e+00	
 3.0420e+00	
 3.3489e+00	
 2.7005e+00	
 2.8820e+00	
 2.8548e+00	
 3.1547e+00	
 3.3138e+00	
 3.1487e+00	
 3.1537e+00	
 2.9911e+00	
 3.0311e+00	
 3.2024e+00	
 3.0168e+00	
 3.2230e+00	
 2.9896e+00	
 3.2273e+00	
 3.4567e+00	
 2.6551e+00	
 3.2411e+00	
 3.3153e+00	
 3.4324e+00	
 3.1872e+00	
 3.3134e+00	
 2.8574e+00	
 3.3147e+00	
 2.9471e+00	
 2.9919e+00	
 2.7038e+00	
 2.9794e+00	
 3.0479e+00	
 3.7103e+00	
 2.9746e+00	
 3.0172e+00	
 2.9852e+00	
 3.2191e+00	
 3.0821e+00	
 3.1295e+00	
 3.4297e+00	
 3.3049e+00	
 3.0699e+00	
 3.3121e+00	
 3.0630e+00	
 3.0397e+00	
 2.8882e+00	
 3.2717e+00	
 3.4580e+00	
 2.7659e+00	
 3.0143e+00	
 2.7800e+00	
 3.2956e+00	
 3.2635e+00	
 3.0854e+00	
 3.1053e+00	
 3.3547e+00	
 3.1203e+00	
 3.2282e+00	
 2.5245e+00	
 2.9371e+00	
 3.1143e+00	
 3.3865e+00	
 3.2927e+00	
 3.0778e+00	
 2.8685e+00	
 3.1772e+00	
 3.0641e+00	
 2.9260e+00	
 3.0471e+00	
 3.0419e+00	
 2.8734e+00	
 3.3946e+00	
 3.0893e+00	
 3.3143e+00	
 2.5966e+00	
 3.0842e+00	
 3.3333e+00	
 3.3980e+00	
 3.3199e+00	
 2.9341e+00	
 2.7879e+00	
 3.0708e+00	
 2.8668e+00	
 3.2696e+00	
 3.2031e+00	
 2.7111e+00	
 3.1547e+00	
 3.3840e+00	
 2.9150e+00	
 2.9632e+00	
 3.1746e+00	
 3.0352e+00	
 2.8324e+00	
 3.1766e+00	
 3.3830e+00	
 2.9797e+00	
 2.8148e+00	
 3.3043e+00	
 2.9186e+00	
 3.2063e+00	
 3.5275e+00	
 2.9684e+00	
 3.4242e+00	
 2.9713e+00	
 2.8832e+00	
 3.5052e+00	
 2.8269e+00	
 2.9217e+00	
 2.9888e+00	
 3.1282e+00	
 3.2138e+00	
 3.1712e+00	
 2.6642e+00	
 3.1121e+00	
 3.1122e+00	
 3.2673e+00	
 3.5253e+00	
 3.1736e+00	
 3.0438e+00	
 2.9203e+00	
 3.2257e+00	
 3.0030e+00	
 3.0913e+00	
 3.0739e+00	
 3.1291e+00	
 3.4023e+00	
 3.2714e+00	
 3.2961e+00	
 3.5233e+00	
 3.2181e+00	
 3.1843e+00	
 2.7815e+00	
 3.4864e+00	
 3.2548e+00	
 2.8412e+00	
 3.2200e+00	
 3.4202e+00	
 2.8559e+00	
 3.1855e+00	
 3.4562e+00	
 2.9261e+00	
 3.3275e+00	
 2.7793e+00	
 2.9256e+00	
 3.2381e+00	
 2.5999e+00	
 3.2690e+00	
 3.0655e+00	
 3.2235e+00	
 3.1770e+00	
 3.0910e+00	
 2.9444e+00	
 3.2225e+00	
 3.2275e+00	
 2.8598e+00	
 2.9606e+00	
 3.3705e+00	
 3.0208e+00	
 3.2731e+00	
 2.8938e+00	
 2.6950e+00	
 3.0300e+00	
 3.0678e+00	
 3.1618e+00	
 3.0654e+00	
 2.9419e+00	
 3.3389e+00	
 3.4121e+00	
 3.2144e+00	
 2.9780e+00	
 3.4294e+00	
 2.9889e+00	
 2.8027e+00	
 3.2860e+00	
 3.0425e+00	
 3.1800e+00	
 2.8376e+00	
 2.7177e+00	
 2.8187e+00	
 2.8532e+00	
 3.4467e+00	
 3.2967e+00	
 3.0618e+00	
 2.9969e+00	
 3.1750e+00	
 3.3084e+00	
 3.2958e+00	
 3.0195e+00	
 3.2046e+00	
 3.1166e+00	
 3.5612e+00	
 3.1029e+00	
 3.2097e+00	
 3.0407e+00	
 3.1637e+00	
 3.0923e+00	
 2.8278e+00	
 2.9802e+00	
 3.1040e+00	
 2.9351e+00	
 3.4355e+00	
 2.6631e+00	
 2.9798e+00	
 3.2279e+00	
 3.0805e+00	
 3.2292e+00	
 2.8980e+00	
 2.7406e+00	
 3.0563e+00	
 3.2339e+00	
 3.0919e+00	
 2.9544e+00	
 2.8570e+00	
 2.7194e+00	
 3.0522e+00	
 2.8150e+00	
 3.0943e+00	
 2.9791e+00	
 3.0115e+00	
 3.0750e+00	
 2.9959e+00	
 2.8801e+00	
 3.0588e+00	
 3.0328e+00	
 2.8645e+00	
 3.1484e+00	
 3.2522e+00	
 2.8905e+00	
 3.0262e+00	
 3.0421e+00	
 2.9470e+00	
 3.1362e+00	
 3.2028e+00	
 3.0591e+00	
 3.0576e+00	
 2.7805e+00	
 3.0874e+00	
 2.8243e+00	
 2.8435e+00	
 2.7436e+00	
 3.0988e+00	
 3.2309e+00	
 3.1447e+00	
 2.7366e+00	
 2.7849e+00	
 2.8948e+00	
 2.7333e+00	
 3.4152e+00	
 3.2650e+00	
 3.1322e+00	
 2.5592e+00	
 3.1956e+00	
 3.0718e+00	
 3.0304e+00	
 2.7364e+00	
 3.0269e+00	
 3.1835e+00	
 3.1780e+00	
 2.8173e+00	
 3.2992e+00	
 2.9324e+00	
 3.1575e+00	
 3.0409e+00	
 3.1959e+00	
 3.2362e+00	
 3.0962e+00	
 2.8453e+00	
 2.9324e+00	
 2.9262e+00	
 3.2127e+00	
 3.2681e+00	
 3.0543e+00	
 2.9155e+00	
 3.0099e+00	
 2.8366e+00	
 2.9142e+00	
 3.2278e+00	
 3.2099e+00	
 3.1310e+00	
 2.7792e+00	
 3.0796e+00	
 3.3426e+00	
 3.4223e+00	
 3.2795e+00	
 2.9017e+00	
 2.8856e+00	
 2.8488e+00	
 3.4631e+00	
 3.0774e+00	
 2.5806e+00	
 3.0508e+00	
 2.9720e+00	
 3.0371e+00	
 3.1736e+00	
 2.8241e+00	
 3.2690e+00	
 3.0323e+00	
 3.0691e+00	
 3.5314e+00	
 2.5576e+00	
 2.9839e+00	
 3.0166e+00	
 3.3119e+00	
 2.9677e+00	
 3.2133e+00	
 3.5005e+00	
 3.3712e+00	
 3.2366e+00	
 2.8232e+00	
 3.3462e+00	
 2.9354e+00	
 3.3344e+00	
 2.9833e+00	
 2.8956e+00	
 3.3605e+00	
 3.1781e+00	
 2.9222e+00	
 3.1743e+00	
 3.3626e+00	
 3.3801e+00	
 3.1138e+00	
 3.0965e+00	
 2.9704e+00	
 2.9671e+00	
 2.9290e+00	
 3.5021e+00	
 3.0524e+00	
 2.8482e+00	
 3.0242e+00	
 3.1206e+00	
 2.8626e+00	
 3.0222e+00	
 3.0382e+00	
 2.7893e+00	
 3.1204e+00	
 3.0379e+00	
 3.3306e+00	
 3.0920e+00	
 2.9395e+00	
 3.0637e+00	
 3.0472e+00	
 2.8991e+00	
 2.9639e+00	
 2.9461e+00	
 3.0974e+00	
 3.0623e+00	
 2.9649e+00	
 3.6450e+00	
 3.0373e+00	
 3.3696e+00	
 2.8529e+00	
 3.4016e+00	
 2.9227e+00	
 2.8295e+00	
 3.0346e+00	
 2.8388e+00	
 2.8588e+00	
 2.7157e+00	
 3.2464e+00	
 3.0373e+00	
 3.2728e+00	
 2.8711e+00	
 3.3306e+00	
 3.0646e+00	
 3.0029e+00	
 2.7411e+00	
 2.9803e+00	
 3.2649e+00	
 3.5626e+00	
 3.1026e+00	
 2.9769e+00	
 2.6677e+00	
 2.9774e+00	
 3.2306e+00	
 2.7804e+00	
 2.9971e+00	
 3.1068e+00	
 3.4488e+00	
 2.9389e+00	
 2.9533e+00	
 2.9623e+00	
 2.9206e+00	
 3.0856e+00	
 3.0523e+00	
 3.0104e+00	
 2.7578e+00	
 3.0812e+00	
 2.8535e+00	
 2.8666e+00	
 3.0004e+00	
 2.8748e+00	
 2.9528e+00	
 3.4114e+00	
 3.0742e+00	
 3.3240e+00	
 2.8572e+00	
 3.0584e+00	
 2.8594e+00	
 3.2489e+00	
 3.0704e+00	
 2.8446e+00	
 3.0589e+00	
 3.2508e+00	
 3.3664e+00	
 3.0474e+00	
 3.1281e+00	
 3.0929e+00	
 2.8828e+00	
 2.8799e+00	
 2.6789e+00	
 2.8493e+00	
 3.1453e+00	
 3.1446e+00	
 3.2588e+00	
 3.2251e+00	
 2.9526e+00	
 2.6589e+00	
 3.2998e+00	
 3.0039e+00	
 2.8948e+00	
 3.0565e+00	
 3.0456e+00	
 2.9309e+00	
 2.9180e+00	
 3.0260e+00	
 3.4365e+00	
 2.9820e+00	
 2.8943e+00	
 3.0136e+00	
 3.2350e+00	
 3.0604e+00	
 2.8996e+00	
 3.2070e+00	
 3.0344e+00	
 3.0579e+00	
 3.2342e+00	
 3.0151e+00	
 2.9717e+00	
 3.2072e+00	
 2.9753e+00	
 3.0928e+00	
 2.7890e+00	
 3.1919e+00	
 3.2904e+00	
 2.9742e+00	
 3.1659e+00	
 2.8327e+00	
 3.1739e+00	
 3.2274e+00	
 3.0182e+00	
 2.8591e+00	
 2.7667e+00	
 3.1203e+00	
 3.1505e+00	
 2.9846e+00	
 2.8615e+00	
 2.8751e+00	
 3.0392e+00	
 3.0187e+00	
 3.0694e+00	
 3.1114e+00	
 2.8572e+00	
 2.8836e+00	
 2.6279e+00	
 3.0489e+00	
 3.1067e+00	
 3.1465e+00	
 3.2046e+00	
 3.2815e+00	
 2.4895e+00	
 3.0518e+00	
 3.2254e+00	
 3.1498e+00	
 3.2150e+00	
 2.8604e+00	
 2.6531e+00	
 3.1426e+00	
 3.0712e+00	
 3.0767e+00	
 3.0484e+00	
 2.8647e+00	
 3.0167e+00	
 3.0982e+00	
 3.2235e+00	
 3.0297e+00	
 3.3320e+00	
 3.2028e+00	
 3.0056e+00	
 3.0938e+00	
 3.2474e+00	
 3.5579e+00	
 2.8256e+00	
 3.4438e+00	
 3.2584e+00	
 2.9792e+00	
 3.1868e+00	
 2.9673e+00	
 3.2519e+00	
 3.0108e+00	
 2.9057e+00	
 2.7786e+00	
 2.9341e+00	
 2.8683e+00	
 3.3546e+00	
 3.0770e+00	
 2.9445e+00	
 3.0560e+00	
 3.0156e+00	
 2.6116e+00	
 3.2571e+00	
 2.8208e+00	
 3.2022e+00	
 3.0316e+00	
 3.4939e+00	
 3.2416e+00	
 3.0124e+00	
 3.1815e+00	
 3.2316e+00	
 2.9426e+00	
 3.2380e+00	
 2.7442e+00	
 2.9880e+00	
 3.0029e+00	
 3.1065e+00	
 2.9586e+00	
 3.1548e+00	
 3.3089e+00	
 3.3064e+00	
 3.1906e+00	
 3.0446e+00	
 2.7863e+00	
 3.2108e+00	
 3.0912e+00	
 2.9257e+00	
 3.0268e+00	
 3.3549e+00	
 3.0135e+00	
 3.0579e+00	
 3.3406e+00	
 3.2042e+00	
 3.1991e+00	
 3.3020e+00	
 2.9497e+00	
 3.3271e+00	
 3.1709e+00	
 2.9738e+00	
 3.3328e+00	
 3.1023e+00	
 3.1200e+00	
 3.3104e+00	
 2.6858e+00	
 2.8364e+00	
 3.3262e+00	
 3.4591e+00	
 2.9520e+00	
 2.8745e+00	
 3.0669e+00	
 3.1427e+00	
 2.9342e+00	
 3.0587e+00	
 3.0448e+00	
 3.0029e+00	
 3.1134e+00	
 3.0548e+00	
 2.8926e+00	
 3.2774e+00	
 3.2066e+00	
 2.8840e+00	
 3.4390e+00	
 3.3249e+00	
 3.0352e+00	
 3.0311e+00	
 2.6436e+00	
 3.1727e+00	
 2.8419e+00	
 2.8861e+00	
 3.0360e+00	
 3.0389e+00	
 2.9185e+00	
 2.9503e+00	
 3.3090e+00	
 3.0734e+00	
 3.1895e+00	
 3.0052e+00	
 2.5726e+00	
 2.8920e+00	
 3.2713e+00	
 2.9576e+00	
 3.0438e+00	
 2.6588e+00	
 2.8695e+00	
 2.9931e+00	
 3.0701e+00	
 3.2781e+00	
 3.4572e+00	
 3.3551e+00	
 3.0126e+00	
 3.1509e+00	
 2.7846e+00	
 3.4067e+00	
 3.3130e+00	
 3.3486e+00	
 3.0891e+00	
 2.9885e+00	
 3.0767e+00	
 2.9788e+00	
 3.1682e+00	
 2.8335e+00	
 3.1958e+00	
 3.5078e+00	
 3.2046e+00	
 3.2613e+00	
 2.9968e+00	
 3.1455e+00	
 2.7943e+00	
 3.0819e+00	
 3.0167e+00	
 2.7001e+00	
 3.1313e+00	
 3.0107e+00	
 2.9267e+00	
 2.5329e+00	
 3.0179e+00	
 2.8926e+00	
 3.2357e+00	
 2.8011e+00	
 3.1559e+00	
 2.8458e+00	
 2.9498e+00	
 3.1553e+00	
 3.0550e+00	
 3.3509e+00	
 3.1434e+00	
 3.2530e+00	
 3.1455e+00	
 2.9608e+00	
 3.2664e+00	
 3.1216e+00	
 3.3757e+00	
 3.1238e+00	
 3.1070e+00	
 3.1426e+00	
 2.7668e+00	
 2.9274e+00	
 3.0859e+00	
 2.9683e+00	
 2.9604e+00	
 3.2591e+00	
 2.9589e+00	
 3.2794e+00	
 2.8283e+00	
 2.5822e+00	
 3.2146e+00	
 2.8621e+00	
 3.3937e+00	
 3.3850e+00	
 2.9802e+00	
 3.1026e+00	
 2.6811e+00	
 3.2072e+00	
 3.2380e+00	
 2.8715e+00	
 2.7895e+00	
 3.1069e+00	
 3.2924e+00	
 3.0127e+00	
 3.2308e+00	
 2.1819e+00	
 3.0190e+00	
 2.9077e+00	
 3.0520e+00	
 3.0874e+00	
 3.1540e+00	
 2.9489e+00	
 2.7586e+00	
 2.5979e+00	
 3.1448e+00	
 3.4108e+00	
 2.9686e+00	
 3.2862e+00	
 2.8594e+00	
 2.8309e+00	
 2.8149e+00	
 3.4121e+00	
 2.9155e+00	
 3.1812e+00	
 2.8209e+00	
 3.4211e+00	
 2.6828e+00	
 3.0124e+00	
 3.1149e+00	
 2.9424e+00	
 2.8628e+00	
 2.9751e+00	
 3.2717e+00	
 2.8981e+00	
 2.5289e+00	
 3.0613e+00	
 3.1626e+00	
 2.5160e+00	
 2.9664e+00	
 3.1378e+00	
 2.9080e+00	
 2.5130e+00	
 2.7943e+00	
 2.4947e+00	
 2.9910e+00	
 3.1156e+00	
 3.2686e+00	
 2.5072e+00	
 3.1011e+00	
 2.9761e+00	
 3.4150e+00	
 2.8808e+00	
 3.2123e+00	
 2.9314e+00	
 2.8199e+00	
 3.0827e+00	
 2.8799e+00	
 2.6998e+00	
 3.3713e+00	
 3.1159e+00	
 2.8227e+00	
 2.8268e+00	
 3.2089e+00	
 3.0353e+00	
 2.5854e+00	
 3.1331e+00	
 2.6961e+00	
 3.1098e+00	
 2.9822e+00	
 2.9739e+00	
 3.0141e+00	
 3.0429e+00	
 3.0378e+00	
 3.5562e+00	
 2.9249e+00	
 3.0195e+00	
 3.3271e+00	
 2.9931e+00	
 2.4738e+00	
 2.9449e+00	
 2.5859e+00	
 2.6404e+00	
 2.5834e+00	
 3.3849e+00	
 3.1657e+00	
 2.9777e+00	
 3.3256e+00	
 2.7737e+00	
 2.9203e+00	
 2.8228e+00	
 2.8523e+00	
 2.7491e+00	
 2.5679e+00	
 3.0354e+00	
 2.7587e+00	
 3.0821e+00	
 2.8945e+00	
 2.4753e+00	
 2.6019e+00	
 2.9533e+00	
 2.2384e+00	
 2.5781e+00	
 2.6497e+00	
 2.8932e+00	
 2.8626e+00	
 2.9147e+00	
 2.6764e+00	
 2.1642e+00	
 3.0028e+00	
 2.5935e+00	
 2.4955e+00	
 3.1539e+00	
 3.1635e+00	
 2.7392e+00	
 2.9380e+00	
 2.6459e+00	
 2.8382e+00	
 2.5390e+00	
 2.7154e+00	
 3.1061e+00	
 2.7225e+00	
 2.7960e+00	
 2.4403e+00	
 3.2955e+00	
 2.7595e+00	
 2.8730e+00	
 2.6782e+00	
 2.7681e+00	
 3.0372e+00	
 2.5979e+00	
 2.9517e+00	
 2.6215e+00	
 2.6950e+00	
 3.1029e+00	
 2.7006e+00	
 2.9512e+00	
 3.1687e+00	
 3.0485e+00	
 2.7949e+00	
 2.7621e+00	
 2.8887e+00	
 2.7263e+00	
 3.0142e+00	
 2.7879e+00	
 2.6935e+00	
 2.5785e+00	
 2.4048e+00	
 2.9589e+00	
 2.9729e+00	
 2.5488e+00	
 2.5349e+00	
 2.8030e+00	
 2.9656e+00	
 2.5939e+00	
 2.7567e+00	
 2.9760e+00	
 2.8632e+00	
 2.9078e+00	
 2.9030e+00	
 2.9395e+00	
 2.8576e+00	
 2.7336e+00	
 3.1872e+00	
 2.8225e+00	
 2.8841e+00	
 2.8751e+00	
 2.9755e+00	
 2.5697e+00	
 2.9188e+00	
 2.4116e+00	
 2.6914e+00	
 2.5579e+00	
 2.8984e+00	
 2.5075e+00	
 2.7735e+00	
 2.8571e+00	
 2.4901e+00	
 3.0230e+00	
 2.6511e+00	
 2.8367e+00	
 2.8815e+00	
 2.4213e+00	
 2.9609e+00	
 2.5319e+00	
 2.8756e+00	
 2.7947e+00	
 2.9398e+00	
 3.0943e+00	
 2.8799e+00	
 2.8730e+00	
 2.9661e+00	
 2.8979e+00	
 3.1146e+00	
 2.7619e+00	
 2.7694e+00	
 2.6349e+00	
 2.8374e+00	
 2.9173e+00	
 2.5061e+00	
 2.7021e+00	
 2.8785e+00	
 3.0103e+00	
 3.1518e+00	
 2.7518e+00	
 2.8949e+00	
 2.8676e+00	
 2.6666e+00	
 3.2884e+00	
 2.8995e+00	
 2.9287e+00	
 2.6698e+00	
 3.0017e+00	
 2.9716e+00	
 3.1787e+00	
 2.9742e+00	
 2.9498e+00	
 3.1079e+00	
 2.7541e+00	
 2.7708e+00	
 2.7252e+00	
 2.6856e+00	
 3.0088e+00	
 2.9234e+00	
 2.7221e+00	
 2.8355e+00	
 2.6650e+00	
 2.6891e+00	
 2.9072e+00	
 2.5762e+00	
 2.4261e+00	
 2.4367e+00	
 3.1247e+00	
 2.4789e+00	
 2.7993e+00	
 2.5620e+00	
 2.4422e+00	
 2.7988e+00	
 2.6642e+00	
 2.5996e+00	
 2.3102e+00	
 2.9311e+00	
 2.5169e+00	
 2.6470e+00	
 2.7899e+00	
 3.2434e+00	
 3.1799e+00	
 2.8278e+00	
 2.4477e+00	
 3.3391e+00	
 2.9266e+00	
 3.0879e+00	
 2.9703e+00	
 2.5944e+00	
 3.0220e+00	
 2.8134e+00	
 2.8258e+00	
 2.7924e+00	
 2.6846e+00	
 2.9719e+00	
 2.6723e+00	
 2.9737e+00	
 2.7731e+00	
 2.4038e+00	
 2.9433e+00	
 2.9350e+00	
 2.6774e+00	
 2.9451e+00	
 2.9429e+00	
 2.8509e+00	
 2.9553e+00	
 2.5788e+00	
 2.6529e+00	
 2.8537e+00	
 2.6212e+00	
 2.9035e+00	
 2.8906e+00	
 2.8742e+00	
 2.5576e+00	
 2.8911e+00	
 2.6548e+00	
 3.1164e+00	
 2.5312e+00	
 2.5452e+00	
 2.7931e+00	
 2.7313e+00	
 2.7865e+00	
 2.5094e+00	
 2.7241e+00	
 2.8879e+00	
 2.8756e+00	
 2.8357e+00	
 2.6651e+00	
 2.8679e+00	
 2.6805e+00	
 3.1513e+00	
 2.5699e+00	
 2.6480e+00	
 2.9069e+00	
 2.9091e+00	
 2.5459e+00	
 2.8542e+00	
 2.6368e+00	
 2.4807e+00	
 2.8591e+00	
 3.1754e+00	
 2.5966e+00	
 2.5949e+00	
 2.5900e+00	
 2.8559e+00	
 2.7390e+00	
 2.8258e+00	
 2.6004e+00	
 3.0641e+00	
 2.8198e+00	
 3.0033e+00	
 2.6714e+00	
 2.7935e+00	
 2.6191e+00	
 2.7846e+00	
 2.9292e+00	
 2.8409e+00	
 2.7754e+00	
 2.5317e+00	
 2.8004e+00	
 2.8729e+00	
 2.8307e+00	
 2.9412e+00	
 2.6869e+00	
 2.6950e+00	
 2.9005e+00	
 2.6203e+00	
 2.7735e+00	
 2.5915e+00	
 2.4384e+00	
 2.8684e+00	
 2.6198e+00	
 2.6188e+00	
 2.8302e+00	
 3.1262e+00	
 2.6172e+00	
 3.0658e+00	
 3.2278e+00	
 2.6041e+00	
 2.8413e+00	
 2.9110e+00	
 2.9461e+00	
 2.9395e+00	
 3.1333e+00	
 2.9937e+00	
 2.8036e+00	
 2.6792e+00	
 2.8518e+00	
 2.9915e+00	
 2.5963e+00	
 2.9353e+00	
 2.7594e+00	
 2.7671e+00	
 2.8350e+00	
 2.4487e+00	
 2.6738e+00	
 2.9171e+00	
 2.7311e+00	
 2.8560e+00	
 2.8231e+00	
 2.8268e+00	
 3.1602e+00	
 2.7855e+00	
 2.4354e+00	
 2.7118e+00	
 2.3328e+00	
 2.6670e+00	
 3.0641e+00	
 2.5625e+00	
 2.7712e+00	
 2.5457e+00	
 2.5308e+00	
 2.9147e+00	
 2.6548e+00	
 2.5469e+00	
 2.5183e+00	
 2.6806e+00	
 2.5481e+00	
 2.9943e+00	
 3.3604e+00	
 2.7079e+00	
 2.7653e+00	
 2.6668e+00	
 2.8317e+00	
 2.6310e+00	
 2.6621e+00	
 2.5089e+00	
 2.5397e+00	
 3.2322e+00	
 2.7789e+00	
 2.6961e+00	
 2.7108e+00	
 2.7358e+00	
 2.8001e+00	
 2.6965e+00	
 2.9005e+00	
 2.4155e+00	
 2.2314e+00	
 2.8285e+00	
 2.8008e+00	
 2.7930e+00	
 2.5668e+00	
 2.8945e+00	
 2.7021e+00	
 2.8885e+00	
 2.4503e+00	
 2.4783e+00	
 2.7908e+00	
 2.8114e+00	
 2.6636e+00	
 2.9269e+00	
 2.9650e+00	
 2.5022e+00	
 3.1301e+00	
 2.7415e+00	
 2.6811e+00	
 2.7908e+00	
 2.3079e+00	
 2.6798e+00	
 2.3402e+00	
 2.7922e+00	
 2.9614e+00	
 2.8840e+00	
 2.7644e+00	
 2.4771e+00	
 2.9264e+00	
 3.1410e+00	
 2.8044e+00	
 2.7714e+00	
 2.7780e+00	
 2.9890e+00	
 2.6427e+00	
 3.0887e+00	
 2.8145e+00	
 2.6754e+00	
 2.4188e+00	
 2.8080e+00	
 2.8074e+00	
 2.6247e+00	
 2.9148e+00	
 2.6069e+00	
 2.4785e+00	
 2.3393e+00	
 2.9173e+00	
 2.5979e+00	
 2.7997e+00	
 2.6580e+00	
 2.9382e+00	
 2.5182e+00	
 2.5771e+00	
 2.8215e+00	
 3.0664e+00	
 2.9951e+00	
 2.6852e+00	
 2.7980e+00	
 2.8124e+00	
 2.9460e+00	
 2.8053e+00	
 3.2137e+00	
 2.8033e+00	
 2.5081e+00	
 2.6045e+00	
 2.4404e+00	
 2.7400e+00	
 2.9843e+00	
 2.7616e+00	
 3.2653e+00	
 3.0332e+00	
 2.6031e+00	
 2.9637e+00	
 2.5948e+00	
 2.9994e+00	
 2.5659e+00	
 2.4916e+00	
 3.0251e+00	
 2.3036e+00	
 2.6727e+00	
 3.0260e+00	
 2.3504e+00	
 3.1499e+00	
 2.4042e+00	
 2.8187e+00	
 2.7503e+00	
 2.6064e+00	
 2.6179e+00	
 3.2513e+00	
 2.9874e+00	
 3.0280e+00	
 2.8036e+00	
 2.8027e+00	
 2.9516e+00	
 2.4169e+00	
 2.7632e+00	
 3.2312e+00	
 2.7278e+00	
 2.7298e+00	
 2.6081e+00	
 2.6461e+00	
 2.9280e+00	
 2.7786e+00	
 2.5452e+00	
 2.8527e+00	
 2.9631e+00	
 2.8984e+00	
 3.0346e+00	
 3.3124e+00	
 2.8001e+00	
 2.9049e+00	
 2.6090e+00	
 2.3434e+00	
 2.9236e+00	
 2.9770e+00	
 2.8823e+00	
 2.5625e+00	
 2.5712e+00	
 2.5463e+00	
 2.9535e+00	
 2.1415e+00	
 2.3517e+00	
 2.4931e+00	
 3.0073e+00	
 2.8241e+00	
 2.9651e+00	
 2.6122e+00	
 2.5074e+00	
 2.7014e+00	
 3.2167e+00	
 3.0222e+00	
 2.8914e+00	
 3.0835e+00	
 2.7926e+00	
 2.5705e+00	
 2.5454e+00	
 2.7719e+00	
 3.4802e+00	
 3.3248e+00	
 2.6933e+00	
 2.5447e+00	
 2.9014e+00	
 2.5811e+00	
 3.0154e+00	
 2.5522e+00	
 2.6689e+00	
 2.6479e+00	
 2.5043e+00	
 2.5819e+00	
 2.9059e+00	
 2.9183e+00	
 2.7531e+00	
 2.5221e+00	
 2.6928e+00	
 2.7942e+00	
 3.0605e+00	
 2.5997e+00	
 3.0084e+00	
 2.6631e+00	
 2.6650e+00	
 3.0947e+00	
 2.8010e+00	
 2.9281e+00	
 2.9987e+00	
 2.5260e+00	
 2.8058e+00	
 2.6371e+00	
 2.3816e+00	
 2.7107e+00	
 2.8572e+00	
 2.6098e+00	
 2.7666e+00	
 2.6689e+00	
 2.8363e+00	
 3.1572e+00	
 3.1197e+00	
 2.7506e+00	
 2.9092e+00	
 2.9034e+00	
 2.6483e+00	
 2.8945e+00	
 2.9383e+00	
 2.6446e+00	
 2.6510e+00	
 2.6086e+00	
 2.6630e+00	
 2.8531e+00	
 2.8964e+00	
 3.3677e+00	
 2.5415e+00	
 2.7960e+00	
 2.6540e+00	
 2.4920e+00	
 2.4125e+00	
 2.8923e+00	
 2.4981e+00	
 3.2087e+00	
 2.9677e+00	
 2.5660e+00	
 2.9316e+00	
 2.4660e+00	
 2.5555e+00	
 2.7528e+00	
 2.5616e+00	
 2.6799e+00	
 2.4054e+00	
 2.9177e+00	
 2.5853e+00	
 2.8001e+00	
 3.0340e+00	
 2.6387e+00	
 2.7595e+00	
 2.7261e+00	
 2.7864e+00	
 2.5593e+00	
 2.5929e+00	
 2.6953e+00	
 2.7544e+00	
 2.5428e+00	
 3.1531e+00	
 2.2661e+00	
 2.6054e+00	
 2.9820e+00	
 3.0114e+00	
 3.0391e+00	
 2.7085e+00	
 2.7954e+00	
 2.8178e+00	
 2.9835e+00	
 2.3563e+00	
 2.9816e+00	
 2.9411e+00	
 2.4125e+00	
 2.5191e+00	
 2.8787e+00	
 2.9647e+00	
 2.9064e+00	
 2.7333e+00	
 3.0340e+00	
 2.8233e+00	
 2.5590e+00	
 2.7130e+00	
 2.7635e+00	
 2.5494e+00	
 2.9420e+00	
 2.6630e+00	
 2.6102e+00	
 2.9806e+00	
 3.0374e+00	
 2.7330e+00	
 2.7134e+00	
 2.5747e+00	
 2.6463e+00	
 2.8028e+00	
 3.0420e+00	
 2.8207e+00	
 2.8154e+00	
 2.8514e+00	
 3.2255e+00	
 2.7316e+00	
 2.8085e+00	
 2.9405e+00	
 2.9984e+00	
 2.7815e+00	
 3.1251e+00	
 2.9419e+00	
 2.8095e+00	
 2.4053e+00	
 2.4201e+00	
 2.6618e+00	
 2.6704e+00	
 2.7742e+00	
 2.5893e+00	
 2.8150e+00	
 2.9052e+00	
 2.7826e+00	
 2.6466e+00	
 2.9083e+00	
 3.0198e+00	
 2.4596e+00	
 2.9534e+00	
 2.6180e+00	
 2.5485e+00	
 2.8522e+00	
 2.5507e+00	
 2.0562e+00	
 2.9761e+00	
 2.7343e+00	
 2.7536e+00	
 2.6597e+00	
 2.5497e+00	
 2.6796e+00	
 2.8547e+00	
 2.6135e+00	
 2.6752e+00	
 2.5895e+00	
 2.6210e+00	
 2.2878e+00	
 2.6336e+00	
 2.8964e+00	
 2.3556e+00	
 2.9424e+00	
 2.8313e+00	
 3.0132e+00	
 2.6406e+00	
 3.0989e+00	
 2.7305e+00	
 2.6884e+00	
 2.5944e+00	
 2.9464e+00	
 2.7060e+00	
 2.5816e+00	
 2.8310e+00	
 2.3761e+00	
 2.5631e+00	
 3.1720e+00	
 2.5704e+00	
 2.7422e+00	
 3.1573e+00	
 3.0339e+00	
 3.2482e+00	
 2.7555e+00	
 2.8879e+00	
 2.6873e+00	
 2.5549e+00	
 2.6688e+00	
 2.4007e+00	
 2.4606e+00	
 3.0661e+00	
 2.6663e+00	
 2.5538e+00	
 3.0185e+00	
 2.8341e+00	
 2.5717e+00	
 2.9313e+00	
 2.5187e+00	
 2.5798e+00	
 2.4839e+00	
 2.7398e+00	
 3.0131e+00	
 2.7921e+00	
 2.8240e+00	
 2.4880e+00	
 2.6589e+00	
 2.8304e+00	
 2.3908e+00	
 3.0195e+00	
 2.8239e+00	
 2.4583e+00	
 2.4543e+00	
 2.7319e+00	
 2.5450e+00	
 2.6013e+00	
 2.5145e+00	
 3.2298e+00	
 3.2130e+00	
 2.8176e+00	
 2.7135e+00	
 2.4918e+00	
 2.6235e+00	
 2.4963e+00	
 2.9255e+00	
 3.0054e+00	
 2.6813e+00	
 3.0273e+00	
 2.9373e+00	
 2.7752e+00	
 2.4267e+00	
 2.7716e+00	
 2.7430e+00	
 2.5739e+00	
 3.0041e+00	
 2.8211e+00	
 2.7050e+00	
 3.0057e+00	
 2.5565e+00	
 2.5800e+00	
 2.7053e+00	
 2.0029e+00	
 2.7438e+00	
 2.9934e+00	
 3.3228e+00	
 2.6973e+00	
 2.5555e+00	
 2.7546e+00	
 2.6554e+00	
 2.8085e+00	
 2.7469e+00	
 2.8714e+00	
 3.1462e+00	
 2.5021e+00	
 2.5157e+00	
 2.9060e+00	
 2.7311e+00	
 2.6983e+00	
 2.8662e+00	
 3.0519e+00	
 2.8501e+00	
 2.9586e+00	
 2.9483e+00	
 2.9431e+00	
 2.9405e+00	
 2.5984e+00	
 3.0227e+00	
 2.4620e+00	
 2.4756e+00	
 2.7522e+00	
 2.9042e+00	
 2.8204e+00	
 3.0994e+00	
 2.6956e+00	
 2.9403e+00	
 2.9253e+00	
 2.7748e+00	
 3.1115e+00	
 2.5880e+00	
 2.4434e+00	
 2.5927e+00	
 2.6290e+00	
 3.0301e+00	
 3.0440e+00	
 2.7014e+00	
 2.8629e+00	
 3.3643e+00	
 3.0052e+00	
 3.4740e+00	
 3.1306e+00	
 2.6784e+00	
 2.5975e+00	
 2.8814e+00	
 2.5021e+00	
 2.5220e+00	
 2.7900e+00	
 2.7633e+00	
 2.5676e+00	
 2.5167e+00	
 2.6618e+00	
 2.6145e+00	
 2.9765e+00	
 2.8938e+00	
 2.4185e+00	
 2.8426e+00	
 3.0960e+00	
 3.1752e+00	
 2.7582e+00	
 2.9284e+00	
 2.6293e+00	
 3.1084e+00	
 2.5491e+00	
 2.7531e+00	
 2.8823e+00	
 2.9354e+00	
 2.7152e+00	
 2.8221e+00	
 2.9563e+00	
 2.7549e+00	
 3.0052e+00	
 2.3842e+00	
 2.8186e+00	
 3.1400e+00	
 2.5917e+00	
 3.2076e+00	
 2.5973e+00	
 2.6908e+00	
 2.5724e+00	
 3.1619e+00	
 2.5891e+00	
 2.7752e+00	
 2.7674e+00	
 2.5389e+00	
 2.9094e+00	
 2.7399e+00	
 2.9013e+00	
 2.4339e+00	
 2.8129e+00	
 2.8139e+00	
 2.7330e+00	
 2.8385e+00	
 2.8110e+00	
 2.4622e+00	
 2.6308e+00	
 2.8553e+00	
 2.9667e+00	
 2.6846e+00	
 3.1428e+00	
 3.1203e+00	
 2.7586e+00	
 2.8459e+00	
 2.6830e+00	
 3.2494e+00	
 2.6604e+00	
 2.4015e+00	
 2.9109e+00	
 3.2545e+00	
 2.7459e+00	
 3.0530e+00	
 2.8151e+00	
 2.9293e+00	
 2.7931e+00	
 2.3536e+00	
 2.6071e+00	
 2.8148e+00	
 2.7015e+00	
 2.7924e+00	
 3.0482e+00	
 2.7039e+00	
 2.7793e+00	
 2.4730e+00	
 3.0972e+00	
 2.7718e+00	
 2.6691e+00	
 2.6942e+00	
 2.7457e+00	
 2.6139e+00	
 2.9433e+00	
 2.7405e+00	
 2.4354e+00	
 2.6215e+00	
 2.6018e+00	
 2.7647e+00	
 2.7968e+00	
 2.5577e+00	
 2.4612e+00	
 2.7648e+00	
 2.6684e+00	
 3.1293e+00	
 2.9272e+00	
 2.6473e+00	
 2.4219e+00	
 2.9955e+00	
 2.5720e+00	
 2.8335e+00	
 2.6764e+00	
 2.7411e+00	
 2.7463e+00	
 2.6370e+00	
 2.6315e+00	
 2.6415e+00	
 2.8942e+00	
 2.6136e+00	
 3.0106e+00	
 2.6742e+00	
 3.0244e+00	
 2.5848e+00	
 2.6976e+00	
 3.0261e+00	
 2.8268e+00	
 2.6628e+00	
 2.7358e+00	
 2.7481e+00	
 3.0786e+00	
 3.2989e+00	
 2.5433e+00	
 2.6874e+00	
 2.4672e+00	
 2.6382e+00	
 2.9250e+00	
 2.6144e+00	
 2.8828e+00	
 2.6194e+00	
 3.1570e+00	
 2.6273e+00	
 2.6354e+00	
 2.6132e+00	
 2.9173e+00	
 2.6352e+00	
 2.9042e+00	
 2.6022e+00	
 2.3827e+00	
 2.8139e+00	
 2.2627e+00	
 3.0418e+00	
 2.9185e+00	
 2.5211e+00	
 2.7667e+00	
 2.6948e+00	
 3.0570e+00	
 2.3236e+00	
 2.4245e+00	
 3.0590e+00	
 2.8851e+00	
 2.2847e+00	
 2.8006e+00	
 2.5963e+00	
 2.6305e+00	
 2.3054e+00	
 3.4979e+00	
 3.1855e+00	
 2.9653e+00	
 2.3662e+00	
 2.3386e+00	
 2.6176e+00	
 2.8292e+00	
 2.8380e+00	
 2.9289e+00	
 2.6419e+00	
 2.6022e+00	
 2.8497e+00	
 2.5582e+00	
 3.0254e+00	
 2.7433e+00	
 2.6995e+00	
 2.5205e+00	
 2.8129e+00	
 3.1031e+00	
 2.6264e+00	
 2.8123e+00	
 2.7022e+00	
 2.8438e+00	
 2.8020e+00	
 2.6359e+00	
 2.4482e+00	
 2.3485e+00	
 2.4286e+00	
 2.7235e+00	
 3.1904e+00	
 3.1093e+00	
 2.6732e+00	
 2.7843e+00	
 3.1273e+00	
 2.9492e+00	
 3.0776e+00	
 2.3766e+00	
 2.3819e+00	
 2.8141e+00	
 2.7005e+00	
 2.6729e+00	
 2.6443e+00	
 2.9085e+00	
 2.7042e+00	
 2.6702e+00	
 3.1706e+00	
 2.8804e+00	
 2.8814e+00	
 2.6214e+00	
 2.7818e+00	
 3.0254e+00	
 2.8349e+00	
 3.0727e+00	
 3.0642e+00	
 2.6606e+00	
 2.5130e+00	
 2.5395e+00	
 2.6597e+00	
 2.9659e+00	
 2.5958e+00	
 2.4494e+00	
 2.3948e+00	
 2.7822e+00	
 2.6629e+00	
 2.6593e+00	
 3.1745e+00	
 2.6713e+00	
 2.8367e+00	
 2.4090e+00	
 3.1109e+00	
 2.5488e+00	
 2.8848e+00	
 2.4678e+00	
 2.6937e+00	
 2.2285e+00	
 3.0741e+00	
 2.6526e+00	
 2.5432e+00	
 2.4590e+00	
 2.4326e+00	
 2.4625e+00	
 2.6732e+00	
 3.1372e+00	
 3.0089e+00	
 2.6673e+00	
 2.6286e+00	
 2.7852e+00	
 3.0372e+00	
 2.4234e+00	
 2.8749e+00	
 2.0263e+00	
 2.4816e+00	
 2.7415e+00	
 2.6479e+00	
 2.8097e+00	
 2.5782e+00	
 2.5932e+00	
 2.9353e+00	
 2.7643e+00	
 2.6811e+00	
 2.7003e+00	
 2.4584e+00	
 2.9267e+00	
 2.2882e+00	
 2.8889e+00	
 2.3897e+00	
 2.7551e+00	
 2.8519e+00	
 2.5069e+00	
 2.5908e+00	
 2.5955e+00	
 2.7570e+00	
 2.4343e+00	
 3.0347e+00	
 2.6453e+00	
 2.7596e+00	
 2.9535e+00	
 2.7078e+00	
 2.6699e+00	
 3.0032e+00	
 2.3908e+00	
 3.0951e+00	
 2.8266e+00	
 2.6889e+00	
 2.3641e+00	
 2.4420e+00	
 2.3489e+00	
 2.5363e+00	
 2.8931e+00	
 2.8684e+00	
 2.9552e+00	
 2.7843e+00	
 2.9789e+00	
 2.7365e+00	
 2.6046e+00	
 3.0438e+00	
 2.4884e+00	
 3.0125e+00	
 2.6312e+00	
 2.6964e+00	
 2.6101e+00	
 2.9417e+00	
 2.4785e+00	
 2.7768e+00	
 2.9275e+00	
 2.7009e+00	
 2.5430e+00	
 2.5987e+00	
 2.6930e+00	
 3.0266e+00	
 2.9764e+00	
 2.7163e+00	
 2.5506e+00	
 2.5371e+00	
 2.7484e+00	
 2.8521e+00	
 2.6388e+00	
 2.5031e+00	
 3.0434e+00	
 3.0427e+00	
 2.7830e+00	
 2.3143e+00	
 2.7550e+00	
 3.2010e+00	
 3.0297e+00	
 2.1892e+00	
 2.5916e+00	
 2.9265e+00	
 2.4328e+00	
 2.8665e+00	
 2.3327e+00	
 2.6362e+00	
 2.5902e+00	
 2.6784e+00	
 2.6994e+00	
 2.8946e+00	
 2.4584e+00	
 2.7900e+00	
 2.4855e+00	
 2.7235e+00	
 2.7759e+00	
 2.7672e+00	
 2.9341e+00	
 2.4614e+00	
 2.7421e+00	
 2.6313e+00	
 3.0396e+00	
 2.9488e+00	
 2.7650e+00	
 2.3035e+00	
 2.5934e+00	
 2.5670e+00	
 2.5558e+00	
 2.5134e+00	
 2.7137e+00	
 2.4985e+00	
 2.8927e+00	
 2.6630e+00	
 2.7781e+00	
 2.7712e+00	
 2.6714e+00	
 2.7925e+00	
 2.8299e+00	
 2.5894e+00	
 3.0180e+00	
 2.5250e+00	
 2.4016e+00	
 2.8696e+00	
 2.8424e+00	
 2.9243e+00	
 2.6306e+00	
 2.7508e+00	
 2.9048e+00	
 2.7769e+00	
 2.4877e+00	
 2.7645e+00	
 2.7593e+00	
 2.5279e+00	
 2.3699e+00	
 2.7088e+00	
 2.7957e+00	
 2.4347e+00	
 2.7200e+00	
 2.4281e+00	
 2.8093e+00	
 2.3463e+00	
 2.7692e+00	
 3.0055e+00	
 2.8265e+00	
 2.4857e+00	
 2.3850e+00	
 2.9688e+00	
 2.7144e+00	
 2.7666e+00	
 2.4551e+00	
 3.0803e+00	
 2.7486e+00	
 2.6806e+00	
 2.9874e+00	
 2.8487e+00	
 2.4719e+00	
 2.5550e+00	
 3.0170e+00	
 2.3671e+00	
 2.7529e+00	
 2.3750e+00	
 2.7788e+00	
 2.5269e+00	
 3.0401e+00	
 2.6902e+00	
 2.8779e+00	
 2.7770e+00	
 2.4769e+00	
 3.0026e+00	
 2.4793e+00	
 2.8286e+00	
 2.3872e+00	
 2.4928e+00	
 2.8512e+00	
 2.6281e+00	
 2.6246e+00	
 2.6234e+00	
 2.6511e+00	
 2.3286e+00	
 2.7108e+00	
 2.5405e+00	
 2.3746e+00	
 2.7588e+00	
 2.9696e+00	
 2.6502e+00	
 2.5785e+00	
 2.4924e+00	
 3.0621e+00	
 2.4150e+00	
 3.1000e+00	
 2.5661e+00	
 2.7759e+00	
 2.2492e+00	
 2.8340e+00	
 2.9398e+00	
 2.4206e+00	
 2.6896e+00	
 2.7730e+00	
 2.4193e+00	
 2.3138e+00	
 3.0912e+00	
 2.8019e+00	
 2.3076e+00	
 2.7091e+00	
 3.1238e+00	
 2.6835e+00	
 2.5500e+00	
 3.1285e+00	
 2.6570e+00	
 2.7849e+00	
 2.9323e+00	
 2.5087e+00	
 2.6823e+00	
 2.5225e+00	
 2.9279e+00	
 2.6028e+00	
 2.3667e+00	
 2.1025e+00	
 2.6444e+00	
 3.0269e+00	
 2.4280e+00	
 2.7510e+00	
 2.4457e+00	
 2.2553e+00	
 2.5283e+00	
 2.5223e+00	
 2.3342e+00	
 2.1657e+00	
 2.3392e+00	
 2.4485e+00	
 2.3200e+00	
 2.1738e+00	
 2.6450e+00	
 2.3485e+00	
 2.5489e+00	
 2.3346e+00	
 1.9980e+00	
 2.1452e+00	
 2.3607e+00	
 2.1315e+00	
 2.0293e+00	
 2.9631e+00	
 2.6760e+00	
 2.3224e+00	
 2.7816e+00	
 2.5747e+00	
 2.1699e+00	
 2.3564e+00	
 2.4322e+00	
 2.2495e+00	
 2.4842e+00	
 2.2880e+00	
 2.1194e+00	
 2.3357e+00	
 2.8909e+00	
 2.5538e+00	
 2.3982e+00	
 2.6985e+00	
 2.1198e+00	
 2.4183e+00	
 2.2378e+00	
 2.4656e+00	
 2.1664e+00	
 2.4016e+00	
 2.3676e+00	
 1.9045e+00	
 2.1131e+00	
 2.3241e+00	
 2.3815e+00	
 2.6129e+00	
 2.1948e+00	
 2.9858e+00	
 2.4584e+00	
 2.4528e+00	
 2.1332e+00	
 2.2363e+00	
 2.5247e+00	
 2.5435e+00	
 2.3595e+00	
 2.7222e+00	
 2.5260e+00	
 2.3582e+00	
 2.1516e+00	
 2.6766e+00	
 2.3169e+00	
 2.6804e+00	
 2.8934e+00	
 2.6867e+00	
 2.3284e+00	
 2.2805e+00	
 2.3833e+00	
 2.4143e+00	
 2.3406e+00	
 2.2860e+00	
 2.7436e+00	
 2.3413e+00	
 2.3532e+00	
 2.6970e+00	
 2.2585e+00	
 2.3156e+00	
 2.5232e+00	
 2.5760e+00	
 2.5803e+00	
 2.4654e+00	
 2.4073e+00	
 2.1273e+00	
 2.6203e+00	
 2.5660e+00	
 2.2509e+00	
 2.4045e+00	
 2.2358e+00	
 2.1859e+00	
 2.4491e+00	
 2.7453e+00	
 2.5420e+00	
 2.7051e+00	
 2.2904e+00	
 2.2923e+00	
 2.7530e+00	
 2.1325e+00	
 3.0127e+00	
 2.4822e+00	
 2.7589e+00	
 2.4023e+00	
 2.2891e+00	
 2.5102e+00	
 2.7937e+00	
 2.6216e+00	
 2.2278e+00	
 2.4330e+00	
 2.3322e+00	
 2.1942e+00	
 2.5871e+00	
 2.5538e+00	
 2.3984e+00	
 2.2658e+00	
 2.7659e+00	
 2.2982e+00	
 2.7770e+00	
 2.7252e+00	
 2.4892e+00	
 2.4170e+00	
 2.5360e+00	
 2.3844e+00	
 2.5562e+00	
 2.3551e+00	
 1.9672e+00	
 2.3547e+00	
 2.2193e+00	
 2.4373e+00	
 2.5162e+00	
 2.7309e+00	
 2.4365e+00	
 2.1828e+00	
 2.5568e+00	
 2.5472e+00	
 2.4705e+00	
 2.2319e+00	
 2.4190e+00	
 2.3556e+00	
 2.4646e+00	
 2.2804e+00	
 2.6516e+00	
 2.6006e+00	
 2.3632e+00	
 2.5146e+00	
 2.9010e+00	
 3.1819e+00	
 2.2027e+00	
 2.5050e+00	
 2.4746e+00	
 2.3204e+00	
 2.2029e+00	
 2.0991e+00	
 2.6500e+00	
 2.2202e+00	
 2.4212e+00	
 2.3810e+00	
 2.0412e+00	
 2.6489e+00	
 2.3775e+00	
 2.1035e+00	
 2.7371e+00	
 2.2504e+00	
 2.6738e+00	
 2.3641e+00	
 2.8207e+00	
 2.4490e+00	
 2.6289e+00	
 2.5536e+00	
 2.0382e+00	
 2.1408e+00	
 2.3876e+00	
 2.7439e+00	
 2.0799e+00	
 2.5842e+00	
 2.7129e+00	
 2.4634e+00	
 2.5477e+00	
 2.2307e+00	
 2.3584e+00	
 1.9887e+00	
 2.4131e+00	
 1.6902e+00	
 2.2470e+00	
 2.5967e+00	
 2.4237e+00	
 2.2416e+00	
 2.7513e+00	
 1.9475e+00	
 2.4764e+00	
 2.4173e+00	
 2.3014e+00	
 1.9527e+00	
 2.3653e+00	
 3.1309e+00	
 2.4258e+00	
 2.4378e+00	
 2.5645e+00	
 2.6930e+00	
 2.5375e+00	
 2.4243e+00	
 2.3664e+00	
 2.4690e+00	
 2.5385e+00	
 2.2567e+00	
 2.4737e+00	
 2.4667e+00	
 2.5599e+00	
 2.4808e+00	
 2.3886e+00	
 2.2860e+00	
 2.1075e+00	
 1.9876e+00	
 2.4923e+00	
 2.5705e+00	
 2.2154e+00	
 2.2078e+00	
 2.4344e+00	
 2.5793e+00	
 2.4774e+00	
 2.5552e+00	
 2.1781e+00	
 2.8020e+00	
 2.2701e+00	
 3.0602e+00	
 2.6640e+00	
 2.7620e+00	
 2.3467e+00	
 2.7078e+00	
 2.3017e+00	
 2.7711e+00	
 2.7441e+00	
 2.3916e+00	
 2.8752e+00	
 2.4058e+00	
 2.4405e+00	
 2.3791e+00	
 2.5044e+00	
 2.2730e+00	
 2.5144e+00	
 2.5071e+00	
 2.6030e+00	
 2.3118e+00	
 2.2672e+00	
 2.6600e+00	
 2.4050e+00	
 2.1706e+00	
 2.5426e+00	
 2.3659e+00	
 2.3228e+00	
 2.3036e+00	
 2.4872e+00	
 2.4069e+00	
 2.2188e+00	
 2.1293e+00	
 2.7338e+00	
 2.5948e+00	
 2.5229e+00	
 2.2323e+00	
 2.5414e+00	
 2.8076e+00	
 2.3732e+00	
 2.4134e+00	
 2.8205e+00	
 2.5324e+00	
 2.6419e+00	
 2.2564e+00	
 2.4961e+00	
 2.4286e+00	
 2.3881e+00	
 2.4315e+00	
 2.4934e+00	
 2.0998e+00	
 2.2805e+00	
 2.2249e+00	
 2.3958e+00	
 2.4825e+00	
 2.5790e+00	
 2.2881e+00	
 2.3307e+00	
 2.6925e+00	
 2.1865e+00	
 2.4615e+00	
 2.3421e+00	
 2.1640e+00	
 2.2471e+00	
 2.1286e+00	
 2.8185e+00	
 2.4757e+00	
 2.5378e+00	
 2.7277e+00	
 2.7431e+00	
 2.4126e+00	
 2.2842e+00	
 2.1591e+00	
 2.7423e+00	
 2.1363e+00	
 2.2772e+00	
 2.2275e+00	
 2.5687e+00	
 2.8708e+00	
 2.2321e+00	
 2.3790e+00	
 2.2767e+00	
 2.4505e+00	
 2.8555e+00	
 2.2720e+00	
 2.3825e+00	
 2.7349e+00	
 2.5688e+00	
 2.1236e+00	
 2.6927e+00	
 2.3248e+00	
 2.5129e+00	
 2.2328e+00	
 2.3418e+00	
 2.2305e+00	
 2.2437e+00	
 2.1344e+00	
 2.6948e+00	
 2.3093e+00	
 2.5165e+00	
 2.7289e+00	
 2.2074e+00	
 2.3208e+00	
 2.2505e+00	
 2.2762e+00	
 2.3808e+00	
 2.3189e+00	
 2.5050e+00	
 2.2354e+00	
 2.6927e+00	
 2.6617e+00	
 2.4684e+00	
 2.6762e+00	
 2.3317e+00	
 2.5479e+00	
 2.4453e+00	
 2.2012e+00	
 2.4721e+00	
 2.1950e+00	
 2.1513e+00	
 2.1541e+00	
 2.6027e+00	
 2.5193e+00	
 2.2452e+00	
 2.5413e+00	
 2.1537e+00	
 2.5458e+00	
 2.3840e+00	
 2.3073e+00	
 2.5020e+00	
 2.4983e+00	
 2.4539e+00	
 2.0923e+00	
 2.6244e+00	
 2.2771e+00	
 2.5079e+00	
 2.3609e+00	
 2.6132e+00	
 2.4638e+00	
 2.2832e+00	
 2.0504e+00	
 2.1849e+00	
 2.8580e+00	
 2.5130e+00	
 2.4734e+00	
 2.0022e+00	
 2.3252e+00	
 2.3927e+00	
 2.3327e+00	
 2.3705e+00	
 2.4805e+00	
 2.4722e+00	
 2.1296e+00	
 2.3845e+00	
 2.7197e+00	
 2.5896e+00	
 2.3101e+00	
 2.4236e+00	
 2.4851e+00	
 2.6981e+00	
 2.6318e+00	
 2.4659e+00	
 2.2291e+00	
 2.3796e+00	
 2.3892e+00	
 1.9576e+00	
 2.1720e+00	
 2.4134e+00	
 2.2569e+00	
 2.5104e+00	
 2.1831e+00	
 2.8403e+00	
 2.5733e+00	
 2.4056e+00	
 2.3946e+00	
 2.0841e+00	
 2.3903e+00	
 2.7504e+00	
 2.5686e+00	
 2.4036e+00	
 2.4812e+00	
 2.6188e+00	
 2.4130e+00	
 2.2890e+00	
 2.4196e+00	
 2.6950e+00	
 2.4416e+00	
 2.9532e+00	
 2.7324e+00	
 2.4417e+00	
 2.3418e+00	
 2.1892e+00	
 2.3073e+00	
 2.3574e+00	
 2.1603e+00	
 2.0552e+00	
 2.5086e+00	
 2.1092e+00	
 2.3517e+00	
 2.4502e+00	
 2.3923e+00	
 2.7006e+00	
 2.3520e+00	
 2.7993e+00	
 2.7436e+00	
 2.4112e+00	
 2.7071e+00	
 2.0568e+00	
 2.3495e+00	
 2.3700e+00	
 2.3713e+00	
 2.2512e+00	
 2.8813e+00	
 2.7778e+00	
 2.7016e+00	
 2.3088e+00	
 2.3958e+00	
 2.6327e+00	
 1.9934e+00	
 2.3774e+00	
 2.3691e+00	
 2.6081e+00	
 2.6899e+00	
 2.1234e+00	
 1.9614e+00	
 2.3953e+00	
 2.0571e+00	
 2.3322e+00	
 2.5820e+00	
 2.0580e+00	
 2.6259e+00	
 2.4690e+00	
 1.9889e+00	
 2.2993e+00	
 2.1931e+00	
 2.5680e+00	
 2.4749e+00	
 2.2653e+00	
 2.4628e+00	
 2.3065e+00	
 2.6565e+00	
 2.4245e+00	
 2.7622e+00	
 2.4388e+00	
 2.4356e+00	
 2.1600e+00	
 2.5597e+00	
 2.0292e+00	
 2.3183e+00	
 2.3014e+00	
 2.6447e+00	
 2.5201e+00	
 2.7011e+00	
 2.5791e+00	
 2.6944e+00	
 2.4677e+00	
 2.2902e+00	
 2.4801e+00	
 2.1732e+00	
 2.6089e+00	
 2.3910e+00	
 2.4032e+00	
 2.6394e+00	
 2.9636e+00	
 2.1014e+00	
 2.4576e+00	
 2.1078e+00	
 2.2664e+00	
 2.6538e+00	
 2.7178e+00	
 2.6220e+00	
 2.2467e+00	
 1.9599e+00	
 2.4078e+00	
 2.2425e+00	
 2.5117e+00	
 2.0328e+00	
 2.6510e+00	
 2.1437e+00	
 2.5250e+00	
 2.5034e+00	
 2.7203e+00	
 2.5807e+00	
 2.4848e+00	
 2.4986e+00	
 2.1736e+00	
 2.8838e+00	
 2.2828e+00	
 2.4085e+00	
 2.5173e+00	
 2.6242e+00	
 2.4945e+00	
 2.7206e+00	
 2.8266e+00	
 2.5077e+00	
 2.9116e+00	
 2.9936e+00	
 2.1640e+00	
 2.6450e+00	
 2.1687e+00	
 2.1778e+00	
 2.2170e+00	
 2.2040e+00	
 2.4445e+00	
 2.5869e+00	
 2.3624e+00	
 2.5614e+00	
 2.1635e+00	
 2.0167e+00	
 2.0966e+00	
 2.1538e+00	
 2.6102e+00	
 2.2578e+00	
 2.2880e+00	
 2.8062e+00	
 2.3123e+00	
 2.2960e+00	
 2.6920e+00	
 2.2884e+00	
 2.3190e+00	
 2.3714e+00	
 2.5104e+00	
 2.3200e+00	
 2.4175e+00	
 2.5482e+00	
 2.4220e+00	
 2.3825e+00	
 1.9892e+00	
 2.1979e+00	
 2.5814e+00	
 2.6189e+00	
 2.3227e+00	
 2.4741e+00	
 2.5072e+00	
 2.4775e+00	
 2.3977e+00	
 2.0124e+00	
 1.9042e+00	
 2.1560e+00	
 2.5501e+00	
 2.7594e+00	
 2.5024e+00	
 2.4133e+00	
 2.6536e+00	
 2.3110e+00	
 2.2087e+00	
 2.6202e+00	
 2.6400e+00	
 2.5645e+00	
 2.8345e+00	
 2.6612e+00	
 2.5938e+00	
 2.7102e+00	
 2.1445e+00	
 2.2780e+00	
 2.4313e+00	
 2.4425e+00	
 2.0901e+00	
 2.3953e+00	
 2.1559e+00	
 2.2633e+00	
 2.1852e+00	
 2.3920e+00	
 2.4655e+00	
 2.4948e+00	
 2.1765e+00	
 1.9701e+00	
 2.3256e+00	
 2.4034e+00	
 2.6170e+00	
 2.5613e+00	
 2.4830e+00	
 2.7100e+00	
 2.7077e+00	
 2.0574e+00	
 2.2836e+00	
 2.3189e+00	
 1.9139e+00	
 2.3792e+00	
 2.0287e+00	
 2.4877e+00	
 2.4831e+00	
 2.3923e+00	
 2.6010e+00	
 3.3229e+00	
 2.0098e+00	
 2.6238e+00	
 2.4837e+00	
 2.3488e+00	
 2.1822e+00	
 2.0759e+00	
 2.6652e+00	
 2.3347e+00	
 2.6778e+00	
 2.1083e+00	
 2.6317e+00	
 2.4617e+00	
 2.8331e+00	
 2.5283e+00	
 2.7552e+00	
 2.5492e+00	
 2.2648e+00	
 2.3969e+00	
 2.3309e+00	
 2.4117e+00	
 2.9184e+00	
 2.6883e+00	
 2.3613e+00	
 2.7139e+00	
 2.2864e+00	
 2.2083e+00	
 2.1521e+00	
 2.0014e+00	
 2.3310e+00	
 2.0619e+00	
 2.1320e+00	
 2.4094e+00	
 2.3606e+00	
 2.4488e+00	
 2.2311e+00	
 2.3198e+00	
 2.2818e+00	
 2.4237e+00	
 2.5690e+00	
 2.3506e+00	
 2.4428e+00	
 2.9634e+00	
 2.2221e+00	
 2.5643e+00	
 2.9276e+00	
 2.1592e+00	
 2.1973e+00	
 2.9427e+00	
 2.1746e+00	
 2.8668e+00	
 2.2416e+00	
 2.5680e+00	
 2.2031e+00	
 2.4576e+00	
 2.5384e+00	
 2.5007e+00	
 2.2234e+00	
 2.6598e+00	
 1.9020e+00	
 2.2233e+00	
 2.1863e+00	
 2.3766e+00	
 2.2503e+00	
 2.7070e+00	
 2.6913e+00	
 3.1209e+00	
 2.4607e+00	
 2.2960e+00	
 2.7372e+00	
 2.5969e+00	
 2.6290e+00	
 2.7327e+00	
 2.5893e+00	
 2.2853e+00	
 2.5902e+00	
 2.3957e+00	
 2.7714e+00	
 2.3125e+00	
 2.7210e+00	
 2.4641e+00	
 2.1130e+00	
 2.3360e+00	
 2.7632e+00	
 2.3936e+00	
 2.6800e+00	
 2.1112e+00	
 2.5977e+00	
 2.4985e+00	
 2.6186e+00	
 2.6942e+00	
 2.4845e+00	
 2.6144e+00	
 2.0784e+00	
 2.4408e+00	
 1.9824e+00	
 2.0659e+00	
 2.6950e+00	
 2.4426e+00	
 2.3639e+00	
 2.4119e+00	
 2.1261e+00	
 2.3798e+00	
 2.3458e+00	
 2.3305e+00	
 2.5051e+00	
 1.9349e+00	
 2.8058e+00	
 2.2017e+00	
 1.9561e+00	
 2.9075e+00	
 2.1584e+00	
 2.1605e+00	
 2.5644e+00	
 2.6152e+00	
 2.5074e+00	
 2.0398e+00	
 2.5229e+00	
 2.3012e+00	
 2.2115e+00	
 2.4732e+00	
 2.5386e+00	
 2.2499e+00	
 1.9635e+00	
 2.5789e+00	
 2.6932e+00	
 2.2476e+00	
 2.4935e+00	
 2.3705e+00	
 3.0962e+00	
 2.1363e+00	
 2.4667e+00	
 2.2468e+00	
 2.2618e+00	
 2.4161e+00	
 2.4644e+00	
 2.3976e+00	
 2.5880e+00	
 2.3979e+00	
 1.9824e+00	
 2.4896e+00	
 2.7290e+00	
 2.2482e+00	
 2.3439e+00	
 2.5775e+00	
 2.2945e+00	
 2.1243e+00	
 2.3493e+00	
 2.7184e+00	
 2.1569e+00	
 2.1955e+00	
 2.6015e+00	
 2.2783e+00	
 2.3954e+00	
 2.1245e+00	
 2.7448e+00	
 2.9868e+00	
 2.3325e+00	
 2.0656e+00	
 2.4326e+00	
 2.5677e+00	
 2.5082e+00	
 2.5360e+00	
 2.4473e+00	
 2.3343e+00	
 2.2935e+00	
 2.5676e+00	
 2.2127e+00	
 2.7513e+00	
 2.0539e+00	
 1.9507e+00	
 1.9363e+00	
 2.4501e+00	
 2.6679e+00	
 2.4737e+00	
 2.5459e+00	
 1.9016e+00	
 2.4473e+00	
 2.8220e+00	
 2.5994e+00	
 2.0684e+00	
 2.5769e+00	
 2.5450e+00	
 2.1796e+00	
 2.4511e+00	
 1.9978e+00	
 2.4150e+00	
 2.7629e+00	
 1.9078e+00	
 2.3489e+00	
 2.4262e+00	
 2.5760e+00	
 1.9735e+00	
 2.3076e+00	
 2.7955e+00	
 2.6289e+00	
 2.2716e+00	
 2.0292e+00	
 2.4551e+00	
 2.6783e+00	
 2.2487e+00	
 2.5450e+00	
 2.3322e+00	
 2.8575e+00	
 2.7403e+00	
 2.6842e+00	
 2.2087e+00	
 2.4475e+00	
 2.5282e+00	
 2.5155e+00	
 2.5887e+00	
 2.5907e+00	
 2.6564e+00	
 2.3451e+00	
 2.2748e+00	
 2.0709e+00	
 2.3653e+00	
 2.4153e+00	
 2.8453e+00	
 2.6397e+00	
 2.2985e+00	
 2.4984e+00	
 2.5867e+00	
 2.6080e+00	
 2.4715e+00	
 2.6009e+00	
 2.3798e+00	
 2.7581e+00	
 2.2508e+00	
 2.4421e+00	
 2.5925e+00	
 1.9710e+00	
 1.9195e+00	
 2.3103e+00	
 2.5883e+00	
 2.4553e+00	
 2.1981e+00	
 2.8242e+00	
 2.6943e+00	
 2.5975e+00	
 2.3233e+00	
 2.1229e+00	
 2.5140e+00	
 2.2529e+00	
 2.5978e+00	
 2.4743e+00	
 2.2764e+00	
 2.7257e+00	
 2.2611e+00	
 2.3421e+00	
 2.4438e+00	
 2.4575e+00	
 2.2875e+00	
 2.1758e+00	
 2.6697e+00	
 2.3562e+00	
 2.4571e+00	
 2.2297e+00	
 2.4681e+00	
 2.3006e+00	
 2.0676e+00	
 2.6609e+00	
 2.2996e+00	
 2.3134e+00	
 2.0526e+00	
 2.3635e+00	
 2.7653e+00	
 2.3436e+00	
 3.0022e+00	
 2.4700e+00	
 2.4081e+00	
 2.2078e+00	
 2.7260e+00	
 2.4312e+00	
 2.3840e+00	
 2.8839e+00	
 2.3690e+00	
 2.4350e+00	
 2.0995e+00	
 2.3125e+00	
 2.4756e+00	
 2.3147e+00	
 2.7171e+00	
 2.7275e+00	
 2.4028e+00	
 2.2102e+00	
 2.3855e+00	
 2.3743e+00	
 2.3323e+00	
 2.4807e+00	
 2.4184e+00	
 2.1943e+00	
 2.4185e+00	
 2.1728e+00	
 2.4735e+00	
 2.4319e+00	
 2.1960e+00	
 2.3036e+00	
 2.7756e+00	
 2.5295e+00	
 2.6425e+00	
 2.2920e+00	
 1.9783e+00	
 2.2483e+00	
 2.1934e+00	
 2.7722e+00	
 2.2811e+00	
 2.5181e+00	
 2.5036e+00	
 2.4408e+00	
 2.6759e+00	
 2.4530e+00	
 2.1976e+00	
 2.5812e+00	
 2.5457e+00	
 2.0693e+00	
 2.2276e+00	
 2.6500e+00	
 2.5290e+00	
 2.7120e+00	
 2.6787e+00	
 2.9291e+00	
 2.2326e+00	
 2.1526e+00	
 2.2312e+00	
 2.1127e+00	
 2.2624e+00	
 2.2150e+00	
 2.9252e+00	
 2.1444e+00	
 2.2535e+00	
 2.2438e+00	
 2.6083e+00	
 2.2896e+00	
 2.0671e+00	
 2.6054e+00	
 2.1005e+00	
 2.1628e+00	
 2.5010e+00	
 2.5224e+00	
 2.5073e+00	
 2.5106e+00	
 2.4106e+00	
 2.3658e+00	
 2.3346e+00	
 2.5811e+00	
 2.5661e+00	
 2.2015e+00	
 2.9119e+00	
 2.1891e+00	
 1.9913e+00	
 2.2287e+00	
 2.5617e+00	
 2.4913e+00	
 2.1889e+00	
 2.0710e+00	
 2.3031e+00	
 2.5328e+00	
 2.5721e+00	
 2.2142e+00	
 2.4813e+00	
 2.5642e+00	
 2.3385e+00	
 2.4130e+00	
 2.4827e+00	
 2.1841e+00	
 2.4431e+00	
 1.8274e+00	
 2.6004e+00	
 2.4976e+00	
 1.9643e+00	
 2.1486e+00	
 2.8321e+00	
 2.5713e+00	
 2.3753e+00	
 2.4170e+00	
 2.5213e+00	
 2.4133e+00	
 2.5015e+00	
 2.4276e+00	
 2.6663e+00	
 2.5140e+00	
 2.4666e+00	
 2.3923e+00	
 2.0239e+00	
 2.0524e+00	
 2.4974e+00	
 2.1258e+00	
 2.5056e+00	
 2.3044e+00	
 2.5871e+00	
 2.4186e+00	
 2.1826e+00	
 2.1649e+00	
 2.2155e+00	
 2.1064e+00	
 2.5028e+00	
 2.7070e+00	
 2.4461e+00	
 2.4721e+00	
 2.1205e+00	
 2.3367e+00	
 2.5309e+00	
 2.5285e+00	
 2.6614e+00	
 2.6507e+00	
 2.3077e+00	
 2.6619e+00	
 2.2400e+00	
 2.8232e+00	
 2.2531e+00	
 2.7189e+00	
 2.2094e+00	
 2.2409e+00	
 2.4330e+00	
 2.8668e+00	
 2.2347e+00	
 2.0871e+00	
 2.7211e+00	
 2.4476e+00	
 2.2222e+00	
 2.5361e+00	
 2.3630e+00	
 2.2593e+00	
 1.8309e+00	
 2.6575e+00	
 2.4226e+00	
 1.8891e+00	
 2.5134e+00	
 2.6585e+00	
 2.5204e+00	
 2.4033e+00	
 2.7747e+00	
 2.4435e+00	
 2.6520e+00	
 2.1150e+00	
 2.1918e+00	
 2.2958e+00	
 2.3648e+00	
 2.3121e+00	
 2.3852e+00	
 2.2146e+00	
 2.4320e+00	
 2.5575e+00	
 2.4953e+00	
 2.4179e+00	
 2.6606e+00	
 2.3820e+00	
 2.3071e+00	
 2.5170e+00	
 2.5242e+00	
 2.5151e+00	
 2.4767e+00	
 2.2335e+00	
 2.8063e+00	
 2.2456e+00	
 2.5870e+00	
 2.4639e+00	
 2.7677e+00	
 2.3477e+00	
 2.6193e+00	
 1.9970e+00	
 2.7059e+00	
 2.6190e+00	
 2.2276e+00	
 2.8876e+00	
 2.6279e+00	
 2.0042e+00	
 2.3012e+00	
 2.3314e+00	
 2.3947e+00	
 2.7131e+00	
 2.3533e+00	
 2.1177e+00	
 2.3809e+00	
 2.1754e+00	
 2.6879e+00	
 2.2214e+00	
 2.4703e+00	
 2.6878e+00	
 2.5026e+00	
 1.9506e+00	
 2.4641e+00	
 2.3766e+00	
 2.9422e+00	
 2.6411e+00	
 2.8318e+00	
 2.5762e+00	
 2.7271e+00	
 2.5519e+00	
 2.7697e+00	
 2.2792e+00	
 2.5872e+00	
 2.2089e+00	
 2.3532e+00	
 2.2775e+00	
 2.2308e+00	
 2.1767e+00	
 2.6773e+00	
 2.2717e+00	
 2.7903e+00	
 2.5962e+00	
 2.3380e+00	
 2.2419e+00	
 2.1260e+00	
 2.2752e+00	
 2.3785e+00	
 2.4596e+00	
 2.6315e+00	
 2.0319e+00	
 2.6489e+00	
 2.1278e+00	
 2.0741e+00	
 2.3841e+00	
 2.4014e+00	
 2.1469e+00	
 2.5787e+00	
 2.3612e+00	
 2.5449e+00	
 2.0578e+00	
 2.4979e+00	
 2.2713e+00	
 2.6251e+00	
 2.5098e+00	
 2.1131e+00	
 2.3018e+00	
 2.3321e+00	
 2.6902e+00	
 2.2198e+00	
 2.5172e+00	
 2.7396e+00	
 2.3342e+00	
 2.3921e+00	
 2.6077e+00	
 2.0651e+00	
 2.4217e+00	
 2.5714e+00	
 2.4877e+00	
 2.2870e+00	
 2.3600e+00	
 2.2767e+00	
 2.5771e+00	
 2.8356e+00	
 2.7391e+00	
 2.3847e+00	
 2.0723e+00	
 2.1680e+00	
 2.4301e+00	
 2.5501e+00	
 2.1720e+00	
 2.7912e+00	
 2.8476e+00	
 2.5477e+00	
 2.2998e+00	
 2.5306e+00	
 2.5800e+00	
 2.1412e+00	
 2.4020e+00	
 2.3761e+00	
 2.4791e+00	
 2.3440e+00	
 2.2489e+00	
 2.5845e+00	
 2.1228e+00	
 2.5167e+00	
 2.1384e+00	
 2.7332e+00	
 2.0026e+00	
 2.2139e+00	
 2.5442e+00	
 2.6099e+00	
 2.7883e+00	
 2.7144e+00	
 2.4294e+00	
 2.1976e+00	
 2.2253e+00	
 1.9767e+00	
 2.6930e+00	
 2.6904e+00	
 2.3707e+00	
 2.5885e+00	
 2.5539e+00	
 1.9626e+00	
 2.4102e+00	
 2.5184e+00	
 1.9517e+00	
 2.1682e+00	
 3.0085e+00	
 2.4689e+00	
 2.1406e+00	
 2.5934e+00	
 2.5825e+00	
 2.5061e+00	
 2.1035e+00	
 2.7099e+00	
 2.4765e+00	
 2.5112e+00	
 2.2656e+00	
 2.2636e+00	
 2.1656e+00	
 2.4003e+00	
 1.8045e+00	
 2.2527e+00	
 2.1927e+00	
 1.9881e+00	
 2.1091e+00	
 2.2067e+00	
 2.6481e+00	
 2.2508e+00	
 1.9103e+00	
 2.1317e+00	
 2.0943e+00	
 1.8457e+00	
 1.7907e+00	
 1.6741e+00	
 1.7805e+00	
 2.2527e+00	
 1.9616e+00	
 2.1778e+00	
 1.9833e+00	
 2.0364e+00	
 2.0394e+00	
 1.9949e+00	
 2.1139e+00	
 1.9259e+00	
 2.2748e+00	
 1.5523e+00	
 2.3313e+00	
 1.7565e+00	
 1.7579e+00	
 2.5139e+00	
 2.2628e+00	
 1.9146e+00	
 2.3677e+00	
 1.7328e+00	
 1.6148e+00	
 1.7668e+00	
 2.0867e+00	
 1.6970e+00	
 1.7886e+00	
 2.0533e+00	
 1.9694e+00	
 2.1634e+00	
 2.0389e+00	
 2.0274e+00	
 1.7398e+00	
 1.9758e+00	
 2.4225e+00	
 2.1858e+00	
 2.0500e+00	
 2.1798e+00	
 1.9664e+00	
 2.2711e+00	
 2.1380e+00	
 1.7055e+00	
 2.2110e+00	
 2.2691e+00	
 1.5094e+00	
 1.9855e+00	
 1.9427e+00	
 1.8710e+00	
 1.9512e+00	
 1.8450e+00	
 2.0568e+00	
 1.9426e+00	
 2.0423e+00	
 2.4001e+00	
 2.2562e+00	
 2.2452e+00	
 2.3674e+00	
 1.7839e+00	
 2.1247e+00	
 1.8038e+00	
 1.9898e+00	
 2.1316e+00	
 1.6988e+00	
 1.7944e+00	
 2.1820e+00	
 1.7065e+00	
 1.7053e+00	
 2.1115e+00	
 2.4295e+00	
 2.0228e+00	
 2.0651e+00	
 2.0748e+00	
 2.4023e+00	
 1.9888e+00	
 2.3620e+00	
 1.9839e+00	
 1.9708e+00	
 2.1755e+00	
 2.1515e+00	
 2.0798e+00	
 2.0071e+00	
 1.8688e+00	
 2.0371e+00	
 1.8534e+00	
 2.1737e+00	
 1.9506e+00	
 1.7396e+00	
 2.1130e+00	
 1.9810e+00	
 2.1194e+00	
 1.6333e+00	
 2.1705e+00	
 1.6540e+00	
 2.2902e+00	
 1.5001e+00	
 2.3028e+00	
 1.5826e+00	
 2.0722e+00	
 1.8656e+00	
 1.3410e+00	
 1.5645e+00	
 2.4296e+00	
 2.1017e+00	
 2.1422e+00	
 2.0093e+00	
 1.7699e+00	
 1.8875e+00	
 1.7062e+00	
 1.8344e+00	
 1.8542e+00	
 1.9304e+00	
 1.8602e+00	
 2.0292e+00	
 1.8855e+00	
 2.0625e+00	
 2.0447e+00	
 1.8959e+00	
 1.9909e+00	
 2.2843e+00	
 2.0792e+00	
 1.7732e+00	
 2.1479e+00	
 2.2752e+00	
 2.0585e+00	
 2.1833e+00	
 2.1141e+00	
 1.6399e+00	
 1.9478e+00	
 2.4248e+00	
 1.5945e+00	
 1.8947e+00	
 2.0087e+00	
 2.3677e+00	
 1.8390e+00	
 1.9187e+00	
 2.0808e+00	
 2.2838e+00	
 2.1031e+00	
 2.1716e+00	
 2.2162e+00	
 1.8720e+00	
 2.0285e+00	
 2.4699e+00	
 2.3546e+00	
 1.9973e+00	
 2.1781e+00	
 2.0778e+00	
 1.9080e+00	
 1.8274e+00	
 2.1463e+00	
 2.3535e+00	
 1.8168e+00	
 1.9920e+00	
 2.0406e+00	
 1.9039e+00	
 1.8508e+00	
 1.6852e+00	
 2.2906e+00	
 1.7913e+00	
 2.4324e+00	
 1.9029e+00	
 2.1504e+00	
 1.7142e+00	
 2.0862e+00	
 1.9002e+00	
 2.1066e+00	
 1.9583e+00	
 2.3495e+00	
 2.2111e+00	
 1.9408e+00	
 2.2818e+00	
 1.7321e+00	
 2.0447e+00	
 2.0990e+00	
 2.0586e+00	
 1.7708e+00	
 1.9559e+00	
 2.0338e+00	
 1.7799e+00	
 2.2597e+00	
 2.0631e+00	
 2.2221e+00	
 2.1550e+00	
 1.9955e+00	
 2.1837e+00	
 1.8180e+00	
 2.1084e+00	
 2.5310e+00	
 1.7845e+00	
 1.9011e+00	
 1.7819e+00	
 2.0522e+00	
 1.9125e+00	
 2.1657e+00	
 1.7326e+00	
 1.9008e+00	
 1.9411e+00	
 2.3937e+00	
 2.2802e+00	
 2.2942e+00	
 2.3233e+00	
 2.3461e+00	
 1.7550e+00	
 1.9196e+00	
 2.4183e+00	
 1.7914e+00	
 1.7013e+00	
 1.8743e+00	
 1.9389e+00	
 2.2712e+00	
 2.4159e+00	
 1.7890e+00	
 1.5593e+00	
 2.2774e+00	
 1.9991e+00	
 2.1672e+00	
 1.8631e+00	
 2.3513e+00	
 1.6303e+00	
 2.1285e+00	
 2.2550e+00	
 2.2578e+00	
 1.4640e+00	
 2.1296e+00	
 1.6603e+00	
 1.9952e+00	
 1.9379e+00	
 2.2851e+00	
 2.2935e+00	
 2.0368e+00	
 2.2530e+00	
 1.8597e+00	
 1.6946e+00	
 1.9606e+00	
 2.0554e+00	
 2.2599e+00	
 2.0222e+00	
 2.2124e+00	
 2.3232e+00	
 2.5485e+00	
 1.9563e+00	
 2.0999e+00	
 2.0619e+00	
 2.0961e+00	
 2.1821e+00	
 1.9941e+00	
 2.0654e+00	
 1.6640e+00	
 2.2792e+00	
 2.5162e+00	
 1.9500e+00	
 1.7575e+00	
 1.8959e+00	
 2.1626e+00	
 2.2937e+00	
 2.2022e+00	
 2.2829e+00	
 1.8813e+00	
 1.8501e+00	
 2.0360e+00	
 2.2332e+00	
 1.8907e+00	
 1.9336e+00	
 1.9319e+00	
 1.8334e+00	
 1.7578e+00	
 2.1278e+00	
 2.1827e+00	
 2.0284e+00	
 2.1631e+00	
 1.8424e+00	
 2.0123e+00	
 1.8612e+00	
 1.6916e+00	
 1.9959e+00	
 2.2089e+00	
 1.9993e+00	
 2.1659e+00	
 1.9102e+00	
 2.4530e+00	
 2.0068e+00	
 1.8674e+00	
 1.9371e+00	
 2.2054e+00	
 1.9870e+00	
 2.1666e+00	
 2.1788e+00	
 2.2739e+00	
 1.8886e+00	
 2.0768e+00	
 2.1216e+00	
 2.5888e+00	
 1.9374e+00	
 1.9721e+00	
 1.8866e+00	
 2.3045e+00	
 1.9908e+00	
 1.9100e+00	
 2.1102e+00	
 2.3399e+00	
 1.6490e+00	
 1.9477e+00	
 1.9346e+00	
 2.3838e+00	
 1.8723e+00	
 2.2471e+00	
 2.1482e+00	
 2.0153e+00	
 1.9229e+00	
 2.0813e+00	
 2.2317e+00	
 2.0128e+00	
 2.0116e+00	
 2.0793e+00	
 1.7830e+00	
 2.0242e+00	
 2.5349e+00	
 2.3269e+00	
 2.0378e+00	
 2.2228e+00	
 2.2161e+00	
 2.0463e+00	
 1.8792e+00	
 1.8059e+00	
 2.3067e+00	
 2.2202e+00	
 1.6597e+00	
 2.0164e+00	
 1.9434e+00	
 1.9653e+00	
 2.3628e+00	
 2.1861e+00	
 2.3094e+00	
 2.1831e+00	
 1.9422e+00	
 2.0230e+00	
 1.8626e+00	
 1.9554e+00	
 2.1214e+00	
 1.7696e+00	
 1.6950e+00	
 2.2195e+00	
 1.8412e+00	
 2.2468e+00	
 2.0867e+00	
 2.0685e+00	
 1.8296e+00	
 2.2648e+00	
 1.9597e+00	
 2.1247e+00	
 2.4083e+00	
 1.6845e+00	
 1.9057e+00	
 2.0294e+00	
 1.8520e+00	
 2.0966e+00	
 2.2242e+00	
 1.6359e+00	
 1.8293e+00	
 2.1835e+00	
 2.4371e+00	
 2.2871e+00	
 1.6412e+00	
 2.1768e+00	
 1.8561e+00	
 1.6235e+00	
 1.8174e+00	
 1.6990e+00	
 2.2140e+00	
 2.1711e+00	
 2.5111e+00	
 1.7096e+00	
 2.0552e+00	
 1.8849e+00	
 1.9993e+00	
 2.3776e+00	
 2.0548e+00	
 1.8403e+00	
 2.3517e+00	
 1.9672e+00	
 2.2535e+00	
 1.9755e+00	
 2.0101e+00	
 1.9800e+00	
 1.9729e+00	
 2.3255e+00	
 2.0958e+00	
 1.9574e+00	
 1.9762e+00	
 1.8103e+00	
 2.0551e+00	
 1.6411e+00	
 2.3285e+00	
 2.1081e+00	
 1.9309e+00	
 1.7644e+00	
 2.2004e+00	
 2.2166e+00	
 2.1566e+00	
 1.7841e+00	
 1.7585e+00	
 1.9931e+00	
 1.9381e+00	
 2.1866e+00	
 1.9703e+00	
 2.1187e+00	
 2.1363e+00	
 1.9047e+00	
 2.3515e+00	
 1.8228e+00	
 2.2584e+00	
 2.0667e+00	
 1.8797e+00	
 2.3653e+00	
 2.4425e+00	
 2.1838e+00	
 2.2009e+00	
 1.9965e+00	
 2.0228e+00	
 1.5641e+00	
 2.1573e+00	
 2.1329e+00	
 2.1520e+00	
 2.3919e+00	
 1.9332e+00	
 2.3253e+00	
 1.9866e+00	
 2.4202e+00	
 1.9449e+00	
 2.0286e+00	
 1.9875e+00	
 2.2874e+00	
 1.9681e+00	
 2.0456e+00	
 2.0420e+00	
 1.7332e+00	
 2.2079e+00	
 2.1058e+00	
 1.6408e+00	
 2.2193e+00	
 2.0911e+00	
 2.0879e+00	
 1.9979e+00	
 2.4842e+00	
 1.8715e+00	
 2.2814e+00	
 2.0247e+00	
 2.1511e+00	
 2.2910e+00	
 2.4117e+00	
 2.0652e+00	
 1.7853e+00	
 1.9699e+00	
 2.3046e+00	
 1.6231e+00	
 1.9298e+00	
 1.8738e+00	
 2.3112e+00	
 1.9330e+00	
 1.8749e+00	
 2.1317e+00	
 2.0477e+00	
 2.1176e+00	
 2.3445e+00	
 2.1789e+00	
 2.0385e+00	
 2.1582e+00	
 2.3071e+00	
 2.1400e+00	
 1.7759e+00	
 2.0339e+00	
 2.1791e+00	
 2.0969e+00	
 2.0066e+00	
 2.6875e+00	
 2.4331e+00	
 2.1047e+00	
 2.1068e+00	
 1.7510e+00	
 1.9318e+00	
 2.0260e+00	
 1.9663e+00	
 2.5418e+00	
 2.1791e+00	
 2.1431e+00	
 2.1363e+00	
 1.9003e+00	
 2.1452e+00	
 1.5422e+00	
 2.1476e+00	
 1.5757e+00	
 2.2018e+00	
 2.1165e+00	
 2.0267e+00	
 1.8114e+00	
 2.0757e+00	
 1.7864e+00	
 2.3451e+00	
 2.6288e+00	
 2.3170e+00	
 1.8141e+00	
 2.2130e+00	
 2.0337e+00	
 1.9095e+00	
 1.9717e+00	
 2.0965e+00	
 1.7095e+00	
 2.1304e+00	
 2.2111e+00	
 2.2100e+00	
 2.1343e+00	
 2.0103e+00	
 1.7304e+00	
 2.0582e+00	
 2.0079e+00	
 2.1205e+00	
 1.9228e+00	
 2.0857e+00	
 2.3026e+00	
 2.1377e+00	
 2.2824e+00	
 2.1100e+00	
 1.9470e+00	
 2.4536e+00	
 2.2810e+00	
 1.7482e+00	
 1.7815e+00	
 1.9551e+00	
 1.9856e+00	
 2.0181e+00	
 1.7548e+00	
 2.0497e+00	
 2.0500e+00	
 2.3333e+00	
 2.2807e+00	
 1.8515e+00	
 2.2390e+00	
 2.0191e+00	
 2.0320e+00	
 1.9100e+00	
 1.9266e+00	
 2.1976e+00	
 2.1626e+00	
 2.1164e+00	
 1.7237e+00	
 1.8431e+00	
 1.9191e+00	
 2.3847e+00	
 2.3334e+00	
 2.3008e+00	
 1.8269e+00	
 1.7930e+00	
 2.3267e+00	
 2.1956e+00	
 1.7902e+00	
 2.1831e+00	
 2.0560e+00	
 2.0263e+00	
 1.9244e+00	
 2.0705e+00	
 2.1163e+00	
 1.7524e+00	
 2.0537e+00	
 1.7031e+00	
 2.1719e+00	
 2.1973e+00	
 1.9533e+00	
 1.6809e+00	
 2.3164e+00	
 1.9152e+00	
 2.2495e+00	
 2.0688e+00	
 2.2143e+00	
 1.9663e+00	
 2.4478e+00	
 1.8549e+00	
 2.1221e+00	
 1.8816e+00	
 2.1767e+00	
 2.3414e+00	
 1.9149e+00	
 1.9308e+00	
 2.3698e+00	
 2.2768e+00	
 2.3872e+00	
 2.2602e+00	
 2.5256e+00	
 2.4607e+00	
 2.3549e+00	
 1.9320e+00	
 1.5883e+00	
 2.2171e+00	
 1.9405e+00	
 2.0892e+00	
 1.8702e+00	
 2.3918e+00	
 2.1587e+00	
 1.9362e+00	
 2.2942e+00	
 2.3331e+00	
 1.7496e+00	
 2.1208e+00	
 2.1006e+00	
 1.7743e+00	
 2.1400e+00	
 2.1476e+00	
 2.0094e+00	
 1.7941e+00	
 2.0326e+00	
 1.9774e+00	
 2.1733e+00	
 1.8527e+00	
 2.1610e+00	
 2.3569e+00	
 1.8462e+00	
 1.8454e+00	
 2.4920e+00	
 2.1345e+00	
 2.3022e+00	
 1.7655e+00	
 2.1929e+00	
 2.1540e+00	
 1.6921e+00	
 1.6513e+00	
 2.2869e+00	
 1.8413e+00	
 1.8615e+00	
 2.1148e+00	
 2.3203e+00	
 2.2918e+00	
 2.0416e+00	
 2.1009e+00	
 2.1055e+00	
 2.1037e+00	
 2.3224e+00	
 2.0124e+00	
 1.7526e+00	
 2.6064e+00	
 2.0668e+00	
 2.2483e+00	
 2.4837e+00	
 2.3153e+00	
 2.4692e+00	
 2.0701e+00	
 2.0847e+00	
 2.0643e+00	
 1.8394e+00	
 1.7255e+00	
 2.1179e+00	
 2.0830e+00	
 1.8523e+00	
 1.9478e+00	
 2.1903e+00	
 1.9086e+00	
 2.0936e+00	
 2.0068e+00	
 1.8672e+00	
 1.9504e+00	
 2.1719e+00	
 1.9430e+00	
 1.8070e+00	
 1.7812e+00	
 2.3295e+00	
 2.3601e+00	
 1.9146e+00	
 2.1315e+00	
 2.3137e+00	
 1.9549e+00	
 2.0502e+00	
 2.3709e+00	
 2.1175e+00	
 2.0298e+00	
 1.9243e+00	
 1.6086e+00	
 1.8311e+00	
 2.0381e+00	
 1.7844e+00	
 2.0348e+00	
 1.9887e+00	
 2.0741e+00	
 2.1944e+00	
 2.4161e+00	
 2.0639e+00	
 2.1836e+00	
 1.7643e+00	
 2.2092e+00	
 2.1411e+00	
 1.6724e+00	
 1.8109e+00	
 2.2182e+00	
 2.4526e+00	
 1.8964e+00	
 2.0468e+00	
 2.2751e+00	
 2.1405e+00	
 2.2470e+00	
 2.2200e+00	
 1.9117e+00	
 2.0492e+00	
 2.1556e+00	
 2.2896e+00	
 2.1343e+00	
 1.8488e+00	
 2.4363e+00	
 2.1377e+00	
 1.8534e+00	
 1.8904e+00	
 1.8171e+00	
 1.8618e+00	
 1.8095e+00	
 1.9129e+00	
 1.8124e+00	
 1.8887e+00	
 2.2987e+00	
 2.2044e+00	
 2.1197e+00	
 2.0695e+00	
 2.5366e+00	
 2.0289e+00	
 2.0498e+00	
 2.0905e+00	
 2.3505e+00	
 1.8253e+00	
 2.0592e+00	
 1.8354e+00	
 2.1245e+00	
 1.8935e+00	
 1.9526e+00	
 1.8586e+00	
 2.1903e+00	
 2.5493e+00	
 1.8676e+00	
 1.8467e+00	
 1.8258e+00	
 1.6970e+00	
 1.8781e+00	
 2.0674e+00	
 1.8495e+00	
 1.6349e+00	
 1.9977e+00	
 1.8028e+00	
 2.4927e+00	
 1.8757e+00	
 1.8110e+00	
 2.4096e+00	
 2.0581e+00	
 2.5744e+00	
 2.5240e+00	
 1.9174e+00	
 2.1417e+00	
 1.8833e+00	
 2.2292e+00	
 2.4348e+00	
 2.1139e+00	
 2.1279e+00	
 2.4975e+00	
 1.9384e+00	
 2.0617e+00	
 2.2825e+00	
 2.2781e+00	
 2.4871e+00	
 2.1720e+00	
 2.1506e+00	
 2.0969e+00	
 2.2111e+00	
 1.7780e+00	
 2.1784e+00	
 1.8855e+00	
 1.8932e+00	
 1.9597e+00	
 1.9928e+00	
 2.1962e+00	
 1.8093e+00	
 2.3034e+00	
 1.9652e+00	
 1.9981e+00	
 1.5674e+00	
 2.0280e+00	
 1.6657e+00	
 2.0380e+00	
 2.5234e+00	
 2.0417e+00	
 1.8162e+00	
 2.0573e+00	
 1.8237e+00	
 2.1675e+00	
 1.9845e+00	
 1.8441e+00	
 2.0524e+00	
 2.0959e+00	
 2.0694e+00	
 2.1042e+00	
 1.8335e+00	
 1.8528e+00	
 1.7899e+00	
 2.1912e+00	
 1.7159e+00	
 2.0960e+00	
 2.0412e+00	
 2.8612e+00	
 2.6621e+00	
 2.1122e+00	
 1.7148e+00	
 1.8673e+00	
 2.0497e+00	
 2.2321e+00	
 1.9386e+00	
 2.0443e+00	
 2.0613e+00	
 1.8968e+00	
 1.9624e+00	
 2.3025e+00	
 2.0666e+00	
 2.1586e+00	
 1.9663e+00	
 1.8542e+00	
 2.0629e+00	
 1.9740e+00	
 1.8032e+00	
 1.4916e+00	
 2.0966e+00	
 2.1645e+00	
 2.0160e+00	
 1.5697e+00	
 1.8472e+00	
 2.2585e+00	
 1.8450e+00	
 2.1284e+00	
 2.2092e+00	
 1.9423e+00	
 1.7316e+00	
 2.5430e+00	
 2.4437e+00	
 2.3846e+00	
 2.3346e+00	
 2.1193e+00	
 2.0679e+00	
 1.8557e+00	
 2.6924e+00	
 2.0584e+00	
 2.1478e+00	
 1.8266e+00	
 2.0517e+00	
 1.7613e+00	
 1.9627e+00	
 2.0940e+00	
 1.8378e+00	
 1.8538e+00	
 2.0645e+00	
 1.9326e+00	
 1.9636e+00	
 1.9982e+00	
 1.7895e+00	
 1.8079e+00	
 1.8693e+00	
 2.1080e+00	
 1.6504e+00	
 2.1724e+00	
 2.3538e+00	
 1.9691e+00	
 2.3508e+00	
 1.9181e+00	
 2.1088e+00	
 2.1013e+00	
 1.9286e+00	
 1.9407e+00	
 1.6076e+00	
 2.2082e+00	
 2.2006e+00	
 1.5769e+00	
 2.0700e+00	
 1.6679e+00	
 1.9968e+00	
 2.2287e+00	
 1.9520e+00	
 1.8072e+00	
 2.3470e+00	
 2.2820e+00	
 1.9928e+00	
 1.6239e+00	
 2.3985e+00	
 2.0005e+00	
 2.1286e+00	
 2.1902e+00	
 2.7046e+00	
 2.2293e+00	
 1.9360e+00	
 1.7715e+00	
 2.1330e+00	
 1.7180e+00	
 2.0469e+00	
 1.9837e+00	
 2.1043e+00	
 2.3084e+00	
 2.2420e+00	
 1.9161e+00	
 1.9617e+00	
 1.7436e+00	
 2.0954e+00	
 1.7205e+00	
 2.0199e+00	
 1.9010e+00	
 2.2823e+00	
 2.2398e+00	
 2.4163e+00	
 2.2321e+00	
 1.4789e+00	
 1.9677e+00	
 1.9341e+00	
 2.5458e+00	
 1.8105e+00	
 2.2555e+00	
 1.6296e+00	
 2.1504e+00	
 2.0531e+00	
 1.9554e+00	
 2.0579e+00	
 2.2072e+00	
 2.2505e+00	
 2.1565e+00	
 2.0883e+00	
 1.8358e+00	
 2.2818e+00	
 1.8031e+00	
 2.1063e+00	
 2.3015e+00	
 2.1325e+00	
 1.8867e+00	
 2.2445e+00	
 1.9807e+00	
 1.7635e+00	
 2.0714e+00	
 2.2430e+00	
 1.9226e+00	
 1.9862e+00	
 1.7282e+00	
 1.9306e+00	
 2.2416e+00	
 2.1228e+00	
 1.7902e+00	
 1.8953e+00	
 1.8245e+00	
 2.0190e+00	
 2.0109e+00	
 1.8279e+00	
 2.2654e+00	
 1.7870e+00	
 2.7069e+00	
 2.4342e+00	
 2.2468e+00	
 2.1123e+00	
 2.0039e+00	
 1.7564e+00	
 1.9208e+00	
 2.3485e+00	
 2.0900e+00	
 2.2724e+00	
 2.4017e+00	
 1.9687e+00	
 2.3561e+00	
 2.0017e+00	
 2.0707e+00	
 2.0287e+00	
 2.0445e+00	
 1.8330e+00	
 2.3396e+00	
 2.3487e+00	
 2.4446e+00	
 2.3686e+00	
 1.6901e+00	
 1.8951e+00	
 1.9767e+00	
 2.2110e+00	
 1.6128e+00	
 2.2435e+00	
 1.9074e+00	
 1.6882e+00	
 2.0469e+00	
 1.8965e+00	
 1.9518e+00	
 1.9226e+00	
 2.0472e+00	
 2.2840e+00	
 2.0078e+00	
 2.3480e+00	
 2.0336e+00	
 1.8989e+00	
 2.0456e+00	
 1.9349e+00	
 1.7532e+00	
 1.9189e+00	
 2.0554e+00	
 2.1660e+00	
 2.0770e+00	
 2.0033e+00	
 1.9360e+00	
 1.9254e+00	
 1.8809e+00	
 2.1169e+00	
 1.9482e+00	
 2.2708e+00	
 1.8641e+00	
 2.0258e+00	
 2.4251e+00	
 2.0135e+00	
 2.0868e+00	
 1.9654e+00	
 1.8503e+00	
 1.7144e+00	
 1.9632e+00	
 2.1281e+00	
 2.2589e+00	
 2.1631e+00	
 1.8262e+00	
 1.9402e+00	
 2.3198e+00	
 1.8960e+00	
 2.1867e+00	
 2.0753e+00	
 2.0210e+00	
 1.9711e+00	
 2.1141e+00	
 1.9411e+00	
 2.2539e+00	
 2.0213e+00	
 2.5962e+00	
 2.2625e+00	
 1.9152e+00	
 2.2317e+00	
 2.1298e+00	
 1.8582e+00	
 2.1502e+00	
 2.0625e+00	
 1.9227e+00	
 2.5155e+00	
 2.0231e+00	
 2.0041e+00	
 1.9334e+00	
 2.2323e+00	
 2.5174e+00	
 2.0685e+00	
 1.8096e+00	
 2.0948e+00	
 1.8326e+00	
 2.0183e+00	
 1.7541e+00	
 2.3219e+00	
 1.5819e+00	
 2.1233e+00	
 2.3222e+00	
 2.0275e+00	
 1.8652e+00	
 2.4095e+00	
 1.9484e+00	
 2.2520e+00	
 1.8664e+00	
 2.1409e+00	
 2.0898e+00	
 2.3083e+00	
 1.9031e+00	
 2.1682e+00	
 1.9901e+00	
 2.3243e+00	
 2.1189e+00	
 1.9095e+00	
 1.9679e+00	
 2.1125e+00	
 2.0340e+00	
 1.9652e+00	
 2.1846e+00	
 1.8740e+00	
 1.7770e+00	
 2.0591e+00	
 2.0046e+00	
 2.5353e+00	
 2.1999e+00	
 2.3765e+00	
 1.9891e+00	
 1.9921e+00	
 2.1134e+00	
 2.5827e+00	
 2.2514e+00	
 1.9046e+00	
 1.8720e+00	
 1.9361e+00	
 2.1087e+00	
 1.5898e+00	
 2.2038e+00	
 1.9012e+00	
 2.3254e+00	
 2.6071e+00	
 2.1940e+00	
 2.2074e+00	
 1.9548e+00	
 2.0065e+00	
 1.9848e+00	
 1.7306e+00	
 1.8480e+00	
 1.9355e+00	
 2.2788e+00	
 2.0358e+00	
 1.9587e+00	
 1.9205e+00	
 2.0894e+00	
 1.8437e+00	
 2.1328e+00	
 2.0701e+00	
 1.8297e+00	
 1.6257e+00	
 1.9576e+00	
 2.1018e+00	
 1.8887e+00	
 2.1545e+00	
 1.8350e+00	
 2.4090e+00	
 1.9506e+00	
 2.1921e+00	
 2.4636e+00	
 2.2595e+00	
 1.7174e+00	
 2.2419e+00	
 2.0564e+00	
 1.9961e+00	
