loss	
 4.6309e+00	
 4.6597e+00	
 4.5960e+00	
 4.6192e+00	
 4.6166e+00	
 4.5909e+00	
 4.6014e+00	
 4.6241e+00	
 4.5930e+00	
 4.6078e+00	
 4.5957e+00	
 4.6109e+00	
 4.6477e+00	
 4.6406e+00	
 4.6230e+00	
 4.5821e+00	
 4.6134e+00	
 4.6265e+00	
 4.6165e+00	
 4.6051e+00	
 4.5829e+00	
 4.6040e+00	
 4.5829e+00	
 4.6079e+00	
 4.6204e+00	
 4.5789e+00	
 4.6294e+00	
 4.5818e+00	
 4.6243e+00	
 4.6037e+00	
 4.6044e+00	
 4.5895e+00	
 4.6139e+00	
 4.6364e+00	
 4.5996e+00	
 4.6279e+00	
 4.6193e+00	
 4.5964e+00	
 4.5916e+00	
 4.6213e+00	
 4.6002e+00	
 4.5941e+00	
 4.6183e+00	
 4.5997e+00	
 4.6213e+00	
 4.5968e+00	
 4.6162e+00	
 4.6078e+00	
 4.6276e+00	
 4.6013e+00	
 4.6145e+00	
 4.5945e+00	
 4.6042e+00	
 4.6284e+00	
 4.5962e+00	
 4.6123e+00	
 4.6035e+00	
 4.6042e+00	
 4.6081e+00	
 4.6175e+00	
 4.6077e+00	
 4.6165e+00	
 4.6021e+00	
 4.5962e+00	
 4.6207e+00	
 4.6138e+00	
 4.5904e+00	
 4.5949e+00	
 4.6050e+00	
 4.6118e+00	
 4.6058e+00	
 4.5984e+00	
 4.5961e+00	
 4.6118e+00	
 4.5977e+00	
 4.6148e+00	
 4.6135e+00	
 4.6083e+00	
 4.6172e+00	
 4.6122e+00	
 4.6030e+00	
 4.6089e+00	
 4.6107e+00	
 4.6098e+00	
 4.6168e+00	
 4.6180e+00	
 4.6044e+00	
 4.6186e+00	
 4.6103e+00	
 4.6071e+00	
 4.6115e+00	
 4.6097e+00	
 4.6140e+00	
 4.6152e+00	
 4.6079e+00	
 4.6182e+00	
 4.6066e+00	
 4.6128e+00	
 4.6118e+00	
 4.6105e+00	
 4.6074e+00	
 4.6107e+00	
 4.6119e+00	
 4.6052e+00	
 4.6111e+00	
 4.6069e+00	
 4.6198e+00	
 4.6031e+00	
 4.6125e+00	
 4.6078e+00	
 4.6073e+00	
 4.6124e+00	
 4.6061e+00	
 4.6081e+00	
 4.6107e+00	
 4.6087e+00	
 4.6088e+00	
 4.6071e+00	
 4.6098e+00	
 4.6110e+00	
 4.6196e+00	
 4.6133e+00	
 4.6114e+00	
 4.6126e+00	
 4.6138e+00	
 4.6097e+00	
 4.6120e+00	
 4.6148e+00	
 4.6129e+00	
 4.6097e+00	
 4.6130e+00	
 4.6152e+00	
 4.6142e+00	
 4.6085e+00	
 4.6121e+00	
 4.6089e+00	
 4.6123e+00	
 4.6054e+00	
 4.6123e+00	
 4.6124e+00	
 4.6161e+00	
 4.6130e+00	
 4.6176e+00	
 4.6150e+00	
 4.6099e+00	
 4.6082e+00	
 4.6152e+00	
 4.6076e+00	
 4.6144e+00	
 4.6135e+00	
 4.6107e+00	
 4.6136e+00	
 4.6113e+00	
 4.6143e+00	
 4.6123e+00	
 4.6086e+00	
 4.6167e+00	
 4.6114e+00	
 4.6147e+00	
 4.6151e+00	
 4.6138e+00	
 4.6126e+00	
 4.6118e+00	
 4.6148e+00	
 4.6120e+00	
 4.6128e+00	
 4.6119e+00	
 4.6136e+00	
 4.6142e+00	
 4.6149e+00	
 4.6124e+00	
 4.6137e+00	
 4.6155e+00	
 4.6161e+00	
 4.6140e+00	
 4.6118e+00	
 4.6138e+00	
 4.6174e+00	
 4.6128e+00	
 4.6129e+00	
 4.6145e+00	
 4.6155e+00	
 4.6150e+00	
 4.6111e+00	
 4.6134e+00	
 4.6141e+00	
 4.6136e+00	
 4.6131e+00	
 4.6110e+00	
 4.6138e+00	
 4.6146e+00	
 4.6140e+00	
 4.6147e+00	
 4.6149e+00	
 4.6141e+00	
 4.6134e+00	
 4.6104e+00	
 4.6155e+00	
 4.6158e+00	
 4.6141e+00	
 4.6142e+00	
 4.6148e+00	
 4.6155e+00	
 4.6133e+00	
 4.6131e+00	
 4.6165e+00	
 4.6151e+00	
 4.6138e+00	
 4.6157e+00	
 4.6144e+00	
 4.6139e+00	
 4.6129e+00	
 4.6156e+00	
 4.6143e+00	
 4.6170e+00	
 4.6159e+00	
 4.6149e+00	
 4.6144e+00	
 4.6156e+00	
 4.6146e+00	
 4.6134e+00	
 4.6147e+00	
 4.6135e+00	
 4.6150e+00	
 4.6153e+00	
 4.6139e+00	
 4.6154e+00	
 4.6138e+00	
 4.6155e+00	
 4.6131e+00	
 4.6146e+00	
 4.6149e+00	
 4.6153e+00	
 4.6161e+00	
 4.6151e+00	
 4.6130e+00	
 4.6158e+00	
 4.6147e+00	
 4.6141e+00	
 4.6149e+00	
 4.6147e+00	
 4.6149e+00	
 4.6146e+00	
 4.6155e+00	
 4.6159e+00	
 4.6140e+00	
 4.6146e+00	
 4.6136e+00	
 4.6158e+00	
 4.6147e+00	
 4.6156e+00	
 4.6146e+00	
 4.6145e+00	
 4.6147e+00	
 4.6154e+00	
 4.6147e+00	
 4.6168e+00	
 4.6149e+00	
 4.6143e+00	
 4.6138e+00	
 4.6146e+00	
 4.6152e+00	
 4.6142e+00	
 4.6158e+00	
 4.6148e+00	
 4.6138e+00	
 4.6135e+00	
 4.6152e+00	
 4.6152e+00	
 4.6161e+00	
 4.6150e+00	
 4.6137e+00	
 4.6162e+00	
 4.6144e+00	
 4.6150e+00	
 4.6147e+00	
 4.6155e+00	
 4.6163e+00	
 4.6154e+00	
 4.6146e+00	
 4.6144e+00	
 4.6172e+00	
 4.6145e+00	
 4.6158e+00	
 4.6143e+00	
 4.6139e+00	
 4.6148e+00	
 4.6153e+00	
 4.6146e+00	
 4.6161e+00	
 4.6129e+00	
 4.6138e+00	
 4.6160e+00	
 4.6153e+00	
 4.6160e+00	
 4.6135e+00	
 4.6157e+00	
 4.6159e+00	
 4.6138e+00	
 4.6166e+00	
 4.6149e+00	
 4.6146e+00	
 4.6151e+00	
 4.6163e+00	
 4.6146e+00	
 4.6142e+00	
 4.6154e+00	
 4.6143e+00	
 4.6167e+00	
 4.6154e+00	
 4.6147e+00	
 4.6155e+00	
 4.6116e+00	
 4.6137e+00	
 4.6146e+00	
 4.6156e+00	
 4.6158e+00	
 4.6151e+00	
 4.6158e+00	
 4.6148e+00	
 4.6156e+00	
 4.6159e+00	
 4.6125e+00	
 4.6156e+00	
 4.6139e+00	
 4.6146e+00	
 4.6152e+00	
 4.6146e+00	
 4.6157e+00	
 4.6149e+00	
 4.6146e+00	
 4.6162e+00	
 4.6126e+00	
 4.6158e+00	
 4.6138e+00	
 4.6148e+00	
 4.6142e+00	
 4.6146e+00	
 4.6163e+00	
 4.6145e+00	
 4.6153e+00	
 4.6146e+00	
 4.6150e+00	
 4.6167e+00	
 4.6164e+00	
 4.6152e+00	
 4.6170e+00	
 4.6149e+00	
 4.6138e+00	
 4.6146e+00	
 4.6161e+00	
 4.6149e+00	
 4.6160e+00	
 4.6154e+00	
 4.6138e+00	
 4.6154e+00	
 4.6145e+00	
 4.6144e+00	
 4.6161e+00	
 4.6159e+00	
 4.6163e+00	
 4.6133e+00	
 4.6137e+00	
 4.6165e+00	
 4.6157e+00	
 4.6142e+00	
 4.6152e+00	
 4.6149e+00	
 4.6162e+00	
 4.6143e+00	
 4.6166e+00	
 4.6162e+00	
 4.6149e+00	
 4.6159e+00	
 4.6147e+00	
 4.6158e+00	
 4.6162e+00	
 4.6150e+00	
 4.6161e+00	
 4.6142e+00	
 4.6131e+00	
 4.6165e+00	
 4.6137e+00	
 4.6149e+00	
 4.6157e+00	
 4.6143e+00	
 4.6157e+00	
 4.6152e+00	
 4.6148e+00	
 4.6155e+00	
 4.6157e+00	
 4.6157e+00	
 4.6152e+00	
 4.6155e+00	
 4.6143e+00	
 4.6145e+00	
 4.6165e+00	
 4.6143e+00	
 4.6155e+00	
 4.6137e+00	
 4.6151e+00	
 4.6138e+00	
 4.6152e+00	
 4.6160e+00	
 4.6152e+00	
 4.6143e+00	
 4.6148e+00	
 4.6148e+00	
 4.6154e+00	
 4.6147e+00	
 4.6153e+00	
 4.6157e+00	
 4.6145e+00	
 4.6143e+00	
 4.6140e+00	
 4.6161e+00	
 4.6129e+00	
 4.6143e+00	
 4.6167e+00	
 4.6131e+00	
 4.6168e+00	
 4.6149e+00	
 4.6146e+00	
 4.6138e+00	
 4.6161e+00	
 4.6153e+00	
 4.6140e+00	
 4.6151e+00	
 4.6152e+00	
 4.6164e+00	
 4.6146e+00	
 4.6140e+00	
 4.6140e+00	
 4.6151e+00	
 4.6164e+00	
 4.6162e+00	
 4.6148e+00	
 4.6160e+00	
 4.6156e+00	
 4.6142e+00	
 4.6157e+00	
 4.6153e+00	
 4.6143e+00	
 4.6145e+00	
 4.6150e+00	
 4.6146e+00	
 4.6154e+00	
 4.6163e+00	
 4.6153e+00	
 4.6155e+00	
 4.6154e+00	
 4.6148e+00	
 4.6140e+00	
 4.6141e+00	
 4.6140e+00	
 4.6142e+00	
 4.6154e+00	
 4.6138e+00	
 4.6151e+00	
 4.6163e+00	
 4.6149e+00	
 4.6144e+00	
 4.6155e+00	
 4.6142e+00	
 4.6176e+00	
 4.6163e+00	
 4.6149e+00	
 4.6142e+00	
 4.6165e+00	
 4.6143e+00	
 4.6132e+00	
 4.6154e+00	
 4.6149e+00	
 4.6148e+00	
 4.6157e+00	
 4.6158e+00	
 4.6163e+00	
 4.6148e+00	
 4.6174e+00	
 4.6145e+00	
 4.6159e+00	
 4.6145e+00	
 4.6164e+00	
 4.6151e+00	
 4.6128e+00	
 4.6155e+00	
 4.6156e+00	
 4.6162e+00	
 4.6165e+00	
 4.6158e+00	
 4.6156e+00	
 4.6153e+00	
 4.6144e+00	
 4.6153e+00	
 4.6163e+00	
 4.6161e+00	
 4.6156e+00	
 4.6147e+00	
 4.6160e+00	
 4.6141e+00	
 4.6162e+00	
 4.6148e+00	
 4.6145e+00	
 4.6154e+00	
 4.6150e+00	
 4.6162e+00	
 4.6140e+00	
 4.6145e+00	
 4.6132e+00	
 4.6148e+00	
 4.6148e+00	
 4.6138e+00	
 4.6125e+00	
 4.6157e+00	
 4.6150e+00	
 4.6148e+00	
 4.6155e+00	
 4.6160e+00	
 4.6154e+00	
 4.6146e+00	
 4.6152e+00	
 4.6135e+00	
 4.6140e+00	
 4.6136e+00	
 4.6174e+00	
 4.6158e+00	
 4.6144e+00	
 4.6157e+00	
 4.6144e+00	
 4.6159e+00	
 4.6157e+00	
 4.6166e+00	
 4.6149e+00	
 4.6154e+00	
 4.6137e+00	
 4.6150e+00	
 4.6153e+00	
 4.6148e+00	
 4.6139e+00	
 4.6176e+00	
 4.6147e+00	
 4.6172e+00	
 4.6147e+00	
 4.6138e+00	
 4.6143e+00	
 4.6153e+00	
 4.6149e+00	
 4.6152e+00	
 4.6159e+00	
 4.6137e+00	
 4.6155e+00	
 4.6155e+00	
 4.6147e+00	
 4.6165e+00	
 4.6166e+00	
 4.6145e+00	
 4.6156e+00	
 4.6149e+00	
 4.6144e+00	
 4.6135e+00	
 4.6146e+00	
 4.6152e+00	
 4.6151e+00	
 4.6160e+00	
 4.6162e+00	
 4.6145e+00	
 4.6152e+00	
 4.6151e+00	
 4.6164e+00	
 4.6139e+00	
 4.6153e+00	
 4.6145e+00	
 4.6146e+00	
 4.6149e+00	
 4.6166e+00	
 4.6141e+00	
 4.6148e+00	
 4.6158e+00	
 4.6159e+00	
 4.6137e+00	
 4.6140e+00	
 4.6165e+00	
 4.6151e+00	
 4.6145e+00	
 4.6137e+00	
 4.6143e+00	
 4.6154e+00	
 4.6159e+00	
 4.6145e+00	
 4.6147e+00	
 4.6144e+00	
 4.6153e+00	
 4.6147e+00	
 4.6127e+00	
 4.6155e+00	
 4.6149e+00	
 4.6161e+00	
 4.6145e+00	
 4.6154e+00	
 4.6179e+00	
 4.6150e+00	
 4.6148e+00	
 4.6163e+00	
 4.6158e+00	
 4.6144e+00	
 4.6150e+00	
 4.6159e+00	
 4.6151e+00	
 4.6142e+00	
 4.6141e+00	
 4.6165e+00	
 4.6143e+00	
 4.6140e+00	
 4.6155e+00	
 4.6162e+00	
 4.6138e+00	
 4.6162e+00	
 4.6156e+00	
 4.6147e+00	
 4.6158e+00	
 4.6152e+00	
 4.6141e+00	
 4.6143e+00	
 4.6162e+00	
 4.6143e+00	
 4.6160e+00	
 4.6168e+00	
 4.6130e+00	
 4.6142e+00	
 4.6154e+00	
 4.6147e+00	
 4.6143e+00	
 4.6155e+00	
 4.6162e+00	
 4.6145e+00	
 4.6143e+00	
 4.6158e+00	
 4.6149e+00	
 4.6140e+00	
 4.6142e+00	
 4.6172e+00	
 4.6143e+00	
 4.6153e+00	
 4.6136e+00	
 4.6152e+00	
 4.6156e+00	
 4.6156e+00	
 4.6147e+00	
 4.6141e+00	
 4.6147e+00	
 4.6141e+00	
 4.6171e+00	
 4.6154e+00	
 4.6153e+00	
 4.6154e+00	
 4.6151e+00	
 4.6151e+00	
 4.6140e+00	
 4.6140e+00	
 4.6142e+00	
 4.6181e+00	
 4.6154e+00	
 4.6148e+00	
 4.6167e+00	
 4.6148e+00	
 4.6144e+00	
 4.6158e+00	
 4.6149e+00	
 4.6174e+00	
 4.6155e+00	
 4.6138e+00	
 4.6154e+00	
 4.6141e+00	
 4.6155e+00	
 4.6155e+00	
 4.6155e+00	
 4.6137e+00	
 4.6160e+00	
 4.6141e+00	
 4.6154e+00	
 4.6160e+00	
 4.6154e+00	
 4.6161e+00	
 4.6145e+00	
 4.6153e+00	
 4.6140e+00	
 4.6160e+00	
 4.6157e+00	
 4.6163e+00	
 4.6156e+00	
 4.6152e+00	
 4.6160e+00	
 4.6143e+00	
 4.6162e+00	
 4.6152e+00	
 4.6138e+00	
 4.6159e+00	
 4.6156e+00	
 4.6151e+00	
 4.6157e+00	
 4.6143e+00	
 4.6149e+00	
 4.6141e+00	
 4.6154e+00	
 4.6151e+00	
 4.6144e+00	
 4.6145e+00	
 4.6153e+00	
 4.6149e+00	
 4.6143e+00	
 4.6152e+00	
 4.6160e+00	
 4.6150e+00	
 4.6147e+00	
 4.6153e+00	
 4.6168e+00	
 4.6141e+00	
 4.6143e+00	
 4.6146e+00	
 4.6144e+00	
 4.6146e+00	
 4.6154e+00	
 4.6149e+00	
 4.6155e+00	
 4.6142e+00	
 4.6165e+00	
 4.6157e+00	
 4.6152e+00	
 4.6150e+00	
 4.6135e+00	
 4.6151e+00	
 4.6143e+00	
 4.6124e+00	
 4.6177e+00	
 4.6156e+00	
 4.6171e+00	
 4.6144e+00	
 4.6169e+00	
 4.6160e+00	
 4.6147e+00	
 4.6151e+00	
 4.6155e+00	
 4.6162e+00	
 4.6153e+00	
 4.6152e+00	
 4.6149e+00	
 4.6174e+00	
 4.6162e+00	
 4.6148e+00	
 4.6150e+00	
 4.6149e+00	
 4.6142e+00	
 4.6168e+00	
 4.6144e+00	
 4.6140e+00	
 4.6144e+00	
 4.6161e+00	
 4.6164e+00	
 4.6159e+00	
 4.6138e+00	
 4.6152e+00	
 4.6156e+00	
 4.6151e+00	
 4.6139e+00	
 4.6141e+00	
 4.6150e+00	
 4.6146e+00	
 4.6146e+00	
 4.6172e+00	
 4.6149e+00	
 4.6147e+00	
 4.6143e+00	
 4.6153e+00	
 4.6153e+00	
 4.6155e+00	
 4.6148e+00	
 4.6150e+00	
 4.6151e+00	
 4.6161e+00	
 4.6141e+00	
 4.6149e+00	
 4.6159e+00	
 4.6174e+00	
 4.6153e+00	
 4.6146e+00	
 4.6148e+00	
 4.6151e+00	
 4.6147e+00	
 4.6160e+00	
 4.6158e+00	
 4.6138e+00	
 4.6169e+00	
 4.6152e+00	
 4.6145e+00	
 4.6153e+00	
 4.6157e+00	
 4.6148e+00	
 4.6145e+00	
 4.6158e+00	
 4.6154e+00	
 4.6152e+00	
 4.6154e+00	
 4.6172e+00	
 4.6141e+00	
 4.6161e+00	
 4.6138e+00	
 4.6146e+00	
 4.6153e+00	
 4.6145e+00	
 4.6162e+00	
 4.6149e+00	
 4.6144e+00	
 4.6161e+00	
 4.6150e+00	
 4.6143e+00	
 4.6141e+00	
 4.6148e+00	
 4.6159e+00	
 4.6165e+00	
 4.6151e+00	
 4.6141e+00	
 4.6167e+00	
 4.6142e+00	
 4.6155e+00	
 4.6141e+00	
 4.6166e+00	
 4.6149e+00	
 4.6140e+00	
 4.6158e+00	
 4.6165e+00	
 4.6135e+00	
 4.6150e+00	
 4.6144e+00	
 4.6153e+00	
 4.6152e+00	
 4.6148e+00	
 4.6157e+00	
 4.6158e+00	
 4.6146e+00	
 4.6152e+00	
 4.6140e+00	
 4.6165e+00	
 4.6138e+00	
 4.6151e+00	
 4.6154e+00	
 4.6163e+00	
 4.6147e+00	
 4.6151e+00	
 4.6171e+00	
 4.6151e+00	
 4.6143e+00	
 4.6154e+00	
 4.6139e+00	
 4.6166e+00	
 4.6156e+00	
 4.6153e+00	
 4.6153e+00	
 4.6143e+00	
 4.6170e+00	
 4.6161e+00	
 4.6147e+00	
 4.6148e+00	
 4.6136e+00	
 4.6155e+00	
 4.6149e+00	
 4.6167e+00	
 4.6161e+00	
 4.6157e+00	
 4.6140e+00	
 4.6159e+00	
 4.6158e+00	
 4.6159e+00	
 4.6165e+00	
 4.6148e+00	
 4.6161e+00	
 4.6141e+00	
 4.6145e+00	
 4.6146e+00	
 4.6158e+00	
 4.6140e+00	
 4.6145e+00	
 4.6148e+00	
 4.6147e+00	
 4.6154e+00	
 4.6150e+00	
 4.6157e+00	
 4.6130e+00	
 4.6160e+00	
 4.6152e+00	
 4.6143e+00	
 4.6142e+00	
 4.6152e+00	
 4.6149e+00	
 4.6144e+00	
 4.6163e+00	
 4.6145e+00	
 4.6143e+00	
 4.6147e+00	
 4.6153e+00	
 4.6137e+00	
 4.6165e+00	
 4.6162e+00	
 4.6154e+00	
 4.6151e+00	
 4.6162e+00	
 4.6140e+00	
 4.6154e+00	
 4.6160e+00	
 4.6156e+00	
 4.6145e+00	
 4.6138e+00	
 4.6167e+00	
 4.6160e+00	
 4.6140e+00	
 4.6164e+00	
 4.6145e+00	
 4.6135e+00	
 4.6151e+00	
 4.6152e+00	
 4.6151e+00	
 4.6145e+00	
 4.6153e+00	
 4.6152e+00	
 4.6166e+00	
 4.6153e+00	
 4.6157e+00	
 4.6158e+00	
 4.6144e+00	
 4.6146e+00	
 4.6154e+00	
 4.6140e+00	
 4.6144e+00	
 4.6152e+00	
 4.6153e+00	
 4.6162e+00	
 4.6153e+00	
 4.6147e+00	
 4.6145e+00	
 4.6159e+00	
 4.6138e+00	
 4.6151e+00	
 4.6157e+00	
 4.6159e+00	
 4.6141e+00	
 4.6153e+00	
 4.6149e+00	
 4.6149e+00	
 4.6145e+00	
 4.6148e+00	
 4.6164e+00	
 4.6162e+00	
 4.6156e+00	
 4.6152e+00	
 4.6147e+00	
 4.6154e+00	
 4.6142e+00	
 4.6153e+00	
 4.6167e+00	
 4.6148e+00	
 4.6144e+00	
 4.6148e+00	
 4.6141e+00	
 4.6164e+00	
 4.6145e+00	
 4.6154e+00	
 4.6146e+00	
 4.6150e+00	
 4.6151e+00	
 4.6148e+00	
 4.6145e+00	
 4.6167e+00	
 4.6147e+00	
 4.6145e+00	
 4.6153e+00	
 4.6140e+00	
 4.6138e+00	
 4.6164e+00	
 4.6164e+00	
 4.6144e+00	
 4.6143e+00	
 4.6152e+00	
 4.6153e+00	
 4.6144e+00	
 4.6124e+00	
 4.6151e+00	
 4.6156e+00	
 4.6147e+00	
 4.6160e+00	
 4.6156e+00	
 4.6156e+00	
 4.6147e+00	
 4.6151e+00	
 4.6121e+00	
 4.6147e+00	
 4.6150e+00	
 4.6153e+00	
 4.6144e+00	
 4.6154e+00	
 4.6173e+00	
 4.6164e+00	
 4.6140e+00	
 4.6154e+00	
 4.6146e+00	
 4.6145e+00	
 4.6156e+00	
 4.6132e+00	
 4.6147e+00	
 4.6149e+00	
 4.6177e+00	
 4.6141e+00	
 4.6160e+00	
 4.6146e+00	
 4.6140e+00	
 4.6162e+00	
 4.6157e+00	
 4.6153e+00	
 4.6146e+00	
 4.6144e+00	
 4.6153e+00	
 4.6144e+00	
 4.6168e+00	
 4.6151e+00	
 4.6155e+00	
 4.6163e+00	
 4.6144e+00	
 4.6177e+00	
 4.6156e+00	
 4.6134e+00	
 4.6151e+00	
 4.6173e+00	
 4.6149e+00	
 4.6166e+00	
 4.6146e+00	
 4.6157e+00	
 4.6162e+00	
 4.6142e+00	
 4.6141e+00	
 4.6156e+00	
 4.6160e+00	
 4.6153e+00	
 4.6146e+00	
 4.6151e+00	
 4.6143e+00	
 4.6160e+00	
 4.6140e+00	
 4.6156e+00	
 4.6152e+00	
 4.6161e+00	
 4.6153e+00	
 4.6138e+00	
 4.6151e+00	
 4.6144e+00	
 4.6145e+00	
 4.6163e+00	
 4.6146e+00	
 4.6159e+00	
 4.6140e+00	
 4.6143e+00	
 4.6152e+00	
 4.6163e+00	
 4.6152e+00	
 4.6151e+00	
 4.6150e+00	
 4.6149e+00	
 4.6152e+00	
 4.6134e+00	
 4.6160e+00	
 4.6145e+00	
 4.6156e+00	
 4.6163e+00	
 4.6150e+00	
 4.6141e+00	
 4.6152e+00	
 4.6165e+00	
 4.6156e+00	
 4.6150e+00	
 4.6153e+00	
 4.6168e+00	
 4.6163e+00	
 4.6159e+00	
 4.6155e+00	
 4.6143e+00	
 4.6150e+00	
 4.6153e+00	
 4.6158e+00	
 4.6143e+00	
 4.6147e+00	
 4.6162e+00	
 4.6155e+00	
 4.6163e+00	
 4.6138e+00	
 4.6166e+00	
 4.6139e+00	
 4.6162e+00	
 4.6153e+00	
 4.6148e+00	
 4.6160e+00	
 4.6158e+00	
 4.6148e+00	
 4.6165e+00	
 4.6158e+00	
 4.6160e+00	
 4.6157e+00	
 4.6147e+00	
 4.6144e+00	
 4.6148e+00	
 4.6142e+00	
 4.6151e+00	
 4.6149e+00	
 4.6138e+00	
 4.6154e+00	
 4.6150e+00	
 4.6145e+00	
 4.6146e+00	
 4.6146e+00	
 4.6152e+00	
 4.6147e+00	
 4.6148e+00	
 4.6149e+00	
 4.6140e+00	
 4.6155e+00	
 4.6149e+00	
 4.6140e+00	
 4.6146e+00	
 4.6151e+00	
 4.6153e+00	
 4.6153e+00	
 4.6136e+00	
 4.6157e+00	
 4.6148e+00	
 4.6150e+00	
 4.6147e+00	
 4.6145e+00	
 4.6158e+00	
 4.6134e+00	
 4.6154e+00	
 4.6147e+00	
 4.6146e+00	
 4.6143e+00	
 4.6154e+00	
 4.6136e+00	
 4.6158e+00	
 4.6137e+00	
 4.6145e+00	
 4.6135e+00	
 4.6161e+00	
 4.6156e+00	
 4.6156e+00	
 4.6160e+00	
 4.6149e+00	
 4.6157e+00	
 4.6161e+00	
 4.6151e+00	
 4.6158e+00	
 4.6156e+00	
 4.6140e+00	
 4.6145e+00	
 4.6155e+00	
 4.6181e+00	
 4.6155e+00	
 4.6149e+00	
 4.6151e+00	
 4.6153e+00	
 4.6159e+00	
 4.6141e+00	
 4.6160e+00	
 4.6136e+00	
 4.6137e+00	
 4.6147e+00	
 4.6155e+00	
 4.6154e+00	
 4.6160e+00	
 4.6129e+00	
 4.6148e+00	
 4.6152e+00	
 4.6155e+00	
 4.6151e+00	
 4.6150e+00	
 4.6147e+00	
 4.6144e+00	
 4.6154e+00	
 4.6150e+00	
 4.6135e+00	
 4.6150e+00	
 4.6148e+00	
 4.6127e+00	
 4.6151e+00	
 4.6144e+00	
 4.6154e+00	
 4.6165e+00	
 4.6158e+00	
 4.6142e+00	
 4.6160e+00	
 4.6157e+00	
 4.6149e+00	
 4.6158e+00	
 4.6150e+00	
 4.6157e+00	
 4.6155e+00	
 4.6146e+00	
 4.6144e+00	
 4.6143e+00	
 4.6157e+00	
 4.6160e+00	
 4.6153e+00	
 4.6181e+00	
 4.6159e+00	
 4.6157e+00	
 4.6140e+00	
 4.6149e+00	
 4.6154e+00	
 4.6155e+00	
 4.6174e+00	
 4.6153e+00	
 4.6141e+00	
 4.6135e+00	
 4.6136e+00	
 4.6161e+00	
 4.6153e+00	
 4.6139e+00	
 4.6148e+00	
 4.6147e+00	
 4.6150e+00	
 4.6153e+00	
 4.6164e+00	
 4.6153e+00	
 4.6146e+00	
 4.6146e+00	
 4.6163e+00	
 4.6138e+00	
 4.6148e+00	
 4.6141e+00	
 4.6135e+00	
 4.6141e+00	
 4.6144e+00	
 4.6156e+00	
 4.6164e+00	
 4.6154e+00	
 4.6147e+00	
 4.6149e+00	
 4.6149e+00	
 4.6156e+00	
 4.6141e+00	
 4.6154e+00	
 4.6149e+00	
 4.6150e+00	
 4.6163e+00	
 4.6135e+00	
 4.6162e+00	
 4.6129e+00	
 4.6138e+00	
 4.6154e+00	
 4.6156e+00	
 4.6146e+00	
 4.6154e+00	
 4.6143e+00	
 4.6159e+00	
 4.6136e+00	
 4.6145e+00	
 4.6137e+00	
 4.6157e+00	
 4.6165e+00	
 4.6140e+00	
 4.6161e+00	
 4.6153e+00	
 4.6141e+00	
 4.6151e+00	
 4.6159e+00	
 4.6146e+00	
 4.6160e+00	
 4.6146e+00	
 4.6154e+00	
 4.6153e+00	
 4.6142e+00	
 4.6143e+00	
 4.6147e+00	
 4.6151e+00	
 4.6157e+00	
 4.6159e+00	
 4.6151e+00	
 4.6138e+00	
 4.6155e+00	
 4.6154e+00	
 4.6163e+00	
 4.6141e+00	
 4.6166e+00	
 4.6154e+00	
 4.6143e+00	
 4.6140e+00	
 4.6169e+00	
 4.6157e+00	
 4.6164e+00	
 4.6145e+00	
 4.6149e+00	
 4.6152e+00	
 4.6160e+00	
 4.6154e+00	
 4.6156e+00	
 4.6148e+00	
 4.6152e+00	
 4.6148e+00	
 4.6144e+00	
 4.6142e+00	
 4.6176e+00	
 4.6155e+00	
 4.6156e+00	
 4.6157e+00	
 4.6151e+00	
 4.6154e+00	
 4.6150e+00	
 4.6154e+00	
 4.6144e+00	
 4.6140e+00	
 4.6140e+00	
 4.6159e+00	
 4.6146e+00	
 4.6153e+00	
 4.6160e+00	
 4.6158e+00	
 4.6151e+00	
 4.6148e+00	
 4.6152e+00	
 4.6151e+00	
 4.6171e+00	
 4.6145e+00	
 4.6143e+00	
 4.6157e+00	
 4.6148e+00	
 4.6152e+00	
 4.6147e+00	
 4.6166e+00	
 4.6154e+00	
 4.6161e+00	
 4.6155e+00	
 4.6147e+00	
 4.6160e+00	
 4.6139e+00	
 4.6157e+00	
 4.6158e+00	
 4.6136e+00	
 4.6146e+00	
 4.6154e+00	
 4.6157e+00	
 4.6161e+00	
 4.6122e+00	
 4.6147e+00	
 4.6140e+00	
 4.6138e+00	
 4.6138e+00	
 4.6156e+00	
 4.6152e+00	
 4.6158e+00	
 4.6147e+00	
 4.6156e+00	
 4.6146e+00	
 4.6148e+00	
 4.6140e+00	
 4.6148e+00	
 4.6146e+00	
 4.6151e+00	
 4.6157e+00	
 4.6153e+00	
 4.6161e+00	
 4.6142e+00	
 4.6137e+00	
 4.6154e+00	
 4.6158e+00	
 4.6171e+00	
 4.6177e+00	
 4.6154e+00	
 4.6147e+00	
 4.6147e+00	
 4.6148e+00	
 4.6162e+00	
 4.6153e+00	
 4.6150e+00	
 4.6135e+00	
 4.6153e+00	
 4.6143e+00	
 4.6151e+00	
 4.6151e+00	
 4.6137e+00	
 4.6152e+00	
 4.6154e+00	
 4.6159e+00	
 4.6147e+00	
 4.6159e+00	
 4.6147e+00	
 4.6157e+00	
 4.6148e+00	
 4.6137e+00	
 4.6159e+00	
 4.6154e+00	
 4.6161e+00	
 4.6139e+00	
 4.6143e+00	
 4.6154e+00	
 4.6147e+00	
 4.6140e+00	
 4.6152e+00	
 4.6162e+00	
 4.6166e+00	
 4.6162e+00	
 4.6157e+00	
 4.6148e+00	
 4.6149e+00	
 4.6155e+00	
 4.6157e+00	
 4.6150e+00	
 4.6149e+00	
 4.6148e+00	
 4.6150e+00	
 4.6158e+00	
 4.6156e+00	
 4.6150e+00	
 4.6147e+00	
 4.6152e+00	
 4.6151e+00	
 4.6151e+00	
 4.6162e+00	
 4.6150e+00	
 4.6167e+00	
 4.6157e+00	
 4.6156e+00	
 4.6139e+00	
 4.6160e+00	
 4.6141e+00	
 4.6156e+00	
 4.6149e+00	
 4.6147e+00	
 4.6150e+00	
 4.6151e+00	
 4.6150e+00	
 4.6148e+00	
 4.6148e+00	
 4.6156e+00	
 4.6154e+00	
 4.6148e+00	
 4.6147e+00	
 4.6144e+00	
 4.6170e+00	
 4.6148e+00	
 4.6152e+00	
 4.6143e+00	
 4.6164e+00	
 4.6148e+00	
 4.6146e+00	
 4.6166e+00	
 4.6162e+00	
 4.6160e+00	
 4.6165e+00	
 4.6157e+00	
 4.6139e+00	
 4.6160e+00	
 4.6145e+00	
 4.6146e+00	
 4.6162e+00	
 4.6151e+00	
 4.6139e+00	
 4.6151e+00	
 4.6155e+00	
 4.6153e+00	
 4.6146e+00	
 4.6147e+00	
 4.6161e+00	
 4.6167e+00	
 4.6141e+00	
 4.6150e+00	
 4.6151e+00	
 4.6155e+00	
 4.6150e+00	
 4.6146e+00	
 4.6154e+00	
 4.6141e+00	
 4.6147e+00	
 4.6146e+00	
 4.6159e+00	
 4.6156e+00	
 4.6150e+00	
 4.6164e+00	
 4.6155e+00	
 4.6155e+00	
 4.6135e+00	
 4.6151e+00	
 4.6137e+00	
 4.6153e+00	
 4.6152e+00	
 4.6147e+00	
 4.6157e+00	
 4.6140e+00	
 4.6146e+00	
 4.6158e+00	
 4.6158e+00	
 4.6151e+00	
 4.6162e+00	
 4.6150e+00	
 4.6139e+00	
 4.6147e+00	
 4.6157e+00	
 4.6160e+00	
 4.6169e+00	
 4.6158e+00	
 4.6152e+00	
 4.6136e+00	
 4.6141e+00	
 4.6162e+00	
 4.6147e+00	
 4.6138e+00	
 4.6151e+00	
 4.6138e+00	
 4.6151e+00	
 4.6155e+00	
 4.6143e+00	
 4.6153e+00	
 4.6159e+00	
 4.6156e+00	
 4.6150e+00	
 4.6148e+00	
 4.6150e+00	
 4.6155e+00	
 4.6152e+00	
 4.6165e+00	
 4.6144e+00	
 4.6150e+00	
 4.6145e+00	
 4.6152e+00	
 4.6141e+00	
 4.6153e+00	
 4.6157e+00	
 4.6151e+00	
 4.6159e+00	
 4.6141e+00	
 4.6150e+00	
 4.6142e+00	
 4.6161e+00	
 4.6143e+00	
 4.6161e+00	
 4.6153e+00	
 4.6156e+00	
 4.6139e+00	
 4.6157e+00	
 4.6148e+00	
 4.6135e+00	
 4.6146e+00	
 4.6162e+00	
 4.6162e+00	
 4.6143e+00	
 4.6143e+00	
 4.6156e+00	
 4.6151e+00	
 4.6161e+00	
 4.6158e+00	
 4.6143e+00	
 4.6143e+00	
 4.6147e+00	
 4.6149e+00	
 4.6155e+00	
 4.6150e+00	
 4.6146e+00	
 4.6163e+00	
 4.6160e+00	
 4.6152e+00	
 4.6134e+00	
 4.6151e+00	
 4.6147e+00	
 4.6139e+00	
 4.6148e+00	
 4.6162e+00	
 4.6153e+00	
 4.6175e+00	
 4.6158e+00	
 4.6150e+00	
 4.6162e+00	
 4.6132e+00	
 4.6152e+00	
 4.6157e+00	
 4.6163e+00	
 4.6158e+00	
 4.6153e+00	
 4.6154e+00	
 4.6162e+00	
 4.6145e+00	
 4.6162e+00	
 4.6148e+00	
 4.6155e+00	
 4.6153e+00	
 4.6139e+00	
 4.6165e+00	
 4.6159e+00	
 4.6148e+00	
 4.6149e+00	
 4.6162e+00	
 4.6156e+00	
 4.6152e+00	
 4.6150e+00	
 4.6153e+00	
 4.6143e+00	
 4.6165e+00	
 4.6164e+00	
 4.6150e+00	
 4.6149e+00	
 4.6171e+00	
 4.6166e+00	
 4.6147e+00	
 4.6147e+00	
 4.6157e+00	
 4.6141e+00	
 4.6142e+00	
 4.6157e+00	
 4.6164e+00	
 4.6163e+00	
 4.6150e+00	
 4.6159e+00	
 4.6154e+00	
 4.6145e+00	
 4.6142e+00	
 4.6148e+00	
 4.6144e+00	
 4.6151e+00	
 4.6157e+00	
 4.6148e+00	
 4.6169e+00	
 4.6160e+00	
 4.6146e+00	
 4.6153e+00	
 4.6142e+00	
 4.6144e+00	
 4.6160e+00	
 4.6149e+00	
 4.6153e+00	
 4.6158e+00	
 4.6141e+00	
 4.6156e+00	
 4.6148e+00	
 4.6144e+00	
 4.6152e+00	
 4.6146e+00	
 4.6150e+00	
 4.6152e+00	
 4.6153e+00	
 4.6151e+00	
 4.6156e+00	
 4.6150e+00	
 4.6153e+00	
 4.6133e+00	
 4.6154e+00	
 4.6154e+00	
 4.6155e+00	
 4.6150e+00	
 4.6147e+00	
 4.6157e+00	
 4.6153e+00	
 4.6148e+00	
 4.6153e+00	
 4.6155e+00	
 4.6161e+00	
 4.6157e+00	
 4.6139e+00	
 4.6154e+00	
 4.6153e+00	
 4.6162e+00	
 4.6149e+00	
 4.6151e+00	
 4.6144e+00	
 4.6158e+00	
 4.6144e+00	
 4.6142e+00	
 4.6142e+00	
 4.6149e+00	
 4.6151e+00	
 4.6136e+00	
 4.6143e+00	
 4.6158e+00	
 4.6144e+00	
 4.6144e+00	
 4.6153e+00	
 4.6152e+00	
 4.6148e+00	
 4.6159e+00	
 4.6158e+00	
 4.6155e+00	
 4.6159e+00	
 4.6154e+00	
 4.6145e+00	
 4.6155e+00	
 4.6146e+00	
 4.6152e+00	
 4.6154e+00	
 4.6148e+00	
 4.6159e+00	
 4.6149e+00	
 4.6150e+00	
 4.6152e+00	
 4.6162e+00	
 4.6149e+00	
 4.6149e+00	
 4.6155e+00	
 4.6164e+00	
 4.6149e+00	
 4.6152e+00	
 4.6143e+00	
 4.6159e+00	
 4.6153e+00	
 4.6137e+00	
 4.6142e+00	
 4.6159e+00	
 4.6158e+00	
 4.6160e+00	
 4.6155e+00	
 4.6153e+00	
 4.6147e+00	
 4.6148e+00	
 4.6148e+00	
 4.6153e+00	
 4.6157e+00	
 4.6148e+00	
 4.6160e+00	
 4.6153e+00	
 4.6147e+00	
 4.6171e+00	
 4.6136e+00	
 4.6155e+00	
 4.6146e+00	
 4.6157e+00	
 4.6148e+00	
 4.6140e+00	
 4.6147e+00	
 4.6143e+00	
 4.6165e+00	
 4.6148e+00	
 4.6156e+00	
 4.6150e+00	
 4.6148e+00	
 4.6144e+00	
 4.6153e+00	
 4.6147e+00	
 4.6142e+00	
 4.6151e+00	
 4.6150e+00	
 4.6138e+00	
 4.6158e+00	
 4.6145e+00	
 4.6136e+00	
 4.6155e+00	
 4.6133e+00	
 4.6158e+00	
 4.6159e+00	
 4.6164e+00	
 4.6144e+00	
 4.6144e+00	
 4.6146e+00	
 4.6146e+00	
 4.6147e+00	
 4.6138e+00	
 4.6168e+00	
 4.6152e+00	
 4.6152e+00	
 4.6148e+00	
 4.6162e+00	
 4.6146e+00	
 4.6142e+00	
 4.6162e+00	
 4.6153e+00	
 4.6160e+00	
 4.6151e+00	
 4.6164e+00	
 4.6149e+00	
 4.6153e+00	
 4.6159e+00	
 4.6145e+00	
 4.6166e+00	
 4.6145e+00	
 4.6148e+00	
 4.6139e+00	
 4.6152e+00	
 4.6147e+00	
 4.6165e+00	
 4.6138e+00	
 4.6155e+00	
 4.6149e+00	
 4.6148e+00	
 4.6137e+00	
 4.6152e+00	
 4.6151e+00	
 4.6145e+00	
 4.6145e+00	
 4.6163e+00	
 4.6153e+00	
 4.6165e+00	
 4.6138e+00	
 4.6150e+00	
 4.6148e+00	
 4.6151e+00	
 4.6147e+00	
 4.6169e+00	
 4.6157e+00	
 4.6165e+00	
 4.6138e+00	
 4.6154e+00	
 4.6163e+00	
 4.6149e+00	
 4.6153e+00	
 4.6150e+00	
 4.6165e+00	
 4.6156e+00	
 4.6154e+00	
 4.6149e+00	
 4.6144e+00	
 4.6151e+00	
 4.6140e+00	
 4.6149e+00	
 4.6149e+00	
 4.6166e+00	
 4.6159e+00	
 4.6159e+00	
 4.6156e+00	
 4.6148e+00	
 4.6141e+00	
 4.6158e+00	
 4.6154e+00	
 4.6159e+00	
 4.6153e+00	
 4.6158e+00	
 4.6142e+00	
 4.6147e+00	
 4.6145e+00	
 4.6143e+00	
 4.6154e+00	
 4.6157e+00	
 4.6155e+00	
 4.6159e+00	
 4.6155e+00	
 4.6163e+00	
 4.6154e+00	
 4.6150e+00	
 4.6156e+00	
 4.6161e+00	
 4.6146e+00	
 4.6152e+00	
 4.6158e+00	
 4.6146e+00	
 4.6142e+00	
 4.6153e+00	
 4.6137e+00	
 4.6149e+00	
 4.6140e+00	
 4.6148e+00	
 4.6143e+00	
 4.6157e+00	
 4.6147e+00	
 4.6150e+00	
 4.6148e+00	
 4.6164e+00	
 4.6143e+00	
 4.6149e+00	
 4.6161e+00	
 4.6145e+00	
 4.6157e+00	
 4.6142e+00	
 4.6139e+00	
 4.6153e+00	
 4.6130e+00	
 4.6153e+00	
 4.6162e+00	
 4.6142e+00	
 4.6143e+00	
 4.6150e+00	
 4.6155e+00	
 4.6152e+00	
 4.6165e+00	
 4.6161e+00	
 4.6155e+00	
 4.6156e+00	
 4.6156e+00	
 4.6139e+00	
 4.6141e+00	
 4.6146e+00	
 4.6161e+00	
 4.6159e+00	
 4.6164e+00	
 4.6154e+00	
 4.6147e+00	
 4.6146e+00	
 4.6150e+00	
 4.6142e+00	
 4.6148e+00	
 4.6155e+00	
 4.6158e+00	
 4.6167e+00	
 4.6158e+00	
 4.6155e+00	
 4.6156e+00	
 4.6141e+00	
 4.6162e+00	
 4.6156e+00	
 4.6157e+00	
 4.6143e+00	
 4.6145e+00	
 4.6169e+00	
 4.6155e+00	
 4.6155e+00	
 4.6147e+00	
 4.6144e+00	
 4.6160e+00	
 4.6156e+00	
 4.6158e+00	
 4.6159e+00	
 4.6152e+00	
 4.6154e+00	
 4.6138e+00	
 4.6146e+00	
 4.6139e+00	
 4.6152e+00	
 4.6143e+00	
 4.6161e+00	
 4.6150e+00	
 4.6144e+00	
 4.6158e+00	
 4.6146e+00	
 4.6147e+00	
 4.6149e+00	
 4.6159e+00	
 4.6156e+00	
 4.6149e+00	
 4.6149e+00	
 4.6165e+00	
 4.6158e+00	
 4.6150e+00	
 4.6162e+00	
 4.6154e+00	
 4.6140e+00	
 4.6162e+00	
 4.6146e+00	
 4.6154e+00	
 4.6158e+00	
 4.6152e+00	
 4.6155e+00	
 4.6143e+00	
 4.6157e+00	
 4.6156e+00	
 4.6156e+00	
 4.6164e+00	
 4.6153e+00	
 4.6157e+00	
 4.6148e+00	
 4.6145e+00	
 4.6151e+00	
 4.6161e+00	
 4.6161e+00	
 4.6160e+00	
 4.6153e+00	
 4.6151e+00	
 4.6143e+00	
 4.6157e+00	
 4.6144e+00	
 4.6167e+00	
 4.6146e+00	
 4.6150e+00	
 4.6146e+00	
 4.6148e+00	
 4.6152e+00	
 4.6154e+00	
 4.6152e+00	
 4.6147e+00	
 4.6156e+00	
 4.6146e+00	
 4.6165e+00	
 4.6152e+00	
 4.6149e+00	
 4.6151e+00	
 4.6143e+00	
 4.6160e+00	
 4.6140e+00	
 4.6146e+00	
 4.6154e+00	
 4.6156e+00	
 4.6156e+00	
 4.6157e+00	
 4.6140e+00	
 4.6154e+00	
 4.6151e+00	
 4.6148e+00	
 4.6148e+00	
 4.6148e+00	
 4.6136e+00	
 4.6153e+00	
 4.6158e+00	
 4.6147e+00	
 4.6159e+00	
 4.6161e+00	
 4.6159e+00	
 4.6160e+00	
 4.6150e+00	
 4.6152e+00	
 4.6156e+00	
 4.6146e+00	
 4.6155e+00	
 4.6155e+00	
 4.6156e+00	
 4.6143e+00	
 4.6137e+00	
 4.6155e+00	
 4.6146e+00	
 4.6165e+00	
 4.6156e+00	
 4.6164e+00	
 4.6154e+00	
 4.6167e+00	
 4.6148e+00	
 4.6148e+00	
 4.6149e+00	
 4.6152e+00	
 4.6152e+00	
 4.6161e+00	
 4.6156e+00	
 4.6154e+00	
 4.6147e+00	
 4.6156e+00	
 4.6156e+00	
 4.6145e+00	
 4.6149e+00	
 4.6153e+00	
 4.6144e+00	
 4.6139e+00	
 4.6141e+00	
 4.6163e+00	
 4.6145e+00	
 4.6144e+00	
 4.6138e+00	
 4.6158e+00	
 4.6152e+00	
 4.6145e+00	
 4.6147e+00	
 4.6153e+00	
 4.6147e+00	
 4.6149e+00	
 4.6147e+00	
 4.6149e+00	
 4.6153e+00	
 4.6144e+00	
 4.6153e+00	
 4.6152e+00	
 4.6150e+00	
 4.6158e+00	
 4.6154e+00	
 4.6154e+00	
 4.6158e+00	
 4.6151e+00	
 4.6151e+00	
 4.6148e+00	
 4.6157e+00	
 4.6161e+00	
 4.6150e+00	
 4.6158e+00	
 4.6155e+00	
 4.6149e+00	
 4.6154e+00	
 4.6154e+00	
 4.6142e+00	
 4.6149e+00	
 4.6146e+00	
 4.6157e+00	
 4.6134e+00	
 4.6164e+00	
 4.6150e+00	
 4.6145e+00	
 4.6147e+00	
 4.6157e+00	
 4.6159e+00	
 4.6146e+00	
 4.6162e+00	
 4.6138e+00	
 4.6158e+00	
 4.6159e+00	
 4.6155e+00	
 4.6153e+00	
 4.6146e+00	
 4.6142e+00	
 4.6167e+00	
 4.6145e+00	
 4.6158e+00	
 4.6141e+00	
 4.6154e+00	
 4.6151e+00	
 4.6142e+00	
 4.6149e+00	
 4.6161e+00	
 4.6148e+00	
 4.6153e+00	
 4.6142e+00	
 4.6147e+00	
 4.6163e+00	
 4.6145e+00	
 4.6152e+00	
 4.6142e+00	
 4.6151e+00	
 4.6150e+00	
 4.6149e+00	
 4.6152e+00	
 4.6153e+00	
 4.6165e+00	
 4.6154e+00	
 4.6144e+00	
 4.6139e+00	
 4.6154e+00	
 4.6162e+00	
 4.6141e+00	
 4.6147e+00	
 4.6162e+00	
 4.6156e+00	
 4.6161e+00	
 4.6162e+00	
 4.6156e+00	
 4.6151e+00	
 4.6150e+00	
 4.6168e+00	
 4.6162e+00	
 4.6160e+00	
 4.6159e+00	
 4.6147e+00	
 4.6148e+00	
 4.6155e+00	
 4.6150e+00	
 4.6161e+00	
 4.6153e+00	
 4.6155e+00	
 4.6158e+00	
 4.6159e+00	
 4.6149e+00	
 4.6149e+00	
 4.6154e+00	
 4.6156e+00	
 4.6155e+00	
 4.6157e+00	
 4.6155e+00	
 4.6148e+00	
 4.6154e+00	
 4.6164e+00	
 4.6147e+00	
 4.6155e+00	
 4.6142e+00	
 4.6153e+00	
 4.6153e+00	
 4.6140e+00	
 4.6150e+00	
 4.6150e+00	
 4.6151e+00	
 4.6159e+00	
 4.6147e+00	
 4.6148e+00	
 4.6149e+00	
 4.6141e+00	
 4.6160e+00	
 4.6152e+00	
 4.6154e+00	
 4.6148e+00	
 4.6151e+00	
 4.6175e+00	
 4.6156e+00	
 4.6153e+00	
 4.6157e+00	
 4.6149e+00	
 4.6141e+00	
 4.6155e+00	
 4.6151e+00	
 4.6155e+00	
 4.6149e+00	
 4.6155e+00	
 4.6142e+00	
 4.6160e+00	
 4.6158e+00	
 4.6160e+00	
 4.6154e+00	
 4.6152e+00	
 4.6142e+00	
 4.6150e+00	
 4.6151e+00	
 4.6152e+00	
 4.6151e+00	
 4.6145e+00	
 4.6153e+00	
 4.6148e+00	
 4.6156e+00	
 4.6158e+00	
 4.6159e+00	
 4.6148e+00	
 4.6153e+00	
 4.6155e+00	
 4.6145e+00	
 4.6158e+00	
 4.6148e+00	
 4.6141e+00	
 4.6147e+00	
 4.6141e+00	
 4.6145e+00	
 4.6153e+00	
 4.6150e+00	
 4.6150e+00	
 4.6145e+00	
 4.6147e+00	
 4.6150e+00	
 4.6159e+00	
 4.6159e+00	
 4.6145e+00	
 4.6153e+00	
 4.6148e+00	
 4.6143e+00	
 4.6161e+00	
 4.6156e+00	
 4.6153e+00	
 4.6147e+00	
 4.6157e+00	
 4.6153e+00	
 4.6150e+00	
 4.6146e+00	
 4.6146e+00	
 4.6140e+00	
 4.6157e+00	
 4.6156e+00	
 4.6149e+00	
 4.6154e+00	
 4.6157e+00	
 4.6159e+00	
 4.6143e+00	
 4.6148e+00	
 4.6142e+00	
 4.6136e+00	
 4.6145e+00	
 4.6139e+00	
 4.6152e+00	
 4.6142e+00	
 4.6150e+00	
 4.6159e+00	
 4.6159e+00	
 4.6155e+00	
 4.6136e+00	
 4.6153e+00	
 4.6154e+00	
 4.6143e+00	
 4.6150e+00	
 4.6156e+00	
 4.6150e+00	
 4.6151e+00	
 4.6150e+00	
 4.6155e+00	
 4.6135e+00	
 4.6138e+00	
 4.6147e+00	
 4.6152e+00	
 4.6155e+00	
 4.6159e+00	
 4.6154e+00	
 4.6160e+00	
 4.6139e+00	
 4.6149e+00	
 4.6139e+00	
 4.6156e+00	
 4.6140e+00	
 4.6163e+00	
 4.6158e+00	
 4.6145e+00	
 4.6138e+00	
 4.6146e+00	
 4.6153e+00	
 4.6158e+00	
 4.6149e+00	
 4.6162e+00	
 4.6137e+00	
 4.6146e+00	
 4.6144e+00	
 4.6154e+00	
 4.6159e+00	
 4.6144e+00	
 4.6160e+00	
 4.6159e+00	
 4.6153e+00	
 4.6153e+00	
 4.6149e+00	
 4.6157e+00	
 4.6153e+00	
 4.6152e+00	
 4.6153e+00	
 4.6157e+00	
 4.6146e+00	
 4.6154e+00	
 4.6149e+00	
 4.6150e+00	
 4.6154e+00	
 4.6142e+00	
 4.6165e+00	
 4.6149e+00	
 4.6154e+00	
 4.6151e+00	
 4.6164e+00	
 4.6155e+00	
 4.6145e+00	
 4.6145e+00	
 4.6159e+00	
 4.6159e+00	
 4.6151e+00	
 4.6140e+00	
 4.6157e+00	
 4.6145e+00	
 4.6161e+00	
 4.6146e+00	
 4.6154e+00	
 4.6158e+00	
 4.6159e+00	
 4.6153e+00	
 4.6156e+00	
 4.6154e+00	
 4.6151e+00	
 4.6151e+00	
 4.6148e+00	
 4.6151e+00	
 4.6147e+00	
 4.6150e+00	
 4.6151e+00	
 4.6143e+00	
 4.6148e+00	
 4.6142e+00	
 4.6151e+00	
 4.6141e+00	
 4.6159e+00	
 4.6146e+00	
 4.6144e+00	
 4.6149e+00	
 4.6149e+00	
 4.6161e+00	
 4.6160e+00	
 4.6144e+00	
 4.6139e+00	
 4.6167e+00	
 4.6148e+00	
 4.6150e+00	
 4.6151e+00	
 4.6157e+00	
 4.6155e+00	
 4.6131e+00	
 4.6151e+00	
 4.6160e+00	
 4.6153e+00	
 4.6166e+00	
 4.6152e+00	
 4.6142e+00	
 4.6155e+00	
 4.6148e+00	
 4.6140e+00	
 4.6153e+00	
 4.6154e+00	
 4.6148e+00	
 4.6146e+00	
 4.6140e+00	
 4.6158e+00	
 4.6144e+00	
 4.6150e+00	
 4.6160e+00	
 4.6153e+00	
 4.6150e+00	
 4.6164e+00	
 4.6154e+00	
 4.6150e+00	
 4.6155e+00	
 4.6142e+00	
 4.6130e+00	
 4.6166e+00	
 4.6164e+00	
 4.6155e+00	
 4.6152e+00	
 4.6135e+00	
 4.6174e+00	
 4.6143e+00	
 4.6148e+00	
 4.6159e+00	
 4.6142e+00	
 4.6150e+00	
 4.6153e+00	
 4.6162e+00	
 4.6139e+00	
 4.6156e+00	
 4.6154e+00	
 4.6146e+00	
 4.6144e+00	
 4.6153e+00	
 4.6149e+00	
 4.6157e+00	
 4.6153e+00	
 4.6142e+00	
 4.6145e+00	
 4.6157e+00	
 4.6162e+00	
 4.6148e+00	
 4.6135e+00	
 4.6158e+00	
 4.6156e+00	
 4.6152e+00	
 4.6146e+00	
 4.6139e+00	
 4.6157e+00	
 4.6153e+00	
 4.6150e+00	
 4.6152e+00	
 4.6146e+00	
 4.6138e+00	
 4.6143e+00	
 4.6152e+00	
 4.6145e+00	
 4.6147e+00	
 4.6152e+00	
 4.6153e+00	
 4.6160e+00	
 4.6157e+00	
 4.6129e+00	
 4.6154e+00	
 4.6146e+00	
 4.6149e+00	
 4.6152e+00	
 4.6157e+00	
 4.6155e+00	
 4.6144e+00	
 4.6147e+00	
 4.6141e+00	
 4.6161e+00	
 4.6140e+00	
 4.6148e+00	
 4.6145e+00	
 4.6161e+00	
 4.6155e+00	
 4.6138e+00	
 4.6144e+00	
 4.6154e+00	
 4.6132e+00	
 4.6149e+00	
 4.6147e+00	
 4.6148e+00	
 4.6143e+00	
 4.6154e+00	
 4.6148e+00	
 4.6162e+00	
 4.6150e+00	
 4.6152e+00	
 4.6155e+00	
 4.6152e+00	
 4.6151e+00	
 4.6156e+00	
 4.6164e+00	
 4.6152e+00	
 4.6139e+00	
 4.6145e+00	
 4.6145e+00	
 4.6143e+00	
 4.6151e+00	
 4.6157e+00	
 4.6148e+00	
 4.6159e+00	
 4.6157e+00	
 4.6152e+00	
 4.6134e+00	
 4.6163e+00	
 4.6149e+00	
 4.6148e+00	
 4.6149e+00	
 4.6151e+00	
 4.6136e+00	
 4.6161e+00	
 4.6162e+00	
 4.6149e+00	
 4.6143e+00	
 4.6155e+00	
 4.6157e+00	
 4.6135e+00	
 4.6159e+00	
 4.6140e+00	
 4.6151e+00	
 4.6152e+00	
 4.6148e+00	
 4.6137e+00	
 4.6161e+00	
 4.6159e+00	
 4.6153e+00	
 4.6152e+00	
 4.6143e+00	
 4.6156e+00	
 4.6174e+00	
 4.6133e+00	
 4.6141e+00	
 4.6143e+00	
 4.6137e+00	
 4.6143e+00	
 4.6158e+00	
 4.6136e+00	
 4.6150e+00	
 4.6158e+00	
 4.6159e+00	
 4.6156e+00	
 4.6145e+00	
 4.6160e+00	
 4.6148e+00	
 4.6143e+00	
 4.6154e+00	
 4.6168e+00	
 4.6142e+00	
 4.6158e+00	
 4.6161e+00	
 4.6144e+00	
 4.6152e+00	
 4.6154e+00	
 4.6152e+00	
 4.6141e+00	
 4.6149e+00	
 4.6147e+00	
 4.6153e+00	
 4.6137e+00	
 4.6146e+00	
 4.6145e+00	
 4.6152e+00	
 4.6137e+00	
 4.6164e+00	
 4.6144e+00	
 4.6151e+00	
 4.6149e+00	
 4.6171e+00	
 4.6138e+00	
 4.6149e+00	
 4.6146e+00	
 4.6156e+00	
 4.6153e+00	
 4.6152e+00	
 4.6160e+00	
 4.6141e+00	
 4.6159e+00	
 4.6143e+00	
 4.6158e+00	
 4.6139e+00	
 4.6158e+00	
 4.6156e+00	
 4.6152e+00	
 4.6140e+00	
 4.6169e+00	
 4.6151e+00	
 4.6156e+00	
 4.6151e+00	
 4.6142e+00	
 4.6138e+00	
 4.6143e+00	
 4.6158e+00	
 4.6168e+00	
 4.6165e+00	
 4.6155e+00	
 4.6151e+00	
 4.6139e+00	
 4.6147e+00	
 4.6157e+00	
 4.6144e+00	
 4.6148e+00	
 4.6141e+00	
 4.6163e+00	
 4.6147e+00	
 4.6149e+00	
 4.6151e+00	
 4.6140e+00	
 4.6155e+00	
 4.6176e+00	
 4.6155e+00	
 4.6163e+00	
 4.6151e+00	
 4.6175e+00	
 4.6145e+00	
 4.6160e+00	
 4.6156e+00	
 4.6151e+00	
 4.6134e+00	
 4.6152e+00	
 4.6148e+00	
 4.6169e+00	
 4.6144e+00	
 4.6150e+00	
 4.6146e+00	
 4.6152e+00	
 4.6154e+00	
 4.6136e+00	
 4.6161e+00	
 4.6150e+00	
 4.6153e+00	
 4.6150e+00	
 4.6170e+00	
 4.6157e+00	
 4.6146e+00	
 4.6144e+00	
 4.6153e+00	
 4.6160e+00	
 4.6154e+00	
 4.6143e+00	
 4.6151e+00	
 4.6152e+00	
 4.6162e+00	
 4.6164e+00	
 4.6150e+00	
 4.6147e+00	
 4.6156e+00	
 4.6153e+00	
 4.6152e+00	
 4.6151e+00	
 4.6143e+00	
 4.6164e+00	
 4.6148e+00	
 4.6152e+00	
 4.6160e+00	
 4.6152e+00	
 4.6150e+00	
 4.6151e+00	
 4.6156e+00	
 4.6148e+00	
 4.6162e+00	
 4.6144e+00	
 4.6150e+00	
 4.6156e+00	
 4.6149e+00	
 4.6162e+00	
 4.6162e+00	
 4.6151e+00	
 4.6142e+00	
 4.6153e+00	
 4.6147e+00	
 4.6162e+00	
 4.6154e+00	
 4.6148e+00	
 4.6156e+00	
 4.6157e+00	
 4.6147e+00	
 4.6151e+00	
 4.6145e+00	
 4.6160e+00	
 4.6150e+00	
 4.6151e+00	
 4.6148e+00	
 4.6157e+00	
 4.6157e+00	
 4.6156e+00	
 4.6161e+00	
 4.6158e+00	
 4.6144e+00	
 4.6143e+00	
 4.6152e+00	
 4.6145e+00	
 4.6145e+00	
 4.6149e+00	
 4.6134e+00	
 4.6163e+00	
 4.6146e+00	
 4.6158e+00	
 4.6151e+00	
 4.6149e+00	
 4.6144e+00	
 4.6143e+00	
 4.6148e+00	
 4.6149e+00	
 4.6159e+00	
 4.6149e+00	
 4.6134e+00	
 4.6155e+00	
 4.6164e+00	
 4.6138e+00	
 4.6135e+00	
 4.6151e+00	
 4.6145e+00	
 4.6144e+00	
 4.6147e+00	
 4.6155e+00	
 4.6143e+00	
 4.6158e+00	
 4.6151e+00	
 4.6147e+00	
 4.6155e+00	
 4.6148e+00	
 4.6155e+00	
 4.6152e+00	
 4.6148e+00	
 4.6135e+00	
 4.6162e+00	
 4.6147e+00	
 4.6154e+00	
 4.6156e+00	
 4.6162e+00	
 4.6150e+00	
 4.6147e+00	
 4.6148e+00	
 4.6157e+00	
 4.6142e+00	
 4.6150e+00	
 4.6153e+00	
 4.6142e+00	
 4.6150e+00	
 4.6152e+00	
 4.6144e+00	
 4.6148e+00	
 4.6155e+00	
 4.6162e+00	
 4.6162e+00	
 4.6150e+00	
 4.6153e+00	
 4.6158e+00	
 4.6139e+00	
 4.6152e+00	
 4.6155e+00	
 4.6158e+00	
 4.6159e+00	
 4.6139e+00	
 4.6157e+00	
 4.6138e+00	
 4.6144e+00	
 4.6138e+00	
 4.6148e+00	
 4.6145e+00	
 4.6151e+00	
 4.6140e+00	
 4.6177e+00	
 4.6139e+00	
 4.6154e+00	
 4.6152e+00	
 4.6146e+00	
 4.6135e+00	
 4.6142e+00	
 4.6148e+00	
 4.6156e+00	
 4.6157e+00	
 4.6149e+00	
 4.6147e+00	
 4.6145e+00	
 4.6156e+00	
 4.6154e+00	
 4.6144e+00	
 4.6147e+00	
 4.6151e+00	
 4.6163e+00	
 4.6151e+00	
 4.6147e+00	
 4.6152e+00	
 4.6155e+00	
 4.6148e+00	
 4.6143e+00	
 4.6158e+00	
 4.6173e+00	
 4.6144e+00	
 4.6144e+00	
 4.6149e+00	
 4.6158e+00	
 4.6152e+00	
 4.6159e+00	
 4.6161e+00	
 4.6145e+00	
 4.6145e+00	
 4.6155e+00	
 4.6150e+00	
 4.6145e+00	
 4.6158e+00	
 4.6153e+00	
