loss	
 4.6309e+00	
 4.6610e+00	
 4.5955e+00	
 4.6201e+00	
 4.6177e+00	
 4.5890e+00	
 4.6022e+00	
 4.6282e+00	
 4.5895e+00	
 4.6075e+00	
 4.5926e+00	
 4.6137e+00	
 4.6655e+00	
 4.6557e+00	
 4.6319e+00	
 4.5754e+00	
 4.6174e+00	
 4.6397e+00	
 4.6236e+00	
 4.6020e+00	
 4.5686e+00	
 4.5955e+00	
 4.5614e+00	
 4.6175e+00	
 4.6370e+00	
 4.5545e+00	
 4.6518e+00	
 4.5528e+00	
 4.6579e+00	
 4.6048e+00	
 4.5948e+00	
 4.5875e+00	
 4.6099e+00	
 4.6653e+00	
 4.5774e+00	
 4.6401e+00	
 4.6350e+00	
 4.5868e+00	
 4.5755e+00	
 4.6471e+00	
 4.5905e+00	
 4.5945e+00	
 4.6195e+00	
 4.5564e+00	
 4.6416e+00	
 4.5993e+00	
 4.6161e+00	
 4.5881e+00	
 4.6414e+00	
 4.5797e+00	
 4.6232e+00	
 4.5486e+00	
 4.5695e+00	
 4.6495e+00	
 4.5559e+00	
 4.5877e+00	
 4.5811e+00	
 4.5773e+00	
 4.5865e+00	
 4.6195e+00	
 4.6008e+00	
 4.6032e+00	
 4.5456e+00	
 4.5483e+00	
 4.6287e+00	
 4.5757e+00	
 4.5401e+00	
 4.4968e+00	
 4.5883e+00	
 4.6055e+00	
 4.5485e+00	
 4.5409e+00	
 4.5245e+00	
 4.6047e+00	
 4.5267e+00	
 4.5749e+00	
 4.5790e+00	
 4.5534e+00	
 4.6021e+00	
 4.5587e+00	
 4.5110e+00	
 4.5630e+00	
 4.5571e+00	
 4.5592e+00	
 4.5660e+00	
 4.5777e+00	
 4.4802e+00	
 4.5637e+00	
 4.6026e+00	
 4.4915e+00	
 4.5526e+00	
 4.5108e+00	
 4.6171e+00	
 4.5160e+00	
 4.5316e+00	
 4.5432e+00	
 4.4984e+00	
 4.5270e+00	
 4.5072e+00	
 4.5240e+00	
 4.4550e+00	
 4.4530e+00	
 4.5017e+00	
 4.4716e+00	
 4.5454e+00	
 4.5762e+00	
 4.5737e+00	
 4.4209e+00	
 4.5309e+00	
 4.4463e+00	
 4.3304e+00	
 4.4651e+00	
 4.3691e+00	
 4.3084e+00	
 4.4930e+00	
 4.3366e+00	
 4.3750e+00	
 4.3503e+00	
 4.3237e+00	
 4.3566e+00	
 4.5084e+00	
 4.3960e+00	
 4.3243e+00	
 4.3306e+00	
 4.3638e+00	
 4.4088e+00	
 4.3474e+00	
 4.4223e+00	
 4.3056e+00	
 4.3123e+00	
 4.3053e+00	
 4.3345e+00	
 4.3618e+00	
 4.2469e+00	
 4.3560e+00	
 4.2928e+00	
 4.5585e+00	
 4.2068e+00	
 4.2000e+00	
 4.3061e+00	
 4.4469e+00	
 4.4223e+00	
 4.3226e+00	
 4.3765e+00	
 4.2523e+00	
 4.1871e+00	
 4.4020e+00	
 4.3450e+00	
 4.3404e+00	
 4.1687e+00	
 4.3662e+00	
 4.1534e+00	
 4.2656e+00	
 4.3038e+00	
 4.1737e+00	
 4.2680e+00	
 4.3523e+00	
 4.1978e+00	
 4.3279e+00	
 4.2921e+00	
 4.0658e+00	
 4.3667e+00	
 4.1423e+00	
 4.3779e+00	
 4.1946e+00	
 3.9855e+00	
 4.2241e+00	
 4.2446e+00	
 4.0847e+00	
 4.0296e+00	
 4.2605e+00	
 4.2371e+00	
 4.1805e+00	
 4.1819e+00	
 4.2348e+00	
 4.1228e+00	
 4.2518e+00	
 4.3509e+00	
 4.1945e+00	
 4.0820e+00	
 4.3029e+00	
 4.3354e+00	
 4.2104e+00	
 4.1140e+00	
 4.0140e+00	
 4.1134e+00	
 4.0335e+00	
 3.9797e+00	
 4.0178e+00	
 4.3917e+00	
 4.3427e+00	
 4.0232e+00	
 3.9061e+00	
 4.1618e+00	
 4.1130e+00	
 4.1530e+00	
 4.1518e+00	
 3.9824e+00	
 4.1703e+00	
 4.2217e+00	
 4.2185e+00	
 4.2311e+00	
 4.1329e+00	
 4.1076e+00	
 3.9618e+00	
 4.0850e+00	
 3.9992e+00	
 4.1581e+00	
 4.0347e+00	
 4.0711e+00	
 3.9294e+00	
 3.9392e+00	
 4.1550e+00	
 4.1779e+00	
 4.2480e+00	
 4.1783e+00	
 3.9448e+00	
 3.9580e+00	
 4.0077e+00	
 4.0122e+00	
 4.1057e+00	
 4.2072e+00	
 3.9300e+00	
 4.1949e+00	
 3.8888e+00	
 4.0946e+00	
 4.1856e+00	
 3.8860e+00	
 3.9389e+00	
 4.1365e+00	
 4.0473e+00	
 3.9582e+00	
 3.9159e+00	
 4.0671e+00	
 3.8709e+00	
 3.9938e+00	
 4.0743e+00	
 3.8171e+00	
 3.7889e+00	
 4.0353e+00	
 3.8442e+00	
 3.9157e+00	
 3.9911e+00	
 4.0025e+00	
 4.1231e+00	
 4.0562e+00	
 3.9442e+00	
 3.7917e+00	
 3.7615e+00	
 3.7348e+00	
 3.8917e+00	
 4.0466e+00	
 3.9806e+00	
 3.9897e+00	
 3.8390e+00	
 4.0602e+00	
 4.0203e+00	
 3.9357e+00	
 3.9121e+00	
 3.8912e+00	
 4.0397e+00	
 3.8175e+00	
 3.7779e+00	
 4.2589e+00	
 3.9851e+00	
 3.7371e+00	
 3.7738e+00	
 3.6337e+00	
 3.8645e+00	
 4.3007e+00	
 3.7846e+00	
 3.9776e+00	
 4.3072e+00	
 3.9228e+00	
 3.9548e+00	
 3.8513e+00	
 4.0181e+00	
 3.8913e+00	
 3.6795e+00	
 3.9305e+00	
 4.0087e+00	
 3.8453e+00	
 3.9782e+00	
 3.9495e+00	
 4.0537e+00	
 3.9933e+00	
 3.6849e+00	
 3.7729e+00	
 3.6863e+00	
 4.1729e+00	
 3.7951e+00	
 4.0828e+00	
 3.9803e+00	
 3.9938e+00	
 3.8368e+00	
 4.1327e+00	
 3.9518e+00	
 3.9146e+00	
 3.8137e+00	
 4.3007e+00	
 3.7358e+00	
 3.9177e+00	
 3.8561e+00	
 3.8553e+00	
 3.9432e+00	
 3.6531e+00	
 3.9276e+00	
 3.8612e+00	
 3.7999e+00	
 4.2146e+00	
 3.6846e+00	
 3.8274e+00	
 3.9174e+00	
 3.8649e+00	
 3.7789e+00	
 3.8622e+00	
 3.8784e+00	
 3.7418e+00	
 3.7353e+00	
 3.6896e+00	
 4.0732e+00	
 4.1436e+00	
 3.7949e+00	
 3.5137e+00	
 3.6756e+00	
 3.7097e+00	
 3.7015e+00	
 3.8201e+00	
 4.0594e+00	
 3.6812e+00	
 3.8031e+00	
 4.0022e+00	
 3.6721e+00	
 3.8141e+00	
 3.7953e+00	
 3.7314e+00	
 3.5720e+00	
 4.0350e+00	
 4.0428e+00	
 3.9136e+00	
 3.6391e+00	
 3.8322e+00	
 3.8446e+00	
 4.0539e+00	
 3.7612e+00	
 3.8024e+00	
 4.1309e+00	
 3.9283e+00	
 3.8550e+00	
 3.7483e+00	
 4.0450e+00	
 3.8352e+00	
 4.0244e+00	
 3.8796e+00	
 3.7108e+00	
 3.9503e+00	
 3.5976e+00	
 3.9291e+00	
 3.8186e+00	
 3.4899e+00	
 3.7966e+00	
 3.6153e+00	
 3.8938e+00	
 3.7950e+00	
 3.8582e+00	
 3.5278e+00	
 3.7330e+00	
 3.6681e+00	
 3.8053e+00	
 3.3638e+00	
 3.6089e+00	
 3.8747e+00	
 3.6423e+00	
 3.9782e+00	
 3.7402e+00	
 3.9074e+00	
 3.8140e+00	
 3.8223e+00	
 3.8020e+00	
 3.6407e+00	
 3.8291e+00	
 3.6153e+00	
 3.6091e+00	
 3.9558e+00	
 3.5170e+00	
 3.6034e+00	
 3.7726e+00	
 3.6102e+00	
 3.9022e+00	
 3.6898e+00	
 3.7210e+00	
 3.5989e+00	
 3.3615e+00	
 3.6560e+00	
 3.4921e+00	
 3.7987e+00	
 3.9243e+00	
 3.6215e+00	
 3.5787e+00	
 3.8766e+00	
 3.5427e+00	
 3.7320e+00	
 3.7921e+00	
 3.7710e+00	
 3.4789e+00	
 3.7496e+00	
 4.0531e+00	
 3.5743e+00	
 3.5091e+00	
 3.5565e+00	
 3.6661e+00	
 3.9399e+00	
 3.7993e+00	
 3.4315e+00	
 3.7441e+00	
 3.4517e+00	
 3.5864e+00	
 3.9510e+00	
 3.7940e+00	
 3.1640e+00	
 3.6849e+00	
 3.7067e+00	
 3.5463e+00	
 3.6244e+00	
 3.4879e+00	
 3.7582e+00	
 3.9498e+00	
 3.6859e+00	
 3.7375e+00	
 3.6283e+00	
 3.7261e+00	
 3.7880e+00	
 3.9517e+00	
 3.4635e+00	
 3.6025e+00	
 3.5322e+00	
 3.6223e+00	
 3.4312e+00	
 3.4711e+00	
 3.4825e+00	
 3.8298e+00	
 3.7399e+00	
 3.9549e+00	
 3.7529e+00	
 3.5211e+00	
 3.4613e+00	
 3.6452e+00	
 3.5780e+00	
 3.6986e+00	
 4.1232e+00	
 3.5172e+00	
 3.6269e+00	
 3.7830e+00	
 3.9212e+00	
 3.5542e+00	
 3.7668e+00	
 3.5381e+00	
 3.9222e+00	
 3.7683e+00	
 3.5155e+00	
 3.6114e+00	
 3.7979e+00	
 3.7701e+00	
 3.7070e+00	
 3.6318e+00	
 3.6612e+00	
 3.7043e+00	
 3.6248e+00	
 3.5445e+00	
 3.4234e+00	
 3.4520e+00	
 3.4064e+00	
 3.5174e+00	
 3.5520e+00	
 3.6796e+00	
 3.3121e+00	
 3.5251e+00	
 3.7050e+00	
 3.6952e+00	
 3.4386e+00	
 3.9310e+00	
 3.3820e+00	
 3.5060e+00	
 3.5407e+00	
 3.3304e+00	
 3.5562e+00	
 3.4064e+00	
 3.9316e+00	
 3.6808e+00	
 3.4346e+00	
 3.5554e+00	
 3.5338e+00	
 3.5606e+00	
 3.4542e+00	
 3.2940e+00	
 3.8153e+00	
 3.4663e+00	
 3.3824e+00	
 3.7284e+00	
 3.4021e+00	
 3.9831e+00	
 3.5472e+00	
 3.4784e+00	
 4.0156e+00	
 3.3357e+00	
 3.4277e+00	
 3.4293e+00	
 3.3718e+00	
 3.7712e+00	
 3.5708e+00	
 3.6364e+00	
 3.7521e+00	
 3.5556e+00	
 3.4826e+00	
 3.4730e+00	
 3.9048e+00	
 3.5432e+00	
 3.6612e+00	
 3.4893e+00	
 3.5019e+00	
 3.4820e+00	
 3.4483e+00	
 3.6023e+00	
 3.3863e+00	
 3.5149e+00	
 3.5651e+00	
 3.4964e+00	
 3.6218e+00	
 3.0551e+00	
 3.7628e+00	
 4.0512e+00	
 3.6601e+00	
 3.7931e+00	
 3.7833e+00	
 3.6496e+00	
 3.3222e+00	
 3.2698e+00	
 3.1847e+00	
 3.7657e+00	
 3.6759e+00	
 3.4652e+00	
 3.8635e+00	
 3.7646e+00	
 3.5014e+00	
 3.7771e+00	
 3.3136e+00	
 3.5186e+00	
 3.6826e+00	
 3.4148e+00	
 3.2543e+00	
 3.7639e+00	
 3.5551e+00	
 3.6929e+00	
 3.4445e+00	
 3.7415e+00	
 3.6315e+00	
 3.3619e+00	
 3.4469e+00	
 3.3446e+00	
 3.4325e+00	
 3.7198e+00	
 3.4719e+00	
 3.3761e+00	
 3.5786e+00	
 3.6854e+00	
 3.2838e+00	
 3.2583e+00	
 3.4501e+00	
 3.4630e+00	
 3.2796e+00	
 3.6947e+00	
 3.5931e+00	
 3.0607e+00	
 3.7564e+00	
 3.4977e+00	
 3.2559e+00	
 3.2036e+00	
 3.6282e+00	
 3.2650e+00	
 3.4298e+00	
 3.3564e+00	
 3.1088e+00	
 3.3746e+00	
 3.1304e+00	
 3.5688e+00	
 3.8335e+00	
 3.5374e+00	
 3.4216e+00	
 3.4508e+00	
 3.4872e+00	
 3.1330e+00	
 3.8148e+00	
 3.6548e+00	
 3.4488e+00	
 3.4328e+00	
 3.5507e+00	
 3.7077e+00	
 3.4781e+00	
 3.3648e+00	
 3.9748e+00	
 3.5437e+00	
 2.9010e+00	
 3.4798e+00	
 3.4848e+00	
 3.2487e+00	
 3.5195e+00	
 3.5820e+00	
 3.7410e+00	
 3.3493e+00	
 3.6712e+00	
 3.5559e+00	
 3.4733e+00	
 3.2939e+00	
 3.6593e+00	
 3.3574e+00	
 2.9771e+00	
 3.8470e+00	
 3.4207e+00	
 3.2630e+00	
 3.2469e+00	
 4.0197e+00	
 3.6534e+00	
 3.5440e+00	
 3.5315e+00	
 3.2935e+00	
 3.5098e+00	
 3.2775e+00	
 3.5061e+00	
 3.5627e+00	
 3.3863e+00	
 2.9886e+00	
 3.5189e+00	
 3.3505e+00	
 2.9040e+00	
 3.2678e+00	
 3.2848e+00	
 3.7544e+00	
 3.1742e+00	
 3.3908e+00	
 3.2116e+00	
 3.4447e+00	
 3.3739e+00	
 3.7361e+00	
 3.2965e+00	
 3.5405e+00	
 3.3388e+00	
 3.5260e+00	
 3.4513e+00	
 3.6626e+00	
 3.3241e+00	
 3.6840e+00	
 3.7692e+00	
 3.4424e+00	
 3.2270e+00	
 3.5285e+00	
 3.4280e+00	
 3.2556e+00	
 3.6592e+00	
 3.1189e+00	
 3.5690e+00	
 3.5157e+00	
 3.6374e+00	
 3.3313e+00	
 3.2784e+00	
 3.4518e+00	
 3.1222e+00	
 3.4603e+00	
 3.1531e+00	
 3.3216e+00	
 3.5775e+00	
 3.5238e+00	
 3.5185e+00	
 3.3964e+00	
 3.3243e+00	
 3.2197e+00	
 3.3278e+00	
 3.1813e+00	
 3.2832e+00	
 3.2937e+00	
 3.4406e+00	
 3.1935e+00	
 3.1460e+00	
 3.4649e+00	
 3.3507e+00	
 3.4377e+00	
 3.3723e+00	
 3.4497e+00	
 3.3729e+00	
 3.5992e+00	
 3.3533e+00	
 3.6269e+00	
 2.9596e+00	
 3.4511e+00	
 3.0547e+00	
 3.7586e+00	
 3.6953e+00	
 3.4334e+00	
 3.0457e+00	
 3.4468e+00	
 3.2349e+00	
 3.3131e+00	
 3.4210e+00	
 3.6870e+00	
 3.2563e+00	
 3.3222e+00	
 3.6793e+00	
 3.5375e+00	
 3.3962e+00	
 3.4239e+00	
 3.4772e+00	
 3.3794e+00	
 3.1657e+00	
 3.5584e+00	
 3.5684e+00	
 3.1985e+00	
 3.6345e+00	
 3.2345e+00	
 3.7578e+00	
 3.0815e+00	
 3.3467e+00	
 2.9907e+00	
 2.9787e+00	
 3.4346e+00	
 3.2524e+00	
 3.2025e+00	
 3.3354e+00	
 3.2931e+00	
 3.4334e+00	
 3.3170e+00	
 3.5032e+00	
 3.6970e+00	
 3.1987e+00	
 2.9535e+00	
 3.8501e+00	
 3.5786e+00	
 3.5666e+00	
 3.6038e+00	
 3.5279e+00	
 3.3168e+00	
 3.5953e+00	
 3.3083e+00	
 3.3171e+00	
 3.2143e+00	
 3.1220e+00	
 2.7891e+00	
 3.5694e+00	
 3.5178e+00	
 3.3558e+00	
 3.3990e+00	
 3.4370e+00	
 3.4127e+00	
 3.7445e+00	
 3.4702e+00	
 3.4125e+00	
 3.3700e+00	
 3.3123e+00	
 3.3103e+00	
 3.4390e+00	
 3.3851e+00	
 3.1052e+00	
 3.5873e+00	
 3.2472e+00	
 3.4227e+00	
 3.2226e+00	
 3.4873e+00	
 3.1203e+00	
 3.1619e+00	
 2.9034e+00	
 3.3766e+00	
 2.7301e+00	
 3.0778e+00	
 3.5481e+00	
 3.3061e+00	
 3.2050e+00	
 3.1949e+00	
 3.2274e+00	
 3.5091e+00	
 3.9986e+00	
 3.3141e+00	
 3.1557e+00	
 3.1728e+00	
 3.0476e+00	
 3.4354e+00	
 3.4375e+00	
 3.4218e+00	
 3.2158e+00	
 3.1876e+00	
 2.9471e+00	
 3.2368e+00	
 3.7747e+00	
 3.2064e+00	
 3.1847e+00	
 3.1739e+00	
 3.0653e+00	
 3.1681e+00	
 3.5801e+00	
 3.2570e+00	
 2.8365e+00	
 3.4862e+00	
 3.1185e+00	
 3.0679e+00	
 2.9722e+00	
 3.2525e+00	
 3.2846e+00	
 3.2177e+00	
 3.5176e+00	
 3.1632e+00	
 3.4012e+00	
 3.5344e+00	
 3.1737e+00	
 3.2426e+00	
 3.3284e+00	
 3.4090e+00	
 3.0479e+00	
 3.4078e+00	
 3.1569e+00	
 3.0086e+00	
 3.1664e+00	
 3.0752e+00	
 3.4385e+00	
 3.1267e+00	
 3.6031e+00	
 3.3521e+00	
 3.1661e+00	
 3.0042e+00	
 3.5207e+00	
 3.3040e+00	
 3.4621e+00	
 3.3595e+00	
 3.3165e+00	
 3.6863e+00	
 3.2383e+00	
 3.5965e+00	
 3.5675e+00	
 3.3776e+00	
 3.1717e+00	
 3.2811e+00	
 3.4183e+00	
 3.4711e+00	
 3.2220e+00	
 3.1445e+00	
 3.0042e+00	
 2.7604e+00	
 2.8267e+00	
 3.2349e+00	
 2.9525e+00	
 3.3750e+00	
 3.0311e+00	
 3.4065e+00	
 3.4370e+00	
 3.3841e+00	
 3.1932e+00	
 3.4039e+00	
 3.3136e+00	
 3.0307e+00	
 3.2257e+00	
 3.3755e+00	
 3.2435e+00	
 3.4126e+00	
 3.3936e+00	
 3.2495e+00	
 3.3218e+00	
 3.4831e+00	
 3.1979e+00	
 3.5069e+00	
 3.2127e+00	
 3.1054e+00	
 3.2362e+00	
 3.1729e+00	
 3.1122e+00	
 3.4122e+00	
 3.6250e+00	
 3.1132e+00	
 3.2914e+00	
 3.0196e+00	
 3.3676e+00	
 3.3993e+00	
 3.1442e+00	
 3.6064e+00	
 3.2092e+00	
 3.5154e+00	
 3.0577e+00	
 3.2035e+00	
 3.2443e+00	
 3.2052e+00	
 3.0614e+00	
 3.6059e+00	
 3.4537e+00	
 3.5333e+00	
 3.2306e+00	
 2.9587e+00	
 3.3769e+00	
 2.9903e+00	
 2.9426e+00	
 3.0673e+00	
 3.3527e+00	
 3.1416e+00	
 3.5321e+00	
 3.2223e+00	
 2.8670e+00	
 2.9187e+00	
 3.4246e+00	
 3.2443e+00	
 2.9827e+00	
 3.1368e+00	
 3.0277e+00	
 3.0343e+00	
 3.2843e+00	
 3.0620e+00	
 3.4535e+00	
 3.3845e+00	
 2.9072e+00	
 2.9716e+00	
 3.1428e+00	
 3.5127e+00	
 3.2354e+00	
 3.3507e+00	
 3.4089e+00	
 3.0987e+00	
 3.4233e+00	
 3.3357e+00	
 3.2191e+00	
 3.3246e+00	
 3.4408e+00	
 3.6413e+00	
 3.2307e+00	
 3.2204e+00	
 2.9893e+00	
 3.1447e+00	
 3.4922e+00	
 3.1506e+00	
 3.3259e+00	
 3.3509e+00	
 3.2991e+00	
 3.1695e+00	
 3.0829e+00	
 3.4387e+00	
 2.5841e+00	
 3.2975e+00	
 3.1059e+00	
 3.1898e+00	
 3.1555e+00	
 3.5578e+00	
 2.8919e+00	
 3.2868e+00	
 3.3801e+00	
 3.0724e+00	
 3.0811e+00	
 3.2439e+00	
 3.1430e+00	
 3.2771e+00	
 3.4042e+00	
 2.8843e+00	
 3.4133e+00	
 3.3813e+00	
 3.0980e+00	
 3.2019e+00	
 3.3069e+00	
 3.4544e+00	
 3.1150e+00	
 3.2431e+00	
 3.3011e+00	
 3.0125e+00	
 3.1846e+00	
 3.1271e+00	
 3.1407e+00	
 3.2321e+00	
 3.2691e+00	
 3.0598e+00	
 3.0235e+00	
 3.2354e+00	
 3.1044e+00	
 3.4084e+00	
 3.2125e+00	
 3.4382e+00	
 3.2090e+00	
 3.2027e+00	
 3.0497e+00	
 3.1950e+00	
 3.0302e+00	
 2.9841e+00	
 3.2786e+00	
 3.2384e+00	
 3.1069e+00	
 3.1270e+00	
 3.6075e+00	
 3.0016e+00	
 3.4622e+00	
 3.1313e+00	
 3.3860e+00	
 3.3992e+00	
 3.1423e+00	
 3.2683e+00	
 3.1063e+00	
 3.1571e+00	
 3.1367e+00	
 2.9122e+00	
 3.3848e+00	
 3.1275e+00	
 2.8671e+00	
 3.3575e+00	
 3.2311e+00	
 2.8000e+00	
 3.1467e+00	
 3.1643e+00	
 3.0603e+00	
 3.4695e+00	
 3.2609e+00	
 3.4329e+00	
 3.2118e+00	
 3.2645e+00	
 3.3506e+00	
 3.1653e+00	
 3.2427e+00	
 3.4059e+00	
 3.3584e+00	
 3.0407e+00	
 3.1802e+00	
 3.4311e+00	
 3.0751e+00	
 2.9752e+00	
 2.8446e+00	
 3.4707e+00	
 3.0106e+00	
 2.9232e+00	
 3.3656e+00	
 2.9478e+00	
 2.9206e+00	
 3.2261e+00	
 3.3714e+00	
 3.3346e+00	
 3.4434e+00	
 3.4709e+00	
 3.2668e+00	
 3.3881e+00	
 3.1719e+00	
 3.5367e+00	
 3.1335e+00	
 2.7036e+00	
 3.0281e+00	
 2.9175e+00	
 2.8541e+00	
 3.4342e+00	
 3.2707e+00	
 3.2574e+00	
 3.7014e+00	
 3.1781e+00	
 3.2523e+00	
 2.8862e+00	
 3.2921e+00	
 3.2976e+00	
 2.9598e+00	
 3.3332e+00	
 3.0081e+00	
 3.5124e+00	
 3.2346e+00	
 2.9930e+00	
 2.8825e+00	
 2.7267e+00	
 3.2481e+00	
 3.2846e+00	
 3.6023e+00	
 3.2040e+00	
 3.0790e+00	
 3.2056e+00	
 3.2039e+00	
 3.4574e+00	
 3.3486e+00	
 3.6050e+00	
 3.0621e+00	
 3.3674e+00	
 3.2120e+00	
 3.1303e+00	
 3.5978e+00	
 3.1821e+00	
 2.9581e+00	
 3.3410e+00	
 3.4243e+00	
 2.9947e+00	
 3.1171e+00	
 3.3758e+00	
 3.4003e+00	
 3.0092e+00	
 2.8628e+00	
 2.9872e+00	
 3.3587e+00	
 3.2006e+00	
 3.1674e+00	
 3.3600e+00	
 3.1288e+00	
 3.4414e+00	
 3.1248e+00	
 3.0707e+00	
 3.4114e+00	
 3.3858e+00	
 3.4199e+00	
 3.1084e+00	
 3.4247e+00	
 3.0242e+00	
 3.1599e+00	
 3.6499e+00	
 3.2069e+00	
 3.2416e+00	
 3.6020e+00	
 3.1625e+00	
 3.2165e+00	
 3.2991e+00	
 3.2090e+00	
 2.8751e+00	
 3.3562e+00	
 2.9647e+00	
 3.2400e+00	
 3.3668e+00	
 3.2309e+00	
 3.3953e+00	
 3.3647e+00	
 3.2687e+00	
 3.2668e+00	
 2.9569e+00	
 3.3743e+00	
 2.9934e+00	
 3.1021e+00	
 2.7450e+00	
 3.1948e+00	
 3.3424e+00	
 3.1240e+00	
 2.8744e+00	
 3.2134e+00	
 3.2177e+00	
 3.3083e+00	
 3.1585e+00	
 3.1453e+00	
 3.1177e+00	
 3.0348e+00	
 3.0386e+00	
 2.8797e+00	
 3.1412e+00	
 3.4222e+00	
 3.2990e+00	
 2.9356e+00	
 3.0364e+00	
 3.0426e+00	
 3.0171e+00	
 3.2479e+00	
 3.6084e+00	
 3.3406e+00	
 2.9371e+00	
 3.1334e+00	
 3.3440e+00	
 2.6744e+00	
 2.7980e+00	
 3.1227e+00	
 3.4393e+00	
 3.0839e+00	
 3.0374e+00	
 3.3008e+00	
 3.0660e+00	
 2.9488e+00	
 3.3425e+00	
 3.3973e+00	
 3.0425e+00	
 3.1612e+00	
 3.1111e+00	
 3.1444e+00	
 3.3804e+00	
 2.7666e+00	
 2.9504e+00	
 3.3204e+00	
 3.0561e+00	
 2.9992e+00	
 3.1651e+00	
 3.0798e+00	
 2.8295e+00	
 3.1905e+00	
 3.3322e+00	
 3.2808e+00	
 2.9965e+00	
 3.3551e+00	
 2.9701e+00	
 2.8930e+00	
 3.0925e+00	
 3.2084e+00	
 2.9726e+00	
 2.8140e+00	
 3.1044e+00	
 2.9358e+00	
 3.0242e+00	
 3.0545e+00	
 3.3397e+00	
 3.2839e+00	
 2.9604e+00	
 3.2155e+00	
 2.7687e+00	
 3.1681e+00	
 3.2912e+00	
 2.9314e+00	
 3.5140e+00	
 3.1212e+00	
 3.4435e+00	
 3.3481e+00	
 3.2799e+00	
 3.5282e+00	
 3.5258e+00	
 3.3408e+00	
 3.3225e+00	
 2.7070e+00	
 3.1916e+00	
 2.5570e+00	
 2.6895e+00	
 2.9802e+00	
 2.8715e+00	
 2.6558e+00	
 2.5387e+00	
 2.8914e+00	
 2.3309e+00	
 2.9800e+00	
 2.9731e+00	
 2.4284e+00	
 2.8658e+00	
 2.6189e+00	
 2.5358e+00	
 2.9738e+00	
 2.7524e+00	
 3.0464e+00	
 2.9736e+00	
 2.6008e+00	
 2.9051e+00	
 2.5937e+00	
 2.9925e+00	
 2.6482e+00	
 2.4510e+00	
 2.7531e+00	
 2.9821e+00	
 2.8854e+00	
 2.4766e+00	
 2.8634e+00	
 2.5817e+00	
 2.6180e+00	
 2.8004e+00	
 2.6380e+00	
 2.7783e+00	
 2.6673e+00	
 2.7466e+00	
 2.9732e+00	
 2.6428e+00	
 2.7025e+00	
 2.6556e+00	
 2.7320e+00	
 2.3861e+00	
 3.0323e+00	
 2.6471e+00	
 2.4350e+00	
 2.3278e+00	
 2.8262e+00	
 2.6692e+00	
 2.5842e+00	
 3.0960e+00	
 2.6799e+00	
 2.6875e+00	
 2.7363e+00	
 2.6816e+00	
 2.5614e+00	
 2.9040e+00	
 2.7281e+00	
 2.9205e+00	
 2.8610e+00	
 2.3674e+00	
 2.4508e+00	
 2.8412e+00	
 2.9259e+00	
 2.4380e+00	
 3.1665e+00	
 3.2157e+00	
 2.5359e+00	
 2.2432e+00	
 2.6576e+00	
 2.6624e+00	
 2.5828e+00	
 2.7667e+00	
 2.9469e+00	
 3.3576e+00	
 2.7170e+00	
 2.8417e+00	
 2.9984e+00	
 2.8008e+00	
 2.6591e+00	
 2.4983e+00	
 3.1329e+00	
 2.6810e+00	
 2.7240e+00	
 2.7004e+00	
 2.6665e+00	
 2.7142e+00	
 2.5878e+00	
 2.6924e+00	
 3.0031e+00	
 2.6486e+00	
 2.7769e+00	
 2.8923e+00	
 2.5672e+00	
 2.5537e+00	
 2.5504e+00	
 2.5473e+00	
 2.6998e+00	
 3.0919e+00	
 2.8741e+00	
 2.9387e+00	
 3.0438e+00	
 2.9385e+00	
 2.5400e+00	
 2.6547e+00	
 2.5509e+00	
 2.5532e+00	
 2.5971e+00	
 2.5034e+00	
 2.6088e+00	
 2.8080e+00	
 2.1006e+00	
 3.1333e+00	
 2.5736e+00	
 2.7506e+00	
 2.7130e+00	
 2.8613e+00	
 2.7739e+00	
 2.8017e+00	
 2.8838e+00	
 2.9225e+00	
 2.7373e+00	
 2.3706e+00	
 2.7129e+00	
 2.5807e+00	
 2.6997e+00	
 2.8693e+00	
 2.7864e+00	
 2.5148e+00	
 2.8245e+00	
 2.4548e+00	
 2.3710e+00	
 2.7669e+00	
 2.6146e+00	
 2.3853e+00	
 3.0243e+00	
 2.9718e+00	
 2.8339e+00	
 2.7455e+00	
 2.4822e+00	
 2.6234e+00	
 2.5994e+00	
 2.4666e+00	
 2.4943e+00	
 2.3991e+00	
 2.3880e+00	
 2.7349e+00	
 2.8126e+00	
 2.7468e+00	
 2.6367e+00	
 2.8844e+00	
 2.5457e+00	
 2.8661e+00	
 2.7138e+00	
 2.4790e+00	
 3.0359e+00	
 2.8685e+00	
 2.6758e+00	
 2.6193e+00	
 2.5360e+00	
 2.5741e+00	
 2.8359e+00	
 2.6935e+00	
 2.9369e+00	
 2.4302e+00	
 2.5833e+00	
 2.5647e+00	
 2.8959e+00	
 2.6617e+00	
 2.7896e+00	
 2.4130e+00	
 2.7514e+00	
 2.4922e+00	
 2.6898e+00	
 3.0104e+00	
 2.9193e+00	
 2.4396e+00	
 3.0182e+00	
 2.4705e+00	
 2.5296e+00	
 2.3455e+00	
 2.6482e+00	
 3.0350e+00	
 2.5857e+00	
 2.9503e+00	
 2.5575e+00	
 2.6707e+00	
 2.5251e+00	
 2.5935e+00	
 3.1474e+00	
 2.8985e+00	
 2.4763e+00	
 2.7146e+00	
 2.7517e+00	
 2.5575e+00	
 3.1758e+00	
 2.3489e+00	
 2.6279e+00	
 2.6997e+00	
 2.7859e+00	
 2.4015e+00	
 2.6218e+00	
 2.5974e+00	
 2.5497e+00	
 2.8350e+00	
 2.5713e+00	
 3.1342e+00	
 3.0364e+00	
 2.8384e+00	
 2.8945e+00	
 2.5995e+00	
 2.5462e+00	
 3.0189e+00	
 2.7556e+00	
 2.9443e+00	
 2.8097e+00	
 2.7491e+00	
 2.7566e+00	
 3.0345e+00	
 2.7324e+00	
 2.5644e+00	
 2.6642e+00	
 2.5006e+00	
 2.4362e+00	
 2.9544e+00	
 2.7048e+00	
 2.6774e+00	
 2.5775e+00	
 2.4947e+00	
 2.7298e+00	
 2.5856e+00	
 2.5797e+00	
 2.5730e+00	
 2.3574e+00	
 2.4289e+00	
 2.7780e+00	
 3.1646e+00	
 2.5405e+00	
 2.8497e+00	
 2.4344e+00	
 2.7326e+00	
 2.6064e+00	
 2.7376e+00	
 2.9843e+00	
 2.8531e+00	
 2.4466e+00	
 2.8543e+00	
 2.9882e+00	
 2.7180e+00	
 2.2257e+00	
 2.9789e+00	
 2.6622e+00	
 2.6702e+00	
 2.7354e+00	
 2.5702e+00	
 3.0362e+00	
 2.9545e+00	
 2.9188e+00	
 2.3730e+00	
 3.0610e+00	
 2.6943e+00	
 2.7649e+00	
 2.9242e+00	
 2.7756e+00	
 2.3012e+00	
 2.6139e+00	
 2.8266e+00	
 2.6426e+00	
 2.6302e+00	
 2.7068e+00	
 2.6150e+00	
 2.5910e+00	
 2.3078e+00	
 2.6293e+00	
 2.7275e+00	
 2.4912e+00	
 2.1920e+00	
 2.8124e+00	
 2.6579e+00	
 2.7074e+00	
 3.0015e+00	
 2.9576e+00	
 2.6151e+00	
 2.3758e+00	
 2.4473e+00	
 3.3338e+00	
 2.9798e+00	
 2.4974e+00	
 2.8384e+00	
 2.6621e+00	
 2.6204e+00	
 2.6846e+00	
 2.5799e+00	
 2.8291e+00	
 2.7117e+00	
 2.8474e+00	
 2.8016e+00	
 2.9083e+00	
 2.5959e+00	
 3.0993e+00	
 2.7843e+00	
 2.2668e+00	
 2.6392e+00	
 2.6053e+00	
 2.4044e+00	
 2.9700e+00	
 3.0883e+00	
 2.5919e+00	
 2.5529e+00	
 2.7294e+00	
 2.4525e+00	
 2.6309e+00	
 2.8831e+00	
 2.5164e+00	
 2.4705e+00	
 2.7273e+00	
 3.0572e+00	
 2.4957e+00	
 2.6174e+00	
 2.3458e+00	
 2.5602e+00	
 2.5992e+00	
 2.3122e+00	
 2.6881e+00	
 2.7697e+00	
 2.6466e+00	
 2.6719e+00	
 2.6126e+00	
 2.6077e+00	
 2.7244e+00	
 2.8748e+00	
 2.3764e+00	
 2.8369e+00	
 2.4268e+00	
 2.7351e+00	
 2.5003e+00	
 2.6875e+00	
 2.6038e+00	
 2.5884e+00	
 2.7069e+00	
 2.4710e+00	
 2.5365e+00	
 2.7829e+00	
 2.3105e+00	
 2.8220e+00	
 2.8346e+00	
 2.7498e+00	
 2.8956e+00	
 2.2046e+00	
 2.6596e+00	
 2.8338e+00	
 2.4808e+00	
 2.8454e+00	
 2.6438e+00	
 2.2516e+00	
 2.5160e+00	
 2.4749e+00	
 2.4777e+00	
 2.8948e+00	
 3.0453e+00	
 2.5634e+00	
 2.3284e+00	
 2.7965e+00	
 2.9475e+00	
 2.5750e+00	
 2.5056e+00	
 2.7684e+00	
 3.0029e+00	
 2.8215e+00	
 2.9053e+00	
 2.7171e+00	
 2.4497e+00	
 3.0058e+00	
 2.6633e+00	
 2.6650e+00	
 2.5255e+00	
 2.6216e+00	
 3.0033e+00	
 2.6830e+00	
 2.6680e+00	
 2.6956e+00	
 2.5816e+00	
 2.6974e+00	
 2.5458e+00	
 2.5470e+00	
 3.0033e+00	
 2.8135e+00	
 2.2138e+00	
 2.9108e+00	
 2.9391e+00	
 2.5053e+00	
 2.7481e+00	
 2.4840e+00	
 2.3967e+00	
 2.3279e+00	
 2.8671e+00	
 2.6463e+00	
 2.4558e+00	
 2.3302e+00	
 2.8221e+00	
 2.6619e+00	
 2.5887e+00	
 3.0849e+00	
 2.6311e+00	
 2.5186e+00	
 2.8249e+00	
 2.7261e+00	
 2.6737e+00	
 2.4434e+00	
 2.4416e+00	
 2.5537e+00	
 2.8035e+00	
 2.5793e+00	
 2.6237e+00	
 2.6271e+00	
 2.5601e+00	
 2.8877e+00	
 2.5810e+00	
 2.8213e+00	
 2.6807e+00	
 2.5123e+00	
 2.6768e+00	
 2.5507e+00	
 2.9894e+00	
 2.4139e+00	
 2.8019e+00	
 2.6967e+00	
 2.2538e+00	
 2.4202e+00	
 3.0443e+00	
 2.4415e+00	
 2.7425e+00	
 2.6881e+00	
 2.4620e+00	
 2.7659e+00	
 3.3102e+00	
 2.8394e+00	
 2.7676e+00	
 2.5164e+00	
 2.4672e+00	
 2.1356e+00	
 2.7622e+00	
 2.9667e+00	
 2.6544e+00	
 2.2909e+00	
 2.7777e+00	
 2.5980e+00	
 2.8786e+00	
 2.5788e+00	
 2.7187e+00	
 2.8807e+00	
 2.4545e+00	
 2.4267e+00	
 2.5795e+00	
 2.8629e+00	
 2.8956e+00	
 2.9495e+00	
 2.3481e+00	
 3.1544e+00	
 2.5035e+00	
 2.9720e+00	
 2.5352e+00	
 2.4670e+00	
 2.6553e+00	
 2.3829e+00	
 2.5609e+00	
 2.5321e+00	
 2.4937e+00	
 2.8690e+00	
 2.8787e+00	
 2.6372e+00	
 2.6186e+00	
 2.4281e+00	
 2.8544e+00	
 2.2870e+00	
 2.4902e+00	
 2.5901e+00	
 2.8799e+00	
 2.5550e+00	
 2.8980e+00	
 2.6678e+00	
 2.5956e+00	
 2.8448e+00	
 2.4782e+00	
 2.4034e+00	
 2.5120e+00	
 2.6772e+00	
 2.7652e+00	
 2.6194e+00	
 2.6509e+00	
 2.9290e+00	
 2.9009e+00	
 2.6693e+00	
 2.3590e+00	
 2.9538e+00	
 2.3916e+00	
 2.4656e+00	
 2.7124e+00	
 1.9700e+00	
 2.8610e+00	
 2.4901e+00	
 2.3280e+00	
 2.8150e+00	
 2.7899e+00	
 2.0892e+00	
 2.7402e+00	
 2.2715e+00	
 2.4324e+00	
 3.0261e+00	
 2.2383e+00	
 2.5940e+00	
 2.7523e+00	
 2.5147e+00	
 2.4557e+00	
 2.4958e+00	
 2.4812e+00	
 2.5355e+00	
 2.6503e+00	
 2.3865e+00	
 2.7815e+00	
 2.5215e+00	
 2.6399e+00	
 2.6012e+00	
 2.5673e+00	
 2.8299e+00	
 2.4811e+00	
 2.7216e+00	
 2.4637e+00	
 3.6249e+00	
 2.6045e+00	
 2.9568e+00	
 2.7913e+00	
 2.7523e+00	
 2.6191e+00	
 2.7606e+00	
 2.2444e+00	
 2.3308e+00	
 2.9233e+00	
 2.5347e+00	
 2.9482e+00	
 2.4200e+00	
 2.6199e+00	
 2.7233e+00	
 2.7305e+00	
 2.5106e+00	
 2.6548e+00	
 2.3757e+00	
 2.0431e+00	
 2.9584e+00	
 2.1619e+00	
 2.9139e+00	
 2.2842e+00	
 2.2693e+00	
 2.5409e+00	
 2.7788e+00	
 2.8371e+00	
 2.7263e+00	
 2.2397e+00	
 2.4904e+00	
 2.6370e+00	
 2.0393e+00	
 2.1723e+00	
 3.0359e+00	
 2.5001e+00	
 2.4917e+00	
 2.7661e+00	
 2.8324e+00	
 2.4039e+00	
 2.3887e+00	
 2.3503e+00	
 2.4024e+00	
 2.5553e+00	
 2.7269e+00	
 2.8727e+00	
 3.0790e+00	
 2.2741e+00	
 2.5912e+00	
 2.5168e+00	
 2.5490e+00	
 2.5801e+00	
 2.6984e+00	
 2.5745e+00	
 2.4972e+00	
 2.8492e+00	
 2.8804e+00	
 2.4498e+00	
 2.2791e+00	
 2.5932e+00	
 2.4500e+00	
 2.4608e+00	
 3.0251e+00	
 2.6302e+00	
 2.4419e+00	
 2.8999e+00	
 3.0890e+00	
 2.6668e+00	
 2.2899e+00	
 2.8584e+00	
 2.5261e+00	
 3.0156e+00	
 2.2760e+00	
 2.2124e+00	
 2.4071e+00	
 2.9399e+00	
 2.3539e+00	
 2.9018e+00	
 2.5042e+00	
 2.4724e+00	
 2.6165e+00	
 2.4571e+00	
 2.9333e+00	
 2.6289e+00	
 2.2909e+00	
 2.6488e+00	
 2.2572e+00	
 2.4852e+00	
 2.7104e+00	
 2.4165e+00	
 2.6053e+00	
 2.3467e+00	
 2.5576e+00	
 3.0158e+00	
 2.8141e+00	
 2.3356e+00	
 2.7804e+00	
 2.6057e+00	
 2.7351e+00	
 2.6273e+00	
 2.6050e+00	
 2.2924e+00	
 2.5906e+00	
 2.7255e+00	
 2.5428e+00	
 2.2879e+00	
 2.4220e+00	
 2.2743e+00	
 2.9750e+00	
 2.7354e+00	
 2.8610e+00	
 3.1354e+00	
 2.3985e+00	
 2.1371e+00	
 2.5427e+00	
 2.5935e+00	
 2.3587e+00	
 2.7138e+00	
 2.2354e+00	
 2.4606e+00	
 2.4862e+00	
 2.6538e+00	
 2.7768e+00	
 2.5037e+00	
 2.4887e+00	
 2.3496e+00	
 2.5122e+00	
 2.2671e+00	
 2.3522e+00	
 2.6244e+00	
 2.5196e+00	
 2.2474e+00	
 2.6251e+00	
 2.4866e+00	
 2.5718e+00	
 2.3899e+00	
 2.6487e+00	
 2.9364e+00	
 2.6099e+00	
 2.7476e+00	
 2.2707e+00	
 2.2774e+00	
 2.4996e+00	
 3.2724e+00	
 2.1932e+00	
 3.0685e+00	
 2.6339e+00	
 2.3668e+00	
 2.6464e+00	
 2.8966e+00	
 2.8563e+00	
 2.3755e+00	
 2.7134e+00	
 2.3682e+00	
 2.4093e+00	
 2.8711e+00	
 2.8678e+00	
 2.5370e+00	
 2.4151e+00	
 2.7820e+00	
 2.9337e+00	
 2.8233e+00	
 2.4698e+00	
 3.0162e+00	
 3.1530e+00	
 2.4787e+00	
 2.4292e+00	
 2.6782e+00	
 2.5267e+00	
 2.7423e+00	
 2.7036e+00	
 2.3278e+00	
 2.5124e+00	
 2.7481e+00	
 2.3001e+00	
 2.7522e+00	
 2.5944e+00	
 2.6785e+00	
 2.3653e+00	
 2.6936e+00	
 2.9091e+00	
 2.9243e+00	
 2.2717e+00	
 2.7285e+00	
 2.1805e+00	
 2.3102e+00	
 2.8526e+00	
 2.8610e+00	
 2.5357e+00	
 2.9248e+00	
 2.8429e+00	
 2.6489e+00	
 2.9055e+00	
 2.2992e+00	
 2.8812e+00	
 2.5205e+00	
 2.6324e+00	
 2.6319e+00	
 2.7903e+00	
 2.2429e+00	
 2.7620e+00	
 2.6551e+00	
 2.5125e+00	
 2.5689e+00	
 2.5804e+00	
 2.6684e+00	
 2.5808e+00	
 2.3068e+00	
 3.2266e+00	
 2.9545e+00	
 2.7177e+00	
 2.8700e+00	
 2.8824e+00	
 2.3320e+00	
 2.5626e+00	
 2.5255e+00	
 3.0537e+00	
 2.2244e+00	
 2.4569e+00	
 2.7671e+00	
 2.6953e+00	
 2.5968e+00	
 2.8920e+00	
 2.5173e+00	
 2.3083e+00	
 2.7131e+00	
 2.3494e+00	
 2.6829e+00	
 2.4728e+00	
 2.4592e+00	
 2.6533e+00	
 2.5691e+00	
 2.6030e+00	
 2.0987e+00	
 2.0115e+00	
 2.3515e+00	
 2.9994e+00	
 2.4551e+00	
 2.4362e+00	
 2.3689e+00	
 2.5830e+00	
 2.3270e+00	
 2.8681e+00	
 2.6760e+00	
 2.4468e+00	
 2.9117e+00	
 2.5079e+00	
 2.8967e+00	
 2.6058e+00	
 2.6433e+00	
 2.4940e+00	
 2.6817e+00	
 2.4183e+00	
 2.5436e+00	
 3.0193e+00	
 2.3326e+00	
 2.6293e+00	
 2.2528e+00	
 2.3550e+00	
 2.5218e+00	
 2.0543e+00	
 2.9405e+00	
 2.7025e+00	
 2.2693e+00	
 2.7487e+00	
 2.6327e+00	
 2.6612e+00	
 2.8941e+00	
 2.4755e+00	
 2.5483e+00	
 2.6593e+00	
 2.4611e+00	
 3.1141e+00	
 2.7085e+00	
 2.5765e+00	
 2.6187e+00	
 2.7325e+00	
 2.5503e+00	
 2.7047e+00	
 2.7237e+00	
 2.5985e+00	
 2.2868e+00	
 2.6078e+00	
 2.5572e+00	
 2.3552e+00	
 2.7182e+00	
 2.2264e+00	
 2.4194e+00	
 2.2561e+00	
 2.3638e+00	
 2.6514e+00	
 2.8826e+00	
 2.4941e+00	
 2.2101e+00	
 2.5700e+00	
 2.5831e+00	
 2.7477e+00	
 2.5966e+00	
 2.5622e+00	
 2.7911e+00	
 2.8355e+00	
 3.0191e+00	
 2.6004e+00	
 2.7357e+00	
 2.6400e+00	
 2.6292e+00	
 2.7643e+00	
 2.2706e+00	
 2.8933e+00	
 2.7637e+00	
 2.6665e+00	
 2.5439e+00	
 2.2728e+00	
 2.6566e+00	
 2.9412e+00	
 2.3191e+00	
 2.6217e+00	
 2.8358e+00	
 2.5636e+00	
 2.3851e+00	
 2.4832e+00	
 2.2682e+00	
 2.4946e+00	
 2.4445e+00	
 2.6642e+00	
 2.4023e+00	
 2.4793e+00	
 2.8600e+00	
 2.5611e+00	
 2.2140e+00	
 2.9286e+00	
 2.4346e+00	
 2.5844e+00	
 2.5516e+00	
 2.7856e+00	
 2.6712e+00	
 2.6571e+00	
 2.8167e+00	
 2.3510e+00	
 2.7002e+00	
 2.1485e+00	
 2.6162e+00	
 2.5842e+00	
 2.9537e+00	
 2.9281e+00	
 2.6772e+00	
 2.8522e+00	
 2.4459e+00	
 2.2673e+00	
 2.5019e+00	
 2.9273e+00	
 2.7078e+00	
 2.6532e+00	
 3.1689e+00	
 2.2708e+00	
 2.6133e+00	
 2.4253e+00	
 2.4766e+00	
 2.7842e+00	
 2.8745e+00	
 1.9095e+00	
 2.6973e+00	
 2.5036e+00	
 2.6560e+00	
 2.2070e+00	
 2.3203e+00	
 2.8292e+00	
 2.2401e+00	
 2.2131e+00	
 2.0896e+00	
 2.4205e+00	
 2.9164e+00	
 2.5580e+00	
 2.9015e+00	
 2.5805e+00	
 2.4134e+00	
 2.5683e+00	
 2.9384e+00	
 2.6421e+00	
 2.5167e+00	
 2.6199e+00	
 3.1123e+00	
 3.0569e+00	
 2.6593e+00	
 2.5098e+00	
 2.2656e+00	
 2.6845e+00	
 2.5690e+00	
 2.4226e+00	
 2.8011e+00	
 2.8738e+00	
 2.1697e+00	
 2.2252e+00	
 2.5635e+00	
 2.6643e+00	
 2.6060e+00	
 2.8953e+00	
 2.2963e+00	
 2.4364e+00	
 2.5101e+00	
 2.4306e+00	
 2.6088e+00	
 2.6805e+00	
 2.8649e+00	
 2.6024e+00	
 2.7922e+00	
 2.4935e+00	
 2.4593e+00	
 2.3671e+00	
 2.5100e+00	
 2.7529e+00	
 2.5530e+00	
 2.6079e+00	
 2.8077e+00	
 2.5683e+00	
 2.2773e+00	
 2.7568e+00	
 2.4780e+00	
 2.9246e+00	
 2.0937e+00	
 2.8479e+00	
 2.5362e+00	
 2.7298e+00	
 2.5637e+00	
 2.3386e+00	
 3.1590e+00	
 2.3065e+00	
 2.5417e+00	
 2.8584e+00	
 2.7264e+00	
 2.6695e+00	
 2.6002e+00	
 3.0788e+00	
 2.4557e+00	
 2.7996e+00	
 2.6854e+00	
 2.4731e+00	
 2.5469e+00	
 2.8256e+00	
 2.7429e+00	
 2.8595e+00	
 2.8553e+00	
 2.2467e+00	
 2.5207e+00	
 2.5824e+00	
 2.9100e+00	
 2.6163e+00	
 2.3885e+00	
 2.8612e+00	
 2.3836e+00	
 2.6470e+00	
 2.1033e+00	
 2.7518e+00	
 2.3022e+00	
 2.9505e+00	
 2.0603e+00	
 2.9156e+00	
 2.1156e+00	
 2.2824e+00	
 2.5177e+00	
 2.4089e+00	
 1.9580e+00	
 2.6191e+00	
 2.9444e+00	
 2.4969e+00	
 3.0403e+00	
 2.3859e+00	
 2.5910e+00	
 2.6166e+00	
 2.3131e+00	
 2.6717e+00	
 2.2135e+00	
 2.6349e+00	
 2.6836e+00	
 2.5087e+00	
 2.1443e+00	
 2.0131e+00	
 2.5761e+00	
 2.5542e+00	
 2.6609e+00	
 2.4404e+00	
 2.5479e+00	
 2.7106e+00	
 2.6679e+00	
 2.7547e+00	
 2.2626e+00	
 2.2907e+00	
 2.3839e+00	
 2.3276e+00	
 2.9496e+00	
 2.4333e+00	
 2.2761e+00	
 2.9153e+00	
 2.3415e+00	
 2.3285e+00	
 2.7567e+00	
 2.6440e+00	
 2.1973e+00	
 3.1943e+00	
 2.2737e+00	
 2.5881e+00	
 2.1621e+00	
 2.4022e+00	
 2.5092e+00	
 2.4679e+00	
 2.3986e+00	
 2.2060e+00	
 2.8529e+00	
 2.2617e+00	
 2.5169e+00	
 2.7850e+00	
 2.1278e+00	
 2.7970e+00	
 2.5437e+00	
 3.1523e+00	
 2.5935e+00	
 2.4804e+00	
 2.3582e+00	
 2.3555e+00	
 2.1874e+00	
 2.2691e+00	
 2.2742e+00	
 2.4793e+00	
 2.5884e+00	
 3.0183e+00	
 2.4419e+00	
 2.6063e+00	
 2.2793e+00	
 2.5649e+00	
 2.5004e+00	
 2.7909e+00	
 2.7437e+00	
 2.6835e+00	
 2.3199e+00	
 2.5027e+00	
 2.8935e+00	
 2.3385e+00	
 2.4317e+00	
 2.6150e+00	
 3.0724e+00	
 2.5236e+00	
 2.1328e+00	
 2.0709e+00	
 2.5910e+00	
 2.2280e+00	
 2.3545e+00	
 2.4560e+00	
 2.7934e+00	
 2.9081e+00	
 2.3797e+00	
 2.6672e+00	
 2.5892e+00	
 2.4017e+00	
 2.5186e+00	
 2.3310e+00	
 2.6601e+00	
 2.5744e+00	
 2.9386e+00	
 2.4446e+00	
 2.6725e+00	
 2.6249e+00	
 2.3929e+00	
 2.7986e+00	
 2.6434e+00	
 2.8500e+00	
 2.2220e+00	
 2.9628e+00	
 2.8156e+00	
 2.1520e+00	
 2.6627e+00	
 2.4728e+00	
 2.7822e+00	
 2.7096e+00	
 2.4428e+00	
 2.4731e+00	
 2.4347e+00	
 2.5079e+00	
 2.3029e+00	
 2.7363e+00	
 2.6305e+00	
 2.5445e+00	
 2.6645e+00	
 2.6234e+00	
 2.6181e+00	
 2.1762e+00	
 2.5106e+00	
 2.5329e+00	
 2.8647e+00	
 2.2172e+00	
 2.7397e+00	
 2.4408e+00	
 2.1721e+00	
 2.5812e+00	
 2.4064e+00	
 2.6039e+00	
 2.9002e+00	
 2.4771e+00	
 2.9904e+00	
 3.2145e+00	
 2.4459e+00	
 2.4957e+00	
 2.2617e+00	
 2.5476e+00	
 2.6394e+00	
 2.4590e+00	
 2.4925e+00	
 2.5284e+00	
 2.2967e+00	
 2.0433e+00	
 2.5285e+00	
 2.4387e+00	
 2.6634e+00	
 2.2192e+00	
 2.4193e+00	
 2.4889e+00	
 2.3673e+00	
 2.2474e+00	
 2.9627e+00	
 2.2048e+00	
 2.3456e+00	
 2.8163e+00	
 2.3083e+00	
 1.9487e+00	
 2.4811e+00	
 2.3541e+00	
 2.3085e+00	
 2.2686e+00	
 2.2939e+00	
 2.8010e+00	
 2.5484e+00	
 2.4318e+00	
 2.2586e+00	
 2.4637e+00	
 2.5942e+00	
 2.8327e+00	
 2.0247e+00	
 2.3062e+00	
 2.2340e+00	
 2.0089e+00	
 2.4421e+00	
 2.1387e+00	
 2.6478e+00	
 2.5372e+00	
 2.5515e+00	
 2.3638e+00	
 2.6151e+00	
 2.1579e+00	
 2.5797e+00	
 3.1715e+00	
 2.7192e+00	
 2.4575e+00	
 2.7096e+00	
 2.4207e+00	
 2.6625e+00	
 2.5841e+00	
 2.3427e+00	
 2.6721e+00	
 2.9618e+00	
 2.3165e+00	
 2.3820e+00	
 2.7107e+00	
 2.7897e+00	
 2.7634e+00	
 2.1615e+00	
 2.2318e+00	
 2.3835e+00	
 2.7863e+00	
 2.7722e+00	
 2.5630e+00	
 3.2351e+00	
 2.1434e+00	
 2.6763e+00	
 2.1354e+00	
 2.6019e+00	
 2.6701e+00	
 2.8587e+00	
 2.4981e+00	
 2.9792e+00	
 2.0883e+00	
 1.7847e+00	
 1.7698e+00	
 2.1639e+00	
 1.7329e+00	
 1.5701e+00	
 1.3541e+00	
 1.9824e+00	
 1.8408e+00	
 1.4717e+00	
 1.7062e+00	
 1.9093e+00	
 1.6035e+00	
 1.7828e+00	
 1.7284e+00	
 1.7968e+00	
 1.3469e+00	
 1.5490e+00	
 1.5083e+00	
 1.6725e+00	
 1.3492e+00	
 1.8934e+00	
 1.8068e+00	
 1.7433e+00	
 1.7622e+00	
 1.9030e+00	
 1.8737e+00	
 2.0222e+00	
 1.7463e+00	
 1.9551e+00	
 1.6982e+00	
 1.9535e+00	
 1.8748e+00	
 1.9413e+00	
 1.6487e+00	
 1.6775e+00	
 1.7993e+00	
 1.8126e+00	
 1.7613e+00	
 1.5132e+00	
 1.8879e+00	
 1.8329e+00	
 1.5368e+00	
 2.0448e+00	
 1.6990e+00	
 1.9546e+00	
 1.5510e+00	
 1.6657e+00	
 1.6846e+00	
 1.4930e+00	
 1.5460e+00	
 1.5646e+00	
 1.5341e+00	
 1.4930e+00	
 1.9246e+00	
 1.5283e+00	
 1.7653e+00	
 1.9430e+00	
 1.5116e+00	
 1.0493e+00	
 1.6856e+00	
 1.8067e+00	
 1.5671e+00	
 1.6302e+00	
 1.7786e+00	
 1.6294e+00	
 1.6870e+00	
 1.3728e+00	
 1.8294e+00	
 1.5205e+00	
 1.8732e+00	
 1.7053e+00	
 1.4985e+00	
 1.9161e+00	
 1.7738e+00	
 1.3693e+00	
 1.5850e+00	
 1.4946e+00	
 1.4833e+00	
 1.9238e+00	
 1.6706e+00	
 1.8260e+00	
 1.8089e+00	
 1.9517e+00	
 1.9095e+00	
 1.5924e+00	
 1.5634e+00	
 1.8986e+00	
 1.9031e+00	
 1.6935e+00	
 1.5117e+00	
 1.4383e+00	
 1.7963e+00	
 1.7397e+00	
 1.8029e+00	
 1.5339e+00	
 1.6606e+00	
 1.8646e+00	
 1.5356e+00	
 1.5712e+00	
 1.7895e+00	
 1.2695e+00	
 1.9083e+00	
 1.5882e+00	
 1.4744e+00	
 1.8039e+00	
 1.4803e+00	
 1.5333e+00	
 1.3199e+00	
 1.3911e+00	
 1.8870e+00	
 1.6751e+00	
 1.9376e+00	
 2.0454e+00	
 1.5887e+00	
 2.0228e+00	
 1.5654e+00	
 1.3742e+00	
 1.6132e+00	
 1.8939e+00	
 1.8658e+00	
 1.5614e+00	
 1.6959e+00	
 1.7847e+00	
 1.7716e+00	
 1.6333e+00	
 1.6285e+00	
 1.7682e+00	
 1.8242e+00	
 1.8561e+00	
 1.8589e+00	
 1.6017e+00	
 1.3420e+00	
 1.7056e+00	
 1.9427e+00	
 1.7575e+00	
 1.3551e+00	
 1.6714e+00	
 1.2488e+00	
 1.4695e+00	
 1.4773e+00	
 1.6313e+00	
 1.9596e+00	
 1.3908e+00	
 1.3963e+00	
 1.7231e+00	
 1.7242e+00	
 1.8849e+00	
 2.0463e+00	
 1.4081e+00	
 1.6770e+00	
 1.5314e+00	
 1.6235e+00	
 1.8007e+00	
 1.6134e+00	
 1.3502e+00	
 1.8444e+00	
 1.8791e+00	
 1.7003e+00	
 2.0560e+00	
 1.7802e+00	
 1.3297e+00	
 1.9612e+00	
 1.4491e+00	
 1.8823e+00	
 2.0075e+00	
 1.8111e+00	
 1.6941e+00	
 1.4729e+00	
 2.0012e+00	
 2.1266e+00	
 1.2629e+00	
 1.3688e+00	
 1.5944e+00	
 1.7737e+00	
 1.5059e+00	
 1.5081e+00	
 1.5137e+00	
 1.4645e+00	
 1.5224e+00	
 1.7583e+00	
 1.3460e+00	
 1.6890e+00	
 1.8268e+00	
 1.5085e+00	
 1.6318e+00	
 1.7832e+00	
 1.6342e+00	
 1.5887e+00	
 2.0866e+00	
 1.6318e+00	
 2.0230e+00	
 1.4376e+00	
 1.7957e+00	
 1.6669e+00	
 1.7923e+00	
 1.7234e+00	
 1.4817e+00	
 1.6391e+00	
 2.0134e+00	
 1.6168e+00	
 1.7039e+00	
 1.3806e+00	
 1.8544e+00	
 1.9553e+00	
 1.7051e+00	
 1.6825e+00	
 1.8568e+00	
 1.7539e+00	
 2.0799e+00	
 1.9805e+00	
 2.0240e+00	
 1.5377e+00	
 2.3690e+00	
 1.9231e+00	
 1.7603e+00	
 1.9127e+00	
 1.5368e+00	
 1.8617e+00	
 1.3884e+00	
 1.7033e+00	
 2.0288e+00	
 1.7627e+00	
 1.5877e+00	
 1.6604e+00	
 1.3761e+00	
 1.5194e+00	
 1.6954e+00	
 1.7032e+00	
 1.7773e+00	
 1.8034e+00	
 1.6332e+00	
 1.7174e+00	
 1.7073e+00	
 1.6227e+00	
 1.6666e+00	
 1.7280e+00	
 1.4587e+00	
 1.3004e+00	
 1.7652e+00	
 1.5072e+00	
 1.5198e+00	
 1.5965e+00	
 1.5573e+00	
 1.5599e+00	
 1.7651e+00	
 1.9576e+00	
 1.4274e+00	
 1.5975e+00	
 1.9275e+00	
 1.8847e+00	
 1.1493e+00	
 1.6647e+00	
 1.6251e+00	
 1.9528e+00	
 1.3924e+00	
 1.7838e+00	
 1.6172e+00	
 2.0078e+00	
 1.2621e+00	
 1.9148e+00	
 1.7224e+00	
 2.0640e+00	
 1.6327e+00	
 1.2178e+00	
 1.4848e+00	
 1.8907e+00	
 1.8092e+00	
 1.4472e+00	
 1.8829e+00	
 1.3584e+00	
 1.8838e+00	
 1.4679e+00	
 1.5011e+00	
 1.1311e+00	
 1.6712e+00	
 2.0724e+00	
 1.6585e+00	
 1.3582e+00	
 1.4680e+00	
 1.5365e+00	
 1.3823e+00	
 1.9101e+00	
 1.9929e+00	
 1.8937e+00	
 1.8317e+00	
 1.9044e+00	
 1.6621e+00	
 1.4683e+00	
 1.9332e+00	
 1.3894e+00	
 1.4313e+00	
 1.7758e+00	
 1.5954e+00	
 1.9999e+00	
 1.8848e+00	
 1.4618e+00	
 1.5813e+00	
 1.6183e+00	
 1.4267e+00	
 1.7095e+00	
 1.8768e+00	
 1.5558e+00	
 1.6404e+00	
 1.3920e+00	
 1.5163e+00	
 1.7352e+00	
 1.9777e+00	
 1.9284e+00	
 2.0355e+00	
 1.3534e+00	
 1.5014e+00	
 1.5928e+00	
 1.7890e+00	
 1.9947e+00	
 1.9600e+00	
 2.0650e+00	
 1.4812e+00	
 1.6935e+00	
 1.5282e+00	
 1.5771e+00	
 1.6718e+00	
 1.7014e+00	
 1.5377e+00	
 1.6014e+00	
 1.5121e+00	
 1.5814e+00	
 1.4840e+00	
 1.8334e+00	
 1.7705e+00	
 1.9363e+00	
 1.9055e+00	
 1.9344e+00	
 1.6888e+00	
 1.5611e+00	
 1.6222e+00	
 1.7091e+00	
 1.5279e+00	
 1.6169e+00	
 1.5975e+00	
 1.9358e+00	
 1.7141e+00	
 1.4994e+00	
 1.6445e+00	
 1.6008e+00	
 1.9443e+00	
 1.8167e+00	
 1.6655e+00	
 1.7544e+00	
 1.8874e+00	
 1.4716e+00	
 1.8071e+00	
 1.3085e+00	
 1.7153e+00	
 1.8318e+00	
 1.4775e+00	
 1.4576e+00	
 2.0127e+00	
 1.7550e+00	
 1.6169e+00	
 1.9239e+00	
 1.9638e+00	
 1.7316e+00	
 1.4446e+00	
 1.5427e+00	
 2.0788e+00	
 1.3160e+00	
 2.0042e+00	
 1.6571e+00	
 1.7677e+00	
 1.5597e+00	
 1.5273e+00	
 1.8088e+00	
 1.8607e+00	
 2.1648e+00	
 1.6909e+00	
 1.7073e+00	
 1.7947e+00	
 1.9254e+00	
 1.2856e+00	
 1.6458e+00	
 1.6458e+00	
 1.3495e+00	
 1.4432e+00	
 1.4781e+00	
 1.4359e+00	
 1.6139e+00	
 1.3958e+00	
 1.5678e+00	
 1.8960e+00	
 1.7430e+00	
 1.8121e+00	
 1.3904e+00	
 1.3019e+00	
 1.6237e+00	
 2.1459e+00	
 1.4843e+00	
 1.6236e+00	
 1.4622e+00	
 1.9733e+00	
 1.4717e+00	
 2.1155e+00	
 1.3643e+00	
 1.5334e+00	
 1.9680e+00	
 1.5602e+00	
 1.8073e+00	
 1.8918e+00	
 1.8912e+00	
 1.8354e+00	
 1.5070e+00	
 1.9945e+00	
 1.6315e+00	
 1.6227e+00	
 1.2553e+00	
 1.7972e+00	
 1.5047e+00	
 1.4986e+00	
 1.6709e+00	
 1.8343e+00	
 2.0683e+00	
 1.7322e+00	
 1.4735e+00	
 1.7051e+00	
 1.9164e+00	
 1.5916e+00	
 1.9957e+00	
 1.4538e+00	
 1.8251e+00	
 1.5779e+00	
 1.7643e+00	
 1.7041e+00	
 1.7453e+00	
 2.0959e+00	
 1.5255e+00	
 1.9735e+00	
 1.7674e+00	
 1.6030e+00	
 1.8222e+00	
 1.6935e+00	
 1.7162e+00	
 1.4818e+00	
 1.7011e+00	
 1.7380e+00	
 1.6633e+00	
 1.5758e+00	
 1.9448e+00	
 1.6680e+00	
 1.9499e+00	
 1.4634e+00	
 2.0701e+00	
 1.7477e+00	
 1.9168e+00	
 1.7820e+00	
 1.7927e+00	
 1.8125e+00	
 1.9465e+00	
 1.7006e+00	
 1.4583e+00	
 1.5093e+00	
 1.4190e+00	
 1.8774e+00	
 2.0081e+00	
 1.7726e+00	
 1.9760e+00	
 1.5321e+00	
 1.6608e+00	
 1.6330e+00	
 1.6128e+00	
 1.7418e+00	
 1.9784e+00	
 1.6175e+00	
 1.8692e+00	
 1.5700e+00	
 1.7950e+00	
 1.8463e+00	
 2.1286e+00	
 1.7782e+00	
 1.9454e+00	
 1.3222e+00	
 1.6750e+00	
 1.4021e+00	
 1.7571e+00	
 1.5332e+00	
 1.6182e+00	
 1.7158e+00	
 1.9860e+00	
 1.5386e+00	
 1.5796e+00	
 1.4062e+00	
 1.8942e+00	
 1.8315e+00	
 1.7947e+00	
 1.5259e+00	
 2.1070e+00	
 1.6994e+00	
 2.1470e+00	
 1.6349e+00	
 1.4883e+00	
 1.4811e+00	
 1.6645e+00	
 1.8777e+00	
 1.5291e+00	
 1.5729e+00	
 1.1286e+00	
 1.6615e+00	
 1.7887e+00	
 1.7761e+00	
 1.7584e+00	
 2.0663e+00	
 1.4979e+00	
 1.7533e+00	
 1.1924e+00	
 1.4220e+00	
 1.8847e+00	
 1.9251e+00	
 1.8578e+00	
 1.4586e+00	
 1.4961e+00	
 1.9950e+00	
 1.7835e+00	
 1.5552e+00	
 1.5997e+00	
 1.4181e+00	
 1.4235e+00	
 1.9298e+00	
 1.4903e+00	
 1.9430e+00	
 1.4822e+00	
 1.7623e+00	
 1.9658e+00	
 2.0756e+00	
 1.7447e+00	
 1.8230e+00	
 1.4563e+00	
 1.5470e+00	
 1.4201e+00	
 1.7139e+00	
 1.8681e+00	
 1.4801e+00	
 1.5866e+00	
 1.7846e+00	
 1.6953e+00	
 1.5660e+00	
 1.8722e+00	
 1.9215e+00	
 1.3102e+00	
 2.0208e+00	
 1.7504e+00	
 1.5909e+00	
 1.4214e+00	
 1.7840e+00	
 1.5764e+00	
 1.5264e+00	
 2.0998e+00	
 1.7353e+00	
 2.1632e+00	
 1.3267e+00	
 1.7176e+00	
 2.0931e+00	
 1.2468e+00	
 1.6017e+00	
 1.5511e+00	
 1.6282e+00	
 2.1464e+00	
 1.7529e+00	
 1.4241e+00	
 1.9075e+00	
 1.6333e+00	
 1.8747e+00	
 1.8379e+00	
 1.7173e+00	
 1.5342e+00	
 1.6887e+00	
 1.7943e+00	
 1.6586e+00	
 1.7844e+00	
 1.5004e+00	
 1.8590e+00	
 1.8671e+00	
 1.9107e+00	
 1.9279e+00	
 2.1212e+00	
 1.9889e+00	
 1.6400e+00	
 1.4381e+00	
 1.9001e+00	
 1.8414e+00	
 1.5074e+00	
 1.9515e+00	
 1.9326e+00	
 1.6551e+00	
 1.8460e+00	
 1.8738e+00	
 1.4342e+00	
 1.6497e+00	
 1.5539e+00	
 1.2844e+00	
 1.8285e+00	
 1.5624e+00	
 1.6725e+00	
 1.7800e+00	
 1.7548e+00	
 1.6624e+00	
 1.8981e+00	
 1.6668e+00	
 1.8550e+00	
 1.6701e+00	
 1.3664e+00	
 1.4368e+00	
 2.1138e+00	
 1.6725e+00	
 1.6650e+00	
 1.2857e+00	
 1.4291e+00	
 1.8344e+00	
 1.6453e+00	
 1.7372e+00	
 1.7700e+00	
 1.6738e+00	
 1.7940e+00	
 1.9408e+00	
 2.1218e+00	
 1.7623e+00	
 1.8728e+00	
 1.7940e+00	
 1.5093e+00	
 1.8742e+00	
 1.9342e+00	
 1.7680e+00	
 1.7488e+00	
 1.3115e+00	
 1.4810e+00	
 1.4659e+00	
 1.7829e+00	
 1.7266e+00	
 1.6660e+00	
 1.7517e+00	
 1.6301e+00	
 2.0573e+00	
 2.1025e+00	
 1.4885e+00	
 1.5017e+00	
 1.8097e+00	
 2.0564e+00	
 2.1422e+00	
 1.5677e+00	
 1.8747e+00	
 1.5353e+00	
 1.6148e+00	
 1.5427e+00	
 1.8301e+00	
 1.8245e+00	
 2.0014e+00	
 1.9799e+00	
 1.1597e+00	
 1.6650e+00	
 2.1203e+00	
 1.6530e+00	
 1.8233e+00	
 1.3622e+00	
 1.4593e+00	
 1.6030e+00	
 2.1175e+00	
 1.5294e+00	
 1.7170e+00	
 1.5016e+00	
 1.4957e+00	
 1.5980e+00	
 1.3593e+00	
 1.6290e+00	
 1.5126e+00	
 1.4888e+00	
 1.7292e+00	
 1.9901e+00	
 1.4046e+00	
 1.5918e+00	
 1.8717e+00	
 1.3671e+00	
 1.4594e+00	
 1.7102e+00	
 1.4988e+00	
 1.6610e+00	
 1.6212e+00	
 1.6114e+00	
 2.1245e+00	
 1.7692e+00	
 1.4839e+00	
 1.3559e+00	
 1.5411e+00	
 1.7406e+00	
 1.8194e+00	
 1.4592e+00	
 1.3683e+00	
 1.5093e+00	
 1.7740e+00	
 1.4581e+00	
 1.8793e+00	
 1.3662e+00	
 1.4388e+00	
 1.4427e+00	
 2.0149e+00	
 1.7052e+00	
 1.8198e+00	
 1.2409e+00	
 1.6681e+00	
 1.7022e+00	
 1.7052e+00	
 1.5017e+00	
 1.7560e+00	
 1.6039e+00	
 1.6412e+00	
 1.4187e+00	
 1.7880e+00	
 1.6331e+00	
 1.8382e+00	
 1.6672e+00	
 1.8849e+00	
 1.8619e+00	
 1.5546e+00	
 1.6444e+00	
 1.5346e+00	
 1.6030e+00	
 2.0315e+00	
 1.9489e+00	
 1.4684e+00	
 1.5613e+00	
 1.7571e+00	
 1.8587e+00	
 1.5924e+00	
 1.9992e+00	
 1.7330e+00	
 1.7341e+00	
 1.6418e+00	
 1.6695e+00	
 2.1343e+00	
 1.9861e+00	
 2.0902e+00	
 1.6352e+00	
 1.3661e+00	
 1.6243e+00	
 2.2784e+00	
 1.6729e+00	
 1.6091e+00	
 1.6191e+00	
 1.6392e+00	
 1.5612e+00	
 1.7696e+00	
 1.5885e+00	
 1.6644e+00	
 1.8629e+00	
 1.8406e+00	
 1.8410e+00	
 1.4507e+00	
 1.6402e+00	
 1.8953e+00	
 1.9188e+00	
 1.8038e+00	
 1.5434e+00	
 1.9490e+00	
 1.9946e+00	
 1.9652e+00	
 1.5378e+00	
 1.8839e+00	
 1.3847e+00	
 2.0636e+00	
 1.5051e+00	
 1.5161e+00	
 2.1859e+00	
 1.8150e+00	
 1.6894e+00	
 1.5643e+00	
 2.3149e+00	
 1.7269e+00	
 1.7467e+00	
 1.6096e+00	
 1.5098e+00	
 1.7743e+00	
 1.5252e+00	
 1.8662e+00	
 1.4154e+00	
 1.2671e+00	
 1.8504e+00	
 1.7223e+00	
 1.3768e+00	
 1.6931e+00	
 1.8207e+00	
 1.6748e+00	
 1.7383e+00	
 1.4561e+00	
 1.5167e+00	
 1.7766e+00	
 1.5259e+00	
 1.5725e+00	
 1.9153e+00	
 1.4534e+00	
 1.8187e+00	
 1.8738e+00	
 1.6981e+00	
 1.6648e+00	
 1.5039e+00	
 2.2068e+00	
 1.7914e+00	
 1.6102e+00	
 1.8790e+00	
 2.1086e+00	
 1.6407e+00	
 1.4063e+00	
 1.5436e+00	
 1.6013e+00	
 1.5793e+00	
 1.5180e+00	
 1.9228e+00	
 1.6415e+00	
 2.1252e+00	
 1.6992e+00	
 1.9134e+00	
 1.6719e+00	
 1.6346e+00	
 1.6989e+00	
 1.5608e+00	
 2.2038e+00	
 2.0487e+00	
 1.9271e+00	
 1.7691e+00	
 1.5195e+00	
 2.0033e+00	
 1.9450e+00	
 1.4595e+00	
 1.7926e+00	
 1.7948e+00	
 2.0329e+00	
 1.6827e+00	
 1.4952e+00	
 1.5743e+00	
 1.6264e+00	
 2.0699e+00	
 1.9218e+00	
 1.7156e+00	
 1.1939e+00	
 1.9645e+00	
 1.5773e+00	
 1.6526e+00	
 1.5735e+00	
 1.6076e+00	
 1.8309e+00	
 2.0957e+00	
 1.7895e+00	
 1.9931e+00	
 1.8304e+00	
 1.7065e+00	
 1.9749e+00	
 2.2661e+00	
 1.6888e+00	
 1.6470e+00	
 1.6591e+00	
 1.8724e+00	
 1.7442e+00	
 1.8296e+00	
 1.6978e+00	
 1.7352e+00	
 1.6303e+00	
 1.3613e+00	
 1.4174e+00	
 1.6029e+00	
 1.6021e+00	
 1.8065e+00	
 2.1066e+00	
 1.9755e+00	
 1.6364e+00	
 1.3964e+00	
 1.6012e+00	
 1.8136e+00	
 2.0541e+00	
 1.5599e+00	
 1.6907e+00	
 1.6878e+00	
 1.6075e+00	
 1.5876e+00	
 1.7446e+00	
 1.7079e+00	
 1.6623e+00	
 1.5354e+00	
 1.9258e+00	
 1.7307e+00	
 1.4404e+00	
 2.0691e+00	
 1.6547e+00	
 1.8342e+00	
 1.9998e+00	
 1.5209e+00	
 1.7667e+00	
 1.6999e+00	
 1.8564e+00	
 1.4733e+00	
 1.7377e+00	
 1.6175e+00	
 1.9898e+00	
 2.0335e+00	
 1.8437e+00	
 1.5152e+00	
 2.0327e+00	
 1.5148e+00	
 1.6917e+00	
 1.7456e+00	
 1.4186e+00	
 1.5162e+00	
 1.6524e+00	
 1.6607e+00	
 1.7088e+00	
 1.4207e+00	
 1.8118e+00	
 1.7936e+00	
 1.7096e+00	
 1.7524e+00	
 1.7362e+00	
 1.9117e+00	
 1.6368e+00	
 1.7884e+00	
 1.9254e+00	
 1.8605e+00	
 1.9985e+00	
 1.8610e+00	
 1.3584e+00	
 1.7604e+00	
 1.7465e+00	
 1.8388e+00	
 1.6204e+00	
 1.4053e+00	
 1.8488e+00	
 1.8661e+00	
 1.8720e+00	
 1.7737e+00	
 1.6043e+00	
 1.4382e+00	
 1.9697e+00	
 1.6233e+00	
 2.1777e+00	
 1.8072e+00	
 2.2320e+00	
 1.9600e+00	
 1.7681e+00	
 1.8942e+00	
 1.7216e+00	
 2.1225e+00	
 1.6176e+00	
 2.0037e+00	
 1.8887e+00	
 1.7649e+00	
 1.7345e+00	
 1.8005e+00	
 1.8673e+00	
 1.6619e+00	
 1.7230e+00	
 1.4368e+00	
 2.0081e+00	
 1.8549e+00	
 2.0502e+00	
 1.3923e+00	
 1.5703e+00	
 1.5983e+00	
 1.6985e+00	
 1.4966e+00	
 1.8362e+00	
 1.5814e+00	
 1.8071e+00	
 1.6664e+00	
 2.1738e+00	
 1.9625e+00	
 1.7721e+00	
 1.9064e+00	
 2.0030e+00	
 1.8737e+00	
 1.9159e+00	
 1.4997e+00	
 1.5500e+00	
 1.6700e+00	
 1.6178e+00	
 1.4665e+00	
 1.7738e+00	
 1.9310e+00	
 2.2634e+00	
 1.9299e+00	
 1.6990e+00	
 1.5528e+00	
 1.9253e+00	
 1.7812e+00	
 1.8325e+00	
 1.7336e+00	
 1.9164e+00	
 1.7191e+00	
 1.8795e+00	
 2.0743e+00	
 2.1616e+00	
 2.2196e+00	
 1.9339e+00	
 2.0356e+00	
 2.1564e+00	
 1.6586e+00	
 1.6390e+00	
 1.7635e+00	
 2.1078e+00	
 1.6585e+00	
 2.0282e+00	
 1.2850e+00	
 1.5396e+00	
 2.0519e+00	
 2.1207e+00	
 1.6663e+00	
 1.3033e+00	
 1.8205e+00	
 1.6917e+00	
 1.6374e+00	
 1.9077e+00	
 1.6376e+00	
 1.4404e+00	
 1.7435e+00	
 1.6989e+00	
 1.6214e+00	
 1.7956e+00	
 1.7937e+00	
 1.6127e+00	
 2.4528e+00	
 1.7855e+00	
 1.7140e+00	
 1.7807e+00	
 1.5704e+00	
 1.8772e+00	
 1.4434e+00	
 1.8480e+00	
 1.9087e+00	
 1.5582e+00	
 1.8143e+00	
 1.8731e+00	
 1.9314e+00	
 1.7429e+00	
 1.9128e+00	
 1.7946e+00	
 1.4291e+00	
 1.5416e+00	
 1.6714e+00	
 1.4458e+00	
 1.7630e+00	
 1.7380e+00	
 1.4148e+00	
 1.7968e+00	
 1.5056e+00	
 1.6612e+00	
 2.1965e+00	
 2.2055e+00	
 1.7721e+00	
 1.7320e+00	
 1.6100e+00	
 2.1304e+00	
 2.0779e+00	
 2.0991e+00	
 2.1298e+00	
 1.7006e+00	
 1.9403e+00	
 1.6057e+00	
 1.8638e+00	
 1.6098e+00	
 1.9882e+00	
 2.1851e+00	
 1.6842e+00	
 1.7530e+00	
 1.7281e+00	
 2.0735e+00	
 1.8682e+00	
 1.7110e+00	
 1.9115e+00	
 1.4028e+00	
 1.9831e+00	
 1.7995e+00	
 1.8451e+00	
 1.3981e+00	
 1.8460e+00	
 1.8783e+00	
 1.8938e+00	
 1.6445e+00	
 1.7803e+00	
 1.8611e+00	
 1.5708e+00	
 1.6092e+00	
 1.7567e+00	
 1.9005e+00	
 2.0796e+00	
 1.8862e+00	
 1.5010e+00	
 1.7153e+00	
 1.8493e+00	
 1.8196e+00	
 1.8603e+00	
 1.8416e+00	
 2.1117e+00	
 2.0967e+00	
 1.5082e+00	
 1.7363e+00	
 1.8418e+00	
 1.9720e+00	
 1.7649e+00	
 1.9370e+00	
 1.6990e+00	
 1.5827e+00	
 1.2766e+00	
 1.3485e+00	
 1.9121e+00	
 1.4246e+00	
 2.2265e+00	
 2.2638e+00	
 1.9614e+00	
 1.7189e+00	
 1.4904e+00	
 1.7109e+00	
 1.8741e+00	
 1.8639e+00	
 1.4499e+00	
 1.6985e+00	
 2.0177e+00	
 1.7176e+00	
 2.3556e+00	
 1.0973e+00	
 1.9679e+00	
 1.7037e+00	
 1.4575e+00	
 1.2940e+00	
 1.9660e+00	
 1.9423e+00	
 1.5026e+00	
 1.4268e+00	
 1.8811e+00	
 1.9656e+00	
 1.9009e+00	
 1.9132e+00	
 1.6545e+00	
 1.5948e+00	
 1.5689e+00	
 1.8607e+00	
 1.5071e+00	
 2.0385e+00	
 1.4081e+00	
 2.1709e+00	
 1.7391e+00	
 1.5190e+00	
 1.6734e+00	
 1.8476e+00	
 1.5539e+00	
 2.0614e+00	
 1.7733e+00	
 1.3438e+00	
 1.6717e+00	
 1.7817e+00	
 1.6263e+00	
 1.5031e+00	
 1.7338e+00	
 1.8439e+00	
 2.0427e+00	
 1.4935e+00	
 1.6065e+00	
 1.2912e+00	
 1.7310e+00	
 1.7523e+00	
 1.9080e+00	
 1.3775e+00	
 1.7561e+00	
 1.7936e+00	
 2.0249e+00	
 1.8403e+00	
 1.7347e+00	
 1.4078e+00	
 1.4756e+00	
 2.1280e+00	
 1.7825e+00	
 1.5382e+00	
 2.1988e+00	
 1.8866e+00	
 1.5998e+00	
 1.6498e+00	
 2.0508e+00	
 2.0386e+00	
 1.6535e+00	
 1.7733e+00	
 1.5356e+00	
 1.9262e+00	
 1.8143e+00	
 1.7760e+00	
 1.6241e+00	
 1.9874e+00	
 1.7964e+00	
 2.1808e+00	
 1.7725e+00	
 1.7190e+00	
 1.8380e+00	
 1.9724e+00	
 1.6416e+00	
 1.7259e+00	
 1.6948e+00	
 1.4898e+00	
 1.1136e+00	
 1.9229e+00	
 2.0528e+00	
 1.9705e+00	
 1.7764e+00	
 1.1878e+00	
 1.6153e+00	
 1.4112e+00	
 7.1387e-01	
 8.1497e-01	
 7.6809e-01	
 8.3544e-01	
 7.7669e-01	
 9.5660e-01	
 1.0017e+00	
 6.5296e-01	
 6.0247e-01	
 8.9944e-01	
