loss	
 4.6309e+00	
 4.6610e+00	
 4.5955e+00	
 4.6201e+00	
 4.6177e+00	
 4.5890e+00	
 4.6021e+00	
 4.6286e+00	
 4.5895e+00	
 4.6074e+00	
 4.5938e+00	
 4.6137e+00	
 4.6667e+00	
 4.6556e+00	
 4.6318e+00	
 4.5740e+00	
 4.6163e+00	
 4.6401e+00	
 4.6232e+00	
 4.6042e+00	
 4.5688e+00	
 4.5982e+00	
 4.5621e+00	
 4.6179e+00	
 4.6347e+00	
 4.5508e+00	
 4.6486e+00	
 4.5481e+00	
 4.6574e+00	
 4.6003e+00	
 4.5959e+00	
 4.5903e+00	
 4.6077e+00	
 4.6708e+00	
 4.5727e+00	
 4.6424e+00	
 4.6329e+00	
 4.5817e+00	
 4.5861e+00	
 4.6428e+00	
 4.5909e+00	
 4.5981e+00	
 4.6253e+00	
 4.5579e+00	
 4.6358e+00	
 4.5942e+00	
 4.6131e+00	
 4.5869e+00	
 4.6397e+00	
 4.5864e+00	
 4.6229e+00	
 4.5397e+00	
 4.5716e+00	
 4.6626e+00	
 4.5581e+00	
 4.5899e+00	
 4.5824e+00	
 4.5782e+00	
 4.5890e+00	
 4.6238e+00	
 4.5928e+00	
 4.6083e+00	
 4.5456e+00	
 4.5479e+00	
 4.6400e+00	
 4.5745e+00	
 4.5543e+00	
 4.5029e+00	
 4.5911e+00	
 4.6031e+00	
 4.5438e+00	
 4.5460e+00	
 4.5285e+00	
 4.6105e+00	
 4.5343e+00	
 4.5771e+00	
 4.5793e+00	
 4.5501e+00	
 4.5926e+00	
 4.5613e+00	
 4.5104e+00	
 4.5593e+00	
 4.5653e+00	
 4.5459e+00	
 4.5618e+00	
 4.5727e+00	
 4.4739e+00	
 4.5636e+00	
 4.5863e+00	
 4.5024e+00	
 4.5577e+00	
 4.5214e+00	
 4.6231e+00	
 4.5225e+00	
 4.5286e+00	
 4.5503e+00	
 4.5061e+00	
 4.5359e+00	
 4.5104e+00	
 4.5356e+00	
 4.4423e+00	
 4.4534e+00	
 4.4892e+00	
 4.4429e+00	
 4.5386e+00	
 4.5637e+00	
 4.5622e+00	
 4.4082e+00	
 4.5296e+00	
 4.4546e+00	
 4.3458e+00	
 4.4681e+00	
 4.3650e+00	
 4.3078e+00	
 4.4841e+00	
 4.3380e+00	
 4.3698e+00	
 4.3773e+00	
 4.3283e+00	
 4.3632e+00	
 4.5184e+00	
 4.3990e+00	
 4.3415e+00	
 4.3391e+00	
 4.3509e+00	
 4.4061e+00	
 4.3687e+00	
 4.4300e+00	
 4.3222e+00	
 4.3156e+00	
 4.3299e+00	
 4.3481e+00	
 4.3496e+00	
 4.2463e+00	
 4.3595e+00	
 4.2829e+00	
 4.5401e+00	
 4.1983e+00	
 4.1884e+00	
 4.2940e+00	
 4.4510e+00	
 4.4309e+00	
 4.3296e+00	
 4.3749e+00	
 4.2423e+00	
 4.2039e+00	
 4.4072e+00	
 4.3393e+00	
 4.3537e+00	
 4.1894e+00	
 4.3840e+00	
 4.1274e+00	
 4.2941e+00	
 4.3254e+00	
 4.1595e+00	
 4.2509e+00	
 4.3828e+00	
 4.1913e+00	
 4.3299e+00	
 4.3003e+00	
 4.0706e+00	
 4.3913e+00	
 4.1693e+00	
 4.3807e+00	
 4.1872e+00	
 3.9691e+00	
 4.2317e+00	
 4.2401e+00	
 4.0965e+00	
 4.0765e+00	
 4.2307e+00	
 4.2321e+00	
 4.1929e+00	
 4.2100e+00	
 4.1765e+00	
 4.1386e+00	
 4.2715e+00	
 4.3608e+00	
 4.1849e+00	
 4.0829e+00	
 4.3130e+00	
 4.3464e+00	
 4.2058e+00	
 4.1242e+00	
 4.0203e+00	
 4.1010e+00	
 4.0331e+00	
 3.9961e+00	
 4.0231e+00	
 4.3805e+00	
 4.3236e+00	
 4.0351e+00	
 3.9140e+00	
 4.1854e+00	
 4.1161e+00	
 4.1555e+00	
 4.1767e+00	
 3.9704e+00	
 4.1679e+00	
 4.2218e+00	
 4.2520e+00	
 4.2099e+00	
 4.1417e+00	
 4.1047e+00	
 3.9716e+00	
 4.0915e+00	
 3.9932e+00	
 4.1711e+00	
 4.0728e+00	
 4.0761e+00	
 3.9577e+00	
 3.9831e+00	
 4.1694e+00	
 4.1728e+00	
 4.2462e+00	
 4.1770e+00	
 3.9924e+00	
 3.9375e+00	
 4.0198e+00	
 4.0375e+00	
 4.1280e+00	
 4.2072e+00	
 3.9203e+00	
 4.1799e+00	
 3.8850e+00	
 4.1223e+00	
 4.1601e+00	
 3.8773e+00	
 3.9403e+00	
 4.1192e+00	
 4.0410e+00	
 3.9764e+00	
 3.9354e+00	
 4.0597e+00	
 3.8686e+00	
 4.0336e+00	
 4.0935e+00	
 3.7895e+00	
 3.7969e+00	
 4.0554e+00	
 3.9114e+00	
 3.9172e+00	
 3.9634e+00	
 4.0575e+00	
 4.1478e+00	
 4.0238e+00	
 3.9391e+00	
 3.7957e+00	
 3.7591e+00	
 3.7615e+00	
 3.9136e+00	
 4.0574e+00	
 3.9731e+00	
 4.0017e+00	
 3.8966e+00	
 4.0793e+00	
 4.0492e+00	
 3.9294e+00	
 3.9405e+00	
 3.9060e+00	
 3.9893e+00	
 3.8450e+00	
 3.7336e+00	
 4.3017e+00	
 3.9412e+00	
 3.7292e+00	
 3.7620e+00	
 3.6686e+00	
 3.8811e+00	
 4.2928e+00	
 3.8042e+00	
 3.9739e+00	
 4.2926e+00	
 3.8976e+00	
 3.9191e+00	
 3.8683e+00	
 4.0038e+00	
 3.8542e+00	
 3.7247e+00	
 3.9929e+00	
 3.9840e+00	
 3.8791e+00	
 3.9844e+00	
 3.9704e+00	
 4.0686e+00	
 3.9578e+00	
 3.7038e+00	
 3.7850e+00	
 3.7037e+00	
 4.1329e+00	
 3.7797e+00	
 4.1066e+00	
 3.9697e+00	
 3.9985e+00	
 3.8717e+00	
 4.1088e+00	
 3.9496e+00	
 3.9137e+00	
 3.8157e+00	
 4.2573e+00	
 3.7302e+00	
 4.0235e+00	
 3.8027e+00	
 3.8510e+00	
 3.9560e+00	
 3.6403e+00	
 3.9535e+00	
 3.9430e+00	
 3.8598e+00	
 4.2214e+00	
 3.6842e+00	
 3.7929e+00	
 3.9106e+00	
 3.8726e+00	
 3.7401e+00	
 3.8791e+00	
 3.8781e+00	
 3.7284e+00	
 3.7494e+00	
 3.7267e+00	
 4.0732e+00	
 4.1152e+00	
 3.7732e+00	
 3.5022e+00	
 3.6591e+00	
 3.7525e+00	
 3.7380e+00	
 3.7614e+00	
 4.0825e+00	
 3.6355e+00	
 3.7433e+00	
 4.0379e+00	
 3.6540e+00	
 3.7747e+00	
 3.8089e+00	
 3.7774e+00	
 3.5856e+00	
 4.0422e+00	
 4.0570e+00	
 3.9139e+00	
 3.6151e+00	
 3.8581e+00	
 3.8031e+00	
 4.0419e+00	
 3.7629e+00	
 3.8440e+00	
 4.1282e+00	
 3.9368e+00	
 3.8481e+00	
 3.7653e+00	
 4.1389e+00	
 3.8036e+00	
 3.9966e+00	
 3.9073e+00	
 3.7734e+00	
 3.9401e+00	
 3.6347e+00	
 3.9320e+00	
 3.7954e+00	
 3.4599e+00	
 3.7676e+00	
 3.5905e+00	
 3.9053e+00	
 3.8165e+00	
 3.9117e+00	
 3.5696e+00	
 3.6648e+00	
 3.6821e+00	
 3.8057e+00	
 3.3332e+00	
 3.6510e+00	
 3.8283e+00	
 3.6628e+00	
 4.0357e+00	
 3.7304e+00	
 3.8356e+00	
 3.7969e+00	
 3.8725e+00	
 3.8171e+00	
 3.6649e+00	
 3.7604e+00	
 3.6911e+00	
 3.6369e+00	
 3.9907e+00	
 3.5096e+00	
 3.6840e+00	
 3.7978e+00	
 3.6237e+00	
 3.8733e+00	
 3.6681e+00	
 3.6738e+00	
 3.5903e+00	
 3.3724e+00	
 3.6397e+00	
 3.5182e+00	
 3.7626e+00	
 3.9822e+00	
 3.6065e+00	
 3.5565e+00	
 3.9257e+00	
 3.5114e+00	
 3.7385e+00	
 3.7845e+00	
 3.7618e+00	
 3.4753e+00	
 3.7463e+00	
 3.9997e+00	
 3.5821e+00	
 3.5531e+00	
 3.5150e+00	
 3.5914e+00	
 3.9674e+00	
 3.8220e+00	
 3.4222e+00	
 3.7363e+00	
 3.4895e+00	
 3.5873e+00	
 3.9730e+00	
 3.7626e+00	
 3.2047e+00	
 3.7133e+00	
 3.7249e+00	
 3.5536e+00	
 3.5879e+00	
 3.6031e+00	
 3.6853e+00	
 3.9982e+00	
 3.7518e+00	
 3.7310e+00	
 3.6113e+00	
 3.7446e+00	
 3.7451e+00	
 3.9705e+00	
 3.4485e+00	
 3.5790e+00	
 3.5697e+00	
 3.6259e+00	
 3.4195e+00	
 3.4590e+00	
 3.5168e+00	
 3.8210e+00	
 3.7525e+00	
 3.8874e+00	
 3.7519e+00	
 3.5341e+00	
 3.4603e+00	
 3.6287e+00	
 3.6026e+00	
 3.6374e+00	
 4.0464e+00	
 3.5011e+00	
 3.6229e+00	
 3.7631e+00	
 3.8898e+00	
 3.5566e+00	
 3.8078e+00	
 3.5364e+00	
 3.8737e+00	
 3.7460e+00	
 3.5647e+00	
 3.6059e+00	
 3.8477e+00	
 3.7792e+00	
 3.7711e+00	
 3.5863e+00	
 3.6156e+00	
 3.7022e+00	
 3.5932e+00	
 3.6231e+00	
 3.3554e+00	
 3.4104e+00	
 3.3477e+00	
 3.4998e+00	
 3.5559e+00	
 3.6224e+00	
 3.2988e+00	
 3.5235e+00	
 3.6129e+00	
 3.7761e+00	
 3.4761e+00	
 3.9287e+00	
 3.4010e+00	
 3.5149e+00	
 3.5780e+00	
 3.3142e+00	
 3.5395e+00	
 3.4787e+00	
 3.8697e+00	
 3.7180e+00	
 3.3481e+00	
 3.5790e+00	
 3.5140e+00	
 3.6098e+00	
 3.4741e+00	
 3.3462e+00	
 3.8471e+00	
 3.3911e+00	
 3.4579e+00	
 3.6726e+00	
 3.3871e+00	
 3.9992e+00	
 3.5376e+00	
 3.4754e+00	
 3.9860e+00	
 3.4073e+00	
 3.4539e+00	
 3.4599e+00	
 3.3930e+00	
 3.7673e+00	
 3.5334e+00	
 3.6267e+00	
 3.7398e+00	
 3.5500e+00	
 3.4887e+00	
 3.4861e+00	
 3.9300e+00	
 3.5283e+00	
 3.6876e+00	
 3.5156e+00	
 3.5840e+00	
 3.5028e+00	
 3.4130e+00	
 3.5687e+00	
 3.3566e+00	
 3.4577e+00	
 3.5983e+00	
 3.5656e+00	
 3.5871e+00	
 3.1217e+00	
 3.7885e+00	
 4.0582e+00	
 3.6505e+00	
 3.7676e+00	
 3.8187e+00	
 3.6366e+00	
 3.2900e+00	
 3.2911e+00	
 3.2833e+00	
 3.7179e+00	
 3.7717e+00	
 3.4883e+00	
 3.8935e+00	
 3.7505e+00	
 3.4879e+00	
 3.8911e+00	
 3.3524e+00	
 3.5034e+00	
 3.7253e+00	
 3.4713e+00	
 3.3026e+00	
 3.6971e+00	
 3.5860e+00	
 3.7534e+00	
 3.4602e+00	
 3.7478e+00	
 3.6395e+00	
 3.3524e+00	
 3.4651e+00	
 3.3481e+00	
 3.4277e+00	
 3.5799e+00	
 3.4578e+00	
 3.3261e+00	
 3.5488e+00	
 3.6835e+00	
 3.2514e+00	
 3.2651e+00	
 3.5016e+00	
 3.4725e+00	
 3.2669e+00	
 3.7367e+00	
 3.5468e+00	
 3.0071e+00	
 3.7530e+00	
 3.5140e+00	
 3.2371e+00	
 3.1476e+00	
 3.6883e+00	
 3.2223e+00	
 3.4151e+00	
 3.3183e+00	
 3.1429e+00	
 3.3908e+00	
 3.1878e+00	
 3.6644e+00	
 3.8352e+00	
 3.5160e+00	
 3.3670e+00	
 3.5818e+00	
 3.5266e+00	
 3.0931e+00	
 3.7136e+00	
 3.7029e+00	
 3.5186e+00	
 3.4458e+00	
 3.4989e+00	
 3.6988e+00	
 3.5093e+00	
 3.3241e+00	
 3.9665e+00	
 3.5702e+00	
 2.9413e+00	
 3.4172e+00	
 3.4683e+00	
 3.2420e+00	
 3.4996e+00	
 3.6324e+00	
 3.8194e+00	
 3.3508e+00	
 3.6538e+00	
 3.6103e+00	
 3.4618e+00	
 3.2665e+00	
 3.6112e+00	
 3.3398e+00	
 2.8796e+00	
 3.8270e+00	
 3.3526e+00	
 3.2771e+00	
 3.2050e+00	
 4.0159e+00	
 3.6703e+00	
 3.5162e+00	
 3.5163e+00	
 3.4216e+00	
 3.4713e+00	
 3.3006e+00	
 3.5088e+00	
 3.6354e+00	
 3.4487e+00	
 3.0772e+00	
 3.4851e+00	
 3.4043e+00	
 2.9003e+00	
 3.2747e+00	
 3.3183e+00	
 3.8468e+00	
 3.1354e+00	
 3.3897e+00	
 3.1661e+00	
 3.3648e+00	
 3.4573e+00	
 3.7262e+00	
 3.2636e+00	
 3.5287e+00	
 3.3143e+00	
 3.4580e+00	
 3.4187e+00	
 3.6579e+00	
 3.3627e+00	
 3.6302e+00	
 3.7796e+00	
 3.4406e+00	
 3.2046e+00	
 3.6161e+00	
 3.4220e+00	
 3.2124e+00	
 3.5535e+00	
 3.1225e+00	
 3.5294e+00	
 3.4492e+00	
 3.6470e+00	
 3.3029e+00	
 3.2010e+00	
 3.4740e+00	
 3.1467e+00	
 3.4776e+00	
 3.2648e+00	
 3.3048e+00	
 3.6184e+00	
 3.4904e+00	
 3.5131e+00	
 3.3853e+00	
 3.3901e+00	
 3.2089e+00	
 3.3904e+00	
 3.2272e+00	
 3.2870e+00	
 3.4254e+00	
 3.4868e+00	
 3.2953e+00	
 3.1873e+00	
 3.5465e+00	
 3.3714e+00	
 3.4188e+00	
 3.3665e+00	
 3.4887e+00	
 3.4684e+00	
 3.5898e+00	
 3.3458e+00	
 3.6798e+00	
 2.9568e+00	
 3.4364e+00	
 3.0319e+00	
 3.8117e+00	
 3.6626e+00	
 3.4875e+00	
 3.1058e+00	
 3.4465e+00	
 3.2303e+00	
 3.3205e+00	
 3.4755e+00	
 3.7105e+00	
 3.2529e+00	
 3.2418e+00	
 3.5526e+00	
 3.5473e+00	
 3.3312e+00	
 3.3908e+00	
 3.5471e+00	
 3.3527e+00	
 3.0899e+00	
 3.6124e+00	
 3.6582e+00	
 3.2378e+00	
 3.6345e+00	
 3.2852e+00	
 3.6962e+00	
 3.0805e+00	
 3.3735e+00	
 2.9791e+00	
 3.0746e+00	
 3.4738e+00	
 3.2490e+00	
 3.2262e+00	
 3.3601e+00	
 3.3787e+00	
 3.4129e+00	
 3.3642e+00	
 3.5550e+00	
 3.6653e+00	
 3.1758e+00	
 3.0365e+00	
 3.8139e+00	
 3.6319e+00	
 3.5746e+00	
 3.6521e+00	
 3.5735e+00	
 3.3344e+00	
 3.6110e+00	
 3.3762e+00	
 3.3972e+00	
 3.1685e+00	
 3.1657e+00	
 2.8278e+00	
 3.5462e+00	
 3.6204e+00	
 3.3917e+00	
 3.3746e+00	
 3.3405e+00	
 3.3301e+00	
 3.7762e+00	
 3.5750e+00	
 3.3599e+00	
 3.3628e+00	
 3.3347e+00	
 3.3344e+00	
 3.5047e+00	
 3.4705e+00	
 3.0995e+00	
 3.6073e+00	
 3.2242e+00	
 3.5087e+00	
 3.1870e+00	
 3.4543e+00	
 3.1081e+00	
 3.2915e+00	
 2.9380e+00	
 3.4162e+00	
 2.8038e+00	
 3.0559e+00	
 3.5175e+00	
 3.3410e+00	
 3.1909e+00	
 3.1974e+00	
 3.2183e+00	
 3.5782e+00	
 4.0346e+00	
 3.2646e+00	
 3.1678e+00	
 3.1474e+00	
 2.9002e+00	
 3.4413e+00	
 3.4228e+00	
 3.3880e+00	
 3.2956e+00	
 3.1424e+00	
 3.0077e+00	
 3.1296e+00	
 3.8001e+00	
 3.2361e+00	
 3.0987e+00	
 3.2258e+00	
 3.0581e+00	
 3.1716e+00	
 3.7004e+00	
 3.2209e+00	
 2.7295e+00	
 3.5025e+00	
 3.0347e+00	
 3.1524e+00	
 2.9784e+00	
 3.1945e+00	
 3.2932e+00	
 3.1557e+00	
 3.4838e+00	
 3.2675e+00	
 3.5105e+00	
 3.4883e+00	
 3.1846e+00	
 3.3228e+00	
 3.3794e+00	
 3.5050e+00	
 3.1458e+00	
 3.5003e+00	
 3.1784e+00	
 2.9941e+00	
 3.1251e+00	
 3.0652e+00	
 3.4684e+00	
 3.1216e+00	
 3.5930e+00	
 3.2954e+00	
 3.1494e+00	
 3.0155e+00	
 3.5040e+00	
 3.3493e+00	
 3.4434e+00	
 3.3801e+00	
 3.2667e+00	
 3.6564e+00	
 3.2287e+00	
 3.4867e+00	
 3.5443e+00	
 3.3565e+00	
 3.2054e+00	
 3.2170e+00	
 3.4668e+00	
 3.4324e+00	
 3.1679e+00	
 3.1524e+00	
 3.0199e+00	
 2.8753e+00	
 3.0280e+00	
 3.1164e+00	
 2.9494e+00	
 3.3950e+00	
 3.0101e+00	
 3.5033e+00	
 3.3094e+00	
 3.4172e+00	
 3.2576e+00	
 3.3832e+00	
 3.2975e+00	
 3.0525e+00	
 3.2411e+00	
 3.4146e+00	
 3.2731e+00	
 3.4332e+00	
 3.3661e+00	
 3.3947e+00	
 3.4076e+00	
 3.4758e+00	
 3.1460e+00	
 3.4170e+00	
 3.1663e+00	
 3.1411e+00	
 3.2707e+00	
 3.1566e+00	
 3.0876e+00	
 3.4708e+00	
 3.6094e+00	
 3.1217e+00	
 3.3031e+00	
 3.0311e+00	
 3.4035e+00	
 3.4257e+00	
 3.1452e+00	
 3.7483e+00	
 3.2283e+00	
 3.6229e+00	
 3.1382e+00	
 3.1978e+00	
 3.2829e+00	
 3.2010e+00	
 3.1157e+00	
 3.5988e+00	
 3.4458e+00	
 3.6115e+00	
 3.2634e+00	
 2.9220e+00	
 3.3693e+00	
 3.0115e+00	
 2.9487e+00	
 3.1847e+00	
 3.4628e+00	
 3.1489e+00	
 3.5972e+00	
 3.1783e+00	
 2.9635e+00	
 2.9114e+00	
 3.3376e+00	
 3.3193e+00	
 3.0814e+00	
 3.1687e+00	
 3.0830e+00	
 3.0860e+00	
 3.2804e+00	
 3.2166e+00	
 3.4946e+00	
 3.4110e+00	
 2.9655e+00	
 3.1051e+00	
 3.1725e+00	
 3.4285e+00	
 3.2685e+00	
 3.3159e+00	
 3.3328e+00	
 3.1126e+00	
 3.3627e+00	
 3.3490e+00	
 3.2265e+00	
 3.2746e+00	
 3.4758e+00	
 3.5732e+00	
 3.3041e+00	
 3.2581e+00	
 3.0698e+00	
 3.1183e+00	
 3.4561e+00	
 3.2062e+00	
 3.2493e+00	
 3.2640e+00	
 3.2758e+00	
 3.2283e+00	
 2.9347e+00	
 3.4251e+00	
 2.6163e+00	
 3.2859e+00	
 3.1367e+00	
 3.2650e+00	
 3.1114e+00	
 3.5922e+00	
 2.8508e+00	
 3.1424e+00	
 3.3899e+00	
 3.0997e+00	
 3.0668e+00	
 3.2064e+00	
 3.1450e+00	
 3.2979e+00	
 3.3714e+00	
 2.9818e+00	
 3.4754e+00	
 3.4153e+00	
 3.0296e+00	
 3.1857e+00	
 3.3263e+00	
 3.4301e+00	
 3.1670e+00	
 3.1913e+00	
 3.2118e+00	
 2.9466e+00	
 3.1879e+00	
 3.1678e+00	
 3.0884e+00	
 3.1501e+00	
 3.2260e+00	
 2.9485e+00	
 2.9182e+00	
 3.1669e+00	
 3.1283e+00	
 3.5328e+00	
 3.2730e+00	
 3.4876e+00	
 3.1536e+00	
 3.2941e+00	
 3.1331e+00	
 3.1877e+00	
 3.0969e+00	
 2.9213e+00	
 3.2696e+00	
 3.2884e+00	
 3.0427e+00	
 3.1753e+00	
 3.6023e+00	
 3.0394e+00	
 3.5742e+00	
 3.1387e+00	
 3.4432e+00	
 3.3652e+00	
 3.0943e+00	
 3.2627e+00	
 3.0351e+00	
 3.2699e+00	
 3.0880e+00	
 3.0024e+00	
 3.2873e+00	
 3.0861e+00	
 2.8407e+00	
 3.3067e+00	
 3.1699e+00	
 2.7846e+00	
 2.9804e+00	
 3.0970e+00	
 3.0191e+00	
 3.4680e+00	
 3.3013e+00	
 3.3870e+00	
 3.2287e+00	
 3.4073e+00	
 3.4878e+00	
 3.2457e+00	
 3.1812e+00	
 3.3636e+00	
 3.3385e+00	
 3.0515e+00	
 3.1506e+00	
 3.4453e+00	
 3.1203e+00	
 2.9919e+00	
 2.8766e+00	
 3.4843e+00	
 2.9691e+00	
 2.9515e+00	
 3.3772e+00	
 3.0426e+00	
 2.9316e+00	
 3.1199e+00	
 3.2730e+00	
 3.2495e+00	
 3.4940e+00	
 3.4192e+00	
 3.2638e+00	
 3.3535e+00	
 3.2850e+00	
 3.4081e+00	
 3.1219e+00	
 2.7342e+00	
 3.0284e+00	
 2.9330e+00	
 2.8202e+00	
 3.3560e+00	
 3.2873e+00	
 3.2708e+00	
 3.7329e+00	
 3.1396e+00	
 3.2055e+00	
 2.9004e+00	
 3.2515e+00	
 3.3502e+00	
 3.0198e+00	
 3.3553e+00	
 2.9947e+00	
 3.4661e+00	
 3.2436e+00	
 2.9967e+00	
 2.9157e+00	
 2.6872e+00	
 3.2379e+00	
 3.4260e+00	
 3.5691e+00	
 3.2613e+00	
 3.0720e+00	
 3.2225e+00	
 3.2212e+00	
 3.4812e+00	
 3.4556e+00	
 3.5915e+00	
 3.1033e+00	
 3.3782e+00	
 3.3074e+00	
 3.2556e+00	
 3.5950e+00	
 3.0981e+00	
 2.8723e+00	
 3.3476e+00	
 3.4140e+00	
 2.8417e+00	
 3.1420e+00	
 3.2753e+00	
 3.4634e+00	
 3.0859e+00	
 2.8762e+00	
 3.0504e+00	
 3.3936e+00	
 3.2162e+00	
 3.1324e+00	
 3.2893e+00	
 3.1142e+00	
 3.4297e+00	
 3.2303e+00	
 3.0414e+00	
 3.4656e+00	
 3.3029e+00	
 3.3332e+00	
 3.1667e+00	
 3.4201e+00	
 2.9442e+00	
 3.1740e+00	
 3.6982e+00	
 3.1995e+00	
 3.1851e+00	
 3.5651e+00	
 3.1894e+00	
 3.2510e+00	
 3.3724e+00	
 3.2309e+00	
 2.9250e+00	
 3.3216e+00	
 2.9701e+00	
 3.2097e+00	
 3.3661e+00	
 3.3243e+00	
 3.3866e+00	
 3.4238e+00	
 3.2927e+00	
 3.2119e+00	
 2.9335e+00	
 3.3859e+00	
 3.1393e+00	
 3.1134e+00	
 2.6613e+00	
 3.1978e+00	
 3.3683e+00	
 3.1389e+00	
 2.9058e+00	
 3.3442e+00	
 3.2588e+00	
 3.2693e+00	
 3.2076e+00	
 3.1110e+00	
 3.2535e+00	
 3.0598e+00	
 3.1029e+00	
 2.9683e+00	
 3.1179e+00	
 3.4048e+00	
 3.3689e+00	
 3.0280e+00	
 3.0667e+00	
 3.1520e+00	
 3.1011e+00	
 3.2694e+00	
 3.5621e+00	
 3.3246e+00	
 2.9634e+00	
 3.1139e+00	
 3.2985e+00	
 2.6380e+00	
 2.8279e+00	
 3.1895e+00	
 3.4973e+00	
 3.2213e+00	
 2.9042e+00	
 3.3232e+00	
 3.0336e+00	
 3.0460e+00	
 3.4138e+00	
 3.4837e+00	
 3.0759e+00	
 3.2528e+00	
 3.1582e+00	
 3.0862e+00	
 3.4784e+00	
 2.7803e+00	
 2.9356e+00	
 3.3883e+00	
 2.8945e+00	
 3.0442e+00	
 3.3262e+00	
 3.0500e+00	
 2.8736e+00	
 3.1621e+00	
 3.3412e+00	
 3.2918e+00	
 3.0265e+00	
 3.3561e+00	
 3.0078e+00	
 2.9108e+00	
 3.0044e+00	
 3.2265e+00	
 2.8502e+00	
 2.7757e+00	
 3.2601e+00	
 3.0034e+00	
 2.9017e+00	
 3.1735e+00	
 3.3103e+00	
 3.2822e+00	
 2.9955e+00	
 3.2271e+00	
 2.9122e+00	
 3.1622e+00	
 3.3290e+00	
 2.9471e+00	
 3.5448e+00	
 3.1273e+00	
 3.4600e+00	
 3.3309e+00	
 3.1551e+00	
 3.5138e+00	
 3.5773e+00	
 3.4486e+00	
 3.3124e+00	
 2.7647e+00	
 3.0567e+00	
 2.6451e+00	
 2.6015e+00	
 2.9198e+00	
 2.8697e+00	
 2.7193e+00	
 2.5547e+00	
 2.9406e+00	
 2.2328e+00	
 2.9680e+00	
 2.9430e+00	
 2.3833e+00	
 2.7785e+00	
 2.7695e+00	
 2.3706e+00	
 3.0174e+00	
 2.7668e+00	
 3.1513e+00	
 2.9897e+00	
 2.6111e+00	
 2.9394e+00	
 2.6621e+00	
 3.0109e+00	
 2.5560e+00	
 2.5012e+00	
 2.7590e+00	
 2.9572e+00	
 2.9354e+00	
 2.4540e+00	
 2.7302e+00	
 2.7237e+00	
 2.5830e+00	
 2.8102e+00	
 2.6428e+00	
 2.8918e+00	
 2.6032e+00	
 2.7640e+00	
 3.0067e+00	
 2.6926e+00	
 2.7034e+00	
 2.6308e+00	
 2.6458e+00	
 2.4369e+00	
 3.0705e+00	
 2.5539e+00	
 2.4627e+00	
 2.3403e+00	
 2.9047e+00	
 2.6662e+00	
 2.5982e+00	
 2.9752e+00	
 2.7372e+00	
 2.7099e+00	
 2.6795e+00	
 2.6156e+00	
 2.5785e+00	
 2.8243e+00	
 2.8173e+00	
 2.9010e+00	
 2.9061e+00	
 2.3657e+00	
 2.4648e+00	
 2.7755e+00	
 2.8093e+00	
 2.4036e+00	
 3.0881e+00	
 3.2058e+00	
 2.6280e+00	
 2.2169e+00	
 2.6380e+00	
 2.6627e+00	
 2.6720e+00	
 2.7943e+00	
 3.0216e+00	
 3.3013e+00	
 2.7755e+00	
 2.7351e+00	
 2.9356e+00	
 2.7695e+00	
 2.6646e+00	
 2.5721e+00	
 3.2221e+00	
 2.8066e+00	
 2.6415e+00	
 2.6572e+00	
 2.6427e+00	
 2.6768e+00	
 2.6554e+00	
 2.5455e+00	
 3.0064e+00	
 2.7086e+00	
 2.7442e+00	
 2.8779e+00	
 2.5136e+00	
 2.4972e+00	
 2.5232e+00	
 2.6465e+00	
 2.6936e+00	
 3.0357e+00	
 2.8214e+00	
 3.0029e+00	
 2.9557e+00	
 2.9391e+00	
 2.6060e+00	
 2.6164e+00	
 2.5992e+00	
 2.5200e+00	
 2.6311e+00	
 2.5270e+00	
 2.5976e+00	
 2.8084e+00	
 2.1425e+00	
 3.1533e+00	
 2.5032e+00	
 2.6687e+00	
 2.6634e+00	
 2.9011e+00	
 2.7767e+00	
 2.6804e+00	
 2.9113e+00	
 2.7377e+00	
 2.7252e+00	
 2.4734e+00	
 2.7077e+00	
 2.5859e+00	
 2.7607e+00	
 2.9032e+00	
 2.7815e+00	
 2.4934e+00	
 2.8459e+00	
 2.4507e+00	
 2.3782e+00	
 2.9289e+00	
 2.7094e+00	
 2.4245e+00	
 3.1305e+00	
 2.9659e+00	
 2.8283e+00	
 2.9326e+00	
 2.5981e+00	
 2.7517e+00	
 2.6908e+00	
 2.5119e+00	
 2.5134e+00	
 2.4774e+00	
 2.4122e+00	
 2.7716e+00	
 2.8849e+00	
 2.7225e+00	
 2.5366e+00	
 2.9506e+00	
 2.5562e+00	
 2.9972e+00	
 2.7188e+00	
 2.5097e+00	
 3.0505e+00	
 2.7250e+00	
 2.6584e+00	
 2.6714e+00	
 2.5095e+00	
 2.5234e+00	
 2.8898e+00	
 2.7880e+00	
 2.8468e+00	
 2.3804e+00	
 2.5953e+00	
 2.3984e+00	
 2.9661e+00	
 2.8675e+00	
 2.8028e+00	
 2.4182e+00	
 2.8146e+00	
 2.4612e+00	
 2.6519e+00	
 2.9753e+00	
 2.7943e+00	
 2.4382e+00	
 2.9693e+00	
 2.5406e+00	
 2.4453e+00	
 2.3206e+00	
 2.6674e+00	
 2.9976e+00	
 2.6752e+00	
 2.9602e+00	
 2.5114e+00	
 2.6656e+00	
 2.6025e+00	
 2.6056e+00	
 3.0164e+00	
 3.0028e+00	
 2.4924e+00	
 2.7588e+00	
 2.8090e+00	
 2.6944e+00	
 3.1883e+00	
 2.4512e+00	
 2.7363e+00	
 2.7418e+00	
 2.7090e+00	
 2.4820e+00	
 2.6526e+00	
 2.6583e+00	
 2.4544e+00	
 2.8762e+00	
 2.5664e+00	
 3.1554e+00	
 2.8830e+00	
 2.8104e+00	
 2.8162e+00	
 2.6071e+00	
 2.5873e+00	
 3.0153e+00	
 2.8198e+00	
 3.0106e+00	
 2.6610e+00	
 2.7962e+00	
 2.7328e+00	
 2.9057e+00	
 2.7726e+00	
 2.5818e+00	
 2.6297e+00	
 2.4805e+00	
 2.4435e+00	
 2.9203e+00	
 2.8329e+00	
 2.5689e+00	
 2.7525e+00	
 2.5422e+00	
 2.7938e+00	
 2.6748e+00	
 2.4541e+00	
 2.5636e+00	
 2.3374e+00	
 2.4502e+00	
 2.7399e+00	
 3.2207e+00	
 2.5662e+00	
 2.8466e+00	
 2.5125e+00	
 2.6821e+00	
 2.4919e+00	
 2.7223e+00	
 2.9045e+00	
 2.9333e+00	
 2.5374e+00	
 2.8535e+00	
 2.8690e+00	
 2.6888e+00	
 2.3689e+00	
 3.0588e+00	
 2.8016e+00	
 2.8561e+00	
 2.7203e+00	
 2.5638e+00	
 3.0159e+00	
 2.8493e+00	
 2.9078e+00	
 2.3007e+00	
 3.0295e+00	
 2.6646e+00	
 2.7930e+00	
 2.8485e+00	
 2.8636e+00	
 2.3316e+00	
 2.8348e+00	
 2.8399e+00	
 2.5946e+00	
 2.6486e+00	
 2.6626e+00	
 2.6358e+00	
 2.5437e+00	
 2.3489e+00	
 2.6448e+00	
 2.7870e+00	
 2.6413e+00	
 2.2389e+00	
 2.7576e+00	
 2.6843e+00	
 2.8497e+00	
 3.0241e+00	
 3.0241e+00	
 2.6270e+00	
 2.4156e+00	
 2.6708e+00	
 3.1575e+00	
 2.9976e+00	
 2.3498e+00	
 2.8161e+00	
 2.7050e+00	
 2.4796e+00	
 2.7864e+00	
 2.6202e+00	
 2.8537e+00	
 2.7285e+00	
 2.9384e+00	
 2.8020e+00	
 2.9777e+00	
 2.7034e+00	
 3.0088e+00	
 2.8224e+00	
 2.2210e+00	
 2.4638e+00	
 2.7255e+00	
 2.3811e+00	
 3.0981e+00	
 3.0710e+00	
 2.5217e+00	
 2.4637e+00	
 2.7599e+00	
 2.4049e+00	
 2.7034e+00	
 2.8319e+00	
 2.6216e+00	
 2.5588e+00	
 2.7768e+00	
 3.1115e+00	
 2.5931e+00	
 2.5626e+00	
 2.2710e+00	
 2.5719e+00	
 2.5487e+00	
 2.3522e+00	
 2.6511e+00	
 2.8659e+00	
 2.8242e+00	
 2.6381e+00	
 2.6190e+00	
 2.5614e+00	
 2.7053e+00	
 2.8691e+00	
 2.3218e+00	
 2.8321e+00	
 2.4084e+00	
 2.7169e+00	
 2.5405e+00	
 2.6000e+00	
 2.6996e+00	
 2.4730e+00	
 2.7011e+00	
 2.3575e+00	
 2.6132e+00	
 2.8182e+00	
 2.4924e+00	
 2.8534e+00	
 2.9863e+00	
 2.7778e+00	
 2.8092e+00	
 2.2732e+00	
 2.6942e+00	
 2.8666e+00	
 2.4628e+00	
 2.9128e+00	
 2.6621e+00	
 2.2026e+00	
 2.5772e+00	
 2.5425e+00	
 2.5366e+00	
 2.8536e+00	
 3.0139e+00	
 2.5777e+00	
 2.3474e+00	
 2.9606e+00	
 3.1122e+00	
 2.5424e+00	
 2.4677e+00	
 2.7214e+00	
 2.9921e+00	
 2.8774e+00	
 3.0172e+00	
 2.7282e+00	
 2.3741e+00	
 3.0313e+00	
 2.6619e+00	
 2.6948e+00	
 2.4828e+00	
 2.5753e+00	
 2.9788e+00	
 2.7456e+00	
 2.7127e+00	
 2.5405e+00	
 2.6486e+00	
 2.5597e+00	
 2.6980e+00	
 2.5346e+00	
 2.8132e+00	
 2.8924e+00	
 2.1817e+00	
 2.8454e+00	
 2.8366e+00	
 2.5063e+00	
 2.7158e+00	
 2.5642e+00	
 2.4881e+00	
 2.4154e+00	
 2.9392e+00	
 2.7590e+00	
 2.4150e+00	
 2.3467e+00	
 2.9189e+00	
 2.6537e+00	
 2.5916e+00	
 3.2505e+00	
 2.7499e+00	
 2.6094e+00	
 2.8869e+00	
 2.6426e+00	
 2.7399e+00	
 2.5771e+00	
 2.4653e+00	
 2.4862e+00	
 2.8100e+00	
 2.5256e+00	
 2.5585e+00	
 2.6334e+00	
 2.6598e+00	
 2.7057e+00	
 2.6025e+00	
 2.8613e+00	
 2.7804e+00	
 2.4785e+00	
 2.6861e+00	
 2.5012e+00	
 3.0252e+00	
 2.6148e+00	
 2.8599e+00	
 2.6006e+00	
 2.3038e+00	
 2.5013e+00	
 3.0692e+00	
 2.3624e+00	
 2.7491e+00	
 2.7054e+00	
 2.5174e+00	
 2.8038e+00	
 3.4033e+00	
 2.8354e+00	
 2.8202e+00	
 2.4838e+00	
 2.5896e+00	
 2.2149e+00	
 2.7612e+00	
 2.9807e+00	
 2.7037e+00	
 2.4107e+00	
 2.6844e+00	
 2.7374e+00	
 2.7253e+00	
 2.5926e+00	
 2.6543e+00	
 2.8744e+00	
 2.5459e+00	
 2.5028e+00	
 2.5981e+00	
 2.9280e+00	
 2.8647e+00	
 2.9751e+00	
 2.2877e+00	
 3.2705e+00	
 2.5130e+00	
 2.9123e+00	
 2.5567e+00	
 2.5608e+00	
 2.6655e+00	
 2.3725e+00	
 2.5825e+00	
 2.4622e+00	
 2.6464e+00	
 3.0197e+00	
 2.8962e+00	
 2.6847e+00	
 2.4619e+00	
 2.4715e+00	
 2.8751e+00	
 2.3653e+00	
 2.5270e+00	
 2.6326e+00	
 2.8348e+00	
 2.5512e+00	
 2.9022e+00	
 2.5435e+00	
 2.5114e+00	
 2.8654e+00	
 2.4000e+00	
 2.3687e+00	
 2.5896e+00	
 2.7636e+00	
 2.7811e+00	
 2.6108e+00	
 2.7875e+00	
 2.9177e+00	
 2.8767e+00	
 2.6534e+00	
 2.4107e+00	
 2.9612e+00	
 2.3736e+00	
 2.4427e+00	
 2.8325e+00	
 1.9416e+00	
 2.9068e+00	
 2.6088e+00	
 2.3890e+00	
 2.6920e+00	
 2.8365e+00	
 2.1261e+00	
 2.7539e+00	
 2.4182e+00	
 2.3827e+00	
 3.1213e+00	
 2.3632e+00	
 2.6111e+00	
 2.6701e+00	
 2.5544e+00	
 2.4294e+00	
 2.4329e+00	
 2.5760e+00	
 2.6282e+00	
 2.6704e+00	
 2.4648e+00	
 2.8414e+00	
 2.6192e+00	
 2.5321e+00	
 2.6867e+00	
 2.5409e+00	
 2.7963e+00	
 2.5722e+00	
 2.7783e+00	
 2.4633e+00	
 3.4758e+00	
 2.6213e+00	
 3.0492e+00	
 2.7456e+00	
 2.7572e+00	
 2.7026e+00	
 2.7847e+00	
 2.4069e+00	
 2.2452e+00	
 3.0148e+00	
 2.5459e+00	
 2.8966e+00	
 2.4839e+00	
 2.6999e+00	
 2.7099e+00	
 2.6250e+00	
 2.4561e+00	
 2.6912e+00	
 2.3791e+00	
 2.0226e+00	
 2.9972e+00	
 2.3227e+00	
 2.8487e+00	
 2.3510e+00	
 2.3454e+00	
 2.4528e+00	
 2.7528e+00	
 2.8410e+00	
 2.7671e+00	
 2.1951e+00	
 2.5654e+00	
 2.6654e+00	
 2.1556e+00	
 2.2444e+00	
 2.9669e+00	
 2.4337e+00	
 2.5875e+00	
 2.7528e+00	
 2.7053e+00	
 2.5484e+00	
 2.4280e+00	
 2.4998e+00	
 2.4341e+00	
 2.5156e+00	
 2.7089e+00	
 2.7888e+00	
 2.9735e+00	
 2.4044e+00	
 2.5911e+00	
 2.5403e+00	
 2.5294e+00	
 2.6008e+00	
 2.7846e+00	
 2.4792e+00	
 2.4065e+00	
 2.8913e+00	
 2.8106e+00	
 2.4342e+00	
 2.3452e+00	
 2.7148e+00	
 2.5470e+00	
 2.3847e+00	
 3.0821e+00	
 2.6538e+00	
 2.4963e+00	
 2.8757e+00	
 3.1001e+00	
 2.6535e+00	
 2.3269e+00	
 2.8146e+00	
 2.5759e+00	
 3.0123e+00	
 2.3931e+00	
 2.3494e+00	
 2.5316e+00	
 2.9481e+00	
 2.4633e+00	
 2.8342e+00	
 2.5561e+00	
 2.5292e+00	
 2.5444e+00	
 2.4275e+00	
 3.0584e+00	
 2.7350e+00	
 2.3348e+00	
 2.7202e+00	
 2.0909e+00	
 2.6572e+00	
 2.7195e+00	
 2.5067e+00	
 2.6986e+00	
 2.2712e+00	
 2.6366e+00	
 2.9214e+00	
 2.8615e+00	
 2.4568e+00	
 2.7082e+00	
 2.6635e+00	
 2.7219e+00	
 2.7327e+00	
 2.5932e+00	
 2.3026e+00	
 2.6022e+00	
 2.7340e+00	
 2.5496e+00	
 2.4724e+00	
 2.4843e+00	
 2.2551e+00	
 2.8692e+00	
 2.8546e+00	
 2.9753e+00	
 3.0794e+00	
 2.4565e+00	
 2.1090e+00	
 2.5769e+00	
 2.6782e+00	
 2.3911e+00	
 2.7114e+00	
 2.4164e+00	
 2.4875e+00	
 2.5129e+00	
 2.6732e+00	
 2.8638e+00	
 2.6251e+00	
 2.4740e+00	
 2.4402e+00	
 2.5837e+00	
 2.4257e+00	
 2.3966e+00	
 2.7427e+00	
 2.4199e+00	
 2.3470e+00	
 2.7282e+00	
 2.3928e+00	
 2.6507e+00	
 2.3543e+00	
 2.8086e+00	
 2.9096e+00	
 2.5604e+00	
 2.8214e+00	
 2.3199e+00	
 2.3414e+00	
 2.4893e+00	
 3.3264e+00	
 2.3661e+00	
 3.1123e+00	
 2.7717e+00	
 2.2325e+00	
 2.7267e+00	
 2.7084e+00	
 2.7927e+00	
 2.4391e+00	
 2.8205e+00	
 2.3728e+00	
 2.4865e+00	
 2.9940e+00	
 2.7609e+00	
 2.5527e+00	
 2.4602e+00	
 2.8061e+00	
 2.9651e+00	
 2.8645e+00	
 2.4996e+00	
 3.1320e+00	
 3.2697e+00	
 2.4605e+00	
 2.4787e+00	
 2.6661e+00	
 2.5896e+00	
 2.7624e+00	
 2.7124e+00	
 2.4325e+00	
 2.5668e+00	
 2.8223e+00	
 2.3000e+00	
 2.7475e+00	
 2.5517e+00	
 2.7271e+00	
 2.3504e+00	
 2.6562e+00	
 2.9613e+00	
 2.8961e+00	
 2.2327e+00	
 2.7038e+00	
 2.1611e+00	
 2.3747e+00	
 2.8118e+00	
 2.7944e+00	
 2.5740e+00	
 2.7380e+00	
 2.9286e+00	
 2.6337e+00	
 2.8880e+00	
 2.3305e+00	
 2.9112e+00	
 2.5521e+00	
 2.6591e+00	
 2.6307e+00	
 2.7009e+00	
 2.1963e+00	
 2.9823e+00	
 2.6514e+00	
 2.5954e+00	
 2.7803e+00	
 2.4509e+00	
 2.7087e+00	
 2.6020e+00	
 2.4473e+00	
 3.0282e+00	
 3.0484e+00	
 2.6729e+00	
 2.9547e+00	
 2.8211e+00	
 2.3598e+00	
 2.6021e+00	
 2.5040e+00	
 2.9822e+00	
 2.3485e+00	
 2.5594e+00	
 2.8807e+00	
 2.6288e+00	
 2.7004e+00	
 2.8385e+00	
 2.5340e+00	
 2.1941e+00	
 2.6729e+00	
 2.3817e+00	
 2.7668e+00	
 2.5022e+00	
 2.5649e+00	
 2.7230e+00	
 2.5813e+00	
 2.7041e+00	
 2.2192e+00	
 2.1390e+00	
 2.1779e+00	
 3.0301e+00	
 2.6189e+00	
 2.5091e+00	
 2.4499e+00	
 2.7328e+00	
 2.3272e+00	
 2.8519e+00	
 2.8017e+00	
 2.5800e+00	
 2.8294e+00	
 2.6103e+00	
 2.8635e+00	
 2.7636e+00	
 2.6862e+00	
 2.6168e+00	
 2.7387e+00	
 2.4114e+00	
 2.5177e+00	
 3.0824e+00	
 2.2710e+00	
 2.6133e+00	
 2.2755e+00	
 2.4652e+00	
 2.5308e+00	
 2.0689e+00	
 3.0865e+00	
 2.7592e+00	
 2.2701e+00	
 2.7978e+00	
 2.6141e+00	
 2.5676e+00	
 2.9165e+00	
 2.5552e+00	
 2.6391e+00	
 2.6914e+00	
 2.3593e+00	
 3.0987e+00	
 2.6495e+00	
 2.5716e+00	
 2.6175e+00	
 2.7749e+00	
 2.7455e+00	
 2.8115e+00	
 2.6782e+00	
 2.5587e+00	
 2.4111e+00	
 2.8582e+00	
 2.6074e+00	
 2.4189e+00	
 2.6867e+00	
 2.3374e+00	
 2.4307e+00	
 2.3328e+00	
 2.2846e+00	
 2.6385e+00	
 3.0345e+00	
 2.4889e+00	
 2.3090e+00	
 2.7423e+00	
 2.5901e+00	
 2.7292e+00	
 2.4944e+00	
 2.5896e+00	
 2.7561e+00	
 2.9354e+00	
 2.9675e+00	
 2.6529e+00	
 2.8062e+00	
 2.5041e+00	
 2.7535e+00	
 2.8410e+00	
 2.2713e+00	
 2.9245e+00	
 2.9063e+00	
 2.7390e+00	
 2.6495e+00	
 2.2185e+00	
 2.7388e+00	
 2.9993e+00	
 2.2465e+00	
 2.6950e+00	
 2.9328e+00	
 2.4902e+00	
 2.4926e+00	
 2.4371e+00	
 2.3106e+00	
 2.4750e+00	
 2.3509e+00	
 2.7328e+00	
 2.6023e+00	
 2.4234e+00	
 2.8410e+00	
 2.7690e+00	
 2.1962e+00	
 2.9355e+00	
 2.3656e+00	
 2.7007e+00	
 2.5311e+00	
 2.7394e+00	
 2.7500e+00	
 2.5836e+00	
 2.8185e+00	
 2.4670e+00	
 2.6575e+00	
 2.2125e+00	
 2.5237e+00	
 2.6273e+00	
 2.7550e+00	
 2.8520e+00	
 2.6595e+00	
 2.8623e+00	
 2.4783e+00	
 2.3293e+00	
 2.5138e+00	
 2.9846e+00	
 2.7968e+00	
 2.6446e+00	
 3.2848e+00	
 2.3167e+00	
 2.7137e+00	
 2.4434e+00	
 2.5750e+00	
 2.9597e+00	
 2.7554e+00	
 1.9109e+00	
 2.6854e+00	
 2.6119e+00	
 2.6944e+00	
 2.3476e+00	
 2.3144e+00	
 2.9090e+00	
 2.2412e+00	
 2.2667e+00	
 2.1726e+00	
 2.4891e+00	
 2.6937e+00	
 2.5850e+00	
 2.9167e+00	
 2.6088e+00	
 2.5895e+00	
 2.5677e+00	
 2.8778e+00	
 2.6770e+00	
 2.5468e+00	
 2.7911e+00	
 3.1087e+00	
 3.0040e+00	
 2.7662e+00	
 2.5364e+00	
 2.3132e+00	
 2.6833e+00	
 2.5631e+00	
 2.5972e+00	
 2.8244e+00	
 3.1233e+00	
 2.3141e+00	
 2.2530e+00	
 2.5364e+00	
 2.6712e+00	
 2.6627e+00	
 2.8900e+00	
 2.3690e+00	
 2.3385e+00	
 2.5452e+00	
 2.3801e+00	
 2.8131e+00	
 2.6625e+00	
 2.9047e+00	
 2.6032e+00	
 2.8098e+00	
 2.5415e+00	
 2.4467e+00	
 2.4661e+00	
 2.6760e+00	
 2.7368e+00	
 2.5394e+00	
 2.7650e+00	
 2.7583e+00	
 2.6639e+00	
 2.3577e+00	
 2.6949e+00	
 2.6679e+00	
 3.0036e+00	
 2.1053e+00	
 2.8616e+00	
 2.6096e+00	
 2.8469e+00	
 2.6092e+00	
 2.3041e+00	
 3.1754e+00	
 2.3177e+00	
 2.5698e+00	
 2.8669e+00	
 2.6830e+00	
 2.5716e+00	
 2.5475e+00	
 3.0506e+00	
 2.4397e+00	
 2.8428e+00	
 2.6738e+00	
 2.5988e+00	
 2.6263e+00	
 2.8121e+00	
 2.9292e+00	
 2.8119e+00	
 2.8641e+00	
 2.3697e+00	
 2.5949e+00	
 2.5712e+00	
 3.0542e+00	
 2.8053e+00	
 2.4378e+00	
 2.7944e+00	
 2.4374e+00	
 2.5882e+00	
 2.0339e+00	
 2.6921e+00	
 2.2727e+00	
 3.0393e+00	
 2.0455e+00	
 2.9218e+00	
 2.2079e+00	
 2.2729e+00	
 2.5621e+00	
 2.6572e+00	
 2.0144e+00	
 2.7702e+00	
 2.7806e+00	
 2.4492e+00	
 3.0954e+00	
 2.3472e+00	
 2.5149e+00	
 2.6982e+00	
 2.3089e+00	
 2.7924e+00	
 2.2097e+00	
 2.6785e+00	
 2.5869e+00	
 2.7057e+00	
 2.1858e+00	
 2.0166e+00	
 2.5527e+00	
 2.6705e+00	
 2.7329e+00	
 2.4694e+00	
 2.7492e+00	
 2.7843e+00	
 2.6762e+00	
 2.7508e+00	
 2.3501e+00	
 2.3640e+00	
 2.6434e+00	
 2.3992e+00	
 3.0939e+00	
 2.5553e+00	
 2.4941e+00	
 2.8528e+00	
 2.4156e+00	
 2.5194e+00	
 2.7819e+00	
 2.6264e+00	
 2.3082e+00	
 3.3332e+00	
 2.3267e+00	
 2.4640e+00	
 2.2566e+00	
 2.4448e+00	
 2.5309e+00	
 2.5645e+00	
 2.5279e+00	
 2.1592e+00	
 2.7443e+00	
 2.3762e+00	
 2.5513e+00	
 2.7764e+00	
 2.1532e+00	
 2.7109e+00	
 2.6889e+00	
 3.1922e+00	
 2.5663e+00	
 2.5674e+00	
 2.3488e+00	
 2.3267e+00	
 2.3102e+00	
 2.3222e+00	
 2.3656e+00	
 2.6335e+00	
 2.4494e+00	
 3.0585e+00	
 2.4409e+00	
 2.6408e+00	
 2.3544e+00	
 2.5274e+00	
 2.5092e+00	
 2.8042e+00	
 2.6057e+00	
 2.8694e+00	
 2.4162e+00	
 2.4989e+00	
 2.8067e+00	
 2.4333e+00	
 2.4456e+00	
 2.6936e+00	
 3.1282e+00	
 2.5689e+00	
 2.4037e+00	
 2.0863e+00	
 2.7832e+00	
 2.2733e+00	
 2.4439e+00	
 2.5802e+00	
 2.8964e+00	
 2.8877e+00	
 2.4476e+00	
 2.6538e+00	
 2.7408e+00	
 2.3289e+00	
 2.5468e+00	
 2.2924e+00	
 2.7024e+00	
 2.5394e+00	
 2.9263e+00	
 2.4281e+00	
 2.7765e+00	
 2.7151e+00	
 2.6566e+00	
 2.8980e+00	
 2.5919e+00	
 3.0132e+00	
 2.3438e+00	
 3.0365e+00	
 2.8112e+00	
 2.1219e+00	
 2.7799e+00	
 2.5253e+00	
 2.7702e+00	
 2.7992e+00	
 2.5432e+00	
 2.4583e+00	
 2.4116e+00	
 2.4637e+00	
 2.2185e+00	
 2.7926e+00	
 2.7208e+00	
 2.4691e+00	
 2.6531e+00	
 2.6415e+00	
 2.7002e+00	
 2.1323e+00	
 2.5784e+00	
 2.6081e+00	
 2.8945e+00	
 2.4110e+00	
 2.8443e+00	
 2.5771e+00	
 2.2284e+00	
 2.6411e+00	
 2.1975e+00	
 2.7754e+00	
 2.9177e+00	
 2.3887e+00	
 3.0990e+00	
 3.1892e+00	
 2.4028e+00	
 2.5357e+00	
 2.4348e+00	
 2.5384e+00	
 2.7563e+00	
 2.4728e+00	
 2.5461e+00	
 2.7124e+00	
 2.5587e+00	
 2.1521e+00	
 2.7201e+00	
 2.6120e+00	
 2.7632e+00	
 2.2283e+00	
 2.4848e+00	
 2.5176e+00	
 2.2699e+00	
 2.1815e+00	
 3.1624e+00	
 2.2404e+00	
 2.4283e+00	
 2.8324e+00	
 2.3846e+00	
 1.9931e+00	
 2.4812e+00	
 2.4905e+00	
 2.3116e+00	
 2.3407e+00	
 2.2847e+00	
 2.9358e+00	
 2.4684e+00	
 2.3769e+00	
 2.3713e+00	
 2.4425e+00	
 2.6444e+00	
 2.9368e+00	
 2.0885e+00	
 2.3286e+00	
 2.3340e+00	
 2.0078e+00	
 2.5369e+00	
 2.2206e+00	
 2.7905e+00	
 2.5138e+00	
 2.6952e+00	
 2.4469e+00	
 2.6658e+00	
 2.1847e+00	
 2.5869e+00	
 3.1343e+00	
 2.4255e+00	
 2.6136e+00	
 2.7980e+00	
 2.5847e+00	
 2.5925e+00	
 2.4966e+00	
 2.4281e+00	
 2.7085e+00	
 3.0481e+00	
 2.4359e+00	
 2.4667e+00	
 2.7650e+00	
 2.8018e+00	
 2.6966e+00	
 2.2863e+00	
 2.3650e+00	
 2.3964e+00	
 2.7722e+00	
 2.8149e+00	
 2.7425e+00	
 3.1931e+00	
 2.1816e+00	
 2.5379e+00	
 2.2599e+00	
 2.5587e+00	
 2.6487e+00	
 2.9501e+00	
 2.6725e+00	
 2.9882e+00	
 1.9158e+00	
 1.8443e+00	
 1.6485e+00	
 1.9563e+00	
 1.5696e+00	
 1.4766e+00	
 1.2443e+00	
 1.8660e+00	
 1.8001e+00	
 1.4890e+00	
 1.5299e+00	
 1.8796e+00	
 1.5691e+00	
 1.8427e+00	
 1.6589e+00	
 1.5704e+00	
 1.4468e+00	
 1.4143e+00	
 1.6449e+00	
 1.8630e+00	
 1.2695e+00	
 1.7423e+00	
 1.8505e+00	
 1.7499e+00	
 1.7479e+00	
 1.9082e+00	
 1.8750e+00	
 1.8620e+00	
 1.6991e+00	
 1.8128e+00	
 1.6320e+00	
 1.9151e+00	
 1.7416e+00	
 1.9600e+00	
 1.5124e+00	
 1.6598e+00	
 1.8130e+00	
 1.7036e+00	
 1.7232e+00	
 1.4805e+00	
 1.8223e+00	
 1.7401e+00	
 1.3957e+00	
 1.9284e+00	
 1.8781e+00	
 1.9064e+00	
 1.5425e+00	
 1.6527e+00	
 1.7814e+00	
 1.4058e+00	
 1.3710e+00	
 1.5288e+00	
 1.5014e+00	
 1.4978e+00	
 1.9549e+00	
 1.4940e+00	
 1.7387e+00	
 1.7641e+00	
 1.4682e+00	
 1.1266e+00	
 1.5063e+00	
 1.6620e+00	
 1.4692e+00	
 1.5357e+00	
 1.8032e+00	
 1.5262e+00	
 1.7494e+00	
 1.3361e+00	
 1.8338e+00	
 1.4786e+00	
 1.9089e+00	
 1.6608e+00	
 1.5542e+00	
 1.8848e+00	
 1.7691e+00	
 1.4469e+00	
 1.6066e+00	
 1.4304e+00	
 1.3779e+00	
 1.8662e+00	
 1.7638e+00	
 1.8296e+00	
 1.6906e+00	
 2.0433e+00	
 1.9489e+00	
 1.7637e+00	
 1.4103e+00	
 1.7439e+00	
 1.7567e+00	
 1.5514e+00	
 1.4875e+00	
 1.4369e+00	
 1.8798e+00	
 1.6575e+00	
 1.7743e+00	
 1.6455e+00	
 1.5227e+00	
 1.7259e+00	
 1.6156e+00	
 1.7506e+00	
 1.7205e+00	
 1.1564e+00	
 1.7665e+00	
 1.5116e+00	
 1.5498e+00	
 1.7856e+00	
 1.4353e+00	
 1.5118e+00	
 1.3248e+00	
 1.3194e+00	
 1.7688e+00	
 1.6338e+00	
 1.8333e+00	
 2.0405e+00	
 1.4187e+00	
 1.8749e+00	
 1.5510e+00	
 1.4709e+00	
 1.4235e+00	
 1.9402e+00	
 1.7882e+00	
 1.4586e+00	
 1.7279e+00	
 1.6630e+00	
 1.7913e+00	
 1.6095e+00	
 1.5522e+00	
 1.9359e+00	
 1.9023e+00	
 1.7438e+00	
 1.8815e+00	
 1.4993e+00	
 1.3315e+00	
 1.8148e+00	
 1.7957e+00	
 1.7382e+00	
 1.3943e+00	
 1.7810e+00	
 1.3815e+00	
 1.4643e+00	
 1.3869e+00	
 1.6425e+00	
 1.7927e+00	
 1.3388e+00	
 1.4689e+00	
 1.6183e+00	
 1.7525e+00	
 2.0742e+00	
 2.1494e+00	
 1.3396e+00	
 1.6797e+00	
 1.4446e+00	
 1.4697e+00	
 1.7313e+00	
 1.5875e+00	
 1.3861e+00	
 1.7043e+00	
 1.7817e+00	
 1.8142e+00	
 2.0180e+00	
 1.9496e+00	
 1.2226e+00	
 1.8253e+00	
 1.5002e+00	
 1.6922e+00	
 1.8570e+00	
 1.7093e+00	
 1.6266e+00	
 1.4646e+00	
 2.0067e+00	
 2.0030e+00	
 1.2307e+00	
 1.2990e+00	
 1.5443e+00	
 1.6473e+00	
 1.6549e+00	
 1.5171e+00	
 1.4967e+00	
 1.6056e+00	
 1.3565e+00	
 1.9060e+00	
 1.2793e+00	
 1.5831e+00	
 2.0079e+00	
 1.4843e+00	
 1.5211e+00	
 1.6341e+00	
 1.7222e+00	
 1.6344e+00	
 2.0279e+00	
 1.8037e+00	
 1.9138e+00	
 1.4252e+00	
 1.7872e+00	
 1.6581e+00	
 1.8826e+00	
 1.6621e+00	
 1.7412e+00	
 2.0073e+00	
 2.0175e+00	
 1.4188e+00	
 1.5348e+00	
 1.2017e+00	
 1.7691e+00	
 1.7725e+00	
 1.6662e+00	
 1.6116e+00	
 1.6952e+00	
 1.6909e+00	
 1.8494e+00	
 2.0201e+00	
 1.9921e+00	
 1.5107e+00	
 2.2863e+00	
 1.8894e+00	
 1.8044e+00	
 1.8769e+00	
 1.5578e+00	
 1.8018e+00	
 1.3380e+00	
 1.7666e+00	
 1.9709e+00	
 1.7556e+00	
 1.4413e+00	
 1.7216e+00	
 1.4377e+00	
 1.5036e+00	
 1.7065e+00	
 1.6110e+00	
 2.0835e+00	
 1.6451e+00	
 1.6191e+00	
 1.8334e+00	
 1.7665e+00	
 1.3893e+00	
 1.6668e+00	
 1.5412e+00	
 1.3684e+00	
 1.2759e+00	
 1.6356e+00	
 1.2777e+00	
 1.4893e+00	
 1.5638e+00	
 1.4141e+00	
 1.7241e+00	
 1.8742e+00	
 1.7896e+00	
 1.4302e+00	
 1.5093e+00	
 1.9840e+00	
 1.8703e+00	
 1.0342e+00	
 1.6043e+00	
 1.7645e+00	
 1.8791e+00	
 1.1860e+00	
 1.7606e+00	
 1.5207e+00	
 1.8682e+00	
 1.2899e+00	
 1.8869e+00	
 1.5874e+00	
 1.9518e+00	
 1.6294e+00	
 1.2237e+00	
 1.3910e+00	
 1.8105e+00	
 1.8131e+00	
 1.5386e+00	
 1.9748e+00	
 1.2741e+00	
 1.9510e+00	
 1.3705e+00	
 1.5226e+00	
 1.0829e+00	
 1.6339e+00	
 2.1520e+00	
 1.8735e+00	
 1.2844e+00	
 1.4409e+00	
 1.4417e+00	
 1.4064e+00	
 1.9337e+00	
 1.9865e+00	
 1.6508e+00	
 1.7226e+00	
 1.9829e+00	
 1.5708e+00	
 1.5039e+00	
 2.0295e+00	
 1.4444e+00	
 1.4233e+00	
 1.6670e+00	
 1.5424e+00	
 1.8926e+00	
 1.8891e+00	
 1.5019e+00	
 1.5403e+00	
 1.4511e+00	
 1.5691e+00	
 1.8379e+00	
 1.9166e+00	
 1.4598e+00	
 1.7915e+00	
 1.3181e+00	
 1.5089e+00	
 1.7025e+00	
 1.9495e+00	
 1.7813e+00	
 1.8287e+00	
 1.3267e+00	
 1.5899e+00	
 1.5715e+00	
 1.8027e+00	
 1.9865e+00	
 2.0090e+00	
 2.0168e+00	
 1.4628e+00	
 1.8107e+00	
 1.5766e+00	
 1.5220e+00	
 1.6527e+00	
 1.5536e+00	
 1.5470e+00	
 1.2979e+00	
 1.3618e+00	
 1.6802e+00	
 1.4385e+00	
 1.7907e+00	
 1.7491e+00	
 2.0220e+00	
 1.7311e+00	
 1.8638e+00	
 1.6644e+00	
 1.4659e+00	
 1.4823e+00	
 1.6964e+00	
 1.6869e+00	
 1.7316e+00	
 1.7166e+00	
 2.1164e+00	
 1.5186e+00	
 1.5078e+00	
 1.7747e+00	
 1.4399e+00	
 1.9151e+00	
 1.7267e+00	
 1.7720e+00	
 1.6992e+00	
 1.9654e+00	
 1.3563e+00	
 1.7549e+00	
 1.2728e+00	
 1.5891e+00	
 1.9268e+00	
 1.4590e+00	
 1.5885e+00	
 2.1461e+00	
 1.8070e+00	
 1.4792e+00	
 1.9690e+00	
 1.8237e+00	
 1.6607e+00	
 1.4393e+00	
 1.7771e+00	
 2.1577e+00	
 1.4893e+00	
 1.8072e+00	
 1.7740e+00	
 1.8285e+00	
 1.6762e+00	
 1.6768e+00	
 1.7652e+00	
 1.8607e+00	
 2.0287e+00	
 1.7102e+00	
 1.7821e+00	
 1.7066e+00	
 1.9173e+00	
 1.1290e+00	
 1.6548e+00	
 1.7317e+00	
 1.5043e+00	
 1.3925e+00	
 1.6117e+00	
 1.4442e+00	
 1.7500e+00	
 1.4177e+00	
 1.6083e+00	
 2.0129e+00	
 1.7820e+00	
 1.8433e+00	
 1.4354e+00	
 1.4583e+00	
 1.7622e+00	
 2.1621e+00	
 1.4551e+00	
 1.6399e+00	
 1.4974e+00	
 1.9350e+00	
 1.3716e+00	
 2.1043e+00	
 1.3955e+00	
 1.5613e+00	
 2.0864e+00	
 1.7021e+00	
 1.7662e+00	
 1.8502e+00	
 1.9757e+00	
 2.0832e+00	
 1.4354e+00	
 1.9286e+00	
 1.7157e+00	
 1.6288e+00	
 1.2668e+00	
 1.7479e+00	
 1.8588e+00	
 1.4755e+00	
 1.6589e+00	
 1.7938e+00	
 2.1956e+00	
 1.7862e+00	
 1.5137e+00	
 1.6228e+00	
 1.8814e+00	
 1.3984e+00	
 1.8842e+00	
 1.3381e+00	
 1.9098e+00	
 1.5582e+00	
 1.8161e+00	
 1.6718e+00	
 1.9733e+00	
 2.2221e+00	
 1.5327e+00	
 1.9909e+00	
 1.6865e+00	
 1.4385e+00	
 1.8840e+00	
 1.5385e+00	
 1.7708e+00	
 1.6195e+00	
 1.8187e+00	
 1.7704e+00	
 1.7214e+00	
 1.3215e+00	
 1.8401e+00	
 1.7430e+00	
 1.8029e+00	
 1.5492e+00	
 1.9402e+00	
 1.6310e+00	
 1.9004e+00	
 1.7154e+00	
 1.9382e+00	
 1.9276e+00	
 1.7361e+00	
 1.7834e+00	
 1.6047e+00	
 1.4931e+00	
 1.4979e+00	
 1.9656e+00	
 2.2064e+00	
 1.7498e+00	
 2.0605e+00	
 1.6638e+00	
 1.7750e+00	
 1.5210e+00	
 1.7296e+00	
 1.8952e+00	
 1.8022e+00	
 1.7693e+00	
 2.0329e+00	
 1.7115e+00	
 1.9320e+00	
 1.7963e+00	
 2.0638e+00	
 1.7565e+00	
 1.9727e+00	
 1.4978e+00	
 1.8458e+00	
 1.4086e+00	
 1.7988e+00	
 1.4470e+00	
 1.5912e+00	
 1.8485e+00	
 1.9587e+00	
 1.4845e+00	
 1.4396e+00	
 1.3299e+00	
 1.9054e+00	
 1.7964e+00	
 1.8548e+00	
 1.6925e+00	
 2.0089e+00	
 1.8551e+00	
 2.1722e+00	
 1.7598e+00	
 1.5479e+00	
 1.4197e+00	
 1.6894e+00	
 2.1117e+00	
 1.4597e+00	
 1.5408e+00	
 1.1402e+00	
 1.7756e+00	
 1.9354e+00	
 1.8043e+00	
 1.7029e+00	
 2.0408e+00	
 1.5454e+00	
 1.4881e+00	
 1.3187e+00	
 1.5898e+00	
 1.8942e+00	
 1.8573e+00	
 1.7103e+00	
 1.6797e+00	
 1.3769e+00	
 1.8722e+00	
 1.9037e+00	
 1.6616e+00	
 1.5438e+00	
 1.5089e+00	
 1.5576e+00	
 2.0914e+00	
 1.3812e+00	
 1.9166e+00	
 1.3818e+00	
 1.7706e+00	
 1.9276e+00	
 2.0864e+00	
 1.8607e+00	
 1.8052e+00	
 1.3798e+00	
 1.5007e+00	
 1.4954e+00	
 1.7638e+00	
 1.6809e+00	
 1.6168e+00	
 1.6173e+00	
 1.8286e+00	
 1.7452e+00	
 1.6948e+00	
 1.7817e+00	
 1.8913e+00	
 1.5199e+00	
 1.9267e+00	
 1.7182e+00	
 1.6942e+00	
 1.5417e+00	
 1.6302e+00	
 1.5661e+00	
 1.5484e+00	
 2.3338e+00	
 1.7185e+00	
 1.9151e+00	
 1.3200e+00	
 1.5087e+00	
 1.9498e+00	
 1.3412e+00	
 1.5428e+00	
 1.3979e+00	
 1.5620e+00	
 2.1602e+00	
 1.8104e+00	
 1.3392e+00	
 1.7850e+00	
 1.5488e+00	
 1.9055e+00	
 1.8261e+00	
 1.8925e+00	
 1.5260e+00	
 1.5862e+00	
 1.6088e+00	
 1.7029e+00	
 1.7308e+00	
 1.4555e+00	
 1.6794e+00	
 1.9272e+00	
 1.9574e+00	
 1.9022e+00	
 2.1850e+00	
 1.8963e+00	
 1.7839e+00	
 1.6611e+00	
 2.0178e+00	
 1.7789e+00	
 1.5421e+00	
 1.7772e+00	
 1.9178e+00	
 1.6341e+00	
 1.8464e+00	
 1.9219e+00	
 1.3831e+00	
 1.5741e+00	
 1.7228e+00	
 1.2278e+00	
 1.9189e+00	
 1.4565e+00	
 1.7888e+00	
 1.7253e+00	
 1.7600e+00	
 1.8959e+00	
 2.0929e+00	
 1.5858e+00	
 1.7727e+00	
 1.6132e+00	
 1.4551e+00	
 1.5057e+00	
 2.2427e+00	
 1.7748e+00	
 1.8539e+00	
 1.4430e+00	
 1.5738e+00	
 1.8059e+00	
 1.7951e+00	
 1.7684e+00	
 1.8242e+00	
 1.7112e+00	
 2.0129e+00	
 1.9173e+00	
 2.2612e+00	
 1.8473e+00	
 1.9772e+00	
 2.1391e+00	
 1.6928e+00	
 1.8961e+00	
 1.8295e+00	
 1.7922e+00	
 1.6634e+00	
 1.4100e+00	
 1.5383e+00	
 1.6539e+00	
 1.8066e+00	
 1.7611e+00	
 1.7354e+00	
 1.9051e+00	
 1.7677e+00	
 2.0309e+00	
 2.1406e+00	
 1.4587e+00	
 1.4718e+00	
 1.7311e+00	
 2.0729e+00	
 2.0880e+00	
 1.6739e+00	
 2.0720e+00	
 1.6065e+00	
 1.6771e+00	
 1.5808e+00	
 1.8217e+00	
 1.8336e+00	
 1.8170e+00	
 2.1104e+00	
 1.3808e+00	
 1.7628e+00	
 2.2259e+00	
 1.7927e+00	
 1.8147e+00	
 1.4781e+00	
 1.6503e+00	
 1.7946e+00	
 2.1124e+00	
 1.7061e+00	
 1.7559e+00	
 1.5581e+00	
 1.5776e+00	
 1.8096e+00	
 1.4353e+00	
 1.7722e+00	
 1.6316e+00	
 1.5405e+00	
 1.8525e+00	
 1.8915e+00	
 1.5269e+00	
 1.7503e+00	
 1.9289e+00	
 1.4734e+00	
 1.6120e+00	
 1.7227e+00	
 1.5297e+00	
 1.6664e+00	
 1.5662e+00	
 1.5279e+00	
 2.0306e+00	
 1.8076e+00	
 1.7303e+00	
 1.5526e+00	
 1.6372e+00	
 1.9320e+00	
 1.5712e+00	
 1.6981e+00	
 1.4962e+00	
 1.5978e+00	
 1.8099e+00	
 1.5036e+00	
 1.8862e+00	
 1.4716e+00	
 1.2787e+00	
 1.2885e+00	
 1.9920e+00	
 1.7950e+00	
 1.8955e+00	
 1.4037e+00	
 1.9440e+00	
 1.7604e+00	
 1.6481e+00	
 1.7215e+00	
 1.7715e+00	
 1.6687e+00	
 1.4780e+00	
 1.6683e+00	
 1.6704e+00	
 1.8674e+00	
 1.8894e+00	
 1.8080e+00	
 1.9495e+00	
 1.8992e+00	
 1.5136e+00	
 1.6176e+00	
 1.4665e+00	
 1.5675e+00	
 2.0757e+00	
 2.0839e+00	
 1.5068e+00	
 1.4361e+00	
 1.7275e+00	
 1.8089e+00	
 1.6474e+00	
 2.1967e+00	
 1.7786e+00	
 1.8118e+00	
 1.6361e+00	
 1.5095e+00	
 2.2810e+00	
 2.0416e+00	
 1.9334e+00	
 1.7385e+00	
 1.5257e+00	
 1.7562e+00	
 2.2030e+00	
 1.7221e+00	
 1.7577e+00	
 1.7091e+00	
 1.9151e+00	
 1.5252e+00	
 1.9799e+00	
 1.6540e+00	
 1.7260e+00	
 1.7639e+00	
 1.7318e+00	
 2.0334e+00	
 1.4825e+00	
 1.7019e+00	
 1.8752e+00	
 2.0043e+00	
 1.7822e+00	
 1.6996e+00	
 2.0349e+00	
 2.1094e+00	
 1.9107e+00	
 1.7531e+00	
 2.0777e+00	
 1.2914e+00	
 1.9701e+00	
 1.6161e+00	
 1.7420e+00	
 2.0392e+00	
 1.9853e+00	
 1.8613e+00	
 1.7975e+00	
 2.2782e+00	
 1.9147e+00	
 1.7647e+00	
 1.7409e+00	
 1.7157e+00	
 1.8764e+00	
 1.4434e+00	
 1.9558e+00	
 1.6498e+00	
 1.2259e+00	
 1.8728e+00	
 1.7561e+00	
 1.3615e+00	
 1.7053e+00	
 1.8133e+00	
 1.8176e+00	
 1.7534e+00	
 1.3794e+00	
 1.6476e+00	
 1.7501e+00	
 1.5960e+00	
 1.6465e+00	
 2.0291e+00	
 1.5732e+00	
 1.8670e+00	
 1.9631e+00	
 1.4715e+00	
 1.6258e+00	
 1.5642e+00	
 2.2320e+00	
 2.0064e+00	
 1.6220e+00	
 2.0402e+00	
 2.1551e+00	
 1.6720e+00	
 1.2881e+00	
 1.6950e+00	
 1.7010e+00	
 1.5505e+00	
 1.6729e+00	
 2.0050e+00	
 1.7103e+00	
 2.3787e+00	
 1.8393e+00	
 2.0275e+00	
 1.7307e+00	
 1.6760e+00	
 1.7442e+00	
 1.6415e+00	
 2.0831e+00	
 2.0134e+00	
 1.8456e+00	
 1.7553e+00	
 1.7863e+00	
 2.1387e+00	
 1.9911e+00	
 1.4228e+00	
 1.7407e+00	
 1.7052e+00	
 2.2316e+00	
 1.7061e+00	
 1.5156e+00	
 1.6478e+00	
 1.6315e+00	
 2.0445e+00	
 1.9140e+00	
 1.7959e+00	
 1.2960e+00	
 1.8414e+00	
 1.6700e+00	
 1.9246e+00	
 1.8355e+00	
 1.7500e+00	
 1.7181e+00	
 2.2145e+00	
 1.7656e+00	
 2.1647e+00	
 1.9583e+00	
 1.7708e+00	
 1.8668e+00	
 2.2578e+00	
 1.8000e+00	
 1.6301e+00	
 1.7325e+00	
 2.1375e+00	
 1.8681e+00	
 2.0377e+00	
 1.7880e+00	
 1.7464e+00	
 1.7297e+00	
 1.4993e+00	
 1.5705e+00	
 1.6428e+00	
 1.8543e+00	
 1.7610e+00	
 2.1708e+00	
 1.8600e+00	
 1.7528e+00	
 1.3814e+00	
 1.6927e+00	
 1.8428e+00	
 1.8896e+00	
 1.5554e+00	
 1.7842e+00	
 1.6729e+00	
 1.6577e+00	
 1.9069e+00	
 1.7425e+00	
 1.8173e+00	
 1.8096e+00	
 1.6579e+00	
 2.0186e+00	
 2.0397e+00	
 1.5145e+00	
 2.0517e+00	
 1.8265e+00	
 1.8830e+00	
 1.8532e+00	
 1.7317e+00	
 1.9508e+00	
 1.8237e+00	
 1.9596e+00	
 1.6664e+00	
 1.5583e+00	
 1.5597e+00	
 2.0607e+00	
 2.0049e+00	
 2.0055e+00	
 1.4531e+00	
 1.9703e+00	
 1.5166e+00	
 1.5597e+00	
 1.7306e+00	
 1.5192e+00	
 1.8072e+00	
 1.6351e+00	
 1.8568e+00	
 1.6324e+00	
 1.3318e+00	
 1.9903e+00	
 1.8670e+00	
 1.7597e+00	
 1.8773e+00	
 1.7685e+00	
 1.8128e+00	
 1.5963e+00	
 1.5320e+00	
 1.8011e+00	
 1.8869e+00	
 1.9838e+00	
 2.0442e+00	
 1.3662e+00	
 1.7287e+00	
 1.5990e+00	
 1.7655e+00	
 1.7976e+00	
 1.6880e+00	
 1.7758e+00	
 1.8887e+00	
 1.8933e+00	
 1.7043e+00	
 1.8511e+00	
 1.6752e+00	
 1.9887e+00	
 1.7603e+00	
 2.1706e+00	
 2.0204e+00	
 2.2112e+00	
 2.0301e+00	
 1.8702e+00	
 1.9464e+00	
 1.7877e+00	
 2.3286e+00	
 1.6592e+00	
 1.9717e+00	
 1.8993e+00	
 1.8514e+00	
 1.7738e+00	
 1.7512e+00	
 1.8437e+00	
 1.5592e+00	
 1.8133e+00	
 1.4928e+00	
 2.0719e+00	
 1.8904e+00	
 2.0857e+00	
 1.6588e+00	
 1.7025e+00	
 1.6751e+00	
 1.7626e+00	
 1.4911e+00	
 1.8829e+00	
 1.6453e+00	
 1.8691e+00	
 1.9228e+00	
 2.3232e+00	
 2.0525e+00	
 1.9011e+00	
 2.0341e+00	
 2.0831e+00	
 1.9824e+00	
 1.8961e+00	
 1.5711e+00	
 1.7888e+00	
 1.9089e+00	
 1.7518e+00	
 1.5356e+00	
 1.7446e+00	
 2.0141e+00	
 2.2864e+00	
 2.0201e+00	
 1.7275e+00	
 1.6606e+00	
 1.7785e+00	
 1.9290e+00	
 1.8867e+00	
 1.7924e+00	
 1.9139e+00	
 1.8635e+00	
 1.8318e+00	
 2.1110e+00	
 2.2216e+00	
 2.1836e+00	
 1.9951e+00	
 1.9582e+00	
 2.4806e+00	
 1.6179e+00	
 1.7388e+00	
 1.9112e+00	
 2.1160e+00	
 1.7235e+00	
 2.1820e+00	
 1.2555e+00	
 1.6465e+00	
 2.2320e+00	
 2.2524e+00	
 1.6926e+00	
 1.4207e+00	
 1.9263e+00	
 1.8792e+00	
 1.5547e+00	
 2.0245e+00	
 1.7209e+00	
 1.5827e+00	
 2.0523e+00	
 1.7921e+00	
 1.7011e+00	
 1.8750e+00	
 1.9487e+00	
 1.7626e+00	
 2.4934e+00	
 1.8241e+00	
 1.8961e+00	
 1.9740e+00	
 1.6506e+00	
 2.1002e+00	
 1.7334e+00	
 1.8958e+00	
 1.7111e+00	
 1.5806e+00	
 1.8929e+00	
 2.0105e+00	
 2.2518e+00	
 1.5668e+00	
 1.8798e+00	
 1.8137e+00	
 1.5028e+00	
 1.6681e+00	
 1.7967e+00	
 1.4973e+00	
 1.7183e+00	
 2.0532e+00	
 1.5641e+00	
 1.9922e+00	
 1.6216e+00	
 1.7420e+00	
 2.2791e+00	
 2.2158e+00	
 1.8557e+00	
 1.8461e+00	
 1.6129e+00	
 2.2362e+00	
 2.1451e+00	
 2.2642e+00	
 2.1103e+00	
 1.6751e+00	
 1.9209e+00	
 1.6737e+00	
 2.0018e+00	
 1.6616e+00	
 2.0779e+00	
 2.2460e+00	
 1.8002e+00	
 1.9072e+00	
 1.8502e+00	
 2.2785e+00	
 1.8618e+00	
 1.6681e+00	
 1.8814e+00	
 1.4663e+00	
 2.0709e+00	
 1.9271e+00	
 1.8477e+00	
 1.3203e+00	
 1.7264e+00	
 1.6362e+00	
 2.1834e+00	
 1.6198e+00	
 1.9608e+00	
 1.9978e+00	
 1.6713e+00	
 1.9093e+00	
 1.7433e+00	
 1.7584e+00	
 1.9914e+00	
 1.8529e+00	
 1.5421e+00	
 1.8310e+00	
 2.1877e+00	
 1.9432e+00	
 2.0471e+00	
 1.7179e+00	
 2.3033e+00	
 2.2396e+00	
 1.6470e+00	
 1.7138e+00	
 1.8980e+00	
 1.7697e+00	
 1.9230e+00	
 1.8316e+00	
 1.7972e+00	
 1.9854e+00	
 1.5480e+00	
 1.5525e+00	
 2.0315e+00	
 1.5754e+00	
 2.2650e+00	
 2.4234e+00	
 2.0501e+00	
 1.8993e+00	
 1.5915e+00	
 1.9209e+00	
 1.8583e+00	
 1.8904e+00	
 1.3555e+00	
 1.9143e+00	
 2.2480e+00	
 1.8415e+00	
 2.2019e+00	
 1.3015e+00	
 1.8140e+00	
 1.7018e+00	
 1.5616e+00	
 1.3307e+00	
 1.7724e+00	
 1.8987e+00	
 1.4024e+00	
 1.6563e+00	
 1.9012e+00	
 1.8332e+00	
 2.0538e+00	
 2.0700e+00	
 1.6403e+00	
 1.7290e+00	
 1.5588e+00	
 2.1631e+00	
 1.5543e+00	
 2.1173e+00	
 1.7617e+00	
 2.1197e+00	
 1.7608e+00	
 1.7854e+00	
 1.9060e+00	
 2.0006e+00	
 1.5160e+00	
 1.9845e+00	
 1.9348e+00	
 1.3433e+00	
 1.7437e+00	
 1.8560e+00	
 1.7506e+00	
 1.5681e+00	
 1.9216e+00	
 1.9141e+00	
 2.1826e+00	
 1.6204e+00	
 1.6825e+00	
 1.5153e+00	
 1.7632e+00	
 1.7296e+00	
 2.1629e+00	
 1.4717e+00	
 1.8855e+00	
 1.8961e+00	
 2.1752e+00	
 2.0277e+00	
 1.9388e+00	
 1.3619e+00	
 1.7218e+00	
 2.1231e+00	
 1.9125e+00	
 1.6067e+00	
 2.1917e+00	
 1.8409e+00	
 1.6236e+00	
 1.6545e+00	
 2.1005e+00	
 2.1628e+00	
 1.8322e+00	
 1.9893e+00	
 1.5516e+00	
 1.8808e+00	
 1.8822e+00	
 1.8125e+00	
 1.7758e+00	
 2.0792e+00	
 1.7316e+00	
 2.4463e+00	
 1.8578e+00	
 1.7447e+00	
 1.9719e+00	
 2.2335e+00	
 1.7338e+00	
 1.8325e+00	
 1.5430e+00	
 1.6357e+00	
 1.2766e+00	
 2.1734e+00	
 2.0397e+00	
 1.9146e+00	
 1.7254e+00	
 1.3472e+00	
 1.6043e+00	
 1.7300e+00	
 7.4781e-01	
 8.0177e-01	
 7.1708e-01	
 8.6350e-01	
 7.9722e-01	
 1.0204e+00	
 1.0629e+00	
 6.6298e-01	
 5.4503e-01	
 5.7456e-01	
