loss	
 4.6309e+00	
 4.6610e+00	
 4.5955e+00	
 4.6201e+00	
 4.6177e+00	
 4.5890e+00	
 4.6022e+00	
 4.6284e+00	
 4.5894e+00	
 4.6076e+00	
 4.5932e+00	
 4.6138e+00	
 4.6669e+00	
 4.6554e+00	
 4.6327e+00	
 4.5751e+00	
 4.6156e+00	
 4.6399e+00	
 4.6253e+00	
 4.6036e+00	
 4.5684e+00	
 4.5978e+00	
 4.5596e+00	
 4.6183e+00	
 4.6365e+00	
 4.5528e+00	
 4.6540e+00	
 4.5501e+00	
 4.6549e+00	
 4.6044e+00	
 4.5918e+00	
 4.5911e+00	
 4.6107e+00	
 4.6733e+00	
 4.5727e+00	
 4.6463e+00	
 4.6299e+00	
 4.5820e+00	
 4.5805e+00	
 4.6385e+00	
 4.5929e+00	
 4.5950e+00	
 4.6189e+00	
 4.5595e+00	
 4.6334e+00	
 4.5964e+00	
 4.6155e+00	
 4.5847e+00	
 4.6387e+00	
 4.5836e+00	
 4.6299e+00	
 4.5483e+00	
 4.5687e+00	
 4.6603e+00	
 4.5550e+00	
 4.5975e+00	
 4.5837e+00	
 4.5780e+00	
 4.5882e+00	
 4.6234e+00	
 4.5962e+00	
 4.6060e+00	
 4.5446e+00	
 4.5507e+00	
 4.6322e+00	
 4.5850e+00	
 4.5515e+00	
 4.4936e+00	
 4.5936e+00	
 4.6146e+00	
 4.5535e+00	
 4.5460e+00	
 4.5294e+00	
 4.6143e+00	
 4.5257e+00	
 4.5808e+00	
 4.5741e+00	
 4.5421e+00	
 4.5948e+00	
 4.5629e+00	
 4.5186e+00	
 4.5617e+00	
 4.5599e+00	
 4.5551e+00	
 4.5597e+00	
 4.5763e+00	
 4.4691e+00	
 4.5600e+00	
 4.5975e+00	
 4.4991e+00	
 4.5520e+00	
 4.5132e+00	
 4.6273e+00	
 4.5270e+00	
 4.5342e+00	
 4.5487e+00	
 4.5213e+00	
 4.5332e+00	
 4.5077e+00	
 4.5240e+00	
 4.4522e+00	
 4.4482e+00	
 4.4914e+00	
 4.4534e+00	
 4.5349e+00	
 4.5752e+00	
 4.5684e+00	
 4.4325e+00	
 4.5411e+00	
 4.4593e+00	
 4.3365e+00	
 4.4857e+00	
 4.3660e+00	
 4.3191e+00	
 4.4808e+00	
 4.3089e+00	
 4.3691e+00	
 4.3556e+00	
 4.3556e+00	
 4.3641e+00	
 4.5060e+00	
 4.4036e+00	
 4.3219e+00	
 4.3441e+00	
 4.3533e+00	
 4.4172e+00	
 4.3487e+00	
 4.4358e+00	
 4.3308e+00	
 4.3167e+00	
 4.3192e+00	
 4.3596e+00	
 4.3588e+00	
 4.2241e+00	
 4.3518e+00	
 4.3050e+00	
 4.5749e+00	
 4.1774e+00	
 4.1993e+00	
 4.2745e+00	
 4.4544e+00	
 4.4439e+00	
 4.3249e+00	
 4.3735e+00	
 4.2435e+00	
 4.2050e+00	
 4.3842e+00	
 4.3268e+00	
 4.3593e+00	
 4.1719e+00	
 4.3760e+00	
 4.1536e+00	
 4.2668e+00	
 4.2860e+00	
 4.1675e+00	
 4.3058e+00	
 4.3425e+00	
 4.2303e+00	
 4.3313e+00	
 4.2789e+00	
 4.0765e+00	
 4.3608e+00	
 4.1512e+00	
 4.3639e+00	
 4.1801e+00	
 4.0191e+00	
 4.2816e+00	
 4.2315e+00	
 4.0599e+00	
 4.0786e+00	
 4.1863e+00	
 4.2314e+00	
 4.1954e+00	
 4.2129e+00	
 4.2161e+00	
 4.1261e+00	
 4.2678e+00	
 4.3613e+00	
 4.1803e+00	
 4.0706e+00	
 4.2989e+00	
 4.3712e+00	
 4.2020e+00	
 4.1281e+00	
 4.0018e+00	
 4.1143e+00	
 4.0285e+00	
 4.0116e+00	
 4.0348e+00	
 4.3803e+00	
 4.3647e+00	
 4.0173e+00	
 3.9125e+00	
 4.1788e+00	
 4.1673e+00	
 4.1401e+00	
 4.1569e+00	
 3.9716e+00	
 4.1697e+00	
 4.1955e+00	
 4.2261e+00	
 4.2037e+00	
 4.1445e+00	
 4.1064e+00	
 3.9839e+00	
 4.0751e+00	
 4.0183e+00	
 4.1340e+00	
 4.0527e+00	
 4.0998e+00	
 3.9672e+00	
 3.9266e+00	
 4.1729e+00	
 4.1375e+00	
 4.2713e+00	
 4.1727e+00	
 3.9968e+00	
 4.0079e+00	
 3.9966e+00	
 4.0075e+00	
 4.1570e+00	
 4.2029e+00	
 3.9335e+00	
 4.1695e+00	
 3.8965e+00	
 4.0828e+00	
 4.1725e+00	
 3.8438e+00	
 3.9460e+00	
 4.1364e+00	
 4.0184e+00	
 3.9809e+00	
 3.9576e+00	
 4.0699e+00	
 3.8525e+00	
 4.0415e+00	
 4.0954e+00	
 3.8074e+00	
 3.8164e+00	
 4.0252e+00	
 3.8584e+00	
 3.9763e+00	
 3.9826e+00	
 4.0098e+00	
 4.1787e+00	
 4.0489e+00	
 3.9302e+00	
 3.7864e+00	
 3.7753e+00	
 3.7899e+00	
 3.8970e+00	
 4.0170e+00	
 4.0101e+00	
 3.9899e+00	
 3.8809e+00	
 4.0269e+00	
 4.0453e+00	
 3.9050e+00	
 3.9318e+00	
 3.9057e+00	
 4.0400e+00	
 3.8284e+00	
 3.6666e+00	
 4.3658e+00	
 3.9896e+00	
 3.7277e+00	
 3.7599e+00	
 3.6347e+00	
 3.8750e+00	
 4.3079e+00	
 3.8242e+00	
 3.9598e+00	
 4.2770e+00	
 3.8752e+00	
 3.9520e+00	
 3.8470e+00	
 4.0289e+00	
 3.8733e+00	
 3.7549e+00	
 3.9437e+00	
 3.9855e+00	
 3.9034e+00	
 3.9874e+00	
 3.9238e+00	
 4.0330e+00	
 3.9357e+00	
 3.6946e+00	
 3.7709e+00	
 3.7288e+00	
 4.1205e+00	
 3.7552e+00	
 4.1356e+00	
 3.8734e+00	
 3.9318e+00	
 3.8505e+00	
 4.1078e+00	
 3.9269e+00	
 3.8818e+00	
 3.7890e+00	
 4.3236e+00	
 3.6974e+00	
 3.9730e+00	
 3.8712e+00	
 3.8454e+00	
 3.9160e+00	
 3.6314e+00	
 3.9418e+00	
 3.9059e+00	
 3.8401e+00	
 4.2009e+00	
 3.6582e+00	
 3.7663e+00	
 3.9306e+00	
 3.8789e+00	
 3.7630e+00	
 3.9029e+00	
 3.8508e+00	
 3.7171e+00	
 3.6840e+00	
 3.7477e+00	
 4.0934e+00	
 4.1895e+00	
 3.7741e+00	
 3.5121e+00	
 3.6232e+00	
 3.7658e+00	
 3.7077e+00	
 3.8063e+00	
 4.1497e+00	
 3.6083e+00	
 3.7638e+00	
 4.0063e+00	
 3.7094e+00	
 3.7627e+00	
 3.7536e+00	
 3.7683e+00	
 3.5973e+00	
 4.0089e+00	
 4.0368e+00	
 3.8740e+00	
 3.6363e+00	
 3.8156e+00	
 3.7932e+00	
 4.0365e+00	
 3.7192e+00	
 3.8535e+00	
 4.1270e+00	
 3.9158e+00	
 3.8597e+00	
 3.7534e+00	
 4.0836e+00	
 3.7757e+00	
 4.0569e+00	
 3.8766e+00	
 3.7148e+00	
 3.9578e+00	
 3.6075e+00	
 3.9053e+00	
 3.7820e+00	
 3.4744e+00	
 3.7827e+00	
 3.5745e+00	
 3.9158e+00	
 3.8520e+00	
 3.9052e+00	
 3.5887e+00	
 3.7059e+00	
 3.6524e+00	
 3.7933e+00	
 3.3772e+00	
 3.6942e+00	
 3.8176e+00	
 3.5938e+00	
 3.9880e+00	
 3.7228e+00	
 3.8496e+00	
 3.8370e+00	
 3.7919e+00	
 3.7957e+00	
 3.5809e+00	
 3.7670e+00	
 3.6249e+00	
 3.6172e+00	
 4.0222e+00	
 3.5001e+00	
 3.6423e+00	
 3.8010e+00	
 3.6538e+00	
 3.8470e+00	
 3.6821e+00	
 3.6719e+00	
 3.6508e+00	
 3.3484e+00	
 3.5978e+00	
 3.5308e+00	
 3.8103e+00	
 3.9387e+00	
 3.5857e+00	
 3.6116e+00	
 3.9733e+00	
 3.5321e+00	
 3.7471e+00	
 3.7761e+00	
 3.7501e+00	
 3.4798e+00	
 3.7448e+00	
 4.0316e+00	
 3.5535e+00	
 3.5916e+00	
 3.5135e+00	
 3.6041e+00	
 3.8540e+00	
 3.8079e+00	
 3.4641e+00	
 3.7025e+00	
 3.4893e+00	
 3.6087e+00	
 3.9974e+00	
 3.8072e+00	
 3.1922e+00	
 3.7800e+00	
 3.7287e+00	
 3.5887e+00	
 3.5651e+00	
 3.5482e+00	
 3.7290e+00	
 3.9045e+00	
 3.7456e+00	
 3.7499e+00	
 3.6090e+00	
 3.7156e+00	
 3.7933e+00	
 3.9284e+00	
 3.5137e+00	
 3.5674e+00	
 3.5185e+00	
 3.5985e+00	
 3.4006e+00	
 3.4088e+00	
 3.5221e+00	
 3.8486e+00	
 3.7582e+00	
 3.9153e+00	
 3.7581e+00	
 3.5648e+00	
 3.5364e+00	
 3.6184e+00	
 3.6270e+00	
 3.6867e+00	
 4.1039e+00	
 3.4795e+00	
 3.5948e+00	
 3.7597e+00	
 3.9082e+00	
 3.5765e+00	
 3.8017e+00	
 3.5040e+00	
 3.9092e+00	
 3.6732e+00	
 3.5699e+00	
 3.5486e+00	
 3.8273e+00	
 3.6997e+00	
 3.7569e+00	
 3.6679e+00	
 3.6816e+00	
 3.6708e+00	
 3.5952e+00	
 3.5846e+00	
 3.3702e+00	
 3.3742e+00	
 3.4050e+00	
 3.4421e+00	
 3.5907e+00	
 3.6424e+00	
 3.3195e+00	
 3.5098e+00	
 3.5963e+00	
 3.7190e+00	
 3.4070e+00	
 3.8799e+00	
 3.4108e+00	
 3.4688e+00	
 3.5783e+00	
 3.2956e+00	
 3.5193e+00	
 3.4391e+00	
 3.8817e+00	
 3.6457e+00	
 3.4048e+00	
 3.5963e+00	
 3.5119e+00	
 3.5695e+00	
 3.5269e+00	
 3.3316e+00	
 3.7782e+00	
 3.4358e+00	
 3.4472e+00	
 3.7371e+00	
 3.3535e+00	
 3.9608e+00	
 3.5830e+00	
 3.5020e+00	
 3.9958e+00	
 3.3655e+00	
 3.4227e+00	
 3.4591e+00	
 3.4113e+00	
 3.7999e+00	
 3.5389e+00	
 3.5878e+00	
 3.7773e+00	
 3.6061e+00	
 3.4855e+00	
 3.4891e+00	
 3.8718e+00	
 3.5429e+00	
 3.6442e+00	
 3.4695e+00	
 3.5874e+00	
 3.4922e+00	
 3.3504e+00	
 3.5593e+00	
 3.3779e+00	
 3.5292e+00	
 3.5572e+00	
 3.5289e+00	
 3.5676e+00	
 3.0908e+00	
 3.7986e+00	
 4.0261e+00	
 3.6579e+00	
 3.7792e+00	
 3.8121e+00	
 3.6567e+00	
 3.3151e+00	
 3.3093e+00	
 3.2107e+00	
 3.7187e+00	
 3.7510e+00	
 3.4037e+00	
 3.7813e+00	
 3.6932e+00	
 3.4260e+00	
 3.8643e+00	
 3.3105e+00	
 3.3869e+00	
 3.6015e+00	
 3.5110e+00	
 3.2330e+00	
 3.7646e+00	
 3.5701e+00	
 3.7242e+00	
 3.5385e+00	
 3.7703e+00	
 3.6015e+00	
 3.4135e+00	
 3.4564e+00	
 3.3070e+00	
 3.4169e+00	
 3.6309e+00	
 3.5643e+00	
 3.3674e+00	
 3.5828e+00	
 3.5839e+00	
 3.2315e+00	
 3.2366e+00	
 3.5732e+00	
 3.4848e+00	
 3.2947e+00	
 3.7095e+00	
 3.6422e+00	
 3.0251e+00	
 3.7472e+00	
 3.4591e+00	
 3.1602e+00	
 3.1431e+00	
 3.6404e+00	
 3.2241e+00	
 3.4179e+00	
 3.2590e+00	
 3.1585e+00	
 3.3409e+00	
 3.1606e+00	
 3.6226e+00	
 3.8272e+00	
 3.4978e+00	
 3.4077e+00	
 3.5611e+00	
 3.5843e+00	
 3.1278e+00	
 3.6941e+00	
 3.6659e+00	
 3.5494e+00	
 3.4360e+00	
 3.5617e+00	
 3.6638e+00	
 3.5051e+00	
 3.3979e+00	
 3.9774e+00	
 3.5437e+00	
 2.9691e+00	
 3.4353e+00	
 3.5405e+00	
 3.2292e+00	
 3.5703e+00	
 3.5934e+00	
 3.7997e+00	
 3.3873e+00	
 3.6185e+00	
 3.5414e+00	
 3.4267e+00	
 3.3098e+00	
 3.5942e+00	
 3.3472e+00	
 3.0240e+00	
 3.8372e+00	
 3.3482e+00	
 3.2727e+00	
 3.2839e+00	
 4.0743e+00	
 3.6664e+00	
 3.4986e+00	
 3.5226e+00	
 3.3564e+00	
 3.5162e+00	
 3.2939e+00	
 3.4636e+00	
 3.5463e+00	
 3.4531e+00	
 3.0217e+00	
 3.4709e+00	
 3.4306e+00	
 2.8720e+00	
 3.2810e+00	
 3.3013e+00	
 3.7253e+00	
 3.0974e+00	
 3.3953e+00	
 3.1922e+00	
 3.4360e+00	
 3.3635e+00	
 3.7949e+00	
 3.2913e+00	
 3.5544e+00	
 3.2940e+00	
 3.4068e+00	
 3.4918e+00	
 3.6729e+00	
 3.3340e+00	
 3.6050e+00	
 3.7403e+00	
 3.4398e+00	
 3.1846e+00	
 3.5823e+00	
 3.4950e+00	
 3.2513e+00	
 3.5216e+00	
 3.0724e+00	
 3.6471e+00	
 3.5566e+00	
 3.6806e+00	
 3.3096e+00	
 3.2926e+00	
 3.4913e+00	
 3.1286e+00	
 3.4494e+00	
 3.1913e+00	
 3.2532e+00	
 3.6141e+00	
 3.5562e+00	
 3.5805e+00	
 3.3657e+00	
 3.3615e+00	
 3.1343e+00	
 3.4613e+00	
 3.1988e+00	
 3.2469e+00	
 3.3025e+00	
 3.4957e+00	
 3.2258e+00	
 3.1978e+00	
 3.5926e+00	
 3.3879e+00	
 3.4208e+00	
 3.3567e+00	
 3.3673e+00	
 3.3845e+00	
 3.6427e+00	
 3.3139e+00	
 3.6946e+00	
 2.9894e+00	
 3.4720e+00	
 3.0353e+00	
 3.7660e+00	
 3.7093e+00	
 3.4416e+00	
 3.0762e+00	
 3.4622e+00	
 3.2710e+00	
 3.2543e+00	
 3.3976e+00	
 3.7055e+00	
 3.2489e+00	
 3.2104e+00	
 3.6945e+00	
 3.6104e+00	
 3.2960e+00	
 3.4930e+00	
 3.5369e+00	
 3.4296e+00	
 3.1437e+00	
 3.5334e+00	
 3.6758e+00	
 3.1935e+00	
 3.5912e+00	
 3.2464e+00	
 3.6416e+00	
 3.1092e+00	
 3.2962e+00	
 2.9685e+00	
 2.9996e+00	
 3.4061e+00	
 3.2232e+00	
 3.2587e+00	
 3.4263e+00	
 3.3365e+00	
 3.3928e+00	
 3.3323e+00	
 3.5915e+00	
 3.7699e+00	
 3.2117e+00	
 3.0623e+00	
 3.8690e+00	
 3.6491e+00	
 3.5676e+00	
 3.5794e+00	
 3.5131e+00	
 3.3154e+00	
 3.6772e+00	
 3.3321e+00	
 3.3343e+00	
 3.1303e+00	
 3.0890e+00	
 2.8906e+00	
 3.4110e+00	
 3.5339e+00	
 3.3516e+00	
 3.4126e+00	
 3.3661e+00	
 3.4447e+00	
 3.6916e+00	
 3.4955e+00	
 3.4800e+00	
 3.3344e+00	
 3.3525e+00	
 3.3596e+00	
 3.4259e+00	
 3.3920e+00	
 3.1503e+00	
 3.5498e+00	
 3.2358e+00	
 3.4675e+00	
 3.1833e+00	
 3.4015e+00	
 3.1434e+00	
 3.1987e+00	
 2.9441e+00	
 3.4579e+00	
 2.7986e+00	
 3.0145e+00	
 3.5026e+00	
 3.3442e+00	
 3.2326e+00	
 3.1918e+00	
 3.2081e+00	
 3.5039e+00	
 3.9560e+00	
 3.1978e+00	
 3.1729e+00	
 3.1966e+00	
 2.9666e+00	
 3.4751e+00	
 3.4613e+00	
 3.4229e+00	
 3.3001e+00	
 3.1810e+00	
 2.9710e+00	
 3.0923e+00	
 3.7145e+00	
 3.3863e+00	
 3.1892e+00	
 3.1105e+00	
 3.0197e+00	
 3.1858e+00	
 3.6227e+00	
 3.3200e+00	
 2.7749e+00	
 3.5079e+00	
 2.9884e+00	
 3.0979e+00	
 2.9916e+00	
 3.2021e+00	
 3.2810e+00	
 3.2334e+00	
 3.4842e+00	
 3.1971e+00	
 3.4459e+00	
 3.5860e+00	
 3.2073e+00	
 3.3095e+00	
 3.3804e+00	
 3.4294e+00	
 3.0070e+00	
 3.5062e+00	
 3.2524e+00	
 2.9733e+00	
 3.0448e+00	
 3.0311e+00	
 3.4313e+00	
 3.1266e+00	
 3.5981e+00	
 3.3000e+00	
 3.0675e+00	
 2.9791e+00	
 3.5173e+00	
 3.2347e+00	
 3.4462e+00	
 3.3129e+00	
 3.2517e+00	
 3.7179e+00	
 3.1937e+00	
 3.5746e+00	
 3.5141e+00	
 3.4105e+00	
 3.2204e+00	
 3.2465e+00	
 3.3813e+00	
 3.4603e+00	
 3.1779e+00	
 3.1827e+00	
 3.0014e+00	
 2.8312e+00	
 2.8979e+00	
 3.1025e+00	
 2.9904e+00	
 3.4008e+00	
 3.0009e+00	
 3.4192e+00	
 3.3957e+00	
 3.3467e+00	
 3.3003e+00	
 3.3868e+00	
 3.3604e+00	
 2.9801e+00	
 3.1665e+00	
 3.4075e+00	
 3.2200e+00	
 3.3695e+00	
 3.3363e+00	
 3.3790e+00	
 3.2679e+00	
 3.4649e+00	
 3.1189e+00	
 3.3909e+00	
 3.1644e+00	
 3.0588e+00	
 3.2916e+00	
 3.1586e+00	
 3.0836e+00	
 3.4776e+00	
 3.5102e+00	
 3.0112e+00	
 3.2567e+00	
 3.0640e+00	
 3.3610e+00	
 3.4876e+00	
 3.1234e+00	
 3.7602e+00	
 3.1846e+00	
 3.5924e+00	
 3.0263e+00	
 3.1607e+00	
 3.2989e+00	
 3.1692e+00	
 3.1390e+00	
 3.6237e+00	
 3.5127e+00	
 3.6723e+00	
 3.2429e+00	
 2.8879e+00	
 3.3438e+00	
 2.9255e+00	
 2.9532e+00	
 3.1767e+00	
 3.4835e+00	
 3.0487e+00	
 3.5189e+00	
 3.2298e+00	
 2.8882e+00	
 2.9117e+00	
 3.3379e+00	
 3.2311e+00	
 3.0823e+00	
 3.1163e+00	
 3.1111e+00	
 3.0340e+00	
 3.3180e+00	
 3.1256e+00	
 3.5697e+00	
 3.3971e+00	
 3.0253e+00	
 3.0875e+00	
 3.1985e+00	
 3.4626e+00	
 3.2245e+00	
 3.2861e+00	
 3.3066e+00	
 3.0611e+00	
 3.4519e+00	
 3.3112e+00	
 3.1824e+00	
 3.2810e+00	
 3.4399e+00	
 3.5361e+00	
 3.2828e+00	
 3.1292e+00	
 3.0658e+00	
 3.1856e+00	
 3.4466e+00	
 3.2265e+00	
 3.3279e+00	
 3.3508e+00	
 3.3022e+00	
 3.1858e+00	
 2.9418e+00	
 3.5052e+00	
 2.5058e+00	
 3.2722e+00	
 3.1304e+00	
 3.3400e+00	
 3.2616e+00	
 3.6365e+00	
 2.9667e+00	
 3.2211e+00	
 3.4529e+00	
 3.0937e+00	
 3.0582e+00	
 3.2135e+00	
 3.1196e+00	
 3.3761e+00	
 3.2756e+00	
 2.8997e+00	
 3.3901e+00	
 3.4398e+00	
 3.0913e+00	
 3.2415e+00	
 3.3658e+00	
 3.3940e+00	
 3.1341e+00	
 3.2767e+00	
 3.2884e+00	
 2.9451e+00	
 3.1583e+00	
 3.2085e+00	
 3.1674e+00	
 3.2443e+00	
 3.2391e+00	
 2.9533e+00	
 3.0511e+00	
 3.2158e+00	
 3.1616e+00	
 3.4969e+00	
 3.2119e+00	
 3.3612e+00	
 3.2295e+00	
 3.3124e+00	
 3.0932e+00	
 3.2469e+00	
 3.0942e+00	
 2.9883e+00	
 3.3047e+00	
 3.3737e+00	
 3.0120e+00	
 3.2426e+00	
 3.5714e+00	
 2.9598e+00	
 3.4622e+00	
 3.1284e+00	
 3.4160e+00	
 3.3734e+00	
 3.1065e+00	
 3.2451e+00	
 3.0898e+00	
 3.1648e+00	
 3.1144e+00	
 2.8942e+00	
 3.3967e+00	
 3.1052e+00	
 2.9094e+00	
 3.3792e+00	
 3.2181e+00	
 2.7801e+00	
 3.1865e+00	
 3.0702e+00	
 3.0335e+00	
 3.3748e+00	
 3.3613e+00	
 3.4282e+00	
 3.1718e+00	
 3.3313e+00	
 3.4101e+00	
 3.2237e+00	
 3.1727e+00	
 3.4130e+00	
 3.3732e+00	
 3.0106e+00	
 3.1863e+00	
 3.4387e+00	
 3.0975e+00	
 3.0977e+00	
 2.8906e+00	
 3.3404e+00	
 2.9137e+00	
 2.8634e+00	
 3.3588e+00	
 3.0216e+00	
 2.9221e+00	
 3.1838e+00	
 3.3646e+00	
 3.2176e+00	
 3.4724e+00	
 3.4578e+00	
 3.1857e+00	
 3.3766e+00	
 3.1848e+00	
 3.4929e+00	
 3.0531e+00	
 2.6871e+00	
 3.0612e+00	
 2.9075e+00	
 2.8191e+00	
 3.4433e+00	
 3.3088e+00	
 3.3133e+00	
 3.6850e+00	
 3.2241e+00	
 3.1058e+00	
 2.9268e+00	
 3.2590e+00	
 3.3732e+00	
 2.9569e+00	
 3.2975e+00	
 3.0139e+00	
 3.5117e+00	
 3.2281e+00	
 3.0379e+00	
 2.8888e+00	
 2.6539e+00	
 3.2233e+00	
 3.3310e+00	
 3.5883e+00	
 3.3178e+00	
 3.0617e+00	
 3.2254e+00	
 3.1853e+00	
 3.4833e+00	
 3.3700e+00	
 3.5171e+00	
 3.0672e+00	
 3.3790e+00	
 3.3242e+00	
 3.1213e+00	
 3.5755e+00	
 3.1744e+00	
 2.8692e+00	
 3.3776e+00	
 3.3956e+00	
 2.8922e+00	
 3.0726e+00	
 3.4048e+00	
 3.4331e+00	
 3.0562e+00	
 2.9055e+00	
 3.1443e+00	
 3.2819e+00	
 3.2160e+00	
 3.1181e+00	
 3.3222e+00	
 3.1372e+00	
 3.3632e+00	
 3.1747e+00	
 3.0367e+00	
 3.3071e+00	
 3.3142e+00	
 3.3299e+00	
 3.0800e+00	
 3.4059e+00	
 2.9605e+00	
 3.1958e+00	
 3.5901e+00	
 3.1654e+00	
 3.2478e+00	
 3.6744e+00	
 3.2065e+00	
 3.2170e+00	
 3.2847e+00	
 3.3018e+00	
 2.8845e+00	
 3.3212e+00	
 3.0193e+00	
 3.2843e+00	
 3.4520e+00	
 3.2025e+00	
 3.3509e+00	
 3.4433e+00	
 3.2373e+00	
 3.2257e+00	
 2.9547e+00	
 3.3910e+00	
 2.9875e+00	
 3.1621e+00	
 2.7184e+00	
 3.1521e+00	
 3.3326e+00	
 3.1741e+00	
 2.8099e+00	
 3.2448e+00	
 3.2721e+00	
 3.3076e+00	
 3.1955e+00	
 2.9734e+00	
 3.2190e+00	
 2.9566e+00	
 3.1074e+00	
 2.8339e+00	
 3.1051e+00	
 3.4135e+00	
 3.2586e+00	
 2.9774e+00	
 2.9469e+00	
 3.1968e+00	
 3.0046e+00	
 3.3388e+00	
 3.5641e+00	
 3.3630e+00	
 3.0289e+00	
 3.1485e+00	
 3.3284e+00	
 2.6438e+00	
 2.7849e+00	
 3.1650e+00	
 3.5094e+00	
 3.1558e+00	
 3.0235e+00	
 3.3205e+00	
 3.0554e+00	
 3.0612e+00	
 3.3783e+00	
 3.4894e+00	
 3.0292e+00	
 3.2292e+00	
 3.0835e+00	
 3.1372e+00	
 3.3838e+00	
 2.6915e+00	
 2.9101e+00	
 3.4118e+00	
 2.9245e+00	
 2.9988e+00	
 3.2046e+00	
 2.9875e+00	
 2.7709e+00	
 3.1324e+00	
 3.2493e+00	
 3.2244e+00	
 3.0455e+00	
 3.3265e+00	
 3.0523e+00	
 2.8689e+00	
 2.9540e+00	
 3.2434e+00	
 2.9271e+00	
 2.8481e+00	
 3.2491e+00	
 2.9150e+00	
 2.9824e+00	
 3.0528e+00	
 3.3299e+00	
 3.2239e+00	
 3.1068e+00	
 3.2899e+00	
 2.8844e+00	
 3.2012e+00	
 3.2482e+00	
 2.9032e+00	
 3.4272e+00	
 3.1395e+00	
 3.5066e+00	
 3.3676e+00	
 3.2200e+00	
 3.4833e+00	
 3.6458e+00	
 3.4513e+00	
 3.3012e+00	
 2.5982e+00	
 3.0681e+00	
 2.5430e+00	
 2.6428e+00	
 2.9735e+00	
 2.9615e+00	
 2.7395e+00	
 2.4866e+00	
 2.9761e+00	
 2.3143e+00	
 2.9921e+00	
 2.9733e+00	
 2.3916e+00	
 2.7582e+00	
 2.6424e+00	
 2.4072e+00	
 2.9879e+00	
 2.7314e+00	
 3.1142e+00	
 3.0016e+00	
 2.6526e+00	
 2.8782e+00	
 2.6281e+00	
 3.0267e+00	
 2.5934e+00	
 2.4262e+00	
 2.7514e+00	
 2.9255e+00	
 2.8639e+00	
 2.5314e+00	
 2.7559e+00	
 2.5649e+00	
 2.6231e+00	
 2.7591e+00	
 2.6735e+00	
 2.8014e+00	
 2.6169e+00	
 2.7274e+00	
 3.1260e+00	
 2.7730e+00	
 2.5684e+00	
 2.6133e+00	
 2.6943e+00	
 2.4723e+00	
 2.9593e+00	
 2.6514e+00	
 2.4623e+00	
 2.4131e+00	
 2.8772e+00	
 2.5640e+00	
 2.5677e+00	
 2.9957e+00	
 2.7307e+00	
 2.6316e+00	
 2.7698e+00	
 2.6750e+00	
 2.5834e+00	
 2.8700e+00	
 2.8092e+00	
 2.9264e+00	
 2.8392e+00	
 2.3599e+00	
 2.4398e+00	
 2.9051e+00	
 2.8558e+00	
 2.3231e+00	
 3.0600e+00	
 3.2114e+00	
 2.6082e+00	
 2.2860e+00	
 2.6993e+00	
 2.6383e+00	
 2.6204e+00	
 2.7423e+00	
 2.9833e+00	
 3.3893e+00	
 2.7141e+00	
 2.7798e+00	
 2.9440e+00	
 2.7221e+00	
 2.6387e+00	
 2.5085e+00	
 3.2000e+00	
 2.7108e+00	
 2.6204e+00	
 2.6862e+00	
 2.6817e+00	
 2.6894e+00	
 2.6427e+00	
 2.5664e+00	
 3.0422e+00	
 2.6940e+00	
 2.7835e+00	
 2.7786e+00	
 2.5372e+00	
 2.4976e+00	
 2.6315e+00	
 2.6117e+00	
 2.6443e+00	
 2.9708e+00	
 2.9547e+00	
 3.0424e+00	
 2.9445e+00	
 2.8759e+00	
 2.6075e+00	
 2.6534e+00	
 2.5160e+00	
 2.5508e+00	
 2.5365e+00	
 2.5640e+00	
 2.6080e+00	
 2.8342e+00	
 2.1042e+00	
 3.0366e+00	
 2.4500e+00	
 2.7158e+00	
 2.8121e+00	
 2.8628e+00	
 2.8188e+00	
 2.7911e+00	
 3.0164e+00	
 2.8245e+00	
 2.7629e+00	
 2.4084e+00	
 2.5737e+00	
 2.6606e+00	
 2.6518e+00	
 2.9536e+00	
 2.7927e+00	
 2.5392e+00	
 2.7595e+00	
 2.4816e+00	
 2.3883e+00	
 2.8792e+00	
 2.7017e+00	
 2.4443e+00	
 3.1432e+00	
 3.0373e+00	
 2.7462e+00	
 2.8210e+00	
 2.5122e+00	
 2.7095e+00	
 2.6511e+00	
 2.5193e+00	
 2.4968e+00	
 2.4283e+00	
 2.4886e+00	
 2.6925e+00	
 2.7993e+00	
 2.6611e+00	
 2.5334e+00	
 2.8092e+00	
 2.5733e+00	
 3.0130e+00	
 2.6605e+00	
 2.4531e+00	
 3.0323e+00	
 2.7840e+00	
 2.6844e+00	
 2.7060e+00	
 2.5435e+00	
 2.5144e+00	
 2.7636e+00	
 2.7283e+00	
 2.8423e+00	
 2.4115e+00	
 2.5491e+00	
 2.5211e+00	
 2.8795e+00	
 2.7174e+00	
 2.8351e+00	
 2.4495e+00	
 2.8168e+00	
 2.3741e+00	
 2.5942e+00	
 2.9364e+00	
 2.8598e+00	
 2.3040e+00	
 2.9037e+00	
 2.5551e+00	
 2.4910e+00	
 2.3280e+00	
 2.5910e+00	
 2.9906e+00	
 2.6631e+00	
 2.9964e+00	
 2.5169e+00	
 2.7052e+00	
 2.5988e+00	
 2.5815e+00	
 3.1184e+00	
 2.9128e+00	
 2.4898e+00	
 2.8708e+00	
 2.7638e+00	
 2.6574e+00	
 3.1503e+00	
 2.4004e+00	
 2.7073e+00	
 2.6764e+00	
 2.7685e+00	
 2.4912e+00	
 2.6671e+00	
 2.6524e+00	
 2.4883e+00	
 2.8558e+00	
 2.5193e+00	
 3.0118e+00	
 2.9951e+00	
 2.9498e+00	
 2.8868e+00	
 2.5612e+00	
 2.4643e+00	
 2.8801e+00	
 2.8128e+00	
 2.7991e+00	
 2.9131e+00	
 2.8418e+00	
 2.8282e+00	
 2.9131e+00	
 2.7597e+00	
 2.6324e+00	
 2.6138e+00	
 2.4880e+00	
 2.4999e+00	
 2.9274e+00	
 2.7152e+00	
 2.5873e+00	
 2.6491e+00	
 2.5352e+00	
 2.6039e+00	
 2.6127e+00	
 2.5843e+00	
 2.5447e+00	
 2.3837e+00	
 2.4308e+00	
 2.7864e+00	
 3.0710e+00	
 2.5235e+00	
 2.8907e+00	
 2.4446e+00	
 2.6917e+00	
 2.5783e+00	
 2.7171e+00	
 2.8901e+00	
 2.7979e+00	
 2.5319e+00	
 2.9544e+00	
 2.9257e+00	
 2.6411e+00	
 2.2996e+00	
 3.0666e+00	
 2.7973e+00	
 2.8953e+00	
 2.7091e+00	
 2.5466e+00	
 3.0386e+00	
 2.9126e+00	
 2.8348e+00	
 2.4023e+00	
 2.8328e+00	
 2.6606e+00	
 2.7238e+00	
 2.8656e+00	
 2.8167e+00	
 2.3589e+00	
 2.6522e+00	
 2.8520e+00	
 2.6942e+00	
 2.7131e+00	
 2.7409e+00	
 2.6423e+00	
 2.6049e+00	
 2.3472e+00	
 2.7100e+00	
 2.7561e+00	
 2.5380e+00	
 2.2488e+00	
 2.8797e+00	
 2.6518e+00	
 2.7802e+00	
 2.9985e+00	
 3.0015e+00	
 2.5921e+00	
 2.4037e+00	
 2.6010e+00	
 3.1050e+00	
 2.9949e+00	
 2.4858e+00	
 2.8248e+00	
 2.6224e+00	
 2.6034e+00	
 2.6897e+00	
 2.6691e+00	
 2.8090e+00	
 2.7189e+00	
 2.8247e+00	
 2.6978e+00	
 2.9027e+00	
 2.6457e+00	
 3.1280e+00	
 2.8577e+00	
 2.2112e+00	
 2.5760e+00	
 2.6899e+00	
 2.4487e+00	
 3.0207e+00	
 2.9539e+00	
 2.4089e+00	
 2.5583e+00	
 2.6136e+00	
 2.5179e+00	
 2.5813e+00	
 2.7674e+00	
 2.5209e+00	
 2.4110e+00	
 2.7859e+00	
 2.9889e+00	
 2.5630e+00	
 2.6626e+00	
 2.3309e+00	
 2.5693e+00	
 2.6097e+00	
 2.3406e+00	
 2.6464e+00	
 2.8262e+00	
 2.6814e+00	
 2.5344e+00	
 2.5317e+00	
 2.5999e+00	
 2.7917e+00	
 2.8713e+00	
 2.3720e+00	
 2.7399e+00	
 2.4476e+00	
 2.7453e+00	
 2.5444e+00	
 2.7137e+00	
 2.6808e+00	
 2.5305e+00	
 2.5904e+00	
 2.3652e+00	
 2.6446e+00	
 2.8769e+00	
 2.3496e+00	
 2.7612e+00	
 2.8955e+00	
 2.8313e+00	
 2.8716e+00	
 2.2264e+00	
 2.7012e+00	
 2.7947e+00	
 2.4658e+00	
 2.7364e+00	
 2.6223e+00	
 2.2545e+00	
 2.5834e+00	
 2.5924e+00	
 2.4783e+00	
 2.8275e+00	
 2.9199e+00	
 2.5552e+00	
 2.3753e+00	
 2.8660e+00	
 3.1710e+00	
 2.6036e+00	
 2.4563e+00	
 2.6941e+00	
 2.9369e+00	
 2.9352e+00	
 2.8607e+00	
 2.6696e+00	
 2.4484e+00	
 3.0287e+00	
 2.5633e+00	
 2.6741e+00	
 2.4330e+00	
 2.7097e+00	
 2.9018e+00	
 2.7260e+00	
 2.6174e+00	
 2.7314e+00	
 2.7112e+00	
 2.6401e+00	
 2.6434e+00	
 2.5243e+00	
 2.8834e+00	
 2.8223e+00	
 2.2216e+00	
 2.9211e+00	
 2.9073e+00	
 2.5118e+00	
 2.7378e+00	
 2.4986e+00	
 2.4101e+00	
 2.3077e+00	
 2.8154e+00	
 2.6201e+00	
 2.4678e+00	
 2.4552e+00	
 2.9171e+00	
 2.5752e+00	
 2.6481e+00	
 3.2447e+00	
 2.6002e+00	
 2.6065e+00	
 2.9121e+00	
 2.6155e+00	
 2.7062e+00	
 2.4690e+00	
 2.4495e+00	
 2.4199e+00	
 2.7879e+00	
 2.5028e+00	
 2.5487e+00	
 2.7528e+00	
 2.5739e+00	
 2.7896e+00	
 2.6322e+00	
 2.8460e+00	
 2.9139e+00	
 2.5134e+00	
 2.8001e+00	
 2.4866e+00	
 3.0800e+00	
 2.4576e+00	
 2.8505e+00	
 2.5806e+00	
 2.2900e+00	
 2.4693e+00	
 2.9972e+00	
 2.3141e+00	
 2.7791e+00	
 2.6349e+00	
 2.5675e+00	
 2.7171e+00	
 3.2376e+00	
 2.8780e+00	
 2.7832e+00	
 2.5196e+00	
 2.4898e+00	
 2.1771e+00	
 2.8093e+00	
 2.9113e+00	
 2.7031e+00	
 2.2856e+00	
 2.8651e+00	
 2.5093e+00	
 2.8118e+00	
 2.6226e+00	
 2.7580e+00	
 2.8122e+00	
 2.5800e+00	
 2.4652e+00	
 2.4649e+00	
 2.9265e+00	
 2.8509e+00	
 2.9688e+00	
 2.2458e+00	
 3.2478e+00	
 2.4551e+00	
 2.9790e+00	
 2.5272e+00	
 2.4210e+00	
 2.6378e+00	
 2.3805e+00	
 2.5055e+00	
 2.4352e+00	
 2.5192e+00	
 2.9790e+00	
 2.8758e+00	
 2.6566e+00	
 2.4542e+00	
 2.3767e+00	
 2.8071e+00	
 2.2692e+00	
 2.5596e+00	
 2.7606e+00	
 2.8374e+00	
 2.3990e+00	
 2.9069e+00	
 2.5634e+00	
 2.4860e+00	
 2.9165e+00	
 2.4141e+00	
 2.4355e+00	
 2.5317e+00	
 2.7953e+00	
 2.8377e+00	
 2.6326e+00	
 2.7466e+00	
 2.9739e+00	
 2.9089e+00	
 2.8030e+00	
 2.4676e+00	
 2.8924e+00	
 2.5233e+00	
 2.5001e+00	
 2.8792e+00	
 2.0346e+00	
 3.0597e+00	
 2.6369e+00	
 2.3653e+00	
 2.6904e+00	
 2.7836e+00	
 2.1206e+00	
 2.6461e+00	
 2.3910e+00	
 2.3390e+00	
 3.1951e+00	
 2.2278e+00	
 2.5016e+00	
 2.8018e+00	
 2.5400e+00	
 2.3575e+00	
 2.4750e+00	
 2.6612e+00	
 2.5878e+00	
 2.7789e+00	
 2.5416e+00	
 2.8971e+00	
 2.6016e+00	
 2.4758e+00	
 2.6325e+00	
 2.4418e+00	
 2.6442e+00	
 2.4599e+00	
 2.8010e+00	
 2.4969e+00	
 3.3731e+00	
 2.8026e+00	
 3.0384e+00	
 2.8146e+00	
 2.8016e+00	
 2.6341e+00	
 2.8800e+00	
 2.3992e+00	
 2.3265e+00	
 2.9558e+00	
 2.4918e+00	
 2.8806e+00	
 2.4493e+00	
 2.6832e+00	
 2.6768e+00	
 2.7731e+00	
 2.5032e+00	
 2.6708e+00	
 2.4272e+00	
 2.0351e+00	
 3.0447e+00	
 2.2595e+00	
 2.8576e+00	
 2.2572e+00	
 2.3538e+00	
 2.6156e+00	
 2.7416e+00	
 2.7381e+00	
 2.7600e+00	
 2.1782e+00	
 2.5279e+00	
 2.7324e+00	
 2.1459e+00	
 2.1523e+00	
 3.0256e+00	
 2.4455e+00	
 2.4400e+00	
 2.6345e+00	
 2.7181e+00	
 2.5171e+00	
 2.3424e+00	
 2.4043e+00	
 2.5297e+00	
 2.6540e+00	
 2.7941e+00	
 2.7856e+00	
 3.0549e+00	
 2.3254e+00	
 2.6689e+00	
 2.5291e+00	
 2.5012e+00	
 2.4468e+00	
 2.7431e+00	
 2.5549e+00	
 2.4857e+00	
 2.9095e+00	
 2.8791e+00	
 2.2979e+00	
 2.3998e+00	
 2.6502e+00	
 2.4810e+00	
 2.4329e+00	
 3.2861e+00	
 2.6040e+00	
 2.5421e+00	
 2.7595e+00	
 3.1434e+00	
 2.6725e+00	
 2.3408e+00	
 2.8697e+00	
 2.6834e+00	
 3.0165e+00	
 2.4599e+00	
 2.2844e+00	
 2.3740e+00	
 3.0074e+00	
 2.3127e+00	
 2.8274e+00	
 2.5036e+00	
 2.4580e+00	
 2.5690e+00	
 2.5100e+00	
 2.9866e+00	
 2.6455e+00	
 2.2337e+00	
 2.5961e+00	
 2.2755e+00	
 2.5781e+00	
 2.6932e+00	
 2.3941e+00	
 2.6589e+00	
 2.2749e+00	
 2.4868e+00	
 2.9380e+00	
 2.8662e+00	
 2.3527e+00	
 2.6814e+00	
 2.6946e+00	
 2.9192e+00	
 2.6086e+00	
 2.5271e+00	
 2.4309e+00	
 2.6801e+00	
 2.7082e+00	
 2.5857e+00	
 2.5015e+00	
 2.4624e+00	
 2.3030e+00	
 2.9209e+00	
 2.7985e+00	
 2.9702e+00	
 2.9942e+00	
 2.4002e+00	
 2.2683e+00	
 2.6211e+00	
 2.7127e+00	
 2.3518e+00	
 2.6733e+00	
 2.3387e+00	
 2.5023e+00	
 2.4691e+00	
 2.6716e+00	
 2.8626e+00	
 2.5366e+00	
 2.4371e+00	
 2.3969e+00	
 2.5203e+00	
 2.4244e+00	
 2.4461e+00	
 2.7799e+00	
 2.5758e+00	
 2.4081e+00	
 2.7730e+00	
 2.5358e+00	
 2.6293e+00	
 2.4212e+00	
 2.6974e+00	
 2.8995e+00	
 2.5188e+00	
 2.7320e+00	
 2.2538e+00	
 2.3147e+00	
 2.5633e+00	
 3.3135e+00	
 2.3736e+00	
 2.9824e+00	
 2.6169e+00	
 2.1802e+00	
 2.7549e+00	
 3.0165e+00	
 2.8863e+00	
 2.3980e+00	
 2.7235e+00	
 2.2892e+00	
 2.4813e+00	
 2.8166e+00	
 2.8032e+00	
 2.5687e+00	
 2.5050e+00	
 2.8856e+00	
 2.9335e+00	
 2.7834e+00	
 2.6107e+00	
 3.1670e+00	
 3.1332e+00	
 2.5245e+00	
 2.4766e+00	
 2.6645e+00	
 2.6627e+00	
 2.7351e+00	
 2.7715e+00	
 2.3886e+00	
 2.4886e+00	
 2.9462e+00	
 2.2793e+00	
 2.7001e+00	
 2.6684e+00	
 2.7040e+00	
 2.3899e+00	
 2.6419e+00	
 3.0112e+00	
 3.0308e+00	
 2.2577e+00	
 2.8722e+00	
 2.1659e+00	
 2.3590e+00	
 2.8558e+00	
 2.7935e+00	
 2.6682e+00	
 2.8260e+00	
 2.9697e+00	
 2.6469e+00	
 2.8272e+00	
 2.2673e+00	
 2.8126e+00	
 2.5944e+00	
 2.4866e+00	
 2.5849e+00	
 2.7814e+00	
 2.1817e+00	
 2.8478e+00	
 2.6340e+00	
 2.5670e+00	
 2.6043e+00	
 2.7800e+00	
 2.8339e+00	
 2.5569e+00	
 2.4324e+00	
 3.2012e+00	
 3.0557e+00	
 2.6758e+00	
 2.8843e+00	
 2.9044e+00	
 2.3765e+00	
 2.5105e+00	
 2.5806e+00	
 2.9176e+00	
 2.2864e+00	
 2.5754e+00	
 2.8979e+00	
 2.6130e+00	
 2.5549e+00	
 2.8740e+00	
 2.4174e+00	
 2.3167e+00	
 2.6585e+00	
 2.4534e+00	
 2.7288e+00	
 2.5049e+00	
 2.5375e+00	
 2.6465e+00	
 2.5348e+00	
 2.7236e+00	
 2.2553e+00	
 2.0300e+00	
 2.3326e+00	
 3.0876e+00	
 2.5184e+00	
 2.5230e+00	
 2.3530e+00	
 2.7915e+00	
 2.3933e+00	
 2.9258e+00	
 2.8566e+00	
 2.5331e+00	
 2.7794e+00	
 2.5910e+00	
 2.9972e+00	
 2.7662e+00	
 2.6131e+00	
 2.5272e+00	
 2.7832e+00	
 2.2796e+00	
 2.5290e+00	
 2.9892e+00	
 2.2835e+00	
 2.6546e+00	
 2.2177e+00	
 2.4550e+00	
 2.6377e+00	
 2.0185e+00	
 2.9591e+00	
 2.7029e+00	
 2.2952e+00	
 2.7036e+00	
 2.7261e+00	
 2.6575e+00	
 2.9605e+00	
 2.4595e+00	
 2.5961e+00	
 2.5814e+00	
 2.3970e+00	
 3.0310e+00	
 2.6238e+00	
 2.5561e+00	
 2.6141e+00	
 2.6592e+00	
 2.6771e+00	
 2.8081e+00	
 2.7027e+00	
 2.5695e+00	
 2.2908e+00	
 2.7326e+00	
 2.5832e+00	
 2.4220e+00	
 2.6764e+00	
 2.3605e+00	
 2.4501e+00	
 2.2983e+00	
 2.3236e+00	
 2.7499e+00	
 2.7169e+00	
 2.3770e+00	
 2.2659e+00	
 2.7389e+00	
 2.4920e+00	
 2.7984e+00	
 2.7022e+00	
 2.5653e+00	
 2.8487e+00	
 2.8222e+00	
 2.8727e+00	
 2.7075e+00	
 2.8266e+00	
 2.7577e+00	
 2.6675e+00	
 2.9154e+00	
 2.2316e+00	
 2.9350e+00	
 2.8145e+00	
 2.7614e+00	
 2.6142e+00	
 2.1277e+00	
 2.7360e+00	
 2.9775e+00	
 2.3641e+00	
 2.6938e+00	
 2.9147e+00	
 2.4366e+00	
 2.4385e+00	
 2.4491e+00	
 2.3660e+00	
 2.4138e+00	
 2.5266e+00	
 2.7224e+00	
 2.5751e+00	
 2.4433e+00	
 2.9118e+00	
 2.6842e+00	
 2.3189e+00	
 3.0069e+00	
 2.4075e+00	
 2.6994e+00	
 2.5633e+00	
 2.7926e+00	
 2.7198e+00	
 2.6393e+00	
 2.8085e+00	
 2.3918e+00	
 2.6789e+00	
 2.1102e+00	
 2.6482e+00	
 2.7688e+00	
 2.7949e+00	
 3.0430e+00	
 2.7851e+00	
 2.9675e+00	
 2.5929e+00	
 2.2915e+00	
 2.5140e+00	
 3.0465e+00	
 2.7726e+00	
 2.7718e+00	
 3.3606e+00	
 2.2713e+00	
 2.7212e+00	
 2.4364e+00	
 2.6094e+00	
 2.8801e+00	
 2.6815e+00	
 1.9844e+00	
 2.6982e+00	
 2.5396e+00	
 2.7005e+00	
 2.2954e+00	
 2.3345e+00	
 2.8956e+00	
 2.3623e+00	
 2.2048e+00	
 2.1374e+00	
 2.4408e+00	
 2.7961e+00	
 2.5787e+00	
 2.8641e+00	
 2.5775e+00	
 2.5621e+00	
 2.5175e+00	
 2.8790e+00	
 2.6485e+00	
 2.5693e+00	
 2.7147e+00	
 3.2383e+00	
 3.1101e+00	
 2.5730e+00	
 2.5260e+00	
 2.3937e+00	
 2.7743e+00	
 2.6411e+00	
 2.5097e+00	
 2.8540e+00	
 3.0050e+00	
 2.2784e+00	
 2.2353e+00	
 2.5393e+00	
 2.7490e+00	
 2.6408e+00	
 2.8084e+00	
 2.4329e+00	
 2.4063e+00	
 2.4989e+00	
 2.4749e+00	
 2.7298e+00	
 2.7312e+00	
 2.8311e+00	
 2.7288e+00	
 2.6479e+00	
 2.5368e+00	
 2.4730e+00	
 2.3758e+00	
 2.6118e+00	
 2.6575e+00	
 2.5848e+00	
 2.6629e+00	
 2.7236e+00	
 2.6511e+00	
 2.1561e+00	
 2.7953e+00	
 2.5499e+00	
 2.8927e+00	
 2.0931e+00	
 2.8570e+00	
 2.6167e+00	
 2.7311e+00	
 2.7057e+00	
 2.3004e+00	
 2.9957e+00	
 2.3200e+00	
 2.6649e+00	
 3.0471e+00	
 2.7173e+00	
 2.6215e+00	
 2.4451e+00	
 3.0679e+00	
 2.6563e+00	
 2.8279e+00	
 2.6627e+00	
 2.6400e+00	
 2.5024e+00	
 2.8604e+00	
 2.8039e+00	
 2.7859e+00	
 3.0768e+00	
 2.4729e+00	
 2.6795e+00	
 2.5157e+00	
 2.9305e+00	
 2.8589e+00	
 2.4163e+00	
 2.7782e+00	
 2.4119e+00	
 2.6716e+00	
 2.0813e+00	
 2.7320e+00	
 2.2420e+00	
 3.0250e+00	
 2.0132e+00	
 2.9267e+00	
 2.1325e+00	
 2.2845e+00	
 2.4570e+00	
 2.5329e+00	
 1.9351e+00	
 2.7471e+00	
 2.9347e+00	
 2.3995e+00	
 3.0048e+00	
 2.3154e+00	
 2.5616e+00	
 2.6571e+00	
 2.3613e+00	
 2.8080e+00	
 2.2566e+00	
 2.6497e+00	
 2.6432e+00	
 2.6367e+00	
 2.2030e+00	
 2.2026e+00	
 2.6386e+00	
 2.5680e+00	
 2.7197e+00	
 2.4755e+00	
 2.7110e+00	
 2.7740e+00	
 2.8108e+00	
 2.7759e+00	
 2.3869e+00	
 2.5063e+00	
 2.5361e+00	
 2.3423e+00	
 3.0593e+00	
 2.5112e+00	
 2.4320e+00	
 2.7699e+00	
 2.3568e+00	
 2.5090e+00	
 2.7557e+00	
 2.6133e+00	
 2.2549e+00	
 3.2300e+00	
 2.2757e+00	
 2.5602e+00	
 2.2509e+00	
 2.4579e+00	
 2.5318e+00	
 2.5647e+00	
 2.4848e+00	
 2.2400e+00	
 2.8333e+00	
 2.3131e+00	
 2.5339e+00	
 2.7794e+00	
 2.0427e+00	
 2.7290e+00	
 2.6914e+00	
 3.1689e+00	
 2.6068e+00	
 2.5073e+00	
 2.3557e+00	
 2.2870e+00	
 2.2199e+00	
 2.2535e+00	
 2.4047e+00	
 2.5315e+00	
 2.5398e+00	
 3.0314e+00	
 2.4156e+00	
 2.6293e+00	
 2.4097e+00	
 2.5403e+00	
 2.4931e+00	
 2.8092e+00	
 2.7642e+00	
 2.8864e+00	
 2.3594e+00	
 2.4987e+00	
 2.8813e+00	
 2.3487e+00	
 2.4487e+00	
 2.6427e+00	
 3.1218e+00	
 2.5641e+00	
 2.2582e+00	
 2.0764e+00	
 2.8077e+00	
 2.2726e+00	
 2.3957e+00	
 2.5417e+00	
 2.9472e+00	
 2.8159e+00	
 2.4390e+00	
 2.6825e+00	
 2.6437e+00	
 2.4063e+00	
 2.5776e+00	
 2.2611e+00	
 2.6876e+00	
 2.4874e+00	
 2.9789e+00	
 2.3396e+00	
 2.7580e+00	
 2.6759e+00	
 2.5459e+00	
 2.9070e+00	
 2.6358e+00	
 2.9529e+00	
 2.3407e+00	
 3.0192e+00	
 2.6914e+00	
 2.0475e+00	
 2.6398e+00	
 2.5143e+00	
 2.7210e+00	
 2.8005e+00	
 2.5364e+00	
 2.3758e+00	
 2.6384e+00	
 2.4519e+00	
 2.3484e+00	
 2.7550e+00	
 2.6808e+00	
 2.6095e+00	
 2.6340e+00	
 2.6834e+00	
 2.8568e+00	
 2.2773e+00	
 2.6572e+00	
 2.5664e+00	
 2.9770e+00	
 2.3322e+00	
 2.8584e+00	
 2.5735e+00	
 2.3330e+00	
 2.5525e+00	
 2.2360e+00	
 2.6723e+00	
 2.9727e+00	
 2.4093e+00	
 3.1585e+00	
 3.2186e+00	
 2.3808e+00	
 2.5785e+00	
 2.3627e+00	
 2.6045e+00	
 2.5454e+00	
 2.4795e+00	
 2.4003e+00	
 2.6053e+00	
 2.5537e+00	
 2.0648e+00	
 2.5697e+00	
 2.6066e+00	
 2.7389e+00	
 2.2916e+00	
 2.3829e+00	
 2.5334e+00	
 2.3169e+00	
 2.1448e+00	
 3.1391e+00	
 2.1390e+00	
 2.4226e+00	
 2.9006e+00	
 2.3165e+00	
 2.0484e+00	
 2.4184e+00	
 2.3961e+00	
 2.3430e+00	
 2.3561e+00	
 2.4316e+00	
 2.6905e+00	
 2.4623e+00	
 2.4161e+00	
 2.2707e+00	
 2.4724e+00	
 2.7889e+00	
 2.9277e+00	
 2.0150e+00	
 2.2282e+00	
 2.3683e+00	
 1.9835e+00	
 2.6392e+00	
 2.1984e+00	
 2.8075e+00	
 2.5789e+00	
 2.5886e+00	
 2.3651e+00	
 2.7459e+00	
 2.3103e+00	
 2.5412e+00	
 3.1569e+00	
 2.5133e+00	
 2.4418e+00	
 2.8519e+00	
 2.4331e+00	
 2.5778e+00	
 2.6336e+00	
 2.4448e+00	
 2.8389e+00	
 2.9211e+00	
 2.4633e+00	
 2.4668e+00	
 2.8356e+00	
 2.7336e+00	
 2.7664e+00	
 2.3195e+00	
 2.3155e+00	
 2.3567e+00	
 2.8272e+00	
 2.8168e+00	
 2.5764e+00	
 3.1978e+00	
 2.1467e+00	
 2.5449e+00	
 2.2287e+00	
 2.7721e+00	
 2.7208e+00	
 2.7122e+00	
 2.5536e+00	
 2.9668e+00	
 1.9196e+00	
 1.7824e+00	
 1.6519e+00	
 2.0216e+00	
 1.5264e+00	
 1.3871e+00	
 1.3676e+00	
 1.7987e+00	
 1.7409e+00	
 1.3881e+00	
 1.5119e+00	
 1.8647e+00	
 1.5421e+00	
 1.7495e+00	
 1.6043e+00	
 1.4849e+00	
 1.4630e+00	
 1.4854e+00	
 1.4438e+00	
 1.6993e+00	
 1.3523e+00	
 1.6662e+00	
 1.8921e+00	
 1.6753e+00	
 1.6658e+00	
 1.8600e+00	
 1.9656e+00	
 1.8863e+00	
 1.6429e+00	
 1.8512e+00	
 1.6283e+00	
 1.7921e+00	
 1.6623e+00	
 1.9287e+00	
 1.4211e+00	
 1.6282e+00	
 1.6538e+00	
 1.6494e+00	
 1.6849e+00	
 1.4103e+00	
 1.8821e+00	
 1.7699e+00	
 1.4991e+00	
 1.9659e+00	
 1.7295e+00	
 1.7549e+00	
 1.4975e+00	
 1.6181e+00	
 1.6580e+00	
 1.4016e+00	
 1.4903e+00	
 1.4540e+00	
 1.4855e+00	
 1.4403e+00	
 2.0148e+00	
 1.5893e+00	
 1.7062e+00	
 1.7140e+00	
 1.4545e+00	
 1.1241e+00	
 1.6356e+00	
 1.7790e+00	
 1.4752e+00	
 1.5386e+00	
 1.8073e+00	
 1.6762e+00	
 1.6734e+00	
 1.2130e+00	
 1.7243e+00	
 1.3838e+00	
 1.8531e+00	
 1.5513e+00	
 1.5280e+00	
 1.7806e+00	
 1.7208e+00	
 1.3818e+00	
 1.4939e+00	
 1.4559e+00	
 1.5466e+00	
 1.9506e+00	
 1.6937e+00	
 1.7886e+00	
 1.6093e+00	
 1.9073e+00	
 1.9733e+00	
 1.5694e+00	
 1.3387e+00	
 1.7647e+00	
 1.7469e+00	
 1.6230e+00	
 1.5209e+00	
 1.3948e+00	
 1.8830e+00	
 1.5868e+00	
 1.6660e+00	
 1.4877e+00	
 1.4941e+00	
 1.7531e+00	
 1.5954e+00	
 1.6516e+00	
 1.8046e+00	
 1.0376e+00	
 1.7658e+00	
 1.6397e+00	
 1.6758e+00	
 1.8241e+00	
 1.3658e+00	
 1.5932e+00	
 1.3100e+00	
 1.3226e+00	
 1.7147e+00	
 1.6450e+00	
 1.8506e+00	
 1.9211e+00	
 1.5687e+00	
 1.8600e+00	
 1.5564e+00	
 1.3802e+00	
 1.4427e+00	
 1.8744e+00	
 1.5814e+00	
 1.4887e+00	
 1.6396e+00	
 1.7443e+00	
 1.8083e+00	
 1.5003e+00	
 1.6793e+00	
 1.6972e+00	
 1.8549e+00	
 1.8662e+00	
 1.6978e+00	
 1.5387e+00	
 1.4182e+00	
 1.7398e+00	
 1.8381e+00	
 1.6259e+00	
 1.2333e+00	
 1.6818e+00	
 1.1874e+00	
 1.6477e+00	
 1.5786e+00	
 1.8082e+00	
 2.0088e+00	
 1.3660e+00	
 1.4401e+00	
 1.6175e+00	
 1.7016e+00	
 1.8828e+00	
 2.0911e+00	
 1.3946e+00	
 1.7340e+00	
 1.4900e+00	
 1.5056e+00	
 1.6188e+00	
 1.7394e+00	
 1.4834e+00	
 1.7467e+00	
 1.9008e+00	
 1.7408e+00	
 1.9707e+00	
 1.7957e+00	
 1.3518e+00	
 1.8198e+00	
 1.4358e+00	
 1.6960e+00	
 1.8480e+00	
 1.6896e+00	
 1.6889e+00	
 1.6364e+00	
 2.0638e+00	
 1.9353e+00	
 1.3095e+00	
 1.3264e+00	
 1.3798e+00	
 1.6617e+00	
 1.5295e+00	
 1.4230e+00	
 1.3792e+00	
 1.5952e+00	
 1.5608e+00	
 1.8678e+00	
 1.2825e+00	
 1.6283e+00	
 1.8785e+00	
 1.4894e+00	
 1.5217e+00	
 1.5999e+00	
 1.5540e+00	
 1.5062e+00	
 2.0919e+00	
 1.8346e+00	
 1.8858e+00	
 1.3372e+00	
 1.6693e+00	
 1.5711e+00	
 1.8142e+00	
 1.5727e+00	
 1.5940e+00	
 1.5486e+00	
 1.9331e+00	
 1.5378e+00	
 1.5633e+00	
 1.2452e+00	
 1.7757e+00	
 1.7170e+00	
 1.6312e+00	
 1.6828e+00	
 1.7958e+00	
 1.7520e+00	
 1.8993e+00	
 1.8347e+00	
 1.9966e+00	
 1.6226e+00	
 2.3017e+00	
 2.0201e+00	
 1.6741e+00	
 1.9159e+00	
 1.5037e+00	
 1.7097e+00	
 1.3929e+00	
 1.6784e+00	
 1.8430e+00	
 1.7941e+00	
 1.4997e+00	
 1.7646e+00	
 1.5315e+00	
 1.4091e+00	
 1.7320e+00	
 1.6388e+00	
 1.7899e+00	
 1.8669e+00	
 1.4744e+00	
 1.8973e+00	
 1.8337e+00	
 1.6126e+00	
 1.6701e+00	
 1.6278e+00	
 1.5652e+00	
 1.2907e+00	
 1.5846e+00	
 1.4128e+00	
 1.3425e+00	
 1.6273e+00	
 1.5116e+00	
 1.5594e+00	
 1.7100e+00	
 1.6940e+00	
 1.4678e+00	
 1.5464e+00	
 1.7357e+00	
 1.6296e+00	
 1.1068e+00	
 1.8594e+00	
 1.8652e+00	
 1.8412e+00	
 1.3638e+00	
 1.7814e+00	
 1.4911e+00	
 1.9253e+00	
 1.2204e+00	
 1.8348e+00	
 1.6446e+00	
 1.9738e+00	
 1.7450e+00	
 1.1992e+00	
 1.4455e+00	
 1.8958e+00	
 1.7482e+00	
 1.5417e+00	
 1.7918e+00	
 1.4480e+00	
 1.8582e+00	
 1.4333e+00	
 1.5641e+00	
 1.1637e+00	
 1.4590e+00	
 2.0911e+00	
 1.5601e+00	
 1.4568e+00	
 1.5017e+00	
 1.3371e+00	
 1.5332e+00	
 1.6427e+00	
 1.9279e+00	
 1.8133e+00	
 1.8201e+00	
 1.8643e+00	
 1.4206e+00	
 1.6320e+00	
 1.8013e+00	
 1.3688e+00	
 1.4677e+00	
 1.7219e+00	
 1.3733e+00	
 1.8026e+00	
 2.0127e+00	
 1.4165e+00	
 1.3693e+00	
 1.4438e+00	
 1.4017e+00	
 1.7909e+00	
 1.9429e+00	
 1.5090e+00	
 1.6874e+00	
 1.4067e+00	
 1.4288e+00	
 1.6325e+00	
 1.9052e+00	
 1.8413e+00	
 1.8728e+00	
 1.3192e+00	
 1.5708e+00	
 1.5955e+00	
 1.8264e+00	
 1.7272e+00	
 1.9818e+00	
 2.0191e+00	
 1.4398e+00	
 1.6236e+00	
 1.5467e+00	
 1.5334e+00	
 1.6099e+00	
 1.6153e+00	
 1.5373e+00	
 1.4300e+00	
 1.3989e+00	
 1.6844e+00	
 1.4641e+00	
 1.6751e+00	
 1.8012e+00	
 2.1383e+00	
 1.8890e+00	
 1.7951e+00	
 1.8457e+00	
 1.6315e+00	
 1.6312e+00	
 1.7152e+00	
 1.5831e+00	
 1.7320e+00	
 1.7239e+00	
 1.9816e+00	
 1.5696e+00	
 1.5986e+00	
 1.5826e+00	
 1.5472e+00	
 1.8326e+00	
 1.7314e+00	
 1.6650e+00	
 1.5539e+00	
 1.7939e+00	
 1.4567e+00	
 1.6657e+00	
 1.3034e+00	
 1.5896e+00	
 1.7238e+00	
 1.5361e+00	
 1.5145e+00	
 2.1915e+00	
 1.5941e+00	
 1.5604e+00	
 1.8551e+00	
 1.9017e+00	
 1.5715e+00	
 1.4911e+00	
 1.6009e+00	
 2.0906e+00	
 1.5207e+00	
 1.9482e+00	
 1.6028e+00	
 1.6429e+00	
 1.7314e+00	
 1.5105e+00	
 1.7587e+00	
 1.9216e+00	
 2.0601e+00	
 1.6123e+00	
 1.7194e+00	
 1.7704e+00	
 1.9517e+00	
 1.2159e+00	
 1.7417e+00	
 1.7214e+00	
 1.5009e+00	
 1.3528e+00	
 1.5742e+00	
 1.4495e+00	
 1.7259e+00	
 1.6090e+00	
 1.6026e+00	
 1.9282e+00	
 1.8671e+00	
 1.9446e+00	
 1.3950e+00	
 1.4189e+00	
 1.4931e+00	
 2.1017e+00	
 1.6831e+00	
 1.6223e+00	
 1.2846e+00	
 1.8847e+00	
 1.5355e+00	
 2.0427e+00	
 1.4725e+00	
 1.2520e+00	
 1.8607e+00	
 1.6184e+00	
 1.7835e+00	
 1.7547e+00	
 1.9974e+00	
 1.8090e+00	
 1.4791e+00	
 1.9459e+00	
 1.7247e+00	
 1.6854e+00	
 1.1784e+00	
 1.9232e+00	
 1.5882e+00	
 1.5053e+00	
 1.6392e+00	
 1.9151e+00	
 2.0879e+00	
 1.6449e+00	
 1.5149e+00	
 1.6414e+00	
 1.7698e+00	
 1.4719e+00	
 2.1004e+00	
 1.3416e+00	
 1.8666e+00	
 1.4088e+00	
 1.7431e+00	
 1.6328e+00	
 1.8006e+00	
 2.1831e+00	
 1.5077e+00	
 1.9765e+00	
 1.8031e+00	
 1.5303e+00	
 1.8774e+00	
 1.6175e+00	
 1.7423e+00	
 1.5165e+00	
 1.6631e+00	
 1.8411e+00	
 1.7093e+00	
 1.5551e+00	
 1.9083e+00	
 1.7595e+00	
 1.7235e+00	
 1.3981e+00	
 1.8588e+00	
 1.6043e+00	
 1.9709e+00	
 1.7215e+00	
 1.7615e+00	
 1.9438e+00	
 1.8619e+00	
 1.6266e+00	
 1.2480e+00	
 1.5755e+00	
 1.4311e+00	
 1.8710e+00	
 2.2164e+00	
 1.7040e+00	
 2.0155e+00	
 1.5197e+00	
 1.6262e+00	
 1.6212e+00	
 1.5183e+00	
 1.6405e+00	
 1.8097e+00	
 1.5784e+00	
 1.9602e+00	
 1.6375e+00	
 1.8073e+00	
 1.8606e+00	
 2.2691e+00	
 1.7238e+00	
 1.9485e+00	
 1.3599e+00	
 1.6274e+00	
 1.5563e+00	
 1.7601e+00	
 1.6030e+00	
 1.6699e+00	
 1.7327e+00	
 1.9060e+00	
 1.7212e+00	
 1.5783e+00	
 1.4821e+00	
 1.8859e+00	
 1.8033e+00	
 1.6561e+00	
 1.6321e+00	
 2.0447e+00	
 1.8443e+00	
 2.0873e+00	
 1.7088e+00	
 1.4827e+00	
 1.3165e+00	
 1.7871e+00	
 2.0958e+00	
 1.5245e+00	
 1.5956e+00	
 1.1696e+00	
 1.6935e+00	
 1.7343e+00	
 1.7529e+00	
 1.7482e+00	
 2.0339e+00	
 1.5714e+00	
 1.6716e+00	
 1.0893e+00	
 1.5432e+00	
 1.7735e+00	
 1.8583e+00	
 1.8433e+00	
 1.4421e+00	
 1.4150e+00	
 1.8686e+00	
 1.7642e+00	
 1.5860e+00	
 1.4580e+00	
 1.6121e+00	
 1.3978e+00	
 2.0175e+00	
 1.4149e+00	
 1.8538e+00	
 1.5406e+00	
 1.7377e+00	
 2.0219e+00	
 2.0023e+00	
 2.0355e+00	
 1.9325e+00	
 1.4333e+00	
 1.9211e+00	
 1.5283e+00	
 1.8182e+00	
 1.6374e+00	
 1.5638e+00	
 1.6212e+00	
 1.6771e+00	
 1.7000e+00	
 1.6730e+00	
 1.7637e+00	
 1.9734e+00	
 1.4304e+00	
 1.7899e+00	
 1.8328e+00	
 1.6275e+00	
 1.4588e+00	
 1.6689e+00	
 1.5614e+00	
 1.5540e+00	
 2.2046e+00	
 1.7803e+00	
 2.0689e+00	
 1.3213e+00	
 1.7111e+00	
 1.9571e+00	
 1.3060e+00	
 1.6002e+00	
 1.5993e+00	
 1.6739e+00	
 2.0124e+00	
 1.7285e+00	
 1.4176e+00	
 1.9096e+00	
 1.7047e+00	
 2.0141e+00	
 1.7525e+00	
 1.7809e+00	
 1.5100e+00	
 1.6948e+00	
 1.8273e+00	
 1.6942e+00	
 1.7037e+00	
 1.5924e+00	
 1.6423e+00	
 1.9500e+00	
 1.9245e+00	
 1.8315e+00	
 2.3205e+00	
 2.0166e+00	
 1.6598e+00	
 1.5281e+00	
 2.0355e+00	
 1.8744e+00	
 1.4923e+00	
 1.9462e+00	
 1.9174e+00	
 1.8426e+00	
 1.8601e+00	
 1.8958e+00	
 1.5405e+00	
 1.5858e+00	
 1.4534e+00	
 1.1650e+00	
 1.6665e+00	
 1.7272e+00	
 1.7646e+00	
 1.7691e+00	
 1.7839e+00	
 1.9195e+00	
 1.9732e+00	
 1.7831e+00	
 1.7371e+00	
 1.5843e+00	
 1.3975e+00	
 1.4735e+00	
 2.1398e+00	
 1.5830e+00	
 1.8395e+00	
 1.3364e+00	
 1.4365e+00	
 1.7283e+00	
 1.5782e+00	
 2.0239e+00	
 1.8164e+00	
 1.8510e+00	
 1.9299e+00	
 1.9702e+00	
 2.1104e+00	
 1.8448e+00	
 1.9882e+00	
 1.7365e+00	
 1.6083e+00	
 1.8836e+00	
 1.8153e+00	
 1.9587e+00	
 1.7549e+00	
 1.4243e+00	
 1.4820e+00	
 1.4527e+00	
 1.9223e+00	
 1.8445e+00	
 1.7935e+00	
 1.7980e+00	
 1.7826e+00	
 1.9330e+00	
 2.1222e+00	
 1.5964e+00	
 1.5322e+00	
 1.8240e+00	
 2.1248e+00	
 2.2415e+00	
 1.5970e+00	
 1.7967e+00	
 1.5753e+00	
 1.7395e+00	
 1.5114e+00	
 1.7342e+00	
 1.9558e+00	
 1.8443e+00	
 2.0049e+00	
 1.1763e+00	
 1.6165e+00	
 2.1994e+00	
 1.7543e+00	
 1.8646e+00	
 1.4360e+00	
 1.7199e+00	
 1.8292e+00	
 2.2068e+00	
 1.7767e+00	
 1.7648e+00	
 1.6351e+00	
 1.5442e+00	
 1.7443e+00	
 1.5216e+00	
 1.8113e+00	
 1.6362e+00	
 1.6031e+00	
 1.9903e+00	
 2.1170e+00	
 1.5787e+00	
 1.7339e+00	
 2.0148e+00	
 1.4892e+00	
 1.6945e+00	
 1.7117e+00	
 1.6893e+00	
 1.6925e+00	
 1.5041e+00	
 1.6218e+00	
 2.1325e+00	
 1.8464e+00	
 1.4987e+00	
 1.4690e+00	
 1.5581e+00	
 1.8151e+00	
 1.6661e+00	
 1.6252e+00	
 1.5247e+00	
 1.5795e+00	
 1.9526e+00	
 1.4654e+00	
 1.7081e+00	
 1.4852e+00	
 1.5090e+00	
 1.5143e+00	
 1.9294e+00	
 1.5042e+00	
 1.8626e+00	
 1.3839e+00	
 1.8429e+00	
 1.6827e+00	
 1.6995e+00	
 1.5630e+00	
 1.6770e+00	
 1.5749e+00	
 1.6137e+00	
 1.5890e+00	
 1.5546e+00	
 1.8121e+00	
 1.9317e+00	
 1.9265e+00	
 1.9040e+00	
 2.0232e+00	
 1.6321e+00	
 1.5184e+00	
 1.5701e+00	
 1.5104e+00	
 2.0178e+00	
 2.0655e+00	
 1.3534e+00	
 1.5128e+00	
 1.8219e+00	
 1.8537e+00	
 1.6441e+00	
 2.0649e+00	
 1.8408e+00	
 1.8162e+00	
 1.5739e+00	
 1.7811e+00	
 2.1487e+00	
 2.0585e+00	
 2.0461e+00	
 1.7684e+00	
 1.5623e+00	
 1.6783e+00	
 2.2492e+00	
 1.9582e+00	
 1.6874e+00	
 1.5947e+00	
 1.7423e+00	
 1.5018e+00	
 1.7728e+00	
 1.5866e+00	
 1.5289e+00	
 1.8697e+00	
 1.8812e+00	
 2.0155e+00	
 1.4572e+00	
 1.8222e+00	
 1.9124e+00	
 1.8945e+00	
 1.7997e+00	
 1.7278e+00	
 1.9423e+00	
 2.0340e+00	
 1.9686e+00	
 1.6405e+00	
 1.7569e+00	
 1.3191e+00	
 2.0552e+00	
 1.6962e+00	
 1.6544e+00	
 2.2460e+00	
 2.1210e+00	
 1.7365e+00	
 1.6705e+00	
 2.2197e+00	
 1.9734e+00	
 1.8408e+00	
 1.7791e+00	
 1.5698e+00	
 1.9669e+00	
 1.5287e+00	
 1.9681e+00	
 1.4842e+00	
 1.2166e+00	
 1.7083e+00	
 1.7063e+00	
 1.4821e+00	
 1.6380e+00	
 1.8835e+00	
 1.8777e+00	
 1.7765e+00	
 1.4580e+00	
 1.4832e+00	
 1.9270e+00	
 1.5319e+00	
 1.7613e+00	
 1.8907e+00	
 1.3810e+00	
 1.8928e+00	
 2.1237e+00	
 1.6626e+00	
 1.6729e+00	
 1.4413e+00	
 2.2935e+00	
 1.9566e+00	
 1.5836e+00	
 1.6678e+00	
 1.9808e+00	
 1.5072e+00	
 1.3473e+00	
 1.7440e+00	
 1.7665e+00	
 1.6599e+00	
 1.6805e+00	
 2.0990e+00	
 1.5832e+00	
 2.2632e+00	
 1.7410e+00	
 2.0175e+00	
 1.8655e+00	
 1.6700e+00	
 1.6857e+00	
 1.7060e+00	
 2.0617e+00	
 2.0440e+00	
 2.0187e+00	
 1.7642e+00	
 1.8405e+00	
 1.9942e+00	
 2.1170e+00	
 1.5789e+00	
 1.6948e+00	
 2.0067e+00	
 2.2288e+00	
 1.5874e+00	
 1.5500e+00	
 1.6212e+00	
 1.5549e+00	
 1.8858e+00	
 2.0080e+00	
 1.8616e+00	
 1.1438e+00	
 1.9642e+00	
 1.5602e+00	
 1.8019e+00	
 1.8208e+00	
 1.8414e+00	
 1.7414e+00	
 2.1672e+00	
 1.6466e+00	
 2.1136e+00	
 1.8491e+00	
 1.8512e+00	
 1.8072e+00	
 2.3378e+00	
 1.7630e+00	
 1.7031e+00	
 1.8845e+00	
 1.9054e+00	
 1.7202e+00	
 2.2384e+00	
 1.7736e+00	
 1.8887e+00	
 1.7002e+00	
 1.4773e+00	
 1.7358e+00	
 1.5394e+00	
 1.7061e+00	
 1.8309e+00	
 2.1228e+00	
 1.6810e+00	
 1.8206e+00	
 1.2942e+00	
 1.6788e+00	
 1.8146e+00	
 1.9346e+00	
 1.5227e+00	
 1.8002e+00	
 1.7267e+00	
 1.7967e+00	
 1.7669e+00	
 1.9088e+00	
 1.7048e+00	
 1.6987e+00	
 1.6255e+00	
 2.0802e+00	
 1.8462e+00	
 1.4419e+00	
 2.2231e+00	
 1.6383e+00	
 1.7490e+00	
 2.0010e+00	
 1.7756e+00	
 1.8622e+00	
 1.5395e+00	
 1.8182e+00	
 1.5707e+00	
 1.5698e+00	
 1.4690e+00	
 2.1960e+00	
 2.0445e+00	
 1.9582e+00	
 1.5344e+00	
 1.8492e+00	
 1.6727e+00	
 1.6991e+00	
 1.7379e+00	
 1.4440e+00	
 1.6219e+00	
 1.7535e+00	
 1.8529e+00	
 1.7005e+00	
 1.2990e+00	
 1.8582e+00	
 1.7428e+00	
 1.8782e+00	
 2.0771e+00	
 1.9848e+00	
 1.9176e+00	
 1.5948e+00	
 1.7203e+00	
 1.8874e+00	
 1.8372e+00	
 1.9954e+00	
 1.9934e+00	
 1.3758e+00	
 1.6420e+00	
 1.6811e+00	
 1.8314e+00	
 1.7699e+00	
 1.5184e+00	
 1.7573e+00	
 1.8178e+00	
 1.9236e+00	
 1.6606e+00	
 1.7773e+00	
 1.5678e+00	
 1.9677e+00	
 1.8067e+00	
 2.1588e+00	
 1.9681e+00	
 1.9495e+00	
 1.9232e+00	
 1.7647e+00	
 1.9016e+00	
 1.8536e+00	
 2.2843e+00	
 1.7265e+00	
 1.9875e+00	
 1.9126e+00	
 1.8085e+00	
 1.9345e+00	
 1.7874e+00	
 1.8159e+00	
 1.5629e+00	
 1.7243e+00	
 1.5389e+00	
 2.2057e+00	
 2.0878e+00	
 2.1160e+00	
 1.6690e+00	
 1.7171e+00	
 1.6690e+00	
 1.9189e+00	
 1.6286e+00	
 1.9687e+00	
 1.7280e+00	
 1.8677e+00	
 1.8631e+00	
 2.0345e+00	
 2.1307e+00	
 1.9093e+00	
 1.7858e+00	
 2.1826e+00	
 1.9068e+00	
 2.0054e+00	
 1.6610e+00	
 1.4919e+00	
 1.6844e+00	
 1.6889e+00	
 1.4979e+00	
 1.7095e+00	
 2.0962e+00	
 2.3602e+00	
 1.9156e+00	
 1.7652e+00	
 1.6611e+00	
 1.8201e+00	
 1.8135e+00	
 1.7828e+00	
 1.6566e+00	
 1.9243e+00	
 1.8903e+00	
 2.0278e+00	
 1.9683e+00	
 2.3074e+00	
 1.9892e+00	
 2.1352e+00	
 1.9767e+00	
 2.1525e+00	
 1.8390e+00	
 1.9498e+00	
 2.0340e+00	
 2.0785e+00	
 1.6309e+00	
 2.2667e+00	
 1.4011e+00	
 1.4737e+00	
 2.1787e+00	
 2.2456e+00	
 1.7348e+00	
 1.3436e+00	
 1.9338e+00	
 1.8238e+00	
 1.7338e+00	
 1.9948e+00	
 1.6264e+00	
 1.4203e+00	
 1.8915e+00	
 1.7343e+00	
 1.5397e+00	
 1.9181e+00	
 2.0007e+00	
 1.7924e+00	
 2.3582e+00	
 1.7763e+00	
 1.6901e+00	
 1.7110e+00	
 1.6264e+00	
 1.8027e+00	
 1.6778e+00	
 1.8555e+00	
 1.7629e+00	
 1.6061e+00	
 2.0171e+00	
 1.7153e+00	
 2.3227e+00	
 1.6748e+00	
 1.9002e+00	
 2.0294e+00	
 1.5353e+00	
 1.6605e+00	
 1.6798e+00	
 1.6233e+00	
 1.8002e+00	
 1.8705e+00	
 1.5484e+00	
 1.9705e+00	
 1.5607e+00	
 1.6796e+00	
 2.2777e+00	
 2.3010e+00	
 1.6898e+00	
 1.6979e+00	
 1.7246e+00	
 2.2789e+00	
 2.2508e+00	
 2.3435e+00	
 1.9076e+00	
 1.5903e+00	
 1.8865e+00	
 1.7078e+00	
 2.0127e+00	
 1.6351e+00	
 2.0198e+00	
 2.4104e+00	
 1.7957e+00	
 1.9650e+00	
 1.8746e+00	
 2.2591e+00	
 1.7793e+00	
 1.8881e+00	
 1.9267e+00	
 1.5897e+00	
 2.0137e+00	
 1.9338e+00	
 1.7907e+00	
 1.2918e+00	
 1.8058e+00	
 1.8792e+00	
 2.0182e+00	
 1.7154e+00	
 1.8906e+00	
 1.8849e+00	
 1.7022e+00	
 1.8288e+00	
 1.7656e+00	
 1.7973e+00	
 1.9126e+00	
 2.0629e+00	
 1.6533e+00	
 1.7854e+00	
 2.2116e+00	
 1.8717e+00	
 1.9821e+00	
 1.8580e+00	
 2.1719e+00	
 2.0923e+00	
 1.6536e+00	
 1.7100e+00	
 1.9879e+00	
 1.8087e+00	
 1.7614e+00	
 1.8117e+00	
 1.8910e+00	
 1.8031e+00	
 1.6599e+00	
 1.3659e+00	
 2.0581e+00	
 1.5118e+00	
 2.2359e+00	
 2.3225e+00	
 2.0576e+00	
 1.6441e+00	
 1.5149e+00	
 1.9037e+00	
 1.8676e+00	
 2.0439e+00	
 1.2313e+00	
 1.9063e+00	
 1.9710e+00	
 1.8172e+00	
 2.3056e+00	
 1.1969e+00	
 1.9845e+00	
 1.7777e+00	
 1.5008e+00	
 1.3472e+00	
 1.8975e+00	
 2.2363e+00	
 1.4569e+00	
 1.5477e+00	
 1.9419e+00	
 1.9218e+00	
 1.8900e+00	
 1.9905e+00	
 1.7466e+00	
 1.7193e+00	
 1.5041e+00	
 2.0043e+00	
 1.5134e+00	
 1.9844e+00	
 1.6388e+00	
 2.0928e+00	
 1.5752e+00	
 1.7971e+00	
 1.8629e+00	
 1.9167e+00	
 1.6285e+00	
 1.9689e+00	
 1.9923e+00	
 1.7117e+00	
 1.4848e+00	
 1.7649e+00	
 1.8128e+00	
 1.4122e+00	
 1.8277e+00	
 1.9221e+00	
 2.1522e+00	
 1.9523e+00	
 1.5259e+00	
 1.5510e+00	
 1.7661e+00	
 1.7047e+00	
 2.0334e+00	
 1.4784e+00	
 1.7085e+00	
 1.9775e+00	
 2.1375e+00	
 2.0297e+00	
 1.9041e+00	
 1.6629e+00	
 1.5637e+00	
 1.8588e+00	
 1.7994e+00	
 1.7370e+00	
 2.2553e+00	
 2.0397e+00	
 1.6702e+00	
 1.7117e+00	
 2.1711e+00	
 2.2265e+00	
 1.5403e+00	
 1.8968e+00	
 1.5820e+00	
 1.8995e+00	
 1.8027e+00	
 2.0206e+00	
 1.6711e+00	
 1.9834e+00	
 1.8247e+00	
 2.4574e+00	
 1.7701e+00	
 1.8735e+00	
 2.1206e+00	
 2.1920e+00	
 1.5455e+00	
 1.7590e+00	
 1.6710e+00	
 1.5061e+00	
 1.4366e+00	
 2.0994e+00	
 2.0329e+00	
 1.7621e+00	
 1.8788e+00	
 1.3264e+00	
 1.7152e+00	
 1.6721e+00	
 8.5895e-01	
 7.7737e-01	
 7.2053e-01	
 9.3303e-01	
 6.8173e-01	
 8.7056e-01	
 8.5979e-01	
 6.7193e-01	
 5.9677e-01	
 7.5084e-01	
 5.4926e-01	
 4.8931e-01	
 8.6704e-01	
 7.5732e-01	
 7.5048e-01	
 6.3569e-01	
 8.4608e-01	
 4.8411e-01	
 9.6441e-01	
 7.0445e-01	
 6.9287e-01	
 8.0900e-01	
 7.5842e-01	
 5.9059e-01	
 5.9241e-01	
 5.8805e-01	
 7.3320e-01	
 4.1998e-01	
 7.6348e-01	
 6.7619e-01	
 6.1253e-01	
 6.8742e-01	
 5.3926e-01	
 9.8446e-01	
 3.4940e-01	
 9.2469e-01	
 6.7445e-01	
 6.4933e-01	
 8.0120e-01	
 6.1397e-01	
 6.7786e-01	
 6.3387e-01	
 6.2194e-01	
 8.3723e-01	
 8.5880e-01	
 8.7191e-01	
 1.1071e+00	
 8.1554e-01	
 6.3278e-01	
 8.8903e-01	
 8.2523e-01	
 5.6124e-01	
 9.3411e-01	
 7.4260e-01	
 8.9950e-01	
 5.5229e-01	
 5.1822e-01	
 8.0453e-01	
 7.6926e-01	
 8.1386e-01	
 6.7550e-01	
 1.0382e+00	
 6.2610e-01	
 4.4092e-01	
 6.2387e-01	
 6.3736e-01	
 7.3090e-01	
 8.8752e-01	
 6.9737e-01	
 8.6439e-01	
 8.6347e-01	
 6.2587e-01	
 1.0225e+00	
 8.1070e-01	
 6.3499e-01	
 7.1921e-01	
 7.5415e-01	
 5.1731e-01	
 8.6977e-01	
 5.3055e-01	
 6.0124e-01	
 6.4171e-01	
 6.8853e-01	
 4.7179e-01	
 6.2480e-01	
 5.8669e-01	
 4.4900e-01	
 7.0082e-01	
 7.1540e-01	
 7.3479e-01	
 8.5864e-01	
 4.9547e-01	
 4.4522e-01	
 7.9413e-01	
 8.0861e-01	
 4.8791e-01	
 4.9360e-01	
 7.0322e-01	
 5.6137e-01	
 9.4008e-01	
 5.8086e-01	
 7.5597e-01	
 8.1682e-01	
 7.1505e-01	
 5.6303e-01	
 6.4385e-01	
 5.3773e-01	
 7.5090e-01	
 5.3171e-01	
 5.8184e-01	
 5.1559e-01	
 7.6140e-01	
 8.3840e-01	
 9.1929e-01	
 9.3258e-01	
 7.7369e-01	
 5.2606e-01	
 7.2456e-01	
 8.9094e-01	
 5.8854e-01	
 6.2882e-01	
 1.0071e+00	
 9.3288e-01	
 9.8611e-01	
 8.5603e-01	
 8.6180e-01	
 7.1679e-01	
 7.2541e-01	
 6.0426e-01	
 7.7134e-01	
 5.1763e-01	
 6.2964e-01	
 7.0210e-01	
 8.6879e-01	
 5.6809e-01	
 8.1937e-01	
 6.1760e-01	
 7.3847e-01	
 6.0179e-01	
 7.4362e-01	
 7.7932e-01	
 7.6882e-01	
 1.1298e+00	
 5.5185e-01	
 5.6956e-01	
 5.3580e-01	
 5.4393e-01	
 8.6116e-01	
 5.2900e-01	
 4.3556e-01	
 7.5331e-01	
 6.1487e-01	
 4.3957e-01	
 7.3807e-01	
 1.0826e+00	
 9.6236e-01	
 7.5516e-01	
 7.3775e-01	
 6.3100e-01	
 6.8698e-01	
 7.3648e-01	
 8.1250e-01	
 6.7649e-01	
 8.9765e-01	
 8.4619e-01	
 7.8080e-01	
 7.6388e-01	
 6.1784e-01	
 7.0427e-01	
 6.2744e-01	
 6.6444e-01	
 9.0021e-01	
 3.7962e-01	
 7.8819e-01	
 1.0208e+00	
 6.6526e-01	
 9.6367e-01	
 4.5922e-01	
 7.7108e-01	
 8.7086e-01	
 5.7974e-01	
 7.6554e-01	
 4.3624e-01	
 8.7726e-01	
 5.8692e-01	
 7.2095e-01	
 7.7878e-01	
 7.3551e-01	
 6.0605e-01	
 5.7616e-01	
 8.2786e-01	
 5.0816e-01	
 4.1033e-01	
 5.9861e-01	
 5.2959e-01	
 7.5489e-01	
 6.9810e-01	
 8.6544e-01	
 7.5144e-01	
 6.6193e-01	
 6.1517e-01	
 5.7024e-01	
 7.9399e-01	
 5.8753e-01	
 5.5408e-01	
 4.1398e-01	
 6.4665e-01	
 9.6138e-01	
 8.3281e-01	
 7.4767e-01	
 9.0644e-01	
 5.7842e-01	
 3.9308e-01	
 9.3491e-01	
 9.7083e-01	
 6.0106e-01	
 6.0142e-01	
 7.1055e-01	
 6.5877e-01	
 5.8672e-01	
 6.7674e-01	
 4.3309e-01	
 1.0410e+00	
 6.8256e-01	
 6.3593e-01	
 4.9623e-01	
 5.7431e-01	
 6.0552e-01	
 6.3345e-01	
 6.8080e-01	
 7.9160e-01	
 7.2775e-01	
 7.1249e-01	
 9.2906e-01	
 6.8804e-01	
 8.3910e-01	
 5.4547e-01	
 6.3209e-01	
 6.4619e-01	
 7.4065e-01	
 5.9058e-01	
 6.4349e-01	
 5.4939e-01	
 5.1888e-01	
 8.6049e-01	
 4.0957e-01	
 6.0157e-01	
 8.2213e-01	
 9.2594e-01	
 8.3497e-01	
 8.9224e-01	
 1.0314e+00	
 9.0529e-01	
 8.0286e-01	
 6.2090e-01	
 7.7690e-01	
 8.1158e-01	
 9.0775e-01	
 9.9991e-01	
 7.0086e-01	
 8.2781e-01	
 7.6547e-01	
 7.7364e-01	
 5.9014e-01	
 6.0012e-01	
 7.5558e-01	
 6.5503e-01	
 7.7697e-01	
 7.6936e-01	
 6.4618e-01	
 6.5314e-01	
 6.4405e-01	
 7.3189e-01	
 7.1915e-01	
 5.5238e-01	
 9.5272e-01	
 7.4770e-01	
 6.4492e-01	
 5.4113e-01	
 6.7530e-01	
 8.0713e-01	
 5.0559e-01	
 6.0542e-01	
 7.1390e-01	
 8.1666e-01	
 5.8427e-01	
 7.9802e-01	
 5.4169e-01	
 4.7687e-01	
 7.7697e-01	
 7.8184e-01	
 6.6633e-01	
 7.4416e-01	
 1.0208e+00	
 5.3405e-01	
 7.5675e-01	
 6.4458e-01	
 7.4934e-01	
 6.7170e-01	
 7.2214e-01	
 7.8347e-01	
 8.4169e-01	
 8.4708e-01	
 5.9857e-01	
 7.6225e-01	
 6.4991e-01	
 8.1594e-01	
 6.8128e-01	
 1.1531e+00	
 7.5350e-01	
 5.0734e-01	
 6.3002e-01	
 5.8400e-01	
 1.1417e+00	
 5.7488e-01	
 5.7031e-01	
 6.2943e-01	
 6.3859e-01	
 8.4180e-01	
 8.2251e-01	
 6.2522e-01	
 8.4025e-01	
 5.4485e-01	
 6.6722e-01	
 5.1053e-01	
 6.9629e-01	
 5.4607e-01	
 8.0034e-01	
 8.7912e-01	
 3.6959e-01	
 8.4638e-01	
 6.6320e-01	
 1.0842e+00	
 5.3226e-01	
 7.6892e-01	
 8.2818e-01	
 6.1856e-01	
 8.8512e-01	
 5.3749e-01	
 9.3107e-01	
 7.3905e-01	
 7.8693e-01	
 7.8982e-01	
 8.0994e-01	
 9.1379e-01	
 4.8718e-01	
 9.9739e-01	
 6.1633e-01	
 6.7267e-01	
 7.2985e-01	
 7.9064e-01	
 8.0552e-01	
 5.6724e-01	
 9.0589e-01	
 6.8239e-01	
 7.3236e-01	
 5.7343e-01	
 8.2009e-01	
 7.4992e-01	
 6.3399e-01	
 6.4882e-01	
 9.9860e-01	
 8.9735e-01	
 4.3384e-01	
 8.3288e-01	
 7.5419e-01	
 7.8592e-01	
 5.8026e-01	
 6.3166e-01	
 6.0205e-01	
 5.9157e-01	
 6.2965e-01	
 1.2537e+00	
 8.7613e-01	
 6.9898e-01	
 4.9490e-01	
 6.0637e-01	
 8.2096e-01	
 1.2445e+00	
 8.9545e-01	
 9.8497e-01	
 6.9544e-01	
 6.9782e-01	
 8.3571e-01	
 7.8126e-01	
 6.4692e-01	
 4.9616e-01	
 7.6357e-01	
 6.9591e-01	
 4.5175e-01	
 5.6523e-01	
 9.7093e-01	
 5.5207e-01	
 7.9058e-01	
 8.0738e-01	
 9.2765e-01	
 5.8732e-01	
 1.1242e+00	
 7.7202e-01	
 9.4000e-01	
 7.3726e-01	
 6.9194e-01	
 7.4745e-01	
 6.2377e-01	
 5.9583e-01	
 9.4660e-01	
 5.5387e-01	
 7.0313e-01	
 9.2997e-01	
 6.4472e-01	
 8.3761e-01	
 3.3108e-01	
 7.1725e-01	
 6.6386e-01	
 5.7576e-01	
 7.3738e-01	
 7.7385e-01	
 8.2162e-01	
 8.6742e-01	
 9.4601e-01	
 6.6086e-01	
 6.3323e-01	
 8.2349e-01	
 7.4408e-01	
 8.6047e-01	
 1.1752e+00	
 6.1445e-01	
 6.1316e-01	
 4.7557e-01	
 6.6931e-01	
 8.7812e-01	
 5.6814e-01	
 7.5263e-01	
 8.9276e-01	
 1.0533e+00	
 5.0457e-01	
 1.0211e+00	
 7.5022e-01	
 6.0041e-01	
 8.1679e-01	
 6.9672e-01	
 9.5243e-01	
 7.7733e-01	
 1.0266e+00	
 7.1083e-01	
 5.9144e-01	
 7.3693e-01	
 6.7063e-01	
 1.2344e+00	
 7.9556e-01	
 7.2358e-01	
 6.5481e-01	
 6.8906e-01	
 7.1346e-01	
 1.0432e+00	
 5.6159e-01	
 8.4335e-01	
 7.4472e-01	
 5.6403e-01	
 7.6201e-01	
 7.1412e-01	
 7.4477e-01	
 4.6400e-01	
 5.8552e-01	
 7.7609e-01	
 4.8324e-01	
 8.2776e-01	
 7.8255e-01	
 1.0828e+00	
 6.7930e-01	
 6.7737e-01	
 7.3913e-01	
 8.5758e-01	
 6.1636e-01	
 1.0240e+00	
 7.8296e-01	
 7.7251e-01	
 6.6726e-01	
 1.0853e+00	
 7.7552e-01	
 6.9066e-01	
 7.0445e-01	
 7.2228e-01	
 5.4438e-01	
 6.1034e-01	
 7.9695e-01	
 7.9907e-01	
 6.4652e-01	
 9.9458e-01	
 6.7427e-01	
 5.0435e-01	
 8.1026e-01	
 7.5189e-01	
 1.0656e+00	
 7.8146e-01	
 5.3751e-01	
 5.6337e-01	
 1.0511e+00	
 6.4545e-01	
 9.8855e-01	
 7.7955e-01	
 7.8613e-01	
 7.5624e-01	
 5.2635e-01	
 6.2541e-01	
 1.0199e+00	
 8.0403e-01	
 7.6835e-01	
 8.5905e-01	
 5.5370e-01	
 7.7633e-01	
 5.9775e-01	
 7.1133e-01	
 1.0473e+00	
 4.9116e-01	
 1.0107e+00	
 8.0154e-01	
 6.6034e-01	
 7.8031e-01	
 7.9021e-01	
 1.0272e+00	
 7.2729e-01	
 8.0851e-01	
 5.5587e-01	
 9.8885e-01	
 5.5073e-01	
 7.3572e-01	
 6.1719e-01	
 6.9360e-01	
 5.9801e-01	
 1.1526e+00	
 3.9790e-01	
 6.1707e-01	
 5.6512e-01	
 9.6748e-01	
 9.5616e-01	
 9.7135e-01	
 7.9923e-01	
 9.9628e-01	
 8.6695e-01	
 7.0109e-01	
 1.0564e+00	
 8.7934e-01	
 7.0461e-01	
 1.2643e+00	
 8.8081e-01	
 1.0561e+00	
 6.8620e-01	
 4.7748e-01	
 9.1621e-01	
 7.6528e-01	
 6.3754e-01	
 6.2402e-01	
 7.7722e-01	
 9.8719e-01	
 6.9554e-01	
 6.2200e-01	
 7.7521e-01	
 6.5708e-01	
 6.9000e-01	
 9.9201e-01	
 6.2466e-01	
 6.9188e-01	
 6.3106e-01	
 6.1250e-01	
 7.1360e-01	
 9.6377e-01	
 9.2799e-01	
 8.8174e-01	
 7.3799e-01	
 9.3669e-01	
 7.9014e-01	
 6.0184e-01	
 8.1427e-01	
 4.7912e-01	
 8.4425e-01	
 6.2805e-01	
 5.4765e-01	
 7.2857e-01	
 5.0410e-01	
 8.4939e-01	
 6.1995e-01	
 8.5798e-01	
 5.6643e-01	
 7.7877e-01	
 7.2815e-01	
 9.1996e-01	
 5.8421e-01	
 7.6007e-01	
 7.1996e-01	
 4.8779e-01	
 8.2596e-01	
 7.5878e-01	
 7.5120e-01	
 4.6068e-01	
 7.1745e-01	
 5.0612e-01	
 7.1008e-01	
 7.5965e-01	
 9.7916e-01	
 4.7619e-01	
 8.0948e-01	
 8.2340e-01	
 9.6935e-01	
 8.4307e-01	
 9.6904e-01	
 7.1053e-01	
 7.5456e-01	
 4.9248e-01	
 7.2202e-01	
 6.9905e-01	
 5.3615e-01	
 6.0988e-01	
 1.0030e+00	
 8.1159e-01	
 7.7862e-01	
 6.9052e-01	
 8.9353e-01	
 6.2354e-01	
 7.2974e-01	
 8.4616e-01	
 6.5828e-01	
 6.6724e-01	
 1.0968e+00	
 6.7411e-01	
 6.2375e-01	
 1.1686e+00	
 7.0718e-01	
 6.8165e-01	
 8.3499e-01	
 9.0752e-01	
 9.7156e-01	
 6.4334e-01	
 8.1399e-01	
 8.0894e-01	
 7.9118e-01	
 8.7341e-01	
 7.5692e-01	
 5.3368e-01	
 9.7992e-01	
 6.0982e-01	
 8.3091e-01	
 9.1621e-01	
 7.0194e-01	
 7.1427e-01	
 8.0090e-01	
 5.8183e-01	
 7.3874e-01	
 5.9351e-01	
 7.2263e-01	
 8.8900e-01	
 1.0480e+00	
 8.7524e-01	
 8.0126e-01	
 5.6635e-01	
 9.5452e-01	
 4.8080e-01	
 9.0404e-01	
 9.6197e-01	
 7.3723e-01	
 5.8203e-01	
 9.2977e-01	
 6.8896e-01	
 9.2881e-01	
 6.2755e-01	
 7.6495e-01	
 8.4146e-01	
 7.9150e-01	
 6.9605e-01	
 6.5594e-01	
 8.3049e-01	
 1.0192e+00	
 6.3077e-01	
 7.5257e-01	
 8.4352e-01	
 1.0354e+00	
 9.6297e-01	
 8.3211e-01	
 6.2049e-01	
 7.5474e-01	
 1.1694e+00	
 6.1996e-01	
 9.2867e-01	
 7.8104e-01	
 8.2553e-01	
 5.8099e-01	
 5.1472e-01	
 6.2420e-01	
 7.2896e-01	
 7.4443e-01	
 8.1048e-01	
 7.9346e-01	
 8.0199e-01	
 8.5115e-01	
 9.2211e-01	
 7.7774e-01	
 8.8337e-01	
 8.4039e-01	
 5.8655e-01	
 7.8515e-01	
 1.2502e+00	
 5.9015e-01	
 4.6929e-01	
 8.0684e-01	
 8.3512e-01	
 6.2080e-01	
 9.1397e-01	
 1.0917e+00	
 1.0272e+00	
 9.3395e-01	
 9.7512e-01	
 8.7895e-01	
 1.0403e+00	
 9.0645e-01	
 7.9434e-01	
 7.8165e-01	
 5.9940e-01	
 9.3446e-01	
 7.7308e-01	
 8.3889e-01	
 1.1214e+00	
 1.0588e+00	
 8.7434e-01	
 9.0910e-01	
 8.4852e-01	
 8.2917e-01	
 4.6115e-01	
 5.7468e-01	
 9.3127e-01	
 8.3766e-01	
 8.0067e-01	
 9.0591e-01	
 6.5274e-01	
 7.7461e-01	
 1.3277e+00	
 9.9814e-01	
 1.1706e+00	
 1.1762e+00	
 7.1825e-01	
 9.5864e-01	
 9.1678e-01	
 6.1581e-01	
 8.9789e-01	
 8.9984e-01	
 8.2049e-01	
 8.7473e-01	
 5.8413e-01	
 8.7385e-01	
 1.1020e+00	
 9.1945e-01	
 7.7664e-01	
 5.4880e-01	
 8.2759e-01	
 9.8794e-01	
 1.2947e+00	
 7.5870e-01	
 7.6257e-01	
 5.6442e-01	
 8.9943e-01	
 8.5607e-01	
 6.2502e-01	
 1.0344e+00	
 7.8990e-01	
 9.4994e-01	
 1.0503e+00	
 5.9127e-01	
 7.5667e-01	
 9.7341e-01	
 5.4885e-01	
 1.0870e+00	
 1.2276e+00	
 6.8859e-01	
 1.2543e+00	
 8.3826e-01	
 8.0144e-01	
 8.9891e-01	
 1.0215e+00	
 7.2978e-01	
 7.2686e-01	
 5.1753e-01	
 7.8219e-01	
 7.8119e-01	
 9.1441e-01	
 1.1552e+00	
 7.7480e-01	
 9.0154e-01	
 8.2914e-01	
 1.0055e+00	
 8.5663e-01	
 9.2273e-01	
 8.3931e-01	
 7.9962e-01	
 9.1859e-01	
 1.1085e+00	
 6.2977e-01	
 1.1142e+00	
 1.2197e+00	
 1.1055e+00	
 9.8203e-01	
 6.6963e-01	
 9.7681e-01	
 8.9931e-01	
 5.7377e-01	
 1.0762e+00	
 8.3504e-01	
 7.0685e-01	
 7.3233e-01	
 9.5703e-01	
 8.2877e-01	
 7.4095e-01	
 6.7548e-01	
 7.0300e-01	
 8.1612e-01	
 9.1915e-01	
 8.4170e-01	
 8.3719e-01	
 6.1728e-01	
 1.0287e+00	
 1.0191e+00	
 9.1604e-01	
 8.8182e-01	
 9.4817e-01	
 6.3652e-01	
 5.4774e-01	
 8.7878e-01	
 6.5541e-01	
 1.3413e+00	
 7.6946e-01	
 7.9909e-01	
 9.2153e-01	
 7.5951e-01	
 5.0083e-01	
 8.4370e-01	
 8.0757e-01	
 8.2877e-01	
 8.0514e-01	
 1.0545e+00	
 7.8724e-01	
 7.6470e-01	
 8.5739e-01	
 9.8245e-01	
 8.5577e-01	
 8.3888e-01	
 8.7926e-01	
 7.6276e-01	
 8.0504e-01	
 7.5587e-01	
 9.2553e-01	
 7.9310e-01	
 7.1777e-01	
 8.9224e-01	
 9.6559e-01	
 7.4820e-01	
 1.0601e+00	
 7.8163e-01	
 1.1724e+00	
 7.0581e-01	
 1.0499e+00	
 7.6497e-01	
 9.5194e-01	
 8.1045e-01	
 9.4996e-01	
 1.1193e+00	
 8.0378e-01	
 7.4329e-01	
 6.6618e-01	
 1.0725e+00	
 1.2407e+00	
 1.0569e+00	
 1.0507e+00	
 8.1347e-01	
 7.4158e-01	
 6.5822e-01	
 7.0559e-01	
 5.3621e-01	
 7.2029e-01	
 9.6041e-01	
 8.2386e-01	
 8.3514e-01	
 7.0983e-01	
 6.6522e-01	
 7.9143e-01	
 1.0496e+00	
 1.2788e+00	
 6.7309e-01	
 7.8102e-01	
 9.6207e-01	
 9.0370e-01	
 5.2771e-01	
 6.3494e-01	
 1.2072e+00	
 8.5519e-01	
 9.2827e-01	
 9.0634e-01	
 5.6929e-01	
 7.9231e-01	
 8.9106e-01	
 8.5001e-01	
 8.3846e-01	
 1.0559e+00	
 6.9129e-01	
 7.2108e-01	
 6.6526e-01	
 6.4024e-01	
 6.9606e-01	
 1.0556e+00	
 9.4266e-01	
 8.4003e-01	
 8.9022e-01	
 7.2050e-01	
 9.8222e-01	
 6.8123e-01	
 7.8690e-01	
 7.6651e-01	
 9.2017e-01	
 1.0537e+00	
 1.1857e+00	
 8.3738e-01	
 9.3551e-01	
 8.4332e-01	
 7.0625e-01	
 7.4789e-01	
 8.3374e-01	
 7.6589e-01	
 6.5496e-01	
 6.8378e-01	
 8.7495e-01	
 8.6687e-01	
 9.5983e-01	
 8.7485e-01	
 8.0401e-01	
 1.0375e+00	
 1.2296e+00	
 7.9772e-01	
 6.4612e-01	
 1.0208e+00	
 1.0831e+00	
 9.0814e-01	
 6.4166e-01	
 1.4980e+00	
 1.2262e+00	
 1.0272e+00	
 9.1163e-01	
 8.0052e-01	
 1.0489e+00	
 9.4756e-01	
 9.4723e-01	
 1.1554e+00	
 9.9607e-01	
 9.3683e-01	
 9.6337e-01	
 9.5749e-01	
 5.7786e-01	
 8.5738e-01	
 6.8553e-01	
 8.2035e-01	
 1.0630e+00	
 8.6638e-01	
 8.5173e-01	
 1.0841e+00	
 5.6212e-01	
 8.6917e-01	
 6.5038e-01	
 8.0514e-01	
 6.8745e-01	
 6.5723e-01	
 8.4467e-01	
 9.5988e-01	
 9.5943e-01	
 9.3494e-01	
 8.9501e-01	
 6.9817e-01	
 1.0339e+00	
 8.2790e-01	
 1.2791e+00	
 9.1500e-01	
 7.2799e-01	
 1.0226e+00	
 9.8555e-01	
 1.2240e+00	
 9.1898e-01	
 9.5195e-01	
 4.7274e-01	
 7.6986e-01	
 1.0363e+00	
 6.1563e-01	
 7.1798e-01	
 6.0048e-01	
 6.5185e-01	
 8.7610e-01	
 9.7164e-01	
 9.8322e-01	
 7.8012e-01	
 7.8749e-01	
 9.0811e-01	
 1.0986e+00	
 6.8443e-01	
 8.4618e-01	
 7.0378e-01	
 7.3526e-01	
 7.2295e-01	
 8.6656e-01	
 7.9413e-01	
 1.2955e+00	
 7.9033e-01	
 5.4622e-01	
 7.7135e-01	
 7.1570e-01	
 1.0657e+00	
 5.9738e-01	
 9.5576e-01	
 1.2257e+00	
 9.6952e-01	
 1.1549e+00	
 5.8789e-01	
 1.0228e+00	
 9.8925e-01	
 7.1863e-01	
 1.0376e+00	
 8.5112e-01	
 8.3368e-01	
 8.3570e-01	
 7.4952e-01	
 5.6242e-01	
 9.4605e-01	
 9.9666e-01	
 9.6294e-01	
 1.0001e+00	
 9.4238e-01	
 9.5138e-01	
 5.3287e-01	
 9.9466e-01	
 1.1945e+00	
 7.8160e-01	
 8.6029e-01	
 6.0944e-01	
 9.5860e-01	
 8.0012e-01	
 8.9010e-01	
 5.8009e-01	
 1.1018e+00	
 9.5569e-01	
 8.8726e-01	
 7.7209e-01	
 8.8429e-01	
 1.0349e+00	
 9.9519e-01	
 8.4567e-01	
 7.1863e-01	
 9.8773e-01	
 9.3270e-01	
 9.8935e-01	
 9.6180e-01	
 8.0749e-01	
 7.8359e-01	
 1.0724e+00	
 1.2015e+00	
 9.3922e-01	
 7.1653e-01	
 6.9393e-01	
 1.1168e+00	
 9.0148e-01	
 6.4709e-01	
 7.0290e-01	
 1.0152e+00	
 1.0011e+00	
 9.1168e-01	
 7.9249e-01	
 6.6228e-01	
 7.3683e-01	
 8.7748e-01	
 9.7129e-01	
 1.2845e+00	
 5.8420e-01	
 1.2437e+00	
 8.1778e-01	
 9.7143e-01	
 1.0575e+00	
 9.4575e-01	
 8.3508e-01	
 6.9704e-01	
 1.0255e+00	
 8.0746e-01	
 9.8460e-01	
 9.0907e-01	
 9.1316e-01	
 6.5285e-01	
 9.3554e-01	
 7.9932e-01	
 8.3229e-01	
 5.7988e-01	
 1.2845e+00	
 7.5945e-01	
 9.8435e-01	
 1.0444e+00	
 8.1294e-01	
 8.1506e-01	
 1.1289e+00	
 1.2162e+00	
 8.3286e-01	
 8.2963e-01	
 1.4225e+00	
 8.4622e-01	
 6.6910e-01	
 1.0964e+00	
 9.6657e-01	
 7.1753e-01	
 8.9593e-01	
 9.7110e-01	
 9.9649e-01	
 1.1423e+00	
 8.7197e-01	
 6.2726e-01	
 9.8113e-01	
 7.9985e-01	
 9.1242e-01	
 9.6343e-01	
 1.2607e+00	
 9.8604e-01	
 9.5902e-01	
 7.7559e-01	
 1.0272e+00	
 6.2067e-01	
 7.3392e-01	
 1.3578e+00	
 7.9786e-01	
 6.6575e-01	
 6.4189e-01	
 6.8542e-01	
 1.0051e+00	
 1.0185e+00	
 9.3822e-01	
 1.0258e+00	
 6.9823e-01	
 7.5460e-01	
 1.3567e+00	
 1.0058e+00	
 8.5039e-01	
 6.7640e-01	
 8.3297e-01	
 8.9528e-01	
 1.0334e+00	
 8.7927e-01	
 7.7679e-01	
 5.0715e-01	
 1.2120e+00	
 8.6574e-01	
 1.2784e+00	
 9.2260e-01	
 1.0168e+00	
 1.0314e+00	
 1.1116e+00	
 8.2140e-01	
 7.1739e-01	
 8.0004e-01	
 9.8023e-01	
 8.2917e-01	
 9.5541e-01	
 9.2521e-01	
 7.9769e-01	
 5.9786e-01	
 6.8092e-01	
 1.4920e+00	
 1.2253e+00	
 9.4687e-01	
 9.3192e-01	
 1.1250e+00	
 9.3090e-01	
 1.1682e+00	
 1.0706e+00	
 1.0285e+00	
 1.4439e+00	
 9.4771e-01	
 8.5418e-01	
 6.4974e-01	
 1.0727e+00	
 9.0941e-01	
 5.4237e-01	
 1.1676e+00	
 7.9217e-01	
 7.7370e-01	
 6.0420e-01	
 9.6669e-01	
 8.8561e-01	
 6.9154e-01	
 1.3222e+00	
 1.0554e+00	
 9.8861e-01	
 5.4018e-01	
 1.3817e+00	
 9.9694e-01	
 1.0429e+00	
 1.4833e+00	
 7.3855e-01	
 6.6961e-01	
 8.1582e-01	
 1.0165e+00	
 9.1900e-01	
 6.2062e-01	
 5.7355e-01	
 7.6017e-01	
 1.2668e+00	
 5.8488e-01	
 1.1012e+00	
 1.0802e+00	
 9.9887e-01	
 4.5956e-01	
 3.7240e-01	
 3.8134e-01	
 4.1083e-01	
 5.2715e-01	
 2.9745e-01	
 2.1684e-01	
 2.1994e-01	
 2.4417e-01	
 5.1712e-01	
 4.1639e-01	
 1.1270e-01	
 2.0686e-01	
 3.9818e-01	
 1.3451e-01	
 1.8885e-01	
 2.0792e-01	
 2.3686e-01	
 3.1056e-01	
 2.6035e-01	
 3.4770e-01	
 3.2771e-01	
 2.1258e-01	
 2.2944e-01	
 3.9101e-01	
 2.3619e-01	
 1.9653e-01	
 1.7244e-01	
 4.8177e-01	
 3.3670e-01	
 2.8623e-01	
 2.9608e-01	
 3.8768e-01	
 5.5286e-01	
 3.9312e-01	
 3.1055e-01	
 2.9520e-01	
 2.5478e-01	
 2.5868e-01	
 1.4758e-01	
 5.4166e-01	
 1.6128e-01	
 1.4163e-01	
 3.4454e-01	
 2.9242e-01	
 3.2214e-01	
 2.1810e-01	
 3.3760e-01	
 3.2589e-01	
 2.4380e-01	
 1.0657e-01	
 3.5210e-01	
 4.1248e-01	
 2.2953e-01	
 3.5930e-01	
 2.1829e-01	
 2.8492e-01	
 4.4546e-01	
 2.4395e-01	
 4.7140e-01	
 1.3835e-01	
 1.7036e-01	
 2.0108e-01	
 5.5688e-01	
 3.2664e-01	
 8.7361e-02	
 2.0499e-01	
 3.3901e-01	
 2.2039e-01	
 2.1614e-01	
 2.9622e-01	
 2.8065e-01	
 1.5985e-01	
 2.8328e-01	
 3.6648e-01	
 2.9943e-01	
 3.1910e-01	
 3.2964e-01	
 2.8747e-01	
 1.4576e-01	
 2.2675e-01	
 2.4314e-01	
 4.3303e-01	
 2.3387e-01	
 2.5032e-01	
 1.5707e-01	
 3.1461e-01	
 1.1560e-01	
 3.2835e-01	
 2.8203e-01	
 1.5494e-01	
 2.9384e-01	
 2.0531e-01	
 6.3068e-01	
 2.3826e-01	
 3.6377e-01	
 2.6774e-01	
 3.1935e-01	
 3.3465e-01	
 1.9406e-01	
 3.5311e-01	
 2.5214e-01	
 4.5725e-01	
 2.9162e-01	
 1.8653e-01	
 1.4856e-01	
 3.3206e-01	
 3.2486e-01	
 2.8707e-01	
 2.7525e-01	
 5.0920e-01	
 2.9955e-01	
 3.2529e-01	
 8.7736e-01	
 6.4626e-01	
 3.1889e-01	
 2.1758e-01	
 1.4882e-01	
 3.8685e-01	
 4.0342e-01	
 1.8288e-01	
 2.5400e-01	
 1.3737e-01	
 2.2352e-01	
 2.8877e-01	
 3.3727e-01	
 3.1592e-01	
 1.2272e-01	
 4.0056e-01	
 1.8451e-01	
 2.4720e-01	
 2.1855e-01	
 5.2678e-01	
 1.5725e-01	
 2.1499e-01	
 1.9041e-01	
 2.0128e-01	
 2.0729e-01	
 4.9629e-01	
 3.3154e-01	
 5.9967e-01	
 2.9854e-01	
 2.5139e-01	
 4.7109e-01	
 2.7496e-01	
