loss	
 4.6309e+00	
 4.6853e+00	
 4.5946e+00	
 4.6598e+00	
 4.6529e+00	
 4.5859e+00	
 4.6770e+00	
 4.6987e+00	
 4.6349e+00	
 4.6299e+00	
 4.6507e+00	
 4.6422e+00	
 4.6516e+00	
 4.6485e+00	
 4.6401e+00	
 4.6116e+00	
 4.6332e+00	
 4.6558e+00	
 4.6184e+00	
 4.5869e+00	
 4.5940e+00	
 4.5906e+00	
 4.5605e+00	
 4.6115e+00	
 4.6302e+00	
 4.5447e+00	
 4.6640e+00	
 4.5410e+00	
 4.6704e+00	
 4.5871e+00	
 4.5972e+00	
 4.5834e+00	
 4.6132e+00	
 4.6578e+00	
 4.5572e+00	
 4.6451e+00	
 4.6217e+00	
 4.5676e+00	
 4.5551e+00	
 4.6406e+00	
 4.5955e+00	
 4.5897e+00	
 4.6005e+00	
 4.5366e+00	
 4.6086e+00	
 4.5825e+00	
 4.6100e+00	
 4.5591e+00	
 4.6304e+00	
 4.5395e+00	
 4.5986e+00	
 4.4947e+00	
 4.5546e+00	
 4.6263e+00	
 4.5200e+00	
 4.5489e+00	
 4.5632e+00	
 4.5730e+00	
 4.5578e+00	
 4.5613e+00	
 4.5872e+00	
 4.5423e+00	
 4.4596e+00	
 4.4885e+00	
 4.6380e+00	
 4.4860e+00	
 4.5278e+00	
 4.3991e+00	
 4.5337e+00	
 4.5686e+00	
 4.4577e+00	
 4.4369e+00	
 4.4291e+00	
 4.5426e+00	
 4.4186e+00	
 4.5159e+00	
 4.3755e+00	
 4.4373e+00	
 4.4825e+00	
 4.4245e+00	
 4.3468e+00	
 4.5169e+00	
 4.4860e+00	
 4.4883e+00	
 4.3777e+00	
 4.5004e+00	
 4.2612e+00	
 4.3607e+00	
 4.4392e+00	
 4.1909e+00	
 4.3916e+00	
 4.3988e+00	
 4.3903e+00	
 4.2459e+00	
 4.4058e+00	
 4.4518e+00	
 4.2469e+00	
 4.3741e+00	
 4.2721e+00	
 4.2643e+00	
 4.1277e+00	
 4.3296e+00	
 4.1676e+00	
 4.4783e+00	
 4.4799e+00	
 4.4459e+00	
 4.2533e+00	
 4.2311e+00	
 4.5016e+00	
 4.2809e+00	
 4.1754e+00	
 4.2464e+00	
 4.1699e+00	
 4.0456e+00	
 4.2619e+00	
 4.2858e+00	
 4.0142e+00	
 4.1486e+00	
 4.0567e+00	
 4.1737e+00	
 4.2869e+00	
 4.1781e+00	
 4.0327e+00	
 4.1962e+00	
 4.1625e+00	
 4.2645e+00	
 4.3667e+00	
 4.1625e+00	
 4.1541e+00	
 4.1642e+00	
 4.2408e+00	
 4.2139e+00	
 4.1079e+00	
 4.0700e+00	
 4.2358e+00	
 4.2767e+00	
 4.3212e+00	
 4.0995e+00	
 4.1284e+00	
 4.1630e+00	
 4.2822e+00	
 4.2924e+00	
 4.2243e+00	
 4.3688e+00	
 4.0937e+00	
 4.2052e+00	
 4.3233e+00	
 4.2855e+00	
 4.2741e+00	
 4.1069e+00	
 4.3694e+00	
 3.9824e+00	
 4.0503e+00	
 4.2728e+00	
 3.9974e+00	
 4.1468e+00	
 4.1785e+00	
 4.2326e+00	
 4.2648e+00	
 4.1947e+00	
 3.9705e+00	
 4.2889e+00	
 4.0545e+00	
 4.3476e+00	
 3.8972e+00	
 3.9726e+00	
 4.3039e+00	
 4.1873e+00	
 3.9397e+00	
 4.0384e+00	
 4.1743e+00	
 4.2614e+00	
 4.2244e+00	
 4.1727e+00	
 4.1788e+00	
 4.1434e+00	
 4.0638e+00	
 4.2656e+00	
 3.9852e+00	
 3.8708e+00	
 4.1818e+00	
 4.3313e+00	
 4.1199e+00	
 3.9601e+00	
 3.8854e+00	
 3.9841e+00	
 4.0502e+00	
 3.8578e+00	
 4.0093e+00	
 4.1807e+00	
 4.2412e+00	
 3.9025e+00	
 3.9299e+00	
 4.2787e+00	
 4.1030e+00	
 4.2133e+00	
 4.0994e+00	
 3.9196e+00	
 4.0800e+00	
 4.2547e+00	
 4.1412e+00	
 4.1515e+00	
 4.0913e+00	
 4.0615e+00	
 3.9078e+00	
 3.9619e+00	
 4.0198e+00	
 3.9833e+00	
 3.9788e+00	
 4.1460e+00	
 3.8759e+00	
 3.9201e+00	
 4.1823e+00	
 4.0434e+00	
 4.1720e+00	
 4.0719e+00	
 3.9481e+00	
 3.9635e+00	
 3.8709e+00	
 3.9550e+00	
 3.9712e+00	
 4.1051e+00	
 3.9000e+00	
 4.1525e+00	
 3.9731e+00	
 3.9397e+00	
 4.1710e+00	
 3.7374e+00	
 3.8862e+00	
 3.9639e+00	
 3.9528e+00	
 3.9447e+00	
 3.9740e+00	
 4.0381e+00	
 3.8122e+00	
 3.9907e+00	
 4.0740e+00	
 3.8754e+00	
 3.7383e+00	
 4.0098e+00	
 3.8038e+00	
 4.0058e+00	
 4.0160e+00	
 3.9359e+00	
 4.0620e+00	
 4.0383e+00	
 3.9664e+00	
 3.6900e+00	
 3.7719e+00	
 3.6062e+00	
 3.9034e+00	
 4.0676e+00	
 4.2031e+00	
 3.9204e+00	
 3.8952e+00	
 4.0421e+00	
 4.0324e+00	
 4.0322e+00	
 3.9264e+00	
 4.0279e+00	
 4.0244e+00	
 3.8442e+00	
 3.8313e+00	
 4.1609e+00	
 4.0111e+00	
 3.8207e+00	
 3.8229e+00	
 3.6667e+00	
 3.9832e+00	
 4.2114e+00	
 3.8667e+00	
 4.1185e+00	
 4.2442e+00	
 4.0855e+00	
 4.0174e+00	
 3.9161e+00	
 3.9852e+00	
 3.8754e+00	
 3.7585e+00	
 3.9270e+00	
 4.1135e+00	
 3.8831e+00	
 4.0986e+00	
 4.0659e+00	
 4.1516e+00	
 3.9065e+00	
 3.7746e+00	
 3.9868e+00	
 3.7255e+00	
 4.0329e+00	
 3.8880e+00	
 4.1166e+00	
 4.0056e+00	
 3.9859e+00	
 3.8576e+00	
 3.9917e+00	
 3.8752e+00	
 3.8268e+00	
 3.7517e+00	
 4.1481e+00	
 3.8610e+00	
 3.9155e+00	
 4.0127e+00	
 3.8915e+00	
 3.8459e+00	
 3.5302e+00	
 3.8621e+00	
 3.9902e+00	
 3.7208e+00	
 4.2909e+00	
 3.7456e+00	
 3.8250e+00	
 3.9611e+00	
 3.7047e+00	
 3.8197e+00	
 3.7759e+00	
 3.8837e+00	
 3.7242e+00	
 3.7128e+00	
 3.7572e+00	
 3.9744e+00	
 4.1489e+00	
 3.8187e+00	
 3.5468e+00	
 3.6910e+00	
 3.7266e+00	
 3.8199e+00	
 3.8084e+00	
 3.9018e+00	
 3.5858e+00	
 3.9020e+00	
 4.0643e+00	
 3.6549e+00	
 3.7552e+00	
 3.7151e+00	
 3.8189e+00	
 3.8532e+00	
 4.1214e+00	
 3.9889e+00	
 3.8205e+00	
 3.6599e+00	
 3.8794e+00	
 4.0116e+00	
 3.9458e+00	
 3.7841e+00	
 3.9497e+00	
 4.1180e+00	
 4.0005e+00	
 3.8887e+00	
 3.8970e+00	
 4.0320e+00	
 3.7165e+00	
 4.0011e+00	
 3.9602e+00	
 3.6746e+00	
 3.9329e+00	
 3.5685e+00	
 3.9391e+00	
 3.8407e+00	
 3.4111e+00	
 3.8519e+00	
 3.7290e+00	
 4.0471e+00	
 3.8241e+00	
 3.8659e+00	
 3.6439e+00	
 3.7871e+00	
 3.9078e+00	
 3.8580e+00	
 3.5128e+00	
 3.7366e+00	
 3.8360e+00	
 3.5879e+00	
 3.9710e+00	
 3.6826e+00	
 3.9423e+00	
 3.8147e+00	
 4.0085e+00	
 3.8646e+00	
 3.6192e+00	
 3.8505e+00	
 3.7004e+00	
 3.6830e+00	
 4.0492e+00	
 3.6896e+00	
 3.8296e+00	
 3.7542e+00	
 3.5824e+00	
 4.0170e+00	
 3.7543e+00	
 3.6268e+00	
 3.6927e+00	
 3.3265e+00	
 3.6207e+00	
 3.5764e+00	
 3.7150e+00	
 3.9748e+00	
 3.5825e+00	
 3.5474e+00	
 3.9969e+00	
 3.6205e+00	
 3.8488e+00	
 3.9179e+00	
 3.7370e+00	
 3.4813e+00	
 3.8187e+00	
 3.8225e+00	
 3.5838e+00	
 3.5124e+00	
 3.6164e+00	
 3.6371e+00	
 4.0238e+00	
 3.7641e+00	
 3.4587e+00	
 3.7279e+00	
 3.5096e+00	
 3.6307e+00	
 3.9843e+00	
 3.7822e+00	
 3.3151e+00	
 3.7388e+00	
 3.5151e+00	
 3.6267e+00	
 3.4556e+00	
 3.6378e+00	
 3.7090e+00	
 3.9199e+00	
 3.7224e+00	
 3.7005e+00	
 3.7573e+00	
 3.6132e+00	
 3.8163e+00	
 3.9319e+00	
 3.4827e+00	
 3.5892e+00	
 3.5293e+00	
 3.8133e+00	
 3.5366e+00	
 3.4298e+00	
 3.5801e+00	
 3.8699e+00	
 3.8980e+00	
 3.8232e+00	
 3.8836e+00	
 3.6413e+00	
 3.5146e+00	
 3.8286e+00	
 3.5663e+00	
 3.9062e+00	
 3.9260e+00	
 3.6471e+00	
 3.7122e+00	
 3.8766e+00	
 3.7358e+00	
 3.6696e+00	
 4.0427e+00	
 3.3886e+00	
 3.7016e+00	
 3.7675e+00	
 3.5744e+00	
 3.6099e+00	
 3.8773e+00	
 3.7445e+00	
 3.6782e+00	
 3.6422e+00	
 3.6027e+00	
 3.6948e+00	
 3.6283e+00	
 3.7905e+00	
 3.3687e+00	
 3.4259e+00	
 3.4356e+00	
 3.5000e+00	
 3.5921e+00	
 3.7011e+00	
 3.2866e+00	
 3.4304e+00	
 3.6512e+00	
 3.8082e+00	
 3.4652e+00	
 3.8090e+00	
 3.3975e+00	
 3.5223e+00	
 3.5972e+00	
 3.2877e+00	
 3.6904e+00	
 3.5046e+00	
 3.8701e+00	
 3.7184e+00	
 3.5372e+00	
 3.5968e+00	
 3.4956e+00	
 3.9841e+00	
 3.5545e+00	
 3.2245e+00	
 3.8160e+00	
 3.6023e+00	
 3.4642e+00	
 3.6328e+00	
 3.3470e+00	
 3.9557e+00	
 3.7815e+00	
 3.5590e+00	
 4.0985e+00	
 3.3747e+00	
 3.4270e+00	
 3.4839e+00	
 3.2865e+00	
 3.8557e+00	
 3.6429e+00	
 3.6460e+00	
 3.7819e+00	
 3.5812e+00	
 3.7193e+00	
 3.5720e+00	
 3.8920e+00	
 3.7974e+00	
 3.6751e+00	
 3.5004e+00	
 3.7078e+00	
 3.5967e+00	
 3.3328e+00	
 3.5337e+00	
 3.2567e+00	
 3.6017e+00	
 3.4812e+00	
 3.6943e+00	
 3.6730e+00	
 3.0762e+00	
 3.8534e+00	
 4.1287e+00	
 3.6540e+00	
 3.8519e+00	
 3.8337e+00	
 3.7355e+00	
 3.2793e+00	
 3.3664e+00	
 3.1452e+00	
 3.7536e+00	
 4.0608e+00	
 3.6145e+00	
 3.7907e+00	
 3.7223e+00	
 3.4304e+00	
 3.7772e+00	
 3.2190e+00	
 3.4412e+00	
 3.6400e+00	
 3.4438e+00	
 3.3421e+00	
 3.9104e+00	
 3.5152e+00	
 3.7668e+00	
 3.6305e+00	
 3.7773e+00	
 3.6756e+00	
 3.3617e+00	
 3.3999e+00	
 3.3706e+00	
 3.4087e+00	
 3.5248e+00	
 3.6329e+00	
 3.4673e+00	
 3.5682e+00	
 3.7746e+00	
 3.3279e+00	
 3.2705e+00	
 3.5484e+00	
 3.4592e+00	
 3.3140e+00	
 3.8995e+00	
 3.6694e+00	
 3.0197e+00	
 4.0113e+00	
 3.4151e+00	
 3.3353e+00	
 3.4667e+00	
 3.6580e+00	
 3.4952e+00	
 3.4633e+00	
 3.3144e+00	
 3.2218e+00	
 3.4941e+00	
 3.3675e+00	
 3.8161e+00	
 3.7429e+00	
 3.4318e+00	
 3.3876e+00	
 3.7434e+00	
 3.5876e+00	
 3.0730e+00	
 3.8473e+00	
 3.6903e+00	
 3.6646e+00	
 3.5379e+00	
 3.6354e+00	
 3.6754e+00	
 3.5862e+00	
 3.1846e+00	
 4.1627e+00	
 3.6671e+00	
 3.1150e+00	
 3.5303e+00	
 3.6991e+00	
 3.3828e+00	
 3.5573e+00	
 3.6342e+00	
 3.9343e+00	
 3.4256e+00	
 3.7675e+00	
 3.4890e+00	
 3.5606e+00	
 3.3445e+00	
 3.7717e+00	
 3.3609e+00	
 3.2217e+00	
 3.8269e+00	
 3.4391e+00	
 3.4593e+00	
 3.1201e+00	
 4.0792e+00	
 3.6005e+00	
 3.4945e+00	
 3.5641e+00	
 3.4871e+00	
 3.5559e+00	
 3.3945e+00	
 3.5331e+00	
 3.6037e+00	
 3.4392e+00	
 3.0736e+00	
 3.4906e+00	
 3.4767e+00	
 3.1034e+00	
 3.5340e+00	
 3.1655e+00	
 3.7310e+00	
 3.1778e+00	
 3.5533e+00	
 3.3183e+00	
 3.3090e+00	
 3.5667e+00	
 3.5866e+00	
 3.2623e+00	
 3.5611e+00	
 3.2842e+00	
 3.4981e+00	
 3.5827e+00	
 3.5896e+00	
 3.5438e+00	
 3.8221e+00	
 3.8264e+00	
 3.5552e+00	
 3.2460e+00	
 3.7259e+00	
 3.4704e+00	
 3.2119e+00	
 3.5952e+00	
 3.0841e+00	
 3.5906e+00	
 3.4934e+00	
 3.5779e+00	
 3.4417e+00	
 3.4719e+00	
 3.5136e+00	
 3.1881e+00	
 3.6279e+00	
 3.2483e+00	
 3.4199e+00	
 3.7330e+00	
 3.5256e+00	
 3.5541e+00	
 3.3883e+00	
 3.2032e+00	
 3.2482e+00	
 3.4149e+00	
 3.2895e+00	
 3.2095e+00	
 3.4654e+00	
 3.5879e+00	
 3.3882e+00	
 3.1361e+00	
 3.6779e+00	
 3.3833e+00	
 3.5551e+00	
 3.4596e+00	
 3.2873e+00	
 3.6203e+00	
 3.6361e+00	
 3.3319e+00	
 3.7127e+00	
 3.0747e+00	
 3.5121e+00	
 3.1285e+00	
 3.6985e+00	
 3.7713e+00	
 3.5646e+00	
 3.1326e+00	
 3.5050e+00	
 3.3537e+00	
 3.3929e+00	
 3.4244e+00	
 3.6281e+00	
 3.3127e+00	
 3.3716e+00	
 3.7588e+00	
 3.5870e+00	
 3.4970e+00	
 3.7343e+00	
 3.5740e+00	
 3.6586e+00	
 3.2722e+00	
 3.5118e+00	
 3.7022e+00	
 3.2400e+00	
 3.6864e+00	
 3.2420e+00	
 3.7081e+00	
 3.2413e+00	
 3.4738e+00	
 2.9814e+00	
 3.0281e+00	
 3.5625e+00	
 3.3698e+00	
 3.2963e+00	
 3.7025e+00	
 3.4357e+00	
 3.4439e+00	
 3.3308e+00	
 3.6026e+00	
 3.7052e+00	
 3.4595e+00	
 3.0803e+00	
 4.0022e+00	
 3.5291e+00	
 3.5287e+00	
 3.7211e+00	
 3.6542e+00	
 3.3463e+00	
 3.6713e+00	
 3.4129e+00	
 3.4628e+00	
 3.1134e+00	
 3.1685e+00	
 2.9148e+00	
 3.4110e+00	
 3.8208e+00	
 3.4354e+00	
 3.5935e+00	
 3.3528e+00	
 3.4185e+00	
 3.8812e+00	
 3.7201e+00	
 3.4025e+00	
 3.6094e+00	
 3.3131e+00	
 3.3712e+00	
 3.5330e+00	
 3.5499e+00	
 3.2159e+00	
 3.7418e+00	
 3.3678e+00	
 3.4168e+00	
 3.2438e+00	
 3.4950e+00	
 3.2486e+00	
 3.2135e+00	
 3.0540e+00	
 3.2709e+00	
 2.9416e+00	
 3.3858e+00	
 3.3991e+00	
 3.4490e+00	
 3.2086e+00	
 3.4449e+00	
 3.3719e+00	
 3.5977e+00	
 3.9432e+00	
 3.3484e+00	
 3.3016e+00	
 3.2245e+00	
 3.0270e+00	
 3.5363e+00	
 3.6939e+00	
 3.5042e+00	
 3.2759e+00	
 3.2702e+00	
 3.2469e+00	
 3.4411e+00	
 3.8126e+00	
 3.1493e+00	
 3.1833e+00	
 3.2045e+00	
 2.9580e+00	
 3.2359e+00	
 3.5716e+00	
 3.2917e+00	
 2.9361e+00	
 3.7839e+00	
 3.0021e+00	
 3.1536e+00	
 3.1659e+00	
 3.4128e+00	
 3.4018e+00	
 3.3122e+00	
 3.7213e+00	
 3.2852e+00	
 3.4812e+00	
 3.3530e+00	
 3.6828e+00	
 3.3616e+00	
 3.4192e+00	
 3.3495e+00	
 3.3208e+00	
 3.4429e+00	
 3.3165e+00	
 3.1040e+00	
 3.3301e+00	
 3.2496e+00	
 3.4492e+00	
 3.2057e+00	
 3.6162e+00	
 3.3524e+00	
 3.2984e+00	
 3.1495e+00	
 3.5269e+00	
 3.3374e+00	
 3.4756e+00	
 3.4136e+00	
 3.2554e+00	
 3.8902e+00	
 3.1613e+00	
 3.5241e+00	
 3.5054e+00	
 3.3311e+00	
 3.4426e+00	
 3.3996e+00	
 3.4467e+00	
 3.7553e+00	
 3.2523e+00	
 3.4060e+00	
 3.1461e+00	
 2.8694e+00	
 3.2062e+00	
 3.1559e+00	
 3.1761e+00	
 3.4789e+00	
 3.2250e+00	
 3.4107e+00	
 3.2086e+00	
 3.3031e+00	
 3.3650e+00	
 3.4035e+00	
 3.4549e+00	
 3.2618e+00	
 3.2731e+00	
 3.4158e+00	
 3.3441e+00	
 3.6064e+00	
 3.3235e+00	
 3.4126e+00	
 3.5402e+00	
 3.4313e+00	
 3.3075e+00	
 3.6547e+00	
 3.1183e+00	
 3.1544e+00	
 3.4291e+00	
 3.3711e+00	
 3.3593e+00	
 3.4207e+00	
 3.4802e+00	
 3.1291e+00	
 3.2544e+00	
 3.2286e+00	
 3.4579e+00	
 3.5197e+00	
 3.2043e+00	
 3.8816e+00	
 3.3327e+00	
 3.8577e+00	
 3.2954e+00	
 3.4245e+00	
 3.3556e+00	
 3.2251e+00	
 2.9585e+00	
 3.4630e+00	
 3.5661e+00	
 3.6627e+00	
 3.4392e+00	
 2.8777e+00	
 3.3202e+00	
 3.0061e+00	
 2.9461e+00	
 3.2217e+00	
 3.5918e+00	
 3.1191e+00	
 3.4628e+00	
 3.3387e+00	
 2.8684e+00	
 3.1294e+00	
 3.4227e+00	
 3.4986e+00	
 3.1359e+00	
 3.1056e+00	
 3.1931e+00	
 3.1593e+00	
 3.5393e+00	
 3.2200e+00	
 3.5290e+00	
 3.5805e+00	
 3.1942e+00	
 3.1869e+00	
 3.3720e+00	
 3.6288e+00	
 3.4222e+00	
 3.3082e+00	
 3.5157e+00	
 3.1778e+00	
 3.4122e+00	
 3.2088e+00	
 3.2046e+00	
 3.3000e+00	
 3.3987e+00	
 3.4653e+00	
 3.3147e+00	
 3.3691e+00	
 3.1125e+00	
 3.2385e+00	
 3.5232e+00	
 3.0716e+00	
 3.4631e+00	
 3.2413e+00	
 3.3814e+00	
 3.4523e+00	
 2.9553e+00	
 3.4344e+00	
 2.9433e+00	
 3.3963e+00	
 3.2305e+00	
 3.3568e+00	
 3.1194e+00	
 3.5389e+00	
 2.9204e+00	
 3.2910e+00	
 3.5435e+00	
 3.2913e+00	
 3.4151e+00	
 3.2957e+00	
 3.2122e+00	
 3.5903e+00	
 3.3450e+00	
 3.0733e+00	
 3.4385e+00	
 3.6755e+00	
 3.1627e+00	
 3.4703e+00	
 3.4318e+00	
 3.4883e+00	
 3.5861e+00	
 3.4758e+00	
 3.4268e+00	
 3.0122e+00	
 3.1585e+00	
 3.4783e+00	
 3.2023e+00	
 3.2101e+00	
 3.4143e+00	
 3.1627e+00	
 3.2121e+00	
 3.1755e+00	
 3.2982e+00	
 3.4899e+00	
 3.4717e+00	
 3.5901e+00	
 3.3574e+00	
 3.4687e+00	
 3.2865e+00	
 3.1736e+00	
 3.2191e+00	
 3.1320e+00	
 3.3271e+00	
 3.4169e+00	
 3.2218e+00	
 3.3856e+00	
 3.6751e+00	
 3.0560e+00	
 3.8007e+00	
 3.2117e+00	
 3.3026e+00	
 3.6151e+00	
 3.2575e+00	
 3.3591e+00	
 3.0022e+00	
 3.3097e+00	
 3.2781e+00	
 2.8709e+00	
 3.4265e+00	
 3.3588e+00	
 2.9535e+00	
 3.4208e+00	
 3.1328e+00	
 3.0458e+00	
 3.1691e+00	
 3.3312e+00	
 3.3562e+00	
 3.6026e+00	
 3.1951e+00	
 3.3487e+00	
 3.4876e+00	
 3.5620e+00	
 3.5294e+00	
 3.2052e+00	
 3.1668e+00	
 3.4146e+00	
 3.4181e+00	
 3.1847e+00	
 3.4647e+00	
 3.1913e+00	
 3.4325e+00	
 3.2070e+00	
 2.9467e+00	
 3.5646e+00	
 2.8759e+00	
 2.9189e+00	
 3.4242e+00	
 2.9986e+00	
 3.0819e+00	
 3.0131e+00	
 3.4740e+00	
 3.4377e+00	
 3.4999e+00	
 3.5015e+00	
 3.3474e+00	
 3.3314e+00	
 3.5108e+00	
 3.6428e+00	
 3.2335e+00	
 2.8128e+00	
 3.1617e+00	
 3.0058e+00	
 3.1288e+00	
 3.5955e+00	
 3.3110e+00	
 3.5074e+00	
 3.6792e+00	
 3.2028e+00	
 3.2587e+00	
 3.3328e+00	
 3.3595e+00	
 3.3070e+00	
 2.8876e+00	
 3.2422e+00	
 3.0724e+00	
 3.4569e+00	
 3.2180e+00	
 3.2533e+00	
 3.1380e+00	
 2.7613e+00	
 3.6168e+00	
 3.3285e+00	
 3.8300e+00	
 3.3616e+00	
 3.0970e+00	
 3.3590e+00	
 3.2456e+00	
 3.6163e+00	
 3.4264e+00	
 3.5768e+00	
 3.2949e+00	
 3.4098e+00	
 3.3124e+00	
 3.3136e+00	
 3.7415e+00	
 3.4429e+00	
 3.0653e+00	
 3.3894e+00	
 3.6248e+00	
 2.9556e+00	
 3.2413e+00	
 3.3203e+00	
 3.3330e+00	
 3.0228e+00	
 3.0920e+00	
 3.1902e+00	
 3.5853e+00	
 3.3266e+00	
 3.2654e+00	
 3.1284e+00	
 3.2651e+00	
 3.5234e+00	
 3.1742e+00	
 3.3566e+00	
 3.2704e+00	
 3.6536e+00	
 3.3792e+00	
 2.9776e+00	
 3.6616e+00	
 3.0706e+00	
 3.3009e+00	
 3.6481e+00	
 3.2873e+00	
 3.3986e+00	
 3.4848e+00	
 3.3725e+00	
 3.4445e+00	
 3.4480e+00	
 3.3406e+00	
 3.0259e+00	
 3.4213e+00	
 3.2199e+00	
 3.3676e+00	
 3.5389e+00	
 3.3325e+00	
 3.4360e+00	
 3.4887e+00	
 3.3793e+00	
 3.5187e+00	
 3.0135e+00	
 3.4157e+00	
 3.4866e+00	
 3.2215e+00	
 2.8263e+00	
 3.3399e+00	
 3.2445e+00	
 3.2512e+00	
 2.9960e+00	
 3.3489e+00	
 3.4079e+00	
 3.3999e+00	
 3.3059e+00	
 3.1221e+00	
 3.2567e+00	
 3.2165e+00	
 3.1976e+00	
 2.8995e+00	
 3.3570e+00	
 3.2542e+00	
 3.5006e+00	
 3.0738e+00	
 3.0723e+00	
 3.2775e+00	
 2.9558e+00	
 3.2400e+00	
 3.6630e+00	
 3.4556e+00	
 3.1780e+00	
 3.2007e+00	
 3.5273e+00	
 2.6592e+00	
 2.7140e+00	
 3.3083e+00	
 3.8085e+00	
 3.5251e+00	
 3.0993e+00	
 3.4968e+00	
 3.1727e+00	
 3.1774e+00	
 3.4999e+00	
 3.7047e+00	
 3.3033e+00	
 3.4142e+00	
 3.1503e+00	
 3.0782e+00	
 3.5475e+00	
 2.9383e+00	
 2.9092e+00	
 3.4078e+00	
 3.0663e+00	
 3.4463e+00	
 3.7155e+00	
 3.3338e+00	
 3.0477e+00	
 3.3078e+00	
 3.2470e+00	
 3.2881e+00	
 2.9442e+00	
 3.3519e+00	
 3.1299e+00	
 3.0977e+00	
 3.0870e+00	
 3.2055e+00	
 3.0933e+00	
 3.1323e+00	
 3.2366e+00	
 2.9788e+00	
 2.6970e+00	
 3.3364e+00	
 3.4721e+00	
 3.3419e+00	
 3.0956e+00	
 3.3326e+00	
 2.9579e+00	
 3.2474e+00	
 3.3257e+00	
 2.9913e+00	
 3.7361e+00	
 3.0661e+00	
 3.4801e+00	
 3.5335e+00	
 3.3631e+00	
 3.6609e+00	
 3.4635e+00	
 3.8066e+00	
 3.4921e+00	
 2.7097e+00	
 2.9856e+00	
 2.5331e+00	
 2.7474e+00	
 3.0084e+00	
 2.9391e+00	
 2.9123e+00	
 2.6132e+00	
 2.8233e+00	
 2.2145e+00	
 3.1386e+00	
 3.0620e+00	
 2.5692e+00	
 2.9120e+00	
 2.6389e+00	
 2.6286e+00	
 2.9152e+00	
 2.7157e+00	
 3.1351e+00	
 3.1414e+00	
 2.6158e+00	
 2.9734e+00	
 2.6214e+00	
 3.2297e+00	
 2.5347e+00	
 2.5901e+00	
 2.7315e+00	
 2.6771e+00	
 2.9619e+00	
 2.6498e+00	
 2.8479e+00	
 2.6262e+00	
 2.8004e+00	
 2.9707e+00	
 2.9390e+00	
 3.0088e+00	
 2.7656e+00	
 2.7651e+00	
 2.9920e+00	
 2.8196e+00	
 2.6571e+00	
 2.7182e+00	
 2.3947e+00	
 2.5268e+00	
 2.9540e+00	
 2.5496e+00	
 2.5002e+00	
 2.3620e+00	
 2.7240e+00	
 2.6083e+00	
 2.6250e+00	
 3.1126e+00	
 2.5561e+00	
 2.7034e+00	
 2.8183e+00	
 2.9414e+00	
 2.5422e+00	
 2.9465e+00	
 2.8015e+00	
 3.1490e+00	
 2.7915e+00	
 2.7030e+00	
 2.6614e+00	
 2.9594e+00	
 2.9681e+00	
 2.5254e+00	
 3.2644e+00	
 3.2941e+00	
 2.6655e+00	
 2.3168e+00	
 2.5942e+00	
 2.6270e+00	
 2.5034e+00	
 2.8461e+00	
 2.9648e+00	
 3.3957e+00	
 2.7312e+00	
 2.6960e+00	
 3.0635e+00	
 2.9344e+00	
 2.5555e+00	
 2.8080e+00	
 3.1977e+00	
 2.6791e+00	
 2.4398e+00	
 2.7801e+00	
 2.8197e+00	
 2.9134e+00	
 2.8199e+00	
 2.8151e+00	
 2.9651e+00	
 2.9754e+00	
 2.9087e+00	
 2.8550e+00	
 2.6982e+00	
 2.6558e+00	
 2.6806e+00	
 2.6304e+00	
 2.5251e+00	
 2.9343e+00	
 2.7566e+00	
 3.0636e+00	
 2.7419e+00	
 3.2340e+00	
 2.6906e+00	
 2.7452e+00	
 2.4228e+00	
 2.6765e+00	
 2.5436e+00	
 2.4928e+00	
 2.7591e+00	
 2.9083e+00	
 2.4603e+00	
 3.0900e+00	
 2.5083e+00	
 2.5534e+00	
 2.5929e+00	
 2.9533e+00	
 2.8439e+00	
 2.6466e+00	
 2.8443e+00	
 3.1552e+00	
 2.8587e+00	
 2.7646e+00	
 2.6518e+00	
 2.7367e+00	
 2.7226e+00	
 3.2399e+00	
 2.7936e+00	
 2.4741e+00	
 2.7725e+00	
 2.6309e+00	
 2.4857e+00	
 2.7161e+00	
 2.5682e+00	
 2.3464e+00	
 3.0306e+00	
 3.1826e+00	
 3.0297e+00	
 2.9142e+00	
 2.8594e+00	
 2.8665e+00	
 2.6214e+00	
 2.5293e+00	
 2.5402e+00	
 2.2957e+00	
 2.5655e+00	
 2.8645e+00	
 2.7452e+00	
 2.7069e+00	
 2.5713e+00	
 2.7698e+00	
 2.8957e+00	
 3.0201e+00	
 2.8509e+00	
 2.7238e+00	
 3.0642e+00	
 2.8480e+00	
 2.9849e+00	
 2.7783e+00	
 2.6168e+00	
 2.5962e+00	
 2.7761e+00	
 2.9880e+00	
 2.7929e+00	
 2.5043e+00	
 2.4441e+00	
 2.6855e+00	
 2.9466e+00	
 3.1277e+00	
 2.9496e+00	
 2.5490e+00	
 3.1467e+00	
 2.4651e+00	
 2.6382e+00	
 2.9503e+00	
 2.8374e+00	
 2.4468e+00	
 2.8420e+00	
 2.5411e+00	
 2.4439e+00	
 2.1555e+00	
 2.5310e+00	
 2.9387e+00	
 2.6954e+00	
 2.8737e+00	
 2.3895e+00	
 2.7380e+00	
 2.4280e+00	
 2.4140e+00	
 3.0198e+00	
 2.9193e+00	
 2.8258e+00	
 2.9468e+00	
 2.7939e+00	
 2.7504e+00	
 3.0409e+00	
 2.5498e+00	
 2.8646e+00	
 2.8066e+00	
 2.8388e+00	
 2.6623e+00	
 2.7501e+00	
 2.5901e+00	
 2.5553e+00	
 2.9710e+00	
 2.9425e+00	
 3.2688e+00	
 2.9770e+00	
 2.8658e+00	
 3.0678e+00	
 2.6854e+00	
 2.4866e+00	
 2.9327e+00	
 2.9155e+00	
 2.9685e+00	
 2.9612e+00	
 2.8115e+00	
 2.6365e+00	
 2.8651e+00	
 2.9637e+00	
 2.5224e+00	
 2.6968e+00	
 2.5580e+00	
 2.5342e+00	
 2.9088e+00	
 3.0083e+00	
 2.5901e+00	
 2.6718e+00	
 2.8580e+00	
 2.5789e+00	
 2.6032e+00	
 2.6746e+00	
 2.6793e+00	
 2.2068e+00	
 2.4357e+00	
 2.5214e+00	
 3.1766e+00	
 2.3068e+00	
 2.5694e+00	
 2.5297e+00	
 2.8129e+00	
 2.9336e+00	
 2.6857e+00	
 2.9138e+00	
 3.1924e+00	
 2.7584e+00	
 2.9755e+00	
 3.0714e+00	
 2.8476e+00	
 2.7256e+00	
 2.7736e+00	
 2.8949e+00	
 2.9771e+00	
 2.7475e+00	
 2.7919e+00	
 3.2450e+00	
 2.7481e+00	
 3.1012e+00	
 2.5942e+00	
 2.8393e+00	
 2.9077e+00	
 2.6523e+00	
 3.1668e+00	
 2.9032e+00	
 2.5586e+00	
 2.6343e+00	
 2.9093e+00	
 2.8798e+00	
 2.6980e+00	
 2.8239e+00	
 2.7988e+00	
 2.8763e+00	
 2.5848e+00	
 2.7258e+00	
 2.9004e+00	
 2.6401e+00	
 2.3392e+00	
 2.8240e+00	
 2.7646e+00	
 2.8487e+00	
 2.8777e+00	
 2.9655e+00	
 2.8726e+00	
 2.5388e+00	
 2.7199e+00	
 3.1194e+00	
 3.2883e+00	
 2.5116e+00	
 2.8731e+00	
 2.9464e+00	
 2.9504e+00	
 2.8609e+00	
 2.6590e+00	
 2.7697e+00	
 2.8129e+00	
 3.0408e+00	
 2.6219e+00	
 3.2743e+00	
 2.7431e+00	
 3.0167e+00	
 2.8803e+00	
 2.6050e+00	
 2.7080e+00	
 2.7564e+00	
 2.6712e+00	
 3.0328e+00	
 3.0078e+00	
 2.6161e+00	
 2.8839e+00	
 2.6854e+00	
 2.4128e+00	
 2.8907e+00	
 3.2845e+00	
 2.5516e+00	
 2.7027e+00	
 2.9183e+00	
 3.1667e+00	
 2.6919e+00	
 2.8713e+00	
 2.5995e+00	
 2.7061e+00	
 2.6930e+00	
 2.7659e+00	
 2.7407e+00	
 2.8140e+00	
 2.5175e+00	
 2.7209e+00	
 2.7202e+00	
 2.3407e+00	
 2.9683e+00	
 3.1733e+00	
 2.3953e+00	
 2.7836e+00	
 2.5339e+00	
 3.1170e+00	
 2.7906e+00	
 2.6289e+00	
 2.8296e+00	
 2.5825e+00	
 2.8278e+00	
 2.6072e+00	
 2.7223e+00	
 2.6715e+00	
 2.3890e+00	
 2.8102e+00	
 2.8944e+00	
 3.0008e+00	
 2.8215e+00	
 2.4336e+00	
 2.6932e+00	
 2.9031e+00	
 2.5717e+00	
 3.0845e+00	
 2.7160e+00	
 2.5013e+00	
 2.9595e+00	
 2.6154e+00	
 2.6738e+00	
 2.9076e+00	
 2.6781e+00	
 2.4826e+00	
 2.6050e+00	
 2.9186e+00	
 3.1789e+00	
 2.5938e+00	
 2.6477e+00	
 3.0681e+00	
 3.0237e+00	
 2.8809e+00	
 2.8275e+00	
 2.8916e+00	
 2.7267e+00	
 3.0714e+00	
 2.7895e+00	
 2.5700e+00	
 2.5551e+00	
 3.0026e+00	
 3.5399e+00	
 2.6140e+00	
 2.6930e+00	
 2.6061e+00	
 2.7758e+00	
 2.7041e+00	
 2.6623e+00	
 2.8349e+00	
 3.0036e+00	
 3.1067e+00	
 2.4130e+00	
 2.8394e+00	
 3.0246e+00	
 2.5179e+00	
 3.0081e+00	
 2.5695e+00	
 2.7015e+00	
 2.4676e+00	
 2.9097e+00	
 2.7541e+00	
 2.7782e+00	
 2.4524e+00	
 3.0430e+00	
 2.5557e+00	
 2.6446e+00	
 3.3609e+00	
 2.9813e+00	
 2.4932e+00	
 2.9209e+00	
 2.9984e+00	
 2.7417e+00	
 2.7132e+00	
 2.6927e+00	
 2.6738e+00	
 2.9414e+00	
 2.4688e+00	
 2.5449e+00	
 2.7263e+00	
 2.7790e+00	
 2.9485e+00	
 2.6366e+00	
 3.1069e+00	
 2.7196e+00	
 2.7116e+00	
 2.7205e+00	
 2.6519e+00	
 3.1187e+00	
 2.6799e+00	
 2.7474e+00	
 2.6101e+00	
 2.3182e+00	
 2.5596e+00	
 2.9077e+00	
 2.5634e+00	
 2.8927e+00	
 2.9056e+00	
 2.7308e+00	
 2.7783e+00	
 3.4554e+00	
 2.8752e+00	
 2.9297e+00	
 2.7170e+00	
 2.6839e+00	
 2.4586e+00	
 2.9197e+00	
 3.1783e+00	
 2.7805e+00	
 2.5431e+00	
 2.9196e+00	
 2.6926e+00	
 2.8837e+00	
 2.4121e+00	
 2.8085e+00	
 3.0620e+00	
 2.4514e+00	
 2.5357e+00	
 2.5453e+00	
 3.2571e+00	
 3.0901e+00	
 3.1980e+00	
 2.4213e+00	
 3.2807e+00	
 2.7074e+00	
 2.9842e+00	
 2.7306e+00	
 2.5280e+00	
 2.7901e+00	
 2.6461e+00	
 2.8516e+00	
 2.6884e+00	
 2.7285e+00	
 2.9194e+00	
 2.8754e+00	
 2.5341e+00	
 2.5293e+00	
 2.4751e+00	
 2.7982e+00	
 2.4048e+00	
 2.6691e+00	
 2.8685e+00	
 2.9839e+00	
 2.6795e+00	
 3.0264e+00	
 2.6598e+00	
 2.7252e+00	
 3.1266e+00	
 2.4621e+00	
 2.5900e+00	
 2.7162e+00	
 2.9484e+00	
 2.7894e+00	
 2.7707e+00	
 2.8378e+00	
 2.9929e+00	
 3.0608e+00	
 2.9386e+00	
 2.4850e+00	
 2.9242e+00	
 2.6517e+00	
 2.6278e+00	
 3.1196e+00	
 2.1832e+00	
 3.1453e+00	
 2.6071e+00	
 2.6898e+00	
 2.7959e+00	
 2.9706e+00	
 2.4782e+00	
 2.8769e+00	
 2.4465e+00	
 2.6632e+00	
 3.1498e+00	
 2.5419e+00	
 2.8366e+00	
 2.7946e+00	
 2.6673e+00	
 2.4132e+00	
 2.5110e+00	
 2.8134e+00	
 2.6355e+00	
 2.7153e+00	
 2.4998e+00	
 2.9114e+00	
 2.8617e+00	
 2.6664e+00	
 2.6403e+00	
 2.7983e+00	
 2.8383e+00	
 2.6744e+00	
 2.7163e+00	
 2.5594e+00	
 3.3284e+00	
 2.8748e+00	
 3.1114e+00	
 3.0844e+00	
 2.8295e+00	
 2.8592e+00	
 2.7414e+00	
 2.6787e+00	
 2.5472e+00	
 3.1523e+00	
 3.0194e+00	
 3.0473e+00	
 2.7956e+00	
 2.9689e+00	
 2.8642e+00	
 2.7861e+00	
 2.6638e+00	
 2.9996e+00	
 2.6414e+00	
 2.1366e+00	
 3.1627e+00	
 2.2571e+00	
 2.8338e+00	
 2.4463e+00	
 2.4571e+00	
 2.6197e+00	
 2.9605e+00	
 2.9681e+00	
 2.9631e+00	
 2.6433e+00	
 2.7745e+00	
 2.8989e+00	
 2.2627e+00	
 2.4059e+00	
 3.2363e+00	
 2.8628e+00	
 2.6584e+00	
 2.9023e+00	
 2.8459e+00	
 2.5034e+00	
 2.6486e+00	
 2.7946e+00	
 2.7636e+00	
 2.5863e+00	
 2.9203e+00	
 3.0153e+00	
 3.2551e+00	
 2.5332e+00	
 2.7300e+00	
 3.0389e+00	
 2.7106e+00	
 2.5969e+00	
 3.0338e+00	
 2.7595e+00	
 2.7310e+00	
 2.9179e+00	
 3.0888e+00	
 2.6056e+00	
 2.5288e+00	
 2.9451e+00	
 2.6044e+00	
 2.4984e+00	
 3.5050e+00	
 2.5196e+00	
 2.9384e+00	
 3.0736e+00	
 3.1215e+00	
 2.6899e+00	
 2.3436e+00	
 3.1369e+00	
 2.9065e+00	
 2.9306e+00	
 2.6431e+00	
 2.6438e+00	
 2.5104e+00	
 2.9617e+00	
 2.3270e+00	
 2.9001e+00	
 2.7922e+00	
 2.5951e+00	
 2.9862e+00	
 2.5378e+00	
 3.4618e+00	
 2.7663e+00	
 2.8544e+00	
 3.0540e+00	
 2.2540e+00	
 2.6844e+00	
 2.8939e+00	
 2.6304e+00	
 2.9337e+00	
 2.5525e+00	
 2.5556e+00	
 2.9963e+00	
 3.0516e+00	
 2.6789e+00	
 3.0667e+00	
 2.9871e+00	
 2.9338e+00	
 2.6591e+00	
 2.6332e+00	
 2.7961e+00	
 3.0027e+00	
 3.0417e+00	
 2.8914e+00	
 2.8265e+00	
 2.5951e+00	
 2.7395e+00	
 2.8990e+00	
 2.9982e+00	
 3.1274e+00	
 3.2362e+00	
 2.6672e+00	
 2.4812e+00	
 2.6959e+00	
 2.7409e+00	
 2.4912e+00	
 2.9021e+00	
 2.7114e+00	
 2.5473e+00	
 2.6204e+00	
 2.9303e+00	
 3.1026e+00	
 2.7170e+00	
 2.6417e+00	
 2.6098e+00	
 2.7528e+00	
 2.5626e+00	
 2.3247e+00	
 3.0603e+00	
 2.8480e+00	
 2.3716e+00	
 2.7571e+00	
 2.3445e+00	
 2.8374e+00	
 2.3841e+00	
 2.7654e+00	
 3.1941e+00	
 2.8432e+00	
 2.9090e+00	
 2.5367e+00	
 2.4847e+00	
 2.7780e+00	
 3.3225e+00	
 2.6828e+00	
 3.4782e+00	
 2.9856e+00	
 2.5702e+00	
 2.9779e+00	
 3.0666e+00	
 2.9485e+00	
 2.5218e+00	
 2.7650e+00	
 2.4321e+00	
 2.8324e+00	
 3.1884e+00	
 2.9973e+00	
 2.7216e+00	
 2.6707e+00	
 2.9713e+00	
 3.2056e+00	
 2.8034e+00	
 2.5480e+00	
 3.4543e+00	
 3.4015e+00	
 2.6578e+00	
 2.6745e+00	
 3.0319e+00	
 2.8135e+00	
 2.9759e+00	
 2.9978e+00	
 2.3882e+00	
 2.7769e+00	
 2.9584e+00	
 2.4661e+00	
 2.9476e+00	
 2.8555e+00	
 2.9322e+00	
 2.4584e+00	
 2.6800e+00	
 3.4612e+00	
 3.3043e+00	
 2.6951e+00	
 2.8377e+00	
 2.4953e+00	
 2.4836e+00	
 2.9973e+00	
 3.0349e+00	
 2.8778e+00	
 3.0807e+00	
 3.0624e+00	
 2.8194e+00	
 3.0211e+00	
 2.5194e+00	
 2.7688e+00	
 2.5657e+00	
 2.6390e+00	
 3.1559e+00	
 3.0247e+00	
 2.3953e+00	
 2.8258e+00	
 3.0340e+00	
 2.6555e+00	
 2.9516e+00	
 2.7317e+00	
 2.9823e+00	
 2.6969e+00	
 2.4510e+00	
 3.3305e+00	
 3.1200e+00	
 2.7396e+00	
 2.8148e+00	
 3.0844e+00	
 2.4785e+00	
 2.4935e+00	
 2.8440e+00	
 3.3463e+00	
 2.5066e+00	
 2.6974e+00	
 3.0517e+00	
 2.9709e+00	
 2.8472e+00	
 2.9839e+00	
 2.8018e+00	
 2.5147e+00	
 2.8602e+00	
 2.7955e+00	
 2.9307e+00	
 2.6434e+00	
 2.6453e+00	
 2.8753e+00	
 2.6875e+00	
 2.8617e+00	
 2.4048e+00	
 2.2414e+00	
 2.4201e+00	
 2.9298e+00	
 2.9621e+00	
 2.7883e+00	
 2.6882e+00	
 2.9563e+00	
 2.6462e+00	
 3.2319e+00	
 3.0667e+00	
 2.5520e+00	
 2.9551e+00	
 2.8262e+00	
 3.2444e+00	
 2.8435e+00	
 2.6165e+00	
 2.7394e+00	
 3.0494e+00	
 2.6477e+00	
 2.8113e+00	
 3.2129e+00	
 2.4761e+00	
 2.7939e+00	
 2.3683e+00	
 2.5906e+00	
 2.8037e+00	
 2.2388e+00	
 3.0986e+00	
 2.8418e+00	
 2.5828e+00	
 2.8838e+00	
 2.7501e+00	
 2.9117e+00	
 2.9524e+00	
 2.6894e+00	
 2.7245e+00	
 2.7831e+00	
 2.5965e+00	
 3.3573e+00	
 2.6743e+00	
 2.9827e+00	
 2.5820e+00	
 3.1643e+00	
 2.6310e+00	
 2.8803e+00	
 2.8770e+00	
 2.6842e+00	
 2.3800e+00	
 2.7880e+00	
 2.4835e+00	
 2.9859e+00	
 3.0219e+00	
 2.6143e+00	
 2.8483e+00	
 2.4256e+00	
 2.5170e+00	
 2.8850e+00	
 3.0389e+00	
 2.6071e+00	
 2.6845e+00	
 2.8252e+00	
 2.8934e+00	
 2.9755e+00	
 2.9779e+00	
 2.5677e+00	
 2.9720e+00	
 3.1426e+00	
 3.1126e+00	
 2.8466e+00	
 2.9041e+00	
 2.6662e+00	
 2.7269e+00	
 2.9580e+00	
 2.5927e+00	
 2.9923e+00	
 2.9177e+00	
 2.9731e+00	
 2.6015e+00	
 2.6490e+00	
 3.0446e+00	
 3.0279e+00	
 2.5636e+00	
 2.7185e+00	
 3.3884e+00	
 2.5148e+00	
 2.7292e+00	
 2.7825e+00	
 2.3944e+00	
 2.8173e+00	
 2.7845e+00	
 2.6179e+00	
 2.8856e+00	
 2.4321e+00	
 3.1760e+00	
 3.0550e+00	
 2.5628e+00	
 3.0841e+00	
 2.5728e+00	
 2.8336e+00	
 2.6684e+00	
 3.0559e+00	
 3.0034e+00	
 2.6677e+00	
 3.2135e+00	
 2.7355e+00	
 2.9894e+00	
 2.5140e+00	
 2.7508e+00	
 2.9860e+00	
 2.8021e+00	
 3.0684e+00	
 3.0294e+00	
 2.8036e+00	
 2.7612e+00	
 2.4375e+00	
 2.5112e+00	
 3.1152e+00	
 3.0988e+00	
 2.7543e+00	
 3.3704e+00	
 2.5395e+00	
 2.9791e+00	
 2.6577e+00	
 2.7961e+00	
 3.1837e+00	
 2.9320e+00	
 2.2556e+00	
 2.8328e+00	
 2.7501e+00	
 2.8558e+00	
 2.4857e+00	
 2.6925e+00	
 2.9840e+00	
 2.5596e+00	
 2.5255e+00	
 2.3507e+00	
 2.6808e+00	
 3.0294e+00	
 2.5508e+00	
 3.0496e+00	
 2.8009e+00	
 2.6299e+00	
 2.5617e+00	
 3.1606e+00	
 2.5716e+00	
 2.6080e+00	
 2.7166e+00	
 3.3869e+00	
 3.0290e+00	
 2.7178e+00	
 2.6339e+00	
 2.5133e+00	
 2.8343e+00	
 2.8247e+00	
 2.8449e+00	
 2.9301e+00	
 3.4470e+00	
 2.5272e+00	
 2.4466e+00	
 2.8001e+00	
 2.7153e+00	
 3.1724e+00	
 2.9444e+00	
 2.3613e+00	
 2.5216e+00	
 2.6936e+00	
 2.7413e+00	
 2.8231e+00	
 2.8633e+00	
 3.0298e+00	
 2.6441e+00	
 2.7604e+00	
 2.7750e+00	
 2.6085e+00	
 2.3430e+00	
 2.5619e+00	
 2.8990e+00	
 2.9968e+00	
 2.7445e+00	
 2.8735e+00	
 2.7637e+00	
 2.4588e+00	
 3.1316e+00	
 2.5598e+00	
 3.1313e+00	
 2.2918e+00	
 2.8490e+00	
 2.4919e+00	
 2.7293e+00	
 3.1598e+00	
 2.3451e+00	
 3.5303e+00	
 2.5206e+00	
 2.6389e+00	
 3.0546e+00	
 2.9892e+00	
 2.7140e+00	
 2.7696e+00	
 3.2194e+00	
 2.3801e+00	
 2.7786e+00	
 2.9966e+00	
 2.9330e+00	
 2.7997e+00	
 2.9177e+00	
 3.1068e+00	
 2.9629e+00	
 3.1104e+00	
 2.5045e+00	
 2.9164e+00	
 2.7522e+00	
 3.2465e+00	
 2.9014e+00	
 2.5124e+00	
 2.8914e+00	
 2.4747e+00	
 2.8515e+00	
 2.3320e+00	
 2.8057e+00	
 2.5111e+00	
 3.0153e+00	
 2.4087e+00	
 3.0336e+00	
 2.4578e+00	
 2.7767e+00	
 2.6812e+00	
 2.8211e+00	
 2.2043e+00	
 2.7461e+00	
 3.1718e+00	
 2.7327e+00	
 3.2586e+00	
 2.4418e+00	
 2.9061e+00	
 2.8121e+00	
 2.5829e+00	
 3.1145e+00	
 2.5603e+00	
 2.8699e+00	
 2.7238e+00	
 2.6778e+00	
 2.5146e+00	
 2.2988e+00	
 2.7813e+00	
 2.5873e+00	
 2.8457e+00	
 2.8316e+00	
 2.9901e+00	
 2.9612e+00	
 2.9021e+00	
 3.1045e+00	
 2.7538e+00	
 2.7447e+00	
 2.9391e+00	
 2.4177e+00	
 3.1494e+00	
 2.8105e+00	
 2.7049e+00	
 2.7420e+00	
 2.6380e+00	
 2.6758e+00	
 3.0222e+00	
 2.6765e+00	
 2.6587e+00	
 2.9218e+00	
 2.6947e+00	
 2.7664e+00	
 2.6270e+00	
 2.6548e+00	
 2.7977e+00	
 2.5745e+00	
 2.6315e+00	
 2.3139e+00	
 3.2278e+00	
 2.5803e+00	
 2.9103e+00	
 3.0059e+00	
 2.2433e+00	
 2.7880e+00	
 2.5460e+00	
 3.4242e+00	
 2.8453e+00	
 2.6705e+00	
 2.6455e+00	
 2.4222e+00	
 2.2901e+00	
 2.4446e+00	
 2.5421e+00	
 2.7768e+00	
 2.8617e+00	
 3.0079e+00	
 2.5081e+00	
 2.9481e+00	
 2.4861e+00	
 2.6494e+00	
 2.4888e+00	
 3.0458e+00	
 2.9842e+00	
 2.9087e+00	
 2.5394e+00	
 2.7064e+00	
 2.9471e+00	
 2.7409e+00	
 2.8174e+00	
 2.8105e+00	
 3.1832e+00	
 2.6942e+00	
 2.6619e+00	
 2.3034e+00	
 3.1992e+00	
 2.5338e+00	
 2.5059e+00	
 2.7905e+00	
 3.0357e+00	
 3.0267e+00	
 2.4834e+00	
 2.6998e+00	
 2.6306e+00	
 2.5101e+00	
 2.5470e+00	
 2.4882e+00	
 2.8831e+00	
 2.4824e+00	
 2.7815e+00	
 2.3248e+00	
 2.9251e+00	
 3.1040e+00	
 2.8663e+00	
 2.9066e+00	
 2.7135e+00	
 3.2595e+00	
 2.6051e+00	
 2.9142e+00	
 2.7121e+00	
 2.2451e+00	
 2.8333e+00	
 2.8341e+00	
 2.9686e+00	
 2.8677e+00	
 2.7317e+00	
 2.7508e+00	
 2.8488e+00	
 2.6397e+00	
 2.5072e+00	
 3.0396e+00	
 2.6961e+00	
 2.8679e+00	
 2.8074e+00	
 2.8625e+00	
 2.8647e+00	
 2.3357e+00	
 2.8205e+00	
 2.7503e+00	
 2.9314e+00	
 2.6049e+00	
 3.0703e+00	
 2.8718e+00	
 2.5946e+00	
 2.7963e+00	
 2.6503e+00	
 3.0437e+00	
 2.9251e+00	
 2.8205e+00	
 3.1535e+00	
 3.3816e+00	
 2.6397e+00	
 2.5774e+00	
 2.4355e+00	
 2.8172e+00	
 2.8645e+00	
 2.7656e+00	
 2.8032e+00	
 2.9328e+00	
 2.8206e+00	
 2.2790e+00	
 3.0462e+00	
 2.4882e+00	
 3.0659e+00	
 2.6157e+00	
 2.3588e+00	
 2.6806e+00	
 2.6497e+00	
 2.3982e+00	
 3.2134e+00	
 2.4303e+00	
 2.6673e+00	
 3.2094e+00	
 2.4249e+00	
 2.2364e+00	
 2.5682e+00	
 2.5362e+00	
 2.6873e+00	
 2.5281e+00	
 2.7515e+00	
 2.9292e+00	
 2.7606e+00	
 2.8291e+00	
 2.5168e+00	
 2.7120e+00	
 2.8498e+00	
 3.0437e+00	
 2.2076e+00	
 2.4697e+00	
 2.5572e+00	
 2.6148e+00	
 2.5300e+00	
 2.2705e+00	
 3.0506e+00	
 2.7761e+00	
 3.3141e+00	
 2.6028e+00	
 2.9265e+00	
 2.4301e+00	
 2.7186e+00	
 3.3069e+00	
 3.0049e+00	
 2.9210e+00	
 2.9275e+00	
 2.8604e+00	
 2.6951e+00	
 2.7719e+00	
 2.8057e+00	
 3.0722e+00	
 2.9491e+00	
 2.6887e+00	
 2.6935e+00	
 3.1404e+00	
 2.8099e+00	
 2.7607e+00	
 2.4569e+00	
 2.4084e+00	
 2.7601e+00	
 3.0280e+00	
 2.9987e+00	
 3.0192e+00	
 3.3746e+00	
 2.6211e+00	
 2.7785e+00	
 2.3601e+00	
 2.6171e+00	
 2.8765e+00	
 3.0735e+00	
 2.8359e+00	
 3.3724e+00	
 2.2890e+00	
 2.0312e+00	
 1.9226e+00	
 2.1161e+00	
 1.7479e+00	
 1.6271e+00	
 1.4959e+00	
 1.9822e+00	
 1.8692e+00	
 1.4410e+00	
 1.6953e+00	
 2.0128e+00	
 1.7561e+00	
 2.0408e+00	
 1.7007e+00	
 1.5292e+00	
 1.7244e+00	
 1.8935e+00	
 1.4699e+00	
 1.8680e+00	
 1.3954e+00	
 2.0123e+00	
 1.9903e+00	
 1.9270e+00	
 2.0277e+00	
 2.0628e+00	
 2.1709e+00	
 1.9478e+00	
 1.8618e+00	
 1.8771e+00	
 1.7768e+00	
 2.0572e+00	
 1.7080e+00	
 2.0179e+00	
 1.8141e+00	
 1.7674e+00	
 2.0580e+00	
 2.0124e+00	
 1.7088e+00	
 1.6466e+00	
 2.0298e+00	
 2.0367e+00	
 1.5546e+00	
 2.0141e+00	
 1.8553e+00	
 1.8724e+00	
 1.6280e+00	
 1.6423e+00	
 1.5722e+00	
 1.5545e+00	
 1.2583e+00	
 1.4794e+00	
 1.5667e+00	
 1.5957e+00	
 2.0321e+00	
 1.4295e+00	
 1.6312e+00	
 1.7417e+00	
 1.4567e+00	
 1.2227e+00	
 1.8317e+00	
 1.6958e+00	
 1.7793e+00	
 1.6976e+00	
 1.9566e+00	
 1.8333e+00	
 1.4963e+00	
 1.5378e+00	
 1.9258e+00	
 1.2633e+00	
 1.7437e+00	
 1.8615e+00	
 1.9295e+00	
 2.1883e+00	
 2.1459e+00	
 1.6354e+00	
 1.8165e+00	
 1.4648e+00	
 1.5545e+00	
 1.9289e+00	
 1.7267e+00	
 1.9417e+00	
 1.6588e+00	
 1.9944e+00	
 1.8103e+00	
 1.5826e+00	
 1.4975e+00	
 1.7690e+00	
 1.7251e+00	
 1.5844e+00	
 1.5877e+00	
 1.6131e+00	
 2.1296e+00	
 1.7940e+00	
 1.6942e+00	
 1.5917e+00	
 1.9168e+00	
 1.6981e+00	
 1.6030e+00	
 1.7128e+00	
 1.8023e+00	
 1.1724e+00	
 1.8649e+00	
 1.7535e+00	
 1.5573e+00	
 1.6134e+00	
 1.3590e+00	
 1.5707e+00	
 1.2064e+00	
 1.3417e+00	
 1.8872e+00	
 1.7378e+00	
 1.9586e+00	
 2.1640e+00	
 1.4167e+00	
 1.9347e+00	
 1.7035e+00	
 1.6706e+00	
 1.8380e+00	
 1.6938e+00	
 1.7453e+00	
 1.6364e+00	
 1.8845e+00	
 1.7088e+00	
 1.9114e+00	
 1.4846e+00	
 1.7773e+00	
 1.8153e+00	
 2.1873e+00	
 1.9785e+00	
 1.7443e+00	
 1.6812e+00	
 1.4230e+00	
 1.5285e+00	
 2.0632e+00	
 1.8958e+00	
 1.5964e+00	
 1.7992e+00	
 1.4024e+00	
 2.1558e+00	
 1.8360e+00	
 1.7742e+00	
 1.8086e+00	
 1.5560e+00	
 1.4166e+00	
 1.7613e+00	
 1.5798e+00	
 2.0612e+00	
 2.0803e+00	
 1.6484e+00	
 1.8760e+00	
 1.6726e+00	
 1.5882e+00	
 1.8613e+00	
 1.6069e+00	
 1.3568e+00	
 1.9805e+00	
 2.1310e+00	
 1.9010e+00	
 2.3575e+00	
 2.1366e+00	
 1.3638e+00	
 1.9995e+00	
 1.7500e+00	
 2.0674e+00	
 1.9832e+00	
 1.7815e+00	
 1.5493e+00	
 1.6515e+00	
 1.8999e+00	
 2.1401e+00	
 1.5169e+00	
 1.5498e+00	
 1.6273e+00	
 1.6448e+00	
 1.6992e+00	
 1.6045e+00	
 1.6945e+00	
 1.5908e+00	
 1.6340e+00	
 2.0866e+00	
 1.6836e+00	
 1.9855e+00	
 1.7640e+00	
 1.6603e+00	
 1.5962e+00	
 1.8423e+00	
 1.6128e+00	
 1.6548e+00	
 2.0451e+00	
 1.9499e+00	
 1.7833e+00	
 1.5507e+00	
 2.0136e+00	
 1.5191e+00	
 1.6485e+00	
 2.0698e+00	
 1.8852e+00	
 2.0763e+00	
 1.9824e+00	
 1.7088e+00	
 1.8687e+00	
 1.4753e+00	
 1.7635e+00	
 2.0915e+00	
 1.6536e+00	
 1.6402e+00	
 1.9684e+00	
 1.8916e+00	
 2.0502e+00	
 2.0794e+00	
 1.9997e+00	
 1.6643e+00	
 1.9630e+00	
 2.1904e+00	
 1.7236e+00	
 1.8253e+00	
 1.5508e+00	
 1.8153e+00	
 1.6086e+00	
 1.8532e+00	
 1.8805e+00	
 1.8366e+00	
 1.7192e+00	
 1.7419e+00	
 1.6759e+00	
 1.6119e+00	
 1.8248e+00	
 1.5935e+00	
 2.0061e+00	
 1.9859e+00	
 1.9068e+00	
 1.6765e+00	
 1.9006e+00	
 1.6197e+00	
 1.6669e+00	
 1.7015e+00	
 1.4067e+00	
 1.4468e+00	
 1.8473e+00	
 1.3425e+00	
 1.9296e+00	
 1.9648e+00	
 1.8374e+00	
 1.8801e+00	
 2.3772e+00	
 1.8820e+00	
 1.8168e+00	
 1.6890e+00	
 1.9799e+00	
 1.7736e+00	
 1.2998e+00	
 1.9661e+00	
 2.2200e+00	
 2.0424e+00	
 1.5475e+00	
 1.8540e+00	
 1.5458e+00	
 1.9999e+00	
 1.5950e+00	
 2.2501e+00	
 1.7601e+00	
 2.1378e+00	
 1.8005e+00	
 1.2913e+00	
 1.6377e+00	
 2.1137e+00	
 1.8532e+00	
 1.5903e+00	
 2.1106e+00	
 1.7190e+00	
 2.1864e+00	
 1.6047e+00	
 1.8387e+00	
 1.3855e+00	
 1.8234e+00	
 2.2555e+00	
 1.8508e+00	
 1.6769e+00	
 1.5065e+00	
 1.4691e+00	
 1.3521e+00	
 2.0375e+00	
 2.5001e+00	
 1.5917e+00	
 2.0842e+00	
 2.1749e+00	
 1.6202e+00	
 1.7979e+00	
 2.0772e+00	
 1.5595e+00	
 1.6232e+00	
 1.9238e+00	
 1.5257e+00	
 1.9859e+00	
 1.9806e+00	
 1.9199e+00	
 1.6857e+00	
 1.6088e+00	
 1.6497e+00	
 1.8843e+00	
 2.0330e+00	
 1.7924e+00	
 1.8882e+00	
 1.3557e+00	
 1.5124e+00	
 1.9938e+00	
 2.2110e+00	
 2.1367e+00	
 2.0996e+00	
 1.4899e+00	
 1.6542e+00	
 1.5893e+00	
 2.1246e+00	
 2.2888e+00	
 1.9690e+00	
 2.4615e+00	
 1.8057e+00	
 1.8505e+00	
 1.7748e+00	
 1.7427e+00	
 1.8557e+00	
 1.6844e+00	
 1.6802e+00	
 1.8323e+00	
 1.7109e+00	
 2.0517e+00	
 1.6630e+00	
 2.0366e+00	
 1.7736e+00	
 2.3133e+00	
 1.7804e+00	
 2.3638e+00	
 1.7968e+00	
 1.9121e+00	
 1.8778e+00	
 1.9432e+00	
 1.8847e+00	
 1.6171e+00	
 1.9021e+00	
 2.0751e+00	
 1.5515e+00	
 1.7059e+00	
 1.6654e+00	
 1.7534e+00	
 1.9046e+00	
 2.2486e+00	
 1.9009e+00	
 1.8276e+00	
 2.0681e+00	
 1.8274e+00	
 2.0587e+00	
 1.5972e+00	
 1.5687e+00	
 2.1679e+00	
 2.1300e+00	
 1.7208e+00	
 2.0693e+00	
 1.9572e+00	
 1.6444e+00	
 1.9320e+00	
 2.2109e+00	
 2.1379e+00	
 1.8280e+00	
 1.7586e+00	
 2.5062e+00	
 1.5896e+00	
 2.0350e+00	
 1.7974e+00	
 1.9085e+00	
 1.8709e+00	
 1.8300e+00	
 2.2554e+00	
 2.0224e+00	
 2.1545e+00	
 2.2597e+00	
 2.0497e+00	
 1.7114e+00	
 2.2943e+00	
 1.6212e+00	
 1.9194e+00	
 2.1477e+00	
 1.6679e+00	
 1.8529e+00	
 1.7837e+00	
 1.5912e+00	
 2.2341e+00	
 1.4427e+00	
 1.9557e+00	
 2.0147e+00	
 2.0739e+00	
 1.8990e+00	
 1.7717e+00	
 1.6177e+00	
 1.7718e+00	
 2.1161e+00	
 1.7846e+00	
 1.7960e+00	
 1.8983e+00	
 2.0610e+00	
 1.7270e+00	
 2.1643e+00	
 1.5760e+00	
 1.8877e+00	
 2.1933e+00	
 1.8281e+00	
 2.0920e+00	
 1.9654e+00	
 2.0135e+00	
 2.4686e+00	
 1.7374e+00	
 1.8887e+00	
 1.8166e+00	
 1.9829e+00	
 1.7342e+00	
 1.8172e+00	
 2.1634e+00	
 1.6782e+00	
 1.9563e+00	
 1.8657e+00	
 2.2722e+00	
 1.8192e+00	
 1.7845e+00	
 1.8682e+00	
 2.1005e+00	
 1.7162e+00	
 2.3100e+00	
 1.5825e+00	
 2.4446e+00	
 1.6947e+00	
 1.9654e+00	
 1.6772e+00	
 1.8629e+00	
 2.0752e+00	
 1.7604e+00	
 2.2746e+00	
 1.7240e+00	
 2.0058e+00	
 2.1759e+00	
 1.9487e+00	
 2.0101e+00	
 1.6609e+00	
 1.8464e+00	
 2.2624e+00	
 2.2833e+00	
 2.1106e+00	
 2.2621e+00	
 2.2257e+00	
 1.7534e+00	
 1.8371e+00	
 2.1894e+00	
 1.8828e+00	
 2.2643e+00	
 2.1243e+00	
 2.2193e+00	
 2.1937e+00	
 2.0559e+00	
 2.0283e+00	
 1.9326e+00	
 1.8344e+00	
 1.8419e+00	
 2.2970e+00	
 2.1381e+00	
 2.1829e+00	
 2.3994e+00	
 2.3087e+00	
 1.8983e+00	
 1.5461e+00	
 1.9635e+00	
 2.2959e+00	
 2.0786e+00	
 2.2017e+00	
 2.2743e+00	
 1.6130e+00	
 2.1892e+00	
 2.2064e+00	
 2.3281e+00	
 1.9600e+00	
 2.0396e+00	
 1.8005e+00	
 2.2774e+00	
 1.8572e+00	
 1.5751e+00	
 1.4686e+00	
 2.0596e+00	
 2.0427e+00	
 2.3945e+00	
 1.8447e+00	
 1.8142e+00	
 1.6998e+00	
 2.3405e+00	
 2.0261e+00	
 2.1042e+00	
 1.9246e+00	
 2.1649e+00	
 2.1533e+00	
 2.3342e+00	
 2.1034e+00	
 1.9081e+00	
 1.6268e+00	
 2.0991e+00	
 2.3866e+00	
 1.6848e+00	
 1.8618e+00	
 1.6561e+00	
 2.1395e+00	
 1.8059e+00	
 2.1156e+00	
 1.8029e+00	
 2.3020e+00	
 2.1534e+00	
 1.9909e+00	
 1.8633e+00	
 1.6523e+00	
 2.0898e+00	
 2.2243e+00	
 2.0130e+00	
 2.1937e+00	
 2.0367e+00	
 1.9993e+00	
 2.0395e+00	
 1.9506e+00	
 1.9197e+00	
 2.1285e+00	
 1.9426e+00	
 2.3817e+00	
 1.7610e+00	
 1.9536e+00	
 1.6788e+00	
 2.2290e+00	
 1.9836e+00	
 2.3175e+00	
 1.9615e+00	
 1.9630e+00	
 1.6331e+00	
 2.0079e+00	
 1.7308e+00	
 2.3186e+00	
 2.0104e+00	
 1.7982e+00	
 1.9334e+00	
 2.1259e+00	
 2.0628e+00	
 2.1582e+00	
 2.3276e+00	
 2.1096e+00	
 1.6491e+00	
 2.1976e+00	
 1.8882e+00	
 2.0464e+00	
 2.6765e+00	
 2.0539e+00	
 1.8384e+00	
 2.0524e+00	
 2.6554e+00	
 1.9825e+00	
 2.0816e+00	
 1.7325e+00	
 1.9475e+00	
 2.3236e+00	
 1.7766e+00	
 2.0943e+00	
 2.0320e+00	
 2.4193e+00	
 2.1636e+00	
 1.9821e+00	
 1.5788e+00	
 1.8966e+00	
 1.8316e+00	
 1.7289e+00	
 2.2626e+00	
 2.3589e+00	
 1.6142e+00	
 2.0936e+00	
 2.1588e+00	
 1.8506e+00	
 2.0833e+00	
 1.9779e+00	
 2.1820e+00	
 2.1992e+00	
 2.3192e+00	
 2.2498e+00	
 2.8311e+00	
 2.2189e+00	
 2.2297e+00	
 1.8882e+00	
 2.6279e+00	
 2.0346e+00	
 1.9903e+00	
 2.0412e+00	
 2.4308e+00	
 1.8730e+00	
 2.5550e+00	
 2.0931e+00	
 1.6439e+00	
 2.1626e+00	
 1.8281e+00	
 1.5218e+00	
 2.2477e+00	
 1.8448e+00	
 2.0483e+00	
 1.9700e+00	
 2.1740e+00	
 2.3202e+00	
 2.0841e+00	
 1.9396e+00	
 1.9833e+00	
 2.1005e+00	
 1.6677e+00	
 1.8142e+00	
 2.5891e+00	
 2.0790e+00	
 2.0840e+00	
 1.7124e+00	
 1.5965e+00	
 2.2215e+00	
 1.8180e+00	
 2.0344e+00	
 2.0034e+00	
 2.1085e+00	
 2.3207e+00	
 2.2914e+00	
 2.7758e+00	
 2.0984e+00	
 2.4830e+00	
 2.2564e+00	
 1.9558e+00	
 2.2518e+00	
 2.4884e+00	
 2.4784e+00	
 2.0153e+00	
 1.6246e+00	
 1.7523e+00	
 1.8653e+00	
 2.2487e+00	
 2.1866e+00	
 2.4840e+00	
 2.0992e+00	
 2.0543e+00	
 2.3172e+00	
 2.5119e+00	
 1.5994e+00	
 1.8773e+00	
 2.3410e+00	
 2.2518e+00	
 2.1662e+00	
 1.8753e+00	
 2.3473e+00	
 1.8876e+00	
 1.8108e+00	
 1.9982e+00	
 2.0909e+00	
 2.2632e+00	
 2.2016e+00	
 2.4203e+00	
 1.5882e+00	
 1.9426e+00	
 2.5061e+00	
 2.2775e+00	
 2.2027e+00	
 1.7006e+00	
 1.6697e+00	
 2.3470e+00	
 2.2280e+00	
 1.9607e+00	
 1.9506e+00	
 2.1258e+00	
 1.7323e+00	
 2.1345e+00	
 1.8281e+00	
 1.8702e+00	
 2.0411e+00	
 1.9270e+00	
 2.1924e+00	
 2.0950e+00	
 1.8249e+00	
 1.9822e+00	
 2.1629e+00	
 1.9619e+00	
 1.8398e+00	
 2.0243e+00	
 1.8283e+00	
 2.0512e+00	
 1.8963e+00	
 1.9758e+00	
 2.2455e+00	
 1.8338e+00	
 2.0748e+00	
 1.8288e+00	
 2.0530e+00	
 1.7356e+00	
 2.0136e+00	
 1.8328e+00	
 1.7535e+00	
 1.9825e+00	
 2.4035e+00	
 1.6912e+00	
 2.2965e+00	
 1.7630e+00	
 1.8447e+00	
 1.9545e+00	
 2.5310e+00	
 2.2303e+00	
 2.0016e+00	
 1.5089e+00	
 1.8459e+00	
 2.2331e+00	
 2.0915e+00	
 1.9464e+00	
 2.2196e+00	
 1.8569e+00	
 2.1533e+00	
 1.9749e+00	
 2.0172e+00	
 1.9572e+00	
 2.2482e+00	
 1.9750e+00	
 2.2734e+00	
 2.1702e+00	
 2.4166e+00	
 2.0784e+00	
 1.8494e+00	
 1.7728e+00	
 2.4442e+00	
 2.3342e+00	
 1.7815e+00	
 1.8544e+00	
 2.2564e+00	
 2.0659e+00	
 2.0605e+00	
 2.2337e+00	
 2.3067e+00	
 2.1614e+00	
 1.9031e+00	
 2.0078e+00	
 2.5706e+00	
 2.5189e+00	
 2.4676e+00	
 1.8163e+00	
 2.0029e+00	
 1.7125e+00	
 2.5416e+00	
 2.0583e+00	
 1.8611e+00	
 1.9469e+00	
 2.2058e+00	
 1.8275e+00	
 2.2194e+00	
 1.9987e+00	
 2.1187e+00	
 2.1440e+00	
 2.1166e+00	
 2.3624e+00	
 1.6087e+00	
 2.0850e+00	
 2.2792e+00	
 2.4781e+00	
 2.2261e+00	
 2.3005e+00	
 2.2432e+00	
 2.4618e+00	
 2.0818e+00	
 1.8569e+00	
 2.6759e+00	
 1.8726e+00	
 1.8494e+00	
 2.0974e+00	
 1.8902e+00	
 2.7961e+00	
 2.3965e+00	
 2.0624e+00	
 2.1633e+00	
 2.9812e+00	
 1.8626e+00	
 2.1397e+00	
 2.2122e+00	
 2.0571e+00	
 2.3103e+00	
 2.2502e+00	
 2.5765e+00	
 2.3493e+00	
 1.8772e+00	
 2.1822e+00	
 2.2553e+00	
 1.8503e+00	
 2.0823e+00	
 2.3178e+00	
 2.0250e+00	
 2.2950e+00	
 1.9414e+00	
 1.9714e+00	
 2.3462e+00	
 1.9160e+00	
 1.9463e+00	
 2.4754e+00	
 2.0237e+00	
 2.2191e+00	
 2.2129e+00	
 1.9457e+00	
 2.3405e+00	
 2.0104e+00	
 2.9007e+00	
 2.3060e+00	
 1.8155e+00	
 2.2923e+00	
 2.4617e+00	
 1.9621e+00	
 1.7546e+00	
 2.0243e+00	
 2.1911e+00	
 2.0218e+00	
 2.0952e+00	
 2.6571e+00	
 1.8207e+00	
 2.4800e+00	
 2.0574e+00	
 2.7540e+00	
 2.1427e+00	
 1.8143e+00	
 1.9827e+00	
 2.2182e+00	
 2.3277e+00	
 2.3236e+00	
 2.1050e+00	
 2.1125e+00	
 1.7933e+00	
 2.3117e+00	
 2.2179e+00	
 1.7729e+00	
 1.9792e+00	
 2.2408e+00	
 2.6794e+00	
 2.2833e+00	
 2.3162e+00	
 2.2298e+00	
 2.1528e+00	
 2.1943e+00	
 2.3062e+00	
 1.9356e+00	
 1.4827e+00	
 2.3478e+00	
 2.0239e+00	
 2.2069e+00	
 1.8615e+00	
 2.4584e+00	
 1.9750e+00	
 2.6205e+00	
 2.0953e+00	
 1.9276e+00	
 2.3934e+00	
 2.2462e+00	
 2.3682e+00	
 3.0186e+00	
 2.2844e+00	
 2.2924e+00	
 2.3067e+00	
 2.1250e+00	
 2.3603e+00	
 2.1353e+00	
 2.2293e+00	
 2.2902e+00	
 1.9755e+00	
 1.7979e+00	
 2.0377e+00	
 1.9515e+00	
 2.3656e+00	
 2.1939e+00	
 2.0762e+00	
 2.1280e+00	
 2.4264e+00	
 1.6415e+00	
 2.0999e+00	
 2.2201e+00	
 1.8959e+00	
 1.6878e+00	
 2.3415e+00	
 1.9638e+00	
 2.2921e+00	
 2.6044e+00	
 2.2774e+00	
 1.8052e+00	
 2.2172e+00	
 2.2164e+00	
 2.3334e+00	
 2.0452e+00	
 1.9051e+00	
 2.6170e+00	
 2.2881e+00	
 2.3373e+00	
 2.3628e+00	
 2.1848e+00	
 2.0625e+00	
 2.1113e+00	
 2.1718e+00	
 1.9604e+00	
 2.0186e+00	
 2.1581e+00	
 2.6132e+00	
 2.3336e+00	
 2.2961e+00	
 1.9187e+00	
 2.6017e+00	
 2.1588e+00	
 2.2250e+00	
 2.2014e+00	
 1.7825e+00	
 2.1676e+00	
 1.7916e+00	
 2.2538e+00	
 2.0028e+00	
 1.7683e+00	
 2.0804e+00	
 1.9877e+00	
 2.2285e+00	
 2.4099e+00	
 2.2679e+00	
 2.1931e+00	
 1.9069e+00	
 1.9836e+00	
 2.3285e+00	
 2.1669e+00	
 2.3167e+00	
 2.5822e+00	
 1.8586e+00	
 2.1441e+00	
 1.8298e+00	
 2.2582e+00	
 2.0971e+00	
 2.1478e+00	
 2.0252e+00	
 2.4932e+00	
 2.2769e+00	
 1.9888e+00	
 2.1509e+00	
 2.2022e+00	
 2.6723e+00	
 1.8812e+00	
 2.6898e+00	
 2.2650e+00	
 2.5435e+00	
 2.2218e+00	
 2.0949e+00	
 2.3854e+00	
 2.1981e+00	
 2.5006e+00	
 1.9822e+00	
 2.5322e+00	
 2.5607e+00	
 1.9852e+00	
 2.0693e+00	
 2.2229e+00	
 2.1316e+00	
 1.9721e+00	
 2.3050e+00	
 1.7866e+00	
 2.2029e+00	
 2.3007e+00	
 2.4458e+00	
 2.3574e+00	
 2.1593e+00	
 1.8706e+00	
 2.0755e+00	
 1.7771e+00	
 2.2296e+00	
 1.9923e+00	
 2.2868e+00	
 2.2140e+00	
 2.5675e+00	
 2.3854e+00	
 2.2060e+00	
 2.2051e+00	
 2.3386e+00	
 2.3481e+00	
 2.1841e+00	
 1.8999e+00	
 2.1460e+00	
 1.9674e+00	
 2.2308e+00	
 1.8397e+00	
 2.2394e+00	
 2.3794e+00	
 2.5166e+00	
 2.4149e+00	
 2.2562e+00	
 2.0559e+00	
 2.6532e+00	
 2.2052e+00	
 2.2517e+00	
 1.9338e+00	
 2.2688e+00	
 2.2098e+00	
 2.0168e+00	
 2.6099e+00	
 2.4600e+00	
 2.4514e+00	
 2.1890e+00	
 2.2563e+00	
 2.6676e+00	
 2.2982e+00	
 2.3223e+00	
 2.4367e+00	
 2.7293e+00	
 2.0588e+00	
 2.5047e+00	
 1.7747e+00	
 1.7870e+00	
 2.7647e+00	
 2.6654e+00	
 2.2972e+00	
 1.7141e+00	
 2.2401e+00	
 1.9244e+00	
 2.1548e+00	
 2.1725e+00	
 2.3288e+00	
 2.0672e+00	
 2.1832e+00	
 2.1978e+00	
 2.1693e+00	
 2.4387e+00	
 2.4116e+00	
 2.3635e+00	
 2.9139e+00	
 2.0292e+00	
 2.1997e+00	
 2.3861e+00	
 2.0964e+00	
 2.2788e+00	
 2.1263e+00	
 2.4604e+00	
 1.9779e+00	
 2.3212e+00	
 2.1588e+00	
 2.0470e+00	
 2.4843e+00	
 2.0295e+00	
 2.2545e+00	
 2.2739e+00	
 2.0056e+00	
 2.2220e+00	
 1.9854e+00	
 2.0596e+00	
 2.0922e+00	
 2.5673e+00	
 1.9745e+00	
 2.0997e+00	
 2.0894e+00	
 2.1067e+00	
 2.3541e+00	
 2.4933e+00	
 2.2353e+00	
 2.2242e+00	
 2.2027e+00	
 2.5620e+00	
 2.6459e+00	
 2.5501e+00	
 2.4220e+00	
 2.1137e+00	
 2.3410e+00	
 2.1450e+00	
 2.4131e+00	
 1.8252e+00	
 2.3318e+00	
 2.9446e+00	
 2.3127e+00	
 2.2639e+00	
 2.1518e+00	
 2.4984e+00	
 2.4330e+00	
 2.2426e+00	
 2.4489e+00	
 1.8189e+00	
 2.4503e+00	
 2.6586e+00	
 2.0066e+00	
 1.8093e+00	
 2.2891e+00	
 2.1616e+00	
 2.2576e+00	
 1.9883e+00	
 2.1335e+00	
 2.3053e+00	
 2.0667e+00	
 2.4193e+00	
 2.1824e+00	
 2.4961e+00	
 2.3914e+00	
 2.3193e+00	
 2.2723e+00	
 2.1313e+00	
 2.5106e+00	
 2.1163e+00	
 2.5942e+00	
 2.2397e+00	
 2.3279e+00	
 2.4256e+00	
 2.1878e+00	
 2.4219e+00	
 2.5479e+00	
 2.2307e+00	
 2.0237e+00	
 2.1456e+00	
 1.9660e+00	
 2.4954e+00	
 2.0574e+00	
 1.7888e+00	
 2.3271e+00	
 2.1865e+00	
 2.7739e+00	
 2.8862e+00	
 2.4835e+00	
 2.3333e+00	
 2.2235e+00	
 2.5959e+00	
 2.3152e+00	
 2.2520e+00	
 1.8596e+00	
 2.3241e+00	
 2.3978e+00	
 2.2985e+00	
 3.0966e+00	
 1.6973e+00	
 2.3159e+00	
 2.2924e+00	
 1.8310e+00	
 1.6804e+00	
 2.5545e+00	
 2.5048e+00	
 1.6738e+00	
 1.8269e+00	
 2.5528e+00	
 2.2954e+00	
 2.4554e+00	
 2.2831e+00	
 2.2604e+00	
 1.8488e+00	
 2.1184e+00	
 2.3268e+00	
 2.2589e+00	
 2.2921e+00	
 2.3024e+00	
 2.4396e+00	
 1.8566e+00	
 2.2455e+00	
 2.2840e+00	
 2.1866e+00	
 1.8623e+00	
 2.4846e+00	
 2.3188e+00	
 2.1469e+00	
 2.0543e+00	
 2.1519e+00	
 2.1514e+00	
 2.1100e+00	
 2.2385e+00	
 2.3300e+00	
 1.9684e+00	
 2.0096e+00	
 1.9303e+00	
 1.7976e+00	
 2.0435e+00	
 2.1359e+00	
 2.4485e+00	
 1.7989e+00	
 2.4758e+00	
 1.9486e+00	
 2.9659e+00	
 2.7108e+00	
 2.6195e+00	
 2.1707e+00	
 2.1862e+00	
 2.5542e+00	
 2.2789e+00	
 1.9669e+00	
 2.5208e+00	
 2.2539e+00	
 1.9661e+00	
 2.0206e+00	
 2.5800e+00	
 2.6623e+00	
 1.9509e+00	
 2.2337e+00	
 1.9074e+00	
 2.0771e+00	
 2.3485e+00	
 2.1217e+00	
 2.1065e+00	
 2.4196e+00	
 2.2640e+00	
 2.7769e+00	
 2.1097e+00	
 2.2316e+00	
 2.3805e+00	
 2.2254e+00	
 2.2982e+00	
 2.1375e+00	
 1.9960e+00	
 1.9937e+00	
 1.7548e+00	
 2.6977e+00	
 2.5539e+00	
 2.1604e+00	
 2.4090e+00	
 1.9273e+00	
 2.0328e+00	
 2.4806e+00	
 1.4643e+00	
 1.1967e+00	
 1.0363e+00	
 1.3251e+00	
 1.2470e+00	
 1.5124e+00	
 1.2846e+00	
 8.1990e-01	
 8.0071e-01	
 1.2156e+00	
 9.0200e-01	
 7.1187e-01	
 1.1570e+00	
 9.8995e-01	
 9.5876e-01	
 1.1292e+00	
 1.0723e+00	
 7.4773e-01	
 1.6550e+00	
 8.3206e-01	
 9.9802e-01	
 1.0501e+00	
 1.1687e+00	
 9.8537e-01	
 8.5856e-01	
 8.4988e-01	
 1.1489e+00	
 6.1612e-01	
 8.7780e-01	
 1.0658e+00	
 7.6551e-01	
 1.0381e+00	
 7.6644e-01	
 1.2785e+00	
 9.5738e-01	
 1.3947e+00	
 8.0639e-01	
 8.3638e-01	
 1.4184e+00	
 6.7712e-01	
 1.0657e+00	
 8.2465e-01	
 1.0924e+00	
 1.0587e+00	
 9.1699e-01	
 1.1405e+00	
 1.3672e+00	
 1.1929e+00	
 7.9233e-01	
 9.1994e-01	
 1.0380e+00	
 8.8209e-01	
 1.1522e+00	
 1.0090e+00	
 1.1192e+00	
 7.1811e-01	
 8.4751e-01	
 1.3054e+00	
 1.2837e+00	
 1.2824e+00	
 1.0139e+00	
 1.1131e+00	
 9.4207e-01	
 7.6937e-01	
 8.7790e-01	
 9.0138e-01	
 1.3832e+00	
 1.2886e+00	
 1.0633e+00	
 1.1881e+00	
 1.2591e+00	
 1.0796e+00	
 1.1725e+00	
 1.0511e+00	
 1.0767e+00	
 1.1242e+00	
 9.3077e-01	
 1.0291e+00	
 1.1382e+00	
 7.7446e-01	
 8.0482e-01	
 9.8352e-01	
 9.2021e-01	
 6.4878e-01	
 1.1570e+00	
 8.2048e-01	
 7.3052e-01	
 7.4396e-01	
 7.6999e-01	
 9.9672e-01	
 1.1766e+00	
 7.1163e-01	
 8.1564e-01	
 8.4013e-01	
 1.1740e+00	
 9.3042e-01	
 7.0175e-01	
 1.0998e+00	
 7.4360e-01	
 1.2350e+00	
 1.0672e+00	
 1.0331e+00	
 1.0342e+00	
 1.2647e+00	
 6.0844e-01	
 7.0233e-01	
 1.1543e+00	
 1.0896e+00	
 8.2205e-01	
 1.1012e+00	
 1.0511e+00	
 1.1279e+00	
 9.3807e-01	
 1.3038e+00	
 1.1812e+00	
 1.0369e+00	
 7.2675e-01	
 9.4335e-01	
 1.1087e+00	
 1.2309e+00	
 1.2068e+00	
 1.2505e+00	
 1.4104e+00	
 1.4028e+00	
 1.1018e+00	
 1.3556e+00	
 1.2662e+00	
 8.1588e-01	
 8.2525e-01	
 9.9996e-01	
 8.8171e-01	
 8.1984e-01	
 8.7337e-01	
 8.8724e-01	
 1.1421e+00	
 1.0604e+00	
 8.0743e-01	
 1.0088e+00	
 1.0098e+00	
 7.7253e-01	
 8.1260e-01	
 8.9247e-01	
 1.0814e+00	
 8.7080e-01	
 8.1601e-01	
 9.0130e-01	
 9.7513e-01	
 1.4943e+00	
 1.1830e+00	
 8.3908e-01	
 1.0113e+00	
 9.7031e-01	
 6.8287e-01	
 1.0190e+00	
 1.3544e+00	
 9.9172e-01	
 8.9571e-01	
 1.2490e+00	
 1.2253e+00	
 8.7301e-01	
 8.5721e-01	
 1.0263e+00	
 8.1148e-01	
 1.0247e+00	
 1.0776e+00	
 8.9301e-01	
 1.0041e+00	
 8.2205e-01	
 1.1028e+00	
 1.0786e+00	
 1.0279e+00	
 1.1116e+00	
 9.5037e-01	
 9.5166e-01	
 1.1771e+00	
 9.4040e-01	
 1.0178e+00	
 1.1200e+00	
 8.2666e-01	
 1.3838e+00	
 1.0354e+00	
 8.5857e-01	
 8.0378e-01	
 1.2508e+00	
 9.3518e-01	
 1.3759e+00	
 1.0184e+00	
 8.1894e-01	
 1.1501e+00	
 1.0534e+00	
 1.2479e+00	
 9.4955e-01	
 7.9678e-01	
 9.4462e-01	
 8.8437e-01	
 9.8947e-01	
 7.3337e-01	
 1.2840e+00	
 8.4302e-01	
 9.4951e-01	
 9.7387e-01	
 8.0427e-01	
 8.8422e-01	
 9.2570e-01	
 9.6066e-01	
 9.3658e-01	
 9.9785e-01	
 1.0928e+00	
 1.0738e+00	
 1.2788e+00	
 1.1529e+00	
 1.0516e+00	
 6.7559e-01	
 1.2774e+00	
 1.3938e+00	
 7.4896e-01	
 1.1461e+00	
 7.5825e-01	
 1.2168e+00	
 1.0713e+00	
 1.4469e+00	
 1.0656e+00	
 1.1903e+00	
 1.1249e+00	
 8.7926e-01	
 1.0021e+00	
 9.4961e-01	
 9.6676e-01	
 9.3152e-01	
 9.5491e-01	
 1.0263e+00	
 1.0308e+00	
 1.0669e+00	
 1.2124e+00	
 1.3872e+00	
 7.8489e-01	
 1.3776e+00	
 7.5551e-01	
 9.2187e-01	
 1.3352e+00	
 8.4327e-01	
 1.0421e+00	
 9.8745e-01	
 8.1739e-01	
 1.0854e+00	
 8.8748e-01	
 1.2435e+00	
 1.2739e+00	
 1.1976e+00	
 9.5174e-01	
 1.5149e+00	
 1.5782e+00	
 8.1958e-01	
 1.2763e+00	
 9.1516e-01	
 1.2913e+00	
 1.0872e+00	
 1.5111e+00	
 1.2216e+00	
 1.3023e+00	
 9.6892e-01	
 1.3144e+00	
 1.1446e+00	
 8.5943e-01	
 1.1716e+00	
 1.1017e+00	
 1.3330e+00	
 1.0684e+00	
 1.3992e+00	
 7.7975e-01	
 1.1560e+00	
 7.8526e-01	
 1.2737e+00	
 1.3074e+00	
 1.0186e+00	
 1.6333e+00	
 1.0872e+00	
 1.1269e+00	
 1.0806e+00	
 9.1243e-01	
 9.6672e-01	
 8.9786e-01	
 8.9742e-01	
 9.2033e-01	
 1.2915e+00	
 9.0483e-01	
 1.3725e+00	
 9.2806e-01	
 6.3838e-01	
 1.0834e+00	
 1.0728e+00	
 7.8091e-01	
 1.4344e+00	
 1.3111e+00	
 1.0220e+00	
 9.2088e-01	
 8.7036e-01	
 9.4635e-01	
 9.2898e-01	
 1.0983e+00	
 1.0016e+00	
 9.8577e-01	
 1.3322e+00	
 9.6339e-01	
 8.7763e-01	
 8.7449e-01	
 1.1118e+00	
 1.0083e+00	
 1.8423e+00	
 1.0413e+00	
 6.8072e-01	
 9.3884e-01	
 1.2746e+00	
 1.4223e+00	
 1.1890e+00	
 1.0873e+00	
 1.4327e+00	
 1.1848e+00	
 1.0833e+00	
 9.7736e-01	
 8.8419e-01	
 1.6292e+00	
 9.7240e-01	
 1.0607e+00	
 1.1177e+00	
 1.0542e+00	
 9.0302e-01	
 1.5034e+00	
 1.1922e+00	
 9.5700e-01	
 1.5409e+00	
 9.6176e-01	
 1.4761e+00	
 9.1171e-01	
 1.1488e+00	
 1.2038e+00	
 9.5101e-01	
 8.6804e-01	
 8.8906e-01	
 1.0995e+00	
 1.4979e+00	
 1.0982e+00	
 1.3426e+00	
 1.5267e+00	
 1.4195e+00	
 1.0088e+00	
 1.4030e+00	
 1.1285e+00	
 1.1274e+00	
 9.4973e-01	
 8.2880e-01	
 1.5112e+00	
 7.6865e-01	
 1.2320e+00	
 9.4021e-01	
 8.0824e-01	
 1.1858e+00	
 1.0659e+00	
 9.1209e-01	
 8.8041e-01	
 1.1290e+00	
 1.3168e+00	
 1.1081e+00	
 1.0663e+00	
 1.2505e+00	
 1.3272e+00	
 1.0502e+00	
 1.1581e+00	
 1.0160e+00	
 1.0678e+00	
 1.2620e+00	
 9.9085e-01	
 2.3841e+00	
 1.4476e+00	
 9.8912e-01	
 7.7421e-01	
 9.1906e-01	
 1.3240e+00	
 1.5813e+00	
 9.3692e-01	
 1.4199e+00	
 1.4678e+00	
 1.1613e+00	
 1.1294e+00	
 1.3116e+00	
 1.0066e+00	
 1.2555e+00	
 8.3665e-01	
 9.4359e-01	
 8.3062e-01	
 9.6580e-01	
 1.2510e+00	
 8.5046e-01	
 1.0896e+00	
 1.0808e+00	
 1.2316e+00	
 8.8877e-01	
 1.2843e+00	
 9.9558e-01	
 1.5080e+00	
 1.3491e+00	
 1.5016e+00	
 1.3054e+00	
 1.2805e+00	
 1.2765e+00	
 1.4914e+00	
 1.1401e+00	
 1.2797e+00	
 1.2245e+00	
 1.0979e+00	
 1.0602e+00	
 1.0472e+00	
 1.0980e+00	
 1.0634e+00	
 1.0684e+00	
 1.1234e+00	
 1.5864e+00	
 1.4061e+00	
 1.2873e+00	
 1.4730e+00	
 1.1427e+00	
 1.2183e+00	
 1.2444e+00	
 1.2164e+00	
 1.2073e+00	
 1.2001e+00	
 1.1138e+00	
 1.1203e+00	
 9.6285e-01	
 1.3161e+00	
 1.0681e+00	
 5.8457e-01	
 1.3441e+00	
 8.4252e-01	
 1.5309e+00	
 9.9414e-01	
 1.5436e+00	
 1.1315e+00	
 1.0860e+00	
 9.1725e-01	
 1.1759e+00	
 1.3734e+00	
 1.0741e+00	
 1.5628e+00	
 1.2822e+00	
 9.6360e-01	
 1.4575e+00	
 1.6173e+00	
 1.4603e+00	
 1.1521e+00	
 9.0394e-01	
 1.0327e+00	
 1.1393e+00	
 1.0060e+00	
 1.4821e+00	
 1.1428e+00	
 1.5460e+00	
 1.3393e+00	
 1.0346e+00	
 1.1466e+00	
 1.0723e+00	
 1.4612e+00	
 8.8333e-01	
 1.0461e+00	
 1.0581e+00	
 9.1505e-01	
 1.4494e+00	
 9.6406e-01	
 1.4660e+00	
 1.6944e+00	
 9.6790e-01	
 1.2490e+00	
 1.4291e+00	
 1.1313e+00	
 1.4786e+00	
 1.2479e+00	
 1.4872e+00	
 1.1555e+00	
 1.3408e+00	
 1.3333e+00	
 1.2565e+00	
 7.6788e-01	
 1.0276e+00	
 9.7089e-01	
 1.1179e+00	
 1.4475e+00	
 1.4323e+00	
 1.4807e+00	
 1.4162e+00	
 1.6246e+00	
 1.1755e+00	
 1.7875e+00	
 1.4782e+00	
 1.2244e+00	
 1.6680e+00	
 1.2512e+00	
 1.2642e+00	
 1.6000e+00	
 1.3796e+00	
 1.6930e+00	
 1.2895e+00	
 1.4477e+00	
 1.1491e+00	
 1.0445e+00	
 8.0806e-01	
 1.1905e+00	
 1.2850e+00	
 1.7079e+00	
 1.2116e+00	
 1.0262e+00	
 1.3524e+00	
 1.1754e+00	
 1.4213e+00	
 1.9134e+00	
 1.2495e+00	
 1.1007e+00	
 1.2915e+00	
 1.3089e+00	
 1.2419e+00	
 1.4054e+00	
 1.1828e+00	
 1.3464e+00	
 1.1262e+00	
 1.2321e+00	
 1.6172e+00	
 1.1105e+00	
 1.0633e+00	
 1.4101e+00	
 1.0636e+00	
 1.2040e+00	
 1.4474e+00	
 1.0407e+00	
 1.1843e+00	
 1.1742e+00	
 1.3294e+00	
 1.9991e+00	
 1.1606e+00	
 1.3943e+00	
 1.6766e+00	
 1.5630e+00	
 1.0045e+00	
 1.9938e+00	
 1.5063e+00	
 1.4690e+00	
 1.5826e+00	
 1.5874e+00	
 1.6723e+00	
 1.1927e+00	
 1.2007e+00	
 1.4457e+00	
 1.2849e+00	
 1.1520e+00	
 1.1821e+00	
 1.0760e+00	
 1.3764e+00	
 1.1803e+00	
 1.4247e+00	
 1.0049e+00	
 1.2168e+00	
 1.2422e+00	
 1.1501e+00	
 1.0213e+00	
 1.0699e+00	
 1.1107e+00	
 1.4565e+00	
 1.0656e+00	
 1.6878e+00	
 1.6313e+00	
 1.7085e+00	
 1.7396e+00	
 1.4443e+00	
 1.4913e+00	
 1.3507e+00	
 1.3860e+00	
 1.1883e+00	
 1.4798e+00	
 1.3215e+00	
 1.3929e+00	
 1.4713e+00	
 1.1703e+00	
 1.5271e+00	
 1.0343e+00	
 1.3852e+00	
 1.6704e+00	
 1.3960e+00	
 1.7459e+00	
 1.5270e+00	
 1.3491e+00	
 1.2077e+00	
 1.2053e+00	
 7.7253e-01	
 1.4857e+00	
 1.3337e+00	
 1.5342e+00	
 1.1716e+00	
 1.1575e+00	
 1.0464e+00	
 1.6031e+00	
 1.2833e+00	
 1.5884e+00	
 1.2452e+00	
 1.3858e+00	
 1.1156e+00	
 1.5609e+00	
 1.3274e+00	
 1.2960e+00	
 1.2608e+00	
 1.2621e+00	
 1.1945e+00	
 1.2932e+00	
 1.5149e+00	
 1.1079e+00	
 1.3914e+00	
 1.5581e+00	
 1.4077e+00	
 1.2763e+00	
 1.4085e+00	
 1.5367e+00	
 1.3725e+00	
 9.7935e-01	
 1.6249e+00	
 1.3226e+00	
 1.1677e+00	
 1.7391e+00	
 1.3098e+00	
 1.2267e+00	
 1.3876e+00	
 1.4789e+00	
 1.0999e+00	
 1.4016e+00	
 1.4809e+00	
 1.9098e+00	
 1.0399e+00	
 1.2267e+00	
 1.7014e+00	
 1.2407e+00	
 1.1796e+00	
 1.3503e+00	
 1.1104e+00	
 1.2024e+00	
 1.2085e+00	
 1.6414e+00	
 1.6803e+00	
 1.5540e+00	
 1.3581e+00	
 1.2598e+00	
 1.2531e+00	
 1.1635e+00	
 1.2711e+00	
 1.4603e+00	
 1.5195e+00	
 1.5765e+00	
 1.9423e+00	
 1.2774e+00	
 1.2761e+00	
 1.7144e+00	
 1.1505e+00	
 1.5631e+00	
 1.6451e+00	
 1.3507e+00	
 1.2491e+00	
 1.5726e+00	
 1.3513e+00	
 1.3815e+00	
 1.5083e+00	
 1.6697e+00	
 1.8117e+00	
 1.5759e+00	
 1.3059e+00	
 1.2684e+00	
 1.5110e+00	
 1.4385e+00	
 1.2397e+00	
 1.5036e+00	
 1.2428e+00	
 1.5488e+00	
 1.1846e+00	
 1.2552e+00	
 1.1202e+00	
 1.1724e+00	
 1.7929e+00	
 1.5245e+00	
 1.9758e+00	
 1.1914e+00	
 1.4567e+00	
 1.4711e+00	
 1.2017e+00	
 1.3986e+00	
 1.0534e+00	
 1.1612e+00	
 1.3815e+00	
 1.7144e+00	
 1.7698e+00	
 1.4165e+00	
 1.4370e+00	
 1.0620e+00	
 1.4916e+00	
 1.2658e+00	
 1.3813e+00	
 1.1954e+00	
 2.1151e+00	
 1.2180e+00	
 1.1306e+00	
 1.5850e+00	
 1.9027e+00	
 1.1061e+00	
 1.4699e+00	
 1.7392e+00	
 1.4191e+00	
 1.4247e+00	
 1.9427e+00	
 1.6753e+00	
 1.8592e+00	
 1.1481e+00	
 1.5386e+00	
 1.6671e+00	
 1.4233e+00	
 1.2778e+00	
 1.4234e+00	
 1.8799e+00	
 1.8335e+00	
 1.4735e+00	
 1.9605e+00	
 1.9819e+00	
 1.5951e+00	
 1.9230e+00	
 9.0123e-01	
 1.4543e+00	
 1.5372e+00	
 1.5248e+00	
 1.4470e+00	
 1.9558e+00	
 1.3622e+00	
 1.3288e+00	
 1.9342e+00	
 1.9277e+00	
 1.9116e+00	
 1.8177e+00	
 1.5481e+00	
 1.4724e+00	
 1.7706e+00	
 1.4204e+00	
 9.5752e-01	
 1.4846e+00	
 1.2698e+00	
 1.2240e+00	
 1.1977e+00	
 1.6735e+00	
 1.3823e+00	
 1.5775e+00	
 1.5543e+00	
 1.2372e+00	
 1.5030e+00	
 1.7537e+00	
 2.1347e+00	
 1.4123e+00	
 1.2562e+00	
 1.3073e+00	
 1.4958e+00	
 9.7392e-01	
 8.9349e-01	
 1.6382e+00	
 1.4472e+00	
 1.5920e+00	
 1.7949e+00	
 1.5281e+00	
 1.3146e+00	
 1.6239e+00	
 1.1763e+00	
 1.5516e+00	
 1.5151e+00	
 1.4650e+00	
 1.9542e+00	
 1.4291e+00	
 1.6673e+00	
 1.3434e+00	
 2.0761e+00	
 1.4692e+00	
 1.4471e+00	
 1.4354e+00	
 1.2218e+00	
 1.4048e+00	
 1.1610e+00	
 1.9200e+00	
 1.3008e+00	
 1.8615e+00	
 1.8029e+00	
 1.4537e+00	
 1.3109e+00	
 1.5227e+00	
 1.4327e+00	
 1.3401e+00	
 1.5241e+00	
 1.7141e+00	
 1.3388e+00	
 1.9284e+00	
 1.9979e+00	
 2.1341e+00	
 1.5606e+00	
 1.5211e+00	
 1.8034e+00	
 1.6308e+00	
 1.3363e+00	
 1.6213e+00	
 1.2214e+00	
 1.5398e+00	
 1.3854e+00	
 1.4330e+00	
 1.5365e+00	
 1.3271e+00	
 1.2893e+00	
 1.6378e+00	
 1.7896e+00	
 1.7076e+00	
 1.3491e+00	
 1.6867e+00	
 1.6159e+00	
 1.9251e+00	
 1.7883e+00	
 1.9801e+00	
 1.4573e+00	
 1.5358e+00	
 1.8493e+00	
 1.0849e+00	
 1.8417e+00	
 2.1813e+00	
 1.6919e+00	
 1.3296e+00	
 1.4908e+00	
 1.1630e+00	
 1.2226e+00	
 1.4660e+00	
 1.2804e+00	
 1.0419e+00	
 1.4726e+00	
 1.3780e+00	
 1.7784e+00	
 1.6120e+00	
 1.8315e+00	
 1.3624e+00	
 1.5071e+00	
 1.5707e+00	
 1.8030e+00	
 1.5341e+00	
 1.4780e+00	
 1.4331e+00	
 1.6784e+00	
 1.6695e+00	
 1.5016e+00	
 1.6209e+00	
 1.8759e+00	
 1.7149e+00	
 1.3886e+00	
 1.8354e+00	
 1.4504e+00	
 1.6347e+00	
 1.3182e+00	
 1.5855e+00	
 1.6359e+00	
 1.7225e+00	
 1.2555e+00	
 2.0816e+00	
 1.6586e+00	
 1.3976e+00	
 1.2976e+00	
 1.3194e+00	
 1.7547e+00	
 1.8018e+00	
 1.4022e+00	
 1.7285e+00	
 1.3916e+00	
 1.6306e+00	
 1.5679e+00	
 1.4797e+00	
 1.2679e+00	
 1.2511e+00	
 1.2915e+00	
 1.5151e+00	
 1.6018e+00	
 1.3496e+00	
 1.8472e+00	
 1.3774e+00	
 1.7063e+00	
 2.1540e+00	
 1.5132e+00	
 1.3515e+00	
 1.7459e+00	
 1.6982e+00	
 1.4114e+00	
 1.1460e+00	
 2.0180e+00	
 1.5616e+00	
 1.5499e+00	
 1.6871e+00	
 1.4258e+00	
 1.1773e+00	
 1.4202e+00	
 1.7095e+00	
 1.6195e+00	
 1.9083e+00	
 1.4477e+00	
 1.4206e+00	
 1.3766e+00	
 1.6278e+00	
 1.7324e+00	
 2.0132e+00	
 1.3725e+00	
 1.2800e+00	
 1.7391e+00	
 1.7617e+00	
 1.5169e+00	
 1.4204e+00	
 1.6283e+00	
 1.3869e+00	
 1.4496e+00	
 1.9385e+00	
 1.6321e+00	
 1.3075e+00	
 1.3708e+00	
 1.9496e+00	
 1.4274e+00	
 1.6099e+00	
 1.2681e+00	
 1.6236e+00	
 1.4246e+00	
 1.5087e+00	
 1.8918e+00	
 1.7275e+00	
 1.9618e+00	
 1.3700e+00	
 1.7670e+00	
 2.0713e+00	
 2.0886e+00	
 1.3483e+00	
 1.3240e+00	
 1.8543e+00	
 1.7340e+00	
 1.9727e+00	
 1.1911e+00	
 1.8654e+00	
 1.7507e+00	
 1.4967e+00	
 1.6068e+00	
 1.7419e+00	
 1.6974e+00	
 1.3977e+00	
 1.4704e+00	
 2.0325e+00	
 1.3574e+00	
 1.7984e+00	
 1.6160e+00	
 1.3069e+00	
 1.4821e+00	
 1.6209e+00	
 1.1437e+00	
 1.8661e+00	
 1.7862e+00	
 1.2204e+00	
 1.3739e+00	
 1.7973e+00	
 1.3423e+00	
 1.4109e+00	
 1.3538e+00	
 1.4935e+00	
 1.2646e+00	
 1.2617e+00	
 1.6059e+00	
 1.3529e+00	
 1.8632e+00	
 1.6143e+00	
 1.5482e+00	
 1.1134e+00	
 1.5902e+00	
 1.8886e+00	
 1.7616e+00	
 1.7191e+00	
 1.4489e+00	
 1.3746e+00	
 1.5253e+00	
 1.9670e+00	
 1.6348e+00	
 1.5105e+00	
 1.5571e+00	
 1.4085e+00	
 1.6259e+00	
 1.0528e+00	
 1.4671e+00	
 1.3299e+00	
 1.7552e+00	
 1.4684e+00	
 1.4114e+00	
 1.9942e+00	
 1.5732e+00	
 1.3551e+00	
 1.6600e+00	
 1.5332e+00	
 1.4469e+00	
 1.7842e+00	
 1.1479e+00	
 1.8670e+00	
 1.3999e+00	
 1.6884e+00	
 1.4022e+00	
 2.0836e+00	
 1.7335e+00	
 1.3982e+00	
 1.6105e+00	
 1.5598e+00	
 1.7633e+00	
 1.5666e+00	
 1.8470e+00	
 1.6613e+00	
 2.1470e+00	
 1.9224e+00	
 1.8710e+00	
 1.7971e+00	
 1.6758e+00	
 1.5204e+00	
 2.0175e+00	
 1.4665e+00	
 1.7420e+00	
 1.6557e+00	
 1.7813e+00	
 1.3952e+00	
 1.4279e+00	
 1.9160e+00	
 1.4406e+00	
 1.9409e+00	
 1.6526e+00	
 1.5784e+00	
 1.3577e+00	
 1.9351e+00	
 2.1191e+00	
 1.7908e+00	
 1.5938e+00	
 1.3260e+00	
 2.1459e+00	
 1.7123e+00	
 1.7269e+00	
 1.4318e+00	
 1.6955e+00	
 1.5524e+00	
 1.8588e+00	
 1.4886e+00	
 1.7867e+00	
 2.0543e+00	
 1.9393e+00	
 1.8556e+00	
 2.0846e+00	
 1.7780e+00	
 1.7784e+00	
 2.0571e+00	
 1.8030e+00	
 1.7466e+00	
 1.8555e+00	
 2.0764e+00	
 2.1297e+00	
 1.9550e+00	
 1.9171e+00	
 1.8165e+00	
 1.9997e+00	
 1.7431e+00	
 1.6165e+00	
 1.3421e+00	
 1.8061e+00	
 1.6024e+00	
 1.6909e+00	
 1.4488e+00	
 1.5406e+00	
 1.6438e+00	
 1.4066e+00	
 1.5060e+00	
 1.7361e+00	
 1.5162e+00	
 1.9235e+00	
 2.1594e+00	
 1.7176e+00	
 1.9879e+00	
 1.9714e+00	
 1.9299e+00	
 1.4728e+00	
 1.9884e+00	
 1.5892e+00	
 1.8777e+00	
 1.7388e+00	
 1.8497e+00	
 1.4253e+00	
 1.5360e+00	
 1.7719e+00	
 1.6716e+00	
 1.6173e+00	
 1.5091e+00	
 1.7515e+00	
 1.6145e+00	
 1.4938e+00	
 1.6576e+00	
 1.4760e+00	
 1.7208e+00	
 1.8056e+00	
 1.7611e+00	
 1.4030e+00	
 2.1992e+00	
 1.5770e+00	
 1.4985e+00	
 1.7904e+00	
 1.9375e+00	
 1.6757e+00	
 1.5760e+00	
 1.7031e+00	
 1.8514e+00	
 1.7557e+00	
 1.5294e+00	
 1.7674e+00	
 1.7162e+00	
 1.3099e+00	
 1.6157e+00	
 1.7667e+00	
 1.8143e+00	
 1.5534e+00	
 1.5546e+00	
 1.4797e+00	
 1.7078e+00	
 1.3207e+00	
 1.5671e+00	
 1.9349e+00	
 1.7944e+00	
 1.3010e+00	
 1.1090e+00	
 1.6880e+00	
 1.7041e+00	
 2.1096e+00	
 1.6802e+00	
 1.4583e+00	
 1.6425e+00	
 1.9771e+00	
 2.2135e+00	
 1.5960e+00	
 1.3874e+00	
 1.5914e+00	
 2.0460e+00	
 1.4049e+00	
 1.5997e+00	
 1.2330e+00	
 1.7302e+00	
 1.4618e+00	
 2.3531e+00	
 1.5382e+00	
 1.8431e+00	
 1.7924e+00	
 2.1041e+00	
 1.9220e+00	
 1.7688e+00	
 1.6296e+00	
 1.5837e+00	
 1.1546e+00	
 1.8503e+00	
 1.3266e+00	
 1.7794e+00	
 1.7684e+00	
 1.6786e+00	
 1.3605e+00	
 1.7237e+00	
 2.3631e+00	
 2.0950e+00	
 1.9192e+00	
 1.9769e+00	
 1.6046e+00	
 2.0125e+00	
 1.3803e+00	
 2.0204e+00	
 1.6797e+00	
 1.9547e+00	
 2.0619e+00	
 1.7450e+00	
 1.5924e+00	
 2.1678e+00	
 1.8687e+00	
 1.3968e+00	
 1.8250e+00	
 1.5560e+00	
 1.6983e+00	
 1.7995e+00	
 2.1459e+00	
 1.6082e+00	
 1.3659e+00	
 2.1201e+00	
 2.1990e+00	
 1.5578e+00	
 1.5265e+00	
 2.3945e+00	
 2.2606e+00	
 1.8887e+00	
 2.3008e+00	
 1.6429e+00	
 1.6823e+00	
 1.9275e+00	
 2.1121e+00	
 1.7833e+00	
 1.4033e+00	
 1.0960e+00	
 1.4963e+00	
 1.9801e+00	
 1.3155e+00	
 1.7852e+00	
 1.4593e+00	
 1.4173e+00	
 1.0363e+00	
 9.2453e-01	
 7.6864e-01	
 7.3351e-01	
 8.2328e-01	
 9.8044e-01	
 9.7522e-01	
 4.5629e-01	
 8.1493e-01	
 7.1521e-01	
 8.3988e-01	
 6.0537e-01	
 5.5633e-01	
 6.2396e-01	
 6.1656e-01	
 4.5574e-01	
 4.9783e-01	
 7.5781e-01	
 6.5838e-01	
 5.1408e-01	
 7.4427e-01	
 4.9728e-01	
 6.0717e-01	
 5.4957e-01	
 9.4972e-01	
 5.9105e-01	
 5.9371e-01	
 6.4272e-01	
 8.2072e-01	
 1.0283e+00	
 7.8827e-01	
 7.2544e-01	
 7.7725e-01	
 8.0619e-01	
 7.4230e-01	
 5.9175e-01	
 6.8381e-01	
 6.9839e-01	
 4.2708e-01	
 4.0911e-01	
 6.9031e-01	
 4.4413e-01	
 6.0728e-01	
 6.8435e-01	
 6.0285e-01	
 6.5569e-01	
 3.7047e-01	
 1.0404e+00	
 6.0353e-01	
 5.7854e-01	
 2.9863e-01	
 5.4637e-01	
 1.1022e+00	
 7.6487e-01	
 7.2523e-01	
 5.4755e-01	
 8.2288e-01	
 6.8533e-01	
 5.9028e-01	
 8.2932e-01	
 3.9662e-01	
 6.2332e-01	
 5.1151e-01	
 7.6583e-01	
 5.1775e-01	
 3.6147e-01	
 7.7768e-01	
 5.5645e-01	
 7.3905e-01	
 3.6340e-01	
 7.2250e-01	
 6.8157e-01	
 5.2353e-01	
 5.5342e-01	
 7.5196e-01	
 8.9123e-01	
 5.2616e-01	
 8.4335e-01	
 5.4791e-01	
 5.7879e-01	
 6.6766e-01	
 4.6606e-01	
 6.5133e-01	
 6.7345e-01	
 6.0459e-01	
 4.8031e-01	
 7.3451e-01	
 4.3637e-01	
 6.7508e-01	
 6.0762e-01	
 6.0712e-01	
 6.2422e-01	
 6.0986e-01	
 7.1287e-01	
 5.8370e-01	
 6.7355e-01	
 8.0518e-01	
 6.8797e-01	
 7.4598e-01	
 6.3853e-01	
 6.0374e-01	
 7.8640e-01	
 8.7561e-01	
 5.3109e-01	
 4.5888e-01	
 5.9132e-01	
 7.6318e-01	
 8.8030e-01	
 5.6629e-01	
 5.4642e-01	
 6.2340e-01	
 7.2119e-01	
 6.5671e-01	
 1.0130e+00	
 8.2563e-01	
 5.0882e-01	
 4.5324e-01	
 4.5676e-01	
 6.7900e-01	
 7.1817e-01	
 6.2877e-01	
 5.9399e-01	
 4.9116e-01	
 5.4548e-01	
 4.9494e-01	
 6.8103e-01	
 7.6110e-01	
 5.5928e-01	
 9.4083e-01	
 5.0250e-01	
 5.6900e-01	
 9.9462e-01	
 7.8167e-01	
 7.1818e-01	
 6.7110e-01	
 5.9165e-01	
 7.5891e-01	
 8.0122e-01	
 9.3427e-01	
 6.9785e-01	
 9.6342e-01	
 6.5455e-01	
 6.6638e-01	
 1.2278e+00	
 7.8495e-01	
 7.3048e-01	
 6.9953e-01	
 7.4983e-01	
 5.5759e-01	
 6.3097e-01	
 1.0965e+00	
 8.3162e-01	
 8.1709e-01	
 6.6199e-01	
 4.7948e-01	
 4.3906e-01	
 5.7029e-01	
 7.5135e-01	
 4.6056e-01	
 6.4968e-01	
 7.8535e-01	
 5.4090e-01	
 7.9208e-01	
 5.6669e-01	
 7.1476e-01	
 6.6861e-01	
 3.7199e-01	
 4.0479e-01	
 5.8336e-01	
 1.1249e+00	
 4.7135e-01	
 7.3575e-01	
 6.4971e-01	
 6.0086e-01	
 7.9164e-01	
 8.0482e-01	
 4.4540e-01	
 4.5266e-01	
 8.6541e-01	
 4.9082e-01	
 6.0089e-01	
 1.0138e+00	
 7.0911e-01	
 9.6555e-01	
 7.8905e-01	
 6.6485e-01	
 5.7937e-01	
 6.5777e-01	
 7.6707e-01	
 7.1023e-01	
 5.3632e-01	
 9.5084e-01	
 5.0540e-01	
 8.8717e-01	
 8.8913e-01	
 9.1704e-01	
 5.8285e-01	
 6.2244e-01	
 6.5475e-01	
 7.0438e-01	
 6.5435e-01	
 6.2161e-01	
 5.9658e-01	
 6.1132e-01	
 7.7491e-01	
 7.7609e-01	
 6.4454e-01	
 4.4249e-01	
 6.3604e-01	
 9.4965e-01	
 6.5902e-01	
 8.2177e-01	
 4.9993e-01	
 1.0130e+00	
 5.7096e-01	
 4.9404e-01	
 5.5048e-01	
 3.4748e-01	
 6.2808e-01	
 5.6628e-01	
 5.7498e-01	
 6.2193e-01	
 8.4741e-01	
 7.8766e-01	
 6.1573e-01	
 7.2923e-01	
 8.0721e-01	
 9.3202e-01	
 1.1817e+00	
 6.7654e-01	
 9.4661e-01	
 7.6530e-01	
 6.4668e-01	
 5.1471e-01	
 5.9130e-01	
 5.3409e-01	
 5.3501e-01	
 4.7362e-01	
 6.6623e-01	
 8.9034e-01	
 8.9941e-01	
 7.9659e-01	
 6.5611e-01	
 7.2252e-01	
 8.7003e-01	
 6.6309e-01	
 5.9890e-01	
 7.7774e-01	
 8.4288e-01	
 6.1566e-01	
 1.0258e+00	
 5.1599e-01	
 7.0375e-01	
 7.0405e-01	
 6.9335e-01	
 7.7624e-01	
 6.2627e-01	
 1.0467e+00	
 5.8712e-01	
 7.8046e-01	
 4.2467e-01	
 6.6693e-01	
 7.3115e-01	
 6.4561e-01	
 5.8511e-01	
 7.0180e-01	
 5.6892e-01	
 5.3422e-01	
 7.5046e-01	
 3.2183e-01	
 8.6921e-01	
 7.1165e-01	
 7.2885e-01	
 7.0373e-01	
 1.0406e+00	
 5.7315e-01	
 8.4360e-01	
 7.0331e-01	
 5.1235e-01	
 6.5260e-01	
 5.5391e-01	
 5.5440e-01	
 5.5489e-01	
 7.1146e-01	
 7.8964e-01	
 7.4127e-01	
 6.2031e-01	
 8.1183e-01	
 6.4525e-01	
 8.3043e-01	
 5.5293e-01	
 5.6432e-01	
 1.1415e+00	
 6.0296e-01	
 6.7303e-01	
 9.7238e-01	
 7.7503e-01	
 1.1388e+00	
 8.2118e-01	
 7.0624e-01	
 6.8866e-01	
 9.1183e-01	
 6.5830e-01	
 6.6846e-01	
 7.2186e-01	
 9.9352e-01	
 5.3565e-01	
 7.8600e-01	
 8.7912e-01	
 8.2410e-01	
 5.5242e-01	
 4.6104e-01	
 8.1249e-01	
 7.3980e-01	
 5.3553e-01	
 4.7668e-01	
 7.9825e-01	
 6.8813e-01	
 7.5446e-01	
 8.8231e-01	
 7.3113e-01	
 5.9516e-01	
 3.9397e-01	
 6.0429e-01	
 5.5151e-01	
 6.2417e-01	
 7.1130e-01	
 6.5722e-01	
 9.8063e-01	
 9.6940e-01	
 5.7624e-01	
 9.9924e-01	
 3.4092e-01	
 1.6869e+00	
 8.7663e-01	
 5.0408e-01	
 8.5046e-01	
 7.3208e-01	
 6.6669e-01	
 6.9144e-01	
 6.2954e-01	
 1.2768e+00	
 7.0654e-01	
 6.7089e-01	
 7.1041e-01	
 8.1841e-01	
 5.3581e-01	
 6.6707e-01	
 6.1415e-01	
 8.1821e-01	
 1.0193e+00	
 8.7848e-01	
 9.3746e-01	
 4.8221e-01	
 1.0265e+00	
 7.6650e-01	
 8.5250e-01	
 9.5437e-01	
 1.1261e+00	
 6.3909e-01	
 6.5566e-01	
 1.0920e+00	
 4.5546e-01	
 7.3598e-01	
 8.0835e-01	
 8.5547e-01	
 6.4242e-01	
 6.6489e-01	
 9.2810e-01	
 6.7426e-01	
 5.9238e-01	
 5.4673e-01	
 7.7952e-01	
 7.3093e-01	
 6.3410e-01	
 7.1831e-01	
 7.2035e-01	
 8.4369e-01	
 9.2448e-01	
 1.1636e+00	
 6.4299e-01	
 4.8948e-01	
 7.2759e-01	
 1.3355e+00	
 7.9862e-01	
 9.3862e-01	
 7.9800e-01	
 8.1285e-01	
 7.6071e-01	
 9.4291e-01	
 8.3797e-01	
 6.3402e-01	
 7.8214e-01	
 6.2242e-01	
 8.3731e-01	
 1.0416e+00	
 7.4638e-01	
 5.8982e-01	
 6.8652e-01	
 7.5143e-01	
 1.0704e+00	
 6.3939e-01	
 6.9501e-01	
 9.4663e-01	
 1.0784e+00	
 4.3688e-01	
 6.2215e-01	
 1.0726e+00	
 6.7809e-01	
 5.3133e-01	
 7.3329e-01	
 6.1907e-01	
 5.2001e-01	
 7.6344e-01	
 7.7557e-01	
 5.7126e-01	
 5.9344e-01	
 9.0916e-01	
 8.4246e-01	
 1.0844e+00	
 8.4321e-01	
 8.9922e-01	
 1.0351e+00	
 7.7015e-01	
 5.9478e-01	
 1.0400e+00	
 7.2436e-01	
 7.0168e-01	
 8.8883e-01	
 7.4597e-01	
 6.1457e-01	
 7.7957e-01	
 9.8730e-01	
 1.0486e+00	
 9.1111e-01	
 1.1128e+00	
 8.3974e-01	
 6.6475e-01	
 9.2364e-01	
 1.0167e+00	
 4.8330e-01	
 9.8720e-01	
 5.8344e-01	
 5.6349e-01	
 5.5026e-01	
 5.4358e-01	
 6.4914e-01	
 9.9862e-01	
 5.6881e-01	
 7.1464e-01	
 6.7684e-01	
 6.1294e-01	
 1.0766e+00	
 1.1661e+00	
 1.1794e+00	
 1.1034e+00	
 8.9200e-01	
 7.8328e-01	
 8.5831e-01	
 9.3257e-01	
 6.9875e-01	
 8.3930e-01	
 8.7046e-01	
 1.0580e+00	
 5.1538e-01	
 7.8540e-01	
 4.8505e-01	
 8.4549e-01	
 9.7843e-01	
 5.4142e-01	
 1.0760e+00	
 8.4148e-01	
 7.1325e-01	
 1.3881e+00	
 1.0450e+00	
 6.8320e-01	
 7.7504e-01	
 6.3193e-01	
 1.1978e+00	
 7.5909e-01	
 9.2628e-01	
 8.1018e-01	
 1.0046e+00	
 8.9401e-01	
 8.2714e-01	
 7.1215e-01	
 6.0067e-01	
 1.0432e+00	
 9.8184e-01	
 1.2129e+00	
 4.7834e-01	
 9.5909e-01	
 1.0825e+00	
 7.5445e-01	
 9.2667e-01	
 6.6002e-01	
 1.0329e+00	
 1.1528e+00	
 8.7153e-01	
 7.4355e-01	
 1.0644e+00	
 1.1013e+00	
 1.5966e+00	
 9.6766e-01	
 1.0471e+00	
 1.2095e+00	
 8.2701e-01	
 1.0086e+00	
 8.5279e-01	
 9.8128e-01	
 8.8480e-01	
 1.0003e+00	
 8.8013e-01	
 8.4884e-01	
 7.5563e-01	
 9.9871e-01	
 1.2545e+00	
 8.4415e-01	
 7.0459e-01	
 9.3023e-01	
 8.8746e-01	
 8.4052e-01	
 8.6116e-01	
 8.0355e-01	
 8.5606e-01	
 6.1915e-01	
 9.2117e-01	
 6.1321e-01	
 6.8563e-01	
 9.6327e-01	
 1.0022e+00	
 7.2021e-01	
 8.2867e-01	
 1.2326e+00	
 6.9283e-01	
 6.3985e-01	
 7.9308e-01	
 9.1209e-01	
 9.8095e-01	
 7.1309e-01	
 1.0030e+00	
 1.1894e+00	
 9.2637e-01	
 9.2943e-01	
 1.0046e+00	
 7.6717e-01	
 9.2104e-01	
 8.7465e-01	
 1.1226e+00	
 1.2577e+00	
 1.0891e+00	
 8.9727e-01	
 7.6666e-01	
 1.0292e+00	
 6.1322e-01	
 8.1468e-01	
 3.9832e-01	
 5.8133e-01	
 9.1187e-01	
 1.1767e+00	
 1.2593e+00	
 1.1218e+00	
 1.3752e+00	
 7.2964e-01	
 7.4007e-01	
 9.2453e-01	
 1.1416e+00	
 1.1670e+00	
 1.0541e+00	
 8.6790e-01	
 8.5192e-01	
 9.7675e-01	
 9.3461e-01	
 1.2115e+00	
 8.7733e-01	
 1.3286e+00	
 5.0778e-01	
 1.0994e+00	
 1.3912e+00	
 7.2516e-01	
 6.6799e-01	
 6.8188e-01	
 9.0757e-01	
 1.2699e+00	
 8.5521e-01	
 8.8534e-01	
 9.3751e-01	
 9.0366e-01	
 7.6015e-01	
 9.3834e-01	
 7.0737e-01	
 1.1627e+00	
 1.1760e+00	
 7.2273e-01	
 1.1422e+00	
 8.7833e-01	
 6.7997e-01	
 6.8720e-01	
 9.2246e-01	
 6.0442e-01	
 9.4412e-01	
 7.1282e-01	
 1.2161e+00	
 1.0384e+00	
 6.2088e-01	
 9.2373e-01	
 7.9287e-01	
 8.0333e-01	
 5.4944e-01	
 7.4788e-01	
 8.8427e-01	
 8.2484e-01	
 1.0986e+00	
 9.5533e-01	
 1.0203e+00	
 8.4608e-01	
 1.1264e+00	
 1.0408e+00	
 1.0739e+00	
 1.0259e+00	
 7.8077e-01	
 9.4473e-01	
 6.6885e-01	
 8.1671e-01	
 7.3191e-01	
 6.1243e-01	
 7.3605e-01	
 7.9112e-01	
 9.7489e-01	
 6.3324e-01	
 8.1987e-01	
 6.4309e-01	
 6.9115e-01	
 7.3691e-01	
 8.4238e-01	
 9.7853e-01	
 7.7362e-01	
 8.9534e-01	
 9.8272e-01	
 6.8117e-01	
 6.4447e-01	
 5.7199e-01	
 1.4708e+00	
 1.0233e+00	
 1.1836e+00	
 1.4717e+00	
 1.1224e+00	
 1.0471e+00	
 1.2580e+00	
 1.2685e+00	
 6.6782e-01	
 1.5155e+00	
 9.3723e-01	
 1.3046e+00	
 7.8226e-01	
 9.4949e-01	
 1.0232e+00	
 1.0635e+00	
 6.5199e-01	
 1.3257e+00	
 9.5961e-01	
 9.7956e-01	
 7.7829e-01	
 7.2126e-01	
 1.3180e+00	
 6.7707e-01	
 9.4663e-01	
 9.8727e-01	
 1.1665e+00	
 9.2012e-01	
 8.4802e-01	
 9.3353e-01	
 1.0479e+00	
 1.0104e+00	
 1.3535e+00	
 1.1290e+00	
 8.3147e-01	
 9.4501e-01	
 1.1328e+00	
 1.0379e+00	
 1.1165e+00	
 7.7227e-01	
 9.9837e-01	
 9.4620e-01	
 9.2331e-01	
 9.5516e-01	
 8.7790e-01	
 1.2299e+00	
 1.0412e+00	
 8.5940e-01	
 1.2950e+00	
 8.3661e-01	
 9.8253e-01	
 1.2733e+00	
 1.2311e+00	
 1.4008e+00	
 1.0373e+00	
 1.1841e+00	
 7.8955e-01	
 5.7719e-01	
 1.2871e+00	
 9.3879e-01	
 9.0259e-01	
 8.8014e-01	
 9.6239e-01	
 1.0645e+00	
 1.1679e+00	
 1.1446e+00	
 1.1562e+00	
 1.1767e+00	
 8.2592e-01	
 7.8925e-01	
 9.9443e-01	
 6.2385e-01	
 7.9919e-01	
 8.1048e-01	
 1.1633e+00	
 1.1282e+00	
 8.8763e-01	
 9.4934e-01	
 9.6468e-01	
 7.7662e-01	
 1.0951e+00	
 9.0467e-01	
 1.3379e+00	
 6.9541e-01	
 6.9877e-01	
 1.0914e+00	
 9.9279e-01	
 1.0890e+00	
 9.9300e-01	
 1.0177e+00	
 1.6357e+00	
 9.2894e-01	
 1.0911e+00	
 9.7082e-01	
 9.7688e-01	
 1.4333e+00	
 1.1693e+00	
 1.0177e+00	
 9.9130e-01	
 1.2301e+00	
 1.0200e+00	
 1.0527e+00	
 1.5075e+00	
 9.4975e-01	
 1.2497e+00	
 9.6336e-01	
 8.4828e-01	
 1.0033e+00	
 1.1851e+00	
 1.2868e+00	
 1.0129e+00	
 7.5973e-01	
 1.0053e+00	
 7.8856e-01	
 1.2338e+00	
 8.1648e-01	
 1.0621e+00	
 1.2230e+00	
 9.3150e-01	
 8.2674e-01	
 9.3250e-01	
 1.2297e+00	
 1.2998e+00	
 1.1283e+00	
 9.6764e-01	
 8.7124e-01	
 1.1413e+00	
 1.1205e+00	
 9.7067e-01	
 1.2854e+00	
 1.1785e+00	
 1.0466e+00	
 7.2451e-01	
 7.8616e-01	
 1.3974e+00	
 8.4117e-01	
 7.4240e-01	
 9.6182e-01	
 8.4755e-01	
 1.7788e+00	
 1.5031e+00	
 5.7714e-01	
 1.1537e+00	
 1.0301e+00	
 1.1040e+00	
 1.1118e+00	
 1.0531e+00	
 8.5232e-01	
 1.1501e+00	
 6.0105e-01	
 1.0112e+00	
 1.0905e+00	
 1.2853e+00	
 7.0993e-01	
 6.7971e-01	
 1.4493e+00	
 1.0744e+00	
 1.0427e+00	
 1.2611e+00	
 9.2155e-01	
 1.1939e+00	
 9.3736e-01	
 1.1968e+00	
 8.0816e-01	
 1.3819e+00	
 1.1216e+00	
 1.0356e+00	
 8.1272e-01	
 1.2781e+00	
 9.3348e-01	
 1.1846e+00	
 8.5089e-01	
 1.3697e+00	
 1.2516e+00	
 1.2707e+00	
 9.6904e-01	
 7.7823e-01	
 1.3879e+00	
 1.1926e+00	
 1.3029e+00	
 1.2147e+00	
 1.1279e+00	
 1.0150e+00	
 1.0578e+00	
 1.2131e+00	
 1.1963e+00	
 1.3114e+00	
 6.6605e-01	
 1.2929e+00	
 9.3522e-01	
 1.0875e+00	
 1.2136e+00	
 7.8212e-01	
 9.2735e-01	
 1.0860e+00	
 9.4732e-01	
 9.5752e-01	
 1.0890e+00	
 1.1766e+00	
 1.1472e+00	
 1.3815e+00	
 7.5771e-01	
 1.0643e+00	
 1.1267e+00	
 1.1500e+00	
 1.0242e+00	
 1.2096e+00	
 1.0996e+00	
 1.6376e+00	
 1.0109e+00	
 9.6036e-01	
 1.4788e+00	
 8.6953e-01	
 7.5915e-01	
 1.2588e+00	
 1.2354e+00	
 1.0858e+00	
 1.2482e+00	
 1.1132e+00	
 1.1018e+00	
 1.1637e+00	
 1.1528e+00	
 1.4035e+00	
 1.0463e+00	
 1.0808e+00	
 1.0399e+00	
 1.2287e+00	
 1.0144e+00	
 9.6569e-01	
 1.0123e+00	
 1.2130e+00	
 1.3725e+00	
 9.6772e-01	
 1.2100e+00	
 1.0696e+00	
 1.3315e+00	
 1.1250e+00	
 1.1171e+00	
 1.9930e+00	
 1.0654e+00	
 1.1909e+00	
 1.3203e+00	
 1.0101e+00	
 1.5812e+00	
 1.0513e+00	
 1.1732e+00	
 9.3484e-01	
 1.1837e+00	
 8.6020e-01	
 1.0015e+00	
 1.8765e+00	
 1.5957e+00	
 1.0919e+00	
 1.2151e+00	
 1.3706e+00	
 8.8862e-01	
 9.8792e-01	
 1.0111e+00	
 1.0109e+00	
 1.2325e+00	
 1.1888e+00	
 1.1680e+00	
 1.0043e+00	
 8.0229e-01	
 1.0460e+00	
 1.2245e+00	
 1.1176e+00	
 1.2516e+00	
 1.4811e+00	
 9.5941e-01	
 1.5058e+00	
 1.3877e+00	
 1.1098e+00	
 1.2611e+00	
 1.3460e+00	
 1.0491e+00	
 1.3061e+00	
 6.7294e-01	
 1.1259e+00	
 9.1747e-01	
 1.4197e+00	
 1.0912e+00	
 1.2604e+00	
 1.1184e+00	
 1.3362e+00	
 1.1950e+00	
 1.1602e+00	
 1.3833e+00	
 1.0387e+00	
 1.2217e+00	
 1.0046e+00	
 1.1921e+00	
 1.1920e+00	
 1.1523e+00	
 1.1620e+00	
 1.2937e+00	
 9.7994e-01	
 1.1908e+00	
 1.2061e+00	
 1.0466e+00	
 8.7510e-01	
 1.1587e+00	
 1.0115e+00	
 1.6999e+00	
 1.2865e+00	
 1.2220e+00	
 1.5203e+00	
 9.7854e-01	
 1.1668e+00	
 9.4000e-01	
 1.0929e+00	
 9.9536e-01	
 1.3059e+00	
 1.2231e+00	
 1.2038e+00	
 1.2580e+00	
 8.4507e-01	
 1.0352e+00	
 1.1659e+00	
 1.2080e+00	
 9.2131e-01	
 1.1619e+00	
 1.1422e+00	
 1.4758e+00	
 1.0656e+00	
 1.7031e+00	
 9.6453e-01	
 1.2629e+00	
 7.9549e-01	
 1.3604e+00	
 1.4272e+00	
 9.3450e-01	
 1.2384e+00	
 1.4395e+00	
 1.3369e+00	
 1.5942e+00	
 1.2377e+00	
 1.1885e+00	
 1.4299e+00	
 9.2646e-01	
 1.2741e+00	
 1.2496e+00	
 1.3379e+00	
 1.3205e+00	
 9.8412e-01	
 5.8591e-01	
 9.4879e-01	
 1.0988e+00	
 1.0412e+00	
 8.7441e-01	
 1.1059e+00	
 1.2891e+00	
 1.2461e+00	
 1.2560e+00	
 1.0182e+00	
 1.0885e+00	
 1.4307e+00	
 1.4528e+00	
 1.1583e+00	
 1.0644e+00	
 1.2790e+00	
 1.1491e+00	
 1.2415e+00	
 1.5123e+00	
 1.3533e+00	
 1.3153e+00	
 1.0806e+00	
 9.7416e-01	
 1.4385e+00	
 1.1272e+00	
 1.4238e+00	
 9.6974e-01	
 1.2756e+00	
 9.2449e-01	
 8.7162e-01	
 1.5059e+00	
 1.4704e+00	
 1.0432e+00	
 1.1400e+00	
 1.3855e+00	
 9.0641e-01	
 1.2542e+00	
 1.2481e+00	
 9.9534e-01	
 1.3187e+00	
 1.1424e+00	
 1.2116e+00	
 1.1368e+00	
 1.3551e+00	
 1.3825e+00	
 1.4464e+00	
 1.3463e+00	
 1.1985e+00	
 1.6978e+00	
 1.2246e+00	
 9.4505e-01	
 9.7685e-01	
 8.5874e-01	
 1.0613e+00	
 9.4523e-01	
 1.3539e+00	
 1.4115e+00	
 1.2626e+00	
 1.0268e+00	
 1.5405e+00	
 1.2562e+00	
 9.5161e-01	
 1.0817e+00	
 1.3969e+00	
 1.0326e+00	
 1.5691e+00	
 1.1790e+00	
 1.3115e+00	
 1.0737e+00	
 1.1325e+00	
 1.2588e+00	
 1.0575e+00	
 9.5819e-01	
 1.5024e+00	
 1.9176e+00	
 1.3982e+00	
 1.4550e+00	
 7.7857e-01	
 1.3843e+00	
 1.8821e+00	
 1.0811e+00	
 1.2342e+00	
 1.2624e+00	
 8.6074e-01	
 1.3926e+00	
 1.1893e+00	
 1.4824e+00	
 1.4652e+00	
 1.0641e+00	
 1.2518e+00	
 9.5329e-01	
 1.2541e+00	
 1.4558e+00	
 1.1714e+00	
 1.4743e+00	
 1.5411e+00	
 1.0790e+00	
 1.0728e+00	
 1.3816e+00	
 1.4714e+00	
 1.4518e+00	
 1.5122e+00	
 1.4484e+00	
 9.6174e-01	
 1.5871e+00	
 1.1963e+00	
 1.4011e+00	
 1.2120e+00	
 1.4571e+00	
 1.3383e+00	
 1.2212e+00	
 1.4078e+00	
 1.1158e+00	
 9.2266e-01	
 1.3519e+00	
 1.2591e+00	
 1.3821e+00	
 1.6150e+00	
 1.4212e+00	
 1.3780e+00	
 1.3261e+00	
 1.2742e+00	
 1.0658e+00	
 1.1318e+00	
 1.1178e+00	
 1.2596e+00	
 1.2338e+00	
 1.1537e+00	
 1.0332e+00	
 1.3079e+00	
 1.1543e+00	
 1.3882e+00	
 1.2387e+00	
 1.3703e+00	
 1.1916e+00	
 1.4709e+00	
 1.2023e+00	
 1.0386e+00	
 1.1512e+00	
 1.3392e+00	
 1.3121e+00	
 1.4820e+00	
 1.0110e+00	
 1.7035e+00	
 1.3575e+00	
 1.5399e+00	
 2.0743e+00	
 1.4028e+00	
 1.2850e+00	
 1.2748e+00	
 1.1803e+00	
 1.2866e+00	
 1.7448e+00	
 1.6946e+00	
 1.5301e+00	
 1.6021e+00	
 1.5162e+00	
 1.3226e+00	
 1.7162e+00	
 1.4602e+00	
 1.6080e+00	
 1.1767e+00	
 1.1023e+00	
 1.2916e+00	
 1.3570e+00	
 1.6601e+00	
 1.5664e+00	
 1.7273e+00	
 1.3100e+00	
 9.8519e-01	
 1.4155e+00	
 1.4742e+00	
 9.5772e-01	
 1.6474e+00	
 1.0793e+00	
 1.6655e+00	
 1.6980e+00	
 1.3759e+00	
 1.1213e+00	
 1.3364e+00	
 1.7481e+00	
 1.4047e+00	
 1.3846e+00	
 1.1323e+00	
 1.2637e+00	
 1.5252e+00	
 1.5482e+00	
 1.8021e+00	
 1.3008e+00	
 1.2503e+00	
 1.1246e+00	
 1.5636e+00	
 1.3531e+00	
 1.3863e+00	
 1.5457e+00	
 1.4034e+00	
 1.4107e+00	
 1.3609e+00	
 1.0559e+00	
 1.1605e+00	
 1.0886e+00	
 9.4879e-01	
 1.1940e+00	
 1.9001e+00	
 1.1030e+00	
 9.8785e-01	
 1.3697e+00	
 1.3914e+00	
 1.5435e+00	
 1.0686e+00	
 1.4881e+00	
 1.3472e+00	
 1.2878e+00	
 1.4960e+00	
 1.5498e+00	
 1.0975e+00	
 1.1864e+00	
 1.6646e+00	
 1.5782e+00	
 6.3013e-01	
 7.0184e-01	
 4.2002e-01	
 5.7831e-01	
 9.1597e-01	
 3.9345e-01	
 7.7352e-01	
 5.3438e-01	
 6.8227e-01	
 4.9074e-01	
 6.2240e-01	
 5.1369e-01	
 7.0751e-01	
 6.9812e-01	
 4.0931e-01	
 6.6578e-01	
 6.1718e-01	
 5.7178e-01	
 3.6170e-01	
 6.3862e-01	
 7.5946e-01	
 6.8676e-01	
 7.0264e-01	
 5.1551e-01	
 6.3552e-01	
 4.0995e-01	
 6.7842e-01	
 3.5402e-01	
 5.2398e-01	
 3.1398e-01	
 5.1590e-01	
 4.0608e-01	
 3.7191e-01	
 2.7922e-01	
 4.2428e-01	
 4.5506e-01	
 4.8356e-01	
 7.0313e-01	
 4.9748e-01	
 6.5158e-01	
 4.9983e-01	
 3.7861e-01	
 4.0839e-01	
 3.8008e-01	
 5.2785e-01	
 6.2009e-01	
 5.5070e-01	
 5.9915e-01	
 3.8551e-01	
 6.2271e-01	
 4.3493e-01	
 6.8774e-01	
 4.7110e-01	
 5.7208e-01	
 7.8147e-01	
 8.1726e-01	
 6.7867e-01	
 4.1350e-01	
 6.8474e-01	
 4.9703e-01	
 3.5543e-01	
 4.3485e-01	
 5.3829e-01	
 5.0488e-01	
 6.2437e-01	
 6.1868e-01	
 6.3298e-01	
 3.6782e-01	
 5.5698e-01	
 4.1173e-01	
 5.5176e-01	
 4.1877e-01	
 2.2705e-01	
 5.1136e-01	
 4.8344e-01	
 1.0528e+00	
 4.8764e-01	
 2.6072e-01	
 3.7183e-01	
 4.3692e-01	
 5.6311e-01	
 4.3866e-01	
 6.2234e-01	
 3.0588e-01	
 3.4257e-01	
 5.3757e-01	
 3.8488e-01	
 4.1939e-01	
 1.1979e+00	
 3.4944e-01	
 4.5066e-01	
 4.8998e-01	
 6.1842e-01	
 4.9879e-01	
 5.7392e-01	
 3.9130e-01	
 7.5970e-01	
 4.3294e-01	
 3.8938e-01	
 7.1719e-01	
 7.0700e-01	
 6.2053e-01	
 4.4222e-01	
 4.1707e-01	
 3.5933e-01	
 6.5157e-01	
 5.4361e-01	
 2.9379e-01	
 6.7155e-01	
 3.1644e-01	
 4.9588e-01	
 6.1185e-01	
 4.1289e-01	
 5.6460e-01	
 3.8945e-01	
 4.1956e-01	
 3.8213e-01	
 5.1077e-01	
 4.7457e-01	
 2.4520e-01	
 4.2520e-01	
 7.0283e-01	
 8.0027e-01	
 2.5275e-01	
 3.7158e-01	
 4.5250e-01	
 4.0775e-01	
 7.3365e-01	
 4.3773e-01	
 4.8584e-01	
 4.7631e-01	
 5.7532e-01	
 7.3575e-01	
 6.0507e-01	
 6.4941e-01	
 6.1037e-01	
 5.8009e-01	
 3.5822e-01	
 6.8900e-01	
 4.7657e-01	
 4.1723e-01	
 4.4016e-01	
 7.1588e-01	
 9.1113e-01	
 4.8381e-01	
 5.6038e-01	
 5.4352e-01	
 5.0428e-01	
 5.4197e-01	
 5.7054e-01	
 6.2739e-01	
 7.4465e-01	
 4.0088e-01	
 7.3384e-01	
 3.2395e-01	
 4.8033e-01	
 4.2059e-01	
 2.7353e-01	
 3.5027e-01	
 3.5203e-01	
 7.6723e-01	
 4.1334e-01	
 6.5509e-01	
 6.7355e-01	
 5.7094e-01	
 5.2534e-01	
 2.7826e-01	
 5.3806e-01	
 5.6624e-01	
 5.7280e-01	
 2.7283e-01	
 6.4015e-01	
 6.3163e-01	
 3.6598e-01	
 3.6629e-01	
 5.1542e-01	
 4.0531e-01	
 4.9889e-01	
 3.1095e-01	
 2.4038e-01	
 3.1316e-01	
 4.8419e-01	
 6.8554e-01	
 4.3847e-01	
 7.5489e-01	
 5.5558e-01	
 3.4892e-01	
 5.4899e-01	
 4.4920e-01	
 5.4131e-01	
 4.0336e-01	
 4.1545e-01	
 8.5341e-01	
 6.4713e-01	
 3.9953e-01	
 3.4948e-01	
 6.9330e-01	
 6.4697e-01	
 9.9375e-01	
 3.9093e-01	
 6.6025e-01	
 6.9391e-01	
 6.1349e-01	
 6.5557e-01	
 8.7480e-01	
 4.6082e-01	
 5.3635e-01	
 6.9937e-01	
 5.1806e-01	
 5.4084e-01	
 5.9697e-01	
 5.1233e-01	
 3.8339e-01	
 5.5164e-01	
 9.6169e-01	
 4.5917e-01	
 5.9722e-01	
 2.9819e-01	
 5.3123e-01	
 4.8591e-01	
 6.2674e-01	
 6.3902e-01	
 4.9348e-01	
 5.3179e-01	
 4.7626e-01	
 2.9568e-01	
 3.3477e-01	
 7.1044e-01	
 1.8823e-01	
 2.7680e-01	
 5.6730e-01	
 5.8430e-01	
 7.4472e-01	
 6.9277e-01	
 6.7380e-01	
 6.3734e-01	
 4.8895e-01	
 4.5177e-01	
 9.2267e-01	
 4.6115e-01	
 7.9973e-01	
 1.2849e+00	
 5.5981e-01	
 6.4088e-01	
 6.3037e-01	
 5.7785e-01	
 4.0134e-01	
 3.6671e-01	
 6.7129e-01	
 7.1094e-01	
 3.5188e-01	
 6.0029e-01	
 7.4587e-01	
 6.9047e-01	
 1.1192e+00	
 5.5101e-01	
 4.6023e-01	
 6.2331e-01	
 7.5445e-01	
 6.4774e-01	
 4.5529e-01	
 6.3679e-01	
 2.9845e-01	
 5.7137e-01	
 6.3812e-01	
 7.2593e-01	
 4.8295e-01	
 3.8688e-01	
 5.7908e-01	
 2.8866e-01	
 5.8442e-01	
 7.6149e-01	
 4.8922e-01	
 5.4982e-01	
 4.4136e-01	
 6.4348e-01	
 7.3857e-01	
 4.4584e-01	
 6.6066e-01	
 6.5094e-01	
 3.9576e-01	
 8.5868e-01	
 6.4620e-01	
 3.2889e-01	
 5.9534e-01	
 5.7111e-01	
 7.3291e-01	
 4.1000e-01	
 4.7573e-01	
 8.5356e-01	
 4.7543e-01	
 6.4074e-01	
 4.8795e-01	
 4.8713e-01	
 4.8601e-01	
 8.2650e-01	
 4.3068e-01	
 5.1069e-01	
 5.6625e-01	
 4.4744e-01	
 6.3287e-01	
 1.2721e+00	
 6.9341e-01	
 6.1903e-01	
 6.9555e-01	
 8.4050e-01	
 3.6042e-01	
 7.4267e-01	
 4.5274e-01	
 5.4527e-01	
 2.6578e-01	
 6.8446e-01	
 7.2096e-01	
 4.1739e-01	
 7.6014e-01	
 1.0771e+00	
 6.6154e-01	
 4.1649e-01	
 5.5201e-01	
 6.8062e-01	
 5.8359e-01	
 7.3417e-01	
 3.9440e-01	
 4.7948e-01	
 4.5724e-01	
 6.9447e-01	
 1.0234e+00	
 3.5211e-01	
 6.5578e-01	
 6.4765e-01	
 5.0462e-01	
 7.3788e-01	
 6.1859e-01	
 6.8538e-01	
 6.1531e-01	
 4.9412e-01	
 6.0179e-01	
 4.7444e-01	
 8.0660e-01	
 5.0695e-01	
 1.1215e+00	
 7.1804e-01	
 4.8718e-01	
 7.4255e-01	
 5.1078e-01	
 8.8800e-01	
 7.1300e-01	
 4.1806e-01	
 5.4497e-01	
 7.9374e-01	
 5.2368e-01	
 7.0179e-01	
 6.9854e-01	
 8.6868e-01	
 6.2232e-01	
 5.0585e-01	
 4.1302e-01	
 4.7556e-01	
 4.3279e-01	
 6.9046e-01	
 6.5815e-01	
 7.2400e-01	
 8.6137e-01	
 3.7976e-01	
 4.2304e-01	
 5.2006e-01	
 5.3034e-01	
 5.2285e-01	
 4.2102e-01	
 7.5685e-01	
 7.4062e-01	
 4.3995e-01	
 3.8309e-01	
 5.1892e-01	
 5.9179e-01	
 2.9335e-01	
 7.1266e-01	
 3.7143e-01	
 8.0542e-01	
 5.3109e-01	
 9.9701e-01	
 2.6636e-01	
 6.0847e-01	
 9.5797e-01	
 5.7800e-01	
 7.1299e-01	
 9.0438e-01	
 3.8911e-01	
 6.8733e-01	
 7.3066e-01	
 5.8699e-01	
 6.3506e-01	
 5.0632e-01	
 6.7781e-01	
 5.2287e-01	
 7.9670e-01	
 7.1325e-01	
 2.9401e-01	
 7.5499e-01	
 6.1089e-01	
 7.9781e-01	
 4.5476e-01	
 5.2419e-01	
 6.9169e-01	
 5.6025e-01	
 7.1936e-01	
 4.8740e-01	
 6.5410e-01	
 5.8806e-01	
 4.8573e-01	
 8.0285e-01	
 6.0632e-01	
 5.9980e-01	
 7.1143e-01	
 4.1965e-01	
 1.1301e+00	
 9.7878e-01	
 7.0196e-01	
 7.1367e-01	
 6.3096e-01	
 5.9232e-01	
 3.3639e-01	
 5.2225e-01	
 7.0108e-01	
 7.3189e-01	
 5.0767e-01	
 7.9025e-01	
 1.2681e+00	
 3.5726e-01	
 5.4576e-01	
 6.0540e-01	
 6.7027e-01	
 4.0893e-01	
 8.8965e-01	
 4.0128e-01	
 7.5277e-01	
 5.0441e-01	
 7.5231e-01	
 5.0260e-01	
 3.5639e-01	
 4.8461e-01	
 8.5517e-01	
 5.4504e-01	
 9.0067e-01	
 5.1538e-01	
 3.5074e-01	
 9.9115e-01	
 4.5127e-01	
 5.1449e-01	
 5.7261e-01	
 9.9663e-01	
 8.2262e-01	
 8.1090e-01	
 8.2511e-01	
 7.5441e-01	
 5.6592e-01	
 7.8341e-01	
 6.0489e-01	
 1.0404e+00	
 1.0414e+00	
 7.5244e-01	
 5.7178e-01	
 8.4382e-01	
 8.3228e-01	
 6.8494e-01	
 7.1258e-01	
 8.3774e-01	
 1.5640e+00	
 6.4249e-01	
 9.2126e-01	
 5.3074e-01	
 5.5604e-01	
 6.3341e-01	
 8.1777e-01	
 6.7216e-01	
 5.2853e-01	
 6.0752e-01	
 6.3159e-01	
 6.3800e-01	
 5.7038e-01	
 4.8794e-01	
 4.6718e-01	
 4.6550e-01	
 5.7046e-01	
 8.4919e-01	
 1.0792e+00	
 1.0042e+00	
 4.9469e-01	
 8.0617e-01	
 8.1169e-01	
 4.4675e-01	
 6.6904e-01	
 8.5554e-01	
 6.3280e-01	
 4.9361e-01	
 7.6606e-01	
 6.1637e-01	
 4.0176e-01	
 6.0493e-01	
 3.3294e-01	
 5.5312e-01	
 4.6037e-01	
 8.0301e-01	
 9.4137e-01	
 6.3875e-01	
 6.4619e-01	
 7.6261e-01	
 8.2458e-01	
 7.4633e-01	
 1.0225e+00	
 5.3600e-01	
 7.2307e-01	
 4.0757e-01	
 6.1379e-01	
 8.7252e-01	
 5.2645e-01	
 3.9801e-01	
 6.5700e-01	
 6.8461e-01	
 8.9808e-01	
 1.1272e+00	
 5.3271e-01	
 5.6891e-01	
 6.8333e-01	
 6.9332e-01	
 4.8487e-01	
 5.0900e-01	
 3.3987e-01	
 7.0009e-01	
 4.5779e-01	
 5.0642e-01	
 8.6560e-01	
 5.0334e-01	
 8.3660e-01	
 7.5527e-01	
 6.2803e-01	
 6.9059e-01	
 7.7951e-01	
 7.2424e-01	
 5.9636e-01	
 6.2224e-01	
 5.1172e-01	
 5.3620e-01	
 8.1258e-01	
 6.2935e-01	
 9.3285e-01	
 7.7505e-01	
 3.6827e-01	
 8.6312e-01	
 7.5658e-01	
 9.7506e-01	
 1.1254e+00	
 7.9908e-01	
 9.5904e-01	
 4.8863e-01	
 5.9973e-01	
 4.6752e-01	
 8.4168e-01	
 7.8079e-01	
 6.4131e-01	
 4.3638e-01	
 5.9610e-01	
 9.3331e-01	
 9.1885e-01	
 4.7920e-01	
 5.5111e-01	
 7.6884e-01	
 6.1778e-01	
 7.3102e-01	
 8.3643e-01	
 6.4449e-01	
 8.5983e-01	
 9.6433e-01	
 7.4748e-01	
 8.5003e-01	
 5.4072e-01	
 5.9800e-01	
 6.7157e-01	
 7.5469e-01	
 7.5747e-01	
 9.4158e-01	
 8.0101e-01	
 7.8386e-01	
 8.6786e-01	
 7.5473e-01	
 4.5735e-01	
 5.1107e-01	
 7.5379e-01	
 7.7176e-01	
 9.0070e-01	
 5.6297e-01	
 7.4827e-01	
 9.1276e-01	
 7.5988e-01	
 8.3895e-01	
 9.1532e-01	
 8.1534e-01	
 6.9349e-01	
 5.1566e-01	
 6.8845e-01	
 5.0032e-01	
 4.8728e-01	
 5.5977e-01	
 8.5412e-01	
 4.4854e-01	
 7.3142e-01	
 6.9311e-01	
 5.4465e-01	
 7.6021e-01	
 8.6177e-01	
 5.7915e-01	
 6.3176e-01	
 9.0594e-01	
 8.5616e-01	
 8.0716e-01	
 7.4002e-01	
 7.2626e-01	
 9.9636e-01	
 6.7692e-01	
 6.2418e-01	
 1.1445e+00	
 6.1497e-01	
 7.3494e-01	
 8.5051e-01	
 6.3365e-01	
 5.4918e-01	
 5.3840e-01	
 5.5913e-01	
 1.0583e+00	
 5.8099e-01	
 7.3319e-01	
 6.4482e-01	
 7.0901e-01	
 7.0517e-01	
 1.5300e+00	
 7.2200e-01	
 4.9268e-01	
 9.6466e-01	
 5.7739e-01	
 8.5159e-01	
 5.6474e-01	
 8.8085e-01	
 1.0310e+00	
 8.4044e-01	
 8.5219e-01	
 8.5592e-01	
 6.7358e-01	
 9.4536e-01	
 7.0312e-01	
 4.8924e-01	
 9.9345e-01	
 1.1870e+00	
 8.3133e-01	
 9.1064e-01	
 9.6703e-01	
 4.3733e-01	
 7.8999e-01	
 4.7414e-01	
 8.6824e-01	
 6.7090e-01	
 6.5296e-01	
 9.3798e-01	
 6.6242e-01	
 7.6525e-01	
 6.7661e-01	
 6.6775e-01	
 8.1003e-01	
 5.2137e-01	
 5.9483e-01	
 6.4016e-01	
 6.3517e-01	
 1.0713e+00	
 6.8319e-01	
 7.2605e-01	
 6.2552e-01	
 1.0227e+00	
 6.9861e-01	
 9.7662e-01	
 7.0369e-01	
 8.9912e-01	
 5.4295e-01	
 7.1197e-01	
 8.0133e-01	
 8.3265e-01	
 5.7414e-01	
 8.8789e-01	
 7.1622e-01	
 8.2786e-01	
 1.0710e+00	
 8.1004e-01	
 9.4264e-01	
 6.8397e-01	
 5.9415e-01	
 6.5045e-01	
 7.6734e-01	
 1.1645e+00	
 7.8181e-01	
 7.7999e-01	
 8.0143e-01	
 8.9201e-01	
 7.8001e-01	
 1.1712e+00	
 7.9001e-01	
 6.7677e-01	
 8.6789e-01	
 8.8038e-01	
 8.3269e-01	
 1.5579e+00	
 7.5099e-01	
 8.1423e-01	
 1.1842e+00	
 8.5277e-01	
 8.1389e-01	
 7.3298e-01	
 8.8414e-01	
 9.8348e-01	
 5.8105e-01	
 6.1443e-01	
 8.3736e-01	
 5.3627e-01	
 6.8926e-01	
 5.6812e-01	
 7.5346e-01	
 7.8277e-01	
 8.3448e-01	
 6.9625e-01	
 7.7571e-01	
 1.2734e+00	
 4.5789e-01	
 8.2030e-01	
 8.9492e-01	
 7.1800e-01	
 9.7861e-01	
 7.3997e-01	
 6.9290e-01	
 7.7382e-01	
 8.4498e-01	
 8.1717e-01	
 8.6066e-01	
 7.6088e-01	
 1.3299e+00	
 7.3660e-01	
 7.4871e-01	
 8.1850e-01	
 5.2107e-01	
 8.2924e-01	
 7.9905e-01	
 6.6428e-01	
 5.1371e-01	
 8.9950e-01	
 5.1486e-01	
 9.6936e-01	
 8.4300e-01	
 7.9241e-01	
 1.1951e+00	
 1.2983e+00	
 9.3822e-01	
 9.7244e-01	
 8.1504e-01	
 7.6767e-01	
 1.0721e+00	
 1.0944e+00	
 9.4598e-01	
 7.2191e-01	
 7.9377e-01	
 9.4238e-01	
 6.4284e-01	
 7.9762e-01	
 8.0689e-01	
 7.8815e-01	
 8.3491e-01	
 1.0997e+00	
 1.0263e+00	
 7.7456e-01	
 7.7413e-01	
 8.0637e-01	
 1.4604e+00	
 9.5992e-01	
 1.0470e+00	
 8.4024e-01	
 6.2191e-01	
 6.8313e-01	
 5.8103e-01	
 8.5952e-01	
 9.3334e-01	
 6.8606e-01	
 5.0655e-01	
 5.3262e-01	
 9.3017e-01	
 1.1371e+00	
 1.0369e+00	
 7.9271e-01	
 6.0950e-01	
 7.6777e-01	
 6.5296e-01	
 1.2965e+00	
 4.4967e-01	
 8.2778e-01	
 1.2647e+00	
 9.3691e-01	
 1.5728e+00	
 6.6060e-01	
 6.6760e-01	
 7.6963e-01	
 6.5391e-01	
 1.2699e+00	
 7.1125e-01	
 8.4288e-01	
 1.2373e+00	
 1.3335e+00	
 8.1845e-01	
 5.5157e-01	
 8.0760e-01	
 7.1834e-01	
 8.1800e-01	
 8.3311e-01	
 5.3268e-01	
 8.9362e-01	
 7.3564e-01	
 9.8811e-01	
 8.6479e-01	
 8.0356e-01	
 1.4582e+00	
 9.4788e-01	
 1.1675e+00	
 6.4777e-01	
 9.8392e-01	
 8.6064e-01	
 9.0893e-01	
 7.5691e-01	
 1.0168e+00	
 8.9444e-01	
 7.4803e-01	
 7.0807e-01	
 8.9111e-01	
 6.4041e-01	
 8.0782e-01	
 5.3943e-01	
 8.5652e-01	
 6.5178e-01	
 6.5204e-01	
 1.1945e+00	
 1.4166e+00	
 8.5946e-01	
 8.9647e-01	
 9.5075e-01	
 6.0787e-01	
 8.1112e-01	
 1.0173e+00	
 9.6317e-01	
 1.0615e+00	
 7.2485e-01	
 9.3085e-01	
 7.5110e-01	
 1.0621e+00	
 7.8400e-01	
 1.0687e+00	
 1.1333e+00	
 6.7272e-01	
 7.7587e-01	
 6.5725e-01	
 1.0835e+00	
 5.6838e-01	
 8.5901e-01	
 9.0598e-01	
 8.8692e-01	
 6.4060e-01	
 7.8131e-01	
 8.3091e-01	
 7.8518e-01	
 9.4663e-01	
 1.0823e+00	
 1.0498e+00	
 8.9234e-01	
 8.0177e-01	
 8.3102e-01	
 8.9154e-01	
 8.2267e-01	
 6.3829e-01	
 8.7888e-01	
 1.0034e+00	
 7.7298e-01	
 7.6147e-01	
 1.1931e+00	
 9.7226e-01	
 8.9213e-01	
 1.5819e+00	
 7.1546e-01	
 1.1550e+00	
 1.0324e+00	
 1.2415e+00	
 1.1871e+00	
 1.1641e+00	
 1.4624e+00	
 1.1004e+00	
 7.8195e-01	
 8.7931e-01	
 1.0975e+00	
 9.2883e-01	
 8.6883e-01	
 1.2312e+00	
 1.2330e+00	
 1.0371e+00	
 9.7255e-01	
 1.0880e+00	
 1.0423e+00	
 1.0730e+00	
 8.6477e-01	
 8.0713e-01	
 8.9233e-01	
 8.5237e-01	
 9.0067e-01	
 8.5188e-01	
 1.1604e+00	
 1.0578e+00	
 1.2938e+00	
 5.0214e-01	
 8.9466e-01	
 7.5401e-01	
 1.1355e+00	
 7.3829e-01	
 8.8374e-01	
 5.6238e-01	
 9.4181e-01	
 6.1756e-01	
 7.0566e-01	
 1.0266e+00	
 1.0382e+00	
 7.0272e-01	
 1.1231e+00	
 8.1618e-01	
 1.0116e+00	
 8.6595e-01	
 1.1699e+00	
 1.0261e+00	
 1.1601e+00	
 8.2780e-01	
 1.0555e+00	
 1.1816e+00	
 8.8325e-01	
 1.0663e+00	
 1.2456e+00	
 6.7908e-01	
 1.1648e+00	
 7.6105e-01	
 6.9319e-01	
 9.9619e-01	
 1.3966e+00	
 8.2678e-01	
 1.0890e+00	
 7.7382e-01	
 9.9245e-01	
 9.7484e-01	
 9.8135e-01	
 8.2401e-01	
 1.2368e+00	
 9.1310e-01	
 1.2934e+00	
 1.1815e+00	
 1.0130e+00	
 1.1282e+00	
 1.2850e+00	
 1.1095e+00	
 6.9543e-01	
 1.1061e+00	
 8.3752e-01	
 1.3117e+00	
 1.0925e+00	
 8.6979e-01	
 1.0816e+00	
 7.2450e-01	
 1.1026e+00	
 7.1270e-01	
 9.6087e-01	
 9.7086e-01	
 8.0690e-01	
 1.0161e+00	
 8.7030e-01	
 1.1776e+00	
 9.6937e-01	
 8.0109e-01	
 8.9414e-01	
 8.9965e-01	
 7.2167e-01	
 7.5006e-01	
 8.4686e-01	
 7.1381e-01	
 1.2485e+00	
 1.0000e+00	
 9.4760e-01	
 7.6162e-01	
 7.9933e-01	
 1.4351e+00	
 1.1697e+00	
 1.1759e+00	
 1.0087e+00	
 1.3695e+00	
 1.0914e+00	
 7.0977e-01	
 8.5400e-01	
 1.1467e+00	
 8.6757e-01	
 7.4441e-01	
 9.5212e-01	
 1.1491e+00	
 8.8555e-01	
 9.9382e-01	
 7.1875e-01	
 9.7414e-01	
 8.5309e-01	
 1.0508e+00	
 9.2281e-01	
 8.1930e-01	
 1.1312e+00	
 1.1167e+00	
 6.2059e-01	
 9.2854e-01	
 7.5889e-01	
 6.6875e-01	
 1.1282e+00	
 9.9877e-01	
 1.0108e+00	
 1.2086e+00	
 1.0721e+00	
 1.0989e+00	
 1.1600e+00	
 9.6869e-01	
 1.0870e+00	
 8.5482e-01	
 1.1789e+00	
 9.4105e-01	
 1.1042e+00	
 1.0833e+00	
 9.6231e-01	
 1.5281e+00	
 1.3988e+00	
 1.0198e+00	
 1.0041e+00	
 1.3769e+00	
 1.3968e+00	
 5.8980e-01	
 1.0075e+00	
 9.8581e-01	
 6.6673e-01	
 9.0288e-01	
 6.3471e-01	
 9.0827e-01	
 8.0662e-01	
 1.0113e+00	
 1.2366e+00	
 6.7739e-01	
 1.1729e+00	
 1.0695e+00	
 8.1917e-01	
 9.9957e-01	
 9.0711e-01	
 1.0238e+00	
 1.1155e+00	
 1.4875e+00	
 1.1214e+00	
 9.3446e-01	
 7.5805e-01	
 1.3876e+00	
 9.3413e-01	
 1.3926e+00	
 1.1347e+00	
 9.4662e-01	
 1.1242e+00	
 1.1096e+00	
 1.2106e+00	
 1.4407e+00	
 8.7594e-01	
 1.1227e+00	
 1.0102e+00	
 5.2671e-01	
 1.2972e+00	
 1.3402e+00	
 1.1100e+00	
 8.9278e-01	
 1.1241e+00	
 7.4263e-01	
 1.0511e+00	
 1.2970e+00	
 8.4375e-01	
 1.3209e+00	
 9.4793e-01	
 1.3797e+00	
 8.0830e-01	
 1.2593e+00	
 1.0187e+00	
 1.0584e+00	
 8.1403e-01	
 9.9420e-01	
 8.0462e-01	
 1.0242e+00	
 1.0640e+00	
 6.4458e-01	
 7.0742e-01	
 1.2423e+00	
 1.2592e+00	
 9.8496e-01	
 1.6062e+00	
 9.1953e-01	
 1.0020e+00	
 9.2872e-01	
 1.0236e+00	
 1.0929e+00	
 9.9678e-01	
 1.1330e+00	
 1.0979e+00	
 1.1029e+00	
 1.0344e+00	
 1.2050e+00	
 7.4081e-01	
 5.8804e-01	
 9.8346e-01	
 1.1694e+00	
 8.3881e-01	
 1.3487e+00	
 1.0211e+00	
 9.9127e-01	
 1.0133e+00	
 1.0615e+00	
 1.2891e+00	
 1.0849e+00	
 1.1392e+00	
 9.1974e-01	
 1.0985e+00	
 8.5251e-01	
 7.9261e-01	
 1.1346e+00	
 1.3456e+00	
 8.9282e-01	
