loss	
 4.6309e+00	
 4.6507e+00	
 4.6024e+00	
 4.6178e+00	
 4.6147e+00	
 4.6124e+00	
 4.6262e+00	
 4.6263e+00	
 4.5963e+00	
 4.6053e+00	
 4.6066e+00	
 4.6124e+00	
 4.6402e+00	
 4.6254e+00	
 4.6196e+00	
 4.6100e+00	
 4.6149e+00	
 4.6187e+00	
 4.6215e+00	
 4.6228e+00	
 4.6019e+00	
 4.6360e+00	
 4.5931e+00	
 4.6385e+00	
 4.6129e+00	
 4.6088e+00	
 4.6181e+00	
 4.5947e+00	
 4.6067e+00	
 4.6274e+00	
 4.6067e+00	
 4.5985e+00	
 4.6235e+00	
 4.6302e+00	
 4.6088e+00	
 4.6134e+00	
 4.6149e+00	
 4.6050e+00	
 4.6226e+00	
 4.6026e+00	
 4.6114e+00	
 4.6178e+00	
 4.6235e+00	
 4.6265e+00	
 4.6217e+00	
 4.6153e+00	
 4.6098e+00	
 4.6227e+00	
 4.6167e+00	
 4.6055e+00	
 4.6024e+00	
 4.6260e+00	
 4.6146e+00	
 4.6236e+00	
 4.5995e+00	
 4.6226e+00	
 4.6171e+00	
 4.6099e+00	
 4.6169e+00	
 4.6175e+00	
 4.6136e+00	
 4.6038e+00	
 4.6151e+00	
 4.6274e+00	
 4.6211e+00	
 4.6259e+00	
 4.5871e+00	
 4.5872e+00	
 4.6107e+00	
 4.6289e+00	
 4.6166e+00	
 4.6196e+00	
 4.6240e+00	
 4.6257e+00	
 4.5955e+00	
 4.6271e+00	
 4.5893e+00	
 4.5910e+00	
 4.6182e+00	
 4.6221e+00	
 4.6044e+00	
 4.6198e+00	
 4.6204e+00	
 4.6216e+00	
 4.6329e+00	
 4.6420e+00	
 4.6122e+00	
 4.6351e+00	
 4.6345e+00	
 4.6111e+00	
 4.6222e+00	
 4.6187e+00	
 4.6178e+00	
 4.6123e+00	
 4.6313e+00	
 4.6024e+00	
 4.6162e+00	
 4.5982e+00	
 4.6162e+00	
 4.5910e+00	
 4.5923e+00	
 4.6077e+00	
 4.6138e+00	
 4.6202e+00	
 4.6131e+00	
 4.6145e+00	
 4.6176e+00	
 4.5959e+00	
 4.6073e+00	
 4.6133e+00	
 4.5997e+00	
 4.6493e+00	
 4.6052e+00	
 4.5977e+00	
 4.5813e+00	
 4.5972e+00	
 4.6011e+00	
 4.5825e+00	
 4.6142e+00	
 4.6181e+00	
 4.6436e+00	
 4.6294e+00	
 4.5962e+00	
 4.5958e+00	
 4.6271e+00	
 4.5963e+00	
 4.6034e+00	
 4.6322e+00	
 4.6222e+00	
 4.6264e+00	
 4.6298e+00	
 4.6334e+00	
 4.5974e+00	
 4.5921e+00	
 4.6143e+00	
 4.6211e+00	
 4.6138e+00	
 4.6243e+00	
 4.6169e+00	
 4.6009e+00	
 4.6376e+00	
 4.6064e+00	
 4.6256e+00	
 4.6242e+00	
 4.6003e+00	
 4.5909e+00	
 4.6150e+00	
 4.5970e+00	
 4.6253e+00	
 4.6077e+00	
 4.5983e+00	
 4.6157e+00	
 4.6062e+00	
 4.6065e+00	
 4.5935e+00	
 4.5940e+00	
 4.6193e+00	
 4.5948e+00	
 4.6206e+00	
 4.6088e+00	
 4.6085e+00	
 4.6131e+00	
 4.6001e+00	
 4.5989e+00	
 4.6110e+00	
 4.5850e+00	
 4.6006e+00	
 4.6225e+00	
 4.6091e+00	
 4.5987e+00	
 4.6097e+00	
 4.6093e+00	
 4.6216e+00	
 4.6235e+00	
 4.6101e+00	
 4.5989e+00	
 4.6239e+00	
 4.6140e+00	
 4.6007e+00	
 4.6083e+00	
 4.6037e+00	
 4.6233e+00	
 4.6086e+00	
 4.6040e+00	
 4.5959e+00	
 4.6068e+00	
 4.6029e+00	
 4.6037e+00	
 4.5942e+00	
 4.6041e+00	
 4.5990e+00	
 4.5879e+00	
 4.6078e+00	
 4.6096e+00	
 4.6087e+00	
 4.5950e+00	
 4.5712e+00	
 4.5980e+00	
 4.6152e+00	
 4.6230e+00	
 4.6080e+00	
 4.5960e+00	
 4.6114e+00	
 4.6007e+00	
 4.5970e+00	
 4.6108e+00	
 4.6129e+00	
 4.6156e+00	
 4.6179e+00	
 4.6078e+00	
 4.6016e+00	
 4.5815e+00	
 4.6216e+00	
 4.6044e+00	
 4.6006e+00	
 4.6075e+00	
 4.6248e+00	
 4.6120e+00	
 4.6123e+00	
 4.6197e+00	
 4.5912e+00	
 4.5933e+00	
 4.5848e+00	
 4.6290e+00	
 4.6159e+00	
 4.5944e+00	
 4.6235e+00	
 4.5962e+00	
 4.5922e+00	
 4.6026e+00	
 4.5894e+00	
 4.6020e+00	
 4.5859e+00	
 4.6285e+00	
 4.6127e+00	
 4.5897e+00	
 4.6307e+00	
 4.5723e+00	
 4.5858e+00	
 4.6187e+00	
 4.6090e+00	
 4.6097e+00	
 4.6106e+00	
 4.6183e+00	
 4.6113e+00	
 4.6050e+00	
 4.6115e+00	
 4.6002e+00	
 4.6244e+00	
 4.5880e+00	
 4.6006e+00	
 4.6075e+00	
 4.6142e+00	
 4.6110e+00	
 4.5976e+00	
 4.6030e+00	
 4.6151e+00	
 4.6006e+00	
 4.6031e+00	
 4.5939e+00	
 4.6203e+00	
 4.5885e+00	
 4.5991e+00	
 4.6061e+00	
 4.5970e+00	
 4.6135e+00	
 4.6111e+00	
 4.6035e+00	
 4.5806e+00	
 4.6197e+00	
 4.6038e+00	
 4.6076e+00	
 4.6175e+00	
 4.5978e+00	
 4.6111e+00	
 4.6022e+00	
 4.6064e+00	
 4.6076e+00	
 4.6077e+00	
 4.6128e+00	
 4.6003e+00	
 4.6315e+00	
 4.6065e+00	
 4.6036e+00	
 4.6018e+00	
 4.5973e+00	
 4.6156e+00	
 4.6046e+00	
 4.5692e+00	
 4.6026e+00	
 4.5824e+00	
 4.6032e+00	
 4.6272e+00	
 4.6007e+00	
 4.5994e+00	
 4.6059e+00	
 4.6006e+00	
 4.5888e+00	
 4.5974e+00	
 4.6080e+00	
 4.5944e+00	
 4.6119e+00	
 4.6003e+00	
 4.5895e+00	
 4.5993e+00	
 4.5796e+00	
 4.5931e+00	
 4.5963e+00	
 4.6072e+00	
 4.6181e+00	
 4.5854e+00	
 4.6164e+00	
 4.5767e+00	
 4.5795e+00	
 4.5974e+00	
 4.6052e+00	
 4.6031e+00	
 4.5908e+00	
 4.5756e+00	
 4.5851e+00	
 4.5966e+00	
 4.6063e+00	
 4.5668e+00	
 4.5981e+00	
 4.5921e+00	
 4.5950e+00	
 4.6020e+00	
 4.6031e+00	
 4.6081e+00	
 4.6018e+00	
 4.5809e+00	
 4.5925e+00	
 4.5794e+00	
 4.5951e+00	
 4.5821e+00	
 4.5798e+00	
 4.6010e+00	
 4.6041e+00	
 4.5952e+00	
 4.5855e+00	
 4.5915e+00	
 4.5921e+00	
 4.5733e+00	
 4.5980e+00	
 4.6163e+00	
 4.6011e+00	
 4.5960e+00	
 4.5914e+00	
 4.5717e+00	
 4.6077e+00	
 4.6205e+00	
 4.5953e+00	
 4.6105e+00	
 4.5859e+00	
 4.5906e+00	
 4.5827e+00	
 4.6022e+00	
 4.5973e+00	
 4.5984e+00	
 4.6095e+00	
 4.5986e+00	
 4.5988e+00	
 4.5897e+00	
 4.5859e+00	
 4.5855e+00	
 4.5711e+00	
 4.5966e+00	
 4.5813e+00	
 4.6163e+00	
 4.6131e+00	
 4.5969e+00	
 4.5973e+00	
 4.5736e+00	
 4.5982e+00	
 4.5865e+00	
 4.5839e+00	
 4.5936e+00	
 4.6013e+00	
 4.6088e+00	
 4.6022e+00	
 4.5805e+00	
 4.5971e+00	
 4.5861e+00	
 4.5945e+00	
 4.5726e+00	
 4.5819e+00	
 4.6011e+00	
 4.6079e+00	
 4.6234e+00	
 4.6253e+00	
 4.6096e+00	
 4.5731e+00	
 4.5789e+00	
 4.5850e+00	
 4.5866e+00	
 4.5925e+00	
 4.6032e+00	
 4.5969e+00	
 4.5781e+00	
 4.5711e+00	
 4.5914e+00	
 4.5842e+00	
 4.5910e+00	
 4.6009e+00	
 4.5696e+00	
 4.5966e+00	
 4.5856e+00	
 4.5618e+00	
 4.5707e+00	
 4.5824e+00	
 4.5889e+00	
 4.5938e+00	
 4.5828e+00	
 4.5672e+00	
 4.5744e+00	
 4.5947e+00	
 4.5766e+00	
 4.5789e+00	
 4.6065e+00	
 4.5455e+00	
 4.6021e+00	
 4.6008e+00	
 4.5632e+00	
 4.5904e+00	
 4.6008e+00	
 4.6002e+00	
 4.6023e+00	
 4.5977e+00	
 4.5680e+00	
 4.5768e+00	
 4.6052e+00	
 4.5900e+00	
 4.5884e+00	
 4.5782e+00	
 4.5814e+00	
 4.5877e+00	
 4.5809e+00	
 4.6004e+00	
 4.5866e+00	
 4.5792e+00	
 4.6086e+00	
 4.6008e+00	
 4.5955e+00	
 4.5847e+00	
 4.5627e+00	
 4.5816e+00	
 4.5962e+00	
 4.5962e+00	
 4.5957e+00	
 4.6098e+00	
 4.5898e+00	
 4.5724e+00	
 4.5607e+00	
 4.5851e+00	
 4.5618e+00	
 4.5778e+00	
 4.5851e+00	
 4.5833e+00	
 4.5802e+00	
 4.5749e+00	
 4.5763e+00	
 4.5945e+00	
 4.6005e+00	
 4.5840e+00	
 4.5818e+00	
 4.5905e+00	
 4.5786e+00	
 4.5803e+00	
 4.5839e+00	
 4.5875e+00	
 4.5712e+00	
 4.5926e+00	
 4.5746e+00	
 4.5674e+00	
 4.5870e+00	
 4.5547e+00	
 4.6018e+00	
 4.5958e+00	
 4.5803e+00	
 4.5863e+00	
 4.5791e+00	
 4.5674e+00	
 4.5977e+00	
 4.5799e+00	
 4.5712e+00	
 4.5918e+00	
 4.5880e+00	
 4.6202e+00	
 4.5759e+00	
 4.5823e+00	
 4.5754e+00	
 4.5618e+00	
 4.5769e+00	
 4.5680e+00	
 4.5953e+00	
 4.5680e+00	
 4.5533e+00	
 4.5766e+00	
 4.5994e+00	
 4.6070e+00	
 4.5915e+00	
 4.5578e+00	
 4.5888e+00	
 4.5801e+00	
 4.5741e+00	
 4.5878e+00	
 4.5821e+00	
 4.5785e+00	
 4.5817e+00	
 4.5486e+00	
 4.5969e+00	
 4.5793e+00	
 4.5544e+00	
 4.5980e+00	
 4.5891e+00	
 4.5871e+00	
 4.6046e+00	
 4.5723e+00	
 4.5708e+00	
 4.5542e+00	
 4.5802e+00	
 4.5652e+00	
 4.5585e+00	
 4.5751e+00	
 4.5872e+00	
 4.5893e+00	
 4.5804e+00	
 4.5847e+00	
 4.5792e+00	
 4.5776e+00	
 4.5896e+00	
 4.5929e+00	
 4.5792e+00	
 4.5793e+00	
 4.5826e+00	
 4.5555e+00	
 4.5787e+00	
 4.5737e+00	
 4.5785e+00	
 4.6044e+00	
 4.5842e+00	
 4.6067e+00	
 4.5929e+00	
 4.5785e+00	
 4.5778e+00	
 4.5759e+00	
 4.5544e+00	
 4.5952e+00	
 4.6011e+00	
 4.6027e+00	
 4.5995e+00	
 4.6109e+00	
 4.5778e+00	
 4.5725e+00	
 4.5949e+00	
 4.5867e+00	
 4.5652e+00	
 4.5887e+00	
 4.5588e+00	
 4.5535e+00	
 4.5566e+00	
 4.5734e+00	
 4.5522e+00	
 4.5614e+00	
 4.5709e+00	
 4.5813e+00	
 4.5607e+00	
 4.5729e+00	
 4.6066e+00	
 4.5591e+00	
 4.5810e+00	
 4.5709e+00	
 4.5588e+00	
 4.5428e+00	
 4.5840e+00	
 4.5565e+00	
 4.5747e+00	
 4.5518e+00	
 4.5484e+00	
 4.5658e+00	
 4.5600e+00	
 4.5820e+00	
 4.5958e+00	
 4.5443e+00	
 4.5504e+00	
 4.5627e+00	
 4.5689e+00	
 4.5728e+00	
 4.5445e+00	
 4.5644e+00	
 4.5527e+00	
 4.5818e+00	
 4.5759e+00	
 4.5556e+00	
 4.5648e+00	
 4.5730e+00	
 4.5618e+00	
 4.5681e+00	
 4.5955e+00	
 4.5920e+00	
 4.5370e+00	
 4.5413e+00	
 4.6041e+00	
 4.5700e+00	
 4.5561e+00	
 4.5664e+00	
 4.5626e+00	
 4.5743e+00	
 4.5428e+00	
 4.5664e+00	
 4.5800e+00	
 4.5575e+00	
 4.5637e+00	
 4.5649e+00	
 4.5627e+00	
 4.5459e+00	
 4.5867e+00	
 4.5610e+00	
 4.5393e+00	
 4.5979e+00	
 4.5765e+00	
 4.5475e+00	
 4.5673e+00	
 4.5283e+00	
 4.5622e+00	
 4.5763e+00	
 4.5745e+00	
 4.5427e+00	
 4.5476e+00	
 4.5298e+00	
 4.5430e+00	
 4.5493e+00	
 4.5741e+00	
 4.5583e+00	
 4.5872e+00	
 4.5329e+00	
 4.5938e+00	
 4.5360e+00	
 4.5454e+00	
 4.5576e+00	
 4.5687e+00	
 4.5387e+00	
 4.5918e+00	
 4.5149e+00	
 4.5494e+00	
 4.5591e+00	
 4.5205e+00	
 4.5720e+00	
 4.5470e+00	
 4.5539e+00	
 4.5707e+00	
 4.5883e+00	
 4.5721e+00	
 4.5822e+00	
 4.5720e+00	
 4.5557e+00	
 4.5658e+00	
 4.5174e+00	
 4.5134e+00	
 4.5499e+00	
 4.5897e+00	
 4.5808e+00	
 4.5496e+00	
 4.5692e+00	
 4.5425e+00	
 4.5484e+00	
 4.5913e+00	
 4.5780e+00	
 4.5697e+00	
 4.5536e+00	
 4.5473e+00	
 4.5915e+00	
 4.5307e+00	
 4.5240e+00	
 4.5255e+00	
 4.5328e+00	
 4.5462e+00	
 4.5526e+00	
 4.5652e+00	
 4.5800e+00	
 4.5717e+00	
 4.5231e+00	
 4.5612e+00	
 4.5361e+00	
 4.5634e+00	
 4.5571e+00	
 4.5447e+00	
 4.5474e+00	
 4.5700e+00	
 4.5426e+00	
 4.5773e+00	
 4.5172e+00	
 4.5089e+00	
 4.5711e+00	
 4.5905e+00	
 4.5658e+00	
 4.5713e+00	
 4.5308e+00	
 4.5559e+00	
 4.5691e+00	
 4.5332e+00	
 4.5377e+00	
 4.5312e+00	
 4.4910e+00	
 4.5512e+00	
 4.5232e+00	
 4.5123e+00	
 4.5542e+00	
 4.5519e+00	
 4.5199e+00	
 4.5570e+00	
 4.5637e+00	
 4.5443e+00	
 4.4930e+00	
 4.5313e+00	
 4.5593e+00	
 4.5481e+00	
 4.5311e+00	
 4.5436e+00	
 4.5031e+00	
 4.4923e+00	
 4.5542e+00	
 4.5419e+00	
 4.5478e+00	
 4.5223e+00	
 4.6150e+00	
 4.5131e+00	
 4.5310e+00	
 4.5165e+00	
 4.5530e+00	
 4.5538e+00	
 4.5047e+00	
 4.5048e+00	
 4.5413e+00	
 4.5403e+00	
 4.5664e+00	
 4.5064e+00	
 4.5652e+00	
 4.5516e+00	
 4.5251e+00	
 4.5213e+00	
 4.5396e+00	
 4.5385e+00	
 4.5169e+00	
 4.5176e+00	
 4.5287e+00	
 4.5750e+00	
 4.5267e+00	
 4.5642e+00	
 4.5054e+00	
 4.5019e+00	
 4.5197e+00	
 4.5031e+00	
 4.4760e+00	
 4.5292e+00	
 4.5066e+00	
 4.5134e+00	
 4.5309e+00	
 4.5099e+00	
 4.5454e+00	
 4.5551e+00	
 4.4970e+00	
 4.5000e+00	
 4.4932e+00	
 4.5385e+00	
 4.4751e+00	
 4.5164e+00	
 4.5182e+00	
 4.5413e+00	
 4.5082e+00	
 4.4778e+00	
 4.5647e+00	
 4.5033e+00	
 4.5106e+00	
 4.5247e+00	
 4.5216e+00	
 4.5328e+00	
 4.5226e+00	
 4.5598e+00	
 4.4836e+00	
 4.4857e+00	
 4.4449e+00	
 4.5804e+00	
 4.5114e+00	
 4.5077e+00	
 4.4954e+00	
 4.5017e+00	
 4.5043e+00	
 4.5013e+00	
 4.5442e+00	
 4.4787e+00	
 4.5240e+00	
 4.5038e+00	
 4.5070e+00	
 4.5229e+00	
 4.5689e+00	
 4.5294e+00	
 4.4839e+00	
 4.5177e+00	
 4.5482e+00	
 4.4906e+00	
 4.4830e+00	
 4.5478e+00	
 4.4460e+00	
 4.5289e+00	
 4.5077e+00	
 4.4515e+00	
 4.5233e+00	
 4.5052e+00	
 4.4869e+00	
 4.4828e+00	
 4.4974e+00	
 4.5422e+00	
 4.5105e+00	
 4.4919e+00	
 4.4584e+00	
 4.4847e+00	
 4.4911e+00	
 4.5358e+00	
 4.5079e+00	
 4.4482e+00	
 4.5165e+00	
 4.5226e+00	
 4.5239e+00	
 4.4976e+00	
 4.5019e+00	
 4.4741e+00	
 4.4818e+00	
 4.5075e+00	
 4.5211e+00	
 4.5006e+00	
 4.5297e+00	
 4.5094e+00	
 4.5128e+00	
 4.5359e+00	
 4.4607e+00	
 4.4824e+00	
 4.5213e+00	
 4.5103e+00	
 4.5073e+00	
 4.4317e+00	
 4.4840e+00	
 4.4509e+00	
 4.4613e+00	
 4.4562e+00	
 4.4901e+00	
 4.5152e+00	
 4.4703e+00	
 4.5656e+00	
 4.4963e+00	
 4.5132e+00	
 4.4887e+00	
 4.4603e+00	
 4.5008e+00	
 4.4864e+00	
 4.4926e+00	
 4.5205e+00	
 4.4716e+00	
 4.5090e+00	
 4.4958e+00	
 4.4521e+00	
 4.4587e+00	
 4.4187e+00	
 4.4929e+00	
 4.5145e+00	
 4.4515e+00	
 4.4971e+00	
 4.4395e+00	
 4.4681e+00	
 4.5135e+00	
 4.4656e+00	
 4.4575e+00	
 4.4516e+00	
 4.5102e+00	
 4.4761e+00	
 4.4839e+00	
 4.5068e+00	
 4.4894e+00	
 4.4899e+00	
 4.4510e+00	
 4.4786e+00	
 4.4240e+00	
 4.4188e+00	
 4.4331e+00	
 4.4580e+00	
 4.4576e+00	
 4.5115e+00	
 4.4890e+00	
 4.4914e+00	
 4.4724e+00	
 4.3497e+00	
 4.4407e+00	
 4.4372e+00	
 4.3927e+00	
 4.4119e+00	
 4.4674e+00	
 4.4778e+00	
 4.4256e+00	
 4.4750e+00	
 4.3265e+00	
 4.4452e+00	
 4.4619e+00	
 4.5145e+00	
 4.4915e+00	
 4.4341e+00	
 4.3636e+00	
 4.3927e+00	
 4.4220e+00	
 4.4998e+00	
 4.4837e+00	
 4.4479e+00	
 4.4752e+00	
 4.4733e+00	
 4.4006e+00	
 4.5015e+00	
 4.4642e+00	
 4.4511e+00	
 4.4066e+00	
 4.4620e+00	
 4.4372e+00	
 4.4629e+00	
 4.4069e+00	
 4.4286e+00	
 4.5163e+00	
 4.4668e+00	
 4.4402e+00	
 4.4702e+00	
 4.4135e+00	
 4.3574e+00	
 4.4650e+00	
 4.4236e+00	
 4.4366e+00	
 4.3919e+00	
 4.4836e+00	
 4.4111e+00	
 4.4157e+00	
 4.3922e+00	
 4.3101e+00	
 4.3499e+00	
 4.4173e+00	
 4.4923e+00	
 4.4588e+00	
 4.4709e+00	
 4.3769e+00	
 4.2972e+00	
 4.4631e+00	
 4.4087e+00	
 4.3717e+00	
 4.4093e+00	
 4.3307e+00	
 4.4095e+00	
 4.4200e+00	
 4.3043e+00	
 4.4750e+00	
 4.4459e+00	
 4.4141e+00	
 4.3235e+00	
 4.4101e+00	
 4.4787e+00	
 4.3913e+00	
 4.3369e+00	
 4.3896e+00	
 4.4114e+00	
 4.4157e+00	
 4.4325e+00	
 4.3571e+00	
 4.4409e+00	
 4.3676e+00	
 4.3309e+00	
 4.4389e+00	
 4.4296e+00	
 4.4295e+00	
 4.4826e+00	
 4.4247e+00	
 4.4640e+00	
 4.4226e+00	
 4.3461e+00	
 4.3353e+00	
 4.3867e+00	
 4.3260e+00	
 4.3556e+00	
 4.3779e+00	
 4.3592e+00	
 4.3228e+00	
 4.2905e+00	
 4.4023e+00	
 4.2819e+00	
 4.4341e+00	
 4.3559e+00	
 4.3905e+00	
 4.4130e+00	
 4.3273e+00	
 4.3009e+00	
 4.3543e+00	
 4.3645e+00	
 4.3617e+00	
 4.3529e+00	
 4.3516e+00	
 4.3408e+00	
 4.3512e+00	
 4.3944e+00	
 4.3505e+00	
 4.2882e+00	
 4.2887e+00	
 4.3903e+00	
 4.2812e+00	
 4.4223e+00	
 4.3171e+00	
 4.4738e+00	
 4.3875e+00	
 4.4107e+00	
 4.3605e+00	
 4.3606e+00	
 4.4293e+00	
 4.4312e+00	
 4.3591e+00	
 4.3665e+00	
 4.2559e+00	
 4.3897e+00	
 4.3328e+00	
 4.3285e+00	
 4.2696e+00	
 4.4413e+00	
 4.2903e+00	
 4.3391e+00	
 4.4628e+00	
 4.3530e+00	
 4.2483e+00	
 4.3228e+00	
 4.4340e+00	
 4.3173e+00	
 4.3738e+00	
 4.3235e+00	
 4.3053e+00	
 4.3365e+00	
 4.2564e+00	
 4.3653e+00	
 4.3328e+00	
 4.3333e+00	
 4.2594e+00	
 4.2736e+00	
 4.3262e+00	
 4.3950e+00	
 4.3967e+00	
 4.2461e+00	
 4.3966e+00	
 4.3031e+00	
 4.3286e+00	
 4.1230e+00	
 4.2214e+00	
 4.3998e+00	
 4.2375e+00	
 4.3002e+00	
 4.5306e+00	
 4.2896e+00	
 4.3280e+00	
 4.2889e+00	
 4.0843e+00	
 4.1663e+00	
 4.4253e+00	
 4.3736e+00	
 4.3063e+00	
 4.2945e+00	
 4.2792e+00	
 4.2543e+00	
 4.3003e+00	
 4.4033e+00	
 4.3576e+00	
 4.2484e+00	
 4.2141e+00	
 4.2904e+00	
 4.1825e+00	
 4.2746e+00	
 4.3251e+00	
 4.2334e+00	
 4.2839e+00	
 4.3204e+00	
 4.3419e+00	
 4.1656e+00	
 4.2026e+00	
 4.2550e+00	
 4.3114e+00	
 4.2264e+00	
 4.2241e+00	
 4.1755e+00	
 4.2297e+00	
 4.2021e+00	
 4.4186e+00	
 4.3580e+00	
 4.3227e+00	
 4.2617e+00	
 4.3043e+00	
 4.2829e+00	
 4.2787e+00	
 4.1392e+00	
 4.1688e+00	
 4.4786e+00	
 4.3822e+00	
 4.4136e+00	
 4.2460e+00	
 4.3443e+00	
 4.2988e+00	
 4.3082e+00	
 4.2717e+00	
 4.3520e+00	
 4.1916e+00	
 4.1186e+00	
 4.1605e+00	
 4.2437e+00	
 4.2677e+00	
 4.2852e+00	
 4.1906e+00	
 4.2178e+00	
 4.2794e+00	
 4.3556e+00	
 4.2507e+00	
 4.2374e+00	
 4.2165e+00	
 4.1490e+00	
 4.2240e+00	
 4.3064e+00	
 4.1871e+00	
 4.0563e+00	
 4.2726e+00	
 4.2976e+00	
 4.2835e+00	
 4.3153e+00	
 4.0624e+00	
 4.2037e+00	
 4.2209e+00	
 4.1758e+00	
 4.1738e+00	
 4.1509e+00	
 4.1458e+00	
 4.3682e+00	
 4.1678e+00	
 4.2690e+00	
 4.1803e+00	
 4.2163e+00	
 4.2168e+00	
 4.2885e+00	
 4.2041e+00	
 4.1243e+00	
 4.0640e+00	
 4.2766e+00	
 4.2331e+00	
 4.1838e+00	
 4.0912e+00	
 4.3311e+00	
 4.0863e+00	
 4.2073e+00	
 4.2600e+00	
 4.2705e+00	
 4.2192e+00	
 4.2008e+00	
 4.3369e+00	
 4.2036e+00	
 4.3524e+00	
 4.2460e+00	
 4.3513e+00	
 4.1517e+00	
 4.3274e+00	
 4.1173e+00	
 4.1215e+00	
 4.2379e+00	
 4.0724e+00	
 4.1366e+00	
 4.0856e+00	
 4.1180e+00	
 4.1414e+00	
 4.1539e+00	
 4.2729e+00	
 4.0897e+00	
 4.3573e+00	
 4.2906e+00	
 4.1427e+00	
 4.0577e+00	
 4.1684e+00	
 4.1094e+00	
 4.0118e+00	
 4.2588e+00	
 4.0668e+00	
 4.0488e+00	
 4.1535e+00	
 4.1591e+00	
 4.1045e+00	
 4.1569e+00	
 4.2224e+00	
 4.3226e+00	
 4.2533e+00	
 4.0721e+00	
 4.2883e+00	
 4.0530e+00	
 4.2170e+00	
 4.1437e+00	
 3.9795e+00	
 4.2256e+00	
 4.2727e+00	
 4.1424e+00	
 4.3603e+00	
 4.1643e+00	
 4.3194e+00	
 4.3355e+00	
 4.2847e+00	
 4.1446e+00	
 4.1172e+00	
 4.1305e+00	
 4.0323e+00	
 3.9889e+00	
 4.2278e+00	
 4.2279e+00	
 4.2042e+00	
 4.0856e+00	
 4.1582e+00	
 3.9861e+00	
 4.1382e+00	
 3.9499e+00	
 3.9923e+00	
 4.1133e+00	
 4.1059e+00	
 3.9413e+00	
 4.2240e+00	
 4.3512e+00	
 4.1484e+00	
 4.3131e+00	
 4.0498e+00	
 4.1174e+00	
 4.0459e+00	
 4.1657e+00	
 4.0327e+00	
 3.9968e+00	
 4.0110e+00	
 4.0793e+00	
 4.1198e+00	
 3.8690e+00	
 4.2235e+00	
 4.0680e+00	
 4.0468e+00	
 4.1749e+00	
 3.8603e+00	
 4.3247e+00	
 4.0824e+00	
 3.9494e+00	
 4.2205e+00	
 4.0125e+00	
 3.9674e+00	
 4.2350e+00	
 4.0911e+00	
 4.0326e+00	
 4.1755e+00	
 4.1083e+00	
 4.0769e+00	
 4.0358e+00	
 4.2113e+00	
 4.2175e+00	
 3.9874e+00	
 3.9438e+00	
 4.0628e+00	
 4.1035e+00	
 4.0940e+00	
 3.9803e+00	
 4.1632e+00	
 4.1047e+00	
 4.2834e+00	
 4.1060e+00	
 3.9349e+00	
 3.9765e+00	
 3.9891e+00	
 4.0951e+00	
 4.1626e+00	
 4.0760e+00	
 4.0343e+00	
 4.3120e+00	
 4.0210e+00	
 3.9225e+00	
 3.8201e+00	
 3.8460e+00	
 3.7564e+00	
 4.1526e+00	
 4.2660e+00	
 4.2676e+00	
 4.0235e+00	
 3.8899e+00	
 4.1387e+00	
 3.8281e+00	
 3.9921e+00	
 3.9119e+00	
 4.0522e+00	
 4.0376e+00	
 4.0173e+00	
 4.0198e+00	
 3.9284e+00	
 4.3070e+00	
 3.9949e+00	
 3.9572e+00	
 4.2215e+00	
 4.1044e+00	
 4.1117e+00	
 4.0446e+00	
 3.9177e+00	
 4.0108e+00	
 3.9326e+00	
 4.0096e+00	
 4.0559e+00	
 4.1926e+00	
 4.0960e+00	
 4.0407e+00	
 4.1722e+00	
 4.1139e+00	
 4.1601e+00	
 4.0995e+00	
 3.8535e+00	
 3.8943e+00	
 3.8435e+00	
 3.9222e+00	
 3.7962e+00	
 4.0130e+00	
 3.9026e+00	
 4.0751e+00	
 3.8572e+00	
 4.2392e+00	
 3.9814e+00	
 4.1164e+00	
 4.0978e+00	
 4.0155e+00	
 4.2644e+00	
 3.9991e+00	
 3.9347e+00	
 3.8310e+00	
 3.9324e+00	
 4.1333e+00	
 4.1015e+00	
 4.1576e+00	
 3.8778e+00	
 3.8727e+00	
 3.9818e+00	
 3.8816e+00	
 3.8555e+00	
 3.9073e+00	
 4.0431e+00	
 3.7055e+00	
 4.2051e+00	
 4.1810e+00	
 4.1311e+00	
 3.9657e+00	
 3.9023e+00	
 3.9921e+00	
 4.0036e+00	
 4.0604e+00	
 3.8615e+00	
 3.7900e+00	
 3.9341e+00	
 3.9059e+00	
 3.9374e+00	
 3.8645e+00	
 3.9569e+00	
 4.1702e+00	
 3.9202e+00	
 4.0192e+00	
 3.9169e+00	
 3.7700e+00	
 4.0304e+00	
 4.1704e+00	
 4.1202e+00	
 3.9423e+00	
 3.9100e+00	
 4.0263e+00	
 4.0151e+00	
 3.9748e+00	
 4.0954e+00	
 3.8093e+00	
 3.9182e+00	
 3.7734e+00	
 4.1942e+00	
 4.2202e+00	
 4.0529e+00	
 3.8913e+00	
 4.0138e+00	
 3.8632e+00	
 3.9770e+00	
 4.1075e+00	
 4.0222e+00	
 3.7758e+00	
 3.9480e+00	
 3.9377e+00	
 3.9764e+00	
 3.9340e+00	
 3.7310e+00	
 4.1493e+00	
 3.8290e+00	
 3.9308e+00	
 3.8529e+00	
 3.9787e+00	
 3.8997e+00	
 3.8602e+00	
 4.0316e+00	
 4.0923e+00	
 4.0605e+00	
 4.0898e+00	
 3.9045e+00	
 4.0028e+00	
 4.1675e+00	
 3.8600e+00	
 3.9927e+00	
 3.9485e+00	
 4.1084e+00	
 3.7881e+00	
 3.9848e+00	
 3.9654e+00	
 3.7726e+00	
 3.8204e+00	
 3.8682e+00	
 4.1377e+00	
 4.0383e+00	
 3.9872e+00	
 4.0074e+00	
 3.9690e+00	
 3.7606e+00	
 3.8673e+00	
 3.9407e+00	
 3.7884e+00	
 4.0831e+00	
 3.8375e+00	
 3.8803e+00	
 4.1049e+00	
 3.8765e+00	
 3.7466e+00	
 3.7997e+00	
 3.8492e+00	
 3.8474e+00	
 3.9682e+00	
 4.0263e+00	
 4.1209e+00	
 3.9892e+00	
 4.0212e+00	
 4.0944e+00	
 3.8115e+00	
 3.9609e+00	
 3.9025e+00	
 3.7016e+00	
 4.0956e+00	
 3.7827e+00	
 4.1472e+00	
 3.7900e+00	
 3.8593e+00	
 3.7279e+00	
 3.8709e+00	
 3.9316e+00	
 4.0457e+00	
 3.9619e+00	
 3.7594e+00	
 3.7969e+00	
 4.0095e+00	
 3.8531e+00	
 3.8530e+00	
 3.8347e+00	
 4.0397e+00	
 3.9317e+00	
 3.8855e+00	
 3.9248e+00	
 3.9878e+00	
 3.9902e+00	
 3.9150e+00	
 3.8158e+00	
 3.9190e+00	
 3.8567e+00	
 3.8575e+00	
 3.8350e+00	
 3.8721e+00	
 3.9365e+00	
 3.7380e+00	
 3.9539e+00	
 4.1375e+00	
 3.9493e+00	
 3.9076e+00	
 3.8808e+00	
 3.7771e+00	
 3.9302e+00	
 3.5853e+00	
 3.9081e+00	
 3.9141e+00	
 3.6474e+00	
 3.7547e+00	
 3.8358e+00	
 3.8381e+00	
 3.9011e+00	
 4.0388e+00	
 3.9174e+00	
 4.0370e+00	
 3.8976e+00	
 3.8383e+00	
 4.2275e+00	
 4.0278e+00	
 3.7493e+00	
 4.0066e+00	
 3.9292e+00	
 3.7620e+00	
 3.9973e+00	
 4.0630e+00	
 4.0413e+00	
 3.9783e+00	
 4.1555e+00	
 3.9374e+00	
 4.0279e+00	
 3.6883e+00	
 3.9041e+00	
 3.9921e+00	
 3.5737e+00	
 3.8242e+00	
 3.7633e+00	
 3.9832e+00	
 4.1791e+00	
 4.0420e+00	
 3.8558e+00	
 3.8785e+00	
 3.8002e+00	
 3.9517e+00	
 4.0585e+00	
 3.8587e+00	
 3.8511e+00	
 3.7243e+00	
 3.8661e+00	
 4.0526e+00	
 3.8664e+00	
 3.7710e+00	
 3.9002e+00	
 3.7542e+00	
 3.7443e+00	
 3.7310e+00	
 3.8683e+00	
 3.9885e+00	
 3.7775e+00	
 3.8562e+00	
 3.8542e+00	
 3.7681e+00	
 3.8261e+00	
 3.9612e+00	
 3.5832e+00	
 3.9340e+00	
 3.6763e+00	
 4.0142e+00	
 3.5648e+00	
 3.8398e+00	
 3.7487e+00	
 3.8381e+00	
 4.0169e+00	
 3.6660e+00	
 3.6969e+00	
 3.8622e+00	
 3.8950e+00	
 3.9496e+00	
 4.0319e+00	
 3.8913e+00	
 4.0435e+00	
 3.6946e+00	
 3.9016e+00	
 4.0198e+00	
 3.9030e+00	
 4.1963e+00	
 3.8344e+00	
 3.8297e+00	
 3.6606e+00	
 3.6751e+00	
 4.0496e+00	
 4.0109e+00	
 4.1104e+00	
 4.0432e+00	
 3.8385e+00	
 3.8996e+00	
 3.9702e+00	
 3.8148e+00	
 3.7309e+00	
 3.8454e+00	
 3.9841e+00	
 3.8187e+00	
 3.9898e+00	
 4.0174e+00	
 3.9433e+00	
 3.9178e+00	
 3.9576e+00	
 3.8807e+00	
 3.8617e+00	
 3.9555e+00	
 4.1296e+00	
 3.9173e+00	
 3.8872e+00	
 3.6770e+00	
 3.8343e+00	
 4.0019e+00	
 3.7966e+00	
 3.8063e+00	
 3.9648e+00	
 3.9151e+00	
 3.5389e+00	
 3.9400e+00	
 3.8798e+00	
 3.7242e+00	
 3.8980e+00	
 3.7473e+00	
 3.7707e+00	
 3.6336e+00	
 4.0644e+00	
 3.9045e+00	
 3.7706e+00	
 3.8153e+00	
 3.8216e+00	
 3.7465e+00	
 3.8503e+00	
 3.8978e+00	
 3.9629e+00	
 3.9479e+00	
 3.6557e+00	
 3.9005e+00	
 3.7531e+00	
 3.8554e+00	
 3.7763e+00	
 3.8485e+00	
 3.7806e+00	
 3.7626e+00	
 3.5700e+00	
 3.6749e+00	
 3.9342e+00	
 3.8860e+00	
 3.5849e+00	
 3.9240e+00	
 3.9796e+00	
 3.7877e+00	
 3.7895e+00	
 3.6540e+00	
 4.0577e+00	
 3.6846e+00	
 3.7491e+00	
 3.8155e+00	
 3.7431e+00	
 3.7027e+00	
 3.8485e+00	
 3.6851e+00	
 3.8328e+00	
 3.9657e+00	
 3.7124e+00	
 3.7139e+00	
 3.9048e+00	
 3.7992e+00	
 4.0655e+00	
 3.6995e+00	
 3.4562e+00	
 3.5374e+00	
 3.8494e+00	
 3.9427e+00	
 3.7620e+00	
 3.5941e+00	
 3.8881e+00	
 3.7255e+00	
 3.8594e+00	
 3.8977e+00	
 3.9614e+00	
 4.0039e+00	
 3.9279e+00	
 3.6293e+00	
 3.8816e+00	
 3.9866e+00	
 3.8537e+00	
 3.8288e+00	
 3.5841e+00	
 3.9234e+00	
 3.7020e+00	
 3.8928e+00	
 3.5908e+00	
 3.7337e+00	
 3.7662e+00	
 3.5025e+00	
 3.7216e+00	
 3.7340e+00	
 3.4935e+00	
 3.9258e+00	
 3.8050e+00	
 3.6726e+00	
 3.6795e+00	
 3.9249e+00	
 3.9833e+00	
 3.7136e+00	
 3.7464e+00	
 3.6516e+00	
 3.8362e+00	
 3.8668e+00	
 3.7575e+00	
 3.8332e+00	
 3.6343e+00	
 4.1951e+00	
 3.8422e+00	
 3.9068e+00	
 3.7003e+00	
 3.7418e+00	
 3.7461e+00	
 3.6553e+00	
 3.7811e+00	
 4.0064e+00	
 4.2113e+00	
 3.8489e+00	
 3.6857e+00	
 3.7958e+00	
 3.5201e+00	
 3.6328e+00	
 3.8042e+00	
 3.6297e+00	
 4.0010e+00	
 3.8474e+00	
 3.5367e+00	
 3.7593e+00	
 3.8358e+00	
 3.4640e+00	
 3.6186e+00	
 3.6225e+00	
 3.6847e+00	
 3.9120e+00	
 3.7549e+00	
 3.7270e+00	
 3.6160e+00	
 3.6052e+00	
 3.6639e+00	
 3.5472e+00	
 3.6286e+00	
 3.5495e+00	
 3.7653e+00	
 3.6156e+00	
 3.9355e+00	
 3.5857e+00	
 3.7595e+00	
 3.5869e+00	
 3.5746e+00	
 3.8372e+00	
 3.6488e+00	
 3.5318e+00	
 3.5386e+00	
 4.1323e+00	
 3.5480e+00	
 4.0204e+00	
 3.9640e+00	
 3.9344e+00	
 3.6166e+00	
 4.0519e+00	
 3.8827e+00	
 3.6455e+00	
 3.7640e+00	
 3.5642e+00	
 3.7655e+00	
 3.7889e+00	
 3.6943e+00	
 3.7548e+00	
 3.6820e+00	
 3.5929e+00	
 3.6663e+00	
 3.4956e+00	
 3.4142e+00	
 3.9471e+00	
 3.5063e+00	
 3.7554e+00	
 3.8063e+00	
 3.7295e+00	
 3.4743e+00	
 3.6974e+00	
 4.0053e+00	
 3.6829e+00	
 3.5561e+00	
 3.6888e+00	
 3.7706e+00	
 3.4267e+00	
 3.5768e+00	
 3.9603e+00	
 3.7939e+00	
 3.7281e+00	
 3.7010e+00	
 3.8114e+00	
 3.6699e+00	
 3.6711e+00	
 3.3961e+00	
 3.6439e+00	
 3.5603e+00	
 4.0030e+00	
 3.6184e+00	
 3.8024e+00	
 3.3279e+00	
 3.7717e+00	
 3.7980e+00	
 3.6440e+00	
 3.7809e+00	
 3.8764e+00	
 3.7250e+00	
 3.7240e+00	
 3.8532e+00	
 3.7941e+00	
 3.5172e+00	
 3.6680e+00	
 3.5125e+00	
 3.7500e+00	
 3.8037e+00	
 4.1367e+00	
 3.6347e+00	
 3.7098e+00	
 3.7719e+00	
 4.1476e+00	
 3.5542e+00	
 3.5732e+00	
 3.6961e+00	
 3.6597e+00	
 4.0408e+00	
 3.4689e+00	
 3.6023e+00	
 3.3497e+00	
 3.8190e+00	
 3.5181e+00	
 3.8620e+00	
 3.7617e+00	
 3.8071e+00	
 3.6195e+00	
 3.6081e+00	
 3.9987e+00	
 3.4939e+00	
 3.4684e+00	
 3.8969e+00	
 3.5980e+00	
 3.4540e+00	
 3.7430e+00	
 3.7623e+00	
 3.5007e+00	
 3.3516e+00	
 3.5542e+00	
 3.8399e+00	
 3.9769e+00	
 3.5314e+00	
 3.8088e+00	
 3.7372e+00	
 3.8130e+00	
 3.6727e+00	
 3.7441e+00	
 3.6370e+00	
 3.7819e+00	
 3.7571e+00	
 3.6019e+00	
 3.6472e+00	
 3.3334e+00	
 3.5895e+00	
 3.7636e+00	
 3.6293e+00	
 3.9969e+00	
 3.8542e+00	
 3.7948e+00	
 3.4185e+00	
 3.7159e+00	
 3.5879e+00	
 3.4001e+00	
 3.6093e+00	
 3.8113e+00	
 3.4211e+00	
 3.5911e+00	
 4.0811e+00	
 3.8682e+00	
 3.6486e+00	
 3.7108e+00	
 3.2885e+00	
 3.6943e+00	
 3.6159e+00	
 3.6727e+00	
 3.7631e+00	
 3.5171e+00	
 3.5188e+00	
 3.8156e+00	
 3.7147e+00	
 3.4445e+00	
 3.6339e+00	
 3.6103e+00	
 3.8654e+00	
 3.5765e+00	
 3.8567e+00	
 3.3868e+00	
 3.5569e+00	
 3.5226e+00	
 3.9014e+00	
 3.5154e+00	
 4.0770e+00	
 3.5302e+00	
 3.6126e+00	
 3.7568e+00	
 3.9377e+00	
 3.6991e+00	
 3.4758e+00	
 3.4968e+00	
 3.2989e+00	
 3.8553e+00	
 3.6811e+00	
 3.7768e+00	
 3.7485e+00	
 3.2859e+00	
 3.7092e+00	
 3.9417e+00	
 3.6755e+00	
 3.4331e+00	
 3.9155e+00	
 3.8165e+00	
 3.6385e+00	
 3.4814e+00	
 3.6994e+00	
 3.6248e+00	
 3.5476e+00	
 3.9052e+00	
 3.4520e+00	
 3.5010e+00	
 3.8684e+00	
 3.3958e+00	
 3.5827e+00	
 3.6723e+00	
 3.5997e+00	
 3.5526e+00	
 3.6054e+00	
 3.5534e+00	
 3.8428e+00	
 3.4451e+00	
 3.6660e+00	
 3.4300e+00	
 3.5663e+00	
 3.8984e+00	
 3.6390e+00	
 3.7760e+00	
 3.9585e+00	
 3.7482e+00	
 3.7028e+00	
 3.9157e+00	
 3.4933e+00	
 3.6817e+00	
 3.8031e+00	
 3.5142e+00	
 3.7710e+00	
 3.7397e+00	
 3.6214e+00	
 3.8807e+00	
 3.7082e+00	
 3.3952e+00	
 3.6663e+00	
 3.7062e+00	
 3.5888e+00	
 3.5735e+00	
 3.2703e+00	
 3.8736e+00	
 3.6361e+00	
 3.4394e+00	
 3.7153e+00	
 3.7193e+00	
 3.2478e+00	
 3.3545e+00	
 3.4839e+00	
 3.7825e+00	
 3.4161e+00	
 3.8142e+00	
 3.7070e+00	
 3.6096e+00	
 3.8661e+00	
 3.7912e+00	
 3.5623e+00	
 3.6240e+00	
 3.6617e+00	
 3.5287e+00	
 3.4019e+00	
 3.4597e+00	
 3.4262e+00	
 3.5757e+00	
 3.6443e+00	
 3.8503e+00	
 3.3031e+00	
 3.1934e+00	
 3.4046e+00	
 3.7294e+00	
 3.7988e+00	
 3.3760e+00	
 3.4399e+00	
 3.6284e+00	
 3.2384e+00	
 3.9589e+00	
 3.7779e+00	
 3.5305e+00	
 3.8718e+00	
 3.6565e+00	
 3.8315e+00	
 3.6189e+00	
 3.6826e+00	
 3.6544e+00	
 4.0726e+00	
 3.8132e+00	
 3.6374e+00	
 3.8006e+00	
 3.6169e+00	
 3.6851e+00	
 3.2861e+00	
 3.4855e+00	
 3.5503e+00	
 3.3599e+00	
 3.7919e+00	
 3.8225e+00	
 3.4541e+00	
 3.6009e+00	
 3.6021e+00	
 3.5195e+00	
 3.9330e+00	
 3.6162e+00	
 3.7836e+00	
 3.4916e+00	
 3.7319e+00	
 3.8802e+00	
 3.6975e+00	
 3.5572e+00	
 3.5312e+00	
 3.6405e+00	
 3.8854e+00	
 3.7101e+00	
 3.6600e+00	
 3.7084e+00	
 3.5260e+00	
 3.5488e+00	
 3.2478e+00	
 3.6290e+00	
 3.7579e+00	
 3.4596e+00	
 3.6104e+00	
 3.4890e+00	
 3.3500e+00	
 3.3536e+00	
 3.6195e+00	
 3.5245e+00	
 3.3191e+00	
 3.6940e+00	
 3.5745e+00	
 3.6678e+00	
 3.5453e+00	
 3.5845e+00	
 3.9286e+00	
 3.6750e+00	
 3.8354e+00	
 3.6199e+00	
 3.6776e+00	
 3.6369e+00	
 3.6085e+00	
 3.8666e+00	
 3.4671e+00	
 3.7330e+00	
 3.7395e+00	
 3.7241e+00	
 3.3638e+00	
 3.3084e+00	
 3.4911e+00	
 3.9421e+00	
 3.4047e+00	
 3.7266e+00	
 3.7597e+00	
 3.5672e+00	
 3.6350e+00	
 3.5380e+00	
 3.5037e+00	
 3.7035e+00	
 3.4926e+00	
 3.5510e+00	
 3.7470e+00	
 3.5414e+00	
 3.5635e+00	
 3.5048e+00	
 3.4449e+00	
 3.4526e+00	
 3.5240e+00	
 3.6280e+00	
 3.6187e+00	
 3.9954e+00	
 3.5108e+00	
 3.6394e+00	
 3.6989e+00	
 3.3900e+00	
 3.6266e+00	
 3.3081e+00	
 3.5503e+00	
 3.4994e+00	
 3.7551e+00	
 3.8940e+00	
 3.5990e+00	
 3.7927e+00	
 3.4926e+00	
 3.3633e+00	
 3.5338e+00	
 3.6471e+00	
 3.9318e+00	
 3.4904e+00	
 3.9432e+00	
 3.4647e+00	
 3.4347e+00	
 3.8764e+00	
 3.3683e+00	
 3.5977e+00	
 3.8201e+00	
 3.2483e+00	
 3.8781e+00	
 3.3955e+00	
 3.7103e+00	
 3.3729e+00	
 3.3498e+00	
 3.8607e+00	
 3.3247e+00	
 3.4411e+00	
 3.4331e+00	
 3.3162e+00	
 3.5670e+00	
 3.5660e+00	
 3.8146e+00	
 3.6654e+00	
 3.7233e+00	
 3.5261e+00	
 3.5304e+00	
 3.5901e+00	
 3.5882e+00	
 3.7707e+00	
 3.9767e+00	
 3.6628e+00	
 3.6691e+00	
 3.4540e+00	
 3.5759e+00	
 3.8409e+00	
 3.4224e+00	
 3.4051e+00	
 3.7965e+00	
 3.7868e+00	
 3.3795e+00	
 3.3375e+00	
 3.4245e+00	
 3.5816e+00	
 3.6187e+00	
 3.3842e+00	
 3.4924e+00	
 3.5865e+00	
 3.5086e+00	
 3.5310e+00	
 3.7913e+00	
 3.7542e+00	
 3.8427e+00	
 3.7147e+00	
 3.6072e+00	
 3.5180e+00	
 3.4250e+00	
 3.4924e+00	
 3.6926e+00	
 3.6933e+00	
 3.3927e+00	
 3.5267e+00	
 3.6310e+00	
 3.4114e+00	
 3.3245e+00	
 3.6626e+00	
 3.6078e+00	
 3.7794e+00	
 3.2139e+00	
 3.6920e+00	
 3.4839e+00	
 3.5219e+00	
 3.5335e+00	
 3.2479e+00	
 3.7971e+00	
 3.5611e+00	
 3.4430e+00	
 3.8559e+00	
 3.6803e+00	
 3.5327e+00	
 3.5267e+00	
 3.9442e+00	
 3.4728e+00	
 3.7128e+00	
 3.4926e+00	
 3.6388e+00	
 3.6149e+00	
 3.6488e+00	
 3.5973e+00	
 3.5389e+00	
 3.9176e+00	
 3.2760e+00	
 3.5107e+00	
 3.4164e+00	
 3.8973e+00	
 3.6267e+00	
 3.2958e+00	
 3.5082e+00	
 3.6616e+00	
 3.6061e+00	
 3.3667e+00	
 3.5968e+00	
 3.1955e+00	
 3.6380e+00	
 3.4352e+00	
 3.8537e+00	
 3.3029e+00	
 3.4324e+00	
 3.5560e+00	
 3.3136e+00	
 3.3871e+00	
 3.6429e+00	
 3.7742e+00	
 3.4428e+00	
 3.7495e+00	
 3.3622e+00	
 3.5302e+00	
 3.4995e+00	
 3.6951e+00	
 3.5385e+00	
 3.3992e+00	
 3.5201e+00	
 3.7007e+00	
 3.4816e+00	
 3.1288e+00	
 3.1619e+00	
 3.6879e+00	
 3.3916e+00	
 3.6814e+00	
 3.4883e+00	
 3.7169e+00	
 3.4686e+00	
 3.8200e+00	
 3.7569e+00	
 3.1487e+00	
 3.3978e+00	
 3.7326e+00	
 3.2399e+00	
 3.8653e+00	
 3.3801e+00	
 3.2477e+00	
 3.5082e+00	
 3.4577e+00	
 3.2389e+00	
 3.8771e+00	
 3.6973e+00	
 3.1514e+00	
 3.9063e+00	
 3.3331e+00	
 3.4763e+00	
 3.1573e+00	
 3.6233e+00	
 3.5839e+00	
 3.3291e+00	
 3.3959e+00	
 3.3341e+00	
 3.6405e+00	
 3.3981e+00	
 3.5136e+00	
 3.5959e+00	
 3.4172e+00	
 3.7364e+00	
 3.4797e+00	
 3.9150e+00	
 3.5410e+00	
 3.3526e+00	
 3.3340e+00	
 3.2556e+00	
 3.1663e+00	
 3.4808e+00	
 3.4537e+00	
 3.3819e+00	
 3.3704e+00	
 3.9777e+00	
 3.5771e+00	
 3.4700e+00	
 3.4364e+00	
 3.4316e+00	
 3.5270e+00	
 3.6893e+00	
 3.7048e+00	
 3.5613e+00	
 3.4323e+00	
 3.4645e+00	
 3.5595e+00	
 3.4427e+00	
 3.5719e+00	
 3.4576e+00	
 3.7585e+00	
 3.3182e+00	
 3.1746e+00	
 3.3604e+00	
 3.5921e+00	
 3.4481e+00	
 3.3437e+00	
 3.5881e+00	
 3.6769e+00	
 3.6332e+00	
 3.2319e+00	
 3.5103e+00	
 3.6188e+00	
 3.3027e+00	
 3.3874e+00	
 3.4409e+00	
 3.2501e+00	
 3.6360e+00	
 3.6720e+00	
 3.3538e+00	
 3.5391e+00	
 3.6351e+00	
 3.5480e+00	
 3.9424e+00	
 3.5597e+00	
 3.6639e+00	
 3.2456e+00	
 3.9532e+00	
 3.7815e+00	
 3.2534e+00	
 3.5719e+00	
 3.4276e+00	
 3.5265e+00	
 3.7458e+00	
 3.3486e+00	
 3.4877e+00	
 3.2789e+00	
 3.5364e+00	
 3.3885e+00	
 3.6276e+00	
 3.6708e+00	
 3.4883e+00	
 3.6984e+00	
 3.4952e+00	
 3.4948e+00	
 3.3011e+00	
 3.5212e+00	
 3.3596e+00	
 3.4580e+00	
 3.4149e+00	
 3.5412e+00	
 3.6746e+00	
 3.3307e+00	
 3.6189e+00	
 3.5296e+00	
 3.7072e+00	
 3.6932e+00	
 3.5918e+00	
 3.7411e+00	
 3.8640e+00	
 3.4590e+00	
 3.4811e+00	
 3.1204e+00	
 3.5645e+00	
 3.5713e+00	
 3.2787e+00	
 3.4770e+00	
 3.6931e+00	
 3.4117e+00	
 3.2580e+00	
 3.5460e+00	
 3.2400e+00	
 3.6073e+00	
 3.3110e+00	
 3.0463e+00	
 3.4163e+00	
 3.4503e+00	
 2.9221e+00	
 3.6984e+00	
 3.3162e+00	
 3.3573e+00	
 3.7158e+00	
 3.2531e+00	
 3.0853e+00	
 3.2608e+00	
 3.2939e+00	
 3.3164e+00	
 3.4714e+00	
 3.4545e+00	
 3.6340e+00	
 3.5762e+00	
 3.3045e+00	
 3.2220e+00	
 3.4435e+00	
 3.8083e+00	
 3.8853e+00	
 3.0313e+00	
 3.2595e+00	
 3.4100e+00	
 3.2334e+00	
 3.3177e+00	
 3.4496e+00	
 3.4276e+00	
 3.7210e+00	
 3.3843e+00	
 3.4120e+00	
 3.7553e+00	
 3.2200e+00	
 3.4774e+00	
 3.7131e+00	
 3.5162e+00	
 3.5042e+00	
 3.7542e+00	
 3.4790e+00	
 3.5362e+00	
 3.6258e+00	
 3.5089e+00	
 3.5265e+00	
 3.5808e+00	
 3.6476e+00	
 3.5241e+00	
 3.4440e+00	
 3.4834e+00	
 3.5512e+00	
 3.2418e+00	
 3.0742e+00	
 3.4179e+00	
 3.6402e+00	
 3.6443e+00	
 3.6508e+00	
 3.7463e+00	
 3.3118e+00	
 3.8010e+00	
 3.2168e+00	
 3.4516e+00	
 3.4251e+00	
 3.9318e+00	
 3.4998e+00	
 3.8979e+00	
 3.3227e+00	
 3.5603e+00	
 3.3046e+00	
 3.7747e+00	
 3.3469e+00	
 3.0910e+00	
 2.9468e+00	
 3.3854e+00	
 3.3532e+00	
 3.1876e+00	
 3.2793e+00	
 3.3767e+00	
 3.3979e+00	
 3.2923e+00	
 3.4611e+00	
 3.2922e+00	
 3.2852e+00	
 3.3243e+00	
 3.4362e+00	
 3.4097e+00	
 3.4018e+00	
 3.4368e+00	
 3.2666e+00	
 3.6777e+00	
 3.3409e+00	
 3.5035e+00	
 3.5428e+00	
 3.5018e+00	
 3.1067e+00	
 3.4964e+00	
 3.3314e+00	
 3.5589e+00	
 3.3437e+00	
 3.5662e+00	
 3.5713e+00	
 3.3879e+00	
 3.2132e+00	
 3.3764e+00	
 3.3673e+00	
 3.2650e+00	
 3.4861e+00	
 3.4077e+00	
 3.2465e+00	
 3.5488e+00	
 3.4328e+00	
 3.4159e+00	
 3.0403e+00	
 3.2630e+00	
 3.0417e+00	
 3.5338e+00	
 3.4371e+00	
 3.2254e+00	
 3.1511e+00	
 3.4201e+00	
 3.4720e+00	
 3.2872e+00	
 3.0973e+00	
 3.4919e+00	
 3.0067e+00	
 3.1378e+00	
 3.4017e+00	
 3.4186e+00	
 3.3183e+00	
 3.3947e+00	
 3.4642e+00	
 3.2932e+00	
 3.3029e+00	
 3.2250e+00	
 3.2887e+00	
 3.2689e+00	
 3.4263e+00	
 3.2921e+00	
 3.0786e+00	
 3.3865e+00	
 3.3927e+00	
 3.0182e+00	
 3.3311e+00	
 3.0829e+00	
 3.2736e+00	
 3.4613e+00	
 3.3663e+00	
 3.4319e+00	
 3.4311e+00	
 3.3847e+00	
 3.6986e+00	
 3.2493e+00	
 3.1085e+00	
 3.2556e+00	
 3.3714e+00	
 3.4762e+00	
 3.1186e+00	
 3.3118e+00	
 3.2742e+00	
 3.2773e+00	
 3.2733e+00	
 3.2459e+00	
 3.4334e+00	
 3.2685e+00	
 3.2454e+00	
 3.5042e+00	
 3.2143e+00	
 3.0136e+00	
 3.2412e+00	
 3.4528e+00	
 3.1140e+00	
 3.3940e+00	
 3.1651e+00	
 3.3729e+00	
 3.2838e+00	
 3.2762e+00	
 3.6191e+00	
 3.3806e+00	
 3.4275e+00	
 3.5627e+00	
 3.1308e+00	
 3.2680e+00	
 3.4443e+00	
 3.3716e+00	
 3.1862e+00	
 3.4136e+00	
 3.4215e+00	
 3.3671e+00	
 2.9872e+00	
 3.3798e+00	
 3.5130e+00	
 3.4610e+00	
 3.5327e+00	
 3.4740e+00	
 3.4101e+00	
 3.4293e+00	
 3.3890e+00	
 3.3747e+00	
 3.0400e+00	
 3.3188e+00	
 3.3779e+00	
 3.5350e+00	
 3.2924e+00	
 3.2493e+00	
 3.2344e+00	
 3.6239e+00	
 3.0863e+00	
 3.3852e+00	
 3.7126e+00	
 2.9568e+00	
 3.5772e+00	
 3.2874e+00	
 3.7189e+00	
 3.3216e+00	
 3.7331e+00	
 3.2392e+00	
 3.3196e+00	
 3.2109e+00	
 3.2261e+00	
 3.2779e+00	
 3.3532e+00	
 3.0179e+00	
 3.2799e+00	
 3.4070e+00	
 2.9338e+00	
 3.4783e+00	
 3.6822e+00	
 3.1329e+00	
 3.7211e+00	
 3.3974e+00	
 3.4210e+00	
 3.4321e+00	
 3.2053e+00	
 3.1882e+00	
 3.1156e+00	
 3.7216e+00	
 3.4335e+00	
 2.8591e+00	
 3.2835e+00	
 3.1730e+00	
 2.9906e+00	
 3.1224e+00	
 3.3738e+00	
 3.3327e+00	
 3.1251e+00	
 3.5939e+00	
 3.5012e+00	
 3.4116e+00	
 3.5671e+00	
 3.4303e+00	
 3.2759e+00	
 3.1429e+00	
 3.3114e+00	
 3.4154e+00	
 3.5554e+00	
 3.5216e+00	
 3.2339e+00	
 3.7688e+00	
 3.0287e+00	
 3.1198e+00	
 3.4659e+00	
 3.3982e+00	
 3.2841e+00	
 3.2805e+00	
 3.4466e+00	
 3.4186e+00	
 3.2295e+00	
 3.2974e+00	
 3.0831e+00	
 3.4286e+00	
 3.4328e+00	
 3.2852e+00	
 3.2633e+00	
 3.4321e+00	
 3.2582e+00	
 3.5758e+00	
 3.5877e+00	
 3.6002e+00	
 3.2803e+00	
 3.7978e+00	
 3.6739e+00	
 3.4567e+00	
 3.3982e+00	
 3.3940e+00	
 3.5351e+00	
 3.3064e+00	
 3.4436e+00	
 3.5297e+00	
 3.3464e+00	
 3.2238e+00	
 3.2781e+00	
 3.1004e+00	
 3.1639e+00	
 3.3760e+00	
 3.2466e+00	
 3.5286e+00	
 3.3437e+00	
 3.3475e+00	
 3.0490e+00	
 3.5237e+00	
 3.2075e+00	
 3.2098e+00	
 3.1589e+00	
 3.1089e+00	
 3.1343e+00	
 3.4553e+00	
 3.1104e+00	
 3.5087e+00	
 3.2736e+00	
 3.4725e+00	
 3.1687e+00	
 3.4966e+00	
 3.2758e+00	
 3.0425e+00	
 3.0361e+00	
 3.2338e+00	
 3.7321e+00	
 3.0302e+00	
 3.4787e+00	
 3.4147e+00	
 3.6125e+00	
 3.1199e+00	
 3.3123e+00	
 3.1492e+00	
 3.3210e+00	
 2.8644e+00	
 3.3786e+00	
 3.0426e+00	
 3.8067e+00	
 3.4574e+00	
 3.0887e+00	
 3.0236e+00	
 3.4251e+00	
 3.3893e+00	
 2.9955e+00	
 3.1970e+00	
 3.0109e+00	
 3.4742e+00	
 3.0202e+00	
 3.0725e+00	
 2.9792e+00	
 3.1870e+00	
 3.4532e+00	
 3.2077e+00	
 3.2395e+00	
 2.8820e+00	
 3.1398e+00	
 3.1033e+00	
 3.1726e+00	
 3.6874e+00	
 3.2472e+00	
 3.3188e+00	
 3.4672e+00	
 3.2415e+00	
 3.1945e+00	
 3.5576e+00	
 2.9823e+00	
 2.9962e+00	
 3.1210e+00	
 3.0598e+00	
 3.5310e+00	
 3.4346e+00	
 2.8977e+00	
 3.1409e+00	
 3.0358e+00	
 3.3776e+00	
 3.4202e+00	
 3.3383e+00	
 3.2713e+00	
 3.3336e+00	
 2.9535e+00	
 3.2364e+00	
 3.3762e+00	
 3.4344e+00	
 3.3616e+00	
 3.4585e+00	
 2.8308e+00	
 3.2601e+00	
 3.3298e+00	
 3.2316e+00	
 3.4857e+00	
 3.3562e+00	
 3.4972e+00	
 2.9985e+00	
 3.6676e+00	
 3.0555e+00	
 2.9065e+00	
 3.3402e+00	
 3.3187e+00	
 3.2909e+00	
 3.2512e+00	
 3.1203e+00	
 3.2028e+00	
 3.2840e+00	
 3.6297e+00	
 3.3587e+00	
 3.5464e+00	
 3.2209e+00	
 3.6832e+00	
 3.1016e+00	
 3.2839e+00	
 3.1072e+00	
 3.3564e+00	
 3.4665e+00	
 3.0173e+00	
 3.3177e+00	
 3.5996e+00	
 3.1472e+00	
 3.3009e+00	
 3.0263e+00	
 3.3227e+00	
 3.7167e+00	
 3.5178e+00	
 3.3329e+00	
 3.1980e+00	
 3.4368e+00	
 3.2119e+00	
 3.4870e+00	
 2.8761e+00	
 3.1846e+00	
 3.2184e+00	
 3.1017e+00	
 3.1520e+00	
 3.5672e+00	
 3.3917e+00	
 3.1573e+00	
 3.3956e+00	
 3.4411e+00	
 3.2341e+00	
 3.2320e+00	
 3.1755e+00	
 3.6799e+00	
 2.9093e+00	
 3.4164e+00	
 3.2163e+00	
 3.2986e+00	
 3.2564e+00	
 3.4884e+00	
 3.2617e+00	
 3.3608e+00	
 3.6230e+00	
 3.2803e+00	
 3.1990e+00	
 3.1648e+00	
 3.4275e+00	
 3.1397e+00	
 2.9335e+00	
 3.3471e+00	
 3.1619e+00	
 3.0073e+00	
 2.9565e+00	
 3.1665e+00	
 3.1636e+00	
 2.9474e+00	
 3.3543e+00	
 3.4082e+00	
 3.2032e+00	
 3.1944e+00	
 3.3259e+00	
 3.0590e+00	
 2.9689e+00	
 3.2938e+00	
 3.1917e+00	
 3.2920e+00	
 3.0852e+00	
 3.2538e+00	
 3.0155e+00	
 3.6096e+00	
 2.8222e+00	
 3.0842e+00	
 3.2615e+00	
 3.1250e+00	
 3.4388e+00	
 3.4603e+00	
 3.4991e+00	
 3.3256e+00	
 3.0513e+00	
 3.4307e+00	
 3.2433e+00	
 3.3845e+00	
 2.9891e+00	
 3.2944e+00	
 3.2430e+00	
 2.9017e+00	
 3.2297e+00	
 3.0974e+00	
 3.4997e+00	
 3.3549e+00	
 3.2702e+00	
 3.2074e+00	
 3.4564e+00	
 3.2038e+00	
 3.6287e+00	
 3.1265e+00	
 3.1666e+00	
 3.2396e+00	
 3.2916e+00	
 3.1656e+00	
 2.9455e+00	
 3.4078e+00	
 3.1505e+00	
 3.4016e+00	
 3.2525e+00	
 2.8691e+00	
 3.3277e+00	
 3.2291e+00	
 3.3571e+00	
 3.1437e+00	
 3.2018e+00	
 3.2146e+00	
 3.3657e+00	
 3.2379e+00	
 3.3261e+00	
 3.4564e+00	
 3.1752e+00	
 2.9342e+00	
 3.3916e+00	
 3.1302e+00	
 3.2828e+00	
 3.2424e+00	
 3.5321e+00	
 3.3276e+00	
 3.1892e+00	
 3.4259e+00	
 2.8158e+00	
 3.0217e+00	
 2.9777e+00	
 3.3006e+00	
 3.4413e+00	
 3.2794e+00	
 3.2795e+00	
 3.1944e+00	
 3.1641e+00	
 3.3302e+00	
 3.1572e+00	
 3.3497e+00	
 3.0715e+00	
 3.4349e+00	
 3.5858e+00	
 2.8058e+00	
 3.3828e+00	
 3.4750e+00	
 3.5217e+00	
 3.3615e+00	
 3.4867e+00	
 3.0509e+00	
 3.4358e+00	
 3.1015e+00	
 3.1455e+00	
 2.8603e+00	
 3.1440e+00	
 3.1899e+00	
 3.8354e+00	
 3.1262e+00	
 3.1802e+00	
 3.2112e+00	
 3.3284e+00	
 3.1587e+00	
 3.2924e+00	
 3.5551e+00	
 3.4700e+00	
 3.1727e+00	
 3.4631e+00	
 3.2284e+00	
 3.1888e+00	
 3.1416e+00	
 3.4129e+00	
 3.6042e+00	
 2.9080e+00	
 3.1384e+00	
 3.0142e+00	
 3.3835e+00	
 3.3363e+00	
 3.1537e+00	
 3.3228e+00	
 3.4473e+00	
 3.2611e+00	
 3.3979e+00	
 2.6708e+00	
 3.0215e+00	
 3.2149e+00	
 3.4697e+00	
 3.4400e+00	
 3.2043e+00	
 3.0169e+00	
 3.3345e+00	
 3.2251e+00	
 3.0664e+00	
 3.1550e+00	
 3.2046e+00	
 3.0314e+00	
 3.4929e+00	
 3.2391e+00	
 3.4076e+00	
 2.7763e+00	
 3.2456e+00	
 3.4602e+00	
 3.4869e+00	
 3.5161e+00	
 3.0763e+00	
 2.9304e+00	
 3.2465e+00	
 3.0027e+00	
 3.4189e+00	
 3.3522e+00	
 2.8267e+00	
 3.2800e+00	
 3.4940e+00	
 3.0749e+00	
 3.0748e+00	
 3.3530e+00	
 3.1716e+00	
 3.0192e+00	
 3.2975e+00	
 3.5297e+00	
 3.1317e+00	
 3.0213e+00	
 3.4588e+00	
 3.1041e+00	
 3.3324e+00	
 3.6105e+00	
 3.0899e+00	
 3.5241e+00	
 3.1368e+00	
 3.0226e+00	
 3.6003e+00	
 2.9997e+00	
 3.0142e+00	
 3.1165e+00	
 3.2213e+00	
 3.3776e+00	
 3.3497e+00	
 2.8013e+00	
 3.2410e+00	
 3.2570e+00	
 3.3867e+00	
 3.6570e+00	
 3.3152e+00	
 3.2431e+00	
 3.1221e+00	
 3.3248e+00	
 3.1582e+00	
 3.2744e+00	
 3.2475e+00	
 3.2855e+00	
 3.5080e+00	
 3.3479e+00	
 3.4920e+00	
 3.6035e+00	
 3.2785e+00	
 3.3673e+00	
 2.9392e+00	
 3.6871e+00	
 3.3849e+00	
 2.9366e+00	
 3.3773e+00	
 3.5326e+00	
 2.9846e+00	
 3.3092e+00	
 3.6141e+00	
 3.0870e+00	
 3.4805e+00	
 2.8792e+00	
 3.1091e+00	
 3.3921e+00	
 2.7430e+00	
 3.3202e+00	
 3.2753e+00	
 3.3310e+00	
 3.3571e+00	
 3.2472e+00	
 2.9957e+00	
 3.3817e+00	
 3.3828e+00	
 2.9898e+00	
 3.1980e+00	
 3.4626e+00	
 3.1922e+00	
 3.3914e+00	
 3.0896e+00	
 2.8580e+00	
 3.1878e+00	
 3.2087e+00	
 3.2820e+00	
 3.2123e+00	
 3.0535e+00	
 3.4643e+00	
 3.5045e+00	
 3.3638e+00	
 3.1648e+00	
 3.5838e+00	
 3.1368e+00	
 2.8945e+00	
 3.4090e+00	
 3.1546e+00	
 3.2879e+00	
 2.9586e+00	
 2.8601e+00	
 2.9863e+00	
 3.0074e+00	
 3.4657e+00	
 3.3933e+00	
 3.2477e+00	
 3.0886e+00	
 3.3214e+00	
 3.4305e+00	
 3.4089e+00	
 3.1144e+00	
 3.2945e+00	
 3.2791e+00	
 3.6271e+00	
 3.1947e+00	
 3.3824e+00	
 3.1758e+00	
 3.2672e+00	
 3.2868e+00	
 2.9691e+00	
 3.0645e+00	
 3.2566e+00	
 3.0966e+00	
 3.6021e+00	
 2.8465e+00	
 3.1155e+00	
 3.3240e+00	
 3.2040e+00	
 3.3218e+00	
 3.0968e+00	
 2.9438e+00	
 3.1482e+00	
 3.3753e+00	
 3.2505e+00	
 3.0876e+00	
 2.9915e+00	
 2.9055e+00	
 3.1975e+00	
 2.9513e+00	
 3.2211e+00	
 3.1033e+00	
 3.1273e+00	
 3.2339e+00	
 3.1166e+00	
 3.0217e+00	
 3.1833e+00	
 3.1576e+00	
 3.0177e+00	
 3.2947e+00	
 3.4228e+00	
 3.0907e+00	
 3.1199e+00	
 3.1851e+00	
 3.0803e+00	
 3.2826e+00	
 3.3761e+00	
 3.2300e+00	
 3.1842e+00	
 2.9065e+00	
 3.2511e+00	
 3.0144e+00	
 2.9458e+00	
 2.8705e+00	
 3.3074e+00	
 3.4336e+00	
 3.3100e+00	
 2.8600e+00	
 2.9772e+00	
 3.0739e+00	
 2.9245e+00	
 3.5226e+00	
 3.3547e+00	
 3.2882e+00	
 2.7262e+00	
 3.3211e+00	
 3.1952e+00	
 3.1263e+00	
 2.9517e+00	
 3.2011e+00	
 3.3476e+00	
 3.2701e+00	
 2.9779e+00	
 3.4050e+00	
 3.1021e+00	
 3.2950e+00	
 3.1828e+00	
 3.3392e+00	
 3.4021e+00	
 3.2164e+00	
 2.9421e+00	
 3.0527e+00	
 3.0991e+00	
 3.3322e+00	
 3.4090e+00	
 3.2082e+00	
 3.1048e+00	
 3.1089e+00	
 2.9806e+00	
 3.0681e+00	
 3.3489e+00	
 3.3625e+00	
 3.2805e+00	
 2.9799e+00	
 3.2072e+00	
 3.4398e+00	
 3.4923e+00	
 3.3344e+00	
 3.0329e+00	
 3.0653e+00	
 2.9219e+00	
 3.6094e+00	
 3.2244e+00	
 2.7484e+00	
 3.1829e+00	
 3.1309e+00	
 3.2443e+00	
 3.2978e+00	
 2.8884e+00	
 3.4028e+00	
 3.1542e+00	
 3.1820e+00	
 3.6724e+00	
 2.7003e+00	
 3.1241e+00	
 3.1597e+00	
 3.4421e+00	
 3.1217e+00	
 3.2778e+00	
 3.6725e+00	
 3.5435e+00	
 3.3563e+00	
 3.0550e+00	
 3.4825e+00	
 3.0830e+00	
 3.4342e+00	
 3.1250e+00	
 3.0697e+00	
 3.4923e+00	
 3.3494e+00	
 3.0844e+00	
 3.3017e+00	
 3.4469e+00	
 3.4610e+00	
 3.2638e+00	
 3.1695e+00	
 3.1434e+00	
 3.0652e+00	
 3.0505e+00	
 3.6751e+00	
 3.1778e+00	
 3.0152e+00	
 3.1869e+00	
 3.2504e+00	
 3.0710e+00	
 3.1772e+00	
 3.1830e+00	
 2.9706e+00	
 3.2540e+00	
 3.2107e+00	
 3.5192e+00	
 3.2493e+00	
 3.1400e+00	
 3.1780e+00	
 3.1770e+00	
 3.0464e+00	
 3.0826e+00	
 3.0499e+00	
 3.2106e+00	
 3.2234e+00	
 3.1828e+00	
 3.7327e+00	
 3.1080e+00	
 3.4489e+00	
 2.9627e+00	
 3.4625e+00	
 3.0872e+00	
 3.0145e+00	
 3.1498e+00	
 3.0304e+00	
 2.9600e+00	
 2.8790e+00	
 3.3459e+00	
 3.1639e+00	
 3.3245e+00	
 3.0201e+00	
 3.4390e+00	
 3.1968e+00	
 3.1395e+00	
 2.8865e+00	
 3.1213e+00	
 3.3804e+00	
 3.6866e+00	
 3.2013e+00	
 3.1546e+00	
 2.8500e+00	
 3.1197e+00	
 3.4069e+00	
 2.9647e+00	
 3.0772e+00	
 3.2227e+00	
 3.5794e+00	
 3.1228e+00	
 3.1439e+00	
 3.1277e+00	
 3.0675e+00	
 3.2345e+00	
 3.2282e+00	
 3.1769e+00	
 2.9839e+00	
 3.1892e+00	
 2.9862e+00	
 3.0031e+00	
 3.1483e+00	
 2.9807e+00	
 3.1064e+00	
 3.5301e+00	
 3.1647e+00	
 3.3865e+00	
 2.9889e+00	
 3.2061e+00	
 2.9945e+00	
 3.3382e+00	
 3.2118e+00	
 3.0179e+00	
 3.1700e+00	
 3.3717e+00	
 3.5242e+00	
 3.1175e+00	
 3.2654e+00	
 3.1681e+00	
 3.0420e+00	
 3.0750e+00	
 2.8480e+00	
 2.9900e+00	
 3.2708e+00	
 3.2488e+00	
 3.4096e+00	
 3.3732e+00	
 3.1710e+00	
 2.7863e+00	
 3.4472e+00	
 3.0771e+00	
 3.0587e+00	
 3.2087e+00	
 3.1395e+00	
 3.1243e+00	
 3.0544e+00	
 3.2283e+00	
 3.5614e+00	
 3.1228e+00	
 3.0688e+00	
 3.1514e+00	
 3.3737e+00	
 3.1107e+00	
 3.0324e+00	
 3.3015e+00	
 3.1907e+00	
 3.1949e+00	
 3.3303e+00	
 3.1689e+00	
 3.0463e+00	
 3.3413e+00	
 3.0858e+00	
 3.2311e+00	
 2.9286e+00	
 3.3491e+00	
 3.4650e+00	
 3.1060e+00	
 3.2532e+00	
 3.0259e+00	
 3.2266e+00	
 3.3525e+00	
 3.1391e+00	
 3.0053e+00	
 2.9606e+00	
 3.2180e+00	
 3.2790e+00	
 3.0536e+00	
 3.0155e+00	
 3.0252e+00	
 3.1646e+00	
 3.1352e+00	
 3.1953e+00	
 3.2807e+00	
 2.9655e+00	
 3.0279e+00	
 2.8406e+00	
 3.1597e+00	
 3.2551e+00	
 3.2257e+00	
 3.3022e+00	
 3.3951e+00	
 2.6321e+00	
 3.1223e+00	
 3.2970e+00	
 3.3101e+00	
 3.3240e+00	
 3.0551e+00	
 2.8417e+00	
 3.3602e+00	
 3.2433e+00	
 3.2163e+00	
 3.2023e+00	
 2.9780e+00	
 3.1947e+00	
 3.2192e+00	
 3.3380e+00	
 3.1161e+00	
 3.4217e+00	
 3.3360e+00	
 3.1885e+00	
 3.1913e+00	
 3.2936e+00	
 3.6662e+00	
 2.9895e+00	
 3.5391e+00	
 3.3654e+00	
 3.1565e+00	
 3.3148e+00	
 3.1445e+00	
 3.3328e+00	
 3.1694e+00	
 3.0547e+00	
 2.9650e+00	
 3.0058e+00	
 3.0068e+00	
 3.4572e+00	
 3.2003e+00	
 3.0859e+00	
 3.1752e+00	
 3.0773e+00	
 2.7720e+00	
 3.4054e+00	
 2.9696e+00	
 3.3588e+00	
 3.2004e+00	
 3.5921e+00	
 3.4097e+00	
 3.1461e+00	
 3.2962e+00	
 3.3544e+00	
 3.0719e+00	
 3.4011e+00	
 2.8681e+00	
 3.1730e+00	
 3.1662e+00	
 3.2235e+00	
 3.0061e+00	
 3.2861e+00	
 3.4211e+00	
 3.4516e+00	
 3.3114e+00	
 3.1870e+00	
 2.8845e+00	
 3.3606e+00	
 3.2129e+00	
 3.0764e+00	
 3.2052e+00	
 3.4504e+00	
 3.1623e+00	
 3.1658e+00	
 3.4199e+00	
 3.2998e+00	
 3.3114e+00	
 3.4155e+00	
 3.0695e+00	
 3.3792e+00	
 3.3032e+00	
 3.0791e+00	
 3.3998e+00	
 3.2306e+00	
 3.2794e+00	
 3.5197e+00	
 2.8449e+00	
 2.8963e+00	
 3.4124e+00	
 3.5098e+00	
 3.0631e+00	
 3.0095e+00	
 3.1465e+00	
 3.3181e+00	
 3.0966e+00	
 3.1671e+00	
 3.1971e+00	
 3.1215e+00	
 3.2389e+00	
 3.2349e+00	
 3.0242e+00	
 3.4444e+00	
 3.3128e+00	
 3.0104e+00	
 3.5713e+00	
 3.4462e+00	
 3.1030e+00	
 3.1434e+00	
 2.7613e+00	
 3.3139e+00	
 3.0142e+00	
 3.0110e+00	
 3.1820e+00	
 3.1035e+00	
 3.0227e+00	
 3.1131e+00	
 3.3544e+00	
 3.1435e+00	
 3.3492e+00	
 3.0584e+00	
 2.7525e+00	
 3.0031e+00	
 3.4067e+00	
 3.1283e+00	
 3.1683e+00	
 2.8120e+00	
 2.9946e+00	
 3.0807e+00	
 3.2017e+00	
 3.4489e+00	
 3.5797e+00	
 3.4726e+00	
 3.1265e+00	
 3.2366e+00	
 2.8911e+00	
 3.5955e+00	
 3.4468e+00	
 3.4062e+00	
 3.2055e+00	
 3.0771e+00	
 3.2025e+00	
 3.1266e+00	
 3.3149e+00	
 2.9672e+00	
 3.3462e+00	
 3.5975e+00	
 3.3522e+00	
 3.3541e+00	
 3.1554e+00	
 3.2867e+00	
 2.9370e+00	
 3.1967e+00	
 3.1169e+00	
 2.8402e+00	
 3.2211e+00	
 3.1482e+00	
 3.0275e+00	
 2.6945e+00	
 3.2083e+00	
 3.0055e+00	
 3.3304e+00	
 3.0250e+00	
 3.3014e+00	
 3.0014e+00	
 3.0570e+00	
 3.3722e+00	
 3.2154e+00	
 3.4352e+00	
 3.3208e+00	
 3.3859e+00	
 3.1886e+00	
 3.0894e+00	
 3.4005e+00	
 3.2716e+00	
 3.5077e+00	
 3.2132e+00	
 3.2783e+00	
 3.2582e+00	
 2.9362e+00	
 3.0576e+00	
 3.2503e+00	
 3.0465e+00	
 3.0817e+00	
 3.3762e+00	
 3.0751e+00	
 3.4257e+00	
 2.9596e+00	
 2.7599e+00	
 3.3236e+00	
 2.9438e+00	
 3.4779e+00	
 3.4577e+00	
 3.1207e+00	
 3.2033e+00	
 2.8165e+00	
 3.3653e+00	
 3.2747e+00	
 3.0164e+00	
 2.9455e+00	
 3.2073e+00	
 3.3743e+00	
 3.0818e+00	
 3.3799e+00	
 2.3711e+00	
 3.1505e+00	
 3.0805e+00	
 3.1904e+00	
 3.1849e+00	
 3.2855e+00	
 3.0890e+00	
 2.8895e+00	
 2.7184e+00	
 3.2648e+00	
 3.5860e+00	
 3.0945e+00	
 3.3441e+00	
 3.0229e+00	
 2.9801e+00	
 3.0166e+00	
 3.5490e+00	
 3.0827e+00	
 3.2489e+00	
 2.9664e+00	
 3.5930e+00	
 2.7853e+00	
 3.1620e+00	
 3.2558e+00	
 3.0860e+00	
 3.0395e+00	
 3.0816e+00	
 3.3893e+00	
 3.0131e+00	
 2.6836e+00	
 3.1374e+00	
 3.3398e+00	
 2.6478e+00	
 3.1010e+00	
 3.2351e+00	
 3.0044e+00	
 2.6051e+00	
 2.9473e+00	
 2.6156e+00	
 3.0653e+00	
 3.2299e+00	
 3.3836e+00	
 2.6349e+00	
 3.2942e+00	
 3.1139e+00	
 3.5301e+00	
 2.9704e+00	
 3.3160e+00	
 3.1499e+00	
 2.9230e+00	
 3.2592e+00	
 3.0146e+00	
 2.8193e+00	
 3.4709e+00	
 3.2084e+00	
 2.9692e+00	
 2.8824e+00	
 3.4025e+00	
 3.0859e+00	
 2.7388e+00	
 3.2500e+00	
 2.8572e+00	
 3.1773e+00	
 3.1169e+00	
 3.1349e+00	
 3.1414e+00	
 3.1597e+00	
 3.1637e+00	
 3.6389e+00	
 3.0229e+00	
 3.1822e+00	
 3.4010e+00	
 3.1799e+00	
 2.5530e+00	
 3.1099e+00	
 2.7536e+00	
 2.8440e+00	
 2.7331e+00	
 3.4856e+00	
 3.2505e+00	
 3.0735e+00	
 3.4129e+00	
 2.9692e+00	
 3.0592e+00	
 2.9774e+00	
 3.0597e+00	
 2.9465e+00	
 2.7980e+00	
 3.1642e+00	
 2.9435e+00	
 3.2662e+00	
 3.0723e+00	
 2.6649e+00	
 2.7232e+00	
 3.1161e+00	
 2.4723e+00	
 2.8005e+00	
 2.8044e+00	
 3.0933e+00	
 3.0290e+00	
 3.0888e+00	
 2.8540e+00	
 2.3590e+00	
 3.1735e+00	
 2.8259e+00	
 2.6400e+00	
 3.2982e+00	
 3.3698e+00	
 2.9127e+00	
 3.1600e+00	
 2.7627e+00	
 2.9651e+00	
 2.7584e+00	
 2.8642e+00	
 3.2730e+00	
 2.9212e+00	
 2.9510e+00	
 2.5892e+00	
 3.4716e+00	
 2.9468e+00	
 3.0829e+00	
 2.9075e+00	
 2.9715e+00	
 3.2121e+00	
 2.7888e+00	
 3.1215e+00	
 2.7856e+00	
 2.8368e+00	
 3.2416e+00	
 2.8376e+00	
 3.0986e+00	
 3.2860e+00	
 3.2393e+00	
 2.9743e+00	
 2.9209e+00	
 3.0631e+00	
 2.8933e+00	
 3.1931e+00	
 2.9568e+00	
 2.9230e+00	
 2.8216e+00	
 2.6264e+00	
 3.1059e+00	
 3.0770e+00	
 2.7690e+00	
 2.6707e+00	
 2.9309e+00	
 3.1609e+00	
 2.7290e+00	
 2.9116e+00	
 3.1687e+00	
 2.9777e+00	
 3.0488e+00	
 3.0603e+00	
 3.1358e+00	
 3.0098e+00	
 2.8932e+00	
 3.3800e+00	
 2.9915e+00	
 3.1528e+00	
 3.0249e+00	
 3.1277e+00	
 2.7235e+00	
 3.0744e+00	
 2.5908e+00	
 2.8086e+00	
 2.7267e+00	
 3.1385e+00	
 2.7078e+00	
 2.9129e+00	
 3.0465e+00	
 2.6377e+00	
 3.1925e+00	
 2.8329e+00	
 3.1020e+00	
 3.0529e+00	
 2.6683e+00	
 3.0769e+00	
 2.7683e+00	
 3.0861e+00	
 2.9906e+00	
 3.0872e+00	
 3.2271e+00	
 3.0566e+00	
 3.0279e+00	
 3.1701e+00	
 3.0829e+00	
 3.2890e+00	
 2.8730e+00	
 2.9597e+00	
 2.8459e+00	
 2.9688e+00	
 3.0926e+00	
 2.6436e+00	
 2.8765e+00	
 3.0583e+00	
 3.1440e+00	
 3.3463e+00	
 2.9434e+00	
 3.0861e+00	
 3.0607e+00	
 2.8742e+00	
 3.4135e+00	
 3.1033e+00	
 3.1186e+00	
 2.8350e+00	
 3.2333e+00	
 3.1872e+00	
 3.2893e+00	
 3.1181e+00	
 3.1228e+00	
 3.2961e+00	
 2.8943e+00	
 2.9532e+00	
 2.9032e+00	
 2.8202e+00	
 3.1977e+00	
 3.1191e+00	
 2.9371e+00	
 2.9869e+00	
 2.8546e+00	
 2.8633e+00	
 3.1062e+00	
 2.6759e+00	
 2.6353e+00	
 2.6854e+00	
 3.3034e+00	
 2.6783e+00	
 2.9670e+00	
 2.7746e+00	
 2.6041e+00	
 3.0265e+00	
 2.7748e+00	
 2.7275e+00	
 2.5125e+00	
 3.1116e+00	
 2.7142e+00	
 2.7214e+00	
 2.9502e+00	
 3.3804e+00	
 3.2986e+00	
 3.0444e+00	
 2.7335e+00	
 3.4449e+00	
 3.1269e+00	
 3.3048e+00	
 3.1402e+00	
 2.7808e+00	
 3.2023e+00	
 2.9759e+00	
 3.0418e+00	
 3.0241e+00	
 2.8312e+00	
 3.1042e+00	
 2.7856e+00	
 3.0914e+00	
 2.8909e+00	
 2.6251e+00	
 3.1465e+00	
 3.0407e+00	
 2.8540e+00	
 3.1125e+00	
 3.0448e+00	
 3.0651e+00	
 3.1685e+00	
 2.7127e+00	
 2.8321e+00	
 3.0279e+00	
 2.7337e+00	
 3.0155e+00	
 3.0491e+00	
 3.0091e+00	
 2.7280e+00	
 3.0890e+00	
 2.8185e+00	
 3.2896e+00	
 2.7055e+00	
 2.6849e+00	
 2.9480e+00	
 2.9274e+00	
 2.9794e+00	
 2.6604e+00	
 2.9280e+00	
 3.0064e+00	
 3.0091e+00	
 3.0008e+00	
 2.8446e+00	
 3.1265e+00	
 2.8231e+00	
 3.3051e+00	
 2.7790e+00	
 2.8396e+00	
 3.0556e+00	
 3.0550e+00	
 2.7460e+00	
 3.0573e+00	
 2.8434e+00	
 2.6874e+00	
 3.0471e+00	
 3.2468e+00	
 2.7561e+00	
 2.7253e+00	
 2.7932e+00	
 3.1388e+00	
 2.9309e+00	
 3.0630e+00	
 2.7597e+00	
 3.2588e+00	
 3.0118e+00	
 3.1688e+00	
 2.9032e+00	
 2.9738e+00	
 2.8289e+00	
 2.9474e+00	
 3.0799e+00	
 2.9925e+00	
 2.9538e+00	
 2.6564e+00	
 2.9907e+00	
 3.0211e+00	
 3.0644e+00	
 3.0376e+00	
 2.8477e+00	
 2.8024e+00	
 3.0354e+00	
 2.7587e+00	
 2.9596e+00	
 2.7935e+00	
 2.6854e+00	
 3.0353e+00	
 2.7332e+00	
 2.8220e+00	
 3.0188e+00	
 3.3205e+00	
 2.8069e+00	
 3.1951e+00	
 3.2931e+00	
 2.7558e+00	
 2.9977e+00	
 3.0833e+00	
 3.1345e+00	
 3.1066e+00	
 3.3273e+00	
 3.1594e+00	
 2.9984e+00	
 2.8154e+00	
 2.9593e+00	
 3.1483e+00	
 2.7122e+00	
 3.0084e+00	
 2.9487e+00	
 2.9440e+00	
 3.0025e+00	
 2.6030e+00	
 2.8871e+00	
 3.1287e+00	
 2.8870e+00	
 3.0778e+00	
 2.9424e+00	
 2.9391e+00	
 3.3554e+00	
 2.9130e+00	
 2.6019e+00	
 2.9124e+00	
 2.5358e+00	
 2.8680e+00	
 3.2221e+00	
 2.7203e+00	
 2.9278e+00	
 2.7255e+00	
 2.7088e+00	
 3.0448e+00	
 2.8166e+00	
 2.7200e+00	
 2.6920e+00	
 2.8541e+00	
 2.7676e+00	
 3.1694e+00	
 3.5053e+00	
 2.7884e+00	
 2.9220e+00	
 2.7815e+00	
 3.0311e+00	
 2.8993e+00	
 2.8126e+00	
 2.7336e+00	
 2.7304e+00	
 3.3229e+00	
 2.9685e+00	
 2.7950e+00	
 2.8629e+00	
 2.8766e+00	
 2.9717e+00	
 2.8949e+00	
 3.0806e+00	
 2.6662e+00	
 2.4636e+00	
 3.0085e+00	
 2.9594e+00	
 3.0631e+00	
 2.7463e+00	
 3.1179e+00	
 2.8166e+00	
 3.0203e+00	
 2.6175e+00	
 2.6921e+00	
 3.0041e+00	
 2.9693e+00	
 2.8568e+00	
 3.0979e+00	
 3.1117e+00	
 2.6918e+00	
 3.2914e+00	
 2.8167e+00	
 2.8443e+00	
 2.9947e+00	
 2.5184e+00	
 2.9045e+00	
 2.5200e+00	
 2.9203e+00	
 3.1291e+00	
 3.0304e+00	
 2.8616e+00	
 2.6885e+00	
 3.0833e+00	
 3.3321e+00	
 2.9530e+00	
 2.9644e+00	
 2.9387e+00	
 3.1306e+00	
 2.8426e+00	
 3.1545e+00	
 3.0461e+00	
 2.8353e+00	
 2.5973e+00	
 2.9790e+00	
 2.9994e+00	
 2.7918e+00	
 2.9952e+00	
 2.8131e+00	
 2.5819e+00	
 2.5730e+00	
 3.0485e+00	
 2.7748e+00	
 2.9335e+00	
 2.7186e+00	
 3.0831e+00	
 2.7582e+00	
 2.7887e+00	
 3.0541e+00	
 3.2491e+00	
 3.1595e+00	
 2.8144e+00	
 2.9265e+00	
 2.9491e+00	
 3.0701e+00	
 2.9628e+00	
 3.2662e+00	
 2.9196e+00	
 2.6168e+00	
 2.8619e+00	
 2.6236e+00	
 2.8317e+00	
 3.0921e+00	
 2.8991e+00	
 3.4829e+00	
 3.2038e+00	
 2.7426e+00	
 3.1436e+00	
 2.7540e+00	
 3.1789e+00	
 2.7532e+00	
 2.6716e+00	
 3.2884e+00	
 2.4639e+00	
 2.8297e+00	
 3.1235e+00	
 2.4864e+00	
 3.2475e+00	
 2.6034e+00	
 2.9298e+00	
 2.9107e+00	
 2.7940e+00	
 2.7209e+00	
 3.4302e+00	
 3.1273e+00	
 3.1841e+00	
 3.0411e+00	
 2.9612e+00	
 3.1286e+00	
 2.5725e+00	
 2.9182e+00	
 3.3388e+00	
 2.8710e+00	
 2.8303e+00	
 2.7546e+00	
 2.8454e+00	
 3.0501e+00	
 2.9273e+00	
 2.7147e+00	
 3.0174e+00	
 3.1132e+00	
 3.0636e+00	
 3.1555e+00	
 3.4218e+00	
 2.8799e+00	
 3.0386e+00	
 2.7860e+00	
 2.5044e+00	
 3.0802e+00	
 3.0342e+00	
 3.0913e+00	
 2.7077e+00	
 2.6796e+00	
 2.7901e+00	
 3.0129e+00	
 2.2969e+00	
 2.5309e+00	
 2.6582e+00	
 3.1419e+00	
 3.0075e+00	
 3.0644e+00	
 2.7630e+00	
 2.7038e+00	
 2.8481e+00	
 3.3837e+00	
 3.1648e+00	
 3.0784e+00	
 3.2467e+00	
 2.8923e+00	
 2.7796e+00	
 2.6755e+00	
 2.9321e+00	
 3.6595e+00	
 3.4220e+00	
 2.8554e+00	
 2.7045e+00	
 3.0693e+00	
 2.8419e+00	
 3.1058e+00	
 2.7387e+00	
 2.8294e+00	
 2.7916e+00	
 2.6116e+00	
 2.6891e+00	
 3.0802e+00	
 3.0532e+00	
 2.9379e+00	
 2.6595e+00	
 2.8635e+00	
 2.9865e+00	
 3.1444e+00	
 2.7243e+00	
 3.1958e+00	
 2.8277e+00	
 2.8677e+00	
 3.1747e+00	
 2.9358e+00	
 3.0867e+00	
 3.1334e+00	
 2.7548e+00	
 3.0140e+00	
 2.8316e+00	
 2.5607e+00	
 2.8229e+00	
 3.0470e+00	
 2.8254e+00	
 2.9663e+00	
 2.8892e+00	
 3.0159e+00	
 3.3228e+00	
 3.2543e+00	
 2.9316e+00	
 3.0411e+00	
 3.0558e+00	
 2.7607e+00	
 3.0637e+00	
 3.0660e+00	
 2.8251e+00	
 2.8816e+00	
 2.8092e+00	
 2.8488e+00	
 2.9780e+00	
 3.1015e+00	
 3.4842e+00	
 2.7366e+00	
 2.9652e+00	
 2.7610e+00	
 2.6200e+00	
 2.5559e+00	
 3.0644e+00	
 2.6170e+00	
 3.3405e+00	
 3.1865e+00	
 2.7297e+00	
 3.1543e+00	
 2.6794e+00	
 2.7293e+00	
 2.8714e+00	
 2.7277e+00	
 2.8844e+00	
 2.6243e+00	
 3.0677e+00	
 2.7417e+00	
 2.9833e+00	
 3.1836e+00	
 2.8098e+00	
 2.8673e+00	
 2.8336e+00	
 2.9550e+00	
 2.7514e+00	
 2.8115e+00	
 2.9057e+00	
 2.9539e+00	
 2.7025e+00	
 3.3760e+00	
 2.4531e+00	
 2.7533e+00	
 3.0591e+00	
 3.1421e+00	
 3.2375e+00	
 2.7397e+00	
 2.9544e+00	
 2.9257e+00	
 3.1281e+00	
 2.5470e+00	
 3.1869e+00	
 3.1681e+00	
 2.5983e+00	
 2.7320e+00	
 3.0057e+00	
 3.1188e+00	
 3.1034e+00	
 2.8502e+00	
 3.2129e+00	
 2.9700e+00	
 2.7226e+00	
 2.8719e+00	
 2.8944e+00	
 2.7313e+00	
 3.1170e+00	
 2.8252e+00	
 2.7563e+00	
 3.1765e+00	
 3.2098e+00	
 2.8714e+00	
 2.8557e+00	
 2.7607e+00	
 2.8265e+00	
 2.9894e+00	
 3.2095e+00	
 3.0160e+00	
 2.9661e+00	
 3.0120e+00	
 3.3994e+00	
 2.8999e+00	
 2.9450e+00	
 3.0360e+00	
 3.1738e+00	
 2.9282e+00	
 3.1719e+00	
 3.0776e+00	
 2.9087e+00	
 2.5930e+00	
 2.6043e+00	
 2.8452e+00	
 2.8751e+00	
 2.9350e+00	
 2.7203e+00	
 2.9291e+00	
 3.0807e+00	
 2.9024e+00	
 2.8025e+00	
 3.0388e+00	
 3.1812e+00	
 2.6397e+00	
 3.0550e+00	
 2.7970e+00	
 2.7094e+00	
 3.0256e+00	
 2.6378e+00	
 2.2219e+00	
 3.1759e+00	
 2.9024e+00	
 2.9549e+00	
 2.8364e+00	
 2.7357e+00	
 2.8235e+00	
 3.0298e+00	
 2.6981e+00	
 2.8370e+00	
 2.8040e+00	
 2.8497e+00	
 2.4463e+00	
 2.7377e+00	
 3.0248e+00	
 2.5539e+00	
 3.0924e+00	
 2.9445e+00	
 3.1468e+00	
 2.8099e+00	
 3.3217e+00	
 2.8285e+00	
 2.8056e+00	
 2.7471e+00	
 3.1058e+00	
 2.8437e+00	
 2.7364e+00	
 2.9530e+00	
 2.5377e+00	
 2.6388e+00	
 3.3032e+00	
 2.7400e+00	
 2.9523e+00	
 3.4009e+00	
 3.2030e+00	
 3.4639e+00	
 2.9563e+00	
 3.0208e+00	
 2.8547e+00	
 2.7009e+00	
 2.7791e+00	
 2.6120e+00	
 2.6048e+00	
 3.1676e+00	
 2.8493e+00	
 2.6404e+00	
 3.1056e+00	
 3.0141e+00	
 2.7509e+00	
 3.0256e+00	
 2.7116e+00	
 2.7383e+00	
 2.6650e+00	
 2.8747e+00	
 3.2054e+00	
 2.9267e+00	
 2.9799e+00	
 2.6096e+00	
 2.8626e+00	
 2.9989e+00	
 2.5785e+00	
 3.0943e+00	
 3.0167e+00	
 2.6001e+00	
 2.6191e+00	
 2.8333e+00	
 2.7088e+00	
 2.8426e+00	
 2.6742e+00	
 3.3896e+00	
 3.3744e+00	
 2.9458e+00	
 2.8550e+00	
 2.6802e+00	
 2.8797e+00	
 2.6371e+00	
 3.0648e+00	
 3.1468e+00	
 2.9076e+00	
 3.2513e+00	
 3.0843e+00	
 2.9660e+00	
 2.5789e+00	
 2.8789e+00	
 2.9106e+00	
 2.6954e+00	
 3.1413e+00	
 2.9927e+00	
 2.9157e+00	
 3.1755e+00	
 2.7782e+00	
 2.7465e+00	
 2.9121e+00	
 2.2367e+00	
 2.8697e+00	
 3.2091e+00	
 3.4540e+00	
 2.7925e+00	
 2.7954e+00	
 2.9237e+00	
 2.8540e+00	
 2.9690e+00	
 2.9188e+00	
 2.9844e+00	
 3.2831e+00	
 2.6632e+00	
 2.6899e+00	
 3.0511e+00	
 2.8743e+00	
 2.8548e+00	
 3.0456e+00	
 3.1780e+00	
 2.9296e+00	
 3.0889e+00	
 3.1510e+00	
 3.1612e+00	
 3.0205e+00	
 2.7709e+00	
 3.1446e+00	
 2.6755e+00	
 2.6520e+00	
 2.8995e+00	
 3.1129e+00	
 3.0091e+00	
 3.2221e+00	
 2.8099e+00	
 3.0067e+00	
 3.0856e+00	
 2.8750e+00	
 3.2204e+00	
 2.7521e+00	
 2.5844e+00	
 2.7683e+00	
 2.7858e+00	
 3.1761e+00	
 3.1779e+00	
 2.8767e+00	
 3.1000e+00	
 3.4932e+00	
 3.1267e+00	
 3.5928e+00	
 3.3485e+00	
 2.8423e+00	
 2.7555e+00	
 3.0791e+00	
 2.7420e+00	
 2.6872e+00	
 2.9441e+00	
 2.8901e+00	
 2.7216e+00	
 2.6805e+00	
 2.8383e+00	
 2.7123e+00	
 3.1314e+00	
 3.0227e+00	
 2.5360e+00	
 2.9811e+00	
 3.2223e+00	
 3.3167e+00	
 2.9096e+00	
 3.1357e+00	
 2.7931e+00	
 3.2880e+00	
 2.7750e+00	
 2.9612e+00	
 3.0496e+00	
 3.1166e+00	
 2.8752e+00	
 2.9548e+00	
 3.0898e+00	
 2.8798e+00	
 3.1572e+00	
 2.5826e+00	
 3.0066e+00	
 3.2129e+00	
 2.7153e+00	
 3.3023e+00	
 2.7870e+00	
 2.8613e+00	
 2.7198e+00	
 3.2652e+00	
 2.7110e+00	
 2.9573e+00	
 2.9073e+00	
 2.7119e+00	
 3.0260e+00	
 2.8711e+00	
 3.0402e+00	
 2.6443e+00	
 2.9420e+00	
 3.0144e+00	
 2.8900e+00	
 3.0012e+00	
 2.9640e+00	
 2.6314e+00	
 2.7862e+00	
 3.0441e+00	
 3.1532e+00	
 2.8600e+00	
 3.2398e+00	
 3.2676e+00	
 2.9165e+00	
 3.0146e+00	
 2.8234e+00	
 3.4192e+00	
 2.7806e+00	
 2.5268e+00	
 3.0929e+00	
 3.3785e+00	
 2.8966e+00	
 3.2261e+00	
 2.9740e+00	
 3.0599e+00	
 2.9678e+00	
 2.4998e+00	
 2.7114e+00	
 2.9658e+00	
 2.9080e+00	
 2.9731e+00	
 3.2474e+00	
 2.9356e+00	
 2.9827e+00	
 2.6482e+00	
 3.2349e+00	
 2.9976e+00	
 2.8636e+00	
 2.8646e+00	
 2.9026e+00	
 2.8001e+00	
 3.1160e+00	
 2.8617e+00	
 2.6379e+00	
 2.7814e+00	
 2.7636e+00	
 2.8870e+00	
 2.9730e+00	
 2.7707e+00	
 2.6278e+00	
 2.9936e+00	
 2.8066e+00	
 3.1997e+00	
 3.1124e+00	
 2.7940e+00	
 2.5705e+00	
 3.0959e+00	
 2.6664e+00	
 2.9812e+00	
 2.7614e+00	
 2.8950e+00	
 2.8176e+00	
 2.7665e+00	
 2.8110e+00	
 2.7418e+00	
 3.0351e+00	
 2.8097e+00	
 3.1717e+00	
 2.8521e+00	
 3.1672e+00	
 2.7301e+00	
 2.9294e+00	
 3.2006e+00	
 2.9807e+00	
 2.7858e+00	
 2.8345e+00	
 2.9161e+00	
 3.1920e+00	
 3.4524e+00	
 2.6784e+00	
 2.8358e+00	
 2.6374e+00	
 2.7587e+00	
 3.0365e+00	
 2.7796e+00	
 3.0174e+00	
 2.7627e+00	
 3.2636e+00	
 2.8105e+00	
 2.8129e+00	
 2.7869e+00	
 3.0301e+00	
 2.7700e+00	
 3.0263e+00	
 2.7529e+00	
 2.5880e+00	
 2.9652e+00	
 2.4772e+00	
 3.1960e+00	
 3.0370e+00	
 2.6676e+00	
 2.9423e+00	
 2.8410e+00	
 3.1944e+00	
 2.5330e+00	
 2.6080e+00	
 3.2678e+00	
 3.0755e+00	
 2.4134e+00	
 2.9576e+00	
 2.7031e+00	
 2.7891e+00	
 2.4957e+00	
 3.6777e+00	
 3.2806e+00	
 3.1065e+00	
 2.5703e+00	
 2.5517e+00	
 2.8007e+00	
 2.9650e+00	
 2.9888e+00	
 3.0835e+00	
 2.8095e+00	
 2.7184e+00	
 2.9318e+00	
 2.7183e+00	
 3.1934e+00	
 2.8917e+00	
 2.8814e+00	
 2.7192e+00	
 2.9636e+00	
 3.2199e+00	
 2.7875e+00	
 2.9423e+00	
 2.8889e+00	
 3.0214e+00	
 3.0070e+00	
 2.7938e+00	
 2.6415e+00	
 2.4713e+00	
 2.5399e+00	
 2.9298e+00	
 3.3444e+00	
 3.2534e+00	
 2.8784e+00	
 2.8583e+00	
 3.2712e+00	
 3.0937e+00	
 3.2723e+00	
 2.4764e+00	
 2.6333e+00	
 3.0044e+00	
 2.8386e+00	
 2.8482e+00	
 2.7950e+00	
 3.0561e+00	
 2.8690e+00	
 2.8014e+00	
 3.3272e+00	
 3.1029e+00	
 3.0118e+00	
 2.7466e+00	
 2.9075e+00	
 3.1633e+00	
 2.9652e+00	
 3.2383e+00	
 3.1911e+00	
 2.8000e+00	
 2.6767e+00	
 2.6756e+00	
 2.7475e+00	
 3.0883e+00	
 2.7478e+00	
 2.6169e+00	
 2.5197e+00	
 2.9866e+00	
 2.8365e+00	
 2.8232e+00	
 3.3324e+00	
 2.8928e+00	
 3.0570e+00	
 2.5827e+00	
 3.2293e+00	
 2.6758e+00	
 3.0136e+00	
 2.6316e+00	
 2.8138e+00	
 2.4117e+00	
 3.1747e+00	
 2.8265e+00	
 2.6881e+00	
 2.6551e+00	
 2.6445e+00	
 2.6480e+00	
 2.7944e+00	
 3.2319e+00	
 3.1974e+00	
 2.8966e+00	
 2.8009e+00	
 3.0014e+00	
 3.1794e+00	
 2.5674e+00	
 2.9547e+00	
 2.2174e+00	
 2.6781e+00	
 2.9465e+00	
 2.8261e+00	
 2.9821e+00	
 2.7350e+00	
 2.7708e+00	
 3.1394e+00	
 2.9667e+00	
 2.8046e+00	
 2.8329e+00	
 2.7124e+00	
 3.1130e+00	
 2.4579e+00	
 3.0209e+00	
 2.4787e+00	
 2.9416e+00	
 2.9773e+00	
 2.6546e+00	
 2.7508e+00	
 2.7522e+00	
 2.8828e+00	
 2.5844e+00	
 3.1348e+00	
 2.7539e+00	
 2.8943e+00	
 3.1601e+00	
 2.8724e+00	
 2.8427e+00	
 3.1566e+00	
 2.5330e+00	
 3.2002e+00	
 2.9658e+00	
 2.8271e+00	
 2.5135e+00	
 2.5908e+00	
 2.6306e+00	
 2.7481e+00	
 3.0192e+00	
 2.9516e+00	
 3.1399e+00	
 2.9580e+00	
 3.1258e+00	
 2.9132e+00	
 2.8643e+00	
 3.2151e+00	
 2.6222e+00	
 3.2142e+00	
 2.8182e+00	
 2.8459e+00	
 2.8054e+00	
 3.1896e+00	
 2.6203e+00	
 2.9305e+00	
 3.1512e+00	
 2.8877e+00	
 2.6637e+00	
 2.7192e+00	
 2.7971e+00	
 3.1390e+00	
 3.1627e+00	
 2.8861e+00	
 2.7765e+00	
 2.6563e+00	
 2.9143e+00	
 3.0271e+00	
 2.7508e+00	
 2.6985e+00	
 3.1479e+00	
 3.1817e+00	
 2.8640e+00	
 2.5002e+00	
 2.9255e+00	
 3.3839e+00	
 3.1498e+00	
 2.4255e+00	
 2.7330e+00	
 3.0874e+00	
 2.5314e+00	
 3.0397e+00	
 2.5024e+00	
 2.8046e+00	
 2.6787e+00	
 2.8186e+00	
 2.8782e+00	
 3.0892e+00	
 2.6108e+00	
 2.9474e+00	
 2.6302e+00	
 2.9364e+00	
 2.8576e+00	
 2.9404e+00	
 3.0965e+00	
 2.6832e+00	
 2.9130e+00	
 2.7326e+00	
 3.2700e+00	
 3.0771e+00	
 2.9648e+00	
 2.4590e+00	
 2.7812e+00	
 2.7290e+00	
 2.6643e+00	
 2.7124e+00	
 2.8349e+00	
 2.6744e+00	
 3.0767e+00	
 2.9082e+00	
 2.9167e+00	
 2.9648e+00	
 2.7908e+00	
 2.9137e+00	
 2.9853e+00	
 2.8003e+00	
 3.1703e+00	
 2.7294e+00	
 2.6044e+00	
 2.9423e+00	
 2.9819e+00	
 3.1497e+00	
 2.8288e+00	
 2.8434e+00	
 3.0437e+00	
 2.9893e+00	
 2.5926e+00	
 2.8911e+00	
 2.8955e+00	
 2.7157e+00	
 2.4846e+00	
 2.8756e+00	
 3.0589e+00	
 2.6390e+00	
 2.8353e+00	
 2.5635e+00	
 2.8776e+00	
 2.5303e+00	
 2.8963e+00	
 3.1783e+00	
 2.9317e+00	
 2.5935e+00	
 2.5212e+00	
 3.1646e+00	
 2.9293e+00	
 2.9022e+00	
 2.5838e+00	
 3.2222e+00	
 2.8522e+00	
 2.8198e+00	
 3.1493e+00	
 2.9736e+00	
 2.6329e+00	
 2.5877e+00	
 3.1876e+00	
 2.5135e+00	
 2.8265e+00	
 2.5574e+00	
 2.9329e+00	
 2.6934e+00	
 3.1599e+00	
 2.8845e+00	
 3.0797e+00	
 3.0061e+00	
 2.5720e+00	
 3.2011e+00	
 2.5578e+00	
 2.9572e+00	
 2.5440e+00	
 2.6290e+00	
 2.9850e+00	
 2.7705e+00	
 2.7246e+00	
 2.8200e+00	
 2.7783e+00	
 2.4875e+00	
 2.8653e+00	
 2.7311e+00	
 2.5129e+00	
 2.9473e+00	
 3.1372e+00	
 2.8786e+00	
 2.7301e+00	
 2.6867e+00	
 3.1699e+00	
 2.5739e+00	
 3.2870e+00	
 2.7183e+00	
 2.9915e+00	
 2.3830e+00	
 3.0566e+00	
 3.0900e+00	
 2.5574e+00	
 2.8353e+00	
 2.9160e+00	
 2.5542e+00	
 2.4466e+00	
 3.1359e+00	
 2.8378e+00	
 2.4688e+00	
 2.8288e+00	
 3.1925e+00	
 2.8033e+00	
 2.7854e+00	
 3.2121e+00	
 2.7651e+00	
 2.9505e+00	
 3.1109e+00	
 2.6906e+00	
 2.7864e+00	
 2.6913e+00	
 3.0278e+00	
 2.7109e+00	
 2.5230e+00	
 2.2326e+00	
 2.8036e+00	
 3.1271e+00	
 2.5500e+00	
 2.9934e+00	
 2.6213e+00	
 2.4713e+00	
 2.7899e+00	
 2.6892e+00	
 2.5662e+00	
 2.4534e+00	
 2.5200e+00	
 2.7041e+00	
 2.5333e+00	
 2.4018e+00	
 2.9153e+00	
 2.5184e+00	
 2.7246e+00	
 2.5946e+00	
 2.2313e+00	
 2.3907e+00	
 2.5485e+00	
 2.4320e+00	
 2.2282e+00	
 3.2499e+00	
 2.9107e+00	
 2.5380e+00	
 3.0928e+00	
 2.8037e+00	
 2.4219e+00	
 2.5696e+00	
 2.7109e+00	
 2.5243e+00	
 2.6765e+00	
 2.5248e+00	
 2.2892e+00	
 2.5757e+00	
 3.0553e+00	
 2.8431e+00	
 2.5647e+00	
 2.8683e+00	
 2.3509e+00	
 2.6701e+00	
 2.4712e+00	
 2.6802e+00	
 2.4547e+00	
 2.5927e+00	
 2.6070e+00	
 2.1067e+00	
 2.2029e+00	
 2.5834e+00	
 2.6748e+00	
 2.7897e+00	
 2.4081e+00	
 3.2031e+00	
 2.6220e+00	
 2.6014e+00	
 2.4134e+00	
 2.4244e+00	
 2.7482e+00	
 2.7632e+00	
 2.4750e+00	
 2.9339e+00	
 2.7354e+00	
 2.5670e+00	
 2.3385e+00	
 2.9127e+00	
 2.5253e+00	
 2.8486e+00	
 3.1732e+00	
 2.8374e+00	
 2.5609e+00	
 2.5619e+00	
 2.5863e+00	
 2.6673e+00	
 2.5189e+00	
 2.5638e+00	
 2.9623e+00	
 2.5675e+00	
 2.5322e+00	
 2.9427e+00	
 2.4060e+00	
 2.5784e+00	
 2.6721e+00	
 2.8132e+00	
 2.7875e+00	
 2.6223e+00	
 2.6740e+00	
 2.3409e+00	
 2.9539e+00	
 2.7958e+00	
 2.5049e+00	
 2.6345e+00	
 2.4766e+00	
 2.4166e+00	
 2.7559e+00	
 3.0117e+00	
 2.7706e+00	
 2.9244e+00	
 2.5070e+00	
 2.4493e+00	
 2.9967e+00	
 2.3953e+00	
 3.2653e+00	
 2.7610e+00	
 2.9215e+00	
 2.5994e+00	
 2.4976e+00	
 2.8174e+00	
 2.9956e+00	
 2.8701e+00	
 2.4860e+00	
 2.6925e+00	
 2.5610e+00	
 2.4094e+00	
 2.7581e+00	
 2.7758e+00	
 2.6017e+00	
 2.4769e+00	
 2.9413e+00	
 2.5401e+00	
 2.9966e+00	
 2.9236e+00	
 2.7333e+00	
 2.6608e+00	
 2.7700e+00	
 2.5360e+00	
 2.7439e+00	
 2.6103e+00	
 2.2174e+00	
 2.6486e+00	
 2.4362e+00	
 2.6116e+00	
 2.7670e+00	
 2.9441e+00	
 2.6191e+00	
 2.4483e+00	
 2.7130e+00	
 2.7221e+00	
 2.6847e+00	
 2.5325e+00	
 2.6744e+00	
 2.5820e+00	
 2.6472e+00	
 2.5636e+00	
 2.8869e+00	
 2.7908e+00	
 2.5919e+00	
 2.6751e+00	
 3.1698e+00	
 3.3831e+00	
 2.4636e+00	
 2.7108e+00	
 2.7044e+00	
 2.5312e+00	
 2.3837e+00	
 2.4039e+00	
 2.9205e+00	
 2.4572e+00	
 2.6136e+00	
 2.5695e+00	
 2.2410e+00	
 2.8028e+00	
 2.5652e+00	
 2.2873e+00	
 2.9893e+00	
 2.4646e+00	
 2.8507e+00	
 2.5832e+00	
 3.0949e+00	
 2.7128e+00	
 2.7938e+00	
 2.6879e+00	
 2.2464e+00	
 2.4018e+00	
 2.5907e+00	
 2.9574e+00	
 2.3485e+00	
 2.8222e+00	
 2.8892e+00	
 2.6652e+00	
 2.7665e+00	
 2.5225e+00	
 2.6076e+00	
 2.2501e+00	
 2.5850e+00	
 2.0323e+00	
 2.4297e+00	
 2.8262e+00	
 2.6238e+00	
 2.4509e+00	
 2.9008e+00	
 2.1334e+00	
 2.6623e+00	
 2.6160e+00	
 2.5304e+00	
 2.1621e+00	
 2.5925e+00	
 3.3300e+00	
 2.7372e+00	
 2.7320e+00	
 2.8526e+00	
 2.9049e+00	
 2.8324e+00	
 2.5769e+00	
 2.5839e+00	
 2.6687e+00	
 2.7628e+00	
 2.5758e+00	
 2.7417e+00	
 2.6966e+00	
 2.7426e+00	
 2.6914e+00	
 2.6768e+00	
 2.5057e+00	
 2.2958e+00	
 2.2395e+00	
 2.7775e+00	
 2.7755e+00	
 2.4073e+00	
 2.3988e+00	
 2.6238e+00	
 2.7816e+00	
 2.6659e+00	
 2.7476e+00	
 2.4256e+00	
 3.0811e+00	
 2.4323e+00	
 3.3008e+00	
 2.8766e+00	
 2.9756e+00	
 2.5873e+00	
 2.8964e+00	
 2.5084e+00	
 2.9598e+00	
 2.9310e+00	
 2.5534e+00	
 3.0488e+00	
 2.6272e+00	
 2.6291e+00	
 2.6251e+00	
 2.7042e+00	
 2.5444e+00	
 2.7082e+00	
 2.7867e+00	
 2.9015e+00	
 2.5329e+00	
 2.5083e+00	
 2.8986e+00	
 2.5951e+00	
 2.4087e+00	
 2.8303e+00	
 2.5729e+00	
 2.6272e+00	
 2.4969e+00	
 2.6628e+00	
 2.5552e+00	
 2.4341e+00	
 2.3688e+00	
 2.9170e+00	
 2.8654e+00	
 2.7035e+00	
 2.4395e+00	
 2.8269e+00	
 3.0018e+00	
 2.5897e+00	
 2.5552e+00	
 3.0617e+00	
 2.7873e+00	
 2.9280e+00	
 2.4476e+00	
 2.7361e+00	
 2.6603e+00	
 2.6774e+00	
 2.6640e+00	
 2.6943e+00	
 2.2982e+00	
 2.4066e+00	
 2.3736e+00	
 2.5358e+00	
 2.7406e+00	
 2.7869e+00	
 2.5323e+00	
 2.5693e+00	
 2.9242e+00	
 2.3725e+00	
 2.6802e+00	
 2.5359e+00	
 2.4289e+00	
 2.4937e+00	
 2.3978e+00	
 3.0450e+00	
 2.7197e+00	
 2.8173e+00	
 2.8308e+00	
 2.9333e+00	
 2.6561e+00	
 2.5344e+00	
 2.3407e+00	
 2.8920e+00	
 2.3445e+00	
 2.5327e+00	
 2.4479e+00	
 2.8121e+00	
 3.0780e+00	
 2.4379e+00	
 2.5843e+00	
 2.5085e+00	
 2.6814e+00	
 3.0782e+00	
 2.5558e+00	
 2.5679e+00	
 2.9651e+00	
 2.7631e+00	
 2.3160e+00	
 2.9063e+00	
 2.5852e+00	
 2.6925e+00	
 2.4520e+00	
 2.6518e+00	
 2.5017e+00	
 2.4949e+00	
 2.3189e+00	
 2.9605e+00	
 2.5525e+00	
 2.7025e+00	
 2.8923e+00	
 2.4474e+00	
 2.5741e+00	
 2.5439e+00	
 2.4638e+00	
 2.6026e+00	
 2.5979e+00	
 2.7394e+00	
 2.4583e+00	
 2.9175e+00	
 2.8859e+00	
 2.7143e+00	
 2.8418e+00	
 2.5712e+00	
 2.7767e+00	
 2.6281e+00	
 2.4200e+00	
 2.6472e+00	
 2.4398e+00	
 2.4071e+00	
 2.4047e+00	
 2.8299e+00	
 2.7483e+00	
 2.5079e+00	
 2.7141e+00	
 2.3429e+00	
 2.7057e+00	
 2.6326e+00	
 2.5505e+00	
 2.7401e+00	
 2.6971e+00	
 2.5978e+00	
 2.3590e+00	
 2.7766e+00	
 2.5035e+00	
 2.7327e+00	
 2.5511e+00	
 2.7804e+00	
 2.6568e+00	
 2.5264e+00	
 2.2720e+00	
 2.4765e+00	
 3.0214e+00	
 2.7033e+00	
 2.7091e+00	
 2.1418e+00	
 2.5554e+00	
 2.6115e+00	
 2.4945e+00	
 2.5712e+00	
 2.7778e+00	
 2.7279e+00	
 2.3443e+00	
 2.5255e+00	
 2.9591e+00	
 2.7833e+00	
 2.5195e+00	
 2.6422e+00	
 2.6618e+00	
 2.9168e+00	
 2.8726e+00	
 2.7177e+00	
 2.4521e+00	
 2.5454e+00	
 2.6066e+00	
 2.1744e+00	
 2.3833e+00	
 2.6852e+00	
 2.4834e+00	
 2.7602e+00	
 2.3734e+00	
 3.0294e+00	
 2.8035e+00	
 2.5407e+00	
 2.5869e+00	
 2.2623e+00	
 2.5745e+00	
 2.9889e+00	
 2.7103e+00	
 2.6252e+00	
 2.7094e+00	
 2.8031e+00	
 2.6327e+00	
 2.6481e+00	
 2.6454e+00	
 2.8167e+00	
 2.7148e+00	
 3.0720e+00	
 2.8875e+00	
 2.6078e+00	
 2.5464e+00	
 2.4698e+00	
 2.5101e+00	
 2.6115e+00	
 2.3553e+00	
 2.2511e+00	
 2.6316e+00	
 2.3624e+00	
 2.5391e+00	
 2.6318e+00	
 2.5625e+00	
 2.8368e+00	
 2.5278e+00	
 3.0680e+00	
 3.0181e+00	
 2.5639e+00	
 2.9582e+00	
 2.1912e+00	
 2.5641e+00	
 2.6081e+00	
 2.5858e+00	
 2.4589e+00	
 2.9766e+00	
 2.9491e+00	
 2.8439e+00	
 2.5834e+00	
 2.6055e+00	
 2.7940e+00	
 2.2145e+00	
 2.6061e+00	
 2.5211e+00	
 2.8735e+00	
 2.9136e+00	
 2.3307e+00	
 2.1310e+00	
 2.6995e+00	
 2.3117e+00	
 2.5189e+00	
 2.7258e+00	
 2.2456e+00	
 2.8903e+00	
 2.8145e+00	
 2.2828e+00	
 2.5477e+00	
 2.3623e+00	
 2.7697e+00	
 2.6926e+00	
 2.4219e+00	
 2.7115e+00	
 2.5417e+00	
 2.8989e+00	
 2.6241e+00	
 2.9654e+00	
 2.6386e+00	
 2.6356e+00	
 2.4230e+00	
 2.6671e+00	
 2.2682e+00	
 2.6508e+00	
 2.4550e+00	
 2.8002e+00	
 2.7823e+00	
 2.8154e+00	
 2.8524e+00	
 2.8324e+00	
 2.7516e+00	
 2.4812e+00	
 2.7032e+00	
 2.3329e+00	
 2.8733e+00	
 2.6354e+00	
 2.6137e+00	
 2.9733e+00	
 3.2013e+00	
 2.3199e+00	
 2.7497e+00	
 2.3303e+00	
 2.5300e+00	
 2.8099e+00	
 2.9890e+00	
 2.8259e+00	
 2.4720e+00	
 2.1245e+00	
 2.6186e+00	
 2.4662e+00	
 2.7381e+00	
 2.2499e+00	
 2.9150e+00	
 2.4273e+00	
 2.7445e+00	
 2.7999e+00	
 2.9313e+00	
 2.7493e+00	
 2.7847e+00	
 2.7402e+00	
 2.3772e+00	
 3.1175e+00	
 2.5939e+00	
 2.5564e+00	
 2.7681e+00	
 2.8470e+00	
 2.6953e+00	
 2.9406e+00	
 3.0410e+00	
 2.6135e+00	
 3.1238e+00	
 3.1226e+00	
 2.3649e+00	
 2.8061e+00	
 2.3677e+00	
 2.4269e+00	
 2.4304e+00	
 2.4281e+00	
 2.6568e+00	
 2.8688e+00	
 2.5162e+00	
 2.8060e+00	
 2.3653e+00	
 2.2574e+00	
 2.3774e+00	
 2.4615e+00	
 2.7690e+00	
 2.4787e+00	
 2.4574e+00	
 3.0517e+00	
 2.5913e+00	
 2.5036e+00	
 2.9714e+00	
 2.5418e+00	
 2.5609e+00	
 2.6390e+00	
 2.7064e+00	
 2.5696e+00	
 2.5808e+00	
 2.7212e+00	
 2.5835e+00	
 2.6134e+00	
 2.2070e+00	
 2.4573e+00	
 2.7763e+00	
 2.7415e+00	
 2.6459e+00	
 2.6889e+00	
 2.6954e+00	
 2.6175e+00	
 2.5092e+00	
 2.3092e+00	
 2.1137e+00	
 2.3898e+00	
 2.7631e+00	
 2.9229e+00	
 2.7544e+00	
 2.6288e+00	
 2.8215e+00	
 2.5707e+00	
 2.3857e+00	
 2.8898e+00	
 2.9125e+00	
 2.8099e+00	
 3.0221e+00	
 2.8243e+00	
 2.8365e+00	
 2.8792e+00	
 2.3316e+00	
 2.4705e+00	
 2.6193e+00	
 2.6397e+00	
 2.2276e+00	
 2.5660e+00	
 2.4703e+00	
 2.4358e+00	
 2.4404e+00	
 2.6997e+00	
 2.7271e+00	
 2.7231e+00	
 2.3711e+00	
 2.2306e+00	
 2.4848e+00	
 2.6419e+00	
 2.7647e+00	
 2.7592e+00	
 2.7464e+00	
 2.9584e+00	
 2.8827e+00	
 2.2324e+00	
 2.5384e+00	
 2.5907e+00	
 2.1797e+00	
 2.5539e+00	
 2.2473e+00	
 2.6891e+00	
 2.7572e+00	
 2.6219e+00	
 2.8709e+00	
 3.4926e+00	
 2.2800e+00	
 2.8743e+00	
 2.7135e+00	
 2.5757e+00	
 2.3916e+00	
 2.2704e+00	
 2.9603e+00	
 2.5730e+00	
 2.9179e+00	
 2.2531e+00	
 2.8919e+00	
 2.6996e+00	
 3.0121e+00	
 2.6999e+00	
 2.9544e+00	
 2.7328e+00	
 2.5037e+00	
 2.5657e+00	
 2.4871e+00	
 2.6309e+00	
 3.0964e+00	
 2.8959e+00	
 2.5922e+00	
 2.8939e+00	
 2.4763e+00	
 2.3768e+00	
 2.3269e+00	
 2.2219e+00	
 2.5024e+00	
 2.2666e+00	
 2.3843e+00	
 2.6627e+00	
 2.5880e+00	
 2.6506e+00	
 2.4710e+00	
 2.5325e+00	
 2.4052e+00	
 2.6557e+00	
 2.7064e+00	
 2.5354e+00	
 2.5982e+00	
 3.2013e+00	
 2.3281e+00	
 2.8187e+00	
 3.1151e+00	
 2.5100e+00	
 2.4323e+00	
 3.1059e+00	
 2.3307e+00	
 3.0399e+00	
 2.4079e+00	
 2.7614e+00	
 2.3858e+00	
 2.6316e+00	
 2.7798e+00	
 2.6657e+00	
 2.4542e+00	
 2.8891e+00	
 2.1466e+00	
 2.4314e+00	
 2.4534e+00	
 2.5307e+00	
 2.4931e+00	
 2.9567e+00	
 2.9107e+00	
 3.2479e+00	
 2.6262e+00	
 2.5530e+00	
 2.9578e+00	
 2.7798e+00	
 2.8465e+00	
 2.9405e+00	
 2.7280e+00	
 2.4682e+00	
 2.8754e+00	
 2.5878e+00	
 2.9354e+00	
 2.5426e+00	
 2.9565e+00	
 2.6608e+00	
 2.3418e+00	
 2.5380e+00	
 2.8935e+00	
 2.5919e+00	
 2.8735e+00	
 2.3348e+00	
 2.8447e+00	
 2.7465e+00	
 2.8507e+00	
 2.8728e+00	
 2.7130e+00	
 2.8491e+00	
 2.2901e+00	
 2.5908e+00	
 2.1691e+00	
 2.3582e+00	
 2.8826e+00	
 2.6905e+00	
 2.5201e+00	
 2.6148e+00	
 2.3128e+00	
 2.5923e+00	
 2.5485e+00	
 2.5286e+00	
 2.7697e+00	
 2.1637e+00	
 2.9655e+00	
 2.4173e+00	
 2.1156e+00	
 3.1463e+00	
 2.4219e+00	
 2.3587e+00	
 2.7903e+00	
 2.8590e+00	
 2.6705e+00	
 2.2399e+00	
 2.6634e+00	
 2.4427e+00	
 2.3562e+00	
 2.6714e+00	
 2.7606e+00	
 2.4557e+00	
 2.2350e+00	
 2.7665e+00	
 2.8877e+00	
 2.4326e+00	
 2.8066e+00	
 2.5966e+00	
 3.2219e+00	
 2.3745e+00	
 2.6636e+00	
 2.5322e+00	
 2.4630e+00	
 2.5954e+00	
 2.6679e+00	
 2.5698e+00	
 2.8699e+00	
 2.6735e+00	
 2.3013e+00	
 2.6950e+00	
 2.9812e+00	
 2.3867e+00	
 2.4948e+00	
 2.6711e+00	
 2.4317e+00	
 2.3138e+00	
 2.4982e+00	
 2.9361e+00	
 2.3915e+00	
 2.3772e+00	
 2.8423e+00	
 2.5304e+00	
 2.6142e+00	
 2.3862e+00	
 2.9582e+00	
 3.2321e+00	
 2.5874e+00	
 2.2793e+00	
 2.5689e+00	
 2.8126e+00	
 2.7388e+00	
 2.8240e+00	
 2.6071e+00	
 2.5720e+00	
 2.4557e+00	
 2.7971e+00	
 2.3646e+00	
 3.0169e+00	
 2.2359e+00	
 2.1655e+00	
 2.1258e+00	
 2.6406e+00	
 2.8596e+00	
 2.6692e+00	
 2.7669e+00	
 2.1235e+00	
 2.6058e+00	
 3.0004e+00	
 2.8272e+00	
 2.2681e+00	
 2.7390e+00	
 2.6568e+00	
 2.4184e+00	
 2.6336e+00	
 2.1733e+00	
 2.6098e+00	
 3.0549e+00	
 2.1074e+00	
 2.5788e+00	
 2.6199e+00	
 2.7386e+00	
 2.2302e+00	
 2.5951e+00	
 3.0673e+00	
 2.8420e+00	
 2.5021e+00	
 2.1789e+00	
 2.6612e+00	
 2.8181e+00	
 2.4515e+00	
 2.6924e+00	
 2.5593e+00	
 2.9916e+00	
 2.9200e+00	
 3.0101e+00	
 2.3861e+00	
 2.6673e+00	
 2.7420e+00	
 2.7050e+00	
 2.8139e+00	
 2.7674e+00	
 2.8368e+00	
 2.5453e+00	
 2.4412e+00	
 2.3300e+00	
 2.5380e+00	
 2.5837e+00	
 3.0130e+00	
 2.9121e+00	
 2.4884e+00	
 2.7006e+00	
 2.7483e+00	
 2.9040e+00	
 2.5979e+00	
 2.8959e+00	
 2.6527e+00	
 2.9350e+00	
 2.4401e+00	
 2.6452e+00	
 2.8191e+00	
 2.1776e+00	
 2.0532e+00	
 2.5037e+00	
 2.7976e+00	
 2.6726e+00	
 2.4585e+00	
 2.9374e+00	
 2.8665e+00	
 2.7110e+00	
 2.5973e+00	
 2.2844e+00	
 2.6693e+00	
 2.4797e+00	
 2.8120e+00	
 2.6365e+00	
 2.4685e+00	
 2.9655e+00	
 2.4919e+00	
 2.5415e+00	
 2.6538e+00	
 2.6341e+00	
 2.4453e+00	
 2.3480e+00	
 2.7435e+00	
 2.5550e+00	
 2.6602e+00	
 2.5068e+00	
 2.5733e+00	
 2.5425e+00	
 2.3376e+00	
 2.8766e+00	
 2.4940e+00	
 2.5526e+00	
 2.2536e+00	
 2.6725e+00	
 2.9610e+00	
 2.5366e+00	
 3.2624e+00	
 2.7034e+00	
 2.6203e+00	
 2.4190e+00	
 2.9470e+00	
 2.6208e+00	
 2.5885e+00	
 3.1482e+00	
 2.4697e+00	
 2.6776e+00	
 2.2648e+00	
 2.5204e+00	
 2.7279e+00	
 2.5049e+00	
 2.9010e+00	
 2.9393e+00	
 2.6035e+00	
 2.3869e+00	
 2.5902e+00	
 2.6271e+00	
 2.5565e+00	
 2.7292e+00	
 2.5698e+00	
 2.3522e+00	
 2.6230e+00	
 2.3731e+00	
 2.7813e+00	
 2.6316e+00	
 2.4057e+00	
 2.5772e+00	
 3.0465e+00	
 2.8001e+00	
 2.8672e+00	
 2.4782e+00	
 2.1698e+00	
 2.3799e+00	
 2.3579e+00	
 2.9113e+00	
 2.5270e+00	
 2.7370e+00	
 2.7846e+00	
 2.6104e+00	
 2.9240e+00	
 2.6949e+00	
 2.3239e+00	
 2.7395e+00	
 2.6762e+00	
 2.2644e+00	
 2.4136e+00	
 2.9158e+00	
 2.8183e+00	
 2.8976e+00	
 3.0251e+00	
 3.0529e+00	
 2.3973e+00	
 2.3573e+00	
 2.4520e+00	
 2.3481e+00	
 2.4620e+00	
 2.4047e+00	
 3.1246e+00	
 2.3447e+00	
 2.4986e+00	
 2.4128e+00	
 2.7417e+00	
 2.4872e+00	
 2.2563e+00	
 2.8815e+00	
 2.2402e+00	
 2.4134e+00	
 2.6291e+00	
 2.6816e+00	
 2.6591e+00	
 2.7253e+00	
 2.7014e+00	
 2.5697e+00	
 2.5160e+00	
 2.8041e+00	
 2.7361e+00	
 2.2744e+00	
 3.0419e+00	
 2.3913e+00	
 2.2103e+00	
 2.3860e+00	
 2.8145e+00	
 2.6227e+00	
 2.2945e+00	
 2.2728e+00	
 2.5486e+00	
 2.7222e+00	
 2.7478e+00	
 2.3836e+00	
 2.7035e+00	
 2.7871e+00	
 2.6075e+00	
 2.5380e+00	
 2.6569e+00	
 2.4263e+00	
 2.6020e+00	
 2.0557e+00	
 2.7994e+00	
 2.6472e+00	
 2.1716e+00	
 2.3260e+00	
 2.9844e+00	
 2.7683e+00	
 2.6007e+00	
 2.6101e+00	
 2.7165e+00	
 2.6418e+00	
 2.6894e+00	
 2.7099e+00	
 2.8668e+00	
 2.7202e+00	
 2.6690e+00	
 2.5678e+00	
 2.2869e+00	
 2.2230e+00	
 2.7388e+00	
 2.3267e+00	
 2.7431e+00	
 2.5043e+00	
 2.8149e+00	
 2.6284e+00	
 2.3442e+00	
 2.3480e+00	
 2.3702e+00	
 2.3553e+00	
 2.6857e+00	
 2.8388e+00	
 2.7093e+00	
 2.6610e+00	
 2.3220e+00	
 2.4941e+00	
 2.8199e+00	
 2.6702e+00	
 2.8804e+00	
 2.8003e+00	
 2.6536e+00	
 2.8327e+00	
 2.4328e+00	
 2.9184e+00	
 2.4963e+00	
 2.9750e+00	
 2.3969e+00	
 2.3861e+00	
 2.5821e+00	
 3.0519e+00	
 2.4978e+00	
 2.1968e+00	
 2.8401e+00	
 2.6947e+00	
 2.4623e+00	
 2.7939e+00	
 2.6262e+00	
 2.4971e+00	
 2.0052e+00	
 2.8453e+00	
 2.6280e+00	
 2.1314e+00	
 2.6006e+00	
 2.7842e+00	
 2.7318e+00	
 2.6483e+00	
 2.8726e+00	
 2.6857e+00	
 2.8994e+00	
 2.2386e+00	
 2.3354e+00	
 2.4789e+00	
 2.6337e+00	
 2.5121e+00	
 2.6207e+00	
 2.4306e+00	
 2.5791e+00	
 2.6503e+00	
 2.7697e+00	
 2.6390e+00	
 2.7071e+00	
 2.6399e+00	
 2.5293e+00	
 2.7199e+00	
 2.6775e+00	
 2.6901e+00	
 2.7502e+00	
 2.4797e+00	
 3.0784e+00	
 2.4560e+00	
 2.7161e+00	
 2.6360e+00	
 2.9042e+00	
 2.4569e+00	
 2.8725e+00	
 2.2057e+00	
 2.8505e+00	
 2.8489e+00	
 2.4148e+00	
 3.0727e+00	
 2.8665e+00	
 2.2625e+00	
 2.5515e+00	
 2.5658e+00	
 2.5788e+00	
 2.8755e+00	
 2.6285e+00	
 2.3585e+00	
 2.5377e+00	
 2.3912e+00	
 2.8023e+00	
 2.4176e+00	
 2.5902e+00	
 2.8310e+00	
 2.7670e+00	
 2.1840e+00	
 2.6082e+00	
 2.5647e+00	
 3.1242e+00	
 2.9017e+00	
 3.0054e+00	
 2.7835e+00	
 2.9480e+00	
 2.7525e+00	
 2.9099e+00	
 2.4252e+00	
 2.7862e+00	
 2.4268e+00	
 2.5298e+00	
 2.5695e+00	
 2.4380e+00	
 2.4363e+00	
 2.8896e+00	
 2.4689e+00	
 3.0045e+00	
 2.8224e+00	
 2.5353e+00	
 2.4568e+00	
 2.2908e+00	
 2.4592e+00	
 2.6266e+00	
 2.6389e+00	
 2.8189e+00	
 2.2271e+00	
 2.9007e+00	
 2.4096e+00	
 2.2314e+00	
 2.5673e+00	
 2.5973e+00	
 2.3711e+00	
 2.8034e+00	
 2.5747e+00	
 2.6725e+00	
 2.3158e+00	
 2.6638e+00	
 2.4952e+00	
 2.8145e+00	
 2.7055e+00	
 2.2385e+00	
 2.4825e+00	
 2.4980e+00	
 2.8757e+00	
 2.4240e+00	
 2.6742e+00	
 2.9161e+00	
 2.5863e+00	
 2.6245e+00	
 2.7690e+00	
 2.2531e+00	
 2.5883e+00	
 2.7921e+00	
 2.6629e+00	
 2.5432e+00	
 2.6432e+00	
 2.4111e+00	
 2.8889e+00	
 2.9998e+00	
 2.8528e+00	
 2.5843e+00	
 2.3115e+00	
 2.3667e+00	
 2.6919e+00	
 2.8330e+00	
 2.3274e+00	
 2.9908e+00	
 3.0291e+00	
 2.7238e+00	
 2.3842e+00	
 2.6866e+00	
 2.7417e+00	
 2.3577e+00	
 2.6467e+00	
 2.5593e+00	
 2.6372e+00	
 2.5629e+00	
 2.4790e+00	
 2.7289e+00	
 2.3554e+00	
 2.7040e+00	
 2.2763e+00	
 2.9428e+00	
 2.1737e+00	
 2.4414e+00	
 2.7872e+00	
 2.7975e+00	
 2.9159e+00	
 2.9213e+00	
 2.6362e+00	
 2.4489e+00	
 2.3965e+00	
 2.0872e+00	
 2.9527e+00	
 2.9173e+00	
 2.5606e+00	
 2.7887e+00	
 2.7224e+00	
 2.2045e+00	
 2.6019e+00	
 2.7256e+00	
 2.1171e+00	
 2.3604e+00	
 3.1269e+00	
 2.6145e+00	
 2.2369e+00	
 2.7300e+00	
 2.8093e+00	
 2.7256e+00	
 2.3071e+00	
 2.8296e+00	
 2.7157e+00	
 2.7047e+00	
 2.3364e+00	
 2.4907e+00	
 2.3420e+00	
 2.5817e+00	
 1.9599e+00	
 2.2527e+00	
 2.4665e+00	
 2.1762e+00	
 2.3736e+00	
 2.4468e+00	
 3.0559e+00	
 2.5097e+00	
 2.2136e+00	
 2.4751e+00	
 2.3907e+00	
 2.1699e+00	
 2.1129e+00	
 1.9131e+00	
 2.0414e+00	
 2.5793e+00	
 2.2895e+00	
 2.5280e+00	
 2.2836e+00	
 2.4373e+00	
 2.2520e+00	
 2.3016e+00	
 2.3563e+00	
 2.2281e+00	
 2.4733e+00	
 1.7544e+00	
 2.6033e+00	
 2.0008e+00	
 2.0561e+00	
 2.8456e+00	
 2.6050e+00	
 2.2344e+00	
 2.6924e+00	
 2.0404e+00	
 1.8577e+00	
 2.1320e+00	
 2.3229e+00	
 1.9776e+00	
 2.0509e+00	
 2.2950e+00	
 2.2333e+00	
 2.4489e+00	
 2.3664e+00	
 2.2909e+00	
 1.9926e+00	
 2.2872e+00	
 2.7747e+00	
 2.5209e+00	
 2.3783e+00	
 2.4566e+00	
 2.2378e+00	
 2.4608e+00	
 2.4306e+00	
 2.0354e+00	
 2.5812e+00	
 2.5368e+00	
 1.7059e+00	
 2.3157e+00	
 2.2137e+00	
 2.0745e+00	
 2.2452e+00	
 2.1541e+00	
 2.4195e+00	
 2.2187e+00	
 2.3445e+00	
 2.6304e+00	
 2.5451e+00	
 2.5362e+00	
 2.5970e+00	
 2.1878e+00	
 2.4333e+00	
 2.1447e+00	
 2.2927e+00	
 2.5211e+00	
 2.0357e+00	
 2.0490e+00	
 2.5436e+00	
 1.9617e+00	
 1.9900e+00	
 2.4009e+00	
 2.7333e+00	
 2.3125e+00	
 2.3023e+00	
 2.4163e+00	
 2.7224e+00	
 2.2741e+00	
 2.6811e+00	
 2.3459e+00	
 2.2806e+00	
 2.4377e+00	
 2.3638e+00	
 2.3709e+00	
 2.3205e+00	
 2.2013e+00	
 2.3428e+00	
 2.0992e+00	
 2.4344e+00	
 2.1973e+00	
 2.0320e+00	
 2.4349e+00	
 2.3052e+00	
 2.3185e+00	
 1.8654e+00	
 2.4221e+00	
 1.9503e+00	
 2.6092e+00	
 1.8040e+00	
 2.4920e+00	
 1.7921e+00	
 2.3421e+00	
 2.1525e+00	
 1.6155e+00	
 1.8530e+00	
 2.6781e+00	
 2.3954e+00	
 2.4605e+00	
 2.3258e+00	
 2.0832e+00	
 2.1663e+00	
 1.9280e+00	
 2.2117e+00	
 2.1143e+00	
 2.1862e+00	
 2.1266e+00	
 2.3192e+00	
 2.2047e+00	
 2.3938e+00	
 2.3658e+00	
 2.2122e+00	
 2.2981e+00	
 2.5690e+00	
 2.3764e+00	
 2.0592e+00	
 2.4396e+00	
 2.5191e+00	
 2.2873e+00	
 2.5017e+00	
 2.3961e+00	
 1.9728e+00	
 2.2596e+00	
 2.7192e+00	
 1.9705e+00	
 2.2338e+00	
 2.3378e+00	
 2.6420e+00	
 2.1317e+00	
 2.2353e+00	
 2.3633e+00	
 2.6663e+00	
 2.3969e+00	
 2.4576e+00	
 2.4396e+00	
 2.1919e+00	
 2.3111e+00	
 2.8429e+00	
 2.6124e+00	
 2.2942e+00	
 2.4343e+00	
 2.4177e+00	
 2.1987e+00	
 2.0579e+00	
 2.4693e+00	
 2.6639e+00	
 2.1116e+00	
 2.2299e+00	
 2.3880e+00	
 2.1518e+00	
 2.1099e+00	
 1.9544e+00	
 2.5421e+00	
 2.0387e+00	
 2.7260e+00	
 2.2174e+00	
 2.4866e+00	
 2.0222e+00	
 2.3562e+00	
 2.2512e+00	
 2.4285e+00	
 2.2478e+00	
 2.6400e+00	
 2.6063e+00	
 2.2089e+00	
 2.5523e+00	
 2.0390e+00	
 2.3666e+00	
 2.3652e+00	
 2.3968e+00	
 2.0113e+00	
 2.2001e+00	
 2.2994e+00	
 2.0391e+00	
 2.5891e+00	
 2.3607e+00	
 2.5162e+00	
 2.4476e+00	
 2.2864e+00	
 2.4775e+00	
 2.0954e+00	
 2.3656e+00	
 2.8299e+00	
 2.0046e+00	
 2.2477e+00	
 2.0896e+00	
 2.4185e+00	
 2.2161e+00	
 2.5572e+00	
 2.0338e+00	
 2.1852e+00	
 2.1967e+00	
 2.6907e+00	
 2.6201e+00	
 2.6040e+00	
 2.6638e+00	
 2.6721e+00	
 2.0309e+00	
 2.1553e+00	
 2.7032e+00	
 2.0436e+00	
 2.1174e+00	
 2.1478e+00	
 2.2139e+00	
 2.6532e+00	
 2.8035e+00	
 2.1220e+00	
 1.9093e+00	
 2.5596e+00	
 2.3145e+00	
 2.4542e+00	
 2.1687e+00	
 2.5550e+00	
 1.9097e+00	
 2.4270e+00	
 2.5471e+00	
 2.5323e+00	
 1.6904e+00	
 2.4053e+00	
 1.9781e+00	
 2.2947e+00	
 2.2211e+00	
 2.5378e+00	
 2.5393e+00	
 2.2864e+00	
 2.5477e+00	
 2.1367e+00	
 1.9814e+00	
 2.2185e+00	
 2.3521e+00	
 2.6515e+00	
 2.2415e+00	
 2.4035e+00	
 2.5417e+00	
 2.8438e+00	
 2.1777e+00	
 2.3998e+00	
 2.3671e+00	
 2.3665e+00	
 2.5048e+00	
 2.2543e+00	
 2.2849e+00	
 1.9083e+00	
 2.6077e+00	
 2.7717e+00	
 2.1832e+00	
 1.9525e+00	
 2.1311e+00	
 2.4880e+00	
 2.4899e+00	
 2.5136e+00	
 2.5483e+00	
 2.1347e+00	
 2.1174e+00	
 2.2796e+00	
 2.4355e+00	
 2.2355e+00	
 2.2119e+00	
 2.2158e+00	
 2.0782e+00	
 2.0006e+00	
 2.3586e+00	
 2.4890e+00	
 2.3354e+00	
 2.4170e+00	
 2.1628e+00	
 2.3580e+00	
 2.1822e+00	
 1.9933e+00	
 2.2388e+00	
 2.5574e+00	
 2.2805e+00	
 2.4550e+00	
 2.1976e+00	
 2.7076e+00	
 2.3674e+00	
 2.1529e+00	
 2.1124e+00	
 2.3511e+00	
 2.3045e+00	
 2.4447e+00	
 2.3903e+00	
 2.5500e+00	
 2.1783e+00	
 2.3626e+00	
 2.4537e+00	
 2.8472e+00	
 2.2176e+00	
 2.2874e+00	
 2.1715e+00	
 2.4654e+00	
 2.2585e+00	
 2.2922e+00	
 2.4694e+00	
 2.5644e+00	
 1.8518e+00	
 2.2823e+00	
 2.1801e+00	
 2.7154e+00	
 2.2504e+00	
 2.5057e+00	
 2.3089e+00	
 2.2593e+00	
 2.1991e+00	
 2.3060e+00	
 2.4745e+00	
 2.3307e+00	
 2.2668e+00	
 2.3911e+00	
 2.0324e+00	
 2.3608e+00	
 2.7264e+00	
 2.6374e+00	
 2.3269e+00	
 2.5414e+00	
 2.5384e+00	
 2.2531e+00	
 2.1628e+00	
 2.0772e+00	
 2.5286e+00	
 2.5280e+00	
 1.9119e+00	
 2.2429e+00	
 2.2075e+00	
 2.2411e+00	
 2.6768e+00	
 2.4313e+00	
 2.5496e+00	
 2.4545e+00	
 2.1761e+00	
 2.3299e+00	
 2.0983e+00	
 2.1952e+00	
 2.4168e+00	
 2.0418e+00	
 1.9751e+00	
 2.4739e+00	
 2.1317e+00	
 2.4621e+00	
 2.4238e+00	
 2.3775e+00	
 2.0315e+00	
 2.6254e+00	
 2.2465e+00	
 2.4437e+00	
 2.7786e+00	
 2.0663e+00	
 2.2392e+00	
 2.3355e+00	
 2.1152e+00	
 2.3538e+00	
 2.4961e+00	
 1.9159e+00	
 2.1952e+00	
 2.5287e+00	
 2.8284e+00	
 2.6145e+00	
 1.8610e+00	
 2.5248e+00	
 2.1212e+00	
 1.8643e+00	
 2.0098e+00	
 1.9440e+00	
 2.5049e+00	
 2.4317e+00	
 2.7788e+00	
 2.0487e+00	
 2.3459e+00	
 2.2232e+00	
 2.2944e+00	
 2.5800e+00	
 2.3316e+00	
 2.1199e+00	
 2.6500e+00	
 2.2536e+00	
 2.4914e+00	
 2.3406e+00	
 2.2732e+00	
 2.1925e+00	
 2.2032e+00	
 2.5507e+00	
 2.3980e+00	
 2.2899e+00	
 2.2030e+00	
 2.1046e+00	
 2.3370e+00	
 1.9265e+00	
 2.6391e+00	
 2.3892e+00	
 2.1117e+00	
 2.0488e+00	
 2.5200e+00	
 2.4545e+00	
 2.4047e+00	
 2.0631e+00	
 2.0646e+00	
 2.2672e+00	
 2.2040e+00	
 2.5013e+00	
 2.1948e+00	
 2.3332e+00	
 2.3914e+00	
 2.1501e+00	
 2.6742e+00	
 2.1609e+00	
 2.6178e+00	
 2.3936e+00	
 2.1869e+00	
 2.6612e+00	
 2.7257e+00	
 2.4961e+00	
 2.4459e+00	
 2.2746e+00	
 2.2695e+00	
 1.8467e+00	
 2.4119e+00	
 2.4614e+00	
 2.4551e+00	
 2.8115e+00	
 2.1580e+00	
 2.5970e+00	
 2.2342e+00	
 2.5970e+00	
 2.3583e+00	
 2.3700e+00	
 2.2546e+00	
 2.5550e+00	
 2.1903e+00	
 2.3273e+00	
 2.2905e+00	
 2.1144e+00	
 2.4016e+00	
 2.3653e+00	
 1.8407e+00	
 2.5736e+00	
 2.4708e+00	
 2.3650e+00	
 2.2805e+00	
 2.7577e+00	
 2.1358e+00	
 2.5177e+00	
 2.2759e+00	
 2.4916e+00	
 2.4763e+00	
 2.6169e+00	
 2.3501e+00	
 2.0945e+00	
 2.3158e+00	
 2.6627e+00	
 1.8883e+00	
 2.2537e+00	
 2.1094e+00	
 2.5820e+00	
 2.4171e+00	
 2.1408e+00	
 2.4204e+00	
 2.3667e+00	
 2.3373e+00	
 2.5268e+00	
 2.4605e+00	
 2.3000e+00	
 2.4707e+00	
 2.5619e+00	
 2.3029e+00	
 2.1066e+00	
 2.3405e+00	
 2.5682e+00	
 2.4189e+00	
 2.3102e+00	
 2.9824e+00	
 2.6919e+00	
 2.3910e+00	
 2.3152e+00	
 2.0424e+00	
 2.1984e+00	
 2.3360e+00	
 2.1612e+00	
 2.8176e+00	
 2.4933e+00	
 2.4135e+00	
 2.4415e+00	
 2.1862e+00	
 2.3832e+00	
 1.8724e+00	
 2.4583e+00	
 1.8821e+00	
 2.4587e+00	
 2.4945e+00	
 2.3021e+00	
 2.1080e+00	
 2.3392e+00	
 1.9465e+00	
 2.6558e+00	
 2.7973e+00	
 2.6505e+00	
 2.0381e+00	
 2.5351e+00	
 2.3033e+00	
 2.1429e+00	
 2.3328e+00	
 2.3760e+00	
 2.0130e+00	
 2.4489e+00	
 2.4166e+00	
 2.4572e+00	
 2.4036e+00	
 2.2482e+00	
 1.9611e+00	
 2.3911e+00	
 2.2142e+00	
 2.4666e+00	
 2.1784e+00	
 2.4108e+00	
 2.5375e+00	
 2.3536e+00	
 2.5313e+00	
 2.4591e+00	
 2.2009e+00	
 2.7523e+00	
 2.5480e+00	
 1.9595e+00	
 2.0723e+00	
 2.2186e+00	
 2.3185e+00	
 2.4627e+00	
 2.1111e+00	
 2.2882e+00	
 2.3198e+00	
 2.5871e+00	
 2.4688e+00	
 2.1975e+00	
 2.5403e+00	
 2.3184e+00	
 2.2922e+00	
 2.2636e+00	
 2.2084e+00	
 2.4980e+00	
 2.4633e+00	
 2.3777e+00	
 2.0634e+00	
 2.1535e+00	
 2.1484e+00	
 2.6592e+00	
 2.6296e+00	
 2.5303e+00	
 2.2211e+00	
 2.1163e+00	
 2.6037e+00	
 2.4322e+00	
 2.1129e+00	
 2.4376e+00	
 2.2666e+00	
 2.2913e+00	
 2.1879e+00	
 2.3340e+00	
 2.4175e+00	
 2.0568e+00	
 2.2713e+00	
 1.9200e+00	
 2.3955e+00	
 2.4118e+00	
 2.2242e+00	
 1.9250e+00	
 2.4712e+00	
 2.2690e+00	
 2.5268e+00	
 2.3063e+00	
 2.5424e+00	
 2.1777e+00	
 2.7212e+00	
 2.0703e+00	
 2.5458e+00	
 2.1655e+00	
 2.5275e+00	
 2.5546e+00	
 2.1009e+00	
 2.2488e+00	
 2.5586e+00	
 2.4904e+00	
 2.7129e+00	
 2.5880e+00	
 2.7402e+00	
 2.8277e+00	
 2.6576e+00	
 2.2383e+00	
 1.9154e+00	
 2.5591e+00	
 2.2297e+00	
 2.4512e+00	
 2.1357e+00	
 2.6012e+00	
 2.4698e+00	
 2.2003e+00	
 2.5299e+00	
 2.6275e+00	
 2.0379e+00	
 2.4680e+00	
 2.3644e+00	
 2.0692e+00	
 2.3750e+00	
 2.4490e+00	
 2.2879e+00	
 2.1575e+00	
 2.3343e+00	
 2.2660e+00	
 2.5284e+00	
 2.0911e+00	
 2.4293e+00	
 2.6064e+00	
 2.1196e+00	
 2.1612e+00	
 2.7456e+00	
 2.4244e+00	
 2.5196e+00	
 2.0241e+00	
 2.4239e+00	
 2.4443e+00	
 1.9677e+00	
 1.9746e+00	
 2.4982e+00	
 2.1533e+00	
 2.1399e+00	
 2.4315e+00	
 2.5511e+00	
 2.5723e+00	
 2.2402e+00	
 2.4155e+00	
 2.3419e+00	
 2.4151e+00	
 2.5962e+00	
 2.2725e+00	
 1.9828e+00	
 2.8078e+00	
 2.2883e+00	
 2.5795e+00	
 2.6542e+00	
 2.5087e+00	
 2.7423e+00	
 2.3282e+00	
 2.3733e+00	
 2.2839e+00	
 2.0566e+00	
 2.0770e+00	
 2.4518e+00	
 2.4394e+00	
 2.0989e+00	
 2.2901e+00	
 2.4902e+00	
 2.1812e+00	
 2.3251e+00	
 2.2108e+00	
 2.1965e+00	
 2.2194e+00	
 2.4247e+00	
 2.2666e+00	
 1.9807e+00	
 1.9239e+00	
 2.6238e+00	
 2.5737e+00	
 2.1808e+00	
 2.4530e+00	
 2.5985e+00	
 2.2191e+00	
 2.3739e+00	
 2.6474e+00	
 2.3322e+00	
 2.3143e+00	
 2.1904e+00	
 1.8685e+00	
 2.1978e+00	
 2.2763e+00	
 2.1166e+00	
 2.3560e+00	
 2.2919e+00	
 2.2902e+00	
 2.4508e+00	
 2.7105e+00	
 2.3209e+00	
 2.4713e+00	
 1.9940e+00	
 2.4956e+00	
 2.4166e+00	
 1.9516e+00	
 1.9897e+00	
 2.5533e+00	
 2.7059e+00	
 2.2678e+00	
 2.3771e+00	
 2.5288e+00	
 2.4881e+00	
 2.5255e+00	
 2.5270e+00	
 2.1562e+00	
 2.3482e+00	
 2.4132e+00	
 2.4952e+00	
 2.4309e+00	
 2.2051e+00	
 2.6334e+00	
 2.4377e+00	
 2.1670e+00	
 2.1714e+00	
 2.0729e+00	
 2.1419e+00	
 2.0234e+00	
 2.2958e+00	
 2.1772e+00	
 2.1156e+00	
 2.5998e+00	
 2.4426e+00	
 2.4289e+00	
 2.3543e+00	
 2.7791e+00	
 2.2855e+00	
 2.4104e+00	
 2.2782e+00	
 2.6981e+00	
 2.0644e+00	
 2.3824e+00	
 2.0617e+00	
 2.4217e+00	
 2.1219e+00	
 2.2879e+00	
 2.1165e+00	
 2.4340e+00	
 2.7879e+00	
 2.1668e+00	
 2.0537e+00	
 2.0919e+00	
 1.9497e+00	
 2.1426e+00	
 2.2480e+00	
 2.1911e+00	
 1.7634e+00	
 2.3226e+00	
 2.1015e+00	
 2.7357e+00	
 2.2590e+00	
 2.1305e+00	
 2.7720e+00	
 2.3366e+00	
 2.8930e+00	
 2.8006e+00	
 2.2101e+00	
 2.4339e+00	
 2.1342e+00	
 2.5111e+00	
 2.6823e+00	
 2.4004e+00	
 2.2864e+00	
 2.8028e+00	
 2.2286e+00	
 2.3597e+00	
 2.5546e+00	
 2.6210e+00	
 2.7523e+00	
 2.3859e+00	
 2.5174e+00	
 2.4820e+00	
 2.4761e+00	
 2.0853e+00	
 2.4521e+00	
 2.1654e+00	
 2.2139e+00	
 2.2662e+00	
 2.3028e+00	
 2.4521e+00	
 2.0675e+00	
 2.5701e+00	
 2.3086e+00	
 2.2299e+00	
 1.7769e+00	
 2.3514e+00	
 1.8986e+00	
 2.1782e+00	
 2.8144e+00	
 2.3142e+00	
 2.1437e+00	
 2.2287e+00	
 2.0216e+00	
 2.4752e+00	
 2.1841e+00	
 2.0681e+00	
 2.3810e+00	
 2.3617e+00	
 2.4717e+00	
 2.4327e+00	
 2.1530e+00	
 2.1099e+00	
 2.0863e+00	
 2.5021e+00	
 2.0919e+00	
 2.3033e+00	
 2.3092e+00	
 3.1589e+00	
 2.9563e+00	
 2.3908e+00	
 1.8724e+00	
 2.1445e+00	
 2.4314e+00	
 2.4809e+00	
 2.1385e+00	
 2.3299e+00	
 2.2971e+00	
 2.1301e+00	
 2.2181e+00	
 2.6174e+00	
 2.3104e+00	
 2.3848e+00	
 2.2724e+00	
 2.0266e+00	
 2.3525e+00	
 2.2593e+00	
 2.0816e+00	
 1.7502e+00	
 2.3096e+00	
 2.3698e+00	
 2.3044e+00	
 1.9013e+00	
 2.1881e+00	
 2.5555e+00	
 2.1603e+00	
 2.2880e+00	
 2.4217e+00	
 2.2250e+00	
 2.0626e+00	
 2.8371e+00	
 2.7250e+00	
 2.7138e+00	
 2.5879e+00	
 2.3691e+00	
 2.2661e+00	
 2.1340e+00	
 3.0372e+00	
 2.4096e+00	
 2.5030e+00	
 2.0869e+00	
 2.2325e+00	
 2.0850e+00	
 2.2704e+00	
 2.2841e+00	
 2.1477e+00	
 2.2571e+00	
 2.3575e+00	
 2.1183e+00	
 2.2307e+00	
 2.2494e+00	
 2.0522e+00	
 2.0863e+00	
 2.1797e+00	
 2.3274e+00	
 1.8790e+00	
 2.4303e+00	
 2.5575e+00	
 2.2523e+00	
 2.6686e+00	
 2.3207e+00	
 2.3933e+00	
 2.3358e+00	
 2.1859e+00	
 2.1885e+00	
 1.7622e+00	
 2.5260e+00	
 2.5014e+00	
 1.8099e+00	
 2.2337e+00	
 2.0346e+00	
 2.2732e+00	
 2.5971e+00	
 2.2049e+00	
 2.0472e+00	
 2.5777e+00	
 2.4693e+00	
 2.2203e+00	
 1.7853e+00	
 2.6960e+00	
 2.3295e+00	
 2.3168e+00	
 2.3696e+00	
 3.0239e+00	
 2.4292e+00	
 2.2340e+00	
 1.9789e+00	
 2.3394e+00	
 1.9931e+00	
 2.3004e+00	
 2.2518e+00	
 2.3399e+00	
 2.6294e+00	
 2.5030e+00	
 2.0894e+00	
 2.2972e+00	
 1.9919e+00	
 2.3448e+00	
 2.0492e+00	
 2.2508e+00	
 2.1715e+00	
 2.6423e+00	
 2.6055e+00	
 2.7597e+00	
 2.4665e+00	
 1.7183e+00	
 2.1113e+00	
 2.2769e+00	
 2.7004e+00	
 2.1453e+00	
 2.5337e+00	
 1.8741e+00	
 2.4105e+00	
 2.1901e+00	
 2.2914e+00	
 2.3708e+00	
 2.4584e+00	
 2.4860e+00	
 2.3258e+00	
 2.4033e+00	
 2.1691e+00	
 2.4878e+00	
 1.9739e+00	
 2.3839e+00	
 2.4693e+00	
 2.3278e+00	
 2.1631e+00	
 2.4748e+00	
 2.2223e+00	
 2.1300e+00	
 2.3603e+00	
 2.5003e+00	
 2.2280e+00	
 2.3317e+00	
 1.9394e+00	
 2.1378e+00	
 2.4630e+00	
 2.4279e+00	
 2.1263e+00	
 2.1705e+00	
 2.1391e+00	
 2.3348e+00	
 2.2131e+00	
 2.0492e+00	
 2.5428e+00	
 2.0796e+00	
 2.9539e+00	
 2.6350e+00	
 2.5766e+00	
 2.3804e+00	
 2.3152e+00	
 2.0616e+00	
 2.2063e+00	
 2.5066e+00	
 2.3465e+00	
 2.5613e+00	
 2.7226e+00	
 2.1812e+00	
 2.6464e+00	
 2.2643e+00	
 2.4204e+00	
 2.2862e+00	
 2.3298e+00	
 2.1683e+00	
 2.6577e+00	
 2.5090e+00	
 2.5734e+00	
 2.5610e+00	
 1.9509e+00	
 2.0817e+00	
 2.2963e+00	
 2.4220e+00	
 1.8739e+00	
 2.4911e+00	
 2.1565e+00	
 2.0781e+00	
 2.2889e+00	
 2.3182e+00	
 2.1871e+00	
 2.2888e+00	
 2.2436e+00	
 2.5897e+00	
 2.2351e+00	
 2.6393e+00	
 2.2247e+00	
 2.1264e+00	
 2.3237e+00	
 2.2240e+00	
 2.1067e+00	
 2.2898e+00	
 2.3027e+00	
 2.3972e+00	
 2.3828e+00	
 2.2009e+00	
 2.1899e+00	
 2.2018e+00	
 2.0824e+00	
 2.3822e+00	
 2.2093e+00	
 2.6010e+00	
 2.1311e+00	
 2.2518e+00	
 2.7808e+00	
 2.3069e+00	
 2.3083e+00	
 2.2452e+00	
 2.0783e+00	
 2.0465e+00	
 2.2186e+00	
 2.4064e+00	
 2.5628e+00	
 2.4346e+00	
 2.1922e+00	
 2.2387e+00	
 2.5862e+00	
 2.1480e+00	
 2.5303e+00	
 2.2929e+00	
 2.2649e+00	
 2.2973e+00	
 2.2833e+00	
 2.2047e+00	
 2.4971e+00	
 2.2604e+00	
 2.8117e+00	
 2.5659e+00	
 2.2586e+00	
 2.4892e+00	
 2.4762e+00	
 2.1230e+00	
 2.3880e+00	
 2.2947e+00	
 2.2519e+00	
 2.7177e+00	
 2.2673e+00	
 2.2520e+00	
 2.2137e+00	
 2.5788e+00	
 2.8430e+00	
 2.3660e+00	
 2.0777e+00	
 2.3898e+00	
 2.0214e+00	
 2.2936e+00	
 2.0503e+00	
 2.5037e+00	
 1.8462e+00	
 2.4368e+00	
 2.5110e+00	
 2.3116e+00	
 2.0820e+00	
 2.6672e+00	
 2.1327e+00	
 2.5544e+00	
 2.1279e+00	
 2.4509e+00	
 2.3788e+00	
 2.5354e+00	
 2.1891e+00	
 2.4465e+00	
 2.2033e+00	
 2.5451e+00	
 2.3421e+00	
 2.2149e+00	
 2.1762e+00	
 2.3349e+00	
 2.3112e+00	
 2.0930e+00	
 2.4514e+00	
 2.1530e+00	
 2.1038e+00	
 2.3262e+00	
 2.2944e+00	
 2.8865e+00	
 2.4741e+00	
 2.6230e+00	
 2.1448e+00	
 2.3222e+00	
 2.4145e+00	
 2.8598e+00	
 2.5491e+00	
 2.2270e+00	
 2.2493e+00	
 2.2208e+00	
 2.3709e+00	
 1.8464e+00	
 2.4663e+00	
 2.1816e+00	
 2.5745e+00	
 2.8167e+00	
 2.4939e+00	
 2.4514e+00	
 2.2272e+00	
 2.2245e+00	
 2.3221e+00	
 2.0414e+00	
 2.1647e+00	
 2.1351e+00	
 2.5477e+00	
 2.2364e+00	
 2.3099e+00	
 2.1531e+00	
 2.2650e+00	
 2.0946e+00	
 2.3653e+00	
 2.4289e+00	
 2.0695e+00	
 1.8638e+00	
 2.2030e+00	
 2.4397e+00	
 2.2782e+00	
 2.3669e+00	
 2.0907e+00	
 2.7418e+00	
 2.2253e+00	
 2.5129e+00	
 2.6641e+00	
 2.5524e+00	
 1.9904e+00	
 2.4136e+00	
 2.3700e+00	
 2.1833e+00	
