loss	
 4.6309e+00	
 4.6610e+00	
 4.5955e+00	
 4.6200e+00	
 4.6177e+00	
 4.5890e+00	
 4.6023e+00	
 4.6282e+00	
 4.5901e+00	
 4.6079e+00	
 4.5928e+00	
 4.6138e+00	
 4.6652e+00	
 4.6561e+00	
 4.6317e+00	
 4.5744e+00	
 4.6159e+00	
 4.6405e+00	
 4.6236e+00	
 4.6032e+00	
 4.5675e+00	
 4.5960e+00	
 4.5627e+00	
 4.6171e+00	
 4.6355e+00	
 4.5514e+00	
 4.6478e+00	
 4.5540e+00	
 4.6502e+00	
 4.6053e+00	
 4.5973e+00	
 4.5895e+00	
 4.6133e+00	
 4.6713e+00	
 4.5739e+00	
 4.6434e+00	
 4.6377e+00	
 4.5873e+00	
 4.5788e+00	
 4.6370e+00	
 4.5922e+00	
 4.5898e+00	
 4.6220e+00	
 4.5628e+00	
 4.6320e+00	
 4.5983e+00	
 4.6180e+00	
 4.5912e+00	
 4.6418e+00	
 4.5812e+00	
 4.6226e+00	
 4.5487e+00	
 4.5807e+00	
 4.6516e+00	
 4.5594e+00	
 4.5941e+00	
 4.5819e+00	
 4.5786e+00	
 4.5959e+00	
 4.6210e+00	
 4.5959e+00	
 4.6091e+00	
 4.5482e+00	
 4.5516e+00	
 4.6371e+00	
 4.5850e+00	
 4.5543e+00	
 4.5122e+00	
 4.5975e+00	
 4.6124e+00	
 4.5646e+00	
 4.5420e+00	
 4.5400e+00	
 4.6026e+00	
 4.5405e+00	
 4.5893e+00	
 4.5838e+00	
 4.5495e+00	
 4.5986e+00	
 4.5636e+00	
 4.5215e+00	
 4.5690e+00	
 4.5693e+00	
 4.5604e+00	
 4.5692e+00	
 4.5863e+00	
 4.4906e+00	
 4.5746e+00	
 4.5933e+00	
 4.5124e+00	
 4.5596e+00	
 4.5346e+00	
 4.6245e+00	
 4.5406e+00	
 4.5558e+00	
 4.5565e+00	
 4.5311e+00	
 4.5421e+00	
 4.5163e+00	
 4.5437e+00	
 4.4687e+00	
 4.4806e+00	
 4.4977e+00	
 4.4718e+00	
 4.5446e+00	
 4.5615e+00	
 4.5743e+00	
 4.4422e+00	
 4.5552e+00	
 4.4766e+00	
 4.3862e+00	
 4.4986e+00	
 4.4034e+00	
 4.3602e+00	
 4.5003e+00	
 4.3666e+00	
 4.4154e+00	
 4.3775e+00	
 4.3678e+00	
 4.3929e+00	
 4.5244e+00	
 4.4230e+00	
 4.3537e+00	
 4.3679e+00	
 4.3914e+00	
 4.4280e+00	
 4.3555e+00	
 4.4578e+00	
 4.3693e+00	
 4.3403e+00	
 4.3476e+00	
 4.3661e+00	
 4.4022e+00	
 4.2551e+00	
 4.4051e+00	
 4.2872e+00	
 4.5716e+00	
 4.2222e+00	
 4.2526e+00	
 4.3380e+00	
 4.5220e+00	
 4.4695e+00	
 4.3737e+00	
 4.4363e+00	
 4.2910e+00	
 4.2526e+00	
 4.3936e+00	
 4.3695e+00	
 4.3689e+00	
 4.1871e+00	
 4.3620e+00	
 4.2005e+00	
 4.2716e+00	
 4.3236e+00	
 4.2232e+00	
 4.2525e+00	
 4.4153e+00	
 4.1973e+00	
 4.3813e+00	
 4.3227e+00	
 4.1142e+00	
 4.3966e+00	
 4.1856e+00	
 4.3822e+00	
 4.2104e+00	
 4.0254e+00	
 4.2486e+00	
 4.2265e+00	
 4.1233e+00	
 4.0767e+00	
 4.2496e+00	
 4.2466e+00	
 4.2089e+00	
 4.2364e+00	
 4.2269e+00	
 4.1467e+00	
 4.2965e+00	
 4.3628e+00	
 4.2316e+00	
 4.0998e+00	
 4.3497e+00	
 4.3912e+00	
 4.2439e+00	
 4.1679e+00	
 4.0461e+00	
 4.1470e+00	
 4.0455e+00	
 4.0682e+00	
 4.0443e+00	
 4.3749e+00	
 4.3482e+00	
 4.0323e+00	
 3.9453e+00	
 4.2092e+00	
 4.1749e+00	
 4.1854e+00	
 4.1937e+00	
 4.0432e+00	
 4.1789e+00	
 4.2352e+00	
 4.2642e+00	
 4.2219e+00	
 4.1713e+00	
 4.1086e+00	
 4.0009e+00	
 4.1121e+00	
 4.0470e+00	
 4.1851e+00	
 4.0430e+00	
 4.1250e+00	
 4.0065e+00	
 3.9951e+00	
 4.1802e+00	
 4.1644e+00	
 4.2814e+00	
 4.1661e+00	
 3.9997e+00	
 3.9769e+00	
 4.0295e+00	
 4.0846e+00	
 4.1642e+00	
 4.2217e+00	
 3.9583e+00	
 4.2044e+00	
 3.9114e+00	
 4.0945e+00	
 4.1622e+00	
 3.9040e+00	
 3.9901e+00	
 4.1609e+00	
 4.0729e+00	
 3.9893e+00	
 3.9842e+00	
 4.1037e+00	
 3.9129e+00	
 4.0547e+00	
 4.0968e+00	
 3.8597e+00	
 3.8432e+00	
 4.0498e+00	
 3.8949e+00	
 3.9703e+00	
 3.9597e+00	
 4.0262e+00	
 4.1810e+00	
 4.0905e+00	
 3.9506e+00	
 3.8498e+00	
 3.8254e+00	
 3.8256e+00	
 3.8838e+00	
 4.0449e+00	
 3.9926e+00	
 4.0142e+00	
 3.8355e+00	
 4.0818e+00	
 4.0576e+00	
 3.9259e+00	
 3.9604e+00	
 3.8984e+00	
 4.0216e+00	
 3.8225e+00	
 3.7779e+00	
 4.3182e+00	
 3.9852e+00	
 3.7702e+00	
 3.7917e+00	
 3.6711e+00	
 3.9484e+00	
 4.2877e+00	
 3.8429e+00	
 3.9628e+00	
 4.2815e+00	
 3.9779e+00	
 3.9548e+00	
 3.8779e+00	
 4.0623e+00	
 3.8825e+00	
 3.7160e+00	
 4.0225e+00	
 4.0126e+00	
 3.8952e+00	
 3.9422e+00	
 4.0146e+00	
 4.0258e+00	
 3.9654e+00	
 3.7063e+00	
 3.8209e+00	
 3.7617e+00	
 4.1346e+00	
 3.8153e+00	
 4.1201e+00	
 3.9791e+00	
 4.0011e+00	
 3.8526e+00	
 4.1596e+00	
 3.9086e+00	
 3.9428e+00	
 3.8391e+00	
 4.3032e+00	
 3.7857e+00	
 3.9673e+00	
 3.8556e+00	
 3.8997e+00	
 3.9177e+00	
 3.6534e+00	
 3.9424e+00	
 3.8724e+00	
 3.8645e+00	
 4.2283e+00	
 3.6961e+00	
 3.8534e+00	
 3.9779e+00	
 3.9252e+00	
 3.8230e+00	
 3.8916e+00	
 3.8453e+00	
 3.7582e+00	
 3.7474e+00	
 3.7566e+00	
 4.1031e+00	
 4.1640e+00	
 3.7750e+00	
 3.5407e+00	
 3.6951e+00	
 3.8211e+00	
 3.7138e+00	
 3.8414e+00	
 4.1250e+00	
 3.6678e+00	
 3.7866e+00	
 4.0232e+00	
 3.7255e+00	
 3.8171e+00	
 3.8098e+00	
 3.8001e+00	
 3.5768e+00	
 4.0548e+00	
 4.0466e+00	
 3.9265e+00	
 3.6565e+00	
 3.8543e+00	
 3.7835e+00	
 4.0911e+00	
 3.7903e+00	
 3.8246e+00	
 4.1109e+00	
 3.9458e+00	
 3.9168e+00	
 3.7973e+00	
 4.1456e+00	
 3.8566e+00	
 4.0160e+00	
 3.8761e+00	
 3.7783e+00	
 3.9447e+00	
 3.6550e+00	
 3.9591e+00	
 3.8499e+00	
 3.5353e+00	
 3.7883e+00	
 3.6298e+00	
 3.9276e+00	
 3.8104e+00	
 3.8615e+00	
 3.6020e+00	
 3.7651e+00	
 3.6580e+00	
 3.8034e+00	
 3.3861e+00	
 3.6492e+00	
 3.8968e+00	
 3.6552e+00	
 3.9825e+00	
 3.7524e+00	
 3.9212e+00	
 3.7998e+00	
 3.9044e+00	
 3.8262e+00	
 3.6684e+00	
 3.7931e+00	
 3.6293e+00	
 3.5849e+00	
 3.9859e+00	
 3.5147e+00	
 3.6483e+00	
 3.8072e+00	
 3.6353e+00	
 3.9358e+00	
 3.7072e+00	
 3.7488e+00	
 3.6348e+00	
 3.3324e+00	
 3.6559e+00	
 3.5700e+00	
 3.8192e+00	
 3.9729e+00	
 3.6347e+00	
 3.5937e+00	
 3.9380e+00	
 3.5318e+00	
 3.7922e+00	
 3.7686e+00	
 3.7823e+00	
 3.5133e+00	
 3.7298e+00	
 4.0959e+00	
 3.6423e+00	
 3.5749e+00	
 3.5751e+00	
 3.6441e+00	
 4.0052e+00	
 3.8631e+00	
 3.4869e+00	
 3.7598e+00	
 3.4715e+00	
 3.6507e+00	
 3.9873e+00	
 3.8306e+00	
 3.2454e+00	
 3.7266e+00	
 3.7082e+00	
 3.5674e+00	
 3.5678e+00	
 3.5487e+00	
 3.7494e+00	
 3.9499e+00	
 3.7231e+00	
 3.7394e+00	
 3.6308e+00	
 3.7586e+00	
 3.7923e+00	
 3.9458e+00	
 3.4948e+00	
 3.6133e+00	
 3.5846e+00	
 3.6565e+00	
 3.4788e+00	
 3.4805e+00	
 3.5443e+00	
 3.8733e+00	
 3.8131e+00	
 3.9523e+00	
 3.7135e+00	
 3.5802e+00	
 3.5319e+00	
 3.7033e+00	
 3.6283e+00	
 3.7202e+00	
 4.1395e+00	
 3.5110e+00	
 3.6486e+00	
 3.8071e+00	
 3.8660e+00	
 3.5603e+00	
 3.7775e+00	
 3.5384e+00	
 3.8782e+00	
 3.6927e+00	
 3.6086e+00	
 3.6104e+00	
 3.8219e+00	
 3.8106e+00	
 3.7728e+00	
 3.6771e+00	
 3.7005e+00	
 3.7851e+00	
 3.6223e+00	
 3.6718e+00	
 3.3980e+00	
 3.4523e+00	
 3.4607e+00	
 3.5858e+00	
 3.6309e+00	
 3.6641e+00	
 3.3238e+00	
 3.5070e+00	
 3.7074e+00	
 3.7590e+00	
 3.5021e+00	
 3.8810e+00	
 3.3808e+00	
 3.5269e+00	
 3.5760e+00	
 3.3459e+00	
 3.5017e+00	
 3.4751e+00	
 3.8829e+00	
 3.7202e+00	
 3.4132e+00	
 3.5573e+00	
 3.5960e+00	
 3.5454e+00	
 3.4703e+00	
 3.3942e+00	
 3.8319e+00	
 3.4860e+00	
 3.5189e+00	
 3.7407e+00	
 3.4273e+00	
 4.0333e+00	
 3.6176e+00	
 3.4637e+00	
 3.9999e+00	
 3.4629e+00	
 3.4851e+00	
 3.5111e+00	
 3.4646e+00	
 3.8002e+00	
 3.5674e+00	
 3.5516e+00	
 3.7886e+00	
 3.6834e+00	
 3.5057e+00	
 3.5020e+00	
 3.9696e+00	
 3.5713e+00	
 3.6734e+00	
 3.5456e+00	
 3.5752e+00	
 3.5597e+00	
 3.3859e+00	
 3.6185e+00	
 3.3881e+00	
 3.5938e+00	
 3.5946e+00	
 3.5543e+00	
 3.6160e+00	
 3.1410e+00	
 3.6813e+00	
 3.9786e+00	
 3.6707e+00	
 3.8013e+00	
 3.8524e+00	
 3.6356e+00	
 3.3361e+00	
 3.3003e+00	
 3.2843e+00	
 3.7392e+00	
 3.7491e+00	
 3.4698e+00	
 3.9260e+00	
 3.7486e+00	
 3.5834e+00	
 3.8003e+00	
 3.3628e+00	
 3.5010e+00	
 3.6624e+00	
 3.5315e+00	
 3.2541e+00	
 3.7361e+00	
 3.5852e+00	
 3.7574e+00	
 3.4916e+00	
 3.7234e+00	
 3.6865e+00	
 3.4161e+00	
 3.4978e+00	
 3.4539e+00	
 3.4715e+00	
 3.6861e+00	
 3.5300e+00	
 3.3867e+00	
 3.5466e+00	
 3.6414e+00	
 3.3614e+00	
 3.2706e+00	
 3.4704e+00	
 3.4855e+00	
 3.2296e+00	
 3.8109e+00	
 3.6131e+00	
 3.0846e+00	
 3.7905e+00	
 3.4995e+00	
 3.2536e+00	
 3.2016e+00	
 3.6270e+00	
 3.2845e+00	
 3.4877e+00	
 3.3980e+00	
 3.1762e+00	
 3.4605e+00	
 3.2648e+00	
 3.6408e+00	
 3.9186e+00	
 3.5023e+00	
 3.4057e+00	
 3.5289e+00	
 3.5963e+00	
 3.1746e+00	
 3.8464e+00	
 3.7180e+00	
 3.4917e+00	
 3.4729e+00	
 3.5262e+00	
 3.8030e+00	
 3.5005e+00	
 3.4054e+00	
 3.9560e+00	
 3.5385e+00	
 2.9830e+00	
 3.3981e+00	
 3.4935e+00	
 3.2922e+00	
 3.5563e+00	
 3.6245e+00	
 3.7756e+00	
 3.3636e+00	
 3.5987e+00	
 3.6115e+00	
 3.3852e+00	
 3.3829e+00	
 3.6358e+00	
 3.4419e+00	
 2.9998e+00	
 3.8336e+00	
 3.3530e+00	
 3.3243e+00	
 3.2692e+00	
 4.0487e+00	
 3.7340e+00	
 3.4682e+00	
 3.5225e+00	
 3.3849e+00	
 3.4671e+00	
 3.2753e+00	
 3.4984e+00	
 3.6407e+00	
 3.4892e+00	
 3.1011e+00	
 3.5407e+00	
 3.4311e+00	
 2.9767e+00	
 3.2555e+00	
 3.3331e+00	
 3.8084e+00	
 3.1936e+00	
 3.3497e+00	
 3.2087e+00	
 3.3977e+00	
 3.3848e+00	
 3.7302e+00	
 3.3099e+00	
 3.5702e+00	
 3.3539e+00	
 3.4775e+00	
 3.4394e+00	
 3.6349e+00	
 3.3140e+00	
 3.6496e+00	
 3.7978e+00	
 3.4480e+00	
 3.2332e+00	
 3.6452e+00	
 3.4466e+00	
 3.2853e+00	
 3.6383e+00	
 3.1378e+00	
 3.5827e+00	
 3.5464e+00	
 3.6171e+00	
 3.3519e+00	
 3.2951e+00	
 3.4802e+00	
 3.1907e+00	
 3.4989e+00	
 3.2154e+00	
 3.4125e+00	
 3.5480e+00	
 3.5139e+00	
 3.5967e+00	
 3.3652e+00	
 3.3800e+00	
 3.2201e+00	
 3.4190e+00	
 3.2148e+00	
 3.3489e+00	
 3.3535e+00	
 3.5327e+00	
 3.3139e+00	
 3.2222e+00	
 3.5711e+00	
 3.3572e+00	
 3.4435e+00	
 3.3256e+00	
 3.4256e+00	
 3.4617e+00	
 3.5880e+00	
 3.3610e+00	
 3.7363e+00	
 3.0370e+00	
 3.4377e+00	
 3.0451e+00	
 3.7662e+00	
 3.6311e+00	
 3.4898e+00	
 3.1703e+00	
 3.4675e+00	
 3.2869e+00	
 3.3842e+00	
 3.4320e+00	
 3.7066e+00	
 3.2755e+00	
 3.3186e+00	
 3.6028e+00	
 3.5708e+00	
 3.5035e+00	
 3.4735e+00	
 3.5061e+00	
 3.3781e+00	
 3.1784e+00	
 3.5473e+00	
 3.6194e+00	
 3.2814e+00	
 3.6095e+00	
 3.3543e+00	
 3.7036e+00	
 3.1390e+00	
 3.3482e+00	
 2.9933e+00	
 3.0833e+00	
 3.4685e+00	
 3.3295e+00	
 3.2061e+00	
 3.3035e+00	
 3.3632e+00	
 3.4616e+00	
 3.3736e+00	
 3.5447e+00	
 3.7110e+00	
 3.2651e+00	
 2.9880e+00	
 3.8779e+00	
 3.6198e+00	
 3.5917e+00	
 3.6495e+00	
 3.6075e+00	
 3.3688e+00	
 3.6305e+00	
 3.3596e+00	
 3.3938e+00	
 3.1498e+00	
 3.1165e+00	
 2.8716e+00	
 3.4560e+00	
 3.5990e+00	
 3.3067e+00	
 3.4263e+00	
 3.4799e+00	
 3.3869e+00	
 3.7041e+00	
 3.5259e+00	
 3.3582e+00	
 3.3617e+00	
 3.3928e+00	
 3.3923e+00	
 3.5375e+00	
 3.3861e+00	
 3.1257e+00	
 3.7055e+00	
 3.2592e+00	
 3.4958e+00	
 3.2480e+00	
 3.5072e+00	
 3.1793e+00	
 3.2304e+00	
 3.0092e+00	
 3.5608e+00	
 2.8113e+00	
 3.1091e+00	
 3.5352e+00	
 3.3722e+00	
 3.2457e+00	
 3.2008e+00	
 3.3119e+00	
 3.5665e+00	
 3.9920e+00	
 3.3197e+00	
 3.1649e+00	
 3.2663e+00	
 3.1024e+00	
 3.5213e+00	
 3.4544e+00	
 3.4098e+00	
 3.3408e+00	
 3.1676e+00	
 3.0546e+00	
 3.1266e+00	
 3.7360e+00	
 3.3523e+00	
 3.1497e+00	
 3.2365e+00	
 3.0537e+00	
 3.2101e+00	
 3.6382e+00	
 3.2435e+00	
 2.8215e+00	
 3.5310e+00	
 3.1626e+00	
 3.1031e+00	
 3.0581e+00	
 3.2629e+00	
 3.2587e+00	
 3.1966e+00	
 3.5210e+00	
 3.2481e+00	
 3.4769e+00	
 3.5641e+00	
 3.1808e+00	
 3.3022e+00	
 3.3366e+00	
 3.3466e+00	
 3.1287e+00	
 3.4555e+00	
 3.1997e+00	
 3.0690e+00	
 3.0914e+00	
 3.0905e+00	
 3.4500e+00	
 3.1389e+00	
 3.6921e+00	
 3.2862e+00	
 3.1893e+00	
 2.9941e+00	
 3.5254e+00	
 3.3157e+00	
 3.5191e+00	
 3.3334e+00	
 3.3074e+00	
 3.7073e+00	
 3.2602e+00	
 3.5117e+00	
 3.5346e+00	
 3.3891e+00	
 3.3373e+00	
 3.2804e+00	
 3.5051e+00	
 3.4930e+00	
 3.2205e+00	
 3.1544e+00	
 3.0014e+00	
 2.8846e+00	
 2.8986e+00	
 3.1921e+00	
 2.9153e+00	
 3.3815e+00	
 3.0464e+00	
 3.4417e+00	
 3.3862e+00	
 3.4437e+00	
 3.3698e+00	
 3.4428e+00	
 3.3390e+00	
 3.1325e+00	
 3.2407e+00	
 3.3859e+00	
 3.2958e+00	
 3.5393e+00	
 3.3948e+00	
 3.2535e+00	
 3.3231e+00	
 3.4531e+00	
 3.1897e+00	
 3.4842e+00	
 3.1907e+00	
 3.1804e+00	
 3.2789e+00	
 3.2184e+00	
 3.1844e+00	
 3.4324e+00	
 3.5940e+00	
 3.1775e+00	
 3.2808e+00	
 3.0101e+00	
 3.4008e+00	
 3.4239e+00	
 3.1705e+00	
 3.7816e+00	
 3.2269e+00	
 3.6903e+00	
 3.1199e+00	
 3.2666e+00	
 3.2136e+00	
 3.2726e+00	
 3.0919e+00	
 3.5983e+00	
 3.5663e+00	
 3.6049e+00	
 3.2834e+00	
 2.9246e+00	
 3.4645e+00	
 3.0040e+00	
 3.0249e+00	
 3.1201e+00	
 3.4953e+00	
 3.1781e+00	
 3.5142e+00	
 3.2373e+00	
 2.9534e+00	
 3.0290e+00	
 3.3107e+00	
 3.3057e+00	
 3.0209e+00	
 3.1761e+00	
 3.1284e+00	
 3.0567e+00	
 3.2536e+00	
 3.1639e+00	
 3.5466e+00	
 3.4543e+00	
 2.9213e+00	
 2.9927e+00	
 3.1729e+00	
 3.5042e+00	
 3.2990e+00	
 3.4023e+00	
 3.4054e+00	
 3.1013e+00	
 3.4062e+00	
 3.3128e+00	
 3.2985e+00	
 3.3130e+00	
 3.4684e+00	
 3.5661e+00	
 3.2932e+00	
 3.1486e+00	
 3.0897e+00	
 3.1960e+00	
 3.4749e+00	
 3.2551e+00	
 3.2952e+00	
 3.2098e+00	
 3.3348e+00	
 3.2010e+00	
 3.0310e+00	
 3.4411e+00	
 2.6244e+00	
 3.3415e+00	
 3.2081e+00	
 3.2726e+00	
 3.1607e+00	
 3.5638e+00	
 2.9555e+00	
 3.1879e+00	
 3.3266e+00	
 3.1504e+00	
 3.0998e+00	
 3.2142e+00	
 3.1719e+00	
 3.3887e+00	
 3.3930e+00	
 2.9956e+00	
 3.4225e+00	
 3.4245e+00	
 3.1262e+00	
 3.2757e+00	
 3.3957e+00	
 3.5036e+00	
 3.2380e+00	
 3.3418e+00	
 3.2982e+00	
 3.0460e+00	
 3.2205e+00	
 3.0939e+00	
 3.1805e+00	
 3.2996e+00	
 3.1926e+00	
 3.0583e+00	
 3.0504e+00	
 3.1822e+00	
 3.2025e+00	
 3.4808e+00	
 3.1674e+00	
 3.5214e+00	
 3.2052e+00	
 3.2242e+00	
 3.1001e+00	
 3.2232e+00	
 3.0564e+00	
 2.9713e+00	
 3.3255e+00	
 3.3678e+00	
 3.1543e+00	
 3.1569e+00	
 3.6087e+00	
 3.0128e+00	
 3.4910e+00	
 3.1773e+00	
 3.4179e+00	
 3.4684e+00	
 3.1710e+00	
 3.2506e+00	
 3.2202e+00	
 3.1778e+00	
 3.0948e+00	
 2.9680e+00	
 3.3394e+00	
 3.2120e+00	
 2.9593e+00	
 3.3433e+00	
 3.1782e+00	
 2.8216e+00	
 3.2057e+00	
 3.1464e+00	
 3.0789e+00	
 3.5464e+00	
 3.2869e+00	
 3.4830e+00	
 3.2727e+00	
 3.4201e+00	
 3.4847e+00	
 3.2749e+00	
 3.2751e+00	
 3.3583e+00	
 3.4127e+00	
 3.1041e+00	
 3.2819e+00	
 3.4184e+00	
 3.1657e+00	
 3.0378e+00	
 2.9320e+00	
 3.4592e+00	
 3.0191e+00	
 2.9448e+00	
 3.3783e+00	
 3.0900e+00	
 3.0491e+00	
 3.2209e+00	
 3.3698e+00	
 3.3504e+00	
 3.5152e+00	
 3.4771e+00	
 3.3104e+00	
 3.3949e+00	
 3.2630e+00	
 3.4383e+00	
 3.1799e+00	
 2.8149e+00	
 3.0970e+00	
 2.9665e+00	
 2.9859e+00	
 3.4468e+00	
 3.2677e+00	
 3.3039e+00	
 3.7370e+00	
 3.2100e+00	
 3.1881e+00	
 3.0129e+00	
 3.2994e+00	
 3.4828e+00	
 3.1174e+00	
 3.2630e+00	
 3.1350e+00	
 3.5068e+00	
 3.3152e+00	
 2.9820e+00	
 2.9541e+00	
 2.7114e+00	
 3.3001e+00	
 3.2920e+00	
 3.6008e+00	
 3.2765e+00	
 3.0766e+00	
 3.2181e+00	
 3.1729e+00	
 3.5088e+00	
 3.4420e+00	
 3.5259e+00	
 3.1197e+00	
 3.4257e+00	
 3.2856e+00	
 3.1761e+00	
 3.5399e+00	
 3.1372e+00	
 2.9198e+00	
 3.3135e+00	
 3.4891e+00	
 2.9699e+00	
 3.1667e+00	
 3.3558e+00	
 3.4401e+00	
 3.0835e+00	
 2.9724e+00	
 3.1186e+00	
 3.3364e+00	
 3.2221e+00	
 3.2273e+00	
 3.3866e+00	
 3.0762e+00	
 3.4504e+00	
 3.2167e+00	
 3.1203e+00	
 3.4291e+00	
 3.3668e+00	
 3.3709e+00	
 3.1154e+00	
 3.4880e+00	
 3.0423e+00	
 3.2261e+00	
 3.6508e+00	
 3.2020e+00	
 3.2191e+00	
 3.6061e+00	
 3.1702e+00	
 3.2016e+00	
 3.2984e+00	
 3.3085e+00	
 2.9182e+00	
 3.4314e+00	
 3.0219e+00	
 3.2989e+00	
 3.5142e+00	
 3.3526e+00	
 3.2958e+00	
 3.4774e+00	
 3.2617e+00	
 3.3086e+00	
 2.9888e+00	
 3.4726e+00	
 3.0828e+00	
 3.1476e+00	
 2.7187e+00	
 3.2093e+00	
 3.4126e+00	
 3.1284e+00	
 2.8766e+00	
 3.3133e+00	
 3.2421e+00	
 3.3275e+00	
 3.2346e+00	
 3.1511e+00	
 3.1290e+00	
 3.0941e+00	
 3.1605e+00	
 2.9840e+00	
 3.2087e+00	
 3.3851e+00	
 3.3799e+00	
 3.0360e+00	
 3.0681e+00	
 3.0528e+00	
 3.0373e+00	
 3.3642e+00	
 3.5475e+00	
 3.3684e+00	
 2.9880e+00	
 3.1527e+00	
 3.3520e+00	
 2.7471e+00	
 2.8928e+00	
 3.2699e+00	
 3.5780e+00	
 3.2072e+00	
 3.0774e+00	
 3.3807e+00	
 3.0670e+00	
 3.0850e+00	
 3.3754e+00	
 3.4669e+00	
 3.1237e+00	
 3.2137e+00	
 3.1440e+00	
 3.1464e+00	
 3.3983e+00	
 2.7979e+00	
 2.9556e+00	
 3.4242e+00	
 3.0319e+00	
 3.0026e+00	
 3.3091e+00	
 3.1484e+00	
 2.8915e+00	
 3.2445e+00	
 3.3436e+00	
 3.2976e+00	
 3.0387e+00	
 3.3469e+00	
 3.0451e+00	
 2.9269e+00	
 2.9920e+00	
 3.2645e+00	
 2.9555e+00	
 2.8582e+00	
 3.1427e+00	
 3.0462e+00	
 3.0079e+00	
 3.1722e+00	
 3.3470e+00	
 3.1660e+00	
 3.1640e+00	
 3.2766e+00	
 2.8605e+00	
 3.2168e+00	
 3.3042e+00	
 2.9946e+00	
 3.4216e+00	
 3.1820e+00	
 3.5489e+00	
 3.4120e+00	
 3.3000e+00	
 3.6159e+00	
 3.6351e+00	
 3.4331e+00	
 3.3102e+00	
 2.8102e+00	
 3.3595e+00	
 2.6536e+00	
 2.7922e+00	
 3.1043e+00	
 3.0411e+00	
 2.8332e+00	
 2.7204e+00	
 3.0554e+00	
 2.4663e+00	
 3.0875e+00	
 2.9895e+00	
 2.6896e+00	
 3.0139e+00	
 2.8558e+00	
 2.5739e+00	
 3.0523e+00	
 3.0055e+00	
 3.2148e+00	
 3.2364e+00	
 2.7599e+00	
 3.0356e+00	
 2.8210e+00	
 3.1040e+00	
 2.7859e+00	
 2.5912e+00	
 2.9597e+00	
 3.0886e+00	
 3.0144e+00	
 2.6263e+00	
 2.9608e+00	
 2.8426e+00	
 2.7483e+00	
 2.9442e+00	
 2.8167e+00	
 2.9105e+00	
 2.8159e+00	
 2.8799e+00	
 3.1672e+00	
 2.8897e+00	
 2.8788e+00	
 2.8928e+00	
 2.8144e+00	
 2.6441e+00	
 3.2401e+00	
 2.7461e+00	
 2.5805e+00	
 2.4443e+00	
 2.9760e+00	
 2.8304e+00	
 2.7127e+00	
 3.0933e+00	
 2.8418e+00	
 2.8055e+00	
 2.8601e+00	
 2.7586e+00	
 2.7418e+00	
 3.0000e+00	
 2.8773e+00	
 3.0071e+00	
 2.9671e+00	
 2.5216e+00	
 2.5922e+00	
 2.9911e+00	
 3.0617e+00	
 2.6431e+00	
 3.2666e+00	
 3.3873e+00	
 2.7126e+00	
 2.4671e+00	
 2.8097e+00	
 2.8081e+00	
 2.7652e+00	
 2.9385e+00	
 3.0869e+00	
 3.4591e+00	
 2.8508e+00	
 2.8855e+00	
 3.1531e+00	
 2.8683e+00	
 2.7630e+00	
 2.6945e+00	
 3.3848e+00	
 2.8617e+00	
 2.8428e+00	
 2.8625e+00	
 2.8606e+00	
 2.8575e+00	
 2.8563e+00	
 2.7379e+00	
 3.1436e+00	
 2.8530e+00	
 2.9114e+00	
 3.1085e+00	
 2.7793e+00	
 2.6292e+00	
 2.7014e+00	
 2.7490e+00	
 2.8143e+00	
 3.2656e+00	
 3.0566e+00	
 3.0380e+00	
 3.2252e+00	
 3.0024e+00	
 2.8074e+00	
 2.8537e+00	
 2.7765e+00	
 2.6994e+00	
 2.6860e+00	
 2.6987e+00	
 2.7853e+00	
 3.0323e+00	
 2.2704e+00	
 3.1264e+00	
 2.6470e+00	
 2.8597e+00	
 2.8321e+00	
 2.8824e+00	
 2.8731e+00	
 2.9378e+00	
 3.0649e+00	
 2.9767e+00	
 2.7472e+00	
 2.5216e+00	
 2.8410e+00	
 2.7203e+00	
 2.8629e+00	
 2.9860e+00	
 2.9529e+00	
 2.7112e+00	
 2.8137e+00	
 2.5462e+00	
 2.5346e+00	
 2.8963e+00	
 2.7770e+00	
 2.5005e+00	
 3.2594e+00	
 3.1740e+00	
 2.8675e+00	
 2.8878e+00	
 2.6468e+00	
 2.9117e+00	
 2.8354e+00	
 2.6046e+00	
 2.6441e+00	
 2.5766e+00	
 2.5701e+00	
 2.8275e+00	
 3.0666e+00	
 2.7494e+00	
 2.7669e+00	
 3.0606e+00	
 2.7141e+00	
 3.0870e+00	
 2.8158e+00	
 2.6957e+00	
 3.0632e+00	
 3.0023e+00	
 2.8210e+00	
 2.7758e+00	
 2.7533e+00	
 2.6611e+00	
 2.9353e+00	
 2.8304e+00	
 3.0425e+00	
 2.6077e+00	
 2.6624e+00	
 2.5929e+00	
 3.0544e+00	
 2.9330e+00	
 2.8839e+00	
 2.6120e+00	
 2.9118e+00	
 2.6898e+00	
 2.8543e+00	
 3.0966e+00	
 2.9977e+00	
 2.5993e+00	
 2.9650e+00	
 2.7434e+00	
 2.6587e+00	
 2.5678e+00	
 2.7301e+00	
 3.1374e+00	
 2.7527e+00	
 3.0847e+00	
 2.7921e+00	
 2.9365e+00	
 2.7829e+00	
 2.7752e+00	
 3.2045e+00	
 3.0929e+00	
 2.6721e+00	
 2.9024e+00	
 2.9825e+00	
 2.7570e+00	
 3.2485e+00	
 2.4781e+00	
 2.8298e+00	
 2.7495e+00	
 2.9003e+00	
 2.5873e+00	
 2.8732e+00	
 2.8376e+00	
 2.6022e+00	
 2.9628e+00	
 2.7581e+00	
 3.1765e+00	
 3.1176e+00	
 3.0179e+00	
 3.0690e+00	
 2.8518e+00	
 2.6613e+00	
 2.9661e+00	
 2.9237e+00	
 2.9555e+00	
 2.9905e+00	
 2.9484e+00	
 2.9056e+00	
 3.0866e+00	
 2.8587e+00	
 2.6433e+00	
 2.7772e+00	
 2.6670e+00	
 2.6653e+00	
 3.0170e+00	
 3.0014e+00	
 2.8039e+00	
 2.8245e+00	
 2.7173e+00	
 2.9014e+00	
 2.7396e+00	
 2.7302e+00	
 2.6754e+00	
 2.6422e+00	
 2.6873e+00	
 2.8869e+00	
 3.3013e+00	
 2.7374e+00	
 2.9576e+00	
 2.6452e+00	
 2.7668e+00	
 2.7761e+00	
 2.8546e+00	
 3.0139e+00	
 2.9236e+00	
 2.6750e+00	
 2.9660e+00	
 3.1608e+00	
 2.8378e+00	
 2.4662e+00	
 3.0568e+00	
 2.7638e+00	
 2.9224e+00	
 2.7972e+00	
 2.7261e+00	
 3.1608e+00	
 3.0443e+00	
 2.9826e+00	
 2.5511e+00	
 2.9979e+00	
 2.7841e+00	
 2.7769e+00	
 2.9756e+00	
 2.9815e+00	
 2.4998e+00	
 2.7786e+00	
 2.9908e+00	
 2.7438e+00	
 2.7497e+00	
 2.8213e+00	
 2.6458e+00	
 2.8736e+00	
 2.5575e+00	
 2.8229e+00	
 2.9008e+00	
 2.6516e+00	
 2.3647e+00	
 3.0581e+00	
 2.8225e+00	
 2.8473e+00	
 3.0772e+00	
 3.1418e+00	
 2.8600e+00	
 2.5245e+00	
 2.7582e+00	
 3.3602e+00	
 3.2315e+00	
 2.6457e+00	
 2.9986e+00	
 2.8331e+00	
 2.7502e+00	
 2.8981e+00	
 2.8421e+00	
 2.9655e+00	
 2.8915e+00	
 3.0643e+00	
 2.9964e+00	
 2.9977e+00	
 2.7480e+00	
 3.1012e+00	
 2.9011e+00	
 2.4080e+00	
 2.6244e+00	
 2.7640e+00	
 2.4948e+00	
 3.1962e+00	
 3.1570e+00	
 2.7362e+00	
 2.6578e+00	
 2.8159e+00	
 2.6501e+00	
 2.7160e+00	
 2.9797e+00	
 2.7073e+00	
 2.6897e+00	
 2.9235e+00	
 3.1868e+00	
 2.6971e+00	
 2.8607e+00	
 2.6288e+00	
 2.7945e+00	
 2.7763e+00	
 2.5553e+00	
 2.8090e+00	
 2.9039e+00	
 2.7951e+00	
 2.8303e+00	
 2.6624e+00	
 2.7543e+00	
 2.8680e+00	
 3.0701e+00	
 2.5091e+00	
 3.0515e+00	
 2.5679e+00	
 3.0052e+00	
 2.5711e+00	
 2.8854e+00	
 2.7009e+00	
 2.8314e+00	
 2.7724e+00	
 2.5006e+00	
 2.8361e+00	
 3.0289e+00	
 2.5595e+00	
 2.9408e+00	
 3.0049e+00	
 2.9982e+00	
 3.0320e+00	
 2.3514e+00	
 2.8721e+00	
 3.0173e+00	
 2.6639e+00	
 3.0957e+00	
 2.8019e+00	
 2.5414e+00	
 2.7371e+00	
 2.6766e+00	
 2.5574e+00	
 3.0153e+00	
 3.1736e+00	
 2.7539e+00	
 2.5896e+00	
 2.8873e+00	
 3.2621e+00	
 2.7018e+00	
 2.6209e+00	
 2.8884e+00	
 3.1414e+00	
 3.0192e+00	
 3.0491e+00	
 2.9144e+00	
 2.6450e+00	
 3.0859e+00	
 2.8342e+00	
 2.7426e+00	
 2.6740e+00	
 2.7912e+00	
 3.2236e+00	
 2.7184e+00	
 2.8081e+00	
 2.8558e+00	
 2.9131e+00	
 2.7494e+00	
 2.7400e+00	
 2.7491e+00	
 3.1475e+00	
 2.9689e+00	
 2.5857e+00	
 3.0315e+00	
 2.9465e+00	
 2.7135e+00	
 2.8479e+00	
 2.7074e+00	
 2.6052e+00	
 2.4464e+00	
 3.0468e+00	
 2.7931e+00	
 2.6458e+00	
 2.6209e+00	
 3.0788e+00	
 2.6809e+00	
 2.8651e+00	
 3.2790e+00	
 2.8213e+00	
 2.6782e+00	
 3.0454e+00	
 2.8490e+00	
 2.6913e+00	
 2.6170e+00	
 2.5884e+00	
 2.6954e+00	
 2.9329e+00	
 2.7466e+00	
 2.6878e+00	
 2.7746e+00	
 2.7118e+00	
 2.8247e+00	
 2.8484e+00	
 2.9413e+00	
 3.0175e+00	
 2.5690e+00	
 2.8205e+00	
 2.6109e+00	
 3.1833e+00	
 2.5973e+00	
 2.9799e+00	
 2.7897e+00	
 2.5011e+00	
 2.5931e+00	
 3.1627e+00	
 2.5647e+00	
 2.8802e+00	
 2.9158e+00	
 2.6605e+00	
 2.8365e+00	
 3.4351e+00	
 2.9640e+00	
 2.9786e+00	
 2.6294e+00	
 2.6842e+00	
 2.2883e+00	
 2.9320e+00	
 3.1861e+00	
 2.9456e+00	
 2.5017e+00	
 2.9428e+00	
 2.8390e+00	
 2.9849e+00	
 2.7426e+00	
 2.9071e+00	
 3.0590e+00	
 2.6517e+00	
 2.5319e+00	
 2.6744e+00	
 3.1327e+00	
 2.9207e+00	
 3.1265e+00	
 2.4555e+00	
 3.4391e+00	
 2.6468e+00	
 3.0934e+00	
 2.6511e+00	
 2.7026e+00	
 2.8071e+00	
 2.4505e+00	
 2.7402e+00	
 2.6675e+00	
 2.6440e+00	
 3.1379e+00	
 3.0907e+00	
 2.7985e+00	
 2.7267e+00	
 2.7365e+00	
 3.0687e+00	
 2.4440e+00	
 2.6697e+00	
 2.8058e+00	
 2.9804e+00	
 2.6512e+00	
 3.0037e+00	
 2.5479e+00	
 2.7350e+00	
 3.1649e+00	
 2.6377e+00	
 2.7032e+00	
 2.7730e+00	
 2.8314e+00	
 2.9823e+00	
 2.7235e+00	
 2.7476e+00	
 3.1318e+00	
 3.0695e+00	
 2.8170e+00	
 2.6862e+00	
 3.1053e+00	
 2.5291e+00	
 2.6658e+00	
 2.9928e+00	
 2.2459e+00	
 3.1330e+00	
 2.7304e+00	
 2.5169e+00	
 2.7988e+00	
 3.0241e+00	
 2.2245e+00	
 2.8130e+00	
 2.5140e+00	
 2.5473e+00	
 3.1832e+00	
 2.4708e+00	
 2.6842e+00	
 2.9111e+00	
 2.6289e+00	
 2.5773e+00	
 2.6691e+00	
 2.6828e+00	
 2.7498e+00	
 2.7584e+00	
 2.6101e+00	
 2.9447e+00	
 2.6661e+00	
 2.5906e+00	
 2.6363e+00	
 2.7178e+00	
 2.9015e+00	
 2.6332e+00	
 2.8796e+00	
 2.6469e+00	
 3.5813e+00	
 2.6958e+00	
 3.1470e+00	
 2.8227e+00	
 2.9005e+00	
 2.8758e+00	
 2.9181e+00	
 2.5201e+00	
 2.5282e+00	
 3.0994e+00	
 2.6264e+00	
 3.0459e+00	
 2.5690e+00	
 2.7557e+00	
 2.8017e+00	
 2.7570e+00	
 2.6102e+00	
 2.8895e+00	
 2.6142e+00	
 2.1746e+00	
 3.0549e+00	
 2.3916e+00	
 3.0202e+00	
 2.5851e+00	
 2.4581e+00	
 2.6928e+00	
 2.9137e+00	
 2.8460e+00	
 2.9427e+00	
 2.5309e+00	
 2.6656e+00	
 2.9216e+00	
 2.1942e+00	
 2.5125e+00	
 3.1058e+00	
 2.7916e+00	
 2.7131e+00	
 2.8940e+00	
 2.9362e+00	
 2.6080e+00	
 2.6218e+00	
 2.5437e+00	
 2.5597e+00	
 2.7532e+00	
 2.9620e+00	
 2.9193e+00	
 3.2404e+00	
 2.4753e+00	
 2.8283e+00	
 2.7430e+00	
 2.6772e+00	
 2.7917e+00	
 2.9205e+00	
 2.5676e+00	
 2.6547e+00	
 3.0169e+00	
 2.9684e+00	
 2.5258e+00	
 2.5542e+00	
 2.8195e+00	
 2.7896e+00	
 2.6612e+00	
 3.2164e+00	
 2.8371e+00	
 2.6766e+00	
 2.9775e+00	
 3.2526e+00	
 2.7020e+00	
 2.4454e+00	
 2.9953e+00	
 2.8002e+00	
 3.1037e+00	
 2.5717e+00	
 2.4313e+00	
 2.4692e+00	
 3.1101e+00	
 2.4747e+00	
 2.9782e+00	
 2.6648e+00	
 2.7387e+00	
 2.8962e+00	
 2.6066e+00	
 3.1667e+00	
 2.7656e+00	
 2.3002e+00	
 2.8766e+00	
 2.4384e+00	
 2.6223e+00	
 2.8486e+00	
 2.6694e+00	
 2.6336e+00	
 2.4393e+00	
 2.6886e+00	
 3.0538e+00	
 2.9696e+00	
 2.6435e+00	
 2.8586e+00	
 2.8393e+00	
 2.8677e+00	
 2.7559e+00	
 2.6694e+00	
 2.5915e+00	
 2.7581e+00	
 2.9471e+00	
 2.8173e+00	
 2.4637e+00	
 2.6976e+00	
 2.3708e+00	
 3.0388e+00	
 2.8843e+00	
 3.0523e+00	
 3.1540e+00	
 2.6547e+00	
 2.2825e+00	
 2.7160e+00	
 2.9119e+00	
 2.5089e+00	
 2.8199e+00	
 2.3910e+00	
 2.7044e+00	
 2.6352e+00	
 2.9263e+00	
 2.8984e+00	
 2.6527e+00	
 2.6126e+00	
 2.5378e+00	
 2.6959e+00	
 2.5111e+00	
 2.5158e+00	
 2.7303e+00	
 2.6780e+00	
 2.5861e+00	
 2.7664e+00	
 2.7487e+00	
 2.7555e+00	
 2.6136e+00	
 2.8422e+00	
 3.1183e+00	
 2.7447e+00	
 2.8909e+00	
 2.4575e+00	
 2.4605e+00	
 2.6431e+00	
 3.5046e+00	
 2.3857e+00	
 3.1086e+00	
 2.6921e+00	
 2.5773e+00	
 2.8667e+00	
 3.0224e+00	
 3.0058e+00	
 2.5890e+00	
 2.8134e+00	
 2.5072e+00	
 2.6580e+00	
 2.9769e+00	
 2.9753e+00	
 2.6676e+00	
 2.6271e+00	
 2.8935e+00	
 3.1015e+00	
 3.0238e+00	
 2.6490e+00	
 3.2076e+00	
 3.3171e+00	
 2.5954e+00	
 2.6141e+00	
 2.8295e+00	
 2.7382e+00	
 2.9381e+00	
 2.9025e+00	
 2.5474e+00	
 2.5749e+00	
 3.0415e+00	
 2.5427e+00	
 2.9480e+00	
 2.7527e+00	
 2.7612e+00	
 2.5659e+00	
 2.7540e+00	
 2.9565e+00	
 3.0817e+00	
 2.4988e+00	
 2.8946e+00	
 2.4004e+00	
 2.4759e+00	
 2.9112e+00	
 2.9122e+00	
 2.8188e+00	
 3.1177e+00	
 2.9842e+00	
 2.8311e+00	
 3.0523e+00	
 2.4140e+00	
 3.0698e+00	
 2.7448e+00	
 2.5707e+00	
 2.9496e+00	
 2.8998e+00	
 2.4236e+00	
 3.0171e+00	
 2.8141e+00	
 2.7344e+00	
 2.7183e+00	
 2.7357e+00	
 2.9049e+00	
 2.7367e+00	
 2.5662e+00	
 3.2786e+00	
 3.0696e+00	
 2.8551e+00	
 2.9954e+00	
 2.9579e+00	
 2.5195e+00	
 2.6075e+00	
 2.6268e+00	
 3.1434e+00	
 2.4588e+00	
 2.6645e+00	
 3.0763e+00	
 2.9411e+00	
 2.7118e+00	
 3.0779e+00	
 2.6396e+00	
 2.4348e+00	
 2.8280e+00	
 2.5086e+00	
 2.7265e+00	
 2.6056e+00	
 2.5577e+00	
 2.8875e+00	
 2.7335e+00	
 2.8513e+00	
 2.3310e+00	
 2.3204e+00	
 2.4175e+00	
 3.0701e+00	
 2.6323e+00	
 2.6446e+00	
 2.5173e+00	
 2.7788e+00	
 2.3868e+00	
 2.9760e+00	
 3.0363e+00	
 2.6779e+00	
 2.9968e+00	
 2.8153e+00	
 3.0645e+00	
 2.7909e+00	
 2.7188e+00	
 2.7233e+00	
 2.9775e+00	
 2.6146e+00	
 2.6814e+00	
 3.1029e+00	
 2.6597e+00	
 2.8908e+00	
 2.3976e+00	
 2.5566e+00	
 2.6356e+00	
 2.2592e+00	
 3.0845e+00	
 2.9434e+00	
 2.4457e+00	
 2.8281e+00	
 2.7088e+00	
 2.7142e+00	
 2.9760e+00	
 2.7259e+00	
 2.7847e+00	
 2.7402e+00	
 2.6306e+00	
 3.1095e+00	
 2.6970e+00	
 2.6788e+00	
 2.7498e+00	
 2.8924e+00	
 2.8147e+00	
 2.7945e+00	
 2.8595e+00	
 2.7947e+00	
 2.6111e+00	
 2.8805e+00	
 2.5368e+00	
 2.5369e+00	
 2.8894e+00	
 2.4632e+00	
 2.7002e+00	
 2.4391e+00	
 2.4436e+00	
 2.8220e+00	
 3.0031e+00	
 2.6232e+00	
 2.3823e+00	
 2.8070e+00	
 2.7649e+00	
 2.8453e+00	
 2.7922e+00	
 2.7033e+00	
 2.9666e+00	
 2.9497e+00	
 3.1182e+00	
 2.8381e+00	
 2.8722e+00	
 2.7375e+00	
 3.0091e+00	
 2.8872e+00	
 2.4616e+00	
 3.0234e+00	
 2.9256e+00	
 2.8455e+00	
 2.7646e+00	
 2.2885e+00	
 2.8684e+00	
 3.2694e+00	
 2.4424e+00	
 2.8114e+00	
 2.9428e+00	
 2.7642e+00	
 2.6344e+00	
 2.6657e+00	
 2.5574e+00	
 2.7409e+00	
 2.5610e+00	
 2.8585e+00	
 2.7067e+00	
 2.6353e+00	
 2.9813e+00	
 2.7221e+00	
 2.4131e+00	
 3.0477e+00	
 2.5562e+00	
 2.9260e+00	
 2.7168e+00	
 2.9678e+00	
 2.7550e+00	
 2.8340e+00	
 2.9711e+00	
 2.5378e+00	
 2.8505e+00	
 2.2937e+00	
 2.6841e+00	
 2.8619e+00	
 2.7746e+00	
 3.1010e+00	
 2.8896e+00	
 3.1102e+00	
 2.7587e+00	
 2.3748e+00	
 2.6072e+00	
 3.1910e+00	
 2.8738e+00	
 2.7360e+00	
 3.3149e+00	
 2.4911e+00	
 2.8923e+00	
 2.6401e+00	
 2.6772e+00	
 3.0448e+00	
 2.9378e+00	
 2.1095e+00	
 2.9013e+00	
 2.7140e+00	
 2.8262e+00	
 2.3043e+00	
 2.4511e+00	
 3.0069e+00	
 2.4845e+00	
 2.3215e+00	
 2.3945e+00	
 2.5838e+00	
 3.0115e+00	
 2.7806e+00	
 2.9868e+00	
 2.6482e+00	
 2.6513e+00	
 2.7384e+00	
 2.9614e+00	
 2.8072e+00	
 2.7165e+00	
 2.9420e+00	
 3.3402e+00	
 3.0438e+00	
 2.7624e+00	
 2.7249e+00	
 2.5497e+00	
 2.9519e+00	
 2.7551e+00	
 2.7296e+00	
 3.0321e+00	
 3.0521e+00	
 2.3964e+00	
 2.5011e+00	
 2.6901e+00	
 2.8586e+00	
 2.8293e+00	
 2.7872e+00	
 2.5405e+00	
 2.5748e+00	
 2.6690e+00	
 2.5640e+00	
 2.9713e+00	
 2.9055e+00	
 2.9021e+00	
 2.7728e+00	
 2.8623e+00	
 2.6667e+00	
 2.6897e+00	
 2.5568e+00	
 2.6986e+00	
 2.9367e+00	
 2.5889e+00	
 2.8421e+00	
 2.9703e+00	
 2.6087e+00	
 2.3518e+00	
 2.7605e+00	
 2.5572e+00	
 3.0147e+00	
 2.2822e+00	
 2.9924e+00	
 2.8164e+00	
 2.9608e+00	
 2.7380e+00	
 2.4972e+00	
 3.1325e+00	
 2.5041e+00	
 2.6934e+00	
 2.9812e+00	
 2.8169e+00	
 2.7023e+00	
 2.7161e+00	
 3.1396e+00	
 2.6284e+00	
 2.8200e+00	
 2.8048e+00	
 2.7933e+00	
 2.6709e+00	
 3.0635e+00	
 2.8940e+00	
 2.9317e+00	
 3.0156e+00	
 2.4698e+00	
 2.7483e+00	
 2.7130e+00	
 3.0712e+00	
 2.9323e+00	
 2.5369e+00	
 2.9772e+00	
 2.4809e+00	
 2.8303e+00	
 2.3907e+00	
 2.8160e+00	
 2.4628e+00	
 3.1022e+00	
 2.2550e+00	
 2.9457e+00	
 2.3793e+00	
 2.5093e+00	
 2.6806e+00	
 2.6487e+00	
 2.1285e+00	
 2.7430e+00	
 3.0304e+00	
 2.6324e+00	
 3.1621e+00	
 2.4853e+00	
 2.7034e+00	
 2.8847e+00	
 2.4876e+00	
 2.8175e+00	
 2.4520e+00	
 2.8121e+00	
 2.7391e+00	
 2.7200e+00	
 2.3602e+00	
 2.1923e+00	
 2.7842e+00	
 2.7969e+00	
 2.8629e+00	
 2.6143e+00	
 2.8264e+00	
 2.8848e+00	
 2.8097e+00	
 3.0218e+00	
 2.4144e+00	
 2.6933e+00	
 2.6987e+00	
 2.3727e+00	
 3.2015e+00	
 2.5576e+00	
 2.4734e+00	
 2.8686e+00	
 2.4539e+00	
 2.5013e+00	
 2.9193e+00	
 2.7275e+00	
 2.4132e+00	
 3.3483e+00	
 2.4988e+00	
 2.6441e+00	
 2.3886e+00	
 2.7521e+00	
 2.7664e+00	
 2.5849e+00	
 2.4933e+00	
 2.3154e+00	
 2.9636e+00	
 2.5291e+00	
 2.7609e+00	
 2.8773e+00	
 2.2932e+00	
 2.8869e+00	
 2.7625e+00	
 3.2991e+00	
 2.7795e+00	
 2.4776e+00	
 2.4405e+00	
 2.4434e+00	
 2.4102e+00	
 2.3699e+00	
 2.5268e+00	
 2.5712e+00	
 2.5817e+00	
 3.1071e+00	
 2.6143e+00	
 2.7971e+00	
 2.5321e+00	
 2.7250e+00	
 2.6910e+00	
 2.7963e+00	
 2.7254e+00	
 2.9361e+00	
 2.4975e+00	
 2.5639e+00	
 2.9386e+00	
 2.6089e+00	
 2.5970e+00	
 2.7902e+00	
 3.1525e+00	
 2.7757e+00	
 2.4260e+00	
 2.2120e+00	
 2.8775e+00	
 2.3929e+00	
 2.5792e+00	
 2.6829e+00	
 3.0204e+00	
 2.9074e+00	
 2.4201e+00	
 2.8539e+00	
 2.7603e+00	
 2.5157e+00	
 2.6875e+00	
 2.5662e+00	
 2.7974e+00	
 2.6203e+00	
 2.9799e+00	
 2.5661e+00	
 2.8644e+00	
 2.8190e+00	
 2.4811e+00	
 3.1481e+00	
 2.7224e+00	
 2.9370e+00	
 2.3972e+00	
 3.1014e+00	
 2.8974e+00	
 2.2785e+00	
 2.8201e+00	
 2.5923e+00	
 2.9443e+00	
 2.9121e+00	
 2.5839e+00	
 2.6370e+00	
 2.6117e+00	
 2.6771e+00	
 2.5190e+00	
 2.8508e+00	
 2.8703e+00	
 2.7672e+00	
 2.7361e+00	
 2.9452e+00	
 2.6863e+00	
 2.3915e+00	
 2.6758e+00	
 2.6843e+00	
 3.0230e+00	
 2.4235e+00	
 2.9317e+00	
 2.7661e+00	
 2.4208e+00	
 2.8046e+00	
 2.5359e+00	
 2.9610e+00	
 3.0401e+00	
 2.6290e+00	
 3.0606e+00	
 3.2309e+00	
 2.5499e+00	
 2.7295e+00	
 2.3231e+00	
 2.6337e+00	
 2.7346e+00	
 2.6758e+00	
 2.5761e+00	
 2.8305e+00	
 2.5230e+00	
 2.3060e+00	
 2.7021e+00	
 2.6911e+00	
 2.8548e+00	
 2.3627e+00	
 2.4959e+00	
 2.4950e+00	
 2.4975e+00	
 2.3449e+00	
 3.0933e+00	
 2.3436e+00	
 2.5089e+00	
 3.0915e+00	
 2.4300e+00	
 2.3252e+00	
 2.4903e+00	
 2.5159e+00	
 2.4530e+00	
 2.4836e+00	
 2.4642e+00	
 2.8891e+00	
 2.6599e+00	
 2.6408e+00	
 2.4817e+00	
 2.6594e+00	
 2.8851e+00	
 3.1478e+00	
 2.1407e+00	
 2.4383e+00	
 2.4217e+00	
 2.2329e+00	
 2.6713e+00	
 2.3800e+00	
 2.8268e+00	
 2.6643e+00	
 2.7333e+00	
 2.5200e+00	
 2.8548e+00	
 2.2605e+00	
 2.6557e+00	
 3.2609e+00	
 2.7978e+00	
 2.6225e+00	
 3.0580e+00	
 2.7084e+00	
 2.8285e+00	
 2.7163e+00	
 2.6883e+00	
 2.7315e+00	
 3.1075e+00	
 2.4296e+00	
 2.6079e+00	
 2.9315e+00	
 2.8105e+00	
 2.8388e+00	
 2.3206e+00	
 2.3422e+00	
 2.5386e+00	
 2.9187e+00	
 2.9346e+00	
 2.7447e+00	
 3.4692e+00	
 2.2695e+00	
 2.7951e+00	
 2.3915e+00	
 2.6863e+00	
 2.7251e+00	
 3.0522e+00	
 2.7293e+00	
 3.1181e+00	
 2.3904e+00	
 2.3035e+00	
 2.0983e+00	
 2.6204e+00	
 2.1465e+00	
 1.8585e+00	
 1.7730e+00	
 2.4724e+00	
 2.2692e+00	
 1.8842e+00	
 2.1845e+00	
 2.3639e+00	
 2.0466e+00	
 2.4023e+00	
 2.2154e+00	
 2.0996e+00	
 2.0399e+00	
 1.9429e+00	
 2.1155e+00	
 2.3432e+00	
 1.8115e+00	
 2.3229e+00	
 2.2113e+00	
 2.1714e+00	
 2.2725e+00	
 2.4828e+00	
 2.4075e+00	
 2.3595e+00	
 2.1237e+00	
 2.4472e+00	
 2.1644e+00	
 2.3470e+00	
 2.1578e+00	
 2.4000e+00	
 2.1487e+00	
 2.1790e+00	
 2.2448e+00	
 2.2820e+00	
 2.1806e+00	
 2.1038e+00	
 2.4143e+00	
 2.3425e+00	
 2.0159e+00	
 2.6842e+00	
 2.3386e+00	
 2.4376e+00	
 2.0949e+00	
 2.1716e+00	
 2.1095e+00	
 2.0640e+00	
 2.1427e+00	
 1.9695e+00	
 1.9508e+00	
 2.0362e+00	
 2.4949e+00	
 2.1075e+00	
 2.1983e+00	
 2.2470e+00	
 1.9907e+00	
 1.6126e+00	
 2.1228e+00	
 2.3397e+00	
 2.0994e+00	
 2.2509e+00	
 2.2768e+00	
 2.1352e+00	
 2.1351e+00	
 1.9809e+00	
 2.3051e+00	
 2.0194e+00	
 2.4527e+00	
 2.0899e+00	
 1.8472e+00	
 2.3467e+00	
 2.2265e+00	
 1.8983e+00	
 2.1931e+00	
 1.9503e+00	
 2.0931e+00	
 2.3990e+00	
 2.2308e+00	
 2.3576e+00	
 2.1264e+00	
 2.4795e+00	
 2.5251e+00	
 2.1123e+00	
 1.8461e+00	
 2.2189e+00	
 2.1359e+00	
 2.0470e+00	
 2.0557e+00	
 1.9216e+00	
 2.3060e+00	
 2.1691e+00	
 2.1470e+00	
 1.9655e+00	
 2.1480e+00	
 2.3888e+00	
 2.2409e+00	
 2.2316e+00	
 2.2664e+00	
 1.6455e+00	
 2.4157e+00	
 2.2601e+00	
 2.1176e+00	
 2.4222e+00	
 1.9110e+00	
 2.0598e+00	
 1.9138e+00	
 1.9276e+00	
 2.4306e+00	
 2.2936e+00	
 2.3939e+00	
 2.5845e+00	
 1.9802e+00	
 2.1271e+00	
 2.1009e+00	
 1.9586e+00	
 2.0819e+00	
 2.4099e+00	
 2.3656e+00	
 2.0428e+00	
 2.1598e+00	
 2.2152e+00	
 2.3275e+00	
 2.1010e+00	
 2.1453e+00	
 2.2903e+00	
 2.2307e+00	
 2.3686e+00	
 2.4642e+00	
 2.0487e+00	
 1.7641e+00	
 2.3539e+00	
 2.4292e+00	
 2.1746e+00	
 2.0015e+00	
 2.3051e+00	
 1.8609e+00	
 2.1721e+00	
 1.9826e+00	
 2.2316e+00	
 2.5803e+00	
 1.8885e+00	
 2.0704e+00	
 2.1642e+00	
 2.3524e+00	
 2.3554e+00	
 2.5230e+00	
 2.0246e+00	
 2.0482e+00	
 1.9775e+00	
 2.0153e+00	
 2.1315e+00	
 2.2384e+00	
 1.8949e+00	
 2.3304e+00	
 2.3905e+00	
 2.0907e+00	
 2.6296e+00	
 2.4598e+00	
 1.8219e+00	
 2.4823e+00	
 2.0961e+00	
 2.3001e+00	
 2.3653e+00	
 2.4029e+00	
 2.2376e+00	
 2.1190e+00	
 2.6729e+00	
 2.5529e+00	
 1.8448e+00	
 1.9816e+00	
 2.0197e+00	
 2.0240e+00	
 2.0686e+00	
 2.1277e+00	
 2.0670e+00	
 1.8598e+00	
 2.1578e+00	
 2.2772e+00	
 1.9232e+00	
 2.3437e+00	
 2.4076e+00	
 2.1922e+00	
 2.0091e+00	
 2.2044e+00	
 2.1446e+00	
 2.4255e+00	
 2.5504e+00	
 2.3786e+00	
 2.7737e+00	
 1.7470e+00	
 2.2300e+00	
 2.2143e+00	
 2.3132e+00	
 2.3283e+00	
 2.0652e+00	
 2.2218e+00	
 2.6907e+00	
 2.0193e+00	
 2.2060e+00	
 1.9565e+00	
 2.3787e+00	
 2.4868e+00	
 2.3002e+00	
 2.1558e+00	
 2.3066e+00	
 2.1563e+00	
 2.4830e+00	
 2.5008e+00	
 2.4913e+00	
 2.1589e+00	
 2.6236e+00	
 2.4639e+00	
 2.1864e+00	
 2.3784e+00	
 2.1556e+00	
 2.3787e+00	
 1.8665e+00	
 2.4248e+00	
 2.4702e+00	
 2.2498e+00	
 2.1424e+00	
 2.0259e+00	
 2.0564e+00	
 2.0410e+00	
 2.2789e+00	
 2.2116e+00	
 2.3819e+00	
 2.3015e+00	
 2.1913e+00	
 2.3608e+00	
 2.2513e+00	
 2.1204e+00	
 2.0983e+00	
 2.1993e+00	
 2.0263e+00	
 1.8920e+00	
 2.2759e+00	
 2.0056e+00	
 2.2034e+00	
 2.1726e+00	
 2.2833e+00	
 2.1590e+00	
 2.3754e+00	
 2.3366e+00	
 1.9956e+00	
 2.0180e+00	
 2.3086e+00	
 2.3830e+00	
 1.6613e+00	
 2.3942e+00	
 2.2613e+00	
 2.6115e+00	
 1.9009e+00	
 2.2268e+00	
 2.1721e+00	
 2.4345e+00	
 1.8199e+00	
 2.3828e+00	
 2.1159e+00	
 2.5819e+00	
 2.2520e+00	
 1.6978e+00	
 1.9612e+00	
 2.2965e+00	
 2.3196e+00	
 2.0066e+00	
 2.5061e+00	
 1.7498e+00	
 2.4754e+00	
 1.9426e+00	
 2.0426e+00	
 1.7859e+00	
 2.0167e+00	
 2.8282e+00	
 2.1402e+00	
 1.8332e+00	
 1.8786e+00	
 1.8558e+00	
 1.9182e+00	
 2.3822e+00	
 2.5923e+00	
 2.1401e+00	
 2.2259e+00	
 2.5017e+00	
 2.2250e+00	
 2.1181e+00	
 2.4679e+00	
 1.9413e+00	
 2.1501e+00	
 2.2695e+00	
 2.0787e+00	
 2.4732e+00	
 2.4477e+00	
 1.8543e+00	
 2.0601e+00	
 1.9900e+00	
 1.9836e+00	
 2.2835e+00	
 2.3003e+00	
 2.0388e+00	
 2.3578e+00	
 1.8544e+00	
 1.9529e+00	
 2.1837e+00	
 2.4688e+00	
 2.4145e+00	
 2.5030e+00	
 1.7965e+00	
 2.0941e+00	
 2.1459e+00	
 2.2073e+00	
 2.3993e+00	
 2.4354e+00	
 2.5678e+00	
 2.0564e+00	
 2.4345e+00	
 2.0405e+00	
 2.0829e+00	
 2.1571e+00	
 2.1862e+00	
 2.1131e+00	
 2.0163e+00	
 1.9228e+00	
 1.9703e+00	
 1.8910e+00	
 2.2658e+00	
 2.2201e+00	
 2.6816e+00	
 2.3226e+00	
 2.5360e+00	
 2.0768e+00	
 2.1963e+00	
 2.0579e+00	
 2.2390e+00	
 2.2479e+00	
 2.1940e+00	
 2.1578e+00	
 2.5814e+00	
 2.2055e+00	
 2.1682e+00	
 2.2287e+00	
 2.0790e+00	
 2.5440e+00	
 2.4931e+00	
 2.2890e+00	
 2.3118e+00	
 2.3926e+00	
 2.0761e+00	
 2.3111e+00	
 1.7314e+00	
 2.0822e+00	
 2.4261e+00	
 1.9725e+00	
 1.9793e+00	
 2.4430e+00	
 2.2789e+00	
 2.1690e+00	
 2.3465e+00	
 2.4014e+00	
 2.0399e+00	
 1.9830e+00	
 2.1475e+00	
 2.7657e+00	
 1.8594e+00	
 2.4001e+00	
 2.2172e+00	
 2.2937e+00	
 2.2400e+00	
 2.1192e+00	
 2.3804e+00	
 2.3536e+00	
 2.5577e+00	
 2.2198e+00	
 2.2629e+00	
 2.1419e+00	
 2.5458e+00	
 1.8260e+00	
 2.1553e+00	
 2.1863e+00	
 2.2088e+00	
 1.9691e+00	
 2.0590e+00	
 2.0219e+00	
 2.3286e+00	
 1.9208e+00	
 2.1643e+00	
 2.3804e+00	
 2.1562e+00	
 2.3018e+00	
 1.9480e+00	
 1.8243e+00	
 1.9923e+00	
 2.6164e+00	
 1.8954e+00	
 2.1556e+00	
 1.8398e+00	
 2.4045e+00	
 1.9805e+00	
 2.5900e+00	
 1.8492e+00	
 1.9888e+00	
 2.4718e+00	
 2.0044e+00	
 2.3146e+00	
 2.4019e+00	
 2.6027e+00	
 2.4794e+00	
 2.0852e+00	
 2.4419e+00	
 2.1641e+00	
 2.2498e+00	
 1.6437e+00	
 2.3076e+00	
 2.0346e+00	
 1.9457e+00	
 2.2216e+00	
 2.3062e+00	
 2.5184e+00	
 2.3114e+00	
 1.9956e+00	
 2.1946e+00	
 2.4265e+00	
 2.1247e+00	
 2.4439e+00	
 2.0613e+00	
 2.1953e+00	
 2.1147e+00	
 2.3115e+00	
 2.2246e+00	
 2.1732e+00	
 2.5245e+00	
 2.0858e+00	
 2.5520e+00	
 2.3270e+00	
 2.1621e+00	
 2.2489e+00	
 2.2051e+00	
 2.3424e+00	
 2.0693e+00	
 2.1718e+00	
 2.3308e+00	
 2.2591e+00	
 2.1531e+00	
 2.3667e+00	
 2.2953e+00	
 2.2026e+00	
 1.8309e+00	
 2.5946e+00	
 2.1286e+00	
 2.4263e+00	
 2.2865e+00	
 2.3084e+00	
 2.3258e+00	
 2.3441e+00	
 2.1785e+00	
 1.9866e+00	
 2.0610e+00	
 2.0534e+00	
 2.3761e+00	
 2.6069e+00	
 2.2428e+00	
 2.4950e+00	
 2.1313e+00	
 2.2125e+00	
 2.0773e+00	
 2.2309e+00	
 2.2252e+00	
 2.3076e+00	
 2.1352e+00	
 2.4047e+00	
 1.9618e+00	
 2.3845e+00	
 2.2571e+00	
 2.6389e+00	
 2.2536e+00	
 2.6379e+00	
 1.8419e+00	
 2.2306e+00	
 1.9913e+00	
 2.3612e+00	
 2.0339e+00	
 2.0281e+00	
 2.2702e+00	
 2.5839e+00	
 1.9610e+00	
 1.9673e+00	
 2.0947e+00	
 2.3844e+00	
 2.4037e+00	
 2.3592e+00	
 2.3107e+00	
 2.6239e+00	
 2.2210e+00	
 2.7475e+00	
 2.2044e+00	
 2.1549e+00	
 1.8579e+00	
 2.3035e+00	
 2.7129e+00	
 1.9666e+00	
 2.2399e+00	
 1.7268e+00	
 2.2579e+00	
 2.2592e+00	
 2.3907e+00	
 2.1796e+00	
 2.5005e+00	
 2.0555e+00	
 2.4088e+00	
 1.5955e+00	
 1.9679e+00	
 2.3223e+00	
 2.4355e+00	
 2.2496e+00	
 2.0124e+00	
 1.9725e+00	
 2.4103e+00	
 2.5063e+00	
 2.1916e+00	
 2.0859e+00	
 2.1381e+00	
 1.9906e+00	
 2.4527e+00	
 2.0495e+00	
 2.3783e+00	
 1.8659e+00	
 2.3004e+00	
 2.4687e+00	
 2.7034e+00	
 2.4735e+00	
 2.1790e+00	
 1.9803e+00	
 2.1546e+00	
 2.1155e+00	
 2.3831e+00	
 2.1978e+00	
 1.8903e+00	
 2.2947e+00	
 2.3950e+00	
 2.1966e+00	
 2.1008e+00	
 2.3968e+00	
 2.3568e+00	
 1.7997e+00	
 2.3393e+00	
 2.2450e+00	
 2.2048e+00	
 1.9312e+00	
 2.3064e+00	
 2.0644e+00	
 2.2510e+00	
 2.6682e+00	
 2.1045e+00	
 2.4287e+00	
 1.8094e+00	
 2.1121e+00	
 2.5520e+00	
 1.9431e+00	
 2.0131e+00	
 1.9093e+00	
 2.1242e+00	
 2.5893e+00	
 2.1103e+00	
 1.7342e+00	
 2.3879e+00	
 2.1799e+00	
 2.3973e+00	
 2.4557e+00	
 2.3512e+00	
 2.2252e+00	
 2.2531e+00	
 2.3061e+00	
 2.2517e+00	
 2.2376e+00	
 2.1396e+00	
 2.3169e+00	
 2.3504e+00	
 2.4620e+00	
 2.4027e+00	
 2.8120e+00	
 2.4483e+00	
 2.2240e+00	
 1.9097e+00	
 2.3404e+00	
 2.3402e+00	
 2.0359e+00	
 2.4977e+00	
 2.4403e+00	
 2.1496e+00	
 2.4431e+00	
 2.3841e+00	
 1.9426e+00	
 2.3449e+00	
 2.0369e+00	
 1.9368e+00	
 2.2417e+00	
 1.8732e+00	
 2.3148e+00	
 2.2873e+00	
 2.2254e+00	
 2.4328e+00	
 2.2641e+00	
 2.1477e+00	
 2.3241e+00	
 2.2759e+00	
 1.8324e+00	
 1.9275e+00	
 2.7450e+00	
 2.1823e+00	
 2.2896e+00	
 1.7688e+00	
 1.7991e+00	
 2.2086e+00	
 2.0962e+00	
 2.3393e+00	
 2.1993e+00	
 2.1703e+00	
 2.3141e+00	
 2.4615e+00	
 2.5039e+00	
 2.0877e+00	
 2.4285e+00	
 2.3340e+00	
 1.9935e+00	
 2.3422e+00	
 2.4398e+00	
 2.4111e+00	
 2.2311e+00	
 1.8785e+00	
 1.7896e+00	
 2.0274e+00	
 2.6351e+00	
 2.2730e+00	
 2.2450e+00	
 2.2478e+00	
 2.2326e+00	
 2.3636e+00	
 2.5203e+00	
 2.0761e+00	
 2.0184e+00	
 2.1606e+00	
 2.6705e+00	
 2.5430e+00	
 2.1315e+00	
 2.3013e+00	
 2.1725e+00	
 2.0165e+00	
 2.0337e+00	
 2.3497e+00	
 2.3461e+00	
 2.3492e+00	
 2.3793e+00	
 1.7077e+00	
 2.1920e+00	
 2.6457e+00	
 2.0494e+00	
 2.2655e+00	
 1.7491e+00	
 1.7998e+00	
 2.2284e+00	
 2.6461e+00	
 2.1633e+00	
 2.2549e+00	
 2.0685e+00	
 1.9119e+00	
 2.0874e+00	
 1.9077e+00	
 2.2034e+00	
 2.2105e+00	
 1.8715e+00	
 2.4497e+00	
 2.3631e+00	
 2.0189e+00	
 2.2545e+00	
 2.2578e+00	
 2.0698e+00	
 1.9475e+00	
 2.3224e+00	
 2.0046e+00	
 2.1222e+00	
 2.0947e+00	
 2.1535e+00	
 2.4579e+00	
 2.3188e+00	
 2.0594e+00	
 1.9385e+00	
 1.9789e+00	
 2.2798e+00	
 2.0849e+00	
 2.1134e+00	
 1.8347e+00	
 1.9906e+00	
 2.2399e+00	
 2.0947e+00	
 2.2369e+00	
 1.8629e+00	
 1.9813e+00	
 1.9944e+00	
 2.4886e+00	
 2.2553e+00	
 2.2706e+00	
 1.8146e+00	
 2.1647e+00	
 2.0714e+00	
 1.9788e+00	
 1.8837e+00	
 2.2290e+00	
 2.1276e+00	
 1.9740e+00	
 1.9801e+00	
 2.0783e+00	
 2.1571e+00	
 2.4545e+00	
 2.1547e+00	
 2.4243e+00	
 2.4273e+00	
 2.1216e+00	
 2.0266e+00	
 2.1926e+00	
 2.0464e+00	
 2.5183e+00	
 2.5693e+00	
 1.9921e+00	
 1.9218e+00	
 2.1558e+00	
 2.2889e+00	
 2.0440e+00	
 2.3854e+00	
 2.2219e+00	
 2.2663e+00	
 2.0308e+00	
 2.1890e+00	
 2.5777e+00	
 2.5174e+00	
 2.5477e+00	
 2.1237e+00	
 1.8677e+00	
 2.0761e+00	
 2.7006e+00	
 2.3804e+00	
 1.9977e+00	
 2.1895e+00	
 2.3685e+00	
 2.0941e+00	
 2.4511e+00	
 2.0904e+00	
 2.1616e+00	
 2.3120e+00	
 2.2352e+00	
 2.5986e+00	
 1.8478e+00	
 2.1550e+00	
 2.3805e+00	
 2.5010e+00	
 2.4966e+00	
 2.3340e+00	
 2.4553e+00	
 2.5329e+00	
 2.4962e+00	
 2.1095e+00	
 2.2280e+00	
 1.8784e+00	
 2.4297e+00	
 2.1922e+00	
 2.1132e+00	
 2.7021e+00	
 2.3084e+00	
 2.2373e+00	
 2.1938e+00	
 2.7221e+00	
 2.4475e+00	
 2.0791e+00	
 2.1599e+00	
 2.1270e+00	
 2.3214e+00	
 2.0292e+00	
 2.5084e+00	
 2.1256e+00	
 1.7982e+00	
 2.3071e+00	
 2.1746e+00	
 1.7447e+00	
 2.1764e+00	
 2.4058e+00	
 2.2435e+00	
 2.3800e+00	
 1.8827e+00	
 2.1788e+00	
 2.1911e+00	
 2.0325e+00	
 2.3458e+00	
 2.5154e+00	
 1.9468e+00	
 2.3418e+00	
 2.2828e+00	
 2.0874e+00	
 2.2370e+00	
 1.9532e+00	
 2.7545e+00	
 2.4043e+00	
 2.2127e+00	
 2.2603e+00	
 2.4868e+00	
 2.1620e+00	
 1.6560e+00	
 2.1680e+00	
 2.1047e+00	
 2.1135e+00	
 1.8470e+00	
 2.6156e+00	
 1.9985e+00	
 2.7851e+00	
 2.1431e+00	
 2.6554e+00	
 2.2656e+00	
 2.1551e+00	
 2.1175e+00	
 2.0146e+00	
 2.6688e+00	
 2.6063e+00	
 2.2408e+00	
 2.1127e+00	
 2.0696e+00	
 2.3657e+00	
 2.5185e+00	
 1.8099e+00	
 2.1220e+00	
 2.2386e+00	
 2.6871e+00	
 2.1621e+00	
 2.0340e+00	
 1.9834e+00	
 2.0505e+00	
 2.5201e+00	
 2.3795e+00	
 2.2086e+00	
 1.8623e+00	
 2.2964e+00	
 2.0641e+00	
 2.4183e+00	
 2.1928e+00	
 2.0989e+00	
 2.0384e+00	
 2.5338e+00	
 2.0815e+00	
 2.5491e+00	
 2.3928e+00	
 2.1864e+00	
 2.1306e+00	
 2.8130e+00	
 2.2345e+00	
 2.0704e+00	
 2.2829e+00	
 2.4207e+00	
 2.3409e+00	
 2.3977e+00	
 2.3488e+00	
 2.2770e+00	
 2.1235e+00	
 1.8605e+00	
 1.8878e+00	
 2.0679e+00	
 2.2152e+00	
 2.2790e+00	
 2.5721e+00	
 2.2705e+00	
 2.0986e+00	
 1.8336e+00	
 2.1664e+00	
 2.1898e+00	
 2.3169e+00	
 2.0673e+00	
 2.2344e+00	
 2.1132e+00	
 2.3503e+00	
 2.1973e+00	
 2.4497e+00	
 2.0650e+00	
 2.0528e+00	
 2.1653e+00	
 2.4365e+00	
 2.2579e+00	
 2.0045e+00	
 2.6089e+00	
 2.1882e+00	
 2.2863e+00	
 2.5115e+00	
 2.2861e+00	
 2.2180e+00	
 2.1736e+00	
 2.1925e+00	
 2.1544e+00	
 2.0870e+00	
 2.2742e+00	
 2.5413e+00	
 2.4128e+00	
 2.2679e+00	
 1.9519e+00	
 2.4421e+00	
 2.0006e+00	
 2.1406e+00	
 2.2247e+00	
 1.8547e+00	
 2.2537e+00	
 2.3017e+00	
 2.1868e+00	
 2.0788e+00	
 1.8585e+00	
 2.3770e+00	
 2.3210e+00	
 2.1335e+00	
 2.2656e+00	
 2.2679e+00	
 2.1827e+00	
 1.9441e+00	
 2.1655e+00	
 2.2479e+00	
 2.3142e+00	
 2.3057e+00	
 2.4339e+00	
 1.7965e+00	
 2.3242e+00	
 2.1924e+00	
 2.3188e+00	
 2.1145e+00	
 2.0100e+00	
 1.9954e+00	
 2.3847e+00	
 2.5134e+00	
 2.1812e+00	
 2.0970e+00	
 1.9561e+00	
 2.2724e+00	
 2.1621e+00	
 2.4808e+00	
 2.2878e+00	
 2.6324e+00	
 2.5477e+00	
 2.1626e+00	
 2.4909e+00	
 2.3072e+00	
 2.6370e+00	
 2.2441e+00	
 2.5466e+00	
 2.4426e+00	
 2.2969e+00	
 2.2814e+00	
 2.2459e+00	
 2.6195e+00	
 2.0571e+00	
 2.0741e+00	
 1.7989e+00	
 2.4042e+00	
 2.1673e+00	
 2.5454e+00	
 2.0891e+00	
 2.1802e+00	
 2.0925e+00	
 2.1433e+00	
 2.0128e+00	
 2.3347e+00	
 1.9795e+00	
 2.3311e+00	
 2.1548e+00	
 2.7102e+00	
 2.4551e+00	
 2.1924e+00	
 2.2912e+00	
 2.3273e+00	
 2.2109e+00	
 2.3606e+00	
 1.9837e+00	
 2.0193e+00	
 2.1218e+00	
 2.1590e+00	
 1.9230e+00	
 2.2571e+00	
 2.4198e+00	
 2.7971e+00	
 2.3751e+00	
 2.0016e+00	
 2.0361e+00	
 2.4887e+00	
 2.3036e+00	
 2.3485e+00	
 2.2227e+00	
 2.3476e+00	
 2.2445e+00	
 2.2464e+00	
 2.5847e+00	
 2.7939e+00	
 2.5051e+00	
 2.4382e+00	
 2.3860e+00	
 2.5473e+00	
 2.2342e+00	
 2.1552e+00	
 2.4010e+00	
 2.4726e+00	
 2.1126e+00	
 2.5844e+00	
 1.8907e+00	
 2.0465e+00	
 2.6531e+00	
 2.7369e+00	
 2.1465e+00	
 1.9569e+00	
 2.4400e+00	
 2.1202e+00	
 2.0556e+00	
 2.3794e+00	
 2.1486e+00	
 1.9703e+00	
 2.3017e+00	
 2.2119e+00	
 1.9209e+00	
 2.3359e+00	
 2.2927e+00	
 2.1404e+00	
 2.7962e+00	
 2.3976e+00	
 2.1483e+00	
 2.4082e+00	
 1.9648e+00	
 2.3153e+00	
 2.0206e+00	
 2.1409e+00	
 2.4631e+00	
 2.0305e+00	
 2.2745e+00	
 2.2718e+00	
 2.5377e+00	
 2.2127e+00	
 2.3281e+00	
 2.1410e+00	
 1.8384e+00	
 2.0836e+00	
 2.1692e+00	
 1.9468e+00	
 2.1952e+00	
 2.1635e+00	
 2.0369e+00	
 2.3449e+00	
 2.0306e+00	
 2.0987e+00	
 2.6993e+00	
 2.7530e+00	
 2.2534e+00	
 2.2049e+00	
 2.1179e+00	
 2.6326e+00	
 2.6223e+00	
 2.6995e+00	
 2.4790e+00	
 2.2112e+00	
 2.2737e+00	
 2.1283e+00	
 2.4598e+00	
 2.0216e+00	
 2.3204e+00	
 2.7333e+00	
 2.3613e+00	
 2.3264e+00	
 2.2532e+00	
 2.8167e+00	
 2.2388e+00	
 2.1265e+00	
 2.3281e+00	
 1.8707e+00	
 2.4580e+00	
 2.3546e+00	
 2.2277e+00	
 1.7739e+00	
 2.2066e+00	
 2.2652e+00	
 2.4739e+00	
 2.0825e+00	
 2.2905e+00	
 2.4160e+00	
 2.1190e+00	
 2.2241e+00	
 2.2087e+00	
 2.4747e+00	
 2.4480e+00	
 2.3950e+00	
 2.1488e+00	
 2.3302e+00	
 2.5753e+00	
 2.3662e+00	
 2.4581e+00	
 2.5133e+00	
 2.6060e+00	
 2.5694e+00	
 2.0839e+00	
 2.2060e+00	
 2.3858e+00	
 2.1503e+00	
 2.0947e+00	
 2.4546e+00	
 2.2675e+00	
 2.4307e+00	
 2.0786e+00	
 1.8360e+00	
 2.3842e+00	
 1.8528e+00	
 2.6569e+00	
 2.6999e+00	
 2.3819e+00	
 2.2225e+00	
 1.9972e+00	
 2.2825e+00	
 2.4774e+00	
 2.3379e+00	
 1.8001e+00	
 2.4320e+00	
 2.4646e+00	
 2.2318e+00	
 2.6418e+00	
 1.4172e+00	
 2.2606e+00	
 2.1316e+00	
 2.0378e+00	
 1.9058e+00	
 2.2247e+00	
 2.2831e+00	
 1.7159e+00	
 1.9331e+00	
 2.4137e+00	
 2.5219e+00	
 2.2586e+00	
 2.4851e+00	
 2.1169e+00	
 1.9412e+00	
 1.9217e+00	
 2.6092e+00	
 1.9938e+00	
 2.5352e+00	
 2.0981e+00	
 2.5414e+00	
 1.9033e+00	
 2.1845e+00	
 2.2514e+00	
 2.3457e+00	
 1.9113e+00	
 2.3621e+00	
 2.1681e+00	
 2.1297e+00	
 1.9311e+00	
 2.1873e+00	
 2.2576e+00	
 1.9127e+00	
 2.2483e+00	
 2.4160e+00	
 2.3459e+00	
 1.9247e+00	
 1.9535e+00	
 1.7987e+00	
 2.0909e+00	
 2.1364e+00	
 2.4426e+00	
 1.6315e+00	
 2.2620e+00	
 2.2266e+00	
 2.6839e+00	
 2.3358e+00	
 2.3169e+00	
 1.9492e+00	
 1.9256e+00	
 2.4403e+00	
 2.2364e+00	
 2.0754e+00	
 2.6001e+00	
 2.3313e+00	
 2.1100e+00	
 2.1856e+00	
 2.4312e+00	
 2.6107e+00	
 1.9539e+00	
 2.2925e+00	
 1.9649e+00	
 2.4544e+00	
 2.2223e+00	
 2.3208e+00	
 2.3045e+00	
 2.3107e+00	
 2.2316e+00	
 2.5772e+00	
 2.0748e+00	
 2.2175e+00	
 2.5108e+00	
 2.3069e+00	
 2.0166e+00	
 2.1289e+00	
 1.9904e+00	
 1.8351e+00	
 1.7016e+00	
 2.4138e+00	
 2.4722e+00	
 2.3471e+00	
 2.2905e+00	
 1.7842e+00	
 2.0113e+00	
 2.1271e+00	
 1.5553e+00	
 1.6089e+00	
 1.3560e+00	
 1.6663e+00	
 1.6161e+00	
 2.0101e+00	
 1.8186e+00	
 1.2966e+00	
 1.3401e+00	
 1.4816e+00	
 1.1667e+00	
 1.2380e+00	
 1.6398e+00	
 1.6445e+00	
 1.7010e+00	
 1.5525e+00	
 1.4871e+00	
 1.1587e+00	
 1.8458e+00	
 1.3237e+00	
 1.3562e+00	
 1.6710e+00	
 1.7748e+00	
 1.5585e+00	
 1.5370e+00	
 1.4974e+00	
 1.5292e+00	
 1.1958e+00	
 1.5863e+00	
 1.7655e+00	
 1.5051e+00	
 1.6476e+00	
 1.2464e+00	
 1.9678e+00	
 1.3273e+00	
 1.7097e+00	
 1.2953e+00	
 1.5021e+00	
 1.8630e+00	
 1.4401e+00	
 1.7130e+00	
 1.3278e+00	
 1.4716e+00	
 1.7801e+00	
 1.5138e+00	
 1.6841e+00	
 1.8239e+00	
 1.8079e+00	
 1.6415e+00	
 1.5677e+00	
 1.7214e+00	
 1.2971e+00	
 1.8269e+00	
 1.5784e+00	
 1.4242e+00	
 1.1573e+00	
 1.1959e+00	
 1.9466e+00	
 1.6969e+00	
 1.5525e+00	
 1.4468e+00	
 1.7329e+00	
 1.6417e+00	
 1.4983e+00	
 1.4097e+00	
 1.5783e+00	
 1.7231e+00	
 1.7251e+00	
 1.5856e+00	
 1.8631e+00	
 1.8422e+00	
 1.6421e+00	
 1.9704e+00	
 1.4570e+00	
 1.3383e+00	
 1.8545e+00	
 1.7957e+00	
 1.4977e+00	
 1.8501e+00	
 1.3429e+00	
 1.5189e+00	
 1.4481e+00	
 1.4004e+00	
 1.2300e+00	
 1.5329e+00	
 1.5492e+00	
 1.3664e+00	
 1.3693e+00	
 1.4540e+00	
 1.6639e+00	
 1.6625e+00	
 1.2177e+00	
 1.4312e+00	
 1.5716e+00	
 1.7360e+00	
 1.3987e+00	
 1.5269e+00	
 1.9857e+00	
 1.4837e+00	
 1.8132e+00	
 1.6608e+00	
 1.7121e+00	
 1.9229e+00	
 1.6277e+00	
 1.5272e+00	
 1.4248e+00	
 1.6693e+00	
 1.6153e+00	
 1.4287e+00	
 1.4244e+00	
 1.5926e+00	
 1.8352e+00	
 1.7402e+00	
 1.7745e+00	
 1.7500e+00	
 1.6077e+00	
 1.3314e+00	
 1.8672e+00	
 1.6880e+00	
 1.6735e+00	
 1.5428e+00	
 1.8449e+00	
 1.8429e+00	
 2.1388e+00	
 1.8446e+00	
 1.7121e+00	
 1.8484e+00	
 1.5525e+00	
 1.4547e+00	
 1.5811e+00	
 1.3298e+00	
 1.5638e+00	
 1.3245e+00	
 1.6902e+00	
 1.5213e+00	
 1.5461e+00	
 1.3795e+00	
 1.6179e+00	
 1.5260e+00	
 1.3996e+00	
 1.2641e+00	
 1.5144e+00	
 1.4102e+00	
 1.4681e+00	
 1.4447e+00	
 1.5213e+00	
 1.5233e+00	
 1.6980e+00	
 1.4052e+00	
 1.2051e+00	
 1.7626e+00	
 1.4126e+00	
 1.4990e+00	
 1.6408e+00	
 1.9034e+00	
 1.9747e+00	
 1.5206e+00	
 1.2478e+00	
 1.8635e+00	
 1.6013e+00	
 1.5309e+00	
 1.8510e+00	
 1.3838e+00	
 1.9053e+00	
 1.5298e+00	
 1.7048e+00	
 1.4565e+00	
 1.6401e+00	
 1.7115e+00	
 1.4943e+00	
 1.8796e+00	
 1.9010e+00	
 1.4930e+00	
 1.5484e+00	
 1.8794e+00	
 1.4362e+00	
 1.7923e+00	
 1.5587e+00	
 1.6462e+00	
 1.9436e+00	
 1.4548e+00	
 1.4255e+00	
 1.4343e+00	
 1.7991e+00	
 1.6711e+00	
 1.5138e+00	
 1.5878e+00	
 1.4651e+00	
 1.8207e+00	
 1.5607e+00	
 1.9258e+00	
 1.4592e+00	
 1.3182e+00	
 1.6666e+00	
 1.5820e+00	
 1.5757e+00	
 1.6135e+00	
 1.6609e+00	
 1.7105e+00	
 1.5690e+00	
 1.6128e+00	
 1.6305e+00	
 1.6312e+00	
 1.6295e+00	
 1.7677e+00	
 1.3534e+00	
 1.4352e+00	
 1.7239e+00	
 1.6379e+00	
 1.4216e+00	
 1.6341e+00	
 1.5787e+00	
 1.1789e+00	
 1.8026e+00	
 1.9810e+00	
 1.4240e+00	
 1.7960e+00	
 1.3484e+00	
 1.5144e+00	
 1.3614e+00	
 1.2416e+00	
 1.2340e+00	
 1.9237e+00	
 1.7411e+00	
 1.5042e+00	
 1.3586e+00	
 1.6990e+00	
 1.4358e+00	
 1.6422e+00	
 1.5231e+00	
 1.6663e+00	
 1.6189e+00	
 1.5274e+00	
 1.8466e+00	
 1.7983e+00	
 1.5394e+00	
 1.5380e+00	
 1.7043e+00	
 1.6650e+00	
 1.7804e+00	
 1.3826e+00	
 1.3945e+00	
 1.3096e+00	
 1.2269e+00	
 1.6616e+00	
 1.4267e+00	
 1.5252e+00	
 1.7075e+00	
 1.7580e+00	
 1.4772e+00	
 1.9194e+00	
 1.9030e+00	
 1.6809e+00	
 1.9072e+00	
 1.8047e+00	
 1.8425e+00	
 1.6031e+00	
 1.9137e+00	
 1.8939e+00	
 1.7670e+00	
 1.5218e+00	
 1.9168e+00	
 1.6563e+00	
 1.4769e+00	
 1.7579e+00	
 1.6986e+00	
 1.5640e+00	
 1.5569e+00	
 1.4976e+00	
 1.5156e+00	
 1.6796e+00	
 1.7088e+00	
 1.6122e+00	
 1.8166e+00	
 1.5376e+00	
 2.1217e+00	
 1.7012e+00	
 1.4534e+00	
 1.1891e+00	
 1.1155e+00	
 1.5686e+00	
 1.8309e+00	
 1.5268e+00	
 1.7060e+00	
 1.4556e+00	
 1.4715e+00	
 1.5800e+00	
 1.4621e+00	
 1.3607e+00	
 1.6834e+00	
 1.7498e+00	
 1.3986e+00	
 1.4715e+00	
 2.0883e+00	
 1.5092e+00	
 1.6557e+00	
 1.6066e+00	
 1.5939e+00	
 1.5183e+00	
 1.5120e+00	
 1.5684e+00	
 1.6610e+00	
 2.0623e+00	
 1.6597e+00	
 1.6680e+00	
 1.6066e+00	
 1.6677e+00	
 1.5057e+00	
 1.6306e+00	
 1.7651e+00	
 1.2918e+00	
 1.1822e+00	
 1.6318e+00	
 1.9804e+00	
 1.5317e+00	
 1.5534e+00	
 1.5515e+00	
 1.6056e+00	
 1.7938e+00	
 1.3519e+00	
 1.4010e+00	
 1.7155e+00	
 1.4374e+00	
 1.5975e+00	
 1.6646e+00	
 1.6395e+00	
 1.4584e+00	
 1.9141e+00	
 1.7517e+00	
 1.4167e+00	
 1.6129e+00	
 1.0860e+00	
 1.6053e+00	
 1.5018e+00	
 1.6973e+00	
 1.8322e+00	
 1.5516e+00	
 1.7535e+00	
 1.2915e+00	
 1.9376e+00	
 1.9425e+00	
 1.5719e+00	
 1.7014e+00	
 1.7359e+00	
 1.7779e+00	
 1.3796e+00	
 1.8170e+00	
 1.4126e+00	
 1.5463e+00	
 1.2200e+00	
 1.5963e+00	
 1.7756e+00	
 1.4583e+00	
 1.7468e+00	
 1.3812e+00	
 1.1886e+00	
 1.5365e+00	
 1.6763e+00	
 1.6156e+00	
 1.1671e+00	
 1.5491e+00	
 1.6704e+00	
 1.6425e+00	
 1.4466e+00	
 1.6209e+00	
 1.6063e+00	
 1.6657e+00	
 1.3526e+00	
 1.5410e+00	
 1.5509e+00	
 1.6591e+00	
 1.6975e+00	
 2.0594e+00	
 1.7748e+00	
 1.5705e+00	
 1.3572e+00	
 1.4535e+00	
 1.8033e+00	
 2.1352e+00	
 1.6892e+00	
 2.0741e+00	
 1.8315e+00	
 1.6226e+00	
 1.7804e+00	
 1.4674e+00	
 1.7078e+00	
 1.2495e+00	
 1.4770e+00	
 1.6993e+00	
 1.2044e+00	
 1.3347e+00	
 2.0146e+00	
 1.2956e+00	
 1.9505e+00	
 1.7357e+00	
 1.7458e+00	
 1.5153e+00	
 1.6993e+00	
 1.7100e+00	
 2.1631e+00	
 1.8740e+00	
 1.7832e+00	
 1.6715e+00	
 1.7006e+00	
 1.8020e+00	
 1.6263e+00	
 1.5027e+00	
 1.7875e+00	
 1.7418e+00	
 1.6055e+00	
 1.7269e+00	
 1.2677e+00	
 1.6811e+00	
 1.6721e+00	
 1.2802e+00	
 1.6738e+00	
 1.8887e+00	
 1.7984e+00	
 2.0660e+00	
 2.0153e+00	
 1.7436e+00	
 1.7699e+00	
 1.7230e+00	
 1.4385e+00	
 1.6263e+00	
 1.9966e+00	
 1.5116e+00	
 1.6207e+00	
 1.3606e+00	
 1.5924e+00	
 1.8392e+00	
 1.0532e+00	
 1.5550e+00	
 1.5728e+00	
 1.8332e+00	
 1.6311e+00	
 1.7802e+00	
 1.6144e+00	
 1.2522e+00	
 1.6680e+00	
 1.7977e+00	
 1.8072e+00	
 1.6813e+00	
 1.8983e+00	
 1.7507e+00	
 1.3481e+00	
 1.6367e+00	
 1.7201e+00	
 2.3219e+00	
 1.8427e+00	
 1.5649e+00	
 1.4357e+00	
 1.7471e+00	
 1.5142e+00	
 1.8916e+00	
 1.3681e+00	
 1.5545e+00	
 1.6281e+00	
 1.3141e+00	
 1.5599e+00	
 1.7801e+00	
 1.8256e+00	
 1.3906e+00	
 1.7406e+00	
 1.6364e+00	
 1.5015e+00	
 1.8024e+00	
 1.3998e+00	
 1.9130e+00	
 1.5540e+00	
 1.4453e+00	
 1.6547e+00	
 1.8490e+00	
 1.8348e+00	
 1.6448e+00	
 1.4766e+00	
 1.7883e+00	
 1.4018e+00	
 1.6473e+00	
 1.7266e+00	
 1.7460e+00	
 1.3853e+00	
 1.7662e+00	
 1.6749e+00	
 1.6159e+00	
 1.8922e+00	
 1.9179e+00	
 1.5524e+00	
 2.0279e+00	
 1.7727e+00	
 1.4118e+00	
 1.7329e+00	
 1.6212e+00	
 1.5567e+00	
 1.5901e+00	
 1.3703e+00	
 1.4339e+00	
 1.8143e+00	
 1.4725e+00	
 2.1030e+00	
 1.4942e+00	
 1.6348e+00	
 1.5436e+00	
 1.2974e+00	
 1.4417e+00	
 1.7204e+00	
 1.5620e+00	
 2.0671e+00	
 1.7784e+00	
 1.3908e+00	
 1.7235e+00	
 1.4126e+00	
 1.4189e+00	
 1.9192e+00	
 1.4529e+00	
 1.6043e+00	
 1.5307e+00	
 1.6260e+00	
 1.6574e+00	
 2.0106e+00	
 1.9067e+00	
 1.7078e+00	
 1.8383e+00	
 1.6201e+00	
 1.6938e+00	
 1.4848e+00	
 1.5622e+00	
 1.4438e+00	
 1.6166e+00	
 1.3638e+00	
 1.9650e+00	
 1.2420e+00	
 1.7445e+00	
 1.5748e+00	
 1.8508e+00	
 1.8762e+00	
 1.8070e+00	
 1.8477e+00	
 1.6325e+00	
 1.6957e+00	
 1.3173e+00	
 1.6969e+00	
 1.7257e+00	
 1.6495e+00	
 1.6563e+00	
 1.8147e+00	
 1.6659e+00	
 1.5368e+00	
 1.5638e+00	
 1.7566e+00	
 1.6651e+00	
 1.4416e+00	
 1.7878e+00	
 1.6607e+00	
 1.8142e+00	
 1.6982e+00	
 1.3960e+00	
 1.4894e+00	
 1.6985e+00	
 1.8408e+00	
 1.9466e+00	
 1.6404e+00	
 1.5764e+00	
 1.4458e+00	
 1.6975e+00	
 1.5900e+00	
 1.8074e+00	
 1.9014e+00	
 1.8814e+00	
 1.6344e+00	
 1.7358e+00	
 1.7178e+00	
 1.6372e+00	
 1.7899e+00	
 1.6290e+00	
 1.9505e+00	
 1.6867e+00	
 1.6747e+00	
 1.5272e+00	
 1.5702e+00	
 1.6961e+00	
 1.4856e+00	
 1.8068e+00	
 1.6037e+00	
 1.8319e+00	
 1.9723e+00	
 2.0478e+00	
 1.3936e+00	
 1.7434e+00	
 1.6265e+00	
 1.2991e+00	
 1.8023e+00	
 1.5788e+00	
 1.6525e+00	
 1.4049e+00	
 1.5035e+00	
 1.1885e+00	
 1.6358e+00	
 1.7923e+00	
 1.7070e+00	
 1.5223e+00	
 1.5857e+00	
 1.8070e+00	
 1.8277e+00	
 1.7246e+00	
 1.9620e+00	
 1.6874e+00	
 1.6008e+00	
 1.4170e+00	
 1.4339e+00	
 1.7423e+00	
 1.4120e+00	
 1.7720e+00	
 1.9335e+00	
 1.8848e+00	
 1.7319e+00	
 1.7489e+00	
 1.6434e+00	
 1.6838e+00	
 1.7627e+00	
 1.7653e+00	
 1.8952e+00	
 1.6543e+00	
 2.1848e+00	
 1.6401e+00	
 1.3115e+00	
 2.0400e+00	
 1.6850e+00	
 1.5578e+00	
 1.8605e+00	
 1.8128e+00	
 1.9827e+00	
 1.6142e+00	
 1.8363e+00	
 1.7566e+00	
 1.3981e+00	
 1.6163e+00	
 1.5249e+00	
 1.4151e+00	
 1.8092e+00	
 1.5191e+00	
 1.6511e+00	
 1.8931e+00	
 1.7466e+00	
 1.4909e+00	
 1.9369e+00	
 1.6686e+00	
 1.5459e+00	
 1.3105e+00	
 1.8972e+00	
 1.7390e+00	
 1.9328e+00	
 1.9729e+00	
 1.7048e+00	
 1.5567e+00	
 1.8687e+00	
 1.3094e+00	
 1.7757e+00	
 1.9440e+00	
 1.5450e+00	
 1.4282e+00	
 1.8548e+00	
 1.6541e+00	
 1.6346e+00	
 1.8213e+00	
 1.9467e+00	
 1.9007e+00	
 1.9001e+00	
 1.7140e+00	
 1.4990e+00	
 1.5527e+00	
 1.7389e+00	
 1.5632e+00	
 1.9761e+00	
 1.5646e+00	
 1.7979e+00	
 1.8844e+00	
 1.8062e+00	
 1.5437e+00	
 1.5884e+00	
 1.6656e+00	
 1.6326e+00	
 1.9603e+00	
 1.5274e+00	
 1.5934e+00	
 1.7918e+00	
 1.2700e+00	
 1.4387e+00	
 1.8017e+00	
 1.1243e+00	
 1.5842e+00	
 1.8471e+00	
 2.1563e+00	
 1.7147e+00	
 1.6018e+00	
 1.6956e+00	
 1.6932e+00	
 1.6293e+00	
 1.6386e+00	
 1.6683e+00	
 2.2091e+00	
 1.5810e+00	
 1.3744e+00	
 1.7322e+00	
 2.0405e+00	
 1.6776e+00	
 1.7272e+00	
 2.0860e+00	
 1.8974e+00	
 1.7798e+00	
 1.8603e+00	
 1.8214e+00	
 1.9208e+00	
 1.6132e+00	
 1.7367e+00	
 1.6848e+00	
 1.4241e+00	
 1.7355e+00	
 1.7833e+00	
 1.7233e+00	
 2.0471e+00	
 1.7896e+00	
 1.8364e+00	
 1.8428e+00	
 1.8375e+00	
 2.0658e+00	
 1.4322e+00	
 1.3689e+00	
 1.5378e+00	
 1.6456e+00	
 1.6966e+00	
 1.8127e+00	
 1.6073e+00	
 1.7808e+00	
 2.3723e+00	
 1.8752e+00	
 2.1172e+00	
 2.0506e+00	
 1.6204e+00	
 1.7810e+00	
 1.7314e+00	
 1.4899e+00	
 1.4961e+00	
 1.7766e+00	
 1.5837e+00	
 1.7339e+00	
 1.5753e+00	
 1.5836e+00	
 1.7198e+00	
 1.9607e+00	
 1.6541e+00	
 1.6053e+00	
 1.8537e+00	
 2.1032e+00	
 2.3828e+00	
 1.6054e+00	
 1.6417e+00	
 1.5936e+00	
 1.8667e+00	
 1.5006e+00	
 1.5615e+00	
 1.9079e+00	
 1.7488e+00	
 2.0421e+00	
 1.9389e+00	
 1.9490e+00	
 1.8039e+00	
 2.0410e+00	
 1.3814e+00	
 1.7104e+00	
 2.1507e+00	
 1.7205e+00	
 2.1333e+00	
 1.5105e+00	
 1.6937e+00	
 1.6675e+00	
 2.1175e+00	
 1.7651e+00	
 1.5825e+00	
 1.5237e+00	
 1.6484e+00	
 1.4982e+00	
 1.5598e+00	
 1.9968e+00	
 1.3419e+00	
 2.0892e+00	
 1.5683e+00	
 1.6900e+00	
 1.9728e+00	
 1.9007e+00	
 1.4616e+00	
 1.5158e+00	
 1.7945e+00	
 2.1928e+00	
 1.5152e+00	
 1.9488e+00	
 2.0297e+00	
 2.0383e+00	
 1.7195e+00	
 1.5488e+00	
 2.1093e+00	
 1.8534e+00	
 1.3382e+00	
 1.9853e+00	
 1.8486e+00	
 1.6986e+00	
 1.7940e+00	
 1.7429e+00	
 1.8590e+00	
 1.6304e+00	
 1.4515e+00	
 1.5439e+00	
 1.8716e+00	
 1.8763e+00	
 1.6393e+00	
 1.6687e+00	
 1.8443e+00	
 1.9151e+00	
 1.5499e+00	
 1.8481e+00	
 1.9106e+00	
 1.7576e+00	
 1.6799e+00	
 1.5039e+00	
 1.9349e+00	
 1.5717e+00	
 1.8397e+00	
 1.4762e+00	
 1.6443e+00	
 1.5122e+00	
 1.5954e+00	
 1.7194e+00	
 1.3967e+00	
 1.3818e+00	
 1.8356e+00	
 1.7390e+00	
 1.8707e+00	
 1.7167e+00	
 1.7985e+00	
 1.5585e+00	
 1.8180e+00	
 1.7748e+00	
 1.7272e+00	
 1.5937e+00	
 1.6184e+00	
 1.7165e+00	
 1.7670e+00	
 1.6459e+00	
 1.6615e+00	
 1.6287e+00	
 1.6940e+00	
 1.9017e+00	
 1.7086e+00	
 1.8847e+00	
 1.6520e+00	
 1.8689e+00	
 1.5321e+00	
 1.8632e+00	
 1.6904e+00	
 1.8674e+00	
 1.7456e+00	
 2.0321e+00	
 2.0430e+00	
 1.5261e+00	
 1.5988e+00	
 1.5321e+00	
 1.8818e+00	
 1.9842e+00	
 1.6444e+00	
 1.6438e+00	
 1.5964e+00	
 1.9469e+00	
 1.6216e+00	
 1.7341e+00	
 1.4438e+00	
 1.9339e+00	
 1.6133e+00	
 1.8302e+00	
 1.6351e+00	
 1.2745e+00	
 1.7057e+00	
 1.3857e+00	
 2.1590e+00	
 2.1174e+00	
 1.6043e+00	
 1.6969e+00	
 1.9651e+00	
 2.0233e+00	
 1.4615e+00	
 1.4156e+00	
 2.1030e+00	
 1.7085e+00	
 1.4867e+00	
 1.8419e+00	
 1.5569e+00	
 1.8422e+00	
 1.3496e+00	
 2.0823e+00	
 1.9069e+00	
 1.8973e+00	
 1.2149e+00	
 1.3687e+00	
 1.4187e+00	
 1.6295e+00	
 1.7280e+00	
 1.9390e+00	
 1.6554e+00	
 1.9340e+00	
 2.0362e+00	
 1.6396e+00	
 2.0153e+00	
 1.7156e+00	
 1.7598e+00	
 1.5377e+00	
 1.6837e+00	
 1.9980e+00	
 1.6897e+00	
 1.8536e+00	
 1.5963e+00	
 1.6752e+00	
 1.8357e+00	
 1.8313e+00	
 1.4021e+00	
 1.6125e+00	
 1.4883e+00	
 1.7100e+00	
 1.9850e+00	
 1.9841e+00	
 1.7147e+00	
 1.7725e+00	
 1.8741e+00	
 1.8675e+00	
 1.8618e+00	
 1.4828e+00	
 1.4131e+00	
 2.0050e+00	
 1.9278e+00	
 1.7127e+00	
 1.4778e+00	
 1.7452e+00	
 1.9266e+00	
 1.6628e+00	
 1.9287e+00	
 1.5399e+00	
 1.9651e+00	
 1.7833e+00	
 1.7879e+00	
 1.9867e+00	
 1.9323e+00	
 1.8929e+00	
 1.7765e+00	
 1.7446e+00	
 1.5798e+00	
 1.3304e+00	
 1.6091e+00	
 2.0363e+00	
 1.7715e+00	
 1.4897e+00	
 1.5805e+00	
 1.9411e+00	
 1.5069e+00	
 1.8098e+00	
 1.8588e+00	
 1.4103e+00	
 1.6611e+00	
 1.3950e+00	
 1.9811e+00	
 1.8076e+00	
 1.7516e+00	
 1.4988e+00	
 1.9321e+00	
 1.1647e+00	
 2.2394e+00	
 1.8474e+00	
 1.9959e+00	
 1.5982e+00	
 1.3524e+00	
 1.5767e+00	
 1.8516e+00	
 1.9570e+00	
 2.0820e+00	
 1.7991e+00	
 1.5652e+00	
 1.7080e+00	
 1.9869e+00	
 1.2470e+00	
 1.7091e+00	
 1.2537e+00	
 1.6557e+00	
 1.8215e+00	
 1.8745e+00	
 1.8413e+00	
 1.4877e+00	
 1.5826e+00	
 1.8637e+00	
 1.7776e+00	
 1.7647e+00	
 1.7940e+00	
 1.4594e+00	
 1.8133e+00	
 1.4010e+00	
 1.8017e+00	
 1.4596e+00	
 1.8535e+00	
 1.7738e+00	
 1.5701e+00	
 1.6741e+00	
 1.6540e+00	
 1.7724e+00	
 1.4666e+00	
 1.8970e+00	
 1.5929e+00	
 1.8074e+00	
 1.9445e+00	
 1.5021e+00	
 1.7146e+00	
 2.0159e+00	
 1.4077e+00	
 1.8211e+00	
 1.5618e+00	
 1.6069e+00	
 1.4371e+00	
 1.5866e+00	
 1.4681e+00	
 1.4234e+00	
 2.3200e+00	
 1.8302e+00	
 1.9852e+00	
 1.6697e+00	
 1.8854e+00	
 1.5608e+00	
 1.9289e+00	
 2.0130e+00	
 1.5607e+00	
 1.8896e+00	
 1.5253e+00	
 1.6402e+00	
 1.5164e+00	
 1.9841e+00	
 1.3539e+00	
 1.9268e+00	
 1.7318e+00	
 1.5752e+00	
 1.4942e+00	
 1.5463e+00	
 1.8252e+00	
 2.0490e+00	
 1.8039e+00	
 1.6659e+00	
 1.7243e+00	
 1.4518e+00	
 1.8235e+00	
 1.7523e+00	
 1.5685e+00	
 1.4723e+00	
 1.8224e+00	
 1.9495e+00	
 1.7521e+00	
 1.6733e+00	
 1.7549e+00	
 2.2257e+00	
 2.0524e+00	
 1.2499e+00	
 1.5820e+00	
 1.6369e+00	
 1.6141e+00	
 1.8675e+00	
 1.3638e+00	
 1.4633e+00	
 1.6552e+00	
 1.6278e+00	
 1.7091e+00	
 2.1908e+00	
 1.5096e+00	
 2.1174e+00	
 1.7691e+00	
 1.8435e+00	
 2.0157e+00	
 1.8318e+00	
 1.7184e+00	
 1.4689e+00	
 1.9110e+00	
 1.6953e+00	
 1.8796e+00	
 1.9022e+00	
 1.5306e+00	
 1.2709e+00	
 1.9820e+00	
 1.5900e+00	
 1.7656e+00	
 1.5029e+00	
 1.7580e+00	
 1.6877e+00	
 1.7133e+00	
 1.5302e+00	
 1.6926e+00	
 1.7387e+00	
 1.7226e+00	
 1.8564e+00	
 1.6696e+00	
 1.7200e+00	
 2.0740e+00	
 1.7195e+00	
 1.5087e+00	
 2.0365e+00	
 2.0367e+00	
 1.7858e+00	
 1.6158e+00	
 1.8779e+00	
 1.7920e+00	
 1.8629e+00	
 1.4229e+00	
 1.7580e+00	
 1.7600e+00	
 1.5978e+00	
 1.8056e+00	
 1.7842e+00	
 1.9314e+00	
 1.6810e+00	
 1.5809e+00	
 1.4546e+00	
 1.8927e+00	
 1.3231e+00	
 1.8041e+00	
 1.9438e+00	
 1.8687e+00	
 1.3874e+00	
 1.6969e+00	
 1.5907e+00	
 1.7075e+00	
 1.8261e+00	
 1.5022e+00	
 1.7841e+00	
 1.6245e+00	
 1.6098e+00	
 1.9424e+00	
 1.8434e+00	
 1.6170e+00	
 1.7341e+00	
 1.7584e+00	
 1.4398e+00	
 1.7950e+00	
 1.3928e+00	
 1.7735e+00	
 1.3426e+00	
 2.2717e+00	
 1.6173e+00	
 2.0595e+00	
 1.7675e+00	
 1.7925e+00	
 1.8580e+00	
 1.6933e+00	
 1.7125e+00	
 1.4252e+00	
 1.4790e+00	
 1.8980e+00	
 1.7322e+00	
 1.8844e+00	
 1.7942e+00	
 1.6862e+00	
 1.3572e+00	
 1.7203e+00	
 1.9600e+00	
 1.4838e+00	
 1.6520e+00	
 1.8010e+00	
 1.6583e+00	
 1.7454e+00	
 1.6640e+00	
 2.0833e+00	
 1.7343e+00	
 2.0496e+00	
 1.9101e+00	
 1.8207e+00	
 1.4813e+00	
 1.8466e+00	
 1.6280e+00	
 1.4902e+00	
 1.6843e+00	
 1.8622e+00	
 1.4996e+00	
 1.5531e+00	
 2.1362e+00	
 1.8357e+00	
 1.6019e+00	
 1.9101e+00	
 2.0657e+00	
 1.7955e+00	
 1.4883e+00	
 2.2464e+00	
 1.6202e+00	
 1.8482e+00	
 2.1727e+00	
 1.4234e+00	
 1.8117e+00	
 1.4773e+00	
 2.1836e+00	
 1.7622e+00	
 1.2966e+00	
 1.4198e+00	
 1.5135e+00	
 2.1207e+00	
 1.4332e+00	
 1.7765e+00	
 1.6523e+00	
 1.2253e+00	
 1.3465e+00	
 1.0528e+00	
 9.0189e-01	
 1.0006e+00	
 1.0913e+00	
 1.1312e+00	
 1.0255e+00	
 7.9938e-01	
 1.0302e+00	
 1.0086e+00	
 1.1808e+00	
 7.6094e-01	
 8.0936e-01	
 8.3386e-01	
 1.0794e+00	
 8.6510e-01	
 8.7103e-01	
 1.2708e+00	
 1.3091e+00	
 1.1054e+00	
 1.2070e+00	
 1.0554e+00	
 8.3463e-01	
 9.2435e-01	
 1.1171e+00	
 8.9160e-01	
 1.0056e+00	
 1.0343e+00	
 9.4335e-01	
 1.1605e+00	
 1.3690e+00	
 9.1443e-01	
 9.6712e-01	
 1.1756e+00	
 9.5790e-01	
 9.9891e-01	
 9.0827e-01	
 1.3880e+00	
 6.4615e-01	
 8.9615e-01	
 9.4438e-01	
 6.4276e-01	
 8.7379e-01	
 1.1228e+00	
 9.0872e-01	
 1.0959e+00	
 8.0075e-01	
 1.1597e+00	
 1.0403e+00	
 9.8446e-01	
 6.9470e-01	
 6.9446e-01	
 1.1968e+00	
 1.0725e+00	
 1.1399e+00	
 1.0939e+00	
 1.1497e+00	
 1.1502e+00	
 9.8174e-01	
 9.7761e-01	
 7.7049e-01	
 1.0654e+00	
 9.9161e-01	
 1.3516e+00	
 9.4592e-01	
 7.7333e-01	
 8.5484e-01	
 1.0645e+00	
 9.4398e-01	
 7.6522e-01	
 1.0695e+00	
 7.2446e-01	
 9.5032e-01	
 1.0959e+00	
 7.9473e-01	
 1.0712e+00	
 1.1736e+00	
 1.0040e+00	
 1.0462e+00	
 1.0880e+00	
 8.7495e-01	
 8.9230e-01	
 1.0731e+00	
 1.0331e+00	
 8.4673e-01	
 9.7017e-01	
 1.0641e+00	
 8.9969e-01	
 1.1950e+00	
 1.1140e+00	
 1.1083e+00	
 1.1109e+00	
 8.3653e-01	
 1.1504e+00	
 1.2074e+00	
 7.9344e-01	
 1.2896e+00	
 8.3290e-01	
 1.4027e+00	
 1.1127e+00	
 9.3950e-01	
 1.1368e+00	
 1.0763e+00	
 1.1422e+00	
 8.1726e-01	
 8.5953e-01	
 1.0065e+00	
 7.3887e-01	
 9.2466e-01	
 1.0694e+00	
 8.2995e-01	
 1.0080e+00	
 1.1714e+00	
 1.3733e+00	
 1.2435e+00	
 1.2210e+00	
 9.3748e-01	
 9.5378e-01	
 1.0865e+00	
 1.0278e+00	
 8.6956e-01	
 8.0819e-01	
 5.9013e-01	
 8.6040e-01	
 8.9686e-01	
 1.1597e+00	
 8.6452e-01	
 1.0951e+00	
 8.5748e-01	
 8.2805e-01	
 1.0797e+00	
 1.3571e+00	
 9.7462e-01	
 7.2206e-01	
 8.9775e-01	
 9.3784e-01	
 1.1276e+00	
 9.2402e-01	
 1.2550e+00	
 1.1155e+00	
 1.0102e+00	
 1.0992e+00	
 1.1892e+00	
 1.2995e+00	
 7.5273e-01	
 1.0843e+00	
 1.2108e+00	
 9.3020e-01	
 9.0700e-01	
 9.3931e-01	
 1.0429e+00	
 8.5053e-01	
 9.6905e-01	
 1.0280e+00	
 8.8390e-01	
 1.0567e+00	
 9.2839e-01	
 8.5218e-01	
 1.3510e+00	
 1.1195e+00	
 1.0660e+00	
 1.0158e+00	
 1.0471e+00	
 9.8638e-01	
 9.8089e-01	
 1.2193e+00	
 7.1352e-01	
 9.3743e-01	
 1.0294e+00	
 1.1079e+00	
 9.1179e-01	
 1.0784e+00	
 1.5123e+00	
 1.1078e+00	
 1.0223e+00	
 8.7665e-01	
 1.0299e+00	
 7.5620e-01	
 1.0564e+00	
 6.2794e-01	
 9.4668e-01	
 1.1549e+00	
 1.0592e+00	
 9.4875e-01	
 1.1661e+00	
 8.7608e-01	
 1.1124e+00	
 1.1221e+00	
 9.1859e-01	
 8.3386e-01	
 1.0927e+00	
 1.3903e+00	
 7.9351e-01	
 1.0705e+00	
 9.1086e-01	
 1.1878e+00	
 1.1077e+00	
 1.0200e+00	
 9.5522e-01	
 9.4955e-01	
 1.1152e+00	
 9.9292e-01	
 9.9015e-01	
 1.0125e+00	
 1.1790e+00	
 9.7522e-01	
 1.0501e+00	
 9.8976e-01	
 8.6730e-01	
 8.4733e-01	
 1.0732e+00	
 9.9311e-01	
 8.4817e-01	
 7.3503e-01	
 1.4288e+00	
 9.0759e-01	
 1.1354e+00	
 8.6720e-01	
 6.5813e-01	
 1.3907e+00	
 9.6280e-01	
 1.2684e+00	
 1.2695e+00	
 1.3139e+00	
 1.0833e+00	
 1.2092e+00	
 9.8915e-01	
 1.1465e+00	
 1.2749e+00	
 9.4822e-01	
 1.4792e+00	
 8.9946e-01	
 9.4354e-01	
 1.0639e+00	
 1.1304e+00	
 7.7703e-01	
 1.1697e+00	
 1.0817e+00	
 1.1165e+00	
 8.9717e-01	
 1.0076e+00	
 1.3414e+00	
 1.0318e+00	
 9.6883e-01	
 1.0974e+00	
 1.0268e+00	
 8.3166e-01	
 1.1581e+00	
 7.7008e-01	
 1.0825e+00	
 8.8987e-01	
 9.7736e-01	
 1.3145e+00	
 1.0828e+00	
 1.1803e+00	
 1.1200e+00	
 1.0927e+00	
 1.2078e+00	
 9.6733e-01	
 9.5896e-01	
 1.2656e+00	
 9.9304e-01	
 1.0435e+00	
 1.1130e+00	
 8.7139e-01	
 1.1441e+00	
 9.2197e-01	
 6.0356e-01	
 9.6818e-01	
 1.0591e+00	
 1.0096e+00	
 9.8025e-01	
 1.1613e+00	
 1.1455e+00	
 1.4462e+00	
 9.9960e-01	
 9.2036e-01	
 1.1155e+00	
 7.7431e-01	
 1.0949e+00	
 1.0367e+00	
 8.1763e-01	
 9.7982e-01	
 8.7665e-01	
 1.3617e+00	
 1.1115e+00	
 1.1526e+00	
 1.3103e+00	
 1.4615e+00	
 8.8671e-01	
 1.0915e+00	
 7.8773e-01	
 1.3009e+00	
 9.9672e-01	
 9.9937e-01	
 9.7271e-01	
 9.6592e-01	
 1.0180e+00	
