loss	
 4.6309e+00	
 4.6609e+00	
 4.5955e+00	
 4.6200e+00	
 4.6176e+00	
 4.5890e+00	
 4.6019e+00	
 4.6279e+00	
 4.5900e+00	
 4.6070e+00	
 4.5942e+00	
 4.6128e+00	
 4.6646e+00	
 4.6541e+00	
 4.6298e+00	
 4.5748e+00	
 4.6160e+00	
 4.6373e+00	
 4.6239e+00	
 4.6007e+00	
 4.5680e+00	
 4.5952e+00	
 4.5620e+00	
 4.6143e+00	
 4.6316e+00	
 4.5543e+00	
 4.6495e+00	
 4.5499e+00	
 4.6536e+00	
 4.6047e+00	
 4.5956e+00	
 4.5908e+00	
 4.6159e+00	
 4.6653e+00	
 4.5797e+00	
 4.6448e+00	
 4.6379e+00	
 4.5903e+00	
 4.5820e+00	
 4.6373e+00	
 4.5890e+00	
 4.5938e+00	
 4.6197e+00	
 4.5662e+00	
 4.6387e+00	
 4.5904e+00	
 4.6164e+00	
 4.5924e+00	
 4.6366e+00	
 4.5875e+00	
 4.6211e+00	
 4.5578e+00	
 4.5822e+00	
 4.6524e+00	
 4.5639e+00	
 4.5983e+00	
 4.5816e+00	
 4.5797e+00	
 4.5947e+00	
 4.6220e+00	
 4.6012e+00	
 4.6074e+00	
 4.5564e+00	
 4.5605e+00	
 4.6316e+00	
 4.5898e+00	
 4.5473e+00	
 4.5175e+00	
 4.5898e+00	
 4.6048e+00	
 4.5576e+00	
 4.5517e+00	
 4.5424e+00	
 4.6204e+00	
 4.5483e+00	
 4.5847e+00	
 4.5885e+00	
 4.5575e+00	
 4.6115e+00	
 4.5795e+00	
 4.5309e+00	
 4.5682e+00	
 4.5701e+00	
 4.5675e+00	
 4.5840e+00	
 4.5918e+00	
 4.4987e+00	
 4.5771e+00	
 4.5909e+00	
 4.5304e+00	
 4.5711e+00	
 4.5259e+00	
 4.6216e+00	
 4.5515e+00	
 4.5549e+00	
 4.5720e+00	
 4.5281e+00	
 4.5496e+00	
 4.5401e+00	
 4.5535e+00	
 4.4877e+00	
 4.4902e+00	
 4.5084e+00	
 4.4876e+00	
 4.5520e+00	
 4.5768e+00	
 4.5953e+00	
 4.4629e+00	
 4.5617e+00	
 4.5002e+00	
 4.4186e+00	
 4.5046e+00	
 4.4097e+00	
 4.3876e+00	
 4.5063e+00	
 4.4004e+00	
 4.4329e+00	
 4.4029e+00	
 4.4014e+00	
 4.4176e+00	
 4.5384e+00	
 4.4451e+00	
 4.4035e+00	
 4.4120e+00	
 4.4126e+00	
 4.4438e+00	
 4.3864e+00	
 4.4702e+00	
 4.3988e+00	
 4.3866e+00	
 4.3634e+00	
 4.4190e+00	
 4.4081e+00	
 4.2857e+00	
 4.3936e+00	
 4.3217e+00	
 4.5573e+00	
 4.2357e+00	
 4.2401e+00	
 4.3458e+00	
 4.5127e+00	
 4.4676e+00	
 4.3791e+00	
 4.4216e+00	
 4.3216e+00	
 4.2781e+00	
 4.4446e+00	
 4.3531e+00	
 4.3955e+00	
 4.2163e+00	
 4.3634e+00	
 4.2245e+00	
 4.2868e+00	
 4.3388e+00	
 4.2305e+00	
 4.2616e+00	
 4.4297e+00	
 4.2475e+00	
 4.4150e+00	
 4.3305e+00	
 4.1336e+00	
 4.4160e+00	
 4.1906e+00	
 4.4069e+00	
 4.2559e+00	
 4.0650e+00	
 4.2820e+00	
 4.2728e+00	
 4.1802e+00	
 4.1038e+00	
 4.2626e+00	
 4.2829e+00	
 4.2175e+00	
 4.2916e+00	
 4.2302e+00	
 4.1922e+00	
 4.3059e+00	
 4.3662e+00	
 4.2419e+00	
 4.1257e+00	
 4.3636e+00	
 4.3808e+00	
 4.2600e+00	
 4.1971e+00	
 4.0700e+00	
 4.1298e+00	
 4.1056e+00	
 4.0695e+00	
 4.0677e+00	
 4.4067e+00	
 4.3653e+00	
 4.0903e+00	
 3.9755e+00	
 4.2523e+00	
 4.1881e+00	
 4.2116e+00	
 4.2315e+00	
 4.0880e+00	
 4.2171e+00	
 4.2596e+00	
 4.2681e+00	
 4.2540e+00	
 4.1681e+00	
 4.1532e+00	
 4.0115e+00	
 4.1381e+00	
 4.0948e+00	
 4.2120e+00	
 4.1311e+00	
 4.1558e+00	
 4.0483e+00	
 4.0179e+00	
 4.1895e+00	
 4.1948e+00	
 4.2808e+00	
 4.1719e+00	
 4.0356e+00	
 3.9806e+00	
 4.0434e+00	
 4.0794e+00	
 4.1629e+00	
 4.2446e+00	
 3.9793e+00	
 4.2156e+00	
 3.9796e+00	
 4.1479e+00	
 4.1876e+00	
 3.9121e+00	
 3.9995e+00	
 4.1749e+00	
 4.1183e+00	
 4.0217e+00	
 3.9930e+00	
 4.1410e+00	
 3.9199e+00	
 4.0861e+00	
 4.1243e+00	
 3.8761e+00	
 3.8335e+00	
 4.0963e+00	
 3.9180e+00	
 3.9943e+00	
 3.9866e+00	
 4.0576e+00	
 4.2032e+00	
 4.1167e+00	
 4.0083e+00	
 3.8706e+00	
 3.8333e+00	
 3.8499e+00	
 3.9437e+00	
 4.0645e+00	
 4.0343e+00	
 4.0643e+00	
 3.8702e+00	
 4.1378e+00	
 4.1016e+00	
 4.0032e+00	
 4.0199e+00	
 3.9667e+00	
 4.0137e+00	
 3.8232e+00	
 3.8212e+00	
 4.3344e+00	
 4.0717e+00	
 3.7973e+00	
 3.8405e+00	
 3.6638e+00	
 3.9423e+00	
 4.3217e+00	
 3.8900e+00	
 4.0047e+00	
 4.3086e+00	
 4.0031e+00	
 3.9914e+00	
 3.9276e+00	
 4.0329e+00	
 3.9401e+00	
 3.8004e+00	
 4.0579e+00	
 4.0099e+00	
 3.9752e+00	
 3.9826e+00	
 3.9918e+00	
 4.0571e+00	
 3.9998e+00	
 3.7627e+00	
 3.8108e+00	
 3.8121e+00	
 4.1690e+00	
 3.8638e+00	
 4.1236e+00	
 3.9993e+00	
 4.0436e+00	
 3.9037e+00	
 4.2044e+00	
 3.9843e+00	
 4.0037e+00	
 3.8728e+00	
 4.2884e+00	
 3.8593e+00	
 4.0090e+00	
 3.9154e+00	
 3.9734e+00	
 3.9609e+00	
 3.7064e+00	
 4.0218e+00	
 3.9307e+00	
 3.9305e+00	
 4.2286e+00	
 3.7086e+00	
 3.8228e+00	
 4.0119e+00	
 3.9208e+00	
 3.8204e+00	
 3.9597e+00	
 3.9087e+00	
 3.7702e+00	
 3.7668e+00	
 3.7807e+00	
 4.1380e+00	
 4.2067e+00	
 3.8351e+00	
 3.5869e+00	
 3.7590e+00	
 3.8296e+00	
 3.7884e+00	
 3.8085e+00	
 4.1491e+00	
 3.7465e+00	
 3.8484e+00	
 4.0116e+00	
 3.7347e+00	
 3.8475e+00	
 3.8083e+00	
 3.8217e+00	
 3.6441e+00	
 4.0653e+00	
 4.0672e+00	
 3.9709e+00	
 3.7020e+00	
 3.8756e+00	
 3.8350e+00	
 4.0560e+00	
 3.8092e+00	
 3.9043e+00	
 4.1706e+00	
 3.9612e+00	
 3.9575e+00	
 3.8697e+00	
 4.1291e+00	
 3.8686e+00	
 4.0727e+00	
 3.9232e+00	
 3.8056e+00	
 3.9990e+00	
 3.6614e+00	
 3.9809e+00	
 3.9273e+00	
 3.5883e+00	
 3.8382e+00	
 3.6401e+00	
 3.9643e+00	
 3.8334e+00	
 3.9036e+00	
 3.6137e+00	
 3.8415e+00	
 3.6971e+00	
 3.8288e+00	
 3.4300e+00	
 3.7059e+00	
 3.9402e+00	
 3.6766e+00	
 4.0552e+00	
 3.8692e+00	
 3.9453e+00	
 3.8029e+00	
 3.9171e+00	
 3.8555e+00	
 3.7253e+00	
 3.8715e+00	
 3.6742e+00	
 3.6357e+00	
 4.0466e+00	
 3.5787e+00	
 3.6899e+00	
 3.8631e+00	
 3.6923e+00	
 3.9683e+00	
 3.7704e+00	
 3.7504e+00	
 3.6877e+00	
 3.4133e+00	
 3.6871e+00	
 3.6777e+00	
 3.8349e+00	
 4.0380e+00	
 3.6577e+00	
 3.6360e+00	
 4.0065e+00	
 3.5975e+00	
 3.8242e+00	
 3.7853e+00	
 3.7937e+00	
 3.5643e+00	
 3.7860e+00	
 4.1120e+00	
 3.6776e+00	
 3.6577e+00	
 3.6322e+00	
 3.6798e+00	
 4.0640e+00	
 3.8415e+00	
 3.5357e+00	
 3.8315e+00	
 3.5248e+00	
 3.7310e+00	
 4.0191e+00	
 3.8447e+00	
 3.3367e+00	
 3.7668e+00	
 3.7675e+00	
 3.6051e+00	
 3.6693e+00	
 3.6237e+00	
 3.7801e+00	
 4.0119e+00	
 3.7370e+00	
 3.8187e+00	
 3.6565e+00	
 3.7904e+00	
 3.8193e+00	
 3.9690e+00	
 3.5433e+00	
 3.6406e+00	
 3.6612e+00	
 3.6423e+00	
 3.5248e+00	
 3.5004e+00	
 3.5589e+00	
 3.9104e+00	
 3.8587e+00	
 3.9054e+00	
 3.7602e+00	
 3.6460e+00	
 3.6063e+00	
 3.7402e+00	
 3.6633e+00	
 3.7519e+00	
 4.2081e+00	
 3.5867e+00	
 3.6760e+00	
 3.8734e+00	
 3.9242e+00	
 3.6092e+00	
 3.8389e+00	
 3.5563e+00	
 3.9372e+00	
 3.6925e+00	
 3.6556e+00	
 3.6070e+00	
 3.8824e+00	
 3.8411e+00	
 3.7963e+00	
 3.7738e+00	
 3.7509e+00	
 3.8349e+00	
 3.6834e+00	
 3.6671e+00	
 3.3646e+00	
 3.5440e+00	
 3.4601e+00	
 3.5541e+00	
 3.6539e+00	
 3.6863e+00	
 3.3755e+00	
 3.5327e+00	
 3.7135e+00	
 3.8144e+00	
 3.5316e+00	
 3.9013e+00	
 3.4567e+00	
 3.6044e+00	
 3.6823e+00	
 3.4007e+00	
 3.5909e+00	
 3.5524e+00	
 3.9347e+00	
 3.7933e+00	
 3.5015e+00	
 3.6427e+00	
 3.5976e+00	
 3.5914e+00	
 3.5867e+00	
 3.4440e+00	
 3.8797e+00	
 3.5576e+00	
 3.5715e+00	
 3.7610e+00	
 3.4674e+00	
 4.0975e+00	
 3.5711e+00	
 3.4723e+00	
 4.0596e+00	
 3.5122e+00	
 3.5139e+00	
 3.5554e+00	
 3.4585e+00	
 3.8187e+00	
 3.6084e+00	
 3.6394e+00	
 3.8803e+00	
 3.6567e+00	
 3.5332e+00	
 3.5466e+00	
 3.9828e+00	
 3.6551e+00	
 3.7279e+00	
 3.5860e+00	
 3.6198e+00	
 3.6174e+00	
 3.4672e+00	
 3.6855e+00	
 3.4202e+00	
 3.6382e+00	
 3.7405e+00	
 3.6173e+00	
 3.6926e+00	
 3.1756e+00	
 3.8143e+00	
 4.0566e+00	
 3.7427e+00	
 3.8582e+00	
 3.8362e+00	
 3.7237e+00	
 3.3900e+00	
 3.3826e+00	
 3.3507e+00	
 3.8614e+00	
 3.8006e+00	
 3.5238e+00	
 3.9197e+00	
 3.8454e+00	
 3.5984e+00	
 3.8805e+00	
 3.4730e+00	
 3.5776e+00	
 3.6774e+00	
 3.6107e+00	
 3.3019e+00	
 3.7689e+00	
 3.5285e+00	
 3.7391e+00	
 3.5539e+00	
 3.7427e+00	
 3.7045e+00	
 3.4862e+00	
 3.6082e+00	
 3.4675e+00	
 3.5567e+00	
 3.6988e+00	
 3.5917e+00	
 3.4257e+00	
 3.5537e+00	
 3.6792e+00	
 3.4127e+00	
 3.3562e+00	
 3.5643e+00	
 3.5766e+00	
 3.3208e+00	
 3.8401e+00	
 3.6657e+00	
 3.2403e+00	
 3.7543e+00	
 3.5678e+00	
 3.3724e+00	
 3.2763e+00	
 3.6884e+00	
 3.3846e+00	
 3.5474e+00	
 3.4761e+00	
 3.2150e+00	
 3.4718e+00	
 3.2884e+00	
 3.6948e+00	
 3.8984e+00	
 3.6395e+00	
 3.5005e+00	
 3.6338e+00	
 3.6046e+00	
 3.2760e+00	
 3.8727e+00	
 3.7237e+00	
 3.5421e+00	
 3.4942e+00	
 3.5583e+00	
 3.8728e+00	
 3.5836e+00	
 3.4558e+00	
 4.0480e+00	
 3.5944e+00	
 3.0413e+00	
 3.5148e+00	
 3.4997e+00	
 3.3371e+00	
 3.5269e+00	
 3.6102e+00	
 3.8412e+00	
 3.4837e+00	
 3.7120e+00	
 3.6559e+00	
 3.5220e+00	
 3.4770e+00	
 3.6991e+00	
 3.5491e+00	
 3.0989e+00	
 3.8983e+00	
 3.3704e+00	
 3.2986e+00	
 3.3436e+00	
 4.0931e+00	
 3.7732e+00	
 3.5568e+00	
 3.5413e+00	
 3.4201e+00	
 3.5483e+00	
 3.3244e+00	
 3.6362e+00	
 3.7394e+00	
 3.5195e+00	
 3.1607e+00	
 3.5923e+00	
 3.4706e+00	
 3.0817e+00	
 3.2885e+00	
 3.3852e+00	
 3.8533e+00	
 3.2107e+00	
 3.4110e+00	
 3.2259e+00	
 3.4241e+00	
 3.4600e+00	
 3.7464e+00	
 3.4002e+00	
 3.6295e+00	
 3.3754e+00	
 3.5336e+00	
 3.5373e+00	
 3.7467e+00	
 3.4078e+00	
 3.7642e+00	
 3.8047e+00	
 3.5025e+00	
 3.3005e+00	
 3.6839e+00	
 3.4640e+00	
 3.3078e+00	
 3.6834e+00	
 3.2322e+00	
 3.6366e+00	
 3.6051e+00	
 3.6742e+00	
 3.4533e+00	
 3.3522e+00	
 3.5603e+00	
 3.2666e+00	
 3.5875e+00	
 3.3754e+00	
 3.4543e+00	
 3.6238e+00	
 3.5911e+00	
 3.6410e+00	
 3.3893e+00	
 3.3472e+00	
 3.2464e+00	
 3.3766e+00	
 3.2772e+00	
 3.4091e+00	
 3.4201e+00	
 3.5597e+00	
 3.3845e+00	
 3.3958e+00	
 3.5855e+00	
 3.3863e+00	
 3.5280e+00	
 3.3965e+00	
 3.4998e+00	
 3.5209e+00	
 3.6685e+00	
 3.4137e+00	
 3.7950e+00	
 3.1546e+00	
 3.4692e+00	
 3.0208e+00	
 3.7905e+00	
 3.6952e+00	
 3.6373e+00	
 3.2184e+00	
 3.4711e+00	
 3.3598e+00	
 3.5352e+00	
 3.4977e+00	
 3.6818e+00	
 3.3552e+00	
 3.3766e+00	
 3.7683e+00	
 3.6149e+00	
 3.5548e+00	
 3.6450e+00	
 3.6192e+00	
 3.4581e+00	
 3.2288e+00	
 3.6736e+00	
 3.6440e+00	
 3.2876e+00	
 3.6698e+00	
 3.3804e+00	
 3.7919e+00	
 3.1800e+00	
 3.4242e+00	
 3.0279e+00	
 3.1598e+00	
 3.5196e+00	
 3.3042e+00	
 3.2848e+00	
 3.4715e+00	
 3.4249e+00	
 3.4948e+00	
 3.3833e+00	
 3.6083e+00	
 3.7751e+00	
 3.3463e+00	
 3.0822e+00	
 3.8823e+00	
 3.6764e+00	
 3.6290e+00	
 3.6877e+00	
 3.6222e+00	
 3.5391e+00	
 3.6573e+00	
 3.4591e+00	
 3.4315e+00	
 3.2221e+00	
 3.1364e+00	
 2.9540e+00	
 3.5330e+00	
 3.6623e+00	
 3.4252e+00	
 3.4468e+00	
 3.5169e+00	
 3.4095e+00	
 3.7641e+00	
 3.5785e+00	
 3.3761e+00	
 3.4553e+00	
 3.4840e+00	
 3.4619e+00	
 3.6487e+00	
 3.4917e+00	
 3.1889e+00	
 3.6769e+00	
 3.3397e+00	
 3.4931e+00	
 3.2997e+00	
 3.5580e+00	
 3.2104e+00	
 3.3005e+00	
 3.1019e+00	
 3.5908e+00	
 2.9710e+00	
 3.1561e+00	
 3.6741e+00	
 3.4032e+00	
 3.3623e+00	
 3.2220e+00	
 3.2982e+00	
 3.6129e+00	
 4.0696e+00	
 3.3504e+00	
 3.2845e+00	
 3.2882e+00	
 3.0980e+00	
 3.5632e+00	
 3.4803e+00	
 3.4458e+00	
 3.3563e+00	
 3.2500e+00	
 3.1013e+00	
 3.1676e+00	
 3.8389e+00	
 3.4113e+00	
 3.1989e+00	
 3.3565e+00	
 3.0713e+00	
 3.2978e+00	
 3.6659e+00	
 3.2905e+00	
 2.8836e+00	
 3.5360e+00	
 3.1170e+00	
 3.1585e+00	
 3.1037e+00	
 3.2060e+00	
 3.3351e+00	
 3.2135e+00	
 3.6181e+00	
 3.2806e+00	
 3.5488e+00	
 3.6368e+00	
 3.1888e+00	
 3.3433e+00	
 3.4239e+00	
 3.4358e+00	
 3.1470e+00	
 3.4904e+00	
 3.1867e+00	
 3.2261e+00	
 3.2605e+00	
 3.2381e+00	
 3.5890e+00	
 3.2649e+00	
 3.6651e+00	
 3.3278e+00	
 3.3101e+00	
 3.1315e+00	
 3.6299e+00	
 3.4375e+00	
 3.4830e+00	
 3.4266e+00	
 3.4524e+00	
 3.7273e+00	
 3.3339e+00	
 3.5476e+00	
 3.5040e+00	
 3.3783e+00	
 3.4179e+00	
 3.3694e+00	
 3.5777e+00	
 3.5336e+00	
 3.3254e+00	
 3.2642e+00	
 3.0827e+00	
 2.9368e+00	
 3.0060e+00	
 3.2719e+00	
 3.0422e+00	
 3.4600e+00	
 3.0984e+00	
 3.5363e+00	
 3.4863e+00	
 3.5457e+00	
 3.4571e+00	
 3.4899e+00	
 3.4222e+00	
 3.2662e+00	
 3.3029e+00	
 3.4980e+00	
 3.3809e+00	
 3.6042e+00	
 3.5175e+00	
 3.3896e+00	
 3.4544e+00	
 3.4978e+00	
 3.2757e+00	
 3.5631e+00	
 3.2855e+00	
 3.2207e+00	
 3.3237e+00	
 3.3082e+00	
 3.2808e+00	
 3.4508e+00	
 3.6839e+00	
 3.2357e+00	
 3.4019e+00	
 3.0789e+00	
 3.4135e+00	
 3.4654e+00	
 3.2284e+00	
 3.7939e+00	
 3.3449e+00	
 3.6558e+00	
 3.2502e+00	
 3.3674e+00	
 3.3220e+00	
 3.3516e+00	
 3.1191e+00	
 3.6701e+00	
 3.6974e+00	
 3.6103e+00	
 3.3672e+00	
 2.9642e+00	
 3.5041e+00	
 3.0714e+00	
 3.0518e+00	
 3.1556e+00	
 3.5120e+00	
 3.1875e+00	
 3.5982e+00	
 3.2709e+00	
 3.0335e+00	
 3.0831e+00	
 3.4108e+00	
 3.3538e+00	
 3.2201e+00	
 3.2511e+00	
 3.1335e+00	
 3.1075e+00	
 3.2685e+00	
 3.1115e+00	
 3.5435e+00	
 3.5053e+00	
 2.9988e+00	
 3.0790e+00	
 3.1654e+00	
 3.5177e+00	
 3.3388e+00	
 3.4528e+00	
 3.4475e+00	
 3.2396e+00	
 3.5637e+00	
 3.4688e+00	
 3.3471e+00	
 3.3939e+00	
 3.5299e+00	
 3.6246e+00	
 3.4154e+00	
 3.2951e+00	
 3.1477e+00	
 3.3364e+00	
 3.5354e+00	
 3.3946e+00	
 3.3346e+00	
 3.2655e+00	
 3.4634e+00	
 3.1707e+00	
 3.0874e+00	
 3.4277e+00	
 2.7012e+00	
 3.4293e+00	
 3.2654e+00	
 3.3620e+00	
 3.2011e+00	
 3.6396e+00	
 3.0150e+00	
 3.3133e+00	
 3.3751e+00	
 3.2167e+00	
 3.1951e+00	
 3.3966e+00	
 3.2190e+00	
 3.4193e+00	
 3.4491e+00	
 3.1041e+00	
 3.4102e+00	
 3.4930e+00	
 3.1477e+00	
 3.2832e+00	
 3.4260e+00	
 3.5532e+00	
 3.2563e+00	
 3.3852e+00	
 3.3044e+00	
 3.1681e+00	
 3.2628e+00	
 3.2256e+00	
 3.2392e+00	
 3.4099e+00	
 3.2166e+00	
 3.0734e+00	
 3.1226e+00	
 3.2889e+00	
 3.2448e+00	
 3.5431e+00	
 3.3006e+00	
 3.5610e+00	
 3.2993e+00	
 3.3875e+00	
 3.1938e+00	
 3.2987e+00	
 3.0941e+00	
 3.1171e+00	
 3.3549e+00	
 3.4281e+00	
 3.1978e+00	
 3.3159e+00	
 3.6646e+00	
 3.0626e+00	
 3.5497e+00	
 3.3011e+00	
 3.4644e+00	
 3.4786e+00	
 3.2005e+00	
 3.3192e+00	
 3.2878e+00	
 3.2101e+00	
 3.2234e+00	
 3.0558e+00	
 3.3667e+00	
 3.3855e+00	
 3.0371e+00	
 3.3516e+00	
 3.2720e+00	
 2.9214e+00	
 3.3060e+00	
 3.2345e+00	
 3.1418e+00	
 3.5257e+00	
 3.3434e+00	
 3.4938e+00	
 3.3572e+00	
 3.4795e+00	
 3.5663e+00	
 3.2901e+00	
 3.3527e+00	
 3.3505e+00	
 3.4862e+00	
 3.2482e+00	
 3.3214e+00	
 3.5329e+00	
 3.2250e+00	
 3.0775e+00	
 2.9967e+00	
 3.4669e+00	
 3.1689e+00	
 3.0253e+00	
 3.4159e+00	
 3.0678e+00	
 3.0033e+00	
 3.1212e+00	
 3.4967e+00	
 3.4031e+00	
 3.5859e+00	
 3.5954e+00	
 3.3966e+00	
 3.5304e+00	
 3.3181e+00	
 3.4539e+00	
 3.2259e+00	
 2.9138e+00	
 3.1535e+00	
 3.0263e+00	
 2.9828e+00	
 3.4774e+00	
 3.3244e+00	
 3.4082e+00	
 3.7029e+00	
 3.2912e+00	
 3.2811e+00	
 3.0967e+00	
 3.3474e+00	
 3.5798e+00	
 3.1262e+00	
 3.4035e+00	
 3.2379e+00	
 3.5100e+00	
 3.3088e+00	
 3.1347e+00	
 3.1142e+00	
 2.7577e+00	
 3.3497e+00	
 3.4413e+00	
 3.6651e+00	
 3.3754e+00	
 3.2671e+00	
 3.3884e+00	
 3.3006e+00	
 3.5804e+00	
 3.5402e+00	
 3.6265e+00	
 3.1499e+00	
 3.4920e+00	
 3.3989e+00	
 3.2449e+00	
 3.6190e+00	
 3.1586e+00	
 2.9931e+00	
 3.3815e+00	
 3.5088e+00	
 3.0627e+00	
 3.2561e+00	
 3.4263e+00	
 3.4692e+00	
 3.1232e+00	
 3.0415e+00	
 3.2200e+00	
 3.3878e+00	
 3.2078e+00	
 3.3535e+00	
 3.4287e+00	
 3.1230e+00	
 3.4835e+00	
 3.2083e+00	
 3.2074e+00	
 3.4277e+00	
 3.3924e+00	
 3.3983e+00	
 3.1550e+00	
 3.4744e+00	
 3.1642e+00	
 3.3167e+00	
 3.7955e+00	
 3.2381e+00	
 3.2501e+00	
 3.6309e+00	
 3.2363e+00	
 3.3440e+00	
 3.3966e+00	
 3.4288e+00	
 3.0221e+00	
 3.4962e+00	
 3.0671e+00	
 3.3753e+00	
 3.5874e+00	
 3.3489e+00	
 3.3917e+00	
 3.4661e+00	
 3.3960e+00	
 3.3035e+00	
 3.1596e+00	
 3.4402e+00	
 3.1641e+00	
 3.2150e+00	
 2.8527e+00	
 3.2506e+00	
 3.4546e+00	
 3.1973e+00	
 2.9356e+00	
 3.4099e+00	
 3.3295e+00	
 3.4662e+00	
 3.3348e+00	
 3.2592e+00	
 3.2815e+00	
 3.0661e+00	
 3.2559e+00	
 3.0453e+00	
 3.3310e+00	
 3.4341e+00	
 3.3872e+00	
 3.0692e+00	
 3.1524e+00	
 3.2510e+00	
 3.0638e+00	
 3.4011e+00	
 3.5900e+00	
 3.4440e+00	
 3.0323e+00	
 3.2428e+00	
 3.3806e+00	
 2.8140e+00	
 2.9717e+00	
 3.2758e+00	
 3.5251e+00	
 3.2434e+00	
 3.0656e+00	
 3.5242e+00	
 3.0951e+00	
 3.2181e+00	
 3.3345e+00	
 3.4815e+00	
 3.2278e+00	
 3.3168e+00	
 3.2028e+00	
 3.2618e+00	
 3.4648e+00	
 2.9148e+00	
 3.0631e+00	
 3.4578e+00	
 3.1050e+00	
 3.0807e+00	
 3.3276e+00	
 3.2541e+00	
 2.9684e+00	
 3.3148e+00	
 3.3972e+00	
 3.2384e+00	
 3.0985e+00	
 3.3762e+00	
 3.1683e+00	
 3.0396e+00	
 3.1163e+00	
 3.2872e+00	
 3.0461e+00	
 3.0349e+00	
 3.1820e+00	
 3.1168e+00	
 3.1061e+00	
 3.2226e+00	
 3.4318e+00	
 3.3345e+00	
 3.2117e+00	
 3.3147e+00	
 2.9168e+00	
 3.3659e+00	
 3.3594e+00	
 3.0719e+00	
 3.4570e+00	
 3.2398e+00	
 3.5079e+00	
 3.5316e+00	
 3.2181e+00	
 3.6921e+00	
 3.5912e+00	
 3.5513e+00	
 3.3087e+00	
 2.9059e+00	
 3.4128e+00	
 2.8982e+00	
 3.0056e+00	
 3.2863e+00	
 3.1696e+00	
 3.0798e+00	
 2.7780e+00	
 3.2831e+00	
 2.6788e+00	
 3.1998e+00	
 3.2048e+00	
 2.8488e+00	
 3.2517e+00	
 2.9825e+00	
 2.7072e+00	
 3.2290e+00	
 3.2107e+00	
 3.4444e+00	
 3.4268e+00	
 2.9514e+00	
 3.2331e+00	
 3.0254e+00	
 3.2262e+00	
 2.9173e+00	
 2.7555e+00	
 3.1250e+00	
 3.1683e+00	
 3.2039e+00	
 2.6851e+00	
 3.1898e+00	
 2.9918e+00	
 2.9112e+00	
 3.1085e+00	
 2.9524e+00	
 3.1977e+00	
 3.0546e+00	
 3.0263e+00	
 3.4112e+00	
 3.1605e+00	
 3.0123e+00	
 3.1096e+00	
 2.9544e+00	
 2.7689e+00	
 3.4547e+00	
 2.9505e+00	
 2.8049e+00	
 2.5674e+00	
 3.0838e+00	
 2.9574e+00	
 2.9785e+00	
 3.2708e+00	
 2.9264e+00	
 2.8984e+00	
 3.0061e+00	
 2.9317e+00	
 2.9298e+00	
 3.1522e+00	
 3.0371e+00	
 3.2414e+00	
 3.0531e+00	
 2.7810e+00	
 2.7078e+00	
 3.1356e+00	
 3.2020e+00	
 2.7383e+00	
 3.2993e+00	
 3.4086e+00	
 2.8274e+00	
 2.6185e+00	
 2.9703e+00	
 3.0021e+00	
 2.8960e+00	
 3.1443e+00	
 3.2180e+00	
 3.5412e+00	
 3.0139e+00	
 3.0146e+00	
 3.3311e+00	
 2.9959e+00	
 3.0099e+00	
 2.8789e+00	
 3.4785e+00	
 2.9812e+00	
 2.9928e+00	
 3.0168e+00	
 3.0461e+00	
 3.1313e+00	
 3.0667e+00	
 2.9459e+00	
 3.3598e+00	
 3.0935e+00	
 3.1815e+00	
 3.3314e+00	
 2.9263e+00	
 2.8532e+00	
 2.9461e+00	
 2.9310e+00	
 2.8951e+00	
 3.4183e+00	
 3.2437e+00	
 3.1837e+00	
 3.3829e+00	
 3.1496e+00	
 3.0304e+00	
 3.1272e+00	
 3.0001e+00	
 2.8975e+00	
 2.7580e+00	
 2.8946e+00	
 2.9869e+00	
 3.2856e+00	
 2.4655e+00	
 3.3024e+00	
 2.9009e+00	
 3.0730e+00	
 3.0891e+00	
 3.0983e+00	
 3.0234e+00	
 3.0396e+00	
 3.2041e+00	
 3.0631e+00	
 2.8881e+00	
 2.6586e+00	
 2.9754e+00	
 2.9699e+00	
 3.0528e+00	
 3.1859e+00	
 3.1334e+00	
 2.9424e+00	
 3.0511e+00	
 2.7409e+00	
 2.7775e+00	
 3.0378e+00	
 2.9070e+00	
 2.5978e+00	
 3.4099e+00	
 3.2898e+00	
 3.0673e+00	
 3.1298e+00	
 2.8077e+00	
 3.0547e+00	
 3.1022e+00	
 2.8111e+00	
 2.9075e+00	
 2.7909e+00	
 2.7693e+00	
 2.9790e+00	
 3.2266e+00	
 2.9003e+00	
 2.9107e+00	
 3.1992e+00	
 2.9165e+00	
 3.3155e+00	
 3.0164e+00	
 2.8577e+00	
 3.2399e+00	
 3.1890e+00	
 2.9934e+00	
 2.9410e+00	
 2.9560e+00	
 2.7641e+00	
 3.0450e+00	
 2.9933e+00	
 3.2445e+00	
 2.8221e+00	
 2.8190e+00	
 2.7167e+00	
 3.1958e+00	
 3.0813e+00	
 3.0644e+00	
 2.7392e+00	
 3.0910e+00	
 2.9064e+00	
 3.0272e+00	
 3.3146e+00	
 3.1779e+00	
 2.7880e+00	
 3.1298e+00	
 2.8281e+00	
 2.8218e+00	
 2.8316e+00	
 2.9496e+00	
 3.2308e+00	
 2.8741e+00	
 3.1445e+00	
 2.9611e+00	
 3.0486e+00	
 3.0319e+00	
 2.8912e+00	
 3.3009e+00	
 3.2124e+00	
 2.8106e+00	
 3.1560e+00	
 3.1537e+00	
 2.9608e+00	
 3.4423e+00	
 2.7525e+00	
 3.0124e+00	
 2.8684e+00	
 3.0940e+00	
 2.8173e+00	
 3.0489e+00	
 3.0543e+00	
 2.7943e+00	
 3.0364e+00	
 2.8813e+00	
 3.3059e+00	
 3.2867e+00	
 3.1900e+00	
 3.2386e+00	
 3.0089e+00	
 2.8194e+00	
 3.1578e+00	
 3.0922e+00	
 3.1450e+00	
 3.0433e+00	
 3.0814e+00	
 3.0566e+00	
 3.1925e+00	
 3.0164e+00	
 2.9043e+00	
 2.9165e+00	
 2.7840e+00	
 2.8066e+00	
 3.1970e+00	
 3.0737e+00	
 2.9246e+00	
 2.9298e+00	
 2.9599e+00	
 3.0515e+00	
 2.9521e+00	
 2.8593e+00	
 2.8241e+00	
 2.8133e+00	
 2.8231e+00	
 3.0923e+00	
 3.4573e+00	
 2.9221e+00	
 3.2319e+00	
 2.8219e+00	
 3.0439e+00	
 2.9257e+00	
 3.1632e+00	
 3.3012e+00	
 3.0689e+00	
 2.9565e+00	
 3.1490e+00	
 3.1996e+00	
 3.0256e+00	
 2.7190e+00	
 3.1746e+00	
 2.9490e+00	
 3.1799e+00	
 2.9986e+00	
 2.9315e+00	
 3.3321e+00	
 3.1770e+00	
 3.1231e+00	
 2.7972e+00	
 3.0794e+00	
 3.0836e+00	
 3.0122e+00	
 3.0605e+00	
 3.1425e+00	
 2.6980e+00	
 2.9641e+00	
 3.1157e+00	
 2.9154e+00	
 2.9593e+00	
 3.0215e+00	
 2.8042e+00	
 2.9924e+00	
 2.7181e+00	
 3.0418e+00	
 3.0681e+00	
 2.7860e+00	
 2.5884e+00	
 3.1455e+00	
 2.9817e+00	
 3.0028e+00	
 3.2114e+00	
 3.2873e+00	
 3.0777e+00	
 2.7864e+00	
 2.8124e+00	
 3.5425e+00	
 3.4368e+00	
 2.8577e+00	
 3.2696e+00	
 3.0423e+00	
 2.8841e+00	
 3.0175e+00	
 2.9937e+00	
 3.1412e+00	
 3.0470e+00	
 3.2282e+00	
 3.1314e+00	
 3.2177e+00	
 2.9122e+00	
 3.1665e+00	
 3.0344e+00	
 2.6863e+00	
 2.8643e+00	
 2.9729e+00	
 2.6750e+00	
 3.2840e+00	
 3.2375e+00	
 2.8812e+00	
 2.8640e+00	
 3.0816e+00	
 2.8466e+00	
 2.9320e+00	
 3.1485e+00	
 2.9775e+00	
 2.8524e+00	
 3.1591e+00	
 3.4181e+00	
 2.9127e+00	
 2.8886e+00	
 2.8726e+00	
 3.0380e+00	
 2.9928e+00	
 2.7480e+00	
 2.9260e+00	
 3.1058e+00	
 2.9530e+00	
 2.9841e+00	
 2.7404e+00	
 2.9330e+00	
 3.0300e+00	
 3.2261e+00	
 2.6690e+00	
 3.2753e+00	
 2.7816e+00	
 3.1471e+00	
 2.7912e+00	
 2.9727e+00	
 2.8015e+00	
 2.9920e+00	
 2.9274e+00	
 2.7244e+00	
 2.9321e+00	
 3.1983e+00	
 2.6790e+00	
 3.0596e+00	
 3.1617e+00	
 3.1715e+00	
 3.2850e+00	
 2.7333e+00	
 2.9818e+00	
 3.1772e+00	
 2.9713e+00	
 3.4121e+00	
 3.0469e+00	
 2.7542e+00	
 2.8862e+00	
 2.8978e+00	
 2.7303e+00	
 3.1302e+00	
 3.3583e+00	
 2.8915e+00	
 2.7855e+00	
 3.1375e+00	
 3.3268e+00	
 2.9090e+00	
 2.8662e+00	
 3.1641e+00	
 3.2568e+00	
 3.1132e+00	
 3.2370e+00	
 3.1407e+00	
 2.9056e+00	
 3.1856e+00	
 2.9872e+00	
 2.8082e+00	
 2.8831e+00	
 2.8753e+00	
 3.3020e+00	
 2.9315e+00	
 2.9177e+00	
 2.9366e+00	
 3.0167e+00	
 2.9244e+00	
 2.9726e+00	
 2.9693e+00	
 3.2482e+00	
 3.0974e+00	
 2.7438e+00	
 3.1459e+00	
 3.0625e+00	
 2.8467e+00	
 3.0584e+00	
 2.8137e+00	
 2.7782e+00	
 2.6647e+00	
 3.2019e+00	
 3.0044e+00	
 2.9118e+00	
 2.8552e+00	
 3.2141e+00	
 3.0500e+00	
 3.0608e+00	
 3.3713e+00	
 3.0005e+00	
 2.8870e+00	
 3.1566e+00	
 3.0301e+00	
 2.8754e+00	
 2.8643e+00	
 2.7562e+00	
 2.8223e+00	
 2.9822e+00	
 2.9272e+00	
 2.8267e+00	
 2.9987e+00	
 2.8976e+00	
 3.0584e+00	
 2.9983e+00	
 3.1069e+00	
 3.2470e+00	
 2.8363e+00	
 2.9872e+00	
 2.7300e+00	
 3.3444e+00	
 2.8462e+00	
 3.1516e+00	
 2.9556e+00	
 2.7012e+00	
 2.8286e+00	
 3.2098e+00	
 2.8128e+00	
 2.9651e+00	
 3.1017e+00	
 2.8382e+00	
 3.0034e+00	
 3.6044e+00	
 3.1328e+00	
 3.1170e+00	
 2.7218e+00	
 2.9469e+00	
 2.4785e+00	
 3.0978e+00	
 3.4003e+00	
 3.0946e+00	
 2.6809e+00	
 3.1297e+00	
 3.0257e+00	
 3.1336e+00	
 2.9143e+00	
 3.0513e+00	
 3.2758e+00	
 2.8570e+00	
 2.6907e+00	
 2.8257e+00	
 3.2677e+00	
 3.1108e+00	
 3.2731e+00	
 2.6853e+00	
 3.4379e+00	
 2.8201e+00	
 3.2914e+00	
 2.8496e+00	
 2.8878e+00	
 2.9621e+00	
 2.6054e+00	
 2.9058e+00	
 3.0044e+00	
 2.8428e+00	
 3.3217e+00	
 3.1739e+00	
 2.9837e+00	
 2.9668e+00	
 3.0542e+00	
 3.2625e+00	
 2.7132e+00	
 2.8532e+00	
 2.9769e+00	
 3.0940e+00	
 2.9355e+00	
 3.0787e+00	
 2.7905e+00	
 2.9977e+00	
 3.4424e+00	
 2.9698e+00	
 3.0072e+00	
 2.9771e+00	
 2.9830e+00	
 3.2088e+00	
 2.8979e+00	
 2.9685e+00	
 3.3922e+00	
 3.2449e+00	
 2.9536e+00	
 2.8337e+00	
 3.2367e+00	
 2.7663e+00	
 2.8435e+00	
 3.1508e+00	
 2.6201e+00	
 3.2306e+00	
 2.9743e+00	
 2.6848e+00	
 2.9685e+00	
 3.2430e+00	
 2.4706e+00	
 3.0363e+00	
 2.7660e+00	
 2.6875e+00	
 3.3661e+00	
 2.7729e+00	
 2.9073e+00	
 2.8676e+00	
 2.7796e+00	
 2.8046e+00	
 2.8704e+00	
 2.8724e+00	
 2.9717e+00	
 3.0256e+00	
 2.8720e+00	
 2.9998e+00	
 2.8698e+00	
 2.7667e+00	
 2.7740e+00	
 2.9116e+00	
 3.0898e+00	
 2.8314e+00	
 2.9493e+00	
 2.7781e+00	
 3.7909e+00	
 2.8537e+00	
 3.4162e+00	
 3.0423e+00	
 3.0271e+00	
 3.0520e+00	
 3.0775e+00	
 2.7718e+00	
 2.7138e+00	
 3.1677e+00	
 2.8171e+00	
 3.2208e+00	
 2.8064e+00	
 2.8756e+00	
 3.0960e+00	
 3.0647e+00	
 2.7857e+00	
 3.0057e+00	
 2.7293e+00	
 2.2806e+00	
 3.2270e+00	
 2.6374e+00	
 3.0942e+00	
 2.9036e+00	
 2.7254e+00	
 2.9335e+00	
 3.0827e+00	
 3.0604e+00	
 3.1023e+00	
 2.6804e+00	
 2.8593e+00	
 3.0650e+00	
 2.4093e+00	
 2.7195e+00	
 3.3389e+00	
 2.9883e+00	
 3.0570e+00	
 3.1422e+00	
 3.0026e+00	
 2.7543e+00	
 2.7251e+00	
 2.7392e+00	
 2.7926e+00	
 2.8959e+00	
 3.0881e+00	
 3.0879e+00	
 3.4620e+00	
 2.5772e+00	
 3.0032e+00	
 2.9375e+00	
 2.9511e+00	
 2.9333e+00	
 3.1216e+00	
 2.8605e+00	
 2.9094e+00	
 3.1971e+00	
 3.2201e+00	
 2.7877e+00	
 2.7992e+00	
 3.0345e+00	
 2.9639e+00	
 2.8281e+00	
 3.4886e+00	
 2.9799e+00	
 2.8406e+00	
 3.1159e+00	
 3.4745e+00	
 2.9343e+00	
 2.7820e+00	
 3.1172e+00	
 2.9676e+00	
 3.2602e+00	
 2.7628e+00	
 2.6436e+00	
 2.6311e+00	
 3.3034e+00	
 2.6693e+00	
 3.1198e+00	
 2.8325e+00	
 2.8957e+00	
 3.0990e+00	
 2.7963e+00	
 3.3856e+00	
 2.9196e+00	
 2.5358e+00	
 3.0498e+00	
 2.6207e+00	
 2.8415e+00	
 3.0702e+00	
 2.8934e+00	
 2.7820e+00	
 2.5746e+00	
 2.9133e+00	
 3.1829e+00	
 3.1588e+00	
 2.8539e+00	
 2.9546e+00	
 3.0197e+00	
 3.0728e+00	
 2.9400e+00	
 2.8568e+00	
 2.7081e+00	
 3.0051e+00	
 3.0252e+00	
 3.0199e+00	
 2.7360e+00	
 2.8389e+00	
 2.6455e+00	
 3.3466e+00	
 3.0903e+00	
 3.2648e+00	
 3.2720e+00	
 2.8576e+00	
 2.4856e+00	
 2.8910e+00	
 3.1550e+00	
 2.7348e+00	
 2.8935e+00	
 2.6460e+00	
 2.8717e+00	
 2.8698e+00	
 3.0712e+00	
 3.1883e+00	
 2.9120e+00	
 2.8254e+00	
 2.7749e+00	
 2.9106e+00	
 2.6396e+00	
 2.7220e+00	
 2.9264e+00	
 2.8628e+00	
 2.7710e+00	
 2.8976e+00	
 2.9292e+00	
 2.9534e+00	
 2.8171e+00	
 2.8830e+00	
 3.2855e+00	
 2.9018e+00	
 3.0348e+00	
 2.5846e+00	
 2.6918e+00	
 2.8060e+00	
 3.4812e+00	
 2.5947e+00	
 3.3665e+00	
 2.8920e+00	
 2.7549e+00	
 3.0506e+00	
 3.1032e+00	
 3.1793e+00	
 2.6349e+00	
 2.8919e+00	
 2.5741e+00	
 2.8319e+00	
 3.1169e+00	
 2.9906e+00	
 2.8667e+00	
 2.7306e+00	
 3.0443e+00	
 3.2880e+00	
 3.1335e+00	
 2.7704e+00	
 3.4553e+00	
 3.3668e+00	
 2.7769e+00	
 2.7219e+00	
 3.0010e+00	
 2.9112e+00	
 3.0953e+00	
 3.1685e+00	
 2.7253e+00	
 2.7840e+00	
 3.2390e+00	
 2.7054e+00	
 3.0860e+00	
 2.9375e+00	
 3.0456e+00	
 2.7556e+00	
 2.9381e+00	
 3.1188e+00	
 3.1322e+00	
 2.6736e+00	
 3.1142e+00	
 2.6026e+00	
 2.7074e+00	
 3.0874e+00	
 3.1605e+00	
 3.1040e+00	
 3.2861e+00	
 3.2148e+00	
 2.8879e+00	
 3.1753e+00	
 2.5855e+00	
 3.2755e+00	
 2.9846e+00	
 2.7324e+00	
 3.0731e+00	
 3.1551e+00	
 2.5846e+00	
 3.1782e+00	
 2.9913e+00	
 2.7758e+00	
 2.9600e+00	
 2.9883e+00	
 3.1780e+00	
 2.9341e+00	
 2.7217e+00	
 3.4376e+00	
 3.2354e+00	
 2.9054e+00	
 3.0925e+00	
 3.1976e+00	
 2.6222e+00	
 2.7624e+00	
 2.7614e+00	
 3.2259e+00	
 2.7618e+00	
 2.9722e+00	
 3.1959e+00	
 2.9517e+00	
 2.9393e+00	
 3.1786e+00	
 2.8503e+00	
 2.6095e+00	
 2.9472e+00	
 2.8583e+00	
 2.8862e+00	
 2.8502e+00	
 2.7548e+00	
 3.0826e+00	
 2.7736e+00	
 3.0530e+00	
 2.5967e+00	
 2.5050e+00	
 2.6684e+00	
 3.2393e+00	
 2.7979e+00	
 2.8756e+00	
 2.6842e+00	
 3.0669e+00	
 2.5443e+00	
 3.2630e+00	
 3.2097e+00	
 2.7953e+00	
 3.1776e+00	
 2.9879e+00	
 3.2134e+00	
 2.9529e+00	
 2.8679e+00	
 2.8249e+00	
 3.2878e+00	
 2.9591e+00	
 2.9496e+00	
 3.1617e+00	
 2.8464e+00	
 3.0615e+00	
 2.6093e+00	
 2.7649e+00	
 2.8267e+00	
 2.3423e+00	
 3.3155e+00	
 3.0684e+00	
 2.6119e+00	
 2.9338e+00	
 2.8492e+00	
 2.8095e+00	
 3.2395e+00	
 2.9210e+00	
 2.9561e+00	
 2.9373e+00	
 2.8820e+00	
 3.2843e+00	
 2.8528e+00	
 2.8560e+00	
 2.8580e+00	
 3.0339e+00	
 3.0657e+00	
 2.9438e+00	
 3.1555e+00	
 3.1104e+00	
 2.8192e+00	
 3.0923e+00	
 2.7033e+00	
 2.7504e+00	
 3.1524e+00	
 2.6547e+00	
 2.8531e+00	
 2.7209e+00	
 2.6544e+00	
 2.9689e+00	
 3.1486e+00	
 2.7771e+00	
 2.5831e+00	
 2.9369e+00	
 2.9011e+00	
 2.9002e+00	
 2.9610e+00	
 2.7914e+00	
 3.1921e+00	
 3.1553e+00	
 3.2710e+00	
 2.9224e+00	
 3.0219e+00	
 2.9228e+00	
 3.0803e+00	
 3.0924e+00	
 2.7121e+00	
 3.2641e+00	
 3.1013e+00	
 3.0851e+00	
 2.9552e+00	
 2.5947e+00	
 2.8987e+00	
 3.4978e+00	
 2.6594e+00	
 2.9829e+00	
 3.1865e+00	
 2.8562e+00	
 2.7764e+00	
 2.9324e+00	
 2.7950e+00	
 3.0615e+00	
 2.8720e+00	
 2.9286e+00	
 2.9583e+00	
 2.8242e+00	
 3.1372e+00	
 2.9492e+00	
 2.5846e+00	
 3.2658e+00	
 2.7703e+00	
 3.0720e+00	
 2.9405e+00	
 3.1203e+00	
 2.8286e+00	
 3.1423e+00	
 3.1478e+00	
 2.7210e+00	
 3.0391e+00	
 2.4438e+00	
 2.9071e+00	
 3.0372e+00	
 3.0369e+00	
 3.1644e+00	
 2.9846e+00	
 3.1921e+00	
 3.0172e+00	
 2.4793e+00	
 2.9069e+00	
 3.3215e+00	
 3.1243e+00	
 2.8630e+00	
 3.4794e+00	
 2.6938e+00	
 2.9878e+00	
 2.8818e+00	
 2.8459e+00	
 3.1487e+00	
 3.0820e+00	
 2.3805e+00	
 3.0862e+00	
 2.7638e+00	
 3.1592e+00	
 2.4874e+00	
 2.6464e+00	
 3.2817e+00	
 2.7027e+00	
 2.5070e+00	
 2.6822e+00	
 2.6630e+00	
 3.2051e+00	
 2.9132e+00	
 3.2183e+00	
 2.8866e+00	
 2.8800e+00	
 2.8866e+00	
 3.0671e+00	
 3.0431e+00	
 2.8327e+00	
 3.0759e+00	
 3.4636e+00	
 3.1969e+00	
 2.9598e+00	
 2.8483e+00	
 2.7741e+00	
 3.2149e+00	
 3.0226e+00	
 2.9032e+00	
 3.3472e+00	
 3.3926e+00	
 2.6393e+00	
 2.6718e+00	
 2.8899e+00	
 2.9787e+00	
 3.0305e+00	
 3.0394e+00	
 2.8463e+00	
 2.7881e+00	
 2.7865e+00	
 2.8480e+00	
 3.1651e+00	
 3.1260e+00	
 3.1888e+00	
 2.8942e+00	
 3.0846e+00	
 2.8622e+00	
 2.8725e+00	
 2.6797e+00	
 3.1036e+00	
 3.1611e+00	
 2.8481e+00	
 3.0687e+00	
 3.0443e+00	
 2.8390e+00	
 2.6459e+00	
 2.8730e+00	
 2.8320e+00	
 3.1126e+00	
 2.4581e+00	
 3.1696e+00	
 3.0611e+00	
 3.1163e+00	
 2.9412e+00	
 2.7889e+00	
 3.2996e+00	
 2.8062e+00	
 2.9278e+00	
 3.2443e+00	
 3.0202e+00	
 2.9692e+00	
 2.8895e+00	
 3.3250e+00	
 2.7730e+00	
 3.0228e+00	
 2.7909e+00	
 2.9797e+00	
 2.9604e+00	
 3.3353e+00	
 3.1657e+00	
 3.0242e+00	
 3.1387e+00	
 2.6598e+00	
 2.9302e+00	
 2.9569e+00	
 3.3464e+00	
 3.0626e+00	
 2.7227e+00	
 3.1425e+00	
 2.7783e+00	
 3.0364e+00	
 2.6306e+00	
 2.9157e+00	
 2.6566e+00	
 3.2405e+00	
 2.4200e+00	
 3.0809e+00	
 2.5689e+00	
 2.7676e+00	
 2.8215e+00	
 2.7395e+00	
 2.3597e+00	
 3.0187e+00	
 3.2062e+00	
 2.8549e+00	
 3.3503e+00	
 2.6427e+00	
 2.9440e+00	
 3.1550e+00	
 2.7561e+00	
 3.0690e+00	
 2.6703e+00	
 2.9407e+00	
 2.8482e+00	
 2.8688e+00	
 2.5712e+00	
 2.3478e+00	
 2.9351e+00	
 2.8744e+00	
 2.9348e+00	
 2.8059e+00	
 3.1413e+00	
 3.0755e+00	
 3.0543e+00	
 3.1487e+00	
 2.6006e+00	
 2.9723e+00	
 2.9292e+00	
 2.5198e+00	
 3.3654e+00	
 2.8140e+00	
 2.7673e+00	
 3.0396e+00	
 2.6983e+00	
 2.6415e+00	
 3.1129e+00	
 2.8868e+00	
 2.6326e+00	
 3.3596e+00	
 2.6683e+00	
 2.7875e+00	
 2.5486e+00	
 3.0042e+00	
 2.8826e+00	
 2.7323e+00	
 2.6232e+00	
 2.5716e+00	
 3.2442e+00	
 2.7478e+00	
 2.9332e+00	
 3.0608e+00	
 2.5833e+00	
 3.0132e+00	
 2.8882e+00	
 3.4507e+00	
 3.0620e+00	
 2.7046e+00	
 2.5558e+00	
 2.6530e+00	
 2.5582e+00	
 2.6518e+00	
 2.6851e+00	
 2.7683e+00	
 2.9375e+00	
 3.2493e+00	
 2.8485e+00	
 2.9079e+00	
 2.6978e+00	
 2.9867e+00	
 2.9460e+00	
 2.9754e+00	
 2.9142e+00	
 3.0326e+00	
 2.7265e+00	
 2.7105e+00	
 3.1502e+00	
 2.7688e+00	
 2.8004e+00	
 2.8571e+00	
 3.2431e+00	
 2.8377e+00	
 2.5310e+00	
 2.4947e+00	
 3.0687e+00	
 2.6418e+00	
 2.7468e+00	
 3.0053e+00	
 3.0653e+00	
 3.1669e+00	
 2.6381e+00	
 2.9151e+00	
 2.9174e+00	
 2.7100e+00	
 2.8581e+00	
 2.8129e+00	
 2.8758e+00	
 2.8257e+00	
 3.1970e+00	
 2.8352e+00	
 2.8877e+00	
 3.0401e+00	
 2.7026e+00	
 3.3011e+00	
 2.9790e+00	
 3.0156e+00	
 2.6718e+00	
 3.2071e+00	
 3.0724e+00	
 2.5175e+00	
 3.0406e+00	
 2.7506e+00	
 3.1571e+00	
 3.1110e+00	
 2.8632e+00	
 2.8441e+00	
 2.7098e+00	
 2.8668e+00	
 2.7181e+00	
 2.9762e+00	
 2.9868e+00	
 3.0280e+00	
 2.8981e+00	
 3.1519e+00	
 2.8903e+00	
 2.6526e+00	
 2.8691e+00	
 2.8169e+00	
 3.1829e+00	
 2.6995e+00	
 3.0745e+00	
 2.9465e+00	
 2.6285e+00	
 3.0276e+00	
 2.7588e+00	
 3.0994e+00	
 3.2255e+00	
 2.9510e+00	
 3.2111e+00	
 3.3569e+00	
 2.7502e+00	
 2.9919e+00	
 2.4446e+00	
 2.8077e+00	
 2.7948e+00	
 2.8561e+00	
 2.8128e+00	
 3.0100e+00	
 2.6665e+00	
 2.7010e+00	
 3.0251e+00	
 2.8276e+00	
 3.0909e+00	
 2.7468e+00	
 2.6158e+00	
 2.7949e+00	
 2.6833e+00	
 2.4343e+00	
 3.1660e+00	
 2.5523e+00	
 2.7111e+00	
 3.2296e+00	
 2.5410e+00	
 2.4741e+00	
 2.7390e+00	
 2.6846e+00	
 2.5873e+00	
 2.7221e+00	
 2.6418e+00	
 3.2347e+00	
 2.9568e+00	
 2.8275e+00	
 2.6999e+00	
 2.9594e+00	
 3.1241e+00	
 3.3088e+00	
 2.4158e+00	
 2.6524e+00	
 2.6234e+00	
 2.5771e+00	
 2.9035e+00	
 2.4737e+00	
 2.9298e+00	
 2.8482e+00	
 2.9338e+00	
 2.7563e+00	
 3.2106e+00	
 2.4860e+00	
 2.9068e+00	
 3.5304e+00	
 2.9099e+00	
 2.8803e+00	
 3.3426e+00	
 2.9140e+00	
 2.9863e+00	
 2.9681e+00	
 2.9659e+00	
 2.9603e+00	
 3.1373e+00	
 2.7436e+00	
 2.8297e+00	
 3.1679e+00	
 2.8978e+00	
 3.0740e+00	
 2.5389e+00	
 2.5115e+00	
 2.7766e+00	
 3.1025e+00	
 3.0505e+00	
 2.8701e+00	
 3.6107e+00	
 2.4250e+00	
 3.0416e+00	
 2.5411e+00	
 2.8736e+00	
 2.8808e+00	
 3.2936e+00	
 2.9528e+00	
 3.2445e+00	
 2.7200e+00	
 2.7130e+00	
 2.4220e+00	
 3.1174e+00	
 2.5864e+00	
 2.2346e+00	
 2.1386e+00	
 2.9084e+00	
 2.7164e+00	
 2.2686e+00	
 2.4714e+00	
 2.7364e+00	
 2.5761e+00	
 2.8060e+00	
 2.6563e+00	
 2.5292e+00	
 2.3543e+00	
 2.3760e+00	
 2.6345e+00	
 2.6360e+00	
 2.3755e+00	
 2.6864e+00	
 2.5613e+00	
 2.6419e+00	
 2.6152e+00	
 2.7522e+00	
 2.7685e+00	
 2.6453e+00	
 2.3518e+00	
 2.8792e+00	
 2.7042e+00	
 2.8520e+00	
 2.5869e+00	
 2.7892e+00	
 2.5880e+00	
 2.6188e+00	
 2.6856e+00	
 2.5805e+00	
 2.5101e+00	
 2.6054e+00	
 2.9073e+00	
 2.6480e+00	
 2.4870e+00	
 2.9395e+00	
 2.8475e+00	
 2.7805e+00	
 2.4099e+00	
 2.4835e+00	
 2.4464e+00	
 2.5123e+00	
 2.5631e+00	
 2.3809e+00	
 2.4469e+00	
 2.4789e+00	
 2.8578e+00	
 2.5499e+00	
 2.5521e+00	
 2.6575e+00	
 2.3552e+00	
 2.0858e+00	
 2.5079e+00	
 2.7185e+00	
 2.4761e+00	
 2.7516e+00	
 2.7890e+00	
 2.4757e+00	
 2.5544e+00	
 2.3290e+00	
 2.6828e+00	
 2.3507e+00	
 2.7860e+00	
 2.4691e+00	
 2.3107e+00	
 2.7623e+00	
 2.7312e+00	
 2.3949e+00	
 2.5954e+00	
 2.3219e+00	
 2.5273e+00	
 2.8600e+00	
 2.5737e+00	
 2.6942e+00	
 2.6256e+00	
 2.9251e+00	
 2.8520e+00	
 2.5540e+00	
 2.1970e+00	
 2.6418e+00	
 2.6029e+00	
 2.4933e+00	
 2.4357e+00	
 2.3583e+00	
 2.6590e+00	
 2.5090e+00	
 2.5178e+00	
 2.4002e+00	
 2.5189e+00	
 2.7417e+00	
 2.7099e+00	
 2.6645e+00	
 2.4716e+00	
 2.0518e+00	
 2.8102e+00	
 2.7109e+00	
 2.4390e+00	
 2.6870e+00	
 2.2644e+00	
 2.5818e+00	
 2.4152e+00	
 2.1867e+00	
 2.7602e+00	
 2.7394e+00	
 2.8111e+00	
 2.9338e+00	
 2.3776e+00	
 2.4398e+00	
 2.5200e+00	
 2.3760e+00	
 2.5078e+00	
 2.8723e+00	
 2.7333e+00	
 2.6554e+00	
 2.5137e+00	
 2.8377e+00	
 2.7695e+00	
 2.5099e+00	
 2.7486e+00	
 2.6953e+00	
 2.6208e+00	
 2.7234e+00	
 2.8269e+00	
 2.6045e+00	
 2.1831e+00	
 2.6863e+00	
 2.7566e+00	
 2.4645e+00	
 2.5169e+00	
 2.7425e+00	
 2.2578e+00	
 2.7438e+00	
 2.3371e+00	
 2.6947e+00	
 3.0267e+00	
 2.3353e+00	
 2.5676e+00	
 2.4994e+00	
 2.7191e+00	
 2.7089e+00	
 2.9178e+00	
 2.3603e+00	
 2.5445e+00	
 2.3504e+00	
 2.3560e+00	
 2.6064e+00	
 2.6918e+00	
 2.2027e+00	
 2.8005e+00	
 2.7469e+00	
 2.4015e+00	
 3.0308e+00	
 2.9163e+00	
 2.3153e+00	
 3.0178e+00	
 2.6253e+00	
 2.7467e+00	
 2.7742e+00	
 2.6961e+00	
 2.5900e+00	
 2.4541e+00	
 3.1164e+00	
 2.8746e+00	
 2.2428e+00	
 2.4509e+00	
 2.5544e+00	
 2.4249e+00	
 2.5133e+00	
 2.6508e+00	
 2.3799e+00	
 2.2623e+00	
 2.6811e+00	
 2.7873e+00	
 2.4251e+00	
 2.8599e+00	
 2.7422e+00	
 2.7895e+00	
 2.4418e+00	
 2.6042e+00	
 2.6836e+00	
 2.8429e+00	
 2.9541e+00	
 2.7312e+00	
 3.1863e+00	
 2.1149e+00	
 2.4452e+00	
 2.7655e+00	
 2.7342e+00	
 2.7723e+00	
 2.4611e+00	
 2.5944e+00	
 3.0236e+00	
 2.4424e+00	
 2.6704e+00	
 2.4694e+00	
 2.9257e+00	
 2.9502e+00	
 2.6370e+00	
 2.4795e+00	
 2.7405e+00	
 2.5806e+00	
 2.8220e+00	
 2.9307e+00	
 2.9019e+00	
 2.4638e+00	
 3.1498e+00	
 2.8524e+00	
 2.6520e+00	
 2.5889e+00	
 2.5208e+00	
 2.9298e+00	
 2.4264e+00	
 2.8958e+00	
 2.7970e+00	
 2.6341e+00	
 2.5927e+00	
 2.3832e+00	
 2.4404e+00	
 2.5323e+00	
 2.5935e+00	
 2.6633e+00	
 2.9803e+00	
 2.7254e+00	
 2.6549e+00	
 2.5636e+00	
 2.7810e+00	
 2.6383e+00	
 2.5657e+00	
 2.5532e+00	
 2.6270e+00	
 2.3379e+00	
 2.7529e+00	
 2.3195e+00	
 2.6366e+00	
 2.6116e+00	
 2.7247e+00	
 2.6017e+00	
 2.6978e+00	
 2.6855e+00	
 2.4787e+00	
 2.3568e+00	
 2.7625e+00	
 2.8787e+00	
 2.2444e+00	
 2.9229e+00	
 2.7773e+00	
 3.1037e+00	
 2.3220e+00	
 2.6417e+00	
 2.5852e+00	
 2.7663e+00	
 2.3442e+00	
 2.7374e+00	
 2.5651e+00	
 3.0261e+00	
 2.6883e+00	
 2.0694e+00	
 2.4756e+00	
 2.6743e+00	
 2.7401e+00	
 2.4843e+00	
 2.7692e+00	
 2.1556e+00	
 2.8123e+00	
 2.2217e+00	
 2.4960e+00	
 2.3140e+00	
 2.4700e+00	
 3.2486e+00	
 2.4334e+00	
 2.4766e+00	
 2.2168e+00	
 2.3881e+00	
 2.3961e+00	
 2.8635e+00	
 2.9851e+00	
 2.5152e+00	
 2.6322e+00	
 2.9435e+00	
 2.5878e+00	
 2.6751e+00	
 2.9969e+00	
 2.4499e+00	
 2.5150e+00	
 2.6303e+00	
 2.5668e+00	
 2.9041e+00	
 2.9425e+00	
 2.3567e+00	
 2.5496e+00	
 2.4088e+00	
 2.5038e+00	
 2.6819e+00	
 2.6258e+00	
 2.5332e+00	
 2.7260e+00	
 2.2560e+00	
 2.3307e+00	
 2.5365e+00	
 2.8516e+00	
 2.9746e+00	
 2.8823e+00	
 2.1914e+00	
 2.6428e+00	
 2.6332e+00	
 2.4789e+00	
 2.7559e+00	
 2.8574e+00	
 2.9976e+00	
 2.4351e+00	
 2.8829e+00	
 2.5046e+00	
 2.4310e+00	
 2.6938e+00	
 2.5943e+00	
 2.5521e+00	
 2.4536e+00	
 2.4296e+00	
 2.4616e+00	
 2.4381e+00	
 2.7773e+00	
 2.6420e+00	
 3.0544e+00	
 2.6262e+00	
 2.8718e+00	
 2.3993e+00	
 2.7351e+00	
 2.5408e+00	
 2.7924e+00	
 2.7447e+00	
 2.5766e+00	
 2.6564e+00	
 2.9638e+00	
 2.6069e+00	
 2.5875e+00	
 2.5385e+00	
 2.5407e+00	
 2.8419e+00	
 2.8278e+00	
 2.6039e+00	
 2.6331e+00	
 2.7999e+00	
 2.5658e+00	
 2.8694e+00	
 2.0489e+00	
 2.3980e+00	
 2.7768e+00	
 2.3209e+00	
 2.4573e+00	
 2.9296e+00	
 2.6210e+00	
 2.6128e+00	
 2.7936e+00	
 2.8479e+00	
 2.5211e+00	
 2.3980e+00	
 2.5912e+00	
 3.1359e+00	
 2.1670e+00	
 2.7239e+00	
 2.7432e+00	
 2.6508e+00	
 2.6192e+00	
 2.6104e+00	
 2.6896e+00	
 2.8594e+00	
 3.0560e+00	
 2.6503e+00	
 2.6210e+00	
 2.5604e+00	
 2.9515e+00	
 2.4036e+00	
 2.4750e+00	
 2.6005e+00	
 2.7235e+00	
 2.2188e+00	
 2.4497e+00	
 2.4217e+00	
 2.7384e+00	
 2.3385e+00	
 2.6537e+00	
 2.7995e+00	
 2.5393e+00	
 2.5742e+00	
 2.5100e+00	
 2.1815e+00	
 2.4227e+00	
 2.8760e+00	
 2.4727e+00	
 2.5923e+00	
 2.2251e+00	
 2.7858e+00	
 2.4143e+00	
 3.0257e+00	
 2.2045e+00	
 2.3361e+00	
 2.7708e+00	
 2.4506e+00	
 2.6472e+00	
 2.6991e+00	
 3.0418e+00	
 2.7493e+00	
 2.5542e+00	
 2.8399e+00	
 2.5237e+00	
 2.5587e+00	
 2.1445e+00	
 2.7632e+00	
 2.4152e+00	
 2.3914e+00	
 2.6781e+00	
 2.6882e+00	
 2.8418e+00	
 2.7557e+00	
 2.4565e+00	
 2.5929e+00	
 2.9370e+00	
 2.6576e+00	
 2.8941e+00	
 2.4213e+00	
 2.4405e+00	
 2.4638e+00	
 2.6371e+00	
 2.5999e+00	
 2.4918e+00	
 2.9750e+00	
 2.5820e+00	
 2.9738e+00	
 2.6722e+00	
 2.4478e+00	
 2.6705e+00	
 2.7639e+00	
 2.7116e+00	
 2.4997e+00	
 2.6104e+00	
 2.7948e+00	
 2.6867e+00	
 2.5396e+00	
 2.7559e+00	
 2.8376e+00	
 2.5142e+00	
 2.2356e+00	
 2.8972e+00	
 2.5778e+00	
 2.7648e+00	
 2.7613e+00	
 2.8284e+00	
 2.7271e+00	
 2.6800e+00	
 2.6818e+00	
 2.3447e+00	
 2.4997e+00	
 2.5698e+00	
 2.6828e+00	
 2.8911e+00	
 2.6650e+00	
 2.7840e+00	
 2.5238e+00	
 2.5581e+00	
 2.6338e+00	
 2.4819e+00	
 2.6307e+00	
 2.7878e+00	
 2.6104e+00	
 2.9740e+00	
 2.1705e+00	
 2.8950e+00	
 2.8915e+00	
 3.1052e+00	
 2.7325e+00	
 2.8922e+00	
 2.2509e+00	
 2.7201e+00	
 2.4543e+00	
 2.6213e+00	
 2.3162e+00	
 2.4778e+00	
 2.7988e+00	
 3.1081e+00	
 2.4889e+00	
 2.3865e+00	
 2.5445e+00	
 2.8676e+00	
 2.7530e+00	
 2.7230e+00	
 2.8139e+00	
 2.9971e+00	
 2.6199e+00	
 3.1042e+00	
 2.6128e+00	
 2.6484e+00	
 2.3325e+00	
 2.8094e+00	
 3.0339e+00	
 2.3828e+00	
 2.6077e+00	
 2.2517e+00	
 2.6731e+00	
 2.6537e+00	
 2.6239e+00	
 2.6219e+00	
 2.8796e+00	
 2.4633e+00	
 2.7557e+00	
 2.0636e+00	
 2.4430e+00	
 2.6739e+00	
 2.9600e+00	
 2.7934e+00	
 2.5663e+00	
 2.4374e+00	
 2.8488e+00	
 2.8689e+00	
 2.5926e+00	
 2.6503e+00	
 2.4683e+00	
 2.4433e+00	
 2.8776e+00	
 2.5201e+00	
 2.8760e+00	
 2.3271e+00	
 2.7294e+00	
 2.9452e+00	
 3.0933e+00	
 2.9035e+00	
 2.5336e+00	
 2.3670e+00	
 2.6052e+00	
 2.5524e+00	
 2.8213e+00	
 2.7304e+00	
 2.2798e+00	
 2.7637e+00	
 2.7974e+00	
 2.3948e+00	
 2.6386e+00	
 2.8503e+00	
 2.7411e+00	
 2.3549e+00	
 2.7446e+00	
 2.7610e+00	
 2.5938e+00	
 2.3434e+00	
 2.7715e+00	
 2.4857e+00	
 2.8462e+00	
 3.0015e+00	
 2.5428e+00	
 2.8625e+00	
 2.2969e+00	
 2.4130e+00	
 2.9980e+00	
 2.3709e+00	
 2.4988e+00	
 2.4097e+00	
 2.4649e+00	
 2.9617e+00	
 2.5051e+00	
 2.1880e+00	
 2.8287e+00	
 2.6981e+00	
 2.7052e+00	
 3.0105e+00	
 2.8708e+00	
 2.5047e+00	
 2.5380e+00	
 2.7275e+00	
 2.5957e+00	
 2.6795e+00	
 2.6188e+00	
 2.7277e+00	
 2.7623e+00	
 2.8862e+00	
 2.8050e+00	
 3.0333e+00	
 2.8715e+00	
 2.7597e+00	
 2.3000e+00	
 2.8759e+00	
 2.8096e+00	
 2.3753e+00	
 2.9929e+00	
 2.9111e+00	
 2.5013e+00	
 2.7710e+00	
 2.7712e+00	
 2.3150e+00	
 2.7893e+00	
 2.4675e+00	
 2.4181e+00	
 2.6620e+00	
 2.1419e+00	
 2.8442e+00	
 2.5915e+00	
 2.6765e+00	
 2.7316e+00	
 2.6412e+00	
 2.5303e+00	
 2.7533e+00	
 2.6821e+00	
 2.4140e+00	
 2.3614e+00	
 3.1952e+00	
 2.5628e+00	
 2.6664e+00	
 2.1935e+00	
 2.2700e+00	
 2.5527e+00	
 2.5203e+00	
 2.7145e+00	
 2.6019e+00	
 2.7014e+00	
 2.8427e+00	
 2.8571e+00	
 2.7048e+00	
 2.6280e+00	
 2.8633e+00	
 2.7430e+00	
 2.4711e+00	
 2.7298e+00	
 2.9016e+00	
 2.7297e+00	
 2.5314e+00	
 2.2702e+00	
 2.3349e+00	
 2.3943e+00	
 3.2426e+00	
 2.8001e+00	
 2.5399e+00	
 2.5539e+00	
 2.5929e+00	
 2.8490e+00	
 2.8760e+00	
 2.5468e+00	
 2.5919e+00	
 2.5828e+00	
 3.1335e+00	
 2.8220e+00	
 2.5255e+00	
 2.7407e+00	
 2.6102e+00	
 2.5963e+00	
 2.5196e+00	
 2.6594e+00	
 2.6438e+00	
 2.6962e+00	
 2.7988e+00	
 2.1636e+00	
 2.6707e+00	
 2.9409e+00	
 2.4421e+00	
 2.8427e+00	
 2.2361e+00	
 2.3156e+00	
 2.7014e+00	
 2.9434e+00	
 2.6656e+00	
 2.6546e+00	
 2.5532e+00	
 2.3464e+00	
 2.5222e+00	
 2.3389e+00	
 2.5689e+00	
 2.6142e+00	
 2.3363e+00	
 2.8148e+00	
 2.6672e+00	
 2.5405e+00	
 2.8177e+00	
 2.5610e+00	
 2.4922e+00	
 2.4749e+00	
 2.8076e+00	
 2.3936e+00	
 2.5265e+00	
 2.5097e+00	
 2.4709e+00	
 2.9626e+00	
 2.8231e+00	
 2.5567e+00	
 2.4205e+00	
 2.4123e+00	
 2.6203e+00	
 2.5183e+00	
 2.4731e+00	
 2.2276e+00	
 2.4533e+00	
 2.6490e+00	
 2.4005e+00	
 2.5338e+00	
 2.2682e+00	
 2.4862e+00	
 2.4081e+00	
 2.9605e+00	
 2.6185e+00	
 2.6669e+00	
 2.1702e+00	
 2.6727e+00	
 2.6474e+00	
 2.4619e+00	
 2.3873e+00	
 2.5973e+00	
 2.7242e+00	
 2.5913e+00	
 2.4335e+00	
 2.6921e+00	
 2.6340e+00	
 2.8029e+00	
 2.5177e+00	
 2.6150e+00	
 2.8126e+00	
 2.5220e+00	
 2.4049e+00	
 2.5971e+00	
 2.4797e+00	
 2.8971e+00	
 2.8662e+00	
 2.3950e+00	
 2.3674e+00	
 2.5859e+00	
 2.6206e+00	
 2.4337e+00	
 2.7974e+00	
 2.6938e+00	
 2.7344e+00	
 2.4059e+00	
 2.5830e+00	
 2.8611e+00	
 2.9078e+00	
 2.9111e+00	
 2.5183e+00	
 2.3480e+00	
 2.3856e+00	
 3.1864e+00	
 2.7245e+00	
 2.2792e+00	
 2.6438e+00	
 2.7007e+00	
 2.4799e+00	
 2.8592e+00	
 2.6014e+00	
 2.6943e+00	
 2.7508e+00	
 2.7481e+00	
 2.9541e+00	
 2.3677e+00	
 2.6133e+00	
 2.7717e+00	
 2.7871e+00	
 2.8616e+00	
 2.8352e+00	
 2.8685e+00	
 2.9219e+00	
 2.9490e+00	
 2.5122e+00	
 2.6723e+00	
 2.5029e+00	
 2.7904e+00	
 2.6269e+00	
 2.5616e+00	
 2.9681e+00	
 2.7115e+00	
 2.6288e+00	
 2.7936e+00	
 3.1008e+00	
 2.8874e+00	
 2.5684e+00	
 2.5260e+00	
 2.4850e+00	
 2.5556e+00	
 2.4406e+00	
 2.8211e+00	
 2.6934e+00	
 2.2301e+00	
 2.6202e+00	
 2.5654e+00	
 2.1428e+00	
 2.6862e+00	
 2.7283e+00	
 2.5509e+00	
 2.7179e+00	
 2.4126e+00	
 2.8003e+00	
 2.6258e+00	
 2.4827e+00	
 2.6351e+00	
 2.7855e+00	
 2.3187e+00	
 2.7901e+00	
 2.6663e+00	
 2.5094e+00	
 2.5686e+00	
 2.3961e+00	
 3.2369e+00	
 2.7935e+00	
 2.6544e+00	
 2.5732e+00	
 3.0386e+00	
 2.5427e+00	
 2.1274e+00	
 2.5331e+00	
 2.4122e+00	
 2.5874e+00	
 2.1773e+00	
 2.8611e+00	
 2.4242e+00	
 3.2264e+00	
 2.4429e+00	
 3.0512e+00	
 2.5964e+00	
 2.5857e+00	
 2.4870e+00	
 2.4502e+00	
 2.9554e+00	
 3.1168e+00	
 2.5709e+00	
 2.4683e+00	
 2.4009e+00	
 2.7763e+00	
 2.8562e+00	
 2.2974e+00	
 2.5980e+00	
 2.6694e+00	
 3.1679e+00	
 2.5176e+00	
 2.4941e+00	
 2.4369e+00	
 2.3788e+00	
 2.9249e+00	
 2.7193e+00	
 2.4778e+00	
 2.2291e+00	
 2.7924e+00	
 2.4142e+00	
 2.6377e+00	
 2.5552e+00	
 2.4904e+00	
 2.4491e+00	
 2.9553e+00	
 2.4167e+00	
 2.8594e+00	
 2.7113e+00	
 2.5407e+00	
 2.5293e+00	
 3.1509e+00	
 2.5946e+00	
 2.5021e+00	
 2.7428e+00	
 2.8315e+00	
 2.9136e+00	
 2.7800e+00	
 2.7612e+00	
 2.6833e+00	
 2.5847e+00	
 2.4659e+00	
 2.3240e+00	
 2.4516e+00	
 2.6860e+00	
 2.6481e+00	
 2.8214e+00	
 2.6199e+00	
 2.6080e+00	
 2.2304e+00	
 2.7417e+00	
 2.6300e+00	
 2.6104e+00	
 2.5403e+00	
 2.7675e+00	
 2.5813e+00	
 2.8108e+00	
 2.5764e+00	
 2.8948e+00	
 2.4507e+00	
 2.4843e+00	
 2.6647e+00	
 2.7921e+00	
 2.6361e+00	
 2.4404e+00	
 2.9896e+00	
 2.4961e+00	
 2.6534e+00	
 2.9568e+00	
 2.6963e+00	
 2.5833e+00	
 2.6411e+00	
 2.6653e+00	
 2.5833e+00	
 2.4804e+00	
 2.8579e+00	
 2.9392e+00	
 2.6889e+00	
 2.7516e+00	
 2.3445e+00	
 2.7861e+00	
 2.5942e+00	
 2.6606e+00	
 2.7462e+00	
 2.2776e+00	
 2.6921e+00	
 2.7283e+00	
 2.5763e+00	
 2.4090e+00	
 2.3076e+00	
 2.7076e+00	
 2.7466e+00	
 2.6060e+00	
 2.6671e+00	
 2.6443e+00	
 2.5570e+00	
 2.2973e+00	
 2.6000e+00	
 2.7906e+00	
 2.6612e+00	
 2.7250e+00	
 2.7343e+00	
 2.1671e+00	
 2.6934e+00	
 2.5550e+00	
 2.6438e+00	
 2.6091e+00	
 2.3623e+00	
 2.3999e+00	
 2.7626e+00	
 2.9038e+00	
 2.5754e+00	
 2.4945e+00	
 2.4362e+00	
 2.6234e+00	
 2.5825e+00	
 2.7704e+00	
 2.5753e+00	
 2.9504e+00	
 2.9794e+00	
 2.4587e+00	
 2.8041e+00	
 2.7347e+00	
 2.9819e+00	
 2.6269e+00	
 2.9722e+00	
 2.9234e+00	
 2.6380e+00	
 2.7401e+00	
 2.5456e+00	
 3.0460e+00	
 2.5122e+00	
 2.4654e+00	
 2.2403e+00	
 2.6095e+00	
 2.5185e+00	
 2.8955e+00	
 2.5337e+00	
 2.5898e+00	
 2.5969e+00	
 2.6714e+00	
 2.3109e+00	
 2.7803e+00	
 2.3529e+00	
 2.7207e+00	
 2.3621e+00	
 3.1168e+00	
 2.7911e+00	
 2.5620e+00	
 2.6657e+00	
 2.7468e+00	
 2.5338e+00	
 2.7203e+00	
 2.3269e+00	
 2.5309e+00	
 2.6408e+00	
 2.6504e+00	
 2.3077e+00	
 2.7013e+00	
 2.9062e+00	
 3.2094e+00	
 2.8444e+00	
 2.5781e+00	
 2.4448e+00	
 2.9391e+00	
 2.7935e+00	
 2.6447e+00	
 2.5436e+00	
 2.7968e+00	
 2.6529e+00	
 2.5204e+00	
 2.9383e+00	
 2.9850e+00	
 2.8892e+00	
 2.9323e+00	
 2.7928e+00	
 2.9086e+00	
 2.6878e+00	
 2.5094e+00	
 2.8634e+00	
 2.8729e+00	
 2.7073e+00	
 2.9071e+00	
 2.2771e+00	
 2.5778e+00	
 3.0059e+00	
 3.0925e+00	
 2.5261e+00	
 2.3863e+00	
 2.8189e+00	
 2.5350e+00	
 2.6856e+00	
 2.7840e+00	
 2.5313e+00	
 2.5127e+00	
 2.7784e+00	
 2.6284e+00	
 2.4258e+00	
 2.7788e+00	
 2.6365e+00	
 2.5265e+00	
 3.0814e+00	
 2.9027e+00	
 2.4932e+00	
 2.7246e+00	
 2.2998e+00	
 2.8079e+00	
 2.3909e+00	
 2.5578e+00	
 2.8186e+00	
 2.4800e+00	
 2.6914e+00	
 2.6170e+00	
 2.9585e+00	
 2.6600e+00	
 2.7752e+00	
 2.5523e+00	
 2.2704e+00	
 2.5501e+00	
 2.5803e+00	
 2.4121e+00	
 2.7124e+00	
 2.3817e+00	
 2.4617e+00	
 2.7718e+00	
 2.5135e+00	
 2.6888e+00	
 3.0992e+00	
 3.0770e+00	
 2.6906e+00	
 2.5989e+00	
 2.5188e+00	
 3.1264e+00	
 3.0255e+00	
 3.0695e+00	
 2.7136e+00	
 2.5468e+00	
 2.6958e+00	
 2.4715e+00	
 2.9237e+00	
 2.3856e+00	
 2.7412e+00	
 3.0876e+00	
 2.8985e+00	
 2.7742e+00	
 2.6783e+00	
 2.9937e+00	
 2.5322e+00	
 2.4558e+00	
 2.8520e+00	
 2.2343e+00	
 2.6582e+00	
 2.7811e+00	
 2.6654e+00	
 2.2252e+00	
 2.6074e+00	
 2.5035e+00	
 2.8587e+00	
 2.4174e+00	
 2.5777e+00	
 2.7485e+00	
 2.3449e+00	
 2.6922e+00	
 2.6189e+00	
 2.9556e+00	
 2.7734e+00	
 2.9397e+00	
 2.7976e+00	
 2.6886e+00	
 2.9430e+00	
 2.8091e+00	
 2.8668e+00	
 2.9572e+00	
 2.8783e+00	
 2.8880e+00	
 2.4585e+00	
 2.5103e+00	
 2.8618e+00	
 2.5822e+00	
 2.4910e+00	
 2.8457e+00	
 2.7186e+00	
 2.8587e+00	
 2.2614e+00	
 2.0983e+00	
 2.8756e+00	
 2.3236e+00	
 3.0793e+00	
 3.0569e+00	
 2.7980e+00	
 2.5458e+00	
 2.3486e+00	
 2.7319e+00	
 2.8453e+00	
 2.5280e+00	
 2.1236e+00	
 2.9923e+00	
 2.9149e+00	
 2.7224e+00	
 3.0520e+00	
 1.7849e+00	
 2.7001e+00	
 2.5424e+00	
 2.6037e+00	
 2.5273e+00	
 2.6240e+00	
 2.5813e+00	
 2.2972e+00	
 2.2420e+00	
 2.7155e+00	
 2.9543e+00	
 2.6023e+00	
 2.9597e+00	
 2.4578e+00	
 2.4880e+00	
 2.4189e+00	
 2.9362e+00	
 2.3260e+00	
 2.8469e+00	
 2.5123e+00	
 2.8671e+00	
 2.2636e+00	
 2.6130e+00	
 2.5522e+00	
 2.6347e+00	
 2.1906e+00	
 2.6817e+00	
 2.7121e+00	
 2.6069e+00	
 2.2230e+00	
 2.6487e+00	
 2.6415e+00	
 2.3614e+00	
 2.7226e+00	
 2.8405e+00	
 2.5472e+00	
 2.2679e+00	
 2.2884e+00	
 2.2165e+00	
 2.5527e+00	
 2.5335e+00	
 2.7907e+00	
 2.0792e+00	
 2.7057e+00	
 2.5235e+00	
 3.0636e+00	
 2.7650e+00	
 2.7356e+00	
 2.4084e+00	
 2.3770e+00	
 2.9122e+00	
 2.5473e+00	
 2.4056e+00	
 3.0582e+00	
 2.6656e+00	
 2.3442e+00	
 2.6335e+00	
 2.8092e+00	
 3.0836e+00	
 2.2022e+00	
 2.7368e+00	
 2.4959e+00	
 2.7275e+00	
 2.5692e+00	
 2.5752e+00	
 2.6963e+00	
 2.7129e+00	
 2.7131e+00	
 3.1381e+00	
 2.5355e+00	
 2.5847e+00	
 2.9481e+00	
 2.7886e+00	
 2.3619e+00	
 2.4722e+00	
 2.3208e+00	
 2.2573e+00	
 2.1425e+00	
 2.8652e+00	
 2.7742e+00	
 2.7595e+00	
 2.6756e+00	
 2.3118e+00	
 2.5358e+00	
 2.5144e+00	
 2.2172e+00	
 2.3114e+00	
 1.9472e+00	
 2.4760e+00	
 2.3212e+00	
 2.6461e+00	
 2.5029e+00	
 1.9438e+00	
 1.8513e+00	
 2.2160e+00	
 1.8459e+00	
 1.9581e+00	
 2.2916e+00	
 2.5620e+00	
 2.3392e+00	
 2.3075e+00	
 2.2012e+00	
 1.8895e+00	
 2.5409e+00	
 1.9444e+00	
 1.8504e+00	
 2.3769e+00	
 2.6328e+00	
 2.2985e+00	
 2.3822e+00	
 2.2038e+00	
 2.2293e+00	
 1.8738e+00	
 2.2541e+00	
 2.6074e+00	
 2.2963e+00	
 2.4206e+00	
 1.9514e+00	
 2.8055e+00	
 2.2096e+00	
 2.4694e+00	
 1.9769e+00	
 2.4340e+00	
 2.6676e+00	
 2.0727e+00	
 2.4363e+00	
 2.0453e+00	
 2.2204e+00	
 2.5712e+00	
 2.1937e+00	
 2.3177e+00	
 2.4794e+00	
 2.5079e+00	
 2.2598e+00	
 2.2498e+00	
 2.4787e+00	
 2.1466e+00	
 2.6023e+00	
 2.3520e+00	
 2.0543e+00	
 1.9395e+00	
 1.8767e+00	
 2.5444e+00	
 2.4360e+00	
 2.4195e+00	
 2.0361e+00	
 2.4078e+00	
 2.6003e+00	
 2.1151e+00	
 2.0751e+00	
 2.3267e+00	
 2.4116e+00	
 2.4416e+00	
 2.2713e+00	
 2.6310e+00	
 2.4850e+00	
 2.3955e+00	
 2.8134e+00	
 2.3057e+00	
 2.2345e+00	
 2.4519e+00	
 2.4541e+00	
 2.1969e+00	
 2.4636e+00	
 1.9528e+00	
 2.1887e+00	
 2.0776e+00	
 2.2552e+00	
 1.9407e+00	
 2.2596e+00	
 2.4343e+00	
 2.1411e+00	
 2.3397e+00	
 2.2525e+00	
 2.4531e+00	
 2.1974e+00	
 2.0156e+00	
 2.2652e+00	
 2.3759e+00	
 2.4077e+00	
 2.1466e+00	
 2.1714e+00	
 2.7557e+00	
 2.2139e+00	
 2.3465e+00	
 2.4831e+00	
 2.5317e+00	
 2.5546e+00	
 2.3002e+00	
 2.2368e+00	
 2.2700e+00	
 2.4069e+00	
 2.2491e+00	
 1.9593e+00	
 2.1440e+00	
 2.2657e+00	
 2.5415e+00	
 2.7407e+00	
 2.2418e+00	
 2.4595e+00	
 2.1874e+00	
 2.1900e+00	
 2.5123e+00	
 2.3873e+00	
 2.4790e+00	
 2.2581e+00	
 2.3947e+00	
 2.5697e+00	
 2.8803e+00	
 2.5479e+00	
 2.4638e+00	
 2.6893e+00	
 2.2201e+00	
 2.2220e+00	
 2.1600e+00	
 2.0928e+00	
 2.4550e+00	
 2.0812e+00	
 2.4337e+00	
 2.3109e+00	
 2.3976e+00	
 2.1437e+00	
 2.1218e+00	
 2.2530e+00	
 1.9317e+00	
 2.0394e+00	
 2.3186e+00	
 2.0751e+00	
 2.1986e+00	
 2.0443e+00	
 2.3052e+00	
 2.2529e+00	
 2.3738e+00	
 2.0745e+00	
 1.8822e+00	
 2.3442e+00	
 2.1397e+00	
 2.2827e+00	
 2.5008e+00	
 2.6664e+00	
 2.6629e+00	
 2.1771e+00	
 2.0139e+00	
 2.7466e+00	
 2.2906e+00	
 2.5303e+00	
 2.5435e+00	
 1.9280e+00	
 2.6718e+00	
 2.2354e+00	
 2.4067e+00	
 2.2683e+00	
 2.3627e+00	
 2.4865e+00	
 2.1708e+00	
 2.5890e+00	
 2.5509e+00	
 2.1575e+00	
 2.4061e+00	
 2.7483e+00	
 2.2467e+00	
 2.4292e+00	
 2.3548e+00	
 2.2944e+00	
 2.6687e+00	
 2.1224e+00	
 2.1446e+00	
 2.3170e+00	
 2.3500e+00	
 2.5673e+00	
 2.2992e+00	
 2.3502e+00	
 2.1714e+00	
 2.6014e+00	
 2.3240e+00	
 2.7502e+00	
 2.1621e+00	
 2.1957e+00	
 2.3831e+00	
 2.2148e+00	
 2.3822e+00	
 2.2587e+00	
 2.3243e+00	
 2.4244e+00	
 2.4689e+00	
 2.3653e+00	
 2.4065e+00	
 2.3277e+00	
 2.3321e+00	
 2.5092e+00	
 1.9984e+00	
 2.1777e+00	
 2.4429e+00	
 2.3626e+00	
 2.1223e+00	
 2.2385e+00	
 2.2755e+00	
 1.8590e+00	
 2.7252e+00	
 2.7625e+00	
 2.1647e+00	
 2.4186e+00	
 2.0581e+00	
 2.2026e+00	
 2.1005e+00	
 2.0233e+00	
 2.1042e+00	
 2.5087e+00	
 2.4865e+00	
 2.4439e+00	
 2.1976e+00	
 2.3726e+00	
 2.1850e+00	
 2.4529e+00	
 2.4915e+00	
 2.3242e+00	
 2.3954e+00	
 2.0522e+00	
 2.4029e+00	
 2.5510e+00	
 2.1986e+00	
 2.4936e+00	
 2.3563e+00	
 2.3420e+00	
 2.3618e+00	
 1.9539e+00	
 2.1890e+00	
 2.0404e+00	
 1.9416e+00	
 2.3461e+00	
 2.1234e+00	
 2.2355e+00	
 2.5386e+00	
 2.5733e+00	
 2.1001e+00	
 2.6370e+00	
 2.7831e+00	
 2.2521e+00	
 2.6069e+00	
 2.6939e+00	
 2.5484e+00	
 2.3483e+00	
 2.5161e+00	
 2.5567e+00	
 2.4847e+00	
 2.1099e+00	
 2.5624e+00	
 2.3377e+00	
 2.2795e+00	
 2.3837e+00	
 2.4570e+00	
 2.4407e+00	
 2.2563e+00	
 2.2672e+00	
 2.1207e+00	
 2.3175e+00	
 2.3904e+00	
 2.3205e+00	
 2.4202e+00	
 2.4630e+00	
 2.8638e+00	
 2.3068e+00	
 2.0101e+00	
 1.9303e+00	
 1.7744e+00	
 2.2601e+00	
 2.4754e+00	
 2.2150e+00	
 2.3965e+00	
 2.0542e+00	
 2.1188e+00	
 2.3327e+00	
 2.2621e+00	
 2.0610e+00	
 2.1760e+00	
 2.4796e+00	
 2.1109e+00	
 2.4268e+00	
 2.8856e+00	
 2.2050e+00	
 2.3038e+00	
 2.2120e+00	
 2.4804e+00	
 2.3154e+00	
 2.2047e+00	
 2.1557e+00	
 2.1230e+00	
 2.7174e+00	
 2.3354e+00	
 2.4605e+00	
 2.2605e+00	
 2.3689e+00	
 2.3172e+00	
 2.3044e+00	
 2.4303e+00	
 2.0679e+00	
 1.8578e+00	
 2.4594e+00	
 2.6636e+00	
 2.3111e+00	
 2.1912e+00	
 2.3524e+00	
 2.3110e+00	
 2.5906e+00	
 1.9098e+00	
 2.0758e+00	
 2.5362e+00	
 2.2076e+00	
 2.2518e+00	
 2.4862e+00	
 2.3407e+00	
 2.1804e+00	
 2.6845e+00	
 2.3496e+00	
 2.2336e+00	
 2.4055e+00	
 1.6795e+00	
 2.3080e+00	
 2.1717e+00	
 2.4603e+00	
 2.5341e+00	
 2.2989e+00	
 2.4530e+00	
 1.9370e+00	
 2.5488e+00	
 2.7059e+00	
 2.4283e+00	
 2.3453e+00	
 2.3645e+00	
 2.6161e+00	
 2.1349e+00	
 2.6123e+00	
 2.2603e+00	
 2.2299e+00	
 1.7995e+00	
 2.2993e+00	
 2.2049e+00	
 2.2436e+00	
 2.4182e+00	
 2.0786e+00	
 1.9518e+00	
 2.1726e+00	
 2.3938e+00	
 2.3249e+00	
 2.0812e+00	
 2.1924e+00	
 2.4137e+00	
 2.1968e+00	
 2.1345e+00	
 2.3348e+00	
 2.3890e+00	
 2.4304e+00	
 2.1232e+00	
 2.2428e+00	
 2.3746e+00	
 2.5143e+00	
 2.5005e+00	
 2.8104e+00	
 2.4742e+00	
 2.1081e+00	
 2.1401e+00	
 2.1163e+00	
 2.3976e+00	
 2.8286e+00	
 2.3001e+00	
 2.6930e+00	
 2.6275e+00	
 2.2719e+00	
 2.2610e+00	
 2.2288e+00	
 2.5418e+00	
 2.0575e+00	
 2.1252e+00	
 2.4306e+00	
 1.8244e+00	
 2.2219e+00	
 2.6149e+00	
 1.8938e+00	
 2.7150e+00	
 2.2091e+00	
 2.2713e+00	
 2.4475e+00	
 2.2891e+00	
 2.4204e+00	
 2.7114e+00	
 2.4960e+00	
 2.7076e+00	
 2.4689e+00	
 2.4396e+00	
 2.6651e+00	
 2.2700e+00	
 2.3402e+00	
 2.7124e+00	
 2.3667e+00	
 2.3166e+00	
 2.2743e+00	
 2.1953e+00	
 2.3836e+00	
 2.2851e+00	
 2.0188e+00	
 2.4114e+00	
 2.7994e+00	
 2.6613e+00	
 2.7941e+00	
 2.8707e+00	
 2.2957e+00	
 2.5684e+00	
 2.2805e+00	
 1.9966e+00	
 2.4417e+00	
 2.4506e+00	
 2.4118e+00	
 2.3018e+00	
 1.9702e+00	
 2.2398e+00	
 2.4977e+00	
 1.5983e+00	
 2.1582e+00	
 2.0890e+00	
 2.6351e+00	
 2.4566e+00	
 2.4708e+00	
 2.4181e+00	
 1.9550e+00	
 2.2723e+00	
 2.6555e+00	
 2.5907e+00	
 2.3812e+00	
 2.7076e+00	
 2.4677e+00	
 2.0633e+00	
 2.2376e+00	
 2.3891e+00	
 3.0185e+00	
 2.6883e+00	
 2.3208e+00	
 2.2388e+00	
 2.4566e+00	
 2.1871e+00	
 2.6404e+00	
 2.0461e+00	
 2.2142e+00	
 2.2443e+00	
 1.9365e+00	
 2.1938e+00	
 2.4274e+00	
 2.7372e+00	
 2.2732e+00	
 2.3237e+00	
 2.3305e+00	
 2.3688e+00	
 2.5455e+00	
 2.0931e+00	
 2.5725e+00	
 2.2117e+00	
 2.0994e+00	
 2.4115e+00	
 2.5247e+00	
 2.4649e+00	
 2.4201e+00	
 2.0868e+00	
 2.2907e+00	
 1.9780e+00	
 2.2326e+00	
 2.3114e+00	
 2.6046e+00	
 2.2557e+00	
 2.4626e+00	
 2.3535e+00	
 2.3769e+00	
 2.6498e+00	
 2.6326e+00	
 2.1934e+00	
 2.7107e+00	
 2.4516e+00	
 2.1630e+00	
 2.5274e+00	
 2.2481e+00	
 2.2003e+00	
 2.2813e+00	
 2.1083e+00	
 2.1708e+00	
 2.6024e+00	
 2.3512e+00	
 2.9757e+00	
 2.2514e+00	
 2.2884e+00	
 2.1817e+00	
 2.1453e+00	
 1.9691e+00	
 2.4483e+00	
 2.1224e+00	
 2.9079e+00	
 2.4532e+00	
 2.0495e+00	
 2.3562e+00	
 2.1602e+00	
 2.1253e+00	
 2.4479e+00	
 2.1165e+00	
 2.2607e+00	
 2.0746e+00	
 2.3344e+00	
 2.3627e+00	
 2.6828e+00	
 2.9215e+00	
 2.1863e+00	
 2.4749e+00	
 2.3753e+00	
 2.3351e+00	
 2.1772e+00	
 2.2319e+00	
 2.1619e+00	
 2.3709e+00	
 2.1247e+00	
 2.7514e+00	
 1.9620e+00	
 2.3316e+00	
 2.3484e+00	
 2.5185e+00	
 2.3706e+00	
 2.2748e+00	
 2.5018e+00	
 2.3565e+00	
 2.5445e+00	
 2.0401e+00	
 2.4176e+00	
 2.5447e+00	
 2.1325e+00	
 2.1874e+00	
 2.3653e+00	
 2.3416e+00	
 2.4753e+00	
 2.2608e+00	
 2.3293e+00	
 2.3394e+00	
 2.2611e+00	
 2.3704e+00	
 2.3226e+00	
 2.4587e+00	
 2.4174e+00	
 2.2268e+00	
 2.1421e+00	
 2.6423e+00	
 2.5724e+00	
 2.3376e+00	
 2.3595e+00	
 2.2934e+00	
 2.0759e+00	
 2.3347e+00	
 2.3997e+00	
 2.5084e+00	
 2.4854e+00	
 2.4881e+00	
 2.5598e+00	
 2.3001e+00	
 2.5323e+00	
 2.3791e+00	
 2.5727e+00	
 2.2766e+00	
 2.6086e+00	
 2.4992e+00	
 2.2557e+00	
 2.3696e+00	
 2.0152e+00	
 2.2974e+00	
 2.1486e+00	
 2.4292e+00	
 2.3305e+00	
 2.5380e+00	
 2.6676e+00	
 2.6275e+00	
 2.1587e+00	
 2.4433e+00	
 2.3983e+00	
 1.8969e+00	
 2.5378e+00	
 2.2892e+00	
 2.3405e+00	
 2.1906e+00	
 2.1016e+00	
 1.6680e+00	
 2.4470e+00	
 2.3678e+00	
 2.4247e+00	
 2.2675e+00	
 2.1129e+00	
 2.3500e+00	
 2.4163e+00	
 2.3347e+00	
 2.5560e+00	
 2.2616e+00	
 2.1553e+00	
 1.9472e+00	
 2.2681e+00	
 2.6388e+00	
 2.0847e+00	
 2.5465e+00	
 2.5821e+00	
 2.6375e+00	
 2.3365e+00	
 2.5881e+00	
 2.2587e+00	
 2.3273e+00	
 2.3020e+00	
 2.4318e+00	
 2.5562e+00	
 2.3013e+00	
 2.6751e+00	
 2.2193e+00	
 1.9978e+00	
 2.7252e+00	
 2.3489e+00	
 2.3872e+00	
 2.7499e+00	
 2.5184e+00	
 2.7754e+00	
 2.4785e+00	
 2.4865e+00	
 2.3825e+00	
 2.0658e+00	
 2.2549e+00	
 2.1184e+00	
 2.0258e+00	
 2.4399e+00	
 2.2295e+00	
 2.2559e+00	
 2.6655e+00	
 2.5768e+00	
 2.1980e+00	
 2.7360e+00	
 2.3237e+00	
 2.1648e+00	
 1.9763e+00	
 2.5200e+00	
 2.3680e+00	
 2.5015e+00	
 2.5668e+00	
 2.2044e+00	
 2.1026e+00	
 2.5747e+00	
 1.9812e+00	
 2.5845e+00	
 2.4934e+00	
 2.0732e+00	
 2.1087e+00	
 2.3884e+00	
 2.3237e+00	
 2.2487e+00	
 2.3741e+00	
 2.7972e+00	
 2.8203e+00	
 2.6395e+00	
 2.3791e+00	
 2.1164e+00	
 2.2588e+00	
 2.1897e+00	
 2.3641e+00	
 2.7228e+00	
 2.2771e+00	
 2.4380e+00	
 2.5335e+00	
 2.6252e+00	
 2.0798e+00	
 2.3063e+00	
 2.4954e+00	
 2.2861e+00	
 2.6445e+00	
 2.3105e+00	
 2.3114e+00	
 2.4302e+00	
 1.9828e+00	
 2.1886e+00	
 2.4738e+00	
 1.6176e+00	
 2.2953e+00	
 2.4564e+00	
 2.8949e+00	
 2.3790e+00	
 2.2123e+00	
 2.5479e+00	
 2.4678e+00	
 2.3744e+00	
 2.4066e+00	
 2.4493e+00	
 2.7809e+00	
 2.0804e+00	
 2.1831e+00	
 2.4218e+00	
 2.6928e+00	
 2.2466e+00	
 2.2887e+00	
 2.7692e+00	
 2.4301e+00	
 2.5215e+00	
 2.3671e+00	
 2.6305e+00	
 2.5757e+00	
 2.1669e+00	
 2.6778e+00	
 2.2535e+00	
 2.1517e+00	
 2.4178e+00	
 2.5235e+00	
 2.2684e+00	
 2.4875e+00	
 2.3594e+00	
 2.7513e+00	
 2.6613e+00	
 2.5028e+00	
 2.6450e+00	
 2.1539e+00	
 2.0284e+00	
 2.2024e+00	
 2.2693e+00	
 2.5882e+00	
 2.5635e+00	
 2.2704e+00	
 2.7246e+00	
 3.0897e+00	
 2.6543e+00	
 2.8164e+00	
 2.7545e+00	
 2.2785e+00	
 2.3750e+00	
 2.3709e+00	
 2.2070e+00	
 2.1574e+00	
 2.3719e+00	
 2.4133e+00	
 2.3339e+00	
 2.2102e+00	
 2.2444e+00	
 2.2892e+00	
 2.7170e+00	
 2.3498e+00	
 2.2290e+00	
 2.6621e+00	
 2.6587e+00	
 2.8149e+00	
 2.1547e+00	
 2.4598e+00	
 2.4346e+00	
 2.6622e+00	
 2.1303e+00	
 2.2419e+00	
 2.5589e+00	
 2.4912e+00	
 2.5552e+00	
 2.5831e+00	
 2.8027e+00	
 2.3463e+00	
 2.8599e+00	
 1.9536e+00	
 2.4020e+00	
 2.8973e+00	
 2.2747e+00	
 2.7625e+00	
 2.1137e+00	
 2.4105e+00	
 2.3549e+00	
 2.7065e+00	
 2.3734e+00	
 2.2846e+00	
 2.3198e+00	
 2.0940e+00	
 2.3815e+00	
 2.2026e+00	
 2.6721e+00	
 2.1008e+00	
 2.7211e+00	
 2.2816e+00	
 2.2610e+00	
 2.6655e+00	
 2.4626e+00	
 2.1428e+00	
 2.2339e+00	
 2.4873e+00	
 2.6627e+00	
 2.3360e+00	
 2.8538e+00	
 2.6786e+00	
 2.6020e+00	
 2.4816e+00	
 2.1598e+00	
 2.7488e+00	
 2.5676e+00	
 1.9816e+00	
 2.5354e+00	
 2.5149e+00	
 2.3819e+00	
 2.4779e+00	
 2.3695e+00	
 2.5074e+00	
 2.3251e+00	
 2.0725e+00	
 2.2481e+00	
 2.5522e+00	
 2.4234e+00	
 2.4388e+00	
 2.4755e+00	
 2.6009e+00	
 2.5252e+00	
 2.1421e+00	
 2.5218e+00	
 2.4426e+00	
 2.4877e+00	
 2.3724e+00	
 2.4036e+00	
 2.5905e+00	
 2.4966e+00	
 2.4798e+00	
 2.1768e+00	
 2.4565e+00	
 2.0148e+00	
 2.2684e+00	
 2.4853e+00	
 2.0603e+00	
 2.0152e+00	
 2.6054e+00	
 2.4126e+00	
 2.6080e+00	
 2.5027e+00	
 2.4559e+00	
 2.1936e+00	
 2.5725e+00	
 2.1945e+00	
 2.5986e+00	
 2.3186e+00	
 2.3985e+00	
 2.3422e+00	
 2.4173e+00	
 2.2794e+00	
 2.2654e+00	
 2.4160e+00	
 2.2395e+00	
 2.5397e+00	
 2.4196e+00	
 2.5518e+00	
 2.3802e+00	
 2.5174e+00	
 2.4115e+00	
 2.7356e+00	
 2.3740e+00	
 2.5262e+00	
 2.3539e+00	
 2.8006e+00	
 3.0730e+00	
 2.2367e+00	
 2.3694e+00	
 2.1803e+00	
 2.4181e+00	
 2.6203e+00	
 2.3219e+00	
 2.4615e+00	
 2.3027e+00	
 2.6767e+00	
 2.3458e+00	
 2.4522e+00	
 2.2700e+00	
 2.5646e+00	
 2.4224e+00	
 2.5916e+00	
 2.1809e+00	
 1.9603e+00	
 2.4737e+00	
 1.9983e+00	
 2.8385e+00	
 2.7217e+00	
 2.3624e+00	
 2.4090e+00	
 2.5659e+00	
 2.6505e+00	
 2.0793e+00	
 2.1202e+00	
 2.8357e+00	
 2.5706e+00	
 2.0243e+00	
 2.4409e+00	
 2.1737e+00	
 2.3991e+00	
 2.0364e+00	
 2.9554e+00	
 2.5817e+00	
 2.5120e+00	
 2.0371e+00	
 2.1038e+00	
 2.1573e+00	
 2.2572e+00	
 2.4145e+00	
 2.6311e+00	
 2.3040e+00	
 2.3657e+00	
 2.6835e+00	
 2.4498e+00	
 2.6458e+00	
 2.3563e+00	
 2.5050e+00	
 2.2046e+00	
 2.3289e+00	
 2.8154e+00	
 2.3203e+00	
 2.4095e+00	
 2.2249e+00	
 2.5432e+00	
 2.4450e+00	
 2.4650e+00	
 2.0316e+00	
 2.0972e+00	
 2.1145e+00	
 2.5441e+00	
 2.6517e+00	
 2.8128e+00	
 2.2976e+00	
 2.4570e+00	
 2.6575e+00	
 2.4683e+00	
 2.6892e+00	
 2.1076e+00	
 2.1161e+00	
 2.6058e+00	
 2.4549e+00	
 2.4147e+00	
 2.2773e+00	
 2.7341e+00	
 2.6097e+00	
 2.1784e+00	
 2.8349e+00	
 2.3700e+00	
 2.6464e+00	
 2.1817e+00	
 2.4698e+00	
 2.6414e+00	
 2.5391e+00	
 2.6687e+00	
 2.6345e+00	
 2.3069e+00	
 2.3097e+00	
 2.3186e+00	
 2.2547e+00	
 2.7513e+00	
 2.5183e+00	
 2.0846e+00	
 2.2177e+00	
 2.4374e+00	
 2.2061e+00	
 2.4225e+00	
 2.7019e+00	
 2.1722e+00	
 2.5024e+00	
 1.9920e+00	
 2.8163e+00	
 2.2643e+00	
 2.3805e+00	
 2.2358e+00	
 2.4701e+00	
 1.8828e+00	
 2.8485e+00	
 2.3476e+00	
 2.4587e+00	
 2.2739e+00	
 1.9728e+00	
 2.2550e+00	
 2.4148e+00	
 2.7785e+00	
 2.7918e+00	
 2.4540e+00	
 2.2252e+00	
 2.2676e+00	
 2.5998e+00	
 1.8814e+00	
 2.4439e+00	
 1.8189e+00	
 2.2527e+00	
 2.4444e+00	
 2.3895e+00	
 2.4465e+00	
 2.1626e+00	
 2.1524e+00	
 2.3282e+00	
 2.3872e+00	
 2.3417e+00	
 2.4352e+00	
 1.9796e+00	
 2.4751e+00	
 1.9398e+00	
 2.5838e+00	
 2.1036e+00	
 2.4258e+00	
 2.5136e+00	
 2.1501e+00	
 2.3729e+00	
 2.2582e+00	
 2.5322e+00	
 2.1075e+00	
 2.6118e+00	
 2.2463e+00	
 2.4179e+00	
 2.4813e+00	
 2.3355e+00	
 2.4273e+00	
 2.7131e+00	
 2.0582e+00	
 2.5844e+00	
 2.3581e+00	
 2.3654e+00	
 2.1078e+00	
 2.2058e+00	
 2.2650e+00	
 2.2192e+00	
 2.7560e+00	
 2.5417e+00	
 2.7549e+00	
 2.3117e+00	
 2.7003e+00	
 2.3112e+00	
 2.4395e+00	
 2.7278e+00	
 2.1907e+00	
 2.4718e+00	
 2.2354e+00	
 2.4180e+00	
 2.2736e+00	
 2.5881e+00	
 2.1371e+00	
 2.5135e+00	
 2.4736e+00	
 2.3057e+00	
 2.2055e+00	
 2.2293e+00	
 2.4704e+00	
 2.8137e+00	
 2.6217e+00	
 2.3313e+00	
 2.0875e+00	
 2.1221e+00	
 2.5730e+00	
 2.5524e+00	
 2.1533e+00	
 2.1484e+00	
 2.7202e+00	
 2.7306e+00	
 2.5079e+00	
 2.2185e+00	
 2.4739e+00	
 2.9461e+00	
 2.6249e+00	
 2.0368e+00	
 2.2729e+00	
 2.3574e+00	
 2.1292e+00	
 2.4542e+00	
 1.9840e+00	
 2.2547e+00	
 2.2858e+00	
 2.2498e+00	
 2.4273e+00	
 2.6808e+00	
 2.1481e+00	
 2.5313e+00	
 2.2722e+00	
 2.4085e+00	
 2.4504e+00	
 2.6768e+00	
 2.5304e+00	
 2.2211e+00	
 2.5138e+00	
 2.3144e+00	
 2.6658e+00	
 2.6111e+00	
 2.3112e+00	
 1.8454e+00	
 2.4755e+00	
 2.2366e+00	
 2.2691e+00	
 2.1497e+00	
 2.4326e+00	
 2.3661e+00	
 2.5239e+00	
 2.3288e+00	
 2.6297e+00	
 2.4220e+00	
 2.4014e+00	
 2.4403e+00	
 2.4747e+00	
 2.3871e+00	
 2.6545e+00	
 2.3289e+00	
 2.2075e+00	
 2.6869e+00	
 2.5718e+00	
 2.3354e+00	
 2.2400e+00	
 2.5407e+00	
 2.4854e+00	
 2.4631e+00	
 2.1616e+00	
 2.4679e+00	
 2.2955e+00	
 2.2636e+00	
 2.3780e+00	
 2.3716e+00	
 2.7487e+00	
 2.3925e+00	
 2.3200e+00	
 2.2230e+00	
 2.5237e+00	
 1.9578e+00	
 2.3237e+00	
 2.5844e+00	
 2.6030e+00	
 2.1310e+00	
 2.3942e+00	
 2.5311e+00	
 2.3355e+00	
 2.5240e+00	
 2.1770e+00	
 2.6357e+00	
 2.2927e+00	
 2.1741e+00	
 2.5044e+00	
 2.7734e+00	
 2.1321e+00	
 2.2666e+00	
 2.4931e+00	
 1.9820e+00	
 2.5963e+00	
 2.0732e+00	
 2.5100e+00	
 2.1307e+00	
 2.8582e+00	
 2.2311e+00	
 2.6793e+00	
 2.4492e+00	
 2.3715e+00	
 2.6552e+00	
 2.2392e+00	
 2.3774e+00	
 2.1035e+00	
 2.1240e+00	
 2.6791e+00	
 2.2915e+00	
 2.4848e+00	
 2.3269e+00	
 2.3232e+00	
 2.1017e+00	
 2.2916e+00	
 2.3815e+00	
 1.9942e+00	
 2.4502e+00	
 2.5848e+00	
 2.3004e+00	
 2.3413e+00	
 2.3157e+00	
 2.7306e+00	
 2.3219e+00	
 2.6910e+00	
 2.5647e+00	
 2.4617e+00	
 1.9984e+00	
 2.3911e+00	
 2.4797e+00	
 2.2205e+00	
 2.3625e+00	
 2.5593e+00	
 2.1550e+00	
 1.9945e+00	
 2.6823e+00	
 2.5358e+00	
 2.1419e+00	
 2.3286e+00	
 2.5995e+00	
 2.4842e+00	
 2.0970e+00	
 2.9879e+00	
 2.4442e+00	
 2.5203e+00	
 2.6820e+00	
 2.0270e+00	
 2.3968e+00	
 2.0291e+00	
 2.8701e+00	
 2.4123e+00	
 1.9772e+00	
 1.9341e+00	
 2.0823e+00	
 2.7811e+00	
 2.1028e+00	
 2.6339e+00	
 2.2062e+00	
 1.9741e+00	
 2.3448e+00	
 1.9082e+00	
 1.9832e+00	
 1.9636e+00	
 1.9988e+00	
 2.1187e+00	
 1.7607e+00	
 1.7989e+00	
 2.0104e+00	
 1.8999e+00	
 2.1719e+00	
 1.8354e+00	
 1.7016e+00	
 1.6725e+00	
 1.9328e+00	
 1.6419e+00	
 1.6985e+00	
 2.3906e+00	
 2.3233e+00	
 1.9687e+00	
 2.3079e+00	
 2.1476e+00	
 1.8234e+00	
 1.7104e+00	
 2.0526e+00	
 1.7272e+00	
 1.9891e+00	
 1.9392e+00	
 1.8858e+00	
 1.9489e+00	
 2.4030e+00	
 2.1740e+00	
 1.8696e+00	
 2.3355e+00	
 1.8003e+00	
 2.0890e+00	
 1.6001e+00	
 2.2599e+00	
 1.5610e+00	
 1.9558e+00	
 1.9196e+00	
 1.6297e+00	
 1.6947e+00	
 2.1049e+00	
 1.9665e+00	
 2.1238e+00	
 1.8459e+00	
 2.4733e+00	
 2.0896e+00	
 2.0450e+00	
 1.7980e+00	
 1.8732e+00	
 2.1813e+00	
 2.1528e+00	
 1.9641e+00	
 2.0565e+00	
 2.0336e+00	
 1.8467e+00	
 1.7638e+00	
 1.9953e+00	
 1.8618e+00	
 2.1183e+00	
 2.3466e+00	
 2.4563e+00	
 2.0069e+00	
 1.7417e+00	
 1.8921e+00	
 1.9440e+00	
 2.0373e+00	
 1.8734e+00	
 2.1061e+00	
 1.7491e+00	
 1.8830e+00	
 2.2196e+00	
 1.8233e+00	
 1.9942e+00	
 2.2049e+00	
 2.0312e+00	
 2.0787e+00	
 2.1487e+00	
 2.0330e+00	
 1.7173e+00	
 2.1071e+00	
 2.1184e+00	
 1.7782e+00	
 2.0254e+00	
 1.8683e+00	
 1.9064e+00	
 2.1287e+00	
 2.3095e+00	
 2.1067e+00	
 2.3986e+00	
 1.9521e+00	
 2.0348e+00	
 2.4614e+00	
 1.8911e+00	
 2.5258e+00	
 2.1459e+00	
 2.5312e+00	
 2.1720e+00	
 1.9095e+00	
 2.0734e+00	
 2.3324e+00	
 2.1484e+00	
 1.6421e+00	
 2.0858e+00	
 1.8862e+00	
 1.5805e+00	
 1.9644e+00	
 2.1863e+00	
 1.9725e+00	
 2.0441e+00	
 2.4061e+00	
 2.2273e+00	
 2.3577e+00	
 2.1345e+00	
 2.0093e+00	
 2.0120e+00	
 2.2400e+00	
 2.1640e+00	
 2.1713e+00	
 1.9366e+00	
 1.5028e+00	
 1.7793e+00	
 1.8794e+00	
 1.9792e+00	
 1.9213e+00	
 2.2757e+00	
 1.9567e+00	
 1.8230e+00	
 2.1219e+00	
 2.3097e+00	
 2.0952e+00	
 1.8405e+00	
 2.0234e+00	
 1.7877e+00	
 2.2180e+00	
 2.1046e+00	
 2.1679e+00	
 2.0785e+00	
 1.8802e+00	
 2.0166e+00	
 2.4966e+00	
 2.3457e+00	
 1.5319e+00	
 2.1664e+00	
 2.1574e+00	
 1.9563e+00	
 1.6949e+00	
 1.9526e+00	
 2.0829e+00	
 1.9393e+00	
 2.0250e+00	
 2.1771e+00	
 1.6841e+00	
 2.1598e+00	
 1.9747e+00	
 1.7762e+00	
 2.2686e+00	
 2.1592e+00	
 2.0918e+00	
 2.0383e+00	
 2.2347e+00	
 2.0759e+00	
 2.2045e+00	
 2.2167e+00	
 1.7816e+00	
 1.9086e+00	
 1.8936e+00	
 2.3183e+00	
 1.6856e+00	
 2.2374e+00	
 2.4385e+00	
 2.0593e+00	
 2.2163e+00	
 1.9437e+00	
 2.0031e+00	
 1.5590e+00	
 2.1143e+00	
 1.2939e+00	
 1.7811e+00	
 2.2085e+00	
 1.9056e+00	
 1.9720e+00	
 2.2658e+00	
 1.7739e+00	
 2.1829e+00	
 2.2044e+00	
 1.9471e+00	
 1.7919e+00	
 2.2901e+00	
 2.6357e+00	
 1.8456e+00	
 2.0364e+00	
 1.9443e+00	
 2.2136e+00	
 2.1833e+00	
 1.9896e+00	
 2.1087e+00	
 2.0425e+00	
 2.1081e+00	
 1.9831e+00	
 2.1897e+00	
 1.9906e+00	
 2.1807e+00	
 2.0645e+00	
 1.9568e+00	
 1.9092e+00	
 1.8540e+00	
 1.7983e+00	
 2.0247e+00	
 2.1544e+00	
 1.9121e+00	
 1.8210e+00	
 2.2853e+00	
 2.1006e+00	
 1.9938e+00	
 1.8534e+00	
 1.7518e+00	
 2.3092e+00	
 2.0282e+00	
 2.5668e+00	
 2.2055e+00	
 2.5012e+00	
 2.0633e+00	
 2.3243e+00	
 2.1288e+00	
 2.2321e+00	
 2.2716e+00	
 2.0352e+00	
 2.4376e+00	
 1.9509e+00	
 2.0895e+00	
 2.0928e+00	
 2.1170e+00	
 1.7439e+00	
 2.3110e+00	
 2.0745e+00	
 2.0958e+00	
 1.9032e+00	
 1.9895e+00	
 2.4370e+00	
 1.9838e+00	
 1.8781e+00	
 2.1384e+00	
 1.9191e+00	
 1.9295e+00	
 1.9761e+00	
 2.1192e+00	
 1.9634e+00	
 2.0746e+00	
 1.9306e+00	
 2.2363e+00	
 2.0422e+00	
 2.2135e+00	
 1.9034e+00	
 2.0348e+00	
 2.3730e+00	
 2.0776e+00	
 1.9012e+00	
 2.3172e+00	
 2.1035e+00	
 2.3487e+00	
 2.0761e+00	
 2.0998e+00	
 2.0258e+00	
 1.9576e+00	
 1.8226e+00	
 1.8462e+00	
 1.9603e+00	
 2.0081e+00	
 2.0564e+00	
 2.0882e+00	
 2.0257e+00	
 2.3099e+00	
 2.3072e+00	
 1.9921e+00	
 2.2090e+00	
 1.7491e+00	
 1.9913e+00	
 2.1469e+00	
 1.7916e+00	
 1.7366e+00	
 1.7174e+00	
 2.4961e+00	
 2.2049e+00	
 2.4054e+00	
 2.2024e+00	
 2.4045e+00	
 1.8906e+00	
 2.0555e+00	
 1.5816e+00	
 2.2886e+00	
 1.8220e+00	
 2.1002e+00	
 1.9480e+00	
 2.1370e+00	
 2.5406e+00	
