loss	
 4.6309e+00	
 4.6499e+00	
 4.6030e+00	
 4.6179e+00	
 4.6150e+00	
 4.6141e+00	
 4.6290e+00	
 4.6267e+00	
 4.5977e+00	
 4.6061e+00	
 4.6091e+00	
 4.6131e+00	
 4.6394e+00	
 4.6243e+00	
 4.6194e+00	
 4.6148e+00	
 4.6159e+00	
 4.6185e+00	
 4.6215e+00	
 4.6243e+00	
 4.6050e+00	
 4.6393e+00	
 4.5945e+00	
 4.6418e+00	
 4.6118e+00	
 4.6144e+00	
 4.6171e+00	
 4.5966e+00	
 4.6075e+00	
 4.6318e+00	
 4.6095e+00	
 4.6028e+00	
 4.6256e+00	
 4.6286e+00	
 4.6110e+00	
 4.6108e+00	
 4.6130e+00	
 4.6095e+00	
 4.6257e+00	
 4.6034e+00	
 4.6152e+00	
 4.6242e+00	
 4.6263e+00	
 4.6283e+00	
 4.6226e+00	
 4.6217e+00	
 4.6103e+00	
 4.6264e+00	
 4.6142e+00	
 4.6134e+00	
 4.6069e+00	
 4.6342e+00	
 4.6184e+00	
 4.6200e+00	
 4.6077e+00	
 4.6281e+00	
 4.6197e+00	
 4.6133e+00	
 4.6223e+00	
 4.6184e+00	
 4.6155e+00	
 4.6031e+00	
 4.6198e+00	
 4.6393e+00	
 4.6234e+00	
 4.6319e+00	
 4.5989e+00	
 4.5948e+00	
 4.6187e+00	
 4.6320e+00	
 4.6205e+00	
 4.6294e+00	
 4.6361e+00	
 4.6321e+00	
 4.6046e+00	
 4.6288e+00	
 4.5893e+00	
 4.5955e+00	
 4.6198e+00	
 4.6278e+00	
 4.6139e+00	
 4.6237e+00	
 4.6282e+00	
 4.6268e+00	
 4.6353e+00	
 4.6483e+00	
 4.6219e+00	
 4.6356e+00	
 4.6414e+00	
 4.6195e+00	
 4.6245e+00	
 4.6274e+00	
 4.6197e+00	
 4.6177e+00	
 4.6395e+00	
 4.6004e+00	
 4.6275e+00	
 4.6013e+00	
 4.6227e+00	
 4.5955e+00	
 4.5963e+00	
 4.6137e+00	
 4.6167e+00	
 4.6369e+00	
 4.6207e+00	
 4.6281e+00	
 4.6159e+00	
 4.6069e+00	
 4.6110e+00	
 4.6258e+00	
 4.6137e+00	
 4.6557e+00	
 4.6181e+00	
 4.6094e+00	
 4.5862e+00	
 4.6116e+00	
 4.6084e+00	
 4.5974e+00	
 4.6247e+00	
 4.6261e+00	
 4.6452e+00	
 4.6347e+00	
 4.6099e+00	
 4.5992e+00	
 4.6321e+00	
 4.6068e+00	
 4.6092e+00	
 4.6325e+00	
 4.6314e+00	
 4.6348e+00	
 4.6349e+00	
 4.6365e+00	
 4.6026e+00	
 4.6050e+00	
 4.6150e+00	
 4.6373e+00	
 4.6184e+00	
 4.6480e+00	
 4.6225e+00	
 4.6100e+00	
 4.6414e+00	
 4.6149e+00	
 4.6313e+00	
 4.6319e+00	
 4.6130e+00	
 4.6033e+00	
 4.6180e+00	
 4.6121e+00	
 4.6340e+00	
 4.6199e+00	
 4.6110e+00	
 4.6234e+00	
 4.6207e+00	
 4.6117e+00	
 4.6035e+00	
 4.6126e+00	
 4.6208e+00	
 4.6105e+00	
 4.6256e+00	
 4.6152e+00	
 4.6176e+00	
 4.6264e+00	
 4.6128e+00	
 4.6018e+00	
 4.6286e+00	
 4.5959e+00	
 4.6169e+00	
 4.6292e+00	
 4.6222e+00	
 4.6016e+00	
 4.6193e+00	
 4.6186e+00	
 4.6378e+00	
 4.6257e+00	
 4.6195e+00	
 4.6061e+00	
 4.6350e+00	
 4.6164e+00	
 4.6139e+00	
 4.6243e+00	
 4.6119e+00	
 4.6338e+00	
 4.6132e+00	
 4.6199e+00	
 4.6071e+00	
 4.6196e+00	
 4.6166e+00	
 4.6201e+00	
 4.6065e+00	
 4.6181e+00	
 4.6139e+00	
 4.6021e+00	
 4.6229e+00	
 4.6177e+00	
 4.6212e+00	
 4.6077e+00	
 4.5939e+00	
 4.6055e+00	
 4.6255e+00	
 4.6369e+00	
 4.6180e+00	
 4.6153e+00	
 4.6271e+00	
 4.6121e+00	
 4.6259e+00	
 4.6191e+00	
 4.6177e+00	
 4.6334e+00	
 4.6252e+00	
 4.6224e+00	
 4.6138e+00	
 4.6026e+00	
 4.6302e+00	
 4.6181e+00	
 4.6058e+00	
 4.6212e+00	
 4.6345e+00	
 4.6212e+00	
 4.6196e+00	
 4.6279e+00	
 4.6105e+00	
 4.6112e+00	
 4.6049e+00	
 4.6347e+00	
 4.6271e+00	
 4.6146e+00	
 4.6351e+00	
 4.6210e+00	
 4.6079e+00	
 4.6244e+00	
 4.6064e+00	
 4.6181e+00	
 4.5954e+00	
 4.6365e+00	
 4.6208e+00	
 4.6101e+00	
 4.6448e+00	
 4.5911e+00	
 4.6068e+00	
 4.6247e+00	
 4.6344e+00	
 4.6210e+00	
 4.6276e+00	
 4.6361e+00	
 4.6216e+00	
 4.6182e+00	
 4.6222e+00	
 4.6292e+00	
 4.6352e+00	
 4.6033e+00	
 4.6137e+00	
 4.6216e+00	
 4.6402e+00	
 4.6388e+00	
 4.6209e+00	
 4.6259e+00	
 4.6282e+00	
 4.6169e+00	
 4.6226e+00	
 4.6134e+00	
 4.6413e+00	
 4.5991e+00	
 4.6276e+00	
 4.6112e+00	
 4.6084e+00	
 4.6299e+00	
 4.6277e+00	
 4.6227e+00	
 4.6066e+00	
 4.6357e+00	
 4.6212e+00	
 4.6379e+00	
 4.6327e+00	
 4.6149e+00	
 4.6169e+00	
 4.6326e+00	
 4.6205e+00	
 4.6257e+00	
 4.6302e+00	
 4.6366e+00	
 4.6246e+00	
 4.6526e+00	
 4.6199e+00	
 4.6188e+00	
 4.6227e+00	
 4.6136e+00	
 4.6334e+00	
 4.6253e+00	
 4.6007e+00	
 4.6149e+00	
 4.6135e+00	
 4.6170e+00	
 4.6366e+00	
 4.6196e+00	
 4.6073e+00	
 4.6378e+00	
 4.6160e+00	
 4.6104e+00	
 4.6191e+00	
 4.6220e+00	
 4.6111e+00	
 4.6262e+00	
 4.6235e+00	
 4.6078e+00	
 4.6256e+00	
 4.6161e+00	
 4.6005e+00	
 4.6245e+00	
 4.6183e+00	
 4.6382e+00	
 4.6067e+00	
 4.6285e+00	
 4.6127e+00	
 4.6142e+00	
 4.6085e+00	
 4.6154e+00	
 4.6160e+00	
 4.6119e+00	
 4.6076e+00	
 4.6111e+00	
 4.6190e+00	
 4.6211e+00	
 4.6104e+00	
 4.6096e+00	
 4.6203e+00	
 4.6211e+00	
 4.6074e+00	
 4.6208e+00	
 4.6206e+00	
 4.6209e+00	
 4.6071e+00	
 4.6160e+00	
 4.6147e+00	
 4.6081e+00	
 4.6126e+00	
 4.6027e+00	
 4.6202e+00	
 4.6263e+00	
 4.6151e+00	
 4.6102e+00	
 4.6051e+00	
 4.6133e+00	
 4.5920e+00	
 4.6113e+00	
 4.6295e+00	
 4.6210e+00	
 4.6180e+00	
 4.6030e+00	
 4.5993e+00	
 4.6236e+00	
 4.6303e+00	
 4.6209e+00	
 4.6191e+00	
 4.6061e+00	
 4.6118e+00	
 4.6131e+00	
 4.6260e+00	
 4.6208e+00	
 4.6161e+00	
 4.6235e+00	
 4.6166e+00	
 4.6359e+00	
 4.6206e+00	
 4.5956e+00	
 4.6076e+00	
 4.6054e+00	
 4.6237e+00	
 4.6130e+00	
 4.6287e+00	
 4.6500e+00	
 4.6222e+00	
 4.6165e+00	
 4.6090e+00	
 4.6187e+00	
 4.6104e+00	
 4.6102e+00	
 4.6064e+00	
 4.6141e+00	
 4.6139e+00	
 4.6225e+00	
 4.6085e+00	
 4.6209e+00	
 4.6134e+00	
 4.6142e+00	
 4.5952e+00	
 4.6167e+00	
 4.6266e+00	
 4.6334e+00	
 4.6386e+00	
 4.6425e+00	
 4.6188e+00	
 4.6089e+00	
 4.6270e+00	
 4.6032e+00	
 4.6340e+00	
 4.6155e+00	
 4.6330e+00	
 4.6194e+00	
 4.6141e+00	
 4.6133e+00	
 4.6109e+00	
 4.6155e+00	
 4.6308e+00	
 4.6187e+00	
 4.6002e+00	
 4.6216e+00	
 4.6023e+00	
 4.5845e+00	
 4.6081e+00	
 4.6271e+00	
 4.6217e+00	
 4.6222e+00	
 4.6221e+00	
 4.6094e+00	
 4.6146e+00	
 4.6137e+00	
 4.6182e+00	
 4.6117e+00	
 4.6221e+00	
 4.5848e+00	
 4.6267e+00	
 4.6406e+00	
 4.5950e+00	
 4.6407e+00	
 4.6235e+00	
 4.6264e+00	
 4.6360e+00	
 4.6239e+00	
 4.6049e+00	
 4.6028e+00	
 4.6180e+00	
 4.6056e+00	
 4.6240e+00	
 4.6304e+00	
 4.6184e+00	
 4.6123e+00	
 4.6036e+00	
 4.6383e+00	
 4.6270e+00	
 4.6153e+00	
 4.6280e+00	
 4.6194e+00	
 4.6206e+00	
 4.6221e+00	
 4.6035e+00	
 4.6094e+00	
 4.6293e+00	
 4.6149e+00	
 4.6236e+00	
 4.6245e+00	
 4.6374e+00	
 4.6015e+00	
 4.6052e+00	
 4.6258e+00	
 4.6003e+00	
 4.6093e+00	
 4.6244e+00	
 4.6092e+00	
 4.6208e+00	
 4.6190e+00	
 4.6155e+00	
 4.6269e+00	
 4.6299e+00	
 4.6165e+00	
 4.6135e+00	
 4.6274e+00	
 4.6082e+00	
 4.6253e+00	
 4.6210e+00	
 4.6360e+00	
 4.6172e+00	
 4.6284e+00	
 4.6358e+00	
 4.6070e+00	
 4.6125e+00	
 4.5973e+00	
 4.6429e+00	
 4.6288e+00	
 4.6046e+00	
 4.6243e+00	
 4.6130e+00	
 4.6060e+00	
 4.6250e+00	
 4.6190e+00	
 4.6204e+00	
 4.6031e+00	
 4.6326e+00	
 4.6279e+00	
 4.6105e+00	
 4.6238e+00	
 4.6177e+00	
 4.5903e+00	
 4.6240e+00	
 4.5999e+00	
 4.6183e+00	
 4.5958e+00	
 4.6086e+00	
 4.6143e+00	
 4.6263e+00	
 4.6425e+00	
 4.6183e+00	
 4.6171e+00	
 4.6240e+00	
 4.6165e+00	
 4.6331e+00	
 4.6286e+00	
 4.6365e+00	
 4.6229e+00	
 4.6143e+00	
 4.6000e+00	
 4.6377e+00	
 4.6232e+00	
 4.6130e+00	
 4.6284e+00	
 4.6354e+00	
 4.6100e+00	
 4.6397e+00	
 4.6124e+00	
 4.6151e+00	
 4.6114e+00	
 4.6197e+00	
 4.6185e+00	
 4.6178e+00	
 4.6254e+00	
 4.6093e+00	
 4.6244e+00	
 4.6256e+00	
 4.6180e+00	
 4.6091e+00	
 4.6130e+00	
 4.6119e+00	
 4.6196e+00	
 4.6249e+00	
 4.6210e+00	
 4.6082e+00	
 4.6136e+00	
 4.6350e+00	
 4.6252e+00	
 4.6285e+00	
 4.6373e+00	
 4.6309e+00	
 4.6249e+00	
 4.6249e+00	
 4.6154e+00	
 4.6290e+00	
 4.6284e+00	
 4.6047e+00	
 4.6277e+00	
 4.6400e+00	
 4.6423e+00	
 4.6242e+00	
 4.6461e+00	
 4.6104e+00	
 4.6201e+00	
 4.6162e+00	
 4.6291e+00	
 4.6142e+00	
 4.6276e+00	
 4.5958e+00	
 4.6211e+00	
 4.6212e+00	
 4.6207e+00	
 4.6200e+00	
 4.6045e+00	
 4.6265e+00	
 4.6210e+00	
 4.6163e+00	
 4.6230e+00	
 4.6452e+00	
 4.6275e+00	
 4.6312e+00	
 4.6106e+00	
 4.6131e+00	
 4.6168e+00	
 4.6186e+00	
 4.6218e+00	
 4.6318e+00	
 4.5989e+00	
 4.6064e+00	
 4.6114e+00	
 4.6244e+00	
 4.6398e+00	
 4.6331e+00	
 4.6148e+00	
 4.6257e+00	
 4.6216e+00	
 4.5991e+00	
 4.6159e+00	
 4.6183e+00	
 4.6240e+00	
 4.6061e+00	
 4.6138e+00	
 4.6341e+00	
 4.6235e+00	
 4.6197e+00	
 4.6241e+00	
 4.6094e+00	
 4.6221e+00	
 4.6277e+00	
 4.6217e+00	
 4.6072e+00	
 4.6117e+00	
 4.6211e+00	
 4.6086e+00	
 4.6076e+00	
 4.6117e+00	
 4.5929e+00	
 4.6068e+00	
 4.6203e+00	
 4.6267e+00	
 4.6182e+00	
 4.5985e+00	
 4.6086e+00	
 4.6085e+00	
 4.6253e+00	
 4.6233e+00	
 4.6201e+00	
 4.6182e+00	
 4.6166e+00	
 4.6326e+00	
 4.6059e+00	
 4.6152e+00	
 4.6323e+00	
 4.6033e+00	
 4.6225e+00	
 4.6025e+00	
 4.6094e+00	
 4.6244e+00	
 4.6294e+00	
 4.6051e+00	
 4.6084e+00	
 4.6156e+00	
 4.6162e+00	
 4.6195e+00	
 4.6350e+00	
 4.6066e+00	
 4.6333e+00	
 4.6038e+00	
 4.6104e+00	
 4.6125e+00	
 4.6260e+00	
 4.6226e+00	
 4.6368e+00	
 4.5979e+00	
 4.6019e+00	
 4.6192e+00	
 4.5967e+00	
 4.6535e+00	
 4.6112e+00	
 4.6189e+00	
 4.6273e+00	
 4.6112e+00	
 4.6319e+00	
 4.6402e+00	
 4.6235e+00	
 4.6206e+00	
 4.6229e+00	
 4.5977e+00	
 4.6024e+00	
 4.6171e+00	
 4.6193e+00	
 4.6153e+00	
 4.6100e+00	
 4.6276e+00	
 4.6090e+00	
 4.6149e+00	
 4.6329e+00	
 4.6325e+00	
 4.6138e+00	
 4.6280e+00	
 4.6128e+00	
 4.6250e+00	
 4.6190e+00	
 4.5961e+00	
 4.6105e+00	
 4.6069e+00	
 4.6322e+00	
 4.6324e+00	
 4.6212e+00	
 4.6146e+00	
 4.6259e+00	
 4.6285e+00	
 4.6122e+00	
 4.6169e+00	
 4.6249e+00	
 4.6237e+00	
 4.6146e+00	
 4.6138e+00	
 4.6040e+00	
 4.6216e+00	
 4.6021e+00	
 4.5946e+00	
 4.6212e+00	
 4.6536e+00	
 4.6477e+00	
 4.6119e+00	
 4.6495e+00	
 4.5982e+00	
 4.6201e+00	
 4.6155e+00	
 4.6254e+00	
 4.6069e+00	
 4.6185e+00	
 4.5994e+00	
 4.6252e+00	
 4.6101e+00	
 4.6105e+00	
 4.6146e+00	
 4.6235e+00	
 4.6066e+00	
 4.6224e+00	
 4.6368e+00	
 4.6058e+00	
 4.6027e+00	
 4.6146e+00	
 4.6239e+00	
 4.6214e+00	
 4.6101e+00	
 4.6323e+00	
 4.6013e+00	
 4.6001e+00	
 4.6229e+00	
 4.6300e+00	
 4.6287e+00	
 4.6243e+00	
 4.6688e+00	
 4.6080e+00	
 4.6335e+00	
 4.6148e+00	
 4.6290e+00	
 4.6182e+00	
 4.6029e+00	
 4.6275e+00	
 4.6095e+00	
 4.6270e+00	
 4.6223e+00	
 4.5952e+00	
 4.6270e+00	
 4.6095e+00	
 4.6123e+00	
 4.6187e+00	
 4.6097e+00	
 4.6304e+00	
 4.6319e+00	
 4.6293e+00	
 4.6245e+00	
 4.6255e+00	
 4.6097e+00	
 4.6261e+00	
 4.6087e+00	
 4.5979e+00	
 4.6233e+00	
 4.6072e+00	
 4.6000e+00	
 4.6105e+00	
 4.6243e+00	
 4.6076e+00	
 4.5853e+00	
 4.6080e+00	
 4.6271e+00	
 4.6207e+00	
 4.6135e+00	
 4.6243e+00	
 4.6185e+00	
 4.6317e+00	
 4.6049e+00	
 4.6216e+00	
 4.6236e+00	
 4.6052e+00	
 4.6364e+00	
 4.6172e+00	
 4.6217e+00	
 4.6111e+00	
 4.6285e+00	
 4.6320e+00	
 4.6097e+00	
 4.6111e+00	
 4.6151e+00	
 4.6227e+00	
 4.6171e+00	
 4.6113e+00	
 4.5912e+00	
 4.6331e+00	
 4.6162e+00	
 4.6186e+00	
 4.6153e+00	
 4.6111e+00	
 4.6250e+00	
 4.6011e+00	
 4.6266e+00	
 4.6125e+00	
 4.6186e+00	
 4.6082e+00	
 4.6086e+00	
 4.6238e+00	
 4.6166e+00	
 4.6308e+00	
 4.6189e+00	
 4.6134e+00	
 4.6331e+00	
 4.6263e+00	
 4.6169e+00	
 4.6363e+00	
 4.6111e+00	
 4.6375e+00	
 4.6152e+00	
 4.6207e+00	
 4.6294e+00	
 4.6061e+00	
 4.6147e+00	
 4.6064e+00	
 4.6057e+00	
 4.6197e+00	
 4.6142e+00	
 4.6096e+00	
 4.6022e+00	
 4.6049e+00	
 4.5930e+00	
 4.6316e+00	
 4.6262e+00	
 4.6365e+00	
 4.6327e+00	
 4.6280e+00	
 4.6305e+00	
 4.6176e+00	
 4.5994e+00	
 4.6310e+00	
 4.6191e+00	
 4.6194e+00	
 4.6194e+00	
 4.6053e+00	
 4.6254e+00	
 4.6275e+00	
 4.6113e+00	
 4.6310e+00	
 4.6117e+00	
 4.6095e+00	
 4.6152e+00	
 4.6337e+00	
 4.6213e+00	
 4.6136e+00	
 4.6154e+00	
 4.6086e+00	
 4.6211e+00	
 4.6026e+00	
 4.6371e+00	
 4.6361e+00	
 4.6029e+00	
 4.6109e+00	
 4.6257e+00	
 4.6173e+00	
 4.6143e+00	
 4.6144e+00	
 4.6146e+00	
 4.6186e+00	
 4.6224e+00	
 4.6394e+00	
 4.6153e+00	
 4.6356e+00	
 4.6127e+00	
 4.6196e+00	
 4.6213e+00	
 4.6076e+00	
 4.6187e+00	
 4.6436e+00	
 4.6203e+00	
 4.6041e+00	
 4.6216e+00	
 4.6284e+00	
 4.6394e+00	
 4.6309e+00	
 4.6097e+00	
 4.6121e+00	
 4.6170e+00	
 4.6113e+00	
 4.6291e+00	
 4.5985e+00	
 4.6438e+00	
 4.6339e+00	
 4.6122e+00	
 4.6096e+00	
 4.6313e+00	
 4.6280e+00	
 4.6069e+00	
 4.6261e+00	
 4.6192e+00	
 4.6183e+00	
 4.6175e+00	
 4.6215e+00	
 4.6155e+00	
 4.6039e+00	
 4.6142e+00	
 4.6200e+00	
 4.6067e+00	
 4.6231e+00	
 4.6363e+00	
 4.6269e+00	
 4.5923e+00	
 4.6282e+00	
 4.6060e+00	
 4.6019e+00	
 4.6174e+00	
 4.6251e+00	
 4.6069e+00	
 4.6292e+00	
 4.6139e+00	
 4.5919e+00	
 4.6210e+00	
 4.6176e+00	
 4.6150e+00	
 4.6151e+00	
 4.6148e+00	
 4.6133e+00	
 4.6129e+00	
 4.6350e+00	
 4.6247e+00	
 4.6206e+00	
 4.6025e+00	
 4.6181e+00	
 4.6078e+00	
 4.5949e+00	
 4.6002e+00	
 4.6347e+00	
 4.6420e+00	
 4.6411e+00	
 4.6200e+00	
 4.6320e+00	
 4.6058e+00	
 4.6280e+00	
 4.6335e+00	
 4.6036e+00	
 4.6211e+00	
 4.6103e+00	
 4.6234e+00	
 4.6208e+00	
 4.6289e+00	
 4.6143e+00	
 4.6150e+00	
 4.6020e+00	
 4.6243e+00	
 4.6158e+00	
 4.6083e+00	
 4.5874e+00	
 4.5988e+00	
 4.6036e+00	
 4.6216e+00	
 4.5977e+00	
 4.6041e+00	
 4.6229e+00	
 4.6158e+00	
 4.5946e+00	
 4.6037e+00	
 4.6089e+00	
 4.6048e+00	
 4.6225e+00	
 4.6247e+00	
 4.6268e+00	
 4.6106e+00	
 4.6459e+00	
 4.6251e+00	
 4.6300e+00	
 4.6103e+00	
 4.6101e+00	
 4.6260e+00	
 4.6104e+00	
 4.6231e+00	
 4.6238e+00	
 4.6032e+00	
 4.5985e+00	
 4.6390e+00	
 4.6210e+00	
 4.6178e+00	
 4.6266e+00	
 4.6324e+00	
 4.6280e+00	
 4.6334e+00	
 4.6128e+00	
 4.6018e+00	
 4.6289e+00	
 4.6122e+00	
 4.6282e+00	
 4.6058e+00	
 4.6018e+00	
 4.6080e+00	
 4.6074e+00	
 4.6165e+00	
 4.6091e+00	
 4.6214e+00	
 4.6160e+00	
 4.6176e+00	
 4.6137e+00	
 4.5986e+00	
 4.6147e+00	
 4.6012e+00	
 4.6057e+00	
 4.6157e+00	
 4.6172e+00	
 4.6069e+00	
 4.6251e+00	
 4.6219e+00	
 4.6347e+00	
 4.6128e+00	
 4.6146e+00	
 4.5938e+00	
 4.6097e+00	
 4.5920e+00	
 4.6152e+00	
 4.6109e+00	
 4.6471e+00	
 4.6052e+00	
 4.6316e+00	
 4.6128e+00	
 4.6170e+00	
 4.6194e+00	
 4.6234e+00	
 4.6167e+00	
 4.6156e+00	
 4.6257e+00	
 4.6190e+00	
 4.6254e+00	
 4.6347e+00	
 4.6086e+00	
 4.6170e+00	
 4.6140e+00	
 4.6430e+00	
 4.6339e+00	
 4.6473e+00	
 4.6066e+00	
 4.6278e+00	
 4.6198e+00	
 4.6041e+00	
 4.6329e+00	
 4.6372e+00	
 4.6206e+00	
 4.6187e+00	
 4.5964e+00	
 4.6306e+00	
 4.6109e+00	
 4.6280e+00	
 4.6383e+00	
 4.6314e+00	
 4.6434e+00	
 4.6282e+00	
 4.6418e+00	
 4.6138e+00	
 4.6223e+00	
 4.6206e+00	
 4.6136e+00	
 4.6238e+00	
 4.6030e+00	
 4.6120e+00	
 4.6397e+00	
 4.6025e+00	
 4.6265e+00	
 4.6263e+00	
 4.6233e+00	
 4.6202e+00	
 4.6092e+00	
 4.6071e+00	
 4.6265e+00	
 4.6238e+00	
 4.6162e+00	
 4.6201e+00	
 4.6218e+00	
 4.6296e+00	
 4.6290e+00	
 4.6107e+00	
 4.6179e+00	
 4.6196e+00	
 4.6257e+00	
 4.6053e+00	
 4.6040e+00	
 4.5986e+00	
 4.6104e+00	
 4.6267e+00	
 4.6215e+00	
 4.6249e+00	
 4.6226e+00	
 4.6114e+00	
 4.6185e+00	
 4.6413e+00	
 4.6082e+00	
 4.6096e+00	
 4.6083e+00	
 4.6217e+00	
 4.6119e+00	
 4.6242e+00	
 4.6388e+00	
 4.6420e+00	
 4.6201e+00	
 4.6131e+00	
 4.6270e+00	
 4.6188e+00	
 4.6275e+00	
 4.6237e+00	
 4.6200e+00	
 4.6234e+00	
 4.6236e+00	
 4.6348e+00	
 4.6134e+00	
 4.5871e+00	
 4.6292e+00	
 4.6410e+00	
 4.6132e+00	
 4.6037e+00	
 4.6222e+00	
 4.5993e+00	
 4.6228e+00	
 4.6281e+00	
 4.5990e+00	
 4.6188e+00	
 4.6140e+00	
 4.6265e+00	
 4.6390e+00	
 4.6188e+00	
 4.6158e+00	
 4.6186e+00	
 4.6253e+00	
 4.6038e+00	
 4.6224e+00	
 4.6266e+00	
 4.6208e+00	
 4.6128e+00	
 4.6191e+00	
 4.6075e+00	
 4.5907e+00	
 4.6162e+00	
 4.6042e+00	
 4.6321e+00	
 4.6131e+00	
 4.6172e+00	
 4.6415e+00	
 4.6071e+00	
 4.6232e+00	
 4.5915e+00	
 4.6275e+00	
 4.6333e+00	
 4.6067e+00	
 4.6205e+00	
 4.6290e+00	
 4.6114e+00	
 4.6153e+00	
 4.6212e+00	
 4.6004e+00	
 4.6111e+00	
 4.6056e+00	
 4.6139e+00	
 4.6234e+00	
 4.6160e+00	
 4.6245e+00	
 4.6073e+00	
 4.6247e+00	
 4.6350e+00	
 4.6166e+00	
 4.6091e+00	
 4.6012e+00	
 4.6165e+00	
 4.6144e+00	
 4.6026e+00	
 4.6328e+00	
 4.6238e+00	
 4.6343e+00	
 4.6131e+00	
 4.5810e+00	
 4.6107e+00	
 4.6174e+00	
 4.6151e+00	
 4.5939e+00	
 4.6113e+00	
 4.6142e+00	
 4.6161e+00	
 4.6275e+00	
 4.6329e+00	
 4.6387e+00	
 4.6231e+00	
 4.6246e+00	
 4.5993e+00	
 4.5904e+00	
 4.6337e+00	
 4.6197e+00	
 4.6198e+00	
 4.6144e+00	
 4.6379e+00	
 4.6178e+00	
 4.6168e+00	
 4.6151e+00	
 4.6053e+00	
 4.6060e+00	
 4.6255e+00	
 4.6110e+00	
 4.5945e+00	
 4.6238e+00	
 4.6098e+00	
 4.6069e+00	
 4.6011e+00	
 4.6061e+00	
 4.6270e+00	
 4.6124e+00	
 4.6247e+00	
 4.6197e+00	
 4.6166e+00	
 4.6216e+00	
 4.6323e+00	
 4.6431e+00	
 4.6152e+00	
 4.6253e+00	
 4.6297e+00	
 4.6318e+00	
 4.6259e+00	
 4.6171e+00	
 4.6227e+00	
 4.5930e+00	
 4.6006e+00	
 4.6414e+00	
 4.6028e+00	
 4.6347e+00	
 4.5946e+00	
 4.6027e+00	
 4.6202e+00	
 4.5991e+00	
 4.6364e+00	
 4.6139e+00	
 4.6189e+00	
 4.6103e+00	
 4.6128e+00	
 4.6148e+00	
 4.6129e+00	
 4.6128e+00	
 4.5945e+00	
 4.6180e+00	
 4.6257e+00	
 4.6149e+00	
 4.6034e+00	
 4.6158e+00	
 4.6092e+00	
 4.6395e+00	
 4.6132e+00	
 4.6247e+00	
 4.6169e+00	
 4.6011e+00	
 4.6347e+00	
 4.6167e+00	
 4.6150e+00	
 4.6298e+00	
 4.6103e+00	
 4.6143e+00	
 4.6092e+00	
 4.6079e+00	
 4.6044e+00	
 4.6107e+00	
 4.6215e+00	
 4.6384e+00	
 4.6236e+00	
 4.6145e+00	
 4.6066e+00	
 4.5880e+00	
 4.6033e+00	
 4.6186e+00	
 4.6106e+00	
 4.6082e+00	
 4.6244e+00	
 4.6203e+00	
 4.6250e+00	
 4.6187e+00	
 4.6156e+00	
 4.6422e+00	
 4.6202e+00	
 4.6170e+00	
 4.6256e+00	
 4.6091e+00	
 4.6046e+00	
 4.5998e+00	
 4.6380e+00	
 4.6268e+00	
 4.6079e+00	
 4.6183e+00	
 4.6155e+00	
 4.6139e+00	
 4.6310e+00	
 4.6131e+00	
 4.6208e+00	
 4.6226e+00	
 4.6156e+00	
 4.5962e+00	
 4.5963e+00	
 4.6254e+00	
 4.5970e+00	
 4.6205e+00	
 4.6209e+00	
 4.6243e+00	
 4.6121e+00	
 4.6041e+00	
 4.6282e+00	
 4.6196e+00	
 4.6312e+00	
 4.6149e+00	
 4.6109e+00	
 4.6278e+00	
 4.6164e+00	
 4.6211e+00	
 4.6294e+00	
 4.6232e+00	
 4.6115e+00	
 4.6265e+00	
 4.6170e+00	
 4.6193e+00	
 4.6149e+00	
 4.6361e+00	
 4.6148e+00	
 4.6080e+00	
 4.6200e+00	
 4.6205e+00	
 4.6125e+00	
 4.6157e+00	
 4.6229e+00	
 4.6219e+00	
 4.6371e+00	
 4.6254e+00	
 4.6143e+00	
 4.6252e+00	
 4.6312e+00	
 4.6301e+00	
 4.6177e+00	
 4.6154e+00	
 4.6336e+00	
 4.6263e+00	
 4.6109e+00	
 4.6077e+00	
 4.6181e+00	
 4.6097e+00	
 4.6214e+00	
 4.6353e+00	
 4.6121e+00	
 4.6126e+00	
 4.6309e+00	
 4.6206e+00	
 4.6202e+00	
 4.6258e+00	
 4.6159e+00	
 4.6141e+00	
 4.6088e+00	
 4.6192e+00	
 4.6151e+00	
 4.6166e+00	
 4.6187e+00	
 4.6155e+00	
 4.6206e+00	
 4.6307e+00	
 4.6205e+00	
 4.6266e+00	
 4.6212e+00	
 4.6063e+00	
 4.5985e+00	
 4.6138e+00	
 4.6139e+00	
 4.6185e+00	
 4.6229e+00	
 4.6109e+00	
 4.5940e+00	
 4.6144e+00	
 4.6259e+00	
 4.6156e+00	
 4.6351e+00	
 4.6165e+00	
 4.6110e+00	
 4.5939e+00	
 4.6472e+00	
 4.6451e+00	
 4.6253e+00	
 4.6249e+00	
 4.6270e+00	
 4.6170e+00	
 4.5989e+00	
 4.6295e+00	
 4.6243e+00	
 4.6203e+00	
 4.6198e+00	
 4.6315e+00	
 4.5984e+00	
 4.6371e+00	
 4.6286e+00	
 4.6033e+00	
 4.6035e+00	
 4.5925e+00	
 4.6343e+00	
 4.6072e+00	
 4.6185e+00	
 4.6118e+00	
 4.6063e+00	
 4.6193e+00	
 4.6164e+00	
 4.6356e+00	
 4.6185e+00	
 4.6390e+00	
 4.6272e+00	
 4.6219e+00	
 4.6093e+00	
 4.6232e+00	
 4.6026e+00	
 4.6204e+00	
 4.6226e+00	
 4.6269e+00	
 4.6059e+00	
 4.6111e+00	
 4.6105e+00	
 4.6146e+00	
 4.5882e+00	
 4.6133e+00	
 4.6156e+00	
 4.6071e+00	
 4.6044e+00	
 4.6127e+00	
 4.6081e+00	
 4.6096e+00	
 4.6062e+00	
 4.6104e+00	
 4.6179e+00	
 4.5979e+00	
 4.5945e+00	
 4.6022e+00	
 4.6241e+00	
 4.6038e+00	
 4.6101e+00	
 4.6038e+00	
 4.6377e+00	
 4.6099e+00	
 4.6229e+00	
 4.6118e+00	
 4.6305e+00	
 4.6227e+00	
 4.6049e+00	
 4.6345e+00	
 4.6156e+00	
 4.6229e+00	
 4.6256e+00	
 4.6010e+00	
 4.6040e+00	
 4.6162e+00	
 4.6098e+00	
 4.6021e+00	
 4.6352e+00	
 4.6099e+00	
 4.6202e+00	
 4.5963e+00	
 4.6192e+00	
 4.6037e+00	
 4.6147e+00	
 4.6394e+00	
 4.6298e+00	
 4.6311e+00	
 4.6280e+00	
 4.6118e+00	
 4.6182e+00	
 4.6276e+00	
 4.6072e+00	
 4.6198e+00	
 4.6366e+00	
 4.6187e+00	
 4.6004e+00	
 4.6294e+00	
 4.5965e+00	
 4.6109e+00	
 4.6313e+00	
 4.6161e+00	
 4.6229e+00	
 4.6269e+00	
 4.6104e+00	
 4.6101e+00	
 4.6209e+00	
 4.6289e+00	
 4.6370e+00	
 4.6129e+00	
 4.6197e+00	
 4.6195e+00	
 4.6049e+00	
 4.6237e+00	
 4.6094e+00	
 4.6130e+00	
 4.6125e+00	
 4.5995e+00	
 4.6156e+00	
 4.6043e+00	
 4.6218e+00	
 4.6285e+00	
 4.6193e+00	
 4.6137e+00	
 4.6173e+00	
 4.6008e+00	
 4.6192e+00	
 4.6009e+00	
 4.6254e+00	
 4.6401e+00	
 4.6157e+00	
 4.6046e+00	
 4.6096e+00	
 4.5963e+00	
 4.6017e+00	
 4.6365e+00	
 4.6329e+00	
 4.6167e+00	
 4.6240e+00	
 4.6134e+00	
 4.6201e+00	
 4.6256e+00	
 4.6186e+00	
 4.6146e+00	
 4.6198e+00	
 4.6119e+00	
 4.6381e+00	
 4.6264e+00	
 4.6102e+00	
 4.6273e+00	
 4.6421e+00	
 4.6214e+00	
 4.6275e+00	
 4.6143e+00	
 4.6221e+00	
 4.6165e+00	
 4.6051e+00	
 4.5978e+00	
 4.6052e+00	
 4.6394e+00	
 4.6288e+00	
 4.6077e+00	
 4.6007e+00	
 4.6043e+00	
 4.5997e+00	
 4.6168e+00	
 4.6027e+00	
 4.6040e+00	
 4.6295e+00	
 4.6072e+00	
 4.6320e+00	
 4.6163e+00	
 4.6146e+00	
 4.6131e+00	
 4.6153e+00	
 4.6233e+00	
 4.6224e+00	
 4.6096e+00	
 4.6098e+00	
 4.6029e+00	
 4.6055e+00	
 4.6095e+00	
 4.6150e+00	
 4.6200e+00	
 4.6158e+00	
 4.6140e+00	
 4.6213e+00	
 4.6123e+00	
 4.6286e+00	
 4.6105e+00	
 4.6289e+00	
 4.6167e+00	
 4.6253e+00	
 4.6039e+00	
 4.6087e+00	
 4.6285e+00	
 4.6130e+00	
 4.6364e+00	
 4.6084e+00	
 4.6241e+00	
 4.5871e+00	
 4.6176e+00	
 4.6395e+00	
 4.5977e+00	
 4.6480e+00	
 4.6239e+00	
 4.6153e+00	
 4.6002e+00	
 4.6126e+00	
 4.5928e+00	
 4.6364e+00	
 4.5995e+00	
 4.6087e+00	
 4.6462e+00	
 4.6247e+00	
 4.6095e+00	
 4.6559e+00	
 4.6180e+00	
 4.6256e+00	
 4.6397e+00	
 4.6118e+00	
 4.6137e+00	
 4.6191e+00	
 4.6127e+00	
 4.6015e+00	
 4.6072e+00	
 4.6263e+00	
 4.5919e+00	
 4.6232e+00	
 4.6259e+00	
 4.6416e+00	
 4.6113e+00	
 4.6246e+00	
 4.6194e+00	
 4.6142e+00	
 4.6068e+00	
 4.6236e+00	
 4.6218e+00	
 4.6147e+00	
 4.6291e+00	
 4.6025e+00	
 4.6217e+00	
 4.6116e+00	
 4.5986e+00	
 4.6008e+00	
 4.6284e+00	
 4.6159e+00	
 4.6195e+00	
 4.6113e+00	
 4.6091e+00	
 4.6168e+00	
 4.6238e+00	
 4.5966e+00	
 4.5950e+00	
 4.6168e+00	
 4.6107e+00	
 4.6228e+00	
 4.6065e+00	
 4.6263e+00	
 4.6261e+00	
 4.6381e+00	
 4.5972e+00	
 4.6167e+00	
 4.6103e+00	
 4.6140e+00	
 4.6293e+00	
 4.6308e+00	
 4.6147e+00	
 4.6048e+00	
 4.5889e+00	
 4.6157e+00	
 4.6216e+00	
 4.6144e+00	
 4.6383e+00	
 4.6180e+00	
 4.6358e+00	
 4.6508e+00	
 4.6109e+00	
 4.5986e+00	
 4.6151e+00	
 4.6168e+00	
 4.6137e+00	
 4.6146e+00	
 4.5994e+00	
 4.5890e+00	
 4.6096e+00	
 4.6006e+00	
 4.6000e+00	
 4.6218e+00	
 4.6114e+00	
 4.6090e+00	
 4.6154e+00	
 4.6283e+00	
 4.6166e+00	
 4.6156e+00	
 4.6402e+00	
 4.5943e+00	
 4.6116e+00	
 4.6210e+00	
 4.6098e+00	
 4.6025e+00	
 4.6008e+00	
 4.6266e+00	
 4.5995e+00	
 4.6180e+00	
 4.6096e+00	
 4.6030e+00	
 4.6039e+00	
 4.5958e+00	
 4.6123e+00	
 4.6036e+00	
 4.6159e+00	
 4.6255e+00	
 4.6260e+00	
 4.6216e+00	
 4.6022e+00	
 4.6305e+00	
 4.6200e+00	
 4.6245e+00	
 4.6335e+00	
 4.6105e+00	
 4.6256e+00	
 4.6255e+00	
 4.6110e+00	
 4.6182e+00	
 4.6085e+00	
 4.6243e+00	
 4.6247e+00	
 4.6259e+00	
 4.6369e+00	
 4.6066e+00	
 4.6154e+00	
 4.6319e+00	
 4.6314e+00	
 4.6317e+00	
 4.6210e+00	
 4.6306e+00	
 4.6224e+00	
 4.6034e+00	
 4.6331e+00	
 4.6359e+00	
 4.6143e+00	
 4.6144e+00	
 4.6225e+00	
 4.6275e+00	
 4.6302e+00	
 4.6158e+00	
 4.6218e+00	
 4.5929e+00	
 4.5926e+00	
 4.6175e+00	
 4.6135e+00	
 4.6164e+00	
 4.6127e+00	
 4.6140e+00	
 4.6287e+00	
 4.6112e+00	
 4.6164e+00	
 4.6277e+00	
 4.6113e+00	
 4.6279e+00	
 4.6282e+00	
 4.6046e+00	
 4.6281e+00	
 4.5973e+00	
 4.6280e+00	
 4.6301e+00	
 4.6154e+00	
 4.6369e+00	
 4.6155e+00	
 4.6322e+00	
 4.6404e+00	
 4.6278e+00	
 4.6163e+00	
 4.6021e+00	
 4.6133e+00	
 4.6015e+00	
 4.6032e+00	
 4.6130e+00	
 4.6420e+00	
 4.6219e+00	
 4.6175e+00	
 4.6257e+00	
 4.6167e+00	
 4.6312e+00	
 4.6281e+00	
 4.6282e+00	
 4.6164e+00	
 4.6221e+00	
 4.6168e+00	
 4.6165e+00	
 4.6218e+00	
 4.6400e+00	
 4.6315e+00	
 4.6161e+00	
 4.6350e+00	
 4.6285e+00	
 4.6123e+00	
 4.6052e+00	
 4.6164e+00	
 4.6139e+00	
 4.6139e+00	
 4.6036e+00	
 4.6285e+00	
 4.6012e+00	
 4.6290e+00	
 4.6339e+00	
 4.6262e+00	
 4.6123e+00	
 4.5956e+00	
 4.6075e+00	
 4.6278e+00	
 4.6194e+00	
 4.6070e+00	
 4.6208e+00	
 4.6104e+00	
 4.6326e+00	
 4.6091e+00	
 4.5974e+00	
 4.6137e+00	
 4.6248e+00	
 4.6266e+00	
 4.6090e+00	
 4.6220e+00	
 4.6215e+00	
 4.6149e+00	
 4.6037e+00	
 4.6139e+00	
 4.6097e+00	
 4.6327e+00	
 4.6066e+00	
 4.6042e+00	
 4.6144e+00	
 4.6058e+00	
 4.6260e+00	
 4.6259e+00	
 4.6207e+00	
 4.6012e+00	
 4.6320e+00	
 4.6096e+00	
 4.5958e+00	
 4.6164e+00	
 4.5958e+00	
 4.6541e+00	
 4.6160e+00	
 4.6201e+00	
 4.6008e+00	
 4.6275e+00	
 4.6234e+00	
 4.6151e+00	
 4.6295e+00	
 4.6357e+00	
 4.5982e+00	
 4.6128e+00	
 4.6072e+00	
 4.6087e+00	
 4.6238e+00	
 4.6081e+00	
 4.6189e+00	
 4.6312e+00	
 4.6214e+00	
 4.6160e+00	
 4.6118e+00	
 4.6082e+00	
 4.6010e+00	
 4.6152e+00	
 4.6247e+00	
 4.6276e+00	
 4.6269e+00	
 4.6381e+00	
 4.6458e+00	
 4.6010e+00	
 4.6098e+00	
 4.6170e+00	
 4.6250e+00	
 4.6245e+00	
 4.6100e+00	
 4.6216e+00	
 4.6062e+00	
 4.6152e+00	
 4.6049e+00	
 4.6066e+00	
 4.6019e+00	
 4.6485e+00	
 4.6132e+00	
 4.6146e+00	
 4.6115e+00	
 4.6097e+00	
 4.6043e+00	
 4.6097e+00	
 4.6084e+00	
 4.6103e+00	
 4.6055e+00	
 4.6264e+00	
 4.6145e+00	
 4.6321e+00	
 4.6063e+00	
 4.5850e+00	
 4.6297e+00	
 4.6322e+00	
 4.6221e+00	
 4.6237e+00	
 4.6181e+00	
 4.6062e+00	
 4.6108e+00	
 4.6249e+00	
 4.6105e+00	
 4.6102e+00	
 4.6316e+00	
 4.6340e+00	
 4.6227e+00	
 4.6227e+00	
 4.6274e+00	
 4.6019e+00	
 4.6089e+00	
 4.6427e+00	
 4.6211e+00	
 4.6202e+00	
 4.6239e+00	
 4.6013e+00	
 4.5995e+00	
 4.6331e+00	
 4.5987e+00	
 4.6020e+00	
 4.6165e+00	
 4.6177e+00	
 4.6188e+00	
 4.6110e+00	
 4.6311e+00	
 4.6159e+00	
 4.5955e+00	
 4.6002e+00	
 4.6230e+00	
 4.6384e+00	
 4.6257e+00	
 4.6098e+00	
 4.5914e+00	
 4.6132e+00	
 4.6210e+00	
 4.6243e+00	
 4.6133e+00	
 4.6250e+00	
 4.6124e+00	
 4.6194e+00	
 4.6095e+00	
 4.6224e+00	
 4.6119e+00	
 4.6217e+00	
 4.6186e+00	
 4.6213e+00	
 4.6177e+00	
 4.6080e+00	
 4.6189e+00	
 4.6440e+00	
 4.6120e+00	
 4.6001e+00	
 4.6064e+00	
 4.6044e+00	
 4.6222e+00	
 4.6195e+00	
 4.6373e+00	
 4.6184e+00	
 4.6117e+00	
 4.6290e+00	
 4.6153e+00	
 4.6037e+00	
 4.6178e+00	
 4.6171e+00	
 4.6225e+00	
 4.6246e+00	
 4.6279e+00	
 4.6389e+00	
 4.6293e+00	
 4.6182e+00	
 4.5955e+00	
 4.6050e+00	
 4.6037e+00	
 4.6393e+00	
 4.6109e+00	
 4.6377e+00	
 4.6178e+00	
 4.6078e+00	
 4.6238e+00	
 4.5987e+00	
 4.6198e+00	
 4.6125e+00	
 4.5971e+00	
 4.6234e+00	
 4.6103e+00	
 4.5988e+00	
 4.6391e+00	
 4.6324e+00	
 4.6201e+00	
 4.6187e+00	
 4.6066e+00	
 4.6133e+00	
 4.6321e+00	
 4.6127e+00	
 4.6135e+00	
 4.6092e+00	
 4.5973e+00	
 4.6204e+00	
 4.6177e+00	
 4.6290e+00	
 4.6143e+00	
 4.6139e+00	
 4.6115e+00	
 4.6178e+00	
 4.5892e+00	
 4.6190e+00	
 4.6160e+00	
 4.6152e+00	
 4.6019e+00	
 4.6038e+00	
 4.6079e+00	
 4.6129e+00	
 4.6121e+00	
 4.6178e+00	
 4.6212e+00	
 4.6399e+00	
 4.6138e+00	
 4.6112e+00	
 4.6160e+00	
 4.6389e+00	
 4.6090e+00	
 4.6274e+00	
 4.6315e+00	
 4.6486e+00	
 4.6100e+00	
 4.6035e+00	
 4.5983e+00	
 4.6287e+00	
 4.6297e+00	
 4.5988e+00	
 4.6267e+00	
 4.6178e+00	
 4.6085e+00	
 4.6095e+00	
 4.6191e+00	
 4.6149e+00	
 4.6330e+00	
 4.5887e+00	
 4.6146e+00	
 4.6277e+00	
 4.5974e+00	
 4.6306e+00	
 4.5989e+00	
 4.6176e+00	
 4.6076e+00	
 4.6262e+00	
 4.6267e+00	
 4.6221e+00	
 4.6236e+00	
 4.6025e+00	
 4.6136e+00	
 4.6183e+00	
 4.6327e+00	
 4.6129e+00	
 4.6242e+00	
 4.6189e+00	
 4.6264e+00	
 4.6264e+00	
 4.6075e+00	
 4.6058e+00	
 4.6146e+00	
 4.6255e+00	
 4.6283e+00	
 4.6144e+00	
 4.6335e+00	
 4.6078e+00	
 4.6068e+00	
 4.6174e+00	
 4.6046e+00	
 4.6272e+00	
 4.6046e+00	
 4.6221e+00	
 4.6217e+00	
 4.6048e+00	
 4.6387e+00	
 4.6264e+00	
 4.6140e+00	
 4.6117e+00	
 4.6217e+00	
 4.6073e+00	
 4.6260e+00	
 4.6059e+00	
 4.6278e+00	
 4.6165e+00	
 4.6101e+00	
 4.6401e+00	
 4.6329e+00	
 4.6230e+00	
 4.6111e+00	
 4.6225e+00	
 4.6122e+00	
 4.5979e+00	
 4.6100e+00	
 4.6165e+00	
 4.6407e+00	
 4.6090e+00	
 4.6108e+00	
 4.6016e+00	
 4.6157e+00	
 4.6119e+00	
 4.6174e+00	
 4.6038e+00	
 4.6147e+00	
 4.6221e+00	
 4.6132e+00	
 4.5822e+00	
 4.6007e+00	
 4.6244e+00	
 4.6073e+00	
 4.5926e+00	
 4.6318e+00	
 4.6194e+00	
 4.6208e+00	
 4.6269e+00	
 4.6254e+00	
 4.6072e+00	
 4.6001e+00	
 4.6304e+00	
 4.6325e+00	
 4.6162e+00	
 4.6041e+00	
 4.6149e+00	
 4.6024e+00	
 4.6041e+00	
 4.6240e+00	
 4.6073e+00	
 4.5986e+00	
 4.6079e+00	
 4.6216e+00	
 4.6244e+00	
 4.6017e+00	
 4.5944e+00	
 4.6296e+00	
 4.5976e+00	
 4.6088e+00	
 4.6105e+00	
 4.6080e+00	
 4.6107e+00	
 4.6199e+00	
 4.6215e+00	
 4.6000e+00	
 4.6094e+00	
 4.6212e+00	
 4.6218e+00	
 4.6301e+00	
 4.6245e+00	
 4.6306e+00	
 4.6248e+00	
 4.6252e+00	
 4.6288e+00	
 4.6322e+00	
 4.6287e+00	
 4.6390e+00	
 4.6262e+00	
 4.6192e+00	
 4.6349e+00	
 4.6173e+00	
 4.6205e+00	
 4.6393e+00	
 4.6200e+00	
 4.6025e+00	
 4.6365e+00	
 4.6088e+00	
 4.6253e+00	
 4.6115e+00	
 4.6003e+00	
 4.6263e+00	
 4.6009e+00	
 4.6101e+00	
 4.6265e+00	
 4.6132e+00	
 4.6212e+00	
 4.6252e+00	
 4.6070e+00	
 4.6059e+00	
 4.6011e+00	
 4.6068e+00	
 4.6125e+00	
 4.6103e+00	
 4.6248e+00	
 4.6247e+00	
 4.6235e+00	
 4.6192e+00	
 4.6236e+00	
 4.6319e+00	
 4.6153e+00	
 4.6229e+00	
 4.6215e+00	
 4.6275e+00	
 4.6203e+00	
 4.6299e+00	
 4.6084e+00	
 4.6204e+00	
 4.6007e+00	
 4.6210e+00	
 4.6400e+00	
 4.6121e+00	
 4.6425e+00	
 4.6075e+00	
 4.6177e+00	
 4.6052e+00	
 4.6201e+00	
 4.6041e+00	
 4.6470e+00	
 4.6265e+00	
 4.6180e+00	
 4.6140e+00	
 4.6001e+00	
 4.5965e+00	
 4.6284e+00	
 4.6230e+00	
 4.6211e+00	
 4.6174e+00	
 4.6216e+00	
 4.6266e+00	
 4.5959e+00	
 4.6060e+00	
 4.6197e+00	
 4.6199e+00	
 4.6162e+00	
 4.6411e+00	
 4.6193e+00	
 4.5909e+00	
 4.6156e+00	
 4.6302e+00	
 4.6295e+00	
 4.6152e+00	
 4.6371e+00	
 4.6035e+00	
 4.6248e+00	
 4.6062e+00	
 4.6061e+00	
 4.5928e+00	
 4.6295e+00	
 4.6202e+00	
 4.6256e+00	
 4.6072e+00	
 4.6226e+00	
 4.6116e+00	
 4.6146e+00	
 4.6183e+00	
 4.6107e+00	
 4.6159e+00	
 4.6109e+00	
 4.6326e+00	
 4.6165e+00	
 4.6147e+00	
 4.6268e+00	
 4.6263e+00	
 4.6193e+00	
 4.6180e+00	
 4.6019e+00	
 4.6240e+00	
 4.6068e+00	
 4.6036e+00	
 4.6052e+00	
 4.6212e+00	
 4.6185e+00	
 4.5864e+00	
 4.6100e+00	
 4.6095e+00	
 4.6116e+00	
 4.6293e+00	
 4.6105e+00	
 4.6215e+00	
 4.6165e+00	
 4.6340e+00	
 4.6107e+00	
 4.6121e+00	
 4.5991e+00	
 4.6025e+00	
 4.6012e+00	
 4.6067e+00	
 4.6201e+00	
 4.6009e+00	
 4.6017e+00	
 4.6139e+00	
 4.6106e+00	
 4.5954e+00	
 4.6343e+00	
 4.6390e+00	
 4.6125e+00	
 4.6290e+00	
 4.6129e+00	
 4.6033e+00	
 4.6101e+00	
 4.6125e+00	
 4.6141e+00	
 4.6147e+00	
 4.6009e+00	
 4.6126e+00	
 4.6155e+00	
 4.6236e+00	
 4.6128e+00	
 4.6033e+00	
 4.6306e+00	
 4.6102e+00	
 4.6087e+00	
 4.6080e+00	
 4.6195e+00	
 4.6074e+00	
 4.6236e+00	
 4.6274e+00	
 4.6291e+00	
 4.6066e+00	
 4.6002e+00	
 4.6033e+00	
 4.6017e+00	
 4.6248e+00	
 4.6096e+00	
 4.6240e+00	
 4.6299e+00	
 4.6220e+00	
 4.6142e+00	
 4.5910e+00	
 4.6370e+00	
 4.6128e+00	
 4.6103e+00	
 4.6143e+00	
 4.6106e+00	
 4.6323e+00	
 4.5999e+00	
 4.6296e+00	
 4.6197e+00	
 4.6257e+00	
 4.6214e+00	
 4.6230e+00	
 4.6370e+00	
 4.6178e+00	
 4.6332e+00	
 4.6155e+00	
 4.5989e+00	
 4.6265e+00	
 4.6081e+00	
 4.6215e+00	
 4.6299e+00	
 4.6371e+00	
 4.6392e+00	
 4.6131e+00	
 4.6227e+00	
 4.6069e+00	
 4.6025e+00	
 4.6051e+00	
 4.6181e+00	
 4.6173e+00	
 4.6130e+00	
 4.6073e+00	
 4.5917e+00	
 4.5981e+00	
 4.6580e+00	
 4.5996e+00	
 4.6268e+00	
 4.6188e+00	
 4.6025e+00	
 4.6316e+00	
 4.6238e+00	
 4.6206e+00	
 4.5982e+00	
 4.6130e+00	
 4.6225e+00	
 4.6091e+00	
 4.6206e+00	
 4.6360e+00	
 4.6312e+00	
 4.6071e+00	
 4.6104e+00	
 4.6032e+00	
 4.6404e+00	
 4.6039e+00	
 4.6310e+00	
 4.6412e+00	
 4.6067e+00	
 4.5863e+00	
 4.6131e+00	
 4.6165e+00	
 4.6230e+00	
 4.5954e+00	
 4.6126e+00	
 4.6043e+00	
 4.6057e+00	
 4.6188e+00	
 4.6170e+00	
 4.6054e+00	
 4.6418e+00	
 4.6042e+00	
 4.6327e+00	
 4.6027e+00	
 4.6252e+00	
 4.6307e+00	
 4.6054e+00	
 4.6168e+00	
 4.6213e+00	
 4.6207e+00	
 4.6030e+00	
 4.6071e+00	
 4.6085e+00	
 4.6113e+00	
 4.6072e+00	
 4.6101e+00	
 4.6006e+00	
 4.6184e+00	
 4.6294e+00	
 4.6211e+00	
 4.6350e+00	
 4.6467e+00	
 4.6240e+00	
 4.6107e+00	
 4.5991e+00	
 4.6134e+00	
 4.6315e+00	
 4.6359e+00	
 4.6028e+00	
 4.6269e+00	
 4.6138e+00	
 4.6276e+00	
 4.6086e+00	
 4.5938e+00	
 4.6321e+00	
 4.6427e+00	
 4.6248e+00	
 4.6106e+00	
 4.6193e+00	
 4.6301e+00	
 4.6205e+00	
 4.6107e+00	
 4.6164e+00	
 4.6270e+00	
 4.5999e+00	
 4.6138e+00	
 4.6037e+00	
 4.6396e+00	
 4.5953e+00	
 4.5973e+00	
 4.6046e+00	
 4.5994e+00	
 4.6328e+00	
 4.6240e+00	
 4.6194e+00	
 4.6091e+00	
 4.6212e+00	
 4.6187e+00	
 4.6134e+00	
 4.6389e+00	
 4.6309e+00	
 4.6226e+00	
 4.6339e+00	
 4.6162e+00	
 4.6154e+00	
 4.6269e+00	
 4.6107e+00	
 4.6129e+00	
 4.6232e+00	
 4.6043e+00	
 4.6168e+00	
 4.5985e+00	
 4.6071e+00	
 4.5982e+00	
 4.6068e+00	
 4.6184e+00	
 4.6252e+00	
 4.6271e+00	
 4.6024e+00	
 4.6324e+00	
 4.6141e+00	
 4.6041e+00	
 4.6382e+00	
 4.6446e+00	
 4.5934e+00	
 4.6223e+00	
 4.6150e+00	
 4.6164e+00	
 4.5984e+00	
 4.6187e+00	
 4.6292e+00	
 4.6315e+00	
 4.6190e+00	
 4.6160e+00	
 4.6278e+00	
 4.6191e+00	
 4.6217e+00	
 4.6150e+00	
 4.6111e+00	
 4.6192e+00	
 4.6178e+00	
 4.6230e+00	
 4.5854e+00	
 4.5950e+00	
 4.6307e+00	
 4.6247e+00	
 4.6179e+00	
 4.6124e+00	
 4.6156e+00	
 4.6101e+00	
 4.6177e+00	
 4.6152e+00	
 4.6203e+00	
 4.6204e+00	
 4.6220e+00	
 4.6142e+00	
 4.6147e+00	
 4.6205e+00	
 4.6324e+00	
 4.6083e+00	
 4.6015e+00	
 4.6084e+00	
 4.6146e+00	
 4.6203e+00	
 4.6182e+00	
 4.6188e+00	
 4.6139e+00	
 4.6067e+00	
 4.6164e+00	
 4.6366e+00	
 4.6177e+00	
 4.6145e+00	
 4.6321e+00	
 4.6307e+00	
 4.6068e+00	
 4.6398e+00	
 4.5937e+00	
 4.6090e+00	
 4.6107e+00	
 4.6242e+00	
 4.6097e+00	
 4.6265e+00	
 4.6221e+00	
 4.5975e+00	
 4.6252e+00	
 4.6481e+00	
 4.6122e+00	
 4.6108e+00	
 4.6279e+00	
 4.6078e+00	
 4.6250e+00	
 4.6376e+00	
 4.6269e+00	
 4.6213e+00	
 4.6009e+00	
 4.6152e+00	
 4.6226e+00	
 4.6205e+00	
 4.6028e+00	
 4.6196e+00	
 4.6157e+00	
 4.6230e+00	
 4.6309e+00	
 4.6206e+00	
 4.6137e+00	
 4.6184e+00	
 4.6363e+00	
 4.6222e+00	
 4.5985e+00	
 4.6186e+00	
 4.5947e+00	
 4.6160e+00	
 4.6243e+00	
 4.6154e+00	
 4.6102e+00	
 4.6397e+00	
 4.6213e+00	
 4.6102e+00	
 4.5957e+00	
 4.6417e+00	
 4.5999e+00	
 4.6327e+00	
 4.6154e+00	
 4.6084e+00	
 4.6181e+00	
 4.6032e+00	
 4.5987e+00	
 4.6188e+00	
 4.6284e+00	
 4.5915e+00	
 4.6235e+00	
 4.6208e+00	
 4.6222e+00	
 4.6261e+00	
 4.6189e+00	
 4.6122e+00	
 4.6424e+00	
 4.6242e+00	
 4.6300e+00	
 4.6306e+00	
 4.6124e+00	
 4.6184e+00	
 4.6270e+00	
 4.6266e+00	
 4.6028e+00	
 4.6333e+00	
 4.6206e+00	
 4.6391e+00	
 4.6204e+00	
 4.6240e+00	
 4.6141e+00	
 4.6352e+00	
 4.6115e+00	
 4.6180e+00	
 4.6131e+00	
 4.6172e+00	
 4.6183e+00	
 4.6154e+00	
 4.6069e+00	
 4.6162e+00	
 4.6078e+00	
 4.6141e+00	
 4.6216e+00	
 4.6240e+00	
 4.6312e+00	
 4.6323e+00	
 4.6137e+00	
 4.6190e+00	
 4.6353e+00	
 4.6032e+00	
 4.6151e+00	
 4.6271e+00	
 4.6245e+00	
 4.6125e+00	
 4.6117e+00	
 4.6108e+00	
 4.6030e+00	
 4.6069e+00	
 4.6108e+00	
 4.6236e+00	
 4.6192e+00	
 4.6208e+00	
 4.6218e+00	
 4.6227e+00	
 4.6053e+00	
 4.6330e+00	
 4.6224e+00	
 4.6008e+00	
 4.6125e+00	
 4.5970e+00	
 4.5881e+00	
 4.6218e+00	
 4.6205e+00	
 4.6150e+00	
 4.6116e+00	
 4.6386e+00	
 4.6183e+00	
 4.6182e+00	
 4.6118e+00	
 4.6120e+00	
 4.6344e+00	
 4.6390e+00	
 4.6123e+00	
 4.6224e+00	
 4.6282e+00	
 4.6248e+00	
 4.6138e+00	
 4.6088e+00	
 4.6204e+00	
 4.6151e+00	
 4.6177e+00	
 4.6267e+00	
 4.6232e+00	
 4.6182e+00	
 4.6069e+00	
 4.6344e+00	
 4.6054e+00	
 4.6076e+00	
 4.6134e+00	
 4.6289e+00	
 4.6235e+00	
 4.6211e+00	
 4.6195e+00	
 4.6047e+00	
 4.6352e+00	
 4.6248e+00	
 4.6097e+00	
 4.6289e+00	
 4.6108e+00	
 4.5951e+00	
 4.6187e+00	
 4.6359e+00	
 4.5982e+00	
 4.6156e+00	
 4.6122e+00	
 4.6264e+00	
 4.6262e+00	
 4.6144e+00	
 4.6156e+00	
 4.6023e+00	
 4.5943e+00	
 4.6122e+00	
 4.6107e+00	
 4.6121e+00	
 4.6229e+00	
 4.6348e+00	
 4.6148e+00	
 4.6293e+00	
 4.6013e+00	
 4.6172e+00	
 4.6240e+00	
 4.6252e+00	
 4.6229e+00	
 4.6171e+00	
 4.6130e+00	
 4.6222e+00	
 4.6135e+00	
 4.6166e+00	
 4.6148e+00	
 4.6186e+00	
 4.5924e+00	
 4.6386e+00	
 4.6167e+00	
 4.6137e+00	
 4.6151e+00	
 4.6166e+00	
 4.6235e+00	
 4.6251e+00	
 4.6048e+00	
 4.6223e+00	
 4.6229e+00	
 4.6084e+00	
 4.6229e+00	
 4.6054e+00	
 4.6083e+00	
 4.6285e+00	
 4.6227e+00	
 4.6250e+00	
 4.6011e+00	
 4.6173e+00	
 4.6180e+00	
 4.6128e+00	
 4.6195e+00	
 4.6117e+00	
 4.6363e+00	
 4.6294e+00	
 4.6245e+00	
 4.6048e+00	
 4.6339e+00	
 4.6289e+00	
 4.6277e+00	
 4.5992e+00	
 4.5793e+00	
 4.6092e+00	
 4.6084e+00	
 4.5954e+00	
 4.6123e+00	
 4.6141e+00	
 4.6215e+00	
 4.6096e+00	
 4.6160e+00	
 4.6368e+00	
 4.6368e+00	
 4.5896e+00	
 4.6366e+00	
 4.6136e+00	
 4.5949e+00	
 4.5954e+00	
 4.6146e+00	
 4.6362e+00	
 4.6046e+00	
 4.6241e+00	
 4.6258e+00	
 4.6128e+00	
 4.6187e+00	
 4.5981e+00	
 4.6088e+00	
 4.6213e+00	
 4.6145e+00	
 4.6185e+00	
 4.6294e+00	
 4.6109e+00	
 4.6176e+00	
 4.5990e+00	
 4.6180e+00	
 4.6233e+00	
 4.6048e+00	
 4.6057e+00	
 4.6192e+00	
 4.6385e+00	
 4.6155e+00	
 4.6405e+00	
 4.6289e+00	
 4.6185e+00	
 4.6242e+00	
 4.6098e+00	
 4.6282e+00	
 4.6180e+00	
 4.6009e+00	
 4.6136e+00	
 4.6063e+00	
 4.6213e+00	
 4.6141e+00	
 4.6357e+00	
 4.6181e+00	
 4.6290e+00	
 4.5993e+00	
 4.6024e+00	
 4.6241e+00	
 4.6001e+00	
 4.6218e+00	
 4.5989e+00	
 4.6230e+00	
 4.6199e+00	
 4.6045e+00	
 4.6101e+00	
 4.6249e+00	
 4.6121e+00	
 4.6318e+00	
 4.6218e+00	
 4.6201e+00	
 4.6237e+00	
 4.6017e+00	
 4.6131e+00	
 4.6241e+00	
 4.6162e+00	
 4.6111e+00	
 4.6300e+00	
 4.6210e+00	
 4.6120e+00	
 4.6028e+00	
 4.6134e+00	
 4.6217e+00	
 4.6243e+00	
 4.6190e+00	
 4.6263e+00	
 4.6125e+00	
 4.6120e+00	
 4.6085e+00	
 4.6109e+00	
 4.6047e+00	
 4.6139e+00	
 4.6190e+00	
 4.6158e+00	
 4.6176e+00	
 4.5949e+00	
 4.6325e+00	
 4.5965e+00	
 4.6209e+00	
 4.6195e+00	
 4.6115e+00	
 4.6201e+00	
 4.5950e+00	
 4.6129e+00	
 4.6173e+00	
 4.6130e+00	
 4.6004e+00	
 4.6006e+00	
 4.6090e+00	
 4.6110e+00	
 4.6125e+00	
 4.6114e+00	
 4.6082e+00	
 4.6116e+00	
 4.6387e+00	
 4.5916e+00	
 4.6374e+00	
 4.6090e+00	
 4.6145e+00	
 4.6109e+00	
 4.6274e+00	
 4.6039e+00	
 4.6146e+00	
 4.6278e+00	
 4.6285e+00	
 4.6181e+00	
 4.6412e+00	
 4.6176e+00	
 4.6067e+00	
 4.6122e+00	
 4.6073e+00	
 4.5980e+00	
 4.6207e+00	
 4.6253e+00	
 4.6109e+00	
 4.6214e+00	
 4.6160e+00	
 4.6145e+00	
 4.6113e+00	
 4.6333e+00	
 4.6135e+00	
 4.6094e+00	
 4.6362e+00	
 4.6228e+00	
 4.6196e+00	
 4.6064e+00	
 4.6108e+00	
 4.6327e+00	
 4.6295e+00	
 4.5966e+00	
 4.6174e+00	
 4.6133e+00	
 4.6039e+00	
 4.6198e+00	
 4.5962e+00	
 4.6059e+00	
 4.6078e+00	
 4.6213e+00	
 4.6108e+00	
 4.6122e+00	
 4.6248e+00	
 4.6333e+00	
 4.6117e+00	
 4.6197e+00	
 4.6065e+00	
 4.6218e+00	
 4.6090e+00	
 4.6294e+00	
 4.6129e+00	
 4.6146e+00	
 4.6103e+00	
 4.5983e+00	
 4.6242e+00	
 4.6074e+00	
 4.6082e+00	
 4.6319e+00	
 4.6275e+00	
 4.6046e+00	
 4.6281e+00	
 4.6154e+00	
 4.6239e+00	
 4.6271e+00	
 4.6175e+00	
 4.6205e+00	
 4.6210e+00	
 4.6366e+00	
 4.6253e+00	
 4.6326e+00	
 4.6249e+00	
 4.5924e+00	
 4.6005e+00	
 4.6127e+00	
 4.5971e+00	
 4.6207e+00	
 4.6211e+00	
 4.6015e+00	
 4.6141e+00	
 4.6156e+00	
 4.6241e+00	
 4.6433e+00	
 4.6032e+00	
 4.6328e+00	
 4.6033e+00	
 4.6097e+00	
 4.6143e+00	
 4.6063e+00	
 4.6243e+00	
 4.5859e+00	
 4.5963e+00	
 4.6258e+00	
 4.6099e+00	
 4.6268e+00	
 4.6156e+00	
 4.6407e+00	
 4.6233e+00	
 4.6276e+00	
 4.6103e+00	
 4.6240e+00	
 4.6098e+00	
 4.6283e+00	
 4.6084e+00	
 4.6314e+00	
 4.6132e+00	
 4.6160e+00	
 4.6223e+00	
 4.6166e+00	
 4.6136e+00	
 4.6120e+00	
 4.6167e+00	
 4.6052e+00	
 4.6118e+00	
 4.6168e+00	
 4.6081e+00	
 4.6068e+00	
 4.6230e+00	
 4.6033e+00	
 4.6072e+00	
 4.6157e+00	
 4.6196e+00	
 4.6128e+00	
 4.6022e+00	
 4.6101e+00	
 4.6178e+00	
 4.5982e+00	
 4.6329e+00	
 4.6093e+00	
 4.6171e+00	
 4.6260e+00	
 4.6122e+00	
 4.6061e+00	
 4.6048e+00	
 4.6109e+00	
 4.6317e+00	
 4.6275e+00	
 4.6243e+00	
 4.6276e+00	
 4.6105e+00	
 4.6276e+00	
 4.5975e+00	
 4.5915e+00	
 4.6262e+00	
 4.5978e+00	
 4.6225e+00	
 4.6143e+00	
 4.5894e+00	
 4.6190e+00	
 4.5947e+00	
 4.6192e+00	
 4.6047e+00	
 4.6297e+00	
 4.6272e+00	
 4.6141e+00	
 4.6069e+00	
 4.6061e+00	
 4.5872e+00	
 4.5928e+00	
 4.6085e+00	
 4.6092e+00	
 4.6142e+00	
 4.6121e+00	
 4.6024e+00	
 4.6031e+00	
 4.6324e+00	
 4.6091e+00	
 4.6179e+00	
 4.6264e+00	
 4.6100e+00	
 4.6320e+00	
 4.6347e+00	
 4.6142e+00	
 4.6135e+00	
 4.6161e+00	
 4.5952e+00	
 4.6006e+00	
 4.6051e+00	
 4.6220e+00	
 4.6086e+00	
 4.5955e+00	
 4.6140e+00	
 4.6106e+00	
 4.6094e+00	
 4.6153e+00	
 4.5992e+00	
 4.6259e+00	
 4.5975e+00	
 4.6300e+00	
 4.6328e+00	
 4.6184e+00	
 4.6296e+00	
 4.6092e+00	
 4.6341e+00	
 4.6265e+00	
 4.6213e+00	
 4.5853e+00	
 4.6038e+00	
 4.6132e+00	
 4.6162e+00	
 4.6440e+00	
 4.6094e+00	
 4.6340e+00	
 4.6211e+00	
 4.6083e+00	
 4.6295e+00	
 4.6145e+00	
 4.6141e+00	
 4.6178e+00	
 4.6194e+00	
 4.6096e+00	
 4.6156e+00	
 4.6279e+00	
 4.6107e+00	
 4.6257e+00	
 4.5897e+00	
 4.6179e+00	
 4.6199e+00	
 4.6134e+00	
 4.6121e+00	
 4.5931e+00	
 4.6201e+00	
 4.6153e+00	
 4.6060e+00	
 4.5999e+00	
 4.6091e+00	
 4.6270e+00	
 4.6203e+00	
 4.6209e+00	
 4.6094e+00	
 4.5976e+00	
 4.6186e+00	
 4.6355e+00	
 4.6215e+00	
 4.6164e+00	
 4.5955e+00	
 4.6119e+00	
 4.6095e+00	
 4.6301e+00	
 4.6084e+00	
 4.6312e+00	
 4.6105e+00	
 4.6130e+00	
 4.6152e+00	
 4.6261e+00	
 4.6018e+00	
 4.6167e+00	
 4.6278e+00	
 4.5960e+00	
 4.6153e+00	
 4.6225e+00	
 4.6283e+00	
 4.5923e+00	
 4.6176e+00	
 4.6246e+00	
 4.6113e+00	
 4.6299e+00	
 4.6064e+00	
 4.6213e+00	
 4.6265e+00	
 4.6264e+00	
 4.6189e+00	
 4.6060e+00	
 4.6160e+00	
 4.6006e+00	
 4.6181e+00	
 4.6429e+00	
 4.6244e+00	
 4.6364e+00	
 4.6006e+00	
 4.6208e+00	
 4.6043e+00	
 4.6101e+00	
 4.6123e+00	
 4.6252e+00	
 4.6161e+00	
 4.6101e+00	
 4.6085e+00	
 4.6076e+00	
 4.6268e+00	
 4.6180e+00	
 4.6138e+00	
 4.6125e+00	
 4.6260e+00	
 4.6202e+00	
 4.6190e+00	
 4.6267e+00	
 4.6199e+00	
 4.6237e+00	
 4.6019e+00	
 4.6314e+00	
 4.6057e+00	
 4.6314e+00	
 4.5977e+00	
 4.6067e+00	
 4.6129e+00	
 4.6290e+00	
 4.6231e+00	
 4.6402e+00	
 4.6370e+00	
 4.6111e+00	
 4.6226e+00	
 4.6108e+00	
 4.6360e+00	
 4.6366e+00	
 4.5965e+00	
 4.6118e+00	
 4.6099e+00	
 4.6218e+00	
 4.6196e+00	
 4.6144e+00	
 4.6213e+00	
 4.6219e+00	
 4.6222e+00	
 4.6088e+00	
 4.6091e+00	
 4.5983e+00	
 4.5970e+00	
 4.6044e+00	
 4.6189e+00	
 4.6070e+00	
 4.6237e+00	
 4.6266e+00	
 4.5986e+00	
 4.5882e+00	
 4.6314e+00	
 4.6099e+00	
 4.6138e+00	
 4.6233e+00	
 4.6201e+00	
 4.6069e+00	
 4.6280e+00	
 4.6207e+00	
 4.6134e+00	
 4.6170e+00	
 4.6053e+00	
 4.6223e+00	
 4.6134e+00	
 4.6162e+00	
 4.6230e+00	
 4.5921e+00	
 4.6099e+00	
 4.6415e+00	
 4.6240e+00	
 4.6282e+00	
 4.6189e+00	
 4.6363e+00	
 4.6217e+00	
 4.6085e+00	
 4.6271e+00	
 4.6279e+00	
 4.6052e+00	
 4.6245e+00	
 4.6046e+00	
 4.6024e+00	
 4.6233e+00	
 4.6230e+00	
 4.6082e+00	
 4.6256e+00	
 4.5974e+00	
 4.6200e+00	
 4.6091e+00	
 4.6281e+00	
 4.6276e+00	
 4.6073e+00	
 4.6311e+00	
 4.6254e+00	
 4.6165e+00	
 4.6063e+00	
 4.6173e+00	
 4.6038e+00	
 4.6252e+00	
 4.6122e+00	
 4.6303e+00	
 4.5989e+00	
 4.6372e+00	
 4.6049e+00	
 4.6239e+00	
 4.6114e+00	
 4.6095e+00	
 4.6322e+00	
 4.5977e+00	
 4.6067e+00	
 4.6205e+00	
 4.5824e+00	
 4.6310e+00	
 4.6224e+00	
 4.6368e+00	
 4.5980e+00	
 4.6183e+00	
 4.6159e+00	
 4.6064e+00	
 4.6253e+00	
 4.5964e+00	
 4.6237e+00	
 4.6386e+00	
 4.6047e+00	
 4.6268e+00	
 4.6096e+00	
 4.6338e+00	
 4.6077e+00	
 4.6082e+00	
 4.6165e+00	
 4.6201e+00	
 4.6204e+00	
 4.6264e+00	
 4.6294e+00	
 4.6166e+00	
 4.6163e+00	
 4.6222e+00	
 4.6039e+00	
 4.6021e+00	
 4.6061e+00	
 4.6173e+00	
 4.6060e+00	
 4.5976e+00	
 4.6134e+00	
 4.6168e+00	
 4.5971e+00	
 4.5886e+00	
 4.6145e+00	
 4.6059e+00	
 4.6366e+00	
 4.6106e+00	
 4.6272e+00	
 4.6148e+00	
 4.5960e+00	
 4.6194e+00	
 4.6109e+00	
 4.6178e+00	
 4.6277e+00	
 4.6201e+00	
 4.5901e+00	
 4.6236e+00	
 4.6135e+00	
 4.6063e+00	
 4.6176e+00	
 4.6110e+00	
 4.6189e+00	
 4.6194e+00	
 4.6049e+00	
 4.6187e+00	
 4.6236e+00	
 4.6202e+00	
 4.6341e+00	
 4.6037e+00	
 4.6063e+00	
 4.5838e+00	
 4.6176e+00	
 4.6134e+00	
 4.6094e+00	
 4.6130e+00	
 4.5956e+00	
 4.6120e+00	
 4.6104e+00	
 4.6110e+00	
 4.5958e+00	
 4.6060e+00	
 4.5897e+00	
 4.5970e+00	
 4.6210e+00	
 4.6231e+00	
 4.6174e+00	
 4.6402e+00	
 4.6135e+00	
 4.6173e+00	
 4.6102e+00	
 4.6112e+00	
 4.6210e+00	
 4.6008e+00	
 4.6037e+00	
 4.6076e+00	
 4.6183e+00	
 4.6233e+00	
 4.5942e+00	
 4.6200e+00	
 4.6329e+00	
 4.6224e+00	
 4.6114e+00	
 4.5846e+00	
 4.6153e+00	
 4.5990e+00	
 4.6198e+00	
 4.6278e+00	
 4.6139e+00	
 4.6064e+00	
 4.6173e+00	
 4.6321e+00	
 4.6293e+00	
 4.6260e+00	
 4.6055e+00	
 4.6086e+00	
 4.6228e+00	
 4.6169e+00	
 4.6478e+00	
 4.6130e+00	
 4.6051e+00	
 4.6148e+00	
 4.6339e+00	
 4.6134e+00	
 4.6085e+00	
 4.6356e+00	
 4.5991e+00	
 4.6180e+00	
 4.5943e+00	
 4.6122e+00	
 4.6284e+00	
 4.6239e+00	
 4.6054e+00	
 4.6153e+00	
 4.6172e+00	
 4.6118e+00	
 4.6028e+00	
 4.6159e+00	
 4.6146e+00	
 4.6116e+00	
 4.6190e+00	
 4.5989e+00	
 4.6202e+00	
 4.6091e+00	
 4.6297e+00	
 4.6344e+00	
 4.6206e+00	
 4.6049e+00	
 4.6164e+00	
 4.6142e+00	
 4.6293e+00	
 4.5869e+00	
 4.6135e+00	
 4.6069e+00	
 4.6222e+00	
 4.6047e+00	
 4.6111e+00	
 4.6255e+00	
 4.6264e+00	
 4.6221e+00	
 4.6214e+00	
 4.6314e+00	
 4.6066e+00	
 4.6041e+00	
 4.6061e+00	
 4.6231e+00	
 4.6128e+00	
 4.6187e+00	
 4.6099e+00	
 4.6111e+00	
 4.6254e+00	
 4.6202e+00	
 4.5934e+00	
 4.6143e+00	
 4.6105e+00	
 4.6178e+00	
 4.6296e+00	
 4.6219e+00	
 4.6226e+00	
 4.6228e+00	
 4.6186e+00	
 4.6103e+00	
 4.5899e+00	
 4.6155e+00	
 4.6014e+00	
 4.6197e+00	
 4.6157e+00	
 4.6122e+00	
 4.6325e+00	
 4.6000e+00	
 4.6198e+00	
 4.6098e+00	
 4.6235e+00	
 4.6045e+00	
 4.6142e+00	
 4.6209e+00	
 4.6304e+00	
 4.5968e+00	
 4.6262e+00	
 4.6232e+00	
 4.6193e+00	
 4.6057e+00	
 4.5987e+00	
 4.6033e+00	
 4.6084e+00	
 4.5920e+00	
 4.6155e+00	
 4.6145e+00	
 4.6272e+00	
 4.6155e+00	
 4.6243e+00	
 4.6265e+00	
 4.6212e+00	
 4.6042e+00	
 4.6243e+00	
 4.6183e+00	
 4.6270e+00	
 4.6383e+00	
 4.6192e+00	
 4.6199e+00	
 4.6322e+00	
 4.5923e+00	
 4.6133e+00	
 4.6325e+00	
 4.6141e+00	
 4.6212e+00	
 4.6119e+00	
 4.6058e+00	
 4.6304e+00	
 4.6314e+00	
 4.6123e+00	
 4.5974e+00	
 4.6083e+00	
 4.6159e+00	
 4.6248e+00	
 4.6162e+00	
 4.6221e+00	
 4.6332e+00	
 4.6099e+00	
 4.6264e+00	
 4.6262e+00	
 4.6155e+00	
 4.6166e+00	
 4.5893e+00	
 4.6246e+00	
 4.6207e+00	
 4.6088e+00	
 4.5943e+00	
 4.6178e+00	
 4.6228e+00	
 4.6037e+00	
 4.6215e+00	
 4.6024e+00	
 4.6195e+00	
 4.6289e+00	
 4.5921e+00	
 4.6160e+00	
 4.6053e+00	
 4.5968e+00	
 4.6059e+00	
 4.6061e+00	
 4.6115e+00	
 4.6155e+00	
 4.6247e+00	
 4.6260e+00	
 4.6210e+00	
 4.6292e+00	
 4.6295e+00	
 4.6142e+00	
 4.6085e+00	
 4.6342e+00	
 4.5977e+00	
 4.6204e+00	
 4.6058e+00	
 4.6166e+00	
 4.6047e+00	
 4.6008e+00	
 4.6067e+00	
 4.6233e+00	
 4.6062e+00	
 4.6243e+00	
 4.5895e+00	
 4.6180e+00	
 4.6208e+00	
 4.6067e+00	
 4.6004e+00	
 4.6234e+00	
 4.6132e+00	
 4.6185e+00	
 4.6269e+00	
 4.6070e+00	
 4.6206e+00	
 4.6326e+00	
 4.5993e+00	
 4.5919e+00	
 4.6229e+00	
 4.5974e+00	
 4.6150e+00	
 4.6183e+00	
 4.5988e+00	
 4.6014e+00	
 4.6156e+00	
 4.6201e+00	
 4.6367e+00	
 4.6065e+00	
 4.6125e+00	
 4.6117e+00	
 4.6240e+00	
 4.6463e+00	
 4.6013e+00	
 4.6002e+00	
 4.6239e+00	
 4.6234e+00	
 4.6168e+00	
 4.6123e+00	
 4.6240e+00	
 4.6130e+00	
