loss	
 4.6309e+00	
 4.6610e+00	
 4.5955e+00	
 4.6201e+00	
 4.6176e+00	
 4.5890e+00	
 4.6023e+00	
 4.6284e+00	
 4.5901e+00	
 4.6073e+00	
 4.5929e+00	
 4.6134e+00	
 4.6662e+00	
 4.6566e+00	
 4.6316e+00	
 4.5751e+00	
 4.6172e+00	
 4.6390e+00	
 4.6237e+00	
 4.6016e+00	
 4.5699e+00	
 4.5970e+00	
 4.5631e+00	
 4.6172e+00	
 4.6345e+00	
 4.5533e+00	
 4.6497e+00	
 4.5467e+00	
 4.6547e+00	
 4.6045e+00	
 4.5958e+00	
 4.5873e+00	
 4.6098e+00	
 4.6713e+00	
 4.5777e+00	
 4.6449e+00	
 4.6334e+00	
 4.5804e+00	
 4.5797e+00	
 4.6427e+00	
 4.5929e+00	
 4.5942e+00	
 4.6211e+00	
 4.5637e+00	
 4.6384e+00	
 4.5973e+00	
 4.6168e+00	
 4.5888e+00	
 4.6368e+00	
 4.5878e+00	
 4.6276e+00	
 4.5458e+00	
 4.5784e+00	
 4.6601e+00	
 4.5541e+00	
 4.5919e+00	
 4.5789e+00	
 4.5767e+00	
 4.5881e+00	
 4.6140e+00	
 4.5957e+00	
 4.6020e+00	
 4.5561e+00	
 4.5478e+00	
 4.6343e+00	
 4.5762e+00	
 4.5414e+00	
 4.4972e+00	
 4.5903e+00	
 4.6080e+00	
 4.5496e+00	
 4.5493e+00	
 4.5305e+00	
 4.6130e+00	
 4.5314e+00	
 4.5764e+00	
 4.5822e+00	
 4.5456e+00	
 4.5991e+00	
 4.5652e+00	
 4.5142e+00	
 4.5624e+00	
 4.5750e+00	
 4.5576e+00	
 4.5776e+00	
 4.5759e+00	
 4.4788e+00	
 4.5707e+00	
 4.5945e+00	
 4.5045e+00	
 4.5556e+00	
 4.5177e+00	
 4.6199e+00	
 4.5214e+00	
 4.5315e+00	
 4.5436e+00	
 4.5147e+00	
 4.5493e+00	
 4.5104e+00	
 4.5336e+00	
 4.4516e+00	
 4.4639e+00	
 4.4969e+00	
 4.4535e+00	
 4.5472e+00	
 4.5678e+00	
 4.5705e+00	
 4.4207e+00	
 4.5378e+00	
 4.4569e+00	
 4.3479e+00	
 4.4820e+00	
 4.3734e+00	
 4.3280e+00	
 4.5001e+00	
 4.3357e+00	
 4.3732e+00	
 4.3482e+00	
 4.3319e+00	
 4.3537e+00	
 4.5131e+00	
 4.4091e+00	
 4.3425e+00	
 4.3371e+00	
 4.3574e+00	
 4.4260e+00	
 4.3533e+00	
 4.4377e+00	
 4.3296e+00	
 4.3015e+00	
 4.3141e+00	
 4.3496e+00	
 4.3794e+00	
 4.2479e+00	
 4.3609e+00	
 4.2868e+00	
 4.5372e+00	
 4.1960e+00	
 4.2082e+00	
 4.3014e+00	
 4.4664e+00	
 4.4338e+00	
 4.3653e+00	
 4.3942e+00	
 4.2512e+00	
 4.2033e+00	
 4.3839e+00	
 4.3362e+00	
 4.3541e+00	
 4.1635e+00	
 4.3478e+00	
 4.1554e+00	
 4.2596e+00	
 4.3130e+00	
 4.1766e+00	
 4.2769e+00	
 4.3786e+00	
 4.1934e+00	
 4.3232e+00	
 4.2931e+00	
 4.0747e+00	
 4.3780e+00	
 4.1837e+00	
 4.3522e+00	
 4.2045e+00	
 3.9710e+00	
 4.2327e+00	
 4.2481e+00	
 4.1134e+00	
 4.0766e+00	
 4.2328e+00	
 4.2818e+00	
 4.1826e+00	
 4.2129e+00	
 4.1988e+00	
 4.1861e+00	
 4.2897e+00	
 4.3339e+00	
 4.1707e+00	
 4.0862e+00	
 4.3019e+00	
 4.3331e+00	
 4.2156e+00	
 4.1136e+00	
 3.9946e+00	
 4.1273e+00	
 4.0383e+00	
 3.9986e+00	
 4.0088e+00	
 4.3799e+00	
 4.3529e+00	
 4.0239e+00	
 3.9418e+00	
 4.1753e+00	
 4.1480e+00	
 4.1624e+00	
 4.1848e+00	
 4.0029e+00	
 4.1620e+00	
 4.2107e+00	
 4.2051e+00	
 4.1980e+00	
 4.1485e+00	
 4.1032e+00	
 3.9604e+00	
 4.1082e+00	
 4.0151e+00	
 4.1377e+00	
 4.0812e+00	
 4.0725e+00	
 3.9841e+00	
 3.9449e+00	
 4.1633e+00	
 4.1441e+00	
 4.2677e+00	
 4.1646e+00	
 3.9592e+00	
 4.0058e+00	
 3.9812e+00	
 4.0107e+00	
 4.0980e+00	
 4.1583e+00	
 3.9139e+00	
 4.1982e+00	
 3.8730e+00	
 4.1258e+00	
 4.1503e+00	
 3.8543e+00	
 3.9542e+00	
 4.1734e+00	
 4.0699e+00	
 3.9982e+00	
 3.9623e+00	
 4.0696e+00	
 3.8733e+00	
 4.0065e+00	
 4.0973e+00	
 3.7977e+00	
 3.8347e+00	
 4.0326e+00	
 3.8392e+00	
 3.9636e+00	
 3.9202e+00	
 4.0188e+00	
 4.1533e+00	
 4.0319e+00	
 3.8882e+00	
 3.7785e+00	
 3.7685e+00	
 3.7468e+00	
 3.8793e+00	
 4.0210e+00	
 3.9871e+00	
 3.9840e+00	
 3.8260e+00	
 4.0268e+00	
 4.0750e+00	
 3.8914e+00	
 3.9355e+00	
 3.8935e+00	
 4.0163e+00	
 3.8099e+00	
 3.7465e+00	
 4.3331e+00	
 4.0210e+00	
 3.7244e+00	
 3.7673e+00	
 3.6486e+00	
 3.8963e+00	
 4.3153e+00	
 3.7751e+00	
 3.9724e+00	
 4.2873e+00	
 3.8930e+00	
 3.9769e+00	
 3.8536e+00	
 4.0209e+00	
 3.9003e+00	
 3.6631e+00	
 3.9444e+00	
 3.9928e+00	
 3.8823e+00	
 3.9490e+00	
 3.9188e+00	
 4.0116e+00	
 3.9637e+00	
 3.6998e+00	
 3.7821e+00	
 3.7046e+00	
 4.1250e+00	
 3.7624e+00	
 4.0897e+00	
 3.9218e+00	
 3.9487e+00	
 3.8691e+00	
 4.1097e+00	
 3.9137e+00	
 3.9220e+00	
 3.8445e+00	
 4.2613e+00	
 3.7455e+00	
 3.9499e+00	
 3.8306e+00	
 3.8801e+00	
 3.9199e+00	
 3.6136e+00	
 3.9543e+00	
 3.9198e+00	
 3.8475e+00	
 4.2695e+00	
 3.5778e+00	
 3.7717e+00	
 3.9401e+00	
 3.8668e+00	
 3.7097e+00	
 3.8278e+00	
 3.8273e+00	
 3.7329e+00	
 3.7245e+00	
 3.7186e+00	
 4.0808e+00	
 4.1513e+00	
 3.7855e+00	
 3.5151e+00	
 3.6536e+00	
 3.6742e+00	
 3.7176e+00	
 3.8306e+00	
 4.0864e+00	
 3.6830e+00	
 3.7647e+00	
 3.9442e+00	
 3.6945e+00	
 3.8254e+00	
 3.7711e+00	
 3.7571e+00	
 3.6056e+00	
 3.9864e+00	
 4.0470e+00	
 3.8640e+00	
 3.6364e+00	
 3.8367e+00	
 3.7888e+00	
 4.1095e+00	
 3.7251e+00	
 3.8153e+00	
 4.1153e+00	
 3.9326e+00	
 3.8718e+00	
 3.7633e+00	
 4.0362e+00	
 3.7532e+00	
 4.0063e+00	
 3.8797e+00	
 3.7168e+00	
 4.0005e+00	
 3.5853e+00	
 3.9299e+00	
 3.8259e+00	
 3.4753e+00	
 3.7526e+00	
 3.5794e+00	
 3.8784e+00	
 3.8474e+00	
 3.8729e+00	
 3.5638e+00	
 3.7051e+00	
 3.6429e+00	
 3.8161e+00	
 3.3646e+00	
 3.6703e+00	
 3.8807e+00	
 3.6335e+00	
 4.0015e+00	
 3.7358e+00	
 3.8503e+00	
 3.7409e+00	
 3.8395e+00	
 3.7763e+00	
 3.6423e+00	
 3.8187e+00	
 3.6302e+00	
 3.5792e+00	
 4.0197e+00	
 3.5181e+00	
 3.7124e+00	
 3.7808e+00	
 3.6709e+00	
 3.8345e+00	
 3.6371e+00	
 3.6826e+00	
 3.5716e+00	
 3.3908e+00	
 3.6166e+00	
 3.5246e+00	
 3.7741e+00	
 3.8489e+00	
 3.5726e+00	
 3.5862e+00	
 3.9349e+00	
 3.5369e+00	
 3.7531e+00	
 3.7251e+00	
 3.7543e+00	
 3.4556e+00	
 3.7268e+00	
 4.0225e+00	
 3.6206e+00	
 3.5751e+00	
 3.5033e+00	
 3.6227e+00	
 3.8467e+00	
 3.8325e+00	
 3.3971e+00	
 3.7399e+00	
 3.4140e+00	
 3.6261e+00	
 4.0478e+00	
 3.8460e+00	
 3.1659e+00	
 3.7360e+00	
 3.7228e+00	
 3.5943e+00	
 3.5707e+00	
 3.5162e+00	
 3.6644e+00	
 3.9169e+00	
 3.7473e+00	
 3.7370e+00	
 3.5954e+00	
 3.6781e+00	
 3.7330e+00	
 3.8995e+00	
 3.4266e+00	
 3.5621e+00	
 3.5997e+00	
 3.6684e+00	
 3.4529e+00	
 3.5006e+00	
 3.5465e+00	
 3.7750e+00	
 3.8045e+00	
 3.9268e+00	
 3.6471e+00	
 3.5187e+00	
 3.4727e+00	
 3.6564e+00	
 3.6454e+00	
 3.6856e+00	
 4.0478e+00	
 3.5395e+00	
 3.6005e+00	
 3.7738e+00	
 3.8648e+00	
 3.4836e+00	
 3.7585e+00	
 3.5198e+00	
 3.8216e+00	
 3.7165e+00	
 3.5750e+00	
 3.5609e+00	
 3.8428e+00	
 3.8023e+00	
 3.6922e+00	
 3.6870e+00	
 3.6641e+00	
 3.7228e+00	
 3.5928e+00	
 3.6104e+00	
 3.3628e+00	
 3.4516e+00	
 3.4005e+00	
 3.4808e+00	
 3.5340e+00	
 3.6286e+00	
 3.2832e+00	
 3.4873e+00	
 3.6684e+00	
 3.7088e+00	
 3.4851e+00	
 3.8503e+00	
 3.4007e+00	
 3.4546e+00	
 3.5674e+00	
 3.3380e+00	
 3.4796e+00	
 3.3821e+00	
 3.9144e+00	
 3.6574e+00	
 3.3204e+00	
 3.5143e+00	
 3.5925e+00	
 3.5388e+00	
 3.4479e+00	
 3.3457e+00	
 3.8247e+00	
 3.4528e+00	
 3.4495e+00	
 3.7159e+00	
 3.3653e+00	
 4.0072e+00	
 3.5570e+00	
 3.4412e+00	
 4.0611e+00	
 3.3995e+00	
 3.4147e+00	
 3.4235e+00	
 3.4041e+00	
 3.7105e+00	
 3.5485e+00	
 3.6040e+00	
 3.7234e+00	
 3.5745e+00	
 3.5074e+00	
 3.4493e+00	
 3.9045e+00	
 3.5824e+00	
 3.6343e+00	
 3.4945e+00	
 3.4882e+00	
 3.5658e+00	
 3.3994e+00	
 3.5942e+00	
 3.3873e+00	
 3.5033e+00	
 3.5155e+00	
 3.5433e+00	
 3.5501e+00	
 3.1096e+00	
 3.7328e+00	
 3.9885e+00	
 3.7037e+00	
 3.8175e+00	
 3.8311e+00	
 3.6114e+00	
 3.2583e+00	
 3.2738e+00	
 3.2301e+00	
 3.7393e+00	
 3.7259e+00	
 3.3928e+00	
 3.8699e+00	
 3.7720e+00	
 3.4078e+00	
 3.8302e+00	
 3.2905e+00	
 3.4314e+00	
 3.6517e+00	
 3.4878e+00	
 3.2267e+00	
 3.7185e+00	
 3.5376e+00	
 3.6996e+00	
 3.5052e+00	
 3.7315e+00	
 3.6023e+00	
 3.3699e+00	
 3.4596e+00	
 3.3600e+00	
 3.4737e+00	
 3.6203e+00	
 3.5449e+00	
 3.3163e+00	
 3.5180e+00	
 3.6335e+00	
 3.2795e+00	
 3.2285e+00	
 3.3902e+00	
 3.4579e+00	
 3.2595e+00	
 3.7141e+00	
 3.5524e+00	
 3.0402e+00	
 3.6944e+00	
 3.4760e+00	
 3.1511e+00	
 3.1755e+00	
 3.6092e+00	
 3.2311e+00	
 3.4688e+00	
 3.3834e+00	
 3.1330e+00	
 3.4606e+00	
 3.2400e+00	
 3.6489e+00	
 3.8695e+00	
 3.4161e+00	
 3.3720e+00	
 3.4751e+00	
 3.5269e+00	
 3.1584e+00	
 3.8002e+00	
 3.6243e+00	
 3.4487e+00	
 3.3920e+00	
 3.4940e+00	
 3.6837e+00	
 3.4339e+00	
 3.3725e+00	
 3.9719e+00	
 3.5189e+00	
 2.9180e+00	
 3.4035e+00	
 3.4640e+00	
 3.2298e+00	
 3.6254e+00	
 3.5169e+00	
 3.7657e+00	
 3.4010e+00	
 3.6791e+00	
 3.4917e+00	
 3.3905e+00	
 3.3058e+00	
 3.6436e+00	
 3.3712e+00	
 2.9536e+00	
 3.8028e+00	
 3.3253e+00	
 3.3209e+00	
 3.3033e+00	
 3.9769e+00	
 3.6780e+00	
 3.5006e+00	
 3.4421e+00	
 3.3461e+00	
 3.4172e+00	
 3.2722e+00	
 3.4005e+00	
 3.5759e+00	
 3.4600e+00	
 2.9968e+00	
 3.5341e+00	
 3.4310e+00	
 2.8275e+00	
 3.2890e+00	
 3.3004e+00	
 3.7918e+00	
 3.1441e+00	
 3.3378e+00	
 3.2154e+00	
 3.4052e+00	
 3.4364e+00	
 3.7310e+00	
 3.3403e+00	
 3.4869e+00	
 3.3236e+00	
 3.4065e+00	
 3.4816e+00	
 3.6687e+00	
 3.3225e+00	
 3.6210e+00	
 3.7883e+00	
 3.4444e+00	
 3.1889e+00	
 3.5787e+00	
 3.3870e+00	
 3.2332e+00	
 3.6174e+00	
 3.0913e+00	
 3.4917e+00	
 3.4599e+00	
 3.5956e+00	
 3.3570e+00	
 3.2970e+00	
 3.4079e+00	
 3.1162e+00	
 3.4765e+00	
 3.2708e+00	
 3.3223e+00	
 3.5577e+00	
 3.5063e+00	
 3.5513e+00	
 3.4096e+00	
 3.3722e+00	
 3.1827e+00	
 3.3561e+00	
 3.1578e+00	
 3.2698e+00	
 3.2522e+00	
 3.4236e+00	
 3.1650e+00	
 3.1916e+00	
 3.5244e+00	
 3.3235e+00	
 3.5106e+00	
 3.3212e+00	
 3.4429e+00	
 3.4203e+00	
 3.5757e+00	
 3.3128e+00	
 3.6631e+00	
 2.9840e+00	
 3.4371e+00	
 3.0154e+00	
 3.8238e+00	
 3.6948e+00	
 3.4590e+00	
 3.1505e+00	
 3.4955e+00	
 3.2707e+00	
 3.3292e+00	
 3.4132e+00	
 3.7062e+00	
 3.2760e+00	
 3.2905e+00	
 3.5974e+00	
 3.5601e+00	
 3.4282e+00	
 3.4914e+00	
 3.4307e+00	
 3.4066e+00	
 3.1420e+00	
 3.5718e+00	
 3.5947e+00	
 3.2195e+00	
 3.5186e+00	
 3.2599e+00	
 3.7166e+00	
 3.1053e+00	
 3.3000e+00	
 2.9881e+00	
 3.1051e+00	
 3.4378e+00	
 3.2862e+00	
 3.2189e+00	
 3.2950e+00	
 3.2647e+00	
 3.3827e+00	
 3.3728e+00	
 3.5211e+00	
 3.6783e+00	
 3.2207e+00	
 2.8986e+00	
 3.8589e+00	
 3.6534e+00	
 3.6172e+00	
 3.6137e+00	
 3.5452e+00	
 3.2970e+00	
 3.6029e+00	
 3.2380e+00	
 3.3903e+00	
 3.1895e+00	
 3.1242e+00	
 2.8024e+00	
 3.4418e+00	
 3.5624e+00	
 3.3977e+00	
 3.4354e+00	
 3.3749e+00	
 3.3366e+00	
 3.6746e+00	
 3.5326e+00	
 3.3517e+00	
 3.3838e+00	
 3.3829e+00	
 3.3067e+00	
 3.5079e+00	
 3.4653e+00	
 3.1171e+00	
 3.5923e+00	
 3.2242e+00	
 3.4590e+00	
 3.1359e+00	
 3.4667e+00	
 3.1092e+00	
 3.1459e+00	
 3.0010e+00	
 3.4837e+00	
 2.7769e+00	
 3.0365e+00	
 3.5287e+00	
 3.3526e+00	
 3.1690e+00	
 3.1172e+00	
 3.2435e+00	
 3.5112e+00	
 3.9864e+00	
 3.2453e+00	
 3.0828e+00	
 3.1096e+00	
 3.0024e+00	
 3.5012e+00	
 3.4383e+00	
 3.4103e+00	
 3.2711e+00	
 3.1559e+00	
 3.0241e+00	
 3.1597e+00	
 3.7624e+00	
 3.2493e+00	
 3.2352e+00	
 3.2109e+00	
 3.0492e+00	
 3.1618e+00	
 3.6370e+00	
 3.2682e+00	
 2.7404e+00	
 3.4094e+00	
 3.1216e+00	
 3.1025e+00	
 3.0104e+00	
 3.1705e+00	
 3.2429e+00	
 3.2206e+00	
 3.4139e+00	
 3.2238e+00	
 3.4327e+00	
 3.5580e+00	
 3.2277e+00	
 3.2346e+00	
 3.3730e+00	
 3.3843e+00	
 3.0405e+00	
 3.4498e+00	
 3.1360e+00	
 2.9714e+00	
 3.0556e+00	
 2.9797e+00	
 3.5270e+00	
 3.0928e+00	
 3.6011e+00	
 3.3288e+00	
 3.1218e+00	
 3.0139e+00	
 3.4401e+00	
 3.2887e+00	
 3.4594e+00	
 3.2897e+00	
 3.2767e+00	
 3.6732e+00	
 3.2777e+00	
 3.5591e+00	
 3.5253e+00	
 3.3425e+00	
 3.2113e+00	
 3.2635e+00	
 3.4436e+00	
 3.4413e+00	
 3.1759e+00	
 3.0663e+00	
 2.9113e+00	
 2.8366e+00	
 2.8974e+00	
 3.1993e+00	
 2.9607e+00	
 3.4308e+00	
 3.0381e+00	
 3.4782e+00	
 3.3757e+00	
 3.4461e+00	
 3.2725e+00	
 3.4314e+00	
 3.3353e+00	
 2.9966e+00	
 3.2155e+00	
 3.3665e+00	
 3.2423e+00	
 3.3944e+00	
 3.3186e+00	
 3.2860e+00	
 3.3126e+00	
 3.3913e+00	
 3.1253e+00	
 3.4633e+00	
 3.1605e+00	
 3.1284e+00	
 3.2383e+00	
 3.1619e+00	
 3.1411e+00	
 3.4204e+00	
 3.6244e+00	
 3.1007e+00	
 3.2319e+00	
 3.0014e+00	
 3.3485e+00	
 3.4498e+00	
 3.1442e+00	
 3.7137e+00	
 3.1835e+00	
 3.6321e+00	
 3.0664e+00	
 3.2475e+00	
 3.1861e+00	
 3.2009e+00	
 3.0761e+00	
 3.5460e+00	
 3.5256e+00	
 3.5921e+00	
 3.2681e+00	
 2.8901e+00	
 3.4197e+00	
 2.9571e+00	
 2.9338e+00	
 3.0988e+00	
 3.4103e+00	
 3.1467e+00	
 3.5202e+00	
 3.2370e+00	
 2.8913e+00	
 2.9274e+00	
 3.2745e+00	
 3.3051e+00	
 3.0396e+00	
 3.1323e+00	
 3.0240e+00	
 3.0574e+00	
 3.3130e+00	
 3.0540e+00	
 3.5341e+00	
 3.3617e+00	
 2.9577e+00	
 2.9764e+00	
 3.2034e+00	
 3.4390e+00	
 3.2376e+00	
 3.3627e+00	
 3.3760e+00	
 3.0297e+00	
 3.4636e+00	
 3.3203e+00	
 3.1826e+00	
 3.3145e+00	
 3.4000e+00	
 3.6264e+00	
 3.2927e+00	
 3.1712e+00	
 3.0842e+00	
 3.1128e+00	
 3.4572e+00	
 3.1841e+00	
 3.2527e+00	
 3.2816e+00	
 3.2269e+00	
 3.1655e+00	
 2.9622e+00	
 3.4084e+00	
 2.5161e+00	
 3.2667e+00	
 3.1634e+00	
 3.2039e+00	
 3.1759e+00	
 3.5962e+00	
 2.8545e+00	
 3.2727e+00	
 3.3111e+00	
 3.0419e+00	
 3.0156e+00	
 3.1901e+00	
 3.2077e+00	
 3.2520e+00	
 3.3494e+00	
 2.9257e+00	
 3.4131e+00	
 3.3912e+00	
 3.0565e+00	
 3.1649e+00	
 3.3963e+00	
 3.4125e+00	
 3.2103e+00	
 3.2316e+00	
 3.3223e+00	
 2.9539e+00	
 3.1945e+00	
 3.0762e+00	
 3.0815e+00	
 3.2441e+00	
 3.1557e+00	
 3.0565e+00	
 2.9518e+00	
 3.2131e+00	
 3.1451e+00	
 3.4332e+00	
 3.2145e+00	
 3.4229e+00	
 3.2007e+00	
 3.2315e+00	
 3.0772e+00	
 3.1848e+00	
 3.0072e+00	
 2.9658e+00	
 3.2890e+00	
 3.2814e+00	
 3.0605e+00	
 3.1462e+00	
 3.5526e+00	
 2.9023e+00	
 3.4926e+00	
 3.1691e+00	
 3.4406e+00	
 3.3793e+00	
 3.0245e+00	
 3.2745e+00	
 3.1477e+00	
 3.2093e+00	
 3.1461e+00	
 2.9187e+00	
 3.3342e+00	
 3.1217e+00	
 2.8772e+00	
 3.3073e+00	
 3.1891e+00	
 2.7264e+00	
 3.1463e+00	
 3.1878e+00	
 2.9969e+00	
 3.4009e+00	
 3.2289e+00	
 3.4188e+00	
 3.1365e+00	
 3.2834e+00	
 3.4714e+00	
 3.2396e+00	
 3.2624e+00	
 3.3841e+00	
 3.3742e+00	
 3.0465e+00	
 3.1254e+00	
 3.3867e+00	
 3.1645e+00	
 2.9629e+00	
 2.8469e+00	
 3.4320e+00	
 2.9184e+00	
 2.9388e+00	
 3.3183e+00	
 2.9916e+00	
 2.9176e+00	
 3.1545e+00	
 3.3490e+00	
 3.2770e+00	
 3.4409e+00	
 3.4837e+00	
 3.2531e+00	
 3.3875e+00	
 3.1630e+00	
 3.3682e+00	
 3.1531e+00	
 2.7246e+00	
 3.0290e+00	
 2.9636e+00	
 2.8420e+00	
 3.3894e+00	
 3.2244e+00	
 3.2728e+00	
 3.7017e+00	
 3.1682e+00	
 3.1951e+00	
 2.9333e+00	
 3.1521e+00	
 3.3904e+00	
 2.9893e+00	
 3.2600e+00	
 3.1282e+00	
 3.4481e+00	
 3.2221e+00	
 2.9742e+00	
 2.9060e+00	
 2.7269e+00	
 3.2205e+00	
 3.3017e+00	
 3.5852e+00	
 3.2367e+00	
 3.0205e+00	
 3.2141e+00	
 3.1749e+00	
 3.4611e+00	
 3.3536e+00	
 3.5136e+00	
 3.0028e+00	
 3.2426e+00	
 3.2511e+00	
 3.1614e+00	
 3.5362e+00	
 3.1013e+00	
 2.8614e+00	
 3.3329e+00	
 3.3312e+00	
 3.0291e+00	
 3.0729e+00	
 3.4287e+00	
 3.3855e+00	
 3.0334e+00	
 2.9198e+00	
 3.0932e+00	
 3.3759e+00	
 3.1944e+00	
 3.2441e+00	
 3.3206e+00	
 3.1020e+00	
 3.4025e+00	
 3.1449e+00	
 3.0435e+00	
 3.3246e+00	
 3.3080e+00	
 3.3878e+00	
 3.1109e+00	
 3.4539e+00	
 2.9171e+00	
 3.1562e+00	
 3.6979e+00	
 3.1327e+00	
 3.1841e+00	
 3.5856e+00	
 3.1649e+00	
 3.1943e+00	
 3.2773e+00	
 3.2481e+00	
 2.8242e+00	
 3.2496e+00	
 2.9874e+00	
 3.2148e+00	
 3.3769e+00	
 3.2801e+00	
 3.3892e+00	
 3.3907e+00	
 3.2188e+00	
 3.2687e+00	
 2.9664e+00	
 3.4116e+00	
 3.0946e+00	
 3.0870e+00	
 2.7355e+00	
 3.1583e+00	
 3.2567e+00	
 3.1339e+00	
 2.8082e+00	
 3.1890e+00	
 3.2683e+00	
 3.3323e+00	
 3.1794e+00	
 3.1530e+00	
 3.1232e+00	
 3.0585e+00	
 3.0993e+00	
 2.8194e+00	
 3.1669e+00	
 3.3466e+00	
 3.2808e+00	
 3.0124e+00	
 2.9290e+00	
 3.0431e+00	
 2.9827e+00	
 3.3225e+00	
 3.5654e+00	
 3.3012e+00	
 3.0210e+00	
 3.1875e+00	
 3.3464e+00	
 2.7183e+00	
 2.7733e+00	
 3.1334e+00	
 3.5204e+00	
 3.0235e+00	
 2.9323e+00	
 3.3048e+00	
 2.9941e+00	
 2.9915e+00	
 3.3267e+00	
 3.4006e+00	
 3.0286e+00	
 3.1766e+00	
 3.1198e+00	
 3.1806e+00	
 3.4170e+00	
 2.7752e+00	
 3.0020e+00	
 3.3230e+00	
 2.9976e+00	
 3.0124e+00	
 3.1878e+00	
 3.0237e+00	
 2.9461e+00	
 3.2172e+00	
 3.3383e+00	
 3.3632e+00	
 2.9205e+00	
 3.3264e+00	
 2.9503e+00	
 2.9428e+00	
 3.0063e+00	
 3.1772e+00	
 2.9105e+00	
 2.7715e+00	
 3.1618e+00	
 2.9041e+00	
 2.9687e+00	
 3.1398e+00	
 3.3678e+00	
 3.1931e+00	
 3.0267e+00	
 3.2314e+00	
 2.8767e+00	
 3.1335e+00	
 3.2889e+00	
 2.8639e+00	
 3.4307e+00	
 3.0917e+00	
 3.4579e+00	
 3.3453e+00	
 3.2221e+00	
 3.5441e+00	
 3.5232e+00	
 3.3421e+00	
 3.2222e+00	
 2.6502e+00	
 3.1221e+00	
 2.6371e+00	
 2.6344e+00	
 3.0049e+00	
 2.8877e+00	
 2.6961e+00	
 2.5369e+00	
 2.9087e+00	
 2.2934e+00	
 2.9121e+00	
 3.0070e+00	
 2.4409e+00	
 2.8706e+00	
 2.7146e+00	
 2.4816e+00	
 2.9052e+00	
 2.8412e+00	
 3.1604e+00	
 3.0533e+00	
 2.5883e+00	
 2.9548e+00	
 2.7138e+00	
 3.0065e+00	
 2.5380e+00	
 2.4366e+00	
 2.8233e+00	
 3.0463e+00	
 2.9706e+00	
 2.4500e+00	
 2.8369e+00	
 2.7448e+00	
 2.6723e+00	
 2.8005e+00	
 2.6628e+00	
 2.7192e+00	
 2.5768e+00	
 2.7631e+00	
 2.9711e+00	
 2.7502e+00	
 2.7067e+00	
 2.7978e+00	
 2.6702e+00	
 2.4429e+00	
 2.9954e+00	
 2.5268e+00	
 2.3910e+00	
 2.3852e+00	
 2.8631e+00	
 2.6523e+00	
 2.5676e+00	
 3.0596e+00	
 2.7617e+00	
 2.7459e+00	
 2.7217e+00	
 2.5592e+00	
 2.6331e+00	
 2.9080e+00	
 2.8240e+00	
 2.9103e+00	
 2.8737e+00	
 2.3289e+00	
 2.4412e+00	
 2.8664e+00	
 2.9383e+00	
 2.5076e+00	
 3.2039e+00	
 3.2674e+00	
 2.6106e+00	
 2.3062e+00	
 2.6533e+00	
 2.6499e+00	
 2.6143e+00	
 2.8209e+00	
 2.9200e+00	
 3.3033e+00	
 2.8136e+00	
 2.8051e+00	
 3.0316e+00	
 2.7388e+00	
 2.6404e+00	
 2.4337e+00	
 3.2455e+00	
 2.8014e+00	
 2.7242e+00	
 2.6197e+00	
 2.6071e+00	
 2.7918e+00	
 2.7060e+00	
 2.5979e+00	
 3.0195e+00	
 2.6722e+00	
 2.8155e+00	
 2.8318e+00	
 2.5293e+00	
 2.4987e+00	
 2.5288e+00	
 2.5525e+00	
 2.6872e+00	
 3.0540e+00	
 2.9095e+00	
 2.9601e+00	
 2.9863e+00	
 2.8726e+00	
 2.5603e+00	
 2.6568e+00	
 2.6657e+00	
 2.6111e+00	
 2.5257e+00	
 2.4842e+00	
 2.6552e+00	
 2.9349e+00	
 2.0856e+00	
 3.0660e+00	
 2.5459e+00	
 2.6638e+00	
 2.7078e+00	
 2.8496e+00	
 2.6640e+00	
 2.7861e+00	
 2.9418e+00	
 2.8797e+00	
 2.7138e+00	
 2.3096e+00	
 2.7074e+00	
 2.6081e+00	
 2.7201e+00	
 2.8771e+00	
 2.7723e+00	
 2.6277e+00	
 2.7185e+00	
 2.4115e+00	
 2.3820e+00	
 2.7545e+00	
 2.6936e+00	
 2.3546e+00	
 3.1325e+00	
 2.9743e+00	
 2.7378e+00	
 2.7633e+00	
 2.4273e+00	
 2.7061e+00	
 2.6080e+00	
 2.5630e+00	
 2.4785e+00	
 2.4449e+00	
 2.3030e+00	
 2.7490e+00	
 2.8104e+00	
 2.6271e+00	
 2.5560e+00	
 2.7995e+00	
 2.6048e+00	
 2.9819e+00	
 2.6596e+00	
 2.4926e+00	
 2.9618e+00	
 2.8588e+00	
 2.7484e+00	
 2.5964e+00	
 2.4465e+00	
 2.6078e+00	
 2.8169e+00	
 2.7052e+00	
 2.8637e+00	
 2.3695e+00	
 2.4750e+00	
 2.4437e+00	
 2.8897e+00	
 2.6894e+00	
 2.8586e+00	
 2.4748e+00	
 2.7781e+00	
 2.3999e+00	
 2.7817e+00	
 2.8752e+00	
 2.9237e+00	
 2.3689e+00	
 2.8643e+00	
 2.5351e+00	
 2.4894e+00	
 2.3974e+00	
 2.6161e+00	
 2.9421e+00	
 2.5595e+00	
 2.9331e+00	
 2.5519e+00	
 2.7436e+00	
 2.5948e+00	
 2.6094e+00	
 3.0577e+00	
 2.8762e+00	
 2.4505e+00	
 2.8100e+00	
 2.7973e+00	
 2.6758e+00	
 3.1208e+00	
 2.3592e+00	
 2.7389e+00	
 2.5861e+00	
 2.7861e+00	
 2.4649e+00	
 2.6583e+00	
 2.7002e+00	
 2.5107e+00	
 2.8928e+00	
 2.5560e+00	
 3.0707e+00	
 2.9304e+00	
 2.7871e+00	
 2.8267e+00	
 2.6621e+00	
 2.4869e+00	
 2.8739e+00	
 2.6833e+00	
 2.9071e+00	
 2.8885e+00	
 2.7976e+00	
 2.7284e+00	
 3.0025e+00	
 2.6781e+00	
 2.5911e+00	
 2.6645e+00	
 2.5205e+00	
 2.4639e+00	
 2.9119e+00	
 2.7622e+00	
 2.5331e+00	
 2.6098e+00	
 2.5414e+00	
 2.6217e+00	
 2.6151e+00	
 2.6695e+00	
 2.5257e+00	
 2.4706e+00	
 2.5614e+00	
 2.7766e+00	
 3.2075e+00	
 2.6445e+00	
 2.8292e+00	
 2.4846e+00	
 2.6529e+00	
 2.5588e+00	
 2.7786e+00	
 2.9490e+00	
 2.7544e+00	
 2.5258e+00	
 2.8645e+00	
 2.9282e+00	
 2.6656e+00	
 2.2642e+00	
 2.9562e+00	
 2.6780e+00	
 2.8703e+00	
 2.6218e+00	
 2.5666e+00	
 2.9743e+00	
 2.9772e+00	
 2.8101e+00	
 2.4137e+00	
 2.8489e+00	
 2.6658e+00	
 2.8648e+00	
 2.8264e+00	
 2.7987e+00	
 2.3301e+00	
 2.6732e+00	
 2.8156e+00	
 2.7489e+00	
 2.6393e+00	
 2.7169e+00	
 2.5283e+00	
 2.6324e+00	
 2.3962e+00	
 2.6190e+00	
 2.7971e+00	
 2.5076e+00	
 2.2025e+00	
 2.9249e+00	
 2.6434e+00	
 2.6385e+00	
 2.9260e+00	
 2.9994e+00	
 2.6891e+00	
 2.4832e+00	
 2.5353e+00	
 3.1935e+00	
 3.0845e+00	
 2.4831e+00	
 2.8091e+00	
 2.6739e+00	
 2.5852e+00	
 2.7018e+00	
 2.6291e+00	
 2.8910e+00	
 2.6492e+00	
 2.9035e+00	
 2.8484e+00	
 2.9073e+00	
 2.5350e+00	
 3.1212e+00	
 2.7724e+00	
 2.1979e+00	
 2.5045e+00	
 2.6738e+00	
 2.3398e+00	
 2.9977e+00	
 2.9791e+00	
 2.5662e+00	
 2.4854e+00	
 2.7732e+00	
 2.4506e+00	
 2.5451e+00	
 2.8853e+00	
 2.5539e+00	
 2.4777e+00	
 2.8033e+00	
 3.0289e+00	
 2.5608e+00	
 2.6530e+00	
 2.4360e+00	
 2.5425e+00	
 2.4673e+00	
 2.3517e+00	
 2.6259e+00	
 2.8409e+00	
 2.5876e+00	
 2.7486e+00	
 2.5588e+00	
 2.5866e+00	
 2.7282e+00	
 2.8377e+00	
 2.3889e+00	
 2.7430e+00	
 2.4663e+00	
 2.7745e+00	
 2.5947e+00	
 2.6151e+00	
 2.5725e+00	
 2.6446e+00	
 2.7488e+00	
 2.3917e+00	
 2.5684e+00	
 2.7876e+00	
 2.3373e+00	
 2.8040e+00	
 2.9380e+00	
 2.8951e+00	
 2.8258e+00	
 2.2134e+00	
 2.7862e+00	
 2.8043e+00	
 2.5246e+00	
 2.7801e+00	
 2.5887e+00	
 2.2227e+00	
 2.6082e+00	
 2.5471e+00	
 2.3408e+00	
 2.8021e+00	
 2.8764e+00	
 2.6201e+00	
 2.3401e+00	
 2.7696e+00	
 3.0356e+00	
 2.4471e+00	
 2.4877e+00	
 2.7081e+00	
 2.9447e+00	
 2.7891e+00	
 2.8859e+00	
 2.7085e+00	
 2.4475e+00	
 2.9731e+00	
 2.6836e+00	
 2.6429e+00	
 2.4791e+00	
 2.6224e+00	
 3.0830e+00	
 2.5725e+00	
 2.7285e+00	
 2.6277e+00	
 2.5119e+00	
 2.5883e+00	
 2.4944e+00	
 2.5007e+00	
 2.8567e+00	
 2.8952e+00	
 2.1552e+00	
 2.7631e+00	
 2.9730e+00	
 2.5414e+00	
 2.6148e+00	
 2.5441e+00	
 2.5637e+00	
 2.3081e+00	
 2.8016e+00	
 2.6976e+00	
 2.4316e+00	
 2.4428e+00	
 2.9653e+00	
 2.6636e+00	
 2.6791e+00	
 3.1904e+00	
 2.6245e+00	
 2.6183e+00	
 2.8498e+00	
 2.6837e+00	
 2.5314e+00	
 2.3770e+00	
 2.2765e+00	
 2.5397e+00	
 2.7722e+00	
 2.5931e+00	
 2.6351e+00	
 2.6249e+00	
 2.5776e+00	
 2.7871e+00	
 2.6448e+00	
 2.7511e+00	
 2.7384e+00	
 2.4590e+00	
 2.6616e+00	
 2.4369e+00	
 3.0600e+00	
 2.4594e+00	
 2.7988e+00	
 2.6613e+00	
 2.2672e+00	
 2.4122e+00	
 3.0607e+00	
 2.3431e+00	
 2.7969e+00	
 2.6817e+00	
 2.4798e+00	
 2.7676e+00	
 3.2721e+00	
 2.8081e+00	
 2.8669e+00	
 2.4898e+00	
 2.4293e+00	
 2.2437e+00	
 2.8362e+00	
 3.1089e+00	
 2.7763e+00	
 2.3969e+00	
 2.7382e+00	
 2.4782e+00	
 2.8324e+00	
 2.6919e+00	
 2.7390e+00	
 2.8493e+00	
 2.4582e+00	
 2.4034e+00	
 2.5229e+00	
 2.9236e+00	
 2.7891e+00	
 2.9762e+00	
 2.2595e+00	
 3.1992e+00	
 2.4263e+00	
 2.9497e+00	
 2.4534e+00	
 2.4860e+00	
 2.7261e+00	
 2.3182e+00	
 2.4954e+00	
 2.4029e+00	
 2.5190e+00	
 2.9163e+00	
 2.9652e+00	
 2.6625e+00	
 2.5331e+00	
 2.5522e+00	
 2.8425e+00	
 2.3859e+00	
 2.4592e+00	
 2.6782e+00	
 2.8803e+00	
 2.4925e+00	
 2.8369e+00	
 2.5082e+00	
 2.5517e+00	
 2.8474e+00	
 2.4441e+00	
 2.4607e+00	
 2.5016e+00	
 2.5883e+00	
 2.8201e+00	
 2.5571e+00	
 2.6927e+00	
 2.9571e+00	
 2.9382e+00	
 2.6749e+00	
 2.4895e+00	
 2.8885e+00	
 2.4056e+00	
 2.6438e+00	
 2.8132e+00	
 1.9809e+00	
 2.9063e+00	
 2.5262e+00	
 2.3068e+00	
 2.7903e+00	
 2.7850e+00	
 2.0715e+00	
 2.6918e+00	
 2.3994e+00	
 2.3714e+00	
 2.9996e+00	
 2.2206e+00	
 2.6183e+00	
 2.7579e+00	
 2.4705e+00	
 2.4305e+00	
 2.3967e+00	
 2.5393e+00	
 2.4848e+00	
 2.6579e+00	
 2.4539e+00	
 2.8156e+00	
 2.5718e+00	
 2.4905e+00	
 2.4765e+00	
 2.5134e+00	
 2.6305e+00	
 2.4367e+00	
 2.6670e+00	
 2.4524e+00	
 3.4652e+00	
 2.5363e+00	
 2.9917e+00	
 2.7449e+00	
 2.7934e+00	
 2.6423e+00	
 2.8318e+00	
 2.2969e+00	
 2.3588e+00	
 2.9123e+00	
 2.5195e+00	
 3.0254e+00	
 2.3853e+00	
 2.5604e+00	
 2.6166e+00	
 2.7970e+00	
 2.4295e+00	
 2.7098e+00	
 2.3763e+00	
 2.0273e+00	
 2.9745e+00	
 2.2815e+00	
 2.8463e+00	
 2.2617e+00	
 2.2442e+00	
 2.5762e+00	
 2.7825e+00	
 2.7487e+00	
 2.7344e+00	
 2.3120e+00	
 2.5230e+00	
 2.7190e+00	
 2.0824e+00	
 2.2435e+00	
 2.9082e+00	
 2.5001e+00	
 2.5273e+00	
 2.6170e+00	
 2.7047e+00	
 2.4502e+00	
 2.3597e+00	
 2.3853e+00	
 2.3485e+00	
 2.5788e+00	
 2.6921e+00	
 2.7622e+00	
 2.9945e+00	
 2.3272e+00	
 2.6415e+00	
 2.4593e+00	
 2.4976e+00	
 2.5403e+00	
 2.7769e+00	
 2.4472e+00	
 2.4658e+00	
 2.9680e+00	
 2.7622e+00	
 2.3275e+00	
 2.3379e+00	
 2.6246e+00	
 2.5620e+00	
 2.5978e+00	
 3.1043e+00	
 2.6629e+00	
 2.5532e+00	
 2.8453e+00	
 3.1837e+00	
 2.6133e+00	
 2.2618e+00	
 2.8151e+00	
 2.6053e+00	
 2.9795e+00	
 2.3818e+00	
 2.2227e+00	
 2.4063e+00	
 2.8262e+00	
 2.2736e+00	
 2.7864e+00	
 2.5286e+00	
 2.4542e+00	
 2.6072e+00	
 2.4950e+00	
 2.9874e+00	
 2.7849e+00	
 2.2305e+00	
 2.6580e+00	
 2.1551e+00	
 2.4582e+00	
 2.6829e+00	
 2.4472e+00	
 2.4376e+00	
 2.2742e+00	
 2.5514e+00	
 2.8773e+00	
 2.7691e+00	
 2.4321e+00	
 2.7127e+00	
 2.5864e+00	
 2.6709e+00	
 2.5479e+00	
 2.5260e+00	
 2.3807e+00	
 2.6440e+00	
 2.7475e+00	
 2.4899e+00	
 2.2538e+00	
 2.4753e+00	
 2.2359e+00	
 2.8713e+00	
 2.7830e+00	
 2.8357e+00	
 3.0654e+00	
 2.5319e+00	
 2.1198e+00	
 2.5547e+00	
 2.5876e+00	
 2.3537e+00	
 2.6971e+00	
 2.2662e+00	
 2.5460e+00	
 2.4849e+00	
 2.7777e+00	
 2.7313e+00	
 2.4949e+00	
 2.4024e+00	
 2.2972e+00	
 2.5494e+00	
 2.3415e+00	
 2.3633e+00	
 2.5884e+00	
 2.4824e+00	
 2.3217e+00	
 2.7754e+00	
 2.5002e+00	
 2.6937e+00	
 2.4375e+00	
 2.7589e+00	
 2.9143e+00	
 2.5508e+00	
 2.7265e+00	
 2.3984e+00	
 2.2591e+00	
 2.4012e+00	
 3.2680e+00	
 2.2184e+00	
 3.0941e+00	
 2.6302e+00	
 2.2806e+00	
 2.6338e+00	
 2.8713e+00	
 2.7231e+00	
 2.2376e+00	
 2.7023e+00	
 2.3004e+00	
 2.4281e+00	
 2.7954e+00	
 2.8275e+00	
 2.6511e+00	
 2.4406e+00	
 2.7142e+00	
 2.8638e+00	
 2.7025e+00	
 2.4204e+00	
 3.1339e+00	
 3.1535e+00	
 2.4469e+00	
 2.3509e+00	
 2.7205e+00	
 2.5419e+00	
 2.7207e+00	
 2.7197e+00	
 2.3213e+00	
 2.4865e+00	
 2.7358e+00	
 2.3033e+00	
 2.7606e+00	
 2.6118e+00	
 2.6366e+00	
 2.3917e+00	
 2.5454e+00	
 2.8788e+00	
 2.9713e+00	
 2.1969e+00	
 2.6715e+00	
 2.2567e+00	
 2.3144e+00	
 2.9490e+00	
 2.7949e+00	
 2.6894e+00	
 2.8295e+00	
 2.8045e+00	
 2.5645e+00	
 2.9224e+00	
 2.3384e+00	
 2.9053e+00	
 2.4746e+00	
 2.4837e+00	
 2.6673e+00	
 2.7231e+00	
 2.2509e+00	
 2.6893e+00	
 2.5373e+00	
 2.6060e+00	
 2.4773e+00	
 2.5217e+00	
 2.7408e+00	
 2.5340e+00	
 2.3030e+00	
 3.1201e+00	
 2.8657e+00	
 2.5050e+00	
 2.8707e+00	
 2.8395e+00	
 2.2899e+00	
 2.5824e+00	
 2.5149e+00	
 2.9590e+00	
 2.1297e+00	
 2.5424e+00	
 2.8402e+00	
 2.6465e+00	
 2.5943e+00	
 2.8940e+00	
 2.4995e+00	
 2.3502e+00	
 2.6610e+00	
 2.3324e+00	
 2.6316e+00	
 2.4177e+00	
 2.4693e+00	
 2.5944e+00	
 2.5727e+00	
 2.6758e+00	
 2.1040e+00	
 1.9839e+00	
 2.2043e+00	
 2.9552e+00	
 2.4793e+00	
 2.4087e+00	
 2.1758e+00	
 2.6328e+00	
 2.3399e+00	
 2.8272e+00	
 2.6851e+00	
 2.4492e+00	
 2.9112e+00	
 2.6076e+00	
 2.9668e+00	
 2.6915e+00	
 2.5653e+00	
 2.4660e+00	
 2.7328e+00	
 2.3159e+00	
 2.4325e+00	
 3.0167e+00	
 2.4406e+00	
 2.6134e+00	
 2.2305e+00	
 2.4238e+00	
 2.4531e+00	
 1.9591e+00	
 2.8305e+00	
 2.7760e+00	
 2.3009e+00	
 2.7393e+00	
 2.6160e+00	
 2.7160e+00	
 2.8165e+00	
 2.5386e+00	
 2.5879e+00	
 2.5992e+00	
 2.4009e+00	
 2.8895e+00	
 2.5763e+00	
 2.4625e+00	
 2.5126e+00	
 2.7024e+00	
 2.5057e+00	
 2.6764e+00	
 2.6580e+00	
 2.5570e+00	
 2.2976e+00	
 2.6240e+00	
 2.4826e+00	
 2.3624e+00	
 2.7868e+00	
 2.1884e+00	
 2.4265e+00	
 2.2332e+00	
 2.3015e+00	
 2.7928e+00	
 2.7524e+00	
 2.4322e+00	
 2.2237e+00	
 2.5661e+00	
 2.5790e+00	
 2.5506e+00	
 2.5665e+00	
 2.5684e+00	
 2.7857e+00	
 2.8500e+00	
 2.8766e+00	
 2.6060e+00	
 2.8589e+00	
 2.5925e+00	
 2.7147e+00	
 2.7754e+00	
 2.1996e+00	
 2.9018e+00	
 2.8664e+00	
 2.6172e+00	
 2.5188e+00	
 2.0801e+00	
 2.6093e+00	
 3.0011e+00	
 2.1793e+00	
 2.6750e+00	
 2.7924e+00	
 2.4998e+00	
 2.4662e+00	
 2.4004e+00	
 2.3451e+00	
 2.5171e+00	
 2.5015e+00	
 2.7097e+00	
 2.4101e+00	
 2.4561e+00	
 2.9134e+00	
 2.6791e+00	
 2.0072e+00	
 2.8881e+00	
 2.3312e+00	
 2.6779e+00	
 2.5255e+00	
 2.7967e+00	
 2.6641e+00	
 2.6890e+00	
 2.7100e+00	
 2.3267e+00	
 2.6580e+00	
 2.1353e+00	
 2.6394e+00	
 2.5539e+00	
 2.7831e+00	
 2.9653e+00	
 2.5871e+00	
 2.8796e+00	
 2.4949e+00	
 2.1542e+00	
 2.4427e+00	
 2.9296e+00	
 2.6132e+00	
 2.4467e+00	
 3.1575e+00	
 2.2990e+00	
 2.6561e+00	
 2.4987e+00	
 2.4924e+00	
 2.7323e+00	
 2.8013e+00	
 1.9190e+00	
 2.6704e+00	
 2.4199e+00	
 2.6984e+00	
 2.2208e+00	
 2.2638e+00	
 2.8886e+00	
 2.2824e+00	
 2.3140e+00	
 2.1485e+00	
 2.3349e+00	
 2.7748e+00	
 2.7136e+00	
 2.9209e+00	
 2.4736e+00	
 2.3729e+00	
 2.5097e+00	
 2.9558e+00	
 2.6567e+00	
 2.4883e+00	
 2.6506e+00	
 3.0928e+00	
 3.0453e+00	
 2.6331e+00	
 2.3666e+00	
 2.3220e+00	
 2.7634e+00	
 2.4746e+00	
 2.3543e+00	
 2.7249e+00	
 2.9328e+00	
 2.1164e+00	
 2.1599e+00	
 2.5610e+00	
 2.6827e+00	
 2.6647e+00	
 2.8397e+00	
 2.3894e+00	
 2.3829e+00	
 2.5622e+00	
 2.4124e+00	
 2.7303e+00	
 2.6792e+00	
 2.8463e+00	
 2.5553e+00	
 2.7994e+00	
 2.5116e+00	
 2.5506e+00	
 2.3199e+00	
 2.5391e+00	
 2.7576e+00	
 2.4759e+00	
 2.5345e+00	
 2.7742e+00	
 2.5163e+00	
 2.1982e+00	
 2.6861e+00	
 2.4538e+00	
 2.8951e+00	
 2.0146e+00	
 2.7816e+00	
 2.5674e+00	
 2.7398e+00	
 2.6547e+00	
 2.2632e+00	
 3.0012e+00	
 2.3014e+00	
 2.5496e+00	
 2.9255e+00	
 2.7082e+00	
 2.5128e+00	
 2.5249e+00	
 2.9477e+00	
 2.4794e+00	
 2.8107e+00	
 2.7138e+00	
 2.4337e+00	
 2.3788e+00	
 2.7987e+00	
 2.6185e+00	
 2.8339e+00	
 2.8374e+00	
 2.2705e+00	
 2.6120e+00	
 2.5260e+00	
 2.8488e+00	
 2.7169e+00	
 2.3399e+00	
 2.7547e+00	
 2.3082e+00	
 2.6263e+00	
 2.1016e+00	
 2.6153e+00	
 2.2775e+00	
 2.9778e+00	
 2.0744e+00	
 2.9047e+00	
 2.0213e+00	
 2.2607e+00	
 2.4953e+00	
 2.6017e+00	
 1.9609e+00	
 2.6326e+00	
 2.7550e+00	
 2.5041e+00	
 3.0712e+00	
 2.3076e+00	
 2.6490e+00	
 2.7327e+00	
 2.2313e+00	
 2.6858e+00	
 2.0979e+00	
 2.5538e+00	
 2.5833e+00	
 2.4165e+00	
 2.2136e+00	
 2.0439e+00	
 2.5310e+00	
 2.5633e+00	
 2.6925e+00	
 2.4237e+00	
 2.7320e+00	
 2.7583e+00	
 2.6399e+00	
 2.8771e+00	
 2.2361e+00	
 2.4297e+00	
 2.4487e+00	
 2.3625e+00	
 3.0674e+00	
 2.3659e+00	
 2.3279e+00	
 2.7353e+00	
 2.2816e+00	
 2.3231e+00	
 2.6984e+00	
 2.6634e+00	
 2.1491e+00	
 3.1374e+00	
 2.2681e+00	
 2.4651e+00	
 2.1846e+00	
 2.4366e+00	
 2.5228e+00	
 2.3644e+00	
 2.2584e+00	
 2.1716e+00	
 2.7987e+00	
 2.2691e+00	
 2.5880e+00	
 2.7407e+00	
 2.1017e+00	
 2.7311e+00	
 2.5617e+00	
 3.1871e+00	
 2.4896e+00	
 2.4183e+00	
 2.4794e+00	
 2.4132e+00	
 2.2719e+00	
 2.2309e+00	
 2.3914e+00	
 2.5276e+00	
 2.5072e+00	
 2.9722e+00	
 2.3802e+00	
 2.6276e+00	
 2.3213e+00	
 2.4642e+00	
 2.5377e+00	
 2.7523e+00	
 2.6536e+00	
 2.6490e+00	
 2.3763e+00	
 2.4139e+00	
 2.8059e+00	
 2.3929e+00	
 2.4283e+00	
 2.5764e+00	
 3.0931e+00	
 2.4941e+00	
 2.2080e+00	
 2.0433e+00	
 2.6850e+00	
 2.2381e+00	
 2.3999e+00	
 2.4162e+00	
 2.8616e+00	
 2.7834e+00	
 2.4083e+00	
 2.6227e+00	
 2.5321e+00	
 2.3223e+00	
 2.5636e+00	
 2.2717e+00	
 2.5927e+00	
 2.4683e+00	
 2.8746e+00	
 2.3306e+00	
 2.6103e+00	
 2.7219e+00	
 2.3953e+00	
 2.9290e+00	
 2.6007e+00	
 2.8126e+00	
 2.1276e+00	
 2.9546e+00	
 2.7315e+00	
 2.1003e+00	
 2.6350e+00	
 2.4277e+00	
 2.8852e+00	
 2.7175e+00	
 2.4425e+00	
 2.3761e+00	
 2.4551e+00	
 2.4743e+00	
 2.1956e+00	
 2.7841e+00	
 2.6898e+00	
 2.5391e+00	
 2.5831e+00	
 2.6142e+00	
 2.5048e+00	
 2.1366e+00	
 2.5767e+00	
 2.4767e+00	
 2.8074e+00	
 2.2298e+00	
 2.6903e+00	
 2.4778e+00	
 2.1732e+00	
 2.4899e+00	
 2.3944e+00	
 2.7499e+00	
 2.9037e+00	
 2.3132e+00	
 2.9879e+00	
 3.1835e+00	
 2.4253e+00	
 2.4868e+00	
 2.3172e+00	
 2.3939e+00	
 2.6174e+00	
 2.3675e+00	
 2.4187e+00	
 2.5205e+00	
 2.2652e+00	
 2.0230e+00	
 2.4043e+00	
 2.4602e+00	
 2.7277e+00	
 2.2395e+00	
 2.3489e+00	
 2.4270e+00	
 2.1906e+00	
 2.1792e+00	
 2.8609e+00	
 2.2385e+00	
 2.4471e+00	
 3.0019e+00	
 2.2974e+00	
 2.0015e+00	
 2.4564e+00	
 2.3438e+00	
 2.1855e+00	
 2.2358e+00	
 2.4173e+00	
 2.7448e+00	
 2.4738e+00	
 2.4338e+00	
 2.3283e+00	
 2.4450e+00	
 2.6773e+00	
 2.9733e+00	
 1.9760e+00	
 2.1923e+00	
 2.1788e+00	
 2.1012e+00	
 2.5349e+00	
 2.0955e+00	
 2.5627e+00	
 2.5209e+00	
 2.5367e+00	
 2.3858e+00	
 2.7187e+00	
 2.1979e+00	
 2.5759e+00	
 3.1368e+00	
 2.6377e+00	
 2.5062e+00	
 2.7422e+00	
 2.4283e+00	
 2.5590e+00	
 2.5055e+00	
 2.5132e+00	
 2.7228e+00	
 2.9333e+00	
 2.3186e+00	
 2.5112e+00	
 2.7701e+00	
 2.6289e+00	
 2.7433e+00	
 2.1219e+00	
 2.2599e+00	
 2.3158e+00	
 2.8532e+00	
 2.7447e+00	
 2.5524e+00	
 3.2017e+00	
 2.1156e+00	
 2.5756e+00	
 2.2379e+00	
 2.4743e+00	
 2.6710e+00	
 2.7735e+00	
 2.4243e+00	
 2.9196e+00	
 2.0140e+00	
 1.9117e+00	
 1.7095e+00	
 2.1337e+00	
 1.7066e+00	
 1.5019e+00	
 1.3816e+00	
 2.0049e+00	
 1.8025e+00	
 1.4537e+00	
 1.6856e+00	
 1.8715e+00	
 1.5735e+00	
 1.9308e+00	
 1.6562e+00	
 1.7085e+00	
 1.5112e+00	
 1.6489e+00	
 1.5631e+00	
 1.8164e+00	
 1.4011e+00	
 1.9405e+00	
 1.8551e+00	
 1.8112e+00	
 1.8358e+00	
 1.8905e+00	
 1.9942e+00	
 2.0066e+00	
 1.7873e+00	
 2.0383e+00	
 1.8345e+00	
 1.9415e+00	
 1.7660e+00	
 1.8612e+00	
 1.6319e+00	
 1.7049e+00	
 1.8321e+00	
 1.8641e+00	
 1.8579e+00	
 1.6574e+00	
 1.9529e+00	
 1.9595e+00	
 1.6859e+00	
 2.2118e+00	
 1.7397e+00	
 1.9279e+00	
 1.7697e+00	
 1.7565e+00	
 1.8512e+00	
 1.5319e+00	
 1.5966e+00	
 1.4996e+00	
 1.5719e+00	
 1.5401e+00	
 2.0803e+00	
 1.6874e+00	
 1.7355e+00	
 1.8982e+00	
 1.4888e+00	
 1.1575e+00	
 1.7048e+00	
 1.9130e+00	
 1.6663e+00	
 1.7378e+00	
 1.9930e+00	
 1.6999e+00	
 1.8382e+00	
 1.4228e+00	
 1.8655e+00	
 1.6196e+00	
 1.8427e+00	
 1.7616e+00	
 1.4694e+00	
 1.7456e+00	
 1.9384e+00	
 1.4416e+00	
 1.7171e+00	
 1.4433e+00	
 1.5642e+00	
 1.9645e+00	
 1.8203e+00	
 1.8334e+00	
 1.6390e+00	
 2.0809e+00	
 2.0896e+00	
 1.6460e+00	
 1.4296e+00	
 1.8697e+00	
 1.8444e+00	
 1.6441e+00	
 1.5205e+00	
 1.4983e+00	
 1.8977e+00	
 1.7138e+00	
 1.8017e+00	
 1.5474e+00	
 1.5527e+00	
 1.8752e+00	
 1.7199e+00	
 1.6987e+00	
 1.9062e+00	
 1.2905e+00	
 1.9810e+00	
 1.6166e+00	
 1.6835e+00	
 1.8044e+00	
 1.4314e+00	
 1.6212e+00	
 1.4507e+00	
 1.4325e+00	
 2.0031e+00	
 1.8066e+00	
 1.9400e+00	
 2.0713e+00	
 1.5519e+00	
 1.8798e+00	
 1.7439e+00	
 1.5201e+00	
 1.7064e+00	
 1.7742e+00	
 1.9489e+00	
 1.6487e+00	
 1.8000e+00	
 1.7739e+00	
 1.8334e+00	
 1.6112e+00	
 1.6958e+00	
 1.9164e+00	
 1.9224e+00	
 1.9101e+00	
 1.9179e+00	
 1.6557e+00	
 1.3457e+00	
 1.9445e+00	
 1.9631e+00	
 1.7172e+00	
 1.4639e+00	
 1.8012e+00	
 1.2875e+00	
 1.6548e+00	
 1.5860e+00	
 1.7629e+00	
 2.1064e+00	
 1.4436e+00	
 1.5398e+00	
 1.6755e+00	
 1.8385e+00	
 1.9952e+00	
 2.1169e+00	
 1.5214e+00	
 1.7396e+00	
 1.6113e+00	
 1.5316e+00	
 1.7774e+00	
 1.7039e+00	
 1.4367e+00	
 1.7275e+00	
 2.0045e+00	
 1.8303e+00	
 2.0736e+00	
 1.9910e+00	
 1.4611e+00	
 1.9735e+00	
 1.6438e+00	
 1.8416e+00	
 1.9348e+00	
 1.7648e+00	
 1.8082e+00	
 1.6545e+00	
 2.0803e+00	
 2.0127e+00	
 1.4013e+00	
 1.3864e+00	
 1.6618e+00	
 1.7771e+00	
 1.5515e+00	
 1.6367e+00	
 1.6387e+00	
 1.5834e+00	
 1.6151e+00	
 1.8959e+00	
 1.2825e+00	
 1.7734e+00	
 1.9794e+00	
 1.6258e+00	
 1.6399e+00	
 1.8118e+00	
 1.6958e+00	
 1.8679e+00	
 2.1664e+00	
 1.8095e+00	
 2.1958e+00	
 1.4847e+00	
 1.8105e+00	
 1.6599e+00	
 1.8611e+00	
 1.7467e+00	
 1.6165e+00	
 1.7168e+00	
 2.0670e+00	
 1.6242e+00	
 1.8264e+00	
 1.3642e+00	
 1.9066e+00	
 2.1099e+00	
 1.8133e+00	
 1.6755e+00	
 1.8642e+00	
 1.6931e+00	
 2.0563e+00	
 2.1803e+00	
 2.0355e+00	
 1.6390e+00	
 2.4010e+00	
 2.0601e+00	
 1.7234e+00	
 1.9731e+00	
 1.5112e+00	
 1.9259e+00	
 1.3555e+00	
 1.9637e+00	
 2.0211e+00	
 1.8558e+00	
 1.7141e+00	
 1.7597e+00	
 1.5844e+00	
 1.5515e+00	
 1.8378e+00	
 1.7163e+00	
 1.8872e+00	
 1.8854e+00	
 1.7038e+00	
 1.9380e+00	
 1.8992e+00	
 1.6321e+00	
 1.7984e+00	
 1.7870e+00	
 1.3957e+00	
 1.5316e+00	
 1.7134e+00	
 1.5352e+00	
 1.5752e+00	
 1.6551e+00	
 1.5857e+00	
 1.6532e+00	
 1.6979e+00	
 1.9035e+00	
 1.5201e+00	
 1.6425e+00	
 1.9770e+00	
 1.9923e+00	
 1.2637e+00	
 1.7645e+00	
 1.7439e+00	
 2.0188e+00	
 1.3157e+00	
 1.8396e+00	
 1.5812e+00	
 1.9816e+00	
 1.4081e+00	
 1.8857e+00	
 1.6221e+00	
 2.0647e+00	
 1.7031e+00	
 1.1905e+00	
 1.4038e+00	
 1.8841e+00	
 1.7154e+00	
 1.5716e+00	
 1.8867e+00	
 1.3586e+00	
 1.9416e+00	
 1.5638e+00	
 1.5939e+00	
 1.2659e+00	
 1.6616e+00	
 2.2642e+00	
 1.7936e+00	
 1.4851e+00	
 1.4539e+00	
 1.5569e+00	
 1.4900e+00	
 1.8926e+00	
 2.0764e+00	
 1.8272e+00	
 1.7551e+00	
 1.9210e+00	
 1.7063e+00	
 1.6274e+00	
 1.8629e+00	
 1.3994e+00	
 1.5063e+00	
 1.8685e+00	
 1.5438e+00	
 2.0538e+00	
 1.9939e+00	
 1.5037e+00	
 1.5741e+00	
 1.5824e+00	
 1.4439e+00	
 1.8188e+00	
 1.9690e+00	
 1.6124e+00	
 1.8456e+00	
 1.3475e+00	
 1.6570e+00	
 1.6914e+00	
 1.9859e+00	
 1.9190e+00	
 2.0897e+00	
 1.4192e+00	
 1.7090e+00	
 1.7850e+00	
 1.7560e+00	
 1.9749e+00	
 2.1270e+00	
 1.9483e+00	
 1.6953e+00	
 1.7300e+00	
 1.6647e+00	
 1.5802e+00	
 1.5857e+00	
 1.6966e+00	
 1.5057e+00	
 1.4345e+00	
 1.4421e+00	
 1.5865e+00	
 1.4591e+00	
 1.8183e+00	
 1.9895e+00	
 2.0615e+00	
 1.9399e+00	
 1.9681e+00	
 1.6988e+00	
 1.6642e+00	
 1.6933e+00	
 1.6394e+00	
 1.5578e+00	
 1.6775e+00	
 1.7103e+00	
 1.9591e+00	
 1.8492e+00	
 1.5405e+00	
 1.7186e+00	
 1.4964e+00	
 1.8721e+00	
 1.9860e+00	
 1.6447e+00	
 1.8805e+00	
 1.9635e+00	
 1.4788e+00	
 1.9253e+00	
 1.2887e+00	
 1.7034e+00	
 1.9042e+00	
 1.5216e+00	
 1.5962e+00	
 2.1389e+00	
 1.7612e+00	
 1.6370e+00	
 1.9034e+00	
 1.8800e+00	
 1.6385e+00	
 1.5643e+00	
 1.5666e+00	
 2.1437e+00	
 1.3436e+00	
 1.9229e+00	
 1.7769e+00	
 1.9201e+00	
 1.5580e+00	
 1.6712e+00	
 1.9647e+00	
 1.9131e+00	
 2.1397e+00	
 1.7454e+00	
 1.8429e+00	
 1.8257e+00	
 1.9182e+00	
 1.2346e+00	
 1.6337e+00	
 1.8198e+00	
 1.6116e+00	
 1.4189e+00	
 1.6587e+00	
 1.5018e+00	
 1.8584e+00	
 1.5338e+00	
 1.5864e+00	
 1.9522e+00	
 1.7756e+00	
 1.8519e+00	
 1.3970e+00	
 1.3659e+00	
 1.6327e+00	
 2.1582e+00	
 1.6280e+00	
 1.7640e+00	
 1.4653e+00	
 1.8627e+00	
 1.5556e+00	
 2.0313e+00	
 1.3887e+00	
 1.4935e+00	
 2.0203e+00	
 1.5875e+00	
 1.6953e+00	
 1.8948e+00	
 1.9615e+00	
 1.8468e+00	
 1.4815e+00	
 2.0139e+00	
 1.7578e+00	
 1.7572e+00	
 1.0822e+00	
 1.9271e+00	
 1.5230e+00	
 1.6366e+00	
 1.7471e+00	
 1.8677e+00	
 2.2716e+00	
 1.8586e+00	
 1.4546e+00	
 1.6924e+00	
 2.0080e+00	
 1.5033e+00	
 2.1532e+00	
 1.5363e+00	
 1.8248e+00	
 1.7619e+00	
 1.8215e+00	
 1.7253e+00	
 1.7079e+00	
 1.9821e+00	
 1.6269e+00	
 2.1749e+00	
 1.8081e+00	
 1.6247e+00	
 1.8113e+00	
 1.6913e+00	
 1.7560e+00	
 1.5913e+00	
 1.6692e+00	
 1.8654e+00	
 1.7477e+00	
 1.6333e+00	
 1.8866e+00	
 1.6646e+00	
 2.0023e+00	
 1.4141e+00	
 1.9662e+00	
 1.7535e+00	
 1.9834e+00	
 1.6797e+00	
 1.8865e+00	
 1.8368e+00	
 1.8849e+00	
 1.7582e+00	
 1.4622e+00	
 1.5473e+00	
 1.5806e+00	
 1.8021e+00	
 2.1156e+00	
 1.6995e+00	
 2.0360e+00	
 1.6715e+00	
 1.6151e+00	
 1.5165e+00	
 1.6920e+00	
 1.7440e+00	
 1.8833e+00	
 1.8021e+00	
 1.9578e+00	
 1.6287e+00	
 1.9717e+00	
 1.7867e+00	
 2.1812e+00	
 1.7843e+00	
 2.0098e+00	
 1.5191e+00	
 1.7833e+00	
 1.4830e+00	
 1.9038e+00	
 1.4903e+00	
 1.7388e+00	
 1.7704e+00	
 2.0965e+00	
 1.5574e+00	
 1.5956e+00	
 1.5071e+00	
 1.8749e+00	
 1.8904e+00	
 1.9291e+00	
 1.6851e+00	
 2.0619e+00	
 1.6493e+00	
 2.0903e+00	
 1.6919e+00	
 1.4748e+00	
 1.4296e+00	
 1.8521e+00	
 2.1615e+00	
 1.5243e+00	
 1.7738e+00	
 1.1591e+00	
 1.7565e+00	
 1.7778e+00	
 1.7208e+00	
 1.6079e+00	
 2.0484e+00	
 1.6118e+00	
 1.8500e+00	
 1.1563e+00	
 1.5547e+00	
 1.8704e+00	
 1.9929e+00	
 1.8883e+00	
 1.5835e+00	
 1.5056e+00	
 1.9024e+00	
 1.9931e+00	
 1.6683e+00	
 1.4844e+00	
 1.6023e+00	
 1.6293e+00	
 1.8880e+00	
 1.5413e+00	
 1.9210e+00	
 1.4705e+00	
 1.7584e+00	
 2.2136e+00	
 2.2219e+00	
 1.9793e+00	
 1.8904e+00	
 1.3778e+00	
 1.5909e+00	
 1.4842e+00	
 1.8219e+00	
 1.7940e+00	
 1.5563e+00	
 1.7125e+00	
 1.8936e+00	
 1.7293e+00	
 1.6846e+00	
 1.9735e+00	
 1.9249e+00	
 1.3155e+00	
 1.8963e+00	
 1.8623e+00	
 1.5656e+00	
 1.4152e+00	
 1.6908e+00	
 1.5481e+00	
 1.6777e+00	
 2.2759e+00	
 1.7078e+00	
 2.1026e+00	
 1.2847e+00	
 1.7184e+00	
 2.1068e+00	
 1.3900e+00	
 1.5205e+00	
 1.5897e+00	
 1.7762e+00	
 2.1257e+00	
 1.6726e+00	
 1.4425e+00	
 1.8566e+00	
 1.6394e+00	
 2.0179e+00	
 1.8621e+00	
 1.7223e+00	
 1.6070e+00	
 1.7393e+00	
 1.9215e+00	
 1.7860e+00	
 1.7879e+00	
 1.5911e+00	
 1.8235e+00	
 1.9438e+00	
 1.8152e+00	
 1.8102e+00	
 2.2476e+00	
 1.9782e+00	
 1.6147e+00	
 1.5264e+00	
 2.0480e+00	
 1.8684e+00	
 1.5341e+00	
 2.0217e+00	
 1.9817e+00	
 1.7740e+00	
 1.9958e+00	
 1.9413e+00	
 1.4998e+00	
 1.6034e+00	
 1.5140e+00	
 1.4620e+00	
 1.7570e+00	
 1.5037e+00	
 1.8123e+00	
 1.6769e+00	
 1.7851e+00	
 1.7689e+00	
 1.9342e+00	
 1.6859e+00	
 1.7585e+00	
 1.6318e+00	
 1.4766e+00	
 1.5547e+00	
 2.1335e+00	
 1.7019e+00	
 1.7564e+00	
 1.3899e+00	
 1.4312e+00	
 1.7501e+00	
 1.6986e+00	
 1.9081e+00	
 1.7309e+00	
 1.6379e+00	
 1.7158e+00	
 2.0003e+00	
 2.0641e+00	
 1.6553e+00	
 1.8367e+00	
 1.7959e+00	
 1.5175e+00	
 1.9808e+00	
 1.9936e+00	
 1.8149e+00	
 1.7267e+00	
 1.4597e+00	
 1.6612e+00	
 1.3914e+00	
 1.8861e+00	
 1.7420e+00	
 1.7706e+00	
 1.8842e+00	
 1.7304e+00	
 2.0071e+00	
 2.0783e+00	
 1.5608e+00	
 1.4571e+00	
 1.7767e+00	
 2.0523e+00	
 2.0871e+00	
 1.6416e+00	
 1.8899e+00	
 1.6001e+00	
 1.6064e+00	
 1.6400e+00	
 1.9137e+00	
 1.8025e+00	
 1.8271e+00	
 1.9968e+00	
 1.2450e+00	
 1.7763e+00	
 2.3513e+00	
 1.6241e+00	
 1.7399e+00	
 1.3738e+00	
 1.5184e+00	
 1.7141e+00	
 2.1486e+00	
 1.6951e+00	
 1.6932e+00	
 1.4988e+00	
 1.4228e+00	
 1.6215e+00	
 1.5529e+00	
 1.7896e+00	
 1.6526e+00	
 1.4875e+00	
 1.9173e+00	
 1.9479e+00	
 1.5203e+00	
 1.6511e+00	
 1.8567e+00	
 1.6651e+00	
 1.6075e+00	
 1.7801e+00	
 1.6486e+00	
 1.8102e+00	
 1.6267e+00	
 1.5414e+00	
 2.0870e+00	
 1.8370e+00	
 1.5021e+00	
 1.5004e+00	
 1.5083e+00	
 1.7655e+00	
 1.6032e+00	
 1.6563e+00	
 1.4023e+00	
 1.6091e+00	
 1.7965e+00	
 1.5406e+00	
 1.6773e+00	
 1.4784e+00	
 1.3954e+00	
 1.5564e+00	
 1.9829e+00	
 1.7263e+00	
 1.7239e+00	
 1.4307e+00	
 1.7455e+00	
 1.7360e+00	
 1.6435e+00	
 1.6357e+00	
 1.7187e+00	
 1.6303e+00	
 1.6057e+00	
 1.5838e+00	
 1.6354e+00	
 1.6481e+00	
 1.9417e+00	
 1.6325e+00	
 1.9447e+00	
 1.9403e+00	
 1.6590e+00	
 1.6108e+00	
 1.6468e+00	
 1.4956e+00	
 1.8865e+00	
 2.1331e+00	
 1.4668e+00	
 1.3958e+00	
 1.9047e+00	
 1.8035e+00	
 1.5548e+00	
 1.9705e+00	
 1.7375e+00	
 1.6470e+00	
 1.7397e+00	
 1.6353e+00	
 2.1221e+00	
 2.0746e+00	
 2.1041e+00	
 1.6008e+00	
 1.4177e+00	
 1.5590e+00	
 2.2420e+00	
 1.7667e+00	
 1.6719e+00	
 1.6778e+00	
 1.8398e+00	
 1.7562e+00	
 1.6514e+00	
 1.5586e+00	
 1.5809e+00	
 1.7212e+00	
 1.7452e+00	
 2.0616e+00	
 1.2592e+00	
 1.5571e+00	
 2.0314e+00	
 2.0362e+00	
 1.8648e+00	
 1.5893e+00	
 2.0186e+00	
 2.0901e+00	
 1.8998e+00	
 1.5031e+00	
 1.7336e+00	
 1.4859e+00	
 2.0368e+00	
 1.4922e+00	
 1.6463e+00	
 2.1379e+00	
 1.9161e+00	
 1.7907e+00	
 1.4929e+00	
 2.1761e+00	
 1.8521e+00	
 1.8059e+00	
 1.6374e+00	
 1.6102e+00	
 1.7350e+00	
 1.5978e+00	
 1.9171e+00	
 1.5551e+00	
 1.3760e+00	
 1.9168e+00	
 1.7216e+00	
 1.3251e+00	
 1.5398e+00	
 1.9009e+00	
 1.6820e+00	
 1.6535e+00	
 1.4247e+00	
 1.6019e+00	
 1.8043e+00	
 1.5299e+00	
 1.6311e+00	
 1.9713e+00	
 1.4831e+00	
 1.7632e+00	
 1.8857e+00	
 1.5710e+00	
 1.6338e+00	
 1.5250e+00	
 2.2496e+00	
 2.0792e+00	
 1.6682e+00	
 1.7647e+00	
 1.9860e+00	
 1.6196e+00	
 1.2098e+00	
 1.5932e+00	
 1.6624e+00	
 1.6549e+00	
 1.4701e+00	
 2.0902e+00	
 1.6156e+00	
 2.3228e+00	
 1.6214e+00	
 2.1030e+00	
 1.7433e+00	
 1.7489e+00	
 1.6325e+00	
 1.6194e+00	
 2.0602e+00	
 2.0678e+00	
 1.8924e+00	
 1.7338e+00	
 1.4855e+00	
 1.9268e+00	
 1.9237e+00	
 1.3924e+00	
 1.5868e+00	
 1.7916e+00	
 2.2115e+00	
 1.6628e+00	
 1.5612e+00	
 1.5882e+00	
 1.5600e+00	
 2.0058e+00	
 1.9160e+00	
 1.8409e+00	
 1.2882e+00	
 1.9500e+00	
 1.5944e+00	
 1.8735e+00	
 1.8286e+00	
 1.7078e+00	
 1.6195e+00	
 2.1153e+00	
 1.7406e+00	
 2.1216e+00	
 1.7490e+00	
 1.6671e+00	
 1.9316e+00	
 2.2338e+00	
 1.7210e+00	
 1.5137e+00	
 1.7836e+00	
 1.9800e+00	
 1.7832e+00	
 1.9733e+00	
 1.6702e+00	
 1.7967e+00	
 1.6609e+00	
 1.2187e+00	
 1.3342e+00	
 1.3424e+00	
 1.6355e+00	
 1.8335e+00	
 1.9970e+00	
 1.9027e+00	
 1.7437e+00	
 1.4007e+00	
 1.6727e+00	
 1.8675e+00	
 1.8065e+00	
 1.5707e+00	
 1.7333e+00	
 1.5727e+00	
 1.7042e+00	
 1.6777e+00	
 1.9489e+00	
 1.7197e+00	
 1.6908e+00	
 1.5330e+00	
 1.9406e+00	
 1.8569e+00	
 1.4753e+00	
 2.2177e+00	
 1.7474e+00	
 1.7355e+00	
 1.9730e+00	
 1.6109e+00	
 1.8286e+00	
 1.7485e+00	
 1.8899e+00	
 1.6320e+00	
 1.5964e+00	
 1.5015e+00	
 2.0205e+00	
 1.9301e+00	
 1.8776e+00	
 1.4815e+00	
 1.8082e+00	
 1.5339e+00	
 1.6977e+00	
 1.5169e+00	
 1.4140e+00	
 1.6861e+00	
 1.7925e+00	
 1.7793e+00	
 1.4957e+00	
 1.2815e+00	
 1.9016e+00	
 1.7666e+00	
 1.7557e+00	
 1.8334e+00	
 1.8979e+00	
 1.7877e+00	
 1.4912e+00	
 1.7358e+00	
 1.7975e+00	
 1.9938e+00	
 1.9656e+00	
 1.9709e+00	
 1.3102e+00	
 1.7345e+00	
 1.7332e+00	
 1.7339e+00	
 1.5548e+00	
 1.5132e+00	
 1.8095e+00	
 1.9455e+00	
 1.8125e+00	
 1.6158e+00	
 1.6146e+00	
 1.6692e+00	
 1.9135e+00	
 1.7144e+00	
 2.1094e+00	
 1.8338e+00	
 2.0794e+00	
 2.0424e+00	
 1.6728e+00	
 2.0718e+00	
 1.8522e+00	
 2.1339e+00	
 1.5933e+00	
 2.0930e+00	
 1.7947e+00	
 1.8155e+00	
 1.7978e+00	
 1.7152e+00	
 1.8459e+00	
 1.5767e+00	
 1.7343e+00	
 1.4301e+00	
 1.9125e+00	
 1.7871e+00	
 1.9689e+00	
 1.5561e+00	
 1.7206e+00	
 1.7245e+00	
 1.6732e+00	
 1.6535e+00	
 1.9024e+00	
 1.6314e+00	
 1.8649e+00	
 1.7968e+00	
 2.0542e+00	
 1.9652e+00	
 1.7686e+00	
 1.8429e+00	
 2.0574e+00	
 1.8962e+00	
 1.9034e+00	
 1.4881e+00	
 1.5767e+00	
 1.6530e+00	
 1.5615e+00	
 1.4196e+00	
 1.5732e+00	
 2.0840e+00	
 2.3239e+00	
 1.9394e+00	
 1.7914e+00	
 1.5307e+00	
 1.7706e+00	
 1.7807e+00	
 1.7586e+00	
 1.7949e+00	
 1.8781e+00	
 1.7270e+00	
 2.0615e+00	
 1.9301e+00	
 2.1634e+00	
 2.1535e+00	
 1.9342e+00	
 2.0473e+00	
 2.0595e+00	
 1.6706e+00	
 1.7355e+00	
 1.9268e+00	
 1.9761e+00	
 1.5630e+00	
 1.9615e+00	
 1.3650e+00	
 1.5975e+00	
 1.9439e+00	
 2.2594e+00	
 1.6616e+00	
 1.3848e+00	
 1.8256e+00	
 1.7046e+00	
 1.4447e+00	
 1.9423e+00	
 1.7017e+00	
 1.4622e+00	
 1.8415e+00	
 1.8131e+00	
 1.5289e+00	
 1.8441e+00	
 1.9516e+00	
 1.6745e+00	
 2.4688e+00	
 1.9821e+00	
 1.6646e+00	
 1.6028e+00	
 1.5194e+00	
 1.7779e+00	
 1.6320e+00	
 1.6700e+00	
 1.7440e+00	
 1.5655e+00	
 1.8423e+00	
 1.8854e+00	
 2.1485e+00	
 1.7329e+00	
 2.0319e+00	
 1.6289e+00	
 1.4164e+00	
 1.5516e+00	
 1.6317e+00	
 1.3558e+00	
 1.7843e+00	
 1.6464e+00	
 1.3649e+00	
 1.8601e+00	
 1.6509e+00	
 1.6720e+00	
 2.2573e+00	
 1.9932e+00	
 1.7756e+00	
 1.7089e+00	
 1.5362e+00	
 2.1322e+00	
 2.1650e+00	
 2.1221e+00	
 2.0137e+00	
 1.6832e+00	
 1.8361e+00	
 1.7395e+00	
 1.8814e+00	
 1.5807e+00	
 1.9848e+00	
 2.2622e+00	
 1.7448e+00	
 1.8694e+00	
 1.7650e+00	
 2.2244e+00	
 1.8738e+00	
 1.6935e+00	
 1.7706e+00	
 1.3773e+00	
 1.8812e+00	
 1.9037e+00	
 1.7833e+00	
 1.3272e+00	
 1.7987e+00	
 1.7572e+00	
 1.9879e+00	
 1.6706e+00	
 1.8546e+00	
 1.8464e+00	
 1.7243e+00	
 1.6914e+00	
 1.8566e+00	
 2.0621e+00	
 1.8990e+00	
 1.8283e+00	
 1.6464e+00	
 1.6787e+00	
 1.8893e+00	
 1.8631e+00	
 1.9230e+00	
 1.8943e+00	
 2.2314e+00	
 2.1846e+00	
 1.5330e+00	
 1.7899e+00	
 1.8282e+00	
 1.7254e+00	
 1.7092e+00	
 1.9286e+00	
 1.7684e+00	
 1.7222e+00	
 1.4909e+00	
 1.2849e+00	
 1.9570e+00	
 1.4993e+00	
 1.9794e+00	
 2.2209e+00	
 2.0020e+00	
 1.7352e+00	
 1.4289e+00	
 1.8252e+00	
 2.1326e+00	
 1.7638e+00	
 1.3453e+00	
 1.7588e+00	
 1.8020e+00	
 1.7195e+00	
 2.2544e+00	
 1.1988e+00	
 1.9561e+00	
 1.6052e+00	
 1.6128e+00	
 1.2651e+00	
 1.9359e+00	
 1.7866e+00	
 1.3907e+00	
 1.4356e+00	
 1.8474e+00	
 2.0907e+00	
 1.8060e+00	
 1.8410e+00	
 1.6287e+00	
 1.4540e+00	
 1.4973e+00	
 1.9298e+00	
 1.7395e+00	
 1.9157e+00	
 1.4382e+00	
 1.9882e+00	
 1.7408e+00	
 1.5968e+00	
 1.8212e+00	
 1.9519e+00	
 1.4606e+00	
 1.9837e+00	
 1.7960e+00	
 1.5784e+00	
 1.7238e+00	
 1.8320e+00	
 1.7058e+00	
 1.3989e+00	
 1.7196e+00	
 1.9701e+00	
 2.0032e+00	
 1.5388e+00	
 1.6106e+00	
 1.4172e+00	
 1.6674e+00	
 1.6936e+00	
 1.9054e+00	
 1.3591e+00	
 1.7049e+00	
 1.7663e+00	
 2.0252e+00	
 1.7452e+00	
 1.8991e+00	
 1.3662e+00	
 1.5574e+00	
 1.9435e+00	
 1.6023e+00	
 1.5757e+00	
 2.1787e+00	
 2.0329e+00	
 1.6805e+00	
 1.6741e+00	
 1.9784e+00	
 2.0700e+00	
 1.5042e+00	
 1.7647e+00	
 1.5929e+00	
 1.8653e+00	
 1.6463e+00	
 1.8523e+00	
 1.7268e+00	
 1.8728e+00	
 1.7030e+00	
 2.0929e+00	
 1.7927e+00	
 1.8320e+00	
 1.8636e+00	
 1.9647e+00	
 1.5441e+00	
 1.6458e+00	
 1.4121e+00	
 1.2605e+00	
 1.2131e+00	
 1.9886e+00	
 1.9760e+00	
 1.9181e+00	
 1.7297e+00	
 1.2530e+00	
 1.4127e+00	
 1.6138e+00	
 8.5906e-01	
 8.6754e-01	
 9.0494e-01	
 1.0037e+00	
 8.6926e-01	
 1.1125e+00	
 1.0159e+00	
 6.8336e-01	
 6.8656e-01	
 7.4607e-01	
 5.6584e-01	
 4.8008e-01	
 9.5233e-01	
 7.9137e-01	
 8.5193e-01	
 8.7647e-01	
 9.6492e-01	
 5.1928e-01	
 1.1279e+00	
 6.1040e-01	
 7.4599e-01	
 8.5458e-01	
 9.4840e-01	
 6.9922e-01	
 7.7819e-01	
 7.9443e-01	
 8.4615e-01	
 6.2140e-01	
 9.6518e-01	
 9.2577e-01	
 8.0993e-01	
 8.0890e-01	
 6.1075e-01	
 1.1023e+00	
 5.6257e-01	
 9.6689e-01	
 8.7156e-01	
 7.6573e-01	
 9.7815e-01	
 7.2651e-01	
 9.5735e-01	
 6.4379e-01	
 7.2288e-01	
 1.0086e+00	
 1.0186e+00	
 9.9083e-01	
 9.9158e-01	
 7.7466e-01	
 8.3119e-01	
 8.1068e-01	
 9.0740e-01	
 4.7448e-01	
 1.0257e+00	
 8.6408e-01	
 8.4399e-01	
 6.9027e-01	
 6.8989e-01	
 9.9375e-01	
 1.1165e+00	
 8.0725e-01	
 7.5767e-01	
 9.2575e-01	
 7.6865e-01	
 6.7925e-01	
 8.1034e-01	
 8.4297e-01	
 8.8795e-01	
 9.8424e-01	
 7.4729e-01	
 1.1964e+00	
 8.9736e-01	
 6.8060e-01	
 1.0302e+00	
 8.3194e-01	
 7.4606e-01	
 1.0327e+00	
 1.0368e+00	
 7.6029e-01	
 8.6630e-01	
 6.2292e-01	
 7.7450e-01	
 8.0988e-01	
 6.7363e-01	
 7.1309e-01	
 9.3789e-01	
 6.9472e-01	
 6.9677e-01	
 7.8909e-01	
 8.5260e-01	
 9.8586e-01	
 8.8881e-01	
 6.5048e-01	
 5.9961e-01	
 8.5125e-01	
 9.1496e-01	
 7.7722e-01	
 6.1613e-01	
 1.0392e+00	
 8.0763e-01	
 9.6221e-01	
 9.0425e-01	
 7.8448e-01	
 9.9683e-01	
 8.1249e-01	
 8.3447e-01	
 7.6129e-01	
 7.2418e-01	
 8.3764e-01	
 7.7663e-01	
 8.3623e-01	
 7.8420e-01	
 1.0752e+00	
 8.7581e-01	
 9.4841e-01	
 9.2110e-01	
 9.7900e-01	
 7.3686e-01	
 9.5092e-01	
 9.9807e-01	
 8.5401e-01	
 7.3837e-01	
 1.0902e+00	
 1.0106e+00	
 1.2002e+00	
 1.1291e+00	
 9.9527e-01	
 8.6522e-01	
 9.3838e-01	
 6.7053e-01	
 8.3401e-01	
 6.3581e-01	
 7.9500e-01	
 7.2815e-01	
 8.0581e-01	
 7.0451e-01	
 7.8048e-01	
 7.8821e-01	
 7.1225e-01	
 7.4905e-01	
 7.5065e-01	
 6.6211e-01	
 9.3431e-01	
 1.0780e+00	
 7.1331e-01	
 7.1303e-01	
 7.5141e-01	
 6.7708e-01	
 1.0277e+00	
 6.9539e-01	
 6.5414e-01	
 9.4430e-01	
 7.5350e-01	
 6.2055e-01	
 9.3944e-01	
 1.0846e+00	
 1.0063e+00	
 8.2500e-01	
 8.1286e-01	
 8.4271e-01	
 8.2752e-01	
 7.2211e-01	
 9.7140e-01	
 8.1639e-01	
 9.7987e-01	
 1.0127e+00	
 9.5802e-01	
 7.4085e-01	
 7.4019e-01	
 8.4229e-01	
 7.7188e-01	
 9.2130e-01	
 1.2222e+00	
 8.6002e-01	
 8.8233e-01	
 1.1414e+00	
 7.2925e-01	
 1.0844e+00	
 8.0084e-01	
 9.2987e-01	
 1.0519e+00	
 7.6648e-01	
 7.7447e-01	
 6.2538e-01	
 1.1412e+00	
 7.2148e-01	
 7.1557e-01	
 8.2169e-01	
 8.8731e-01	
 8.5757e-01	
 7.5965e-01	
 8.8108e-01	
 8.2675e-01	
 6.5257e-01	
 9.0816e-01	
 7.7963e-01	
 8.3555e-01	
 8.0511e-01	
 8.8140e-01	
 9.6501e-01	
 8.6058e-01	
 8.0702e-01	
 8.1976e-01	
 9.6952e-01	
 7.9797e-01	
 8.5221e-01	
 6.5861e-01	
 7.5887e-01	
 1.0779e+00	
 8.1605e-01	
 9.0305e-01	
 1.0351e+00	
 8.2974e-01	
 4.9752e-01	
 9.6704e-01	
 9.4459e-01	
 5.8151e-01	
 8.9938e-01	
 6.8756e-01	
 8.1198e-01	
 7.4670e-01	
 7.5473e-01	
 5.8866e-01	
 1.0298e+00	
 8.7578e-01	
 7.6131e-01	
 6.1009e-01	
 7.9709e-01	
 6.7215e-01	
 7.9481e-01	
 7.0715e-01	
 1.0479e+00	
 8.6215e-01	
 8.3101e-01	
 9.6522e-01	
 8.3689e-01	
 8.1309e-01	
 6.4550e-01	
 8.0565e-01	
 6.9760e-01	
 1.0463e+00	
 7.2677e-01	
 8.0139e-01	
 5.4722e-01	
 6.8167e-01	
 7.5397e-01	
 7.8583e-01	
 6.9102e-01	
 8.2657e-01	
 9.8331e-01	
 7.0570e-01	
 1.0700e+00	
 1.0628e+00	
 9.0459e-01	
 1.1253e+00	
 8.0308e-01	
 8.3605e-01	
 8.2876e-01	
 1.2126e+00	
 1.0235e+00	
 9.7066e-01	
 8.4632e-01	
 1.0466e+00	
 9.2430e-01	
 6.4222e-01	
 9.0431e-01	
 1.0252e+00	
 7.7717e-01	
 8.5789e-01	
 7.2753e-01	
 5.9977e-01	
 9.2789e-01	
 7.8789e-01	
 8.4135e-01	
 1.1456e+00	
 8.7849e-01	
 1.1393e+00	
 8.6653e-01	
 7.7989e-01	
 7.1414e-01	
 6.1290e-01	
 9.8144e-01	
 8.4774e-01	
 6.7350e-01	
 9.2549e-01	
 7.0384e-01	
 6.9174e-01	
 9.6311e-01	
 6.9301e-01	
 5.1148e-01	
 8.8446e-01	
 7.4561e-01	
 7.3022e-01	
 8.8088e-01	
 1.1398e+00	
 7.8050e-01	
 7.3274e-01	
 6.7122e-01	
 8.6178e-01	
 8.1344e-01	
 9.3756e-01	
 9.1605e-01	
 1.0810e+00	
 1.1706e+00	
 7.5638e-01	
 7.8405e-01	
 7.8439e-01	
 9.2576e-01	
 7.9283e-01	
 1.0992e+00	
 1.0797e+00	
 4.9956e-01	
 4.9547e-01	
 7.2386e-01	
 1.2246e+00	
 9.0282e-01	
 6.6540e-01	
 7.1929e-01	
 7.4118e-01	
 8.7525e-01	
 8.2456e-01	
 6.4038e-01	
 9.2321e-01	
 7.5441e-01	
 8.2901e-01	
 9.1537e-01	
 7.0320e-01	
 7.0359e-01	
 1.0825e+00	
 9.2288e-01	
 5.7884e-01	
 7.7700e-01	
 7.0563e-01	
 1.0556e+00	
 6.3039e-01	
 9.9274e-01	
 9.6664e-01	
 6.4779e-01	
 9.0628e-01	
 5.4562e-01	
 1.1331e+00	
 1.0776e+00	
 6.4220e-01	
 8.8661e-01	
 8.9772e-01	
 1.0517e+00	
 6.4389e-01	
 8.9066e-01	
 6.4726e-01	
 8.0740e-01	
 7.3354e-01	
 8.6942e-01	
 9.8139e-01	
 7.7055e-01	
 9.1930e-01	
 7.4402e-01	
 5.9663e-01	
 7.0680e-01	
 1.0134e+00	
 7.9326e-01	
 6.8155e-01	
 8.1970e-01	
 1.0786e+00	
 9.6675e-01	
 7.7238e-01	
 9.5721e-01	
 9.0201e-01	
 9.1481e-01	
 6.0610e-01	
 8.5806e-01	
 8.1415e-01	
 9.1569e-01	
 1.0298e+00	
 1.0684e+00	
 9.5987e-01	
 7.6563e-01	
 6.6186e-01	
 7.4848e-01	
 1.0902e+00	
 1.3327e+00	
 9.6387e-01	
 1.2003e+00	
 8.6619e-01	
 7.8015e-01	
 8.6833e-01	
 8.2103e-01	
 8.2234e-01	
 6.7800e-01	
 7.3557e-01	
 8.3746e-01	
 4.6592e-01	
 6.7181e-01	
 1.0247e+00	
 6.7715e-01	
 1.1189e+00	
 1.0895e+00	
 1.0691e+00	
 8.6975e-01	
 9.1719e-01	
 9.7909e-01	
 1.1698e+00	
 9.4324e-01	
 8.3735e-01	
 6.9749e-01	
 8.0822e-01	
 8.5573e-01	
 7.6158e-01	
 8.3414e-01	
 9.1296e-01	
 9.2157e-01	
 8.0095e-01	
 8.4244e-01	
 6.2074e-01	
 8.5380e-01	
 7.8352e-01	
 6.6221e-01	
 9.4395e-01	
 8.5500e-01	
 1.0144e+00	
 1.1391e+00	
 1.1096e+00	
 8.4907e-01	
 7.1819e-01	
 9.2495e-01	
 7.7215e-01	
 8.5103e-01	
 1.1812e+00	
 7.3329e-01	
 7.5405e-01	
 5.9357e-01	
 7.7808e-01	
 9.0951e-01	
 6.5593e-01	
 8.5232e-01	
 8.2615e-01	
 1.0656e+00	
 7.8636e-01	
 1.0880e+00	
 9.2441e-01	
 5.8096e-01	
 1.0237e+00	
 7.8167e-01	
 1.1324e+00	
 9.0553e-01	
 1.0940e+00	
 9.4803e-01	
 6.4601e-01	
 1.0532e+00	
 9.2058e-01	
 1.4103e+00	
 8.6776e-01	
 8.2261e-01	
 6.2408e-01	
 8.7868e-01	
 7.8872e-01	
 1.1038e+00	
 7.3358e-01	
 8.3550e-01	
 7.8229e-01	
 6.7505e-01	
 9.7120e-01	
 9.8151e-01	
 7.5932e-01	
 5.8087e-01	
 7.9971e-01	
 8.2223e-01	
 6.4644e-01	
 1.0732e+00	
 8.1518e-01	
 1.0403e+00	
 8.8051e-01	
 6.8391e-01	
 8.6475e-01	
 9.1459e-01	
 7.4860e-01	
 1.0269e+00	
 7.4301e-01	
 1.0769e+00	
 7.8351e-01	
 1.0247e+00	
 8.8670e-01	
 7.5848e-01	
 7.1237e-01	
 8.4546e-01	
 7.5619e-01	
 7.4880e-01	
 9.4784e-01	
 1.0737e+00	
 9.1968e-01	
 1.1829e+00	
 9.2420e-01	
 5.1441e-01	
 7.9870e-01	
 7.8522e-01	
 1.0540e+00	
 8.3376e-01	
 7.5620e-01	
 6.8411e-01	
 9.6309e-01	
 6.8638e-01	
 1.1052e+00	
 9.2501e-01	
 8.2993e-01	
 9.0976e-01	
 6.9536e-01	
 6.0170e-01	
 8.3594e-01	
 9.2177e-01	
 1.0339e+00	
 9.6499e-01	
 7.2164e-01	
 9.2604e-01	
 6.1426e-01	
 8.0285e-01	
 1.0126e+00	
 6.0277e-01	
 9.4671e-01	
 7.6556e-01	
 7.6738e-01	
 8.0886e-01	
 1.2410e+00	
 9.2577e-01	
 7.9429e-01	
 1.0245e+00	
 8.8479e-01	
 1.0960e+00	
 6.9788e-01	
 8.8464e-01	
 8.7277e-01	
 7.4217e-01	
 7.8831e-01	
 1.2895e+00	
 6.0431e-01	
 7.9471e-01	
 7.0829e-01	
 1.0745e+00	
 9.1102e-01	
 1.0593e+00	
 8.0996e-01	
 9.6206e-01	
 9.0377e-01	
 6.2415e-01	
 9.4016e-01	
 1.0574e+00	
 7.2706e-01	
 1.2584e+00	
 1.1316e+00	
 8.9280e-01	
 8.2114e-01	
 6.5036e-01	
 1.0798e+00	
 8.6247e-01	
 8.1821e-01	
 7.5410e-01	
 8.7341e-01	
 9.8817e-01	
 7.2323e-01	
 6.4589e-01	
 7.7413e-01	
 8.7135e-01	
 7.0798e-01	
 9.6601e-01	
 8.3339e-01	
 7.8086e-01	
 5.9476e-01	
 7.9513e-01	
 8.0779e-01	
 9.2139e-01	
 9.7376e-01	
 1.0525e+00	
 6.4384e-01	
 1.0084e+00	
 7.6341e-01	
 7.3298e-01	
 8.1598e-01	
 6.6887e-01	
 9.6763e-01	
 6.7088e-01	
 8.8927e-01	
 5.6435e-01	
 7.2175e-01	
 1.0438e+00	
 8.3609e-01	
 1.0052e+00	
 8.1897e-01	
 1.0884e+00	
 1.0545e+00	
 1.2972e+00	
 6.4113e-01	
 8.9053e-01	
 8.3066e-01	
 6.8170e-01	
 8.2344e-01	
 8.2286e-01	
 9.8818e-01	
 4.6699e-01	
 7.4441e-01	
 6.1603e-01	
 8.3839e-01	
 9.1890e-01	
 1.0125e+00	
 4.5771e-01	
 8.2633e-01	
 1.0349e+00	
 1.0556e+00	
 9.3682e-01	
 1.1403e+00	
 9.0652e-01	
 8.8968e-01	
 5.9059e-01	
 8.0897e-01	
 8.2072e-01	
 6.6675e-01	
 7.9613e-01	
 9.7128e-01	
 9.2629e-01	
 8.1269e-01	
 8.9963e-01	
 8.9879e-01	
 7.2909e-01	
 9.8306e-01	
 8.3146e-01	
 1.1231e+00	
 7.5145e-01	
 1.2850e+00	
 8.1386e-01	
 6.6764e-01	
 1.2390e+00	
 8.5171e-01	
 6.9314e-01	
 1.0328e+00	
 9.5781e-01	
 1.1409e+00	
 6.5977e-01	
 8.9180e-01	
 7.6155e-01	
 9.0827e-01	
 9.2928e-01	
 8.6336e-01	
 5.5873e-01	
 9.9943e-01	
 7.6166e-01	
 7.3593e-01	
 9.9271e-01	
 9.5051e-01	
 8.0829e-01	
 8.4748e-01	
 6.7453e-01	
 7.0128e-01	
 7.2241e-01	
 9.0306e-01	
 1.0441e+00	
 9.9132e-01	
 9.1327e-01	
 8.1438e-01	
 7.7901e-01	
 9.4714e-01	
 5.9756e-01	
 9.7719e-01	
 1.2342e+00	
 8.7826e-01	
 7.9071e-01	
 9.8898e-01	
 8.6316e-01	
 9.2769e-01	
 7.8961e-01	
 1.0828e+00	
 9.4213e-01	
 1.1502e+00	
 7.4273e-01	
 7.6406e-01	
 9.6876e-01	
 1.0552e+00	
 7.0806e-01	
 8.2837e-01	
 8.1506e-01	
 1.1202e+00	
 1.1512e+00	
 8.7815e-01	
 6.9365e-01	
 6.4130e-01	
 9.9951e-01	
 7.8646e-01	
 9.8890e-01	
 6.9436e-01	
 7.4792e-01	
 7.9963e-01	
 5.9237e-01	
 9.4376e-01	
 7.5957e-01	
 6.4515e-01	
 7.2666e-01	
 9.1506e-01	
 1.1353e+00	
 8.8872e-01	
 9.6180e-01	
 9.0044e-01	
 8.1261e-01	
 8.9528e-01	
 7.9692e-01	
 8.0267e-01	
 1.2384e+00	
 8.3132e-01	
 7.0745e-01	
 9.4829e-01	
 1.0005e+00	
 7.9271e-01	
 8.1386e-01	
 1.2054e+00	
 1.1950e+00	
 1.0500e+00	
 1.2285e+00	
 1.1069e+00	
 1.1100e+00	
 1.0504e+00	
 9.7661e-01	
 9.7247e-01	
 7.4832e-01	
 9.3889e-01	
 1.0169e+00	
 8.1742e-01	
 1.2123e+00	
 1.0403e+00	
 8.5029e-01	
 9.0551e-01	
 1.0690e+00	
 1.2160e+00	
 7.1452e-01	
 7.3528e-01	
 7.1531e-01	
 1.0152e+00	
 8.8021e-01	
 9.1349e-01	
 7.5187e-01	
 8.4572e-01	
 1.4988e+00	
 1.0950e+00	
 1.3238e+00	
 1.1388e+00	
 6.9962e-01	
 8.2523e-01	
 9.3688e-01	
 6.7228e-01	
 8.0085e-01	
 9.5172e-01	
 8.2307e-01	
 9.6318e-01	
 5.1959e-01	
 8.5481e-01	
 8.6229e-01	
 8.2210e-01	
 8.3033e-01	
 6.1325e-01	
 8.8889e-01	
 9.0584e-01	
 1.5050e+00	
 8.6739e-01	
 8.0412e-01	
 6.3455e-01	
 9.7825e-01	
 7.9384e-01	
 7.6892e-01	
 1.0499e+00	
 8.2781e-01	
 9.9330e-01	
 1.1858e+00	
 8.1547e-01	
 9.8436e-01	
 1.1531e+00	
 7.2277e-01	
 9.0757e-01	
 1.2953e+00	
 9.2601e-01	
 1.1085e+00	
 9.7890e-01	
 8.2065e-01	
 9.9168e-01	
 1.1318e+00	
 1.1544e+00	
 8.2213e-01	
 7.6138e-01	
 8.3745e-01	
 8.3685e-01	
 8.1489e-01	
 1.0474e+00	
 6.8492e-01	
 1.0282e+00	
 7.6042e-01	
 1.1025e+00	
 9.1327e-01	
 1.3209e+00	
 8.1906e-01	
 8.4732e-01	
 8.7291e-01	
 1.2274e+00	
 7.8979e-01	
 9.2846e-01	
 1.2277e+00	
 1.2641e+00	
 9.6642e-01	
 9.1036e-01	
 1.1053e+00	
 9.1784e-01	
 7.8350e-01	
 1.2625e+00	
 8.4524e-01	
 9.7753e-01	
 9.2159e-01	
 1.0093e+00	
 8.7652e-01	
 7.2064e-01	
 8.6983e-01	
 8.2658e-01	
 9.2157e-01	
 1.2024e+00	
 7.6759e-01	
 9.5419e-01	
 8.4046e-01	
 1.0734e+00	
 7.1865e-01	
 8.7154e-01	
 9.9169e-01	
 9.1924e-01	
 8.2786e-01	
 4.5326e-01	
 1.1652e+00	
 7.5171e-01	
 1.2653e+00	
 7.4971e-01	
 7.3638e-01	
 7.6299e-01	
 6.2721e-01	
 7.7553e-01	
 8.0482e-01	
 7.9511e-01	
 1.1067e+00	
 8.6119e-01	
 1.1015e+00	
 8.3209e-01	
 9.4672e-01	
 8.9334e-01	
 8.5438e-01	
 8.9599e-01	
 9.3579e-01	
 8.1435e-01	
 6.9956e-01	
 8.6236e-01	
 1.0003e+00	
 9.3562e-01	
 8.1969e-01	
 7.2418e-01	
 8.8125e-01	
 7.9660e-01	
 8.8724e-01	
 1.1468e+00	
 5.6845e-01	
 1.0662e+00	
 7.2138e-01	
 9.7553e-01	
 8.5186e-01	
 1.0450e+00	
 8.7075e-01	
 1.1249e+00	
 1.1817e+00	
 9.6171e-01	
 7.7062e-01	
 6.4576e-01	
 9.8647e-01	
 1.0219e+00	
 9.0488e-01	
 9.2540e-01	
 8.0757e-01	
 9.8119e-01	
 7.9508e-01	
 8.3772e-01	
 7.2026e-01	
 1.0162e+00	
 9.4145e-01	
 9.7668e-01	
 7.1544e-01	
 7.9654e-01	
 7.7160e-01	
 6.9140e-01	
 1.1502e+00	
 1.1464e+00	
 8.0970e-01	
 9.8478e-01	
 9.9450e-01	
 1.0459e+00	
 5.7284e-01	
 9.3795e-01	
 1.1366e+00	
 9.9043e-01	
 7.7947e-01	
 1.1000e+00	
 6.6281e-01	
 8.3124e-01	
 7.8323e-01	
 1.0085e+00	
 9.5495e-01	
 9.4145e-01	
 7.4708e-01	
 4.9321e-01	
 8.4749e-01	
 8.3885e-01	
 6.6750e-01	
 1.1119e+00	
 9.5678e-01	
 7.6752e-01	
 1.0873e+00	
 7.3638e-01	
 1.0029e+00	
 8.0413e-01	
 7.6672e-01	
 7.7345e-01	
 9.2075e-01	
 1.1277e+00	
 1.2385e+00	
 9.4488e-01	
 9.0686e-01	
 8.5008e-01	
 8.9694e-01	
 9.5569e-01	
 6.4145e-01	
 8.8633e-01	
 8.9936e-01	
 7.2458e-01	
 1.1300e+00	
 1.0663e+00	
 9.8291e-01	
 9.1765e-01	
 1.0080e+00	
 9.2253e-01	
 1.0375e+00	
 7.1635e-01	
 6.3404e-01	
 9.9181e-01	
 1.0130e+00	
 1.0361e+00	
 7.7802e-01	
 1.1337e+00	
 1.0802e+00	
 1.2076e+00	
 9.4413e-01	
 8.4566e-01	
 1.2657e+00	
 8.4406e-01	
 1.0803e+00	
 1.1891e+00	
 1.0711e+00	
 9.7899e-01	
 8.9447e-01	
 9.7834e-01	
 6.6834e-01	
 7.9521e-01	
 7.9757e-01	
 9.4378e-01	
 1.0010e+00	
 7.5655e-01	
 1.0026e+00	
 1.1480e+00	
 7.3058e-01	
 9.9194e-01	
 7.4469e-01	
 6.0622e-01	
 6.7853e-01	
 6.7821e-01	
 1.0275e+00	
 1.1085e+00	
 1.0621e+00	
 8.7970e-01	
 1.0219e+00	
 7.0027e-01	
 1.1187e+00	
 9.1570e-01	
 1.0510e+00	
 9.6280e-01	
 7.1416e-01	
 1.0348e+00	
 1.0390e+00	
 1.3356e+00	
 9.4693e-01	
 9.9916e-01	
 6.0641e-01	
 7.8026e-01	
 1.0064e+00	
 4.9442e-01	
 8.5383e-01	
 6.1228e-01	
 7.8360e-01	
 1.0868e+00	
 9.3954e-01	
 1.0805e+00	
 6.9509e-01	
 6.8605e-01	
 1.0150e+00	
 8.8147e-01	
 7.9966e-01	
 7.9112e-01	
 7.0699e-01	
 8.5312e-01	
 8.4578e-01	
 9.8122e-01	
 6.9578e-01	
 1.2365e+00	
 7.1573e-01	
 7.1356e-01	
 9.9096e-01	
 8.1756e-01	
 1.1180e+00	
 7.7650e-01	
 1.0676e+00	
 8.4742e-01	
 9.4099e-01	
 1.2960e+00	
 7.5008e-01	
 1.0375e+00	
 1.2193e+00	
 7.9077e-01	
 1.0803e+00	
 7.1814e-01	
 8.3957e-01	
 8.4740e-01	
 7.3103e-01	
 6.3796e-01	
 6.9655e-01	
 1.1118e+00	
 1.0298e+00	
 8.5225e-01	
 9.4762e-01	
 9.0775e-01	
 6.8548e-01	
 1.0464e+00	
 1.0349e+00	
 9.3535e-01	
 8.1119e-01	
 6.8505e-01	
 1.0838e+00	
 7.2839e-01	
 1.0590e+00	
 6.2215e-01	
 8.2229e-01	
 1.0096e+00	
 8.8547e-01	
 7.5060e-01	
 9.2908e-01	
 9.1979e-01	
 1.0926e+00	
 8.7469e-01	
 8.1814e-01	
 7.3614e-01	
 7.7634e-01	
 9.1640e-01	
 9.6416e-01	
 6.7714e-01	
 8.4044e-01	
 8.0743e-01	
 1.0013e+00	
 9.9912e-01	
 8.3121e-01	
 7.4988e-01	
 1.1637e+00	
 1.0646e+00	
 5.0091e-01	
 7.7170e-01	
 9.9143e-01	
 1.0030e+00	
 9.8641e-01	
 7.3753e-01	
 6.4950e-01	
 7.2441e-01	
 8.9762e-01	
 9.0284e-01	
 1.2187e+00	
 5.4054e-01	
 1.1110e+00	
 1.1476e+00	
 7.6325e-01	
 1.0070e+00	
 1.0211e+00	
 8.3558e-01	
 9.2731e-01	
 1.0347e+00	
 8.8491e-01	
 8.4288e-01	
 8.7815e-01	
 7.5207e-01	
 7.3010e-01	
 1.0369e+00	
 8.2689e-01	
 1.1132e+00	
 7.4521e-01	
 1.0840e+00	
 8.3540e-01	
 1.0687e+00	
 7.9778e-01	
 8.6137e-01	
 9.5797e-01	
 1.0347e+00	
 1.2520e+00	
 8.5891e-01	
 8.8474e-01	
 9.8510e-01	
 8.3334e-01	
 5.2573e-01	
 1.2777e+00	
 1.2830e+00	
 8.8905e-01	
 9.2414e-01	
 9.2149e-01	
 8.8078e-01	
 1.0160e+00	
 7.7963e-01	
 8.3605e-01	
 9.4497e-01	
 7.9958e-01	
 1.0982e+00	
 1.0371e+00	
 1.2424e+00	
 9.2031e-01	
 9.1280e-01	
 7.2499e-01	
 9.5900e-01	
 5.8548e-01	
 9.4715e-01	
 1.1633e+00	
 9.2408e-01	
 5.2644e-01	
 7.5295e-01	
 7.6076e-01	
 8.2429e-01	
 9.9496e-01	
 8.0435e-01	
 1.0420e+00	
 6.5862e-01	
 7.6269e-01	
 1.1658e+00	
 1.2258e+00	
 9.4741e-01	
 7.6307e-01	
 9.7055e-01	
 7.4606e-01	
 8.8496e-01	
 7.2512e-01	
 9.8135e-01	
 4.2869e-01	
 1.3439e+00	
 7.0878e-01	
 1.2880e+00	
 9.3835e-01	
 9.2957e-01	
 9.4826e-01	
 9.0663e-01	
 1.0376e+00	
 8.6932e-01	
 8.5145e-01	
 1.0386e+00	
 6.9478e-01	
 1.1238e+00	
 8.4000e-01	
 8.6238e-01	
 6.0667e-01	
 7.9942e-01	
 1.4022e+00	
 1.2169e+00	
 8.8469e-01	
 9.3304e-01	
 8.7231e-01	
 8.2207e-01	
 1.0669e+00	
 1.0373e+00	
 9.0317e-01	
 1.1663e+00	
 8.4174e-01	
 9.4521e-01	
 9.5558e-01	
 9.1896e-01	
 7.8935e-01	
 7.0744e-01	
 8.4200e-01	
 6.8203e-01	
 8.6922e-01	
 7.5582e-01	
 1.0847e+00	
 8.9231e-01	
 6.7350e-01	
 1.1254e+00	
 1.0401e+00	
 7.9982e-01	
 6.3468e-01	
 1.2893e+00	
 8.7805e-01	
 1.0457e+00	
 1.2505e+00	
 6.2331e-01	
 8.9638e-01	
 7.1926e-01	
 1.2314e+00	
 9.2435e-01	
 6.6638e-01	
 7.2185e-01	
 9.3649e-01	
 1.2184e+00	
 7.3134e-01	
 9.1799e-01	
 9.6580e-01	
 6.4978e-01	
 5.4359e-01	
 4.5246e-01	
 3.3689e-01	
 3.8139e-01	
 4.2479e-01	
 4.2110e-01	
 3.0282e-01	
 3.0269e-01	
 3.9513e-01	
 4.8896e-01	
 4.5823e-01	
 2.5461e-01	
 2.8246e-01	
 4.8232e-01	
 2.3550e-01	
 2.2406e-01	
 3.1898e-01	
 4.1500e-01	
 4.2388e-01	
 4.1764e-01	
 4.7522e-01	
 3.5455e-01	
 3.3604e-01	
 3.0876e-01	
 4.8043e-01	
 3.6391e-01	
 2.3454e-01	
 3.1081e-01	
 3.3995e-01	
 4.3993e-01	
 3.7732e-01	
 2.4539e-01	
 3.9037e-01	
 7.8351e-01	
 4.6516e-01	
 3.7378e-01	
 3.6080e-01	
 5.3627e-01	
 2.8780e-01	
 2.7622e-01	
 5.7394e-01	
 2.2920e-01	
 2.3577e-01	
 3.8332e-01	
 2.4995e-01	
 4.7303e-01	
 2.8997e-01	
 3.1755e-01	
 2.9660e-01	
 2.0066e-01	
 1.7154e-01	
 4.4034e-01	
 4.8445e-01	
 3.2374e-01	
 2.8371e-01	
 3.0120e-01	
 3.5741e-01	
 5.7233e-01	
 3.5600e-01	
 5.3878e-01	
 2.3414e-01	
 3.0347e-01	
 2.7229e-01	
 5.7148e-01	
 2.4314e-01	
 1.8455e-01	
 2.2785e-01	
 3.4773e-01	
 2.5510e-01	
 2.5257e-01	
 3.4044e-01	
 2.2055e-01	
 2.2317e-01	
 2.7397e-01	
 2.6045e-01	
 3.8986e-01	
 3.9462e-01	
 3.8800e-01	
 3.8568e-01	
 2.1525e-01	
 2.6543e-01	
 2.5377e-01	
 3.9036e-01	
 4.2460e-01	
 2.6544e-01	
 2.2800e-01	
 2.4568e-01	
 2.3482e-01	
 4.1084e-01	
 3.3611e-01	
 3.2008e-01	
 3.5486e-01	
 2.8341e-01	
 3.5648e-01	
 2.5489e-01	
 2.4213e-01	
 3.9103e-01	
 3.2734e-01	
 4.3240e-01	
 2.5184e-01	
 2.4683e-01	
 3.7719e-01	
 4.0949e-01	
 4.6540e-01	
 2.2460e-01	
 2.0739e-01	
 3.3829e-01	
 4.8176e-01	
 2.5984e-01	
 5.3729e-01	
 4.1043e-01	
 2.9945e-01	
 3.3483e-01	
 5.8419e-01	
 5.4451e-01	
 3.8902e-01	
 2.9235e-01	
 3.7156e-01	
 4.0468e-01	
 3.4208e-01	
 3.5576e-01	
 1.5207e-01	
 1.7226e-01	
 2.4812e-01	
 2.1267e-01	
 3.6564e-01	
 4.3521e-01	
 3.7186e-01	
 4.1126e-01	
 1.8201e-01	
 2.5846e-01	
 3.8491e-01	
 4.2248e-01	
 2.1158e-01	
 2.7243e-01	
 1.4886e-01	
 3.7567e-01	
 2.3273e-01	
 6.7432e-01	
 3.4604e-01	
 7.5089e-01	
 4.5445e-01	
 3.5838e-01	
 4.4212e-01	
 2.2138e-01	
